2017-08-22 22:26:54,984 INFO     BEGIN
2017-08-22 22:26:54,984 INFO     struct {
    trainer:
        improvement_threshold: 0.8
        use_curriculum: True
        name: 'CurriculumTrainer'
        max_timesteps: 100
        hints: 'resources/light/hints.yaml'
    name: 'light_modular__4'
    recipes: 'resources/light/recipes.yaml'
    world:
        name: 'LightWorld'
    model:
        use_args: False
        seed: 4
        name: 'ModularACModel'
        max_subtask_timesteps: 15
        baseline: 'state'
    experiment_dir: 'experiments/light_modular__4'
}
2017-08-22 22:27:24,510 INFO     [max steps] 1
2017-08-22 22:27:24,510 INFO     [min reward] inf
2017-08-22 22:27:24,510 INFO     
2017-08-22 22:27:41,017 INFO     [max steps] 2
2017-08-22 22:31:35,566 INFO     [step] 50000
2017-08-22 22:31:35,566 INFO     [task] go[LL] 0.2 9.82704402516e-05
2017-08-22 22:31:35,567 INFO     [task] go[LD] 0.2 0.0
2017-08-22 22:31:35,567 INFO     [task] go[UL] 0.2 9.80199960792e-05
2017-08-22 22:31:35,567 INFO     [task] go[RD] 0.2 0.0
2017-08-22 22:31:35,567 INFO     [task] go[UR] 0.2 0.0
2017-08-22 22:31:35,567 INFO     
2017-08-22 22:31:35,567 INFO     [rollout0] [0, 0, 2, 2, 0, 3, 0, 0, 0, 0, 4, 1, 3, 4, 6, 4, 2, 3, 4, 0, 3, 1, 0, 2, 1, 4, 0, 4, 0, 6]
2017-08-22 22:31:35,567 INFO     [rollout1] [3, 0, 0, 3, 2, 3, 3, 3, 3, 3, 3, 3, 3, 3, 6, 0, 0, 2, 1, 1, 3, 1, 4, 0, 2, 2, 4, 1, 3, 6]
2017-08-22 22:31:35,567 INFO     [rollout2] [3, 3, 1, 1, 1, 4, 4, 0, 1, 1, 3, 4, 1, 0, 6, 1, 1, 0, 0, 1, 0, 4, 3, 1, 4, 3, 0, 1, 3, 6]
2017-08-22 22:31:35,567 INFO     [reward] 4e-05
2017-08-22 22:31:35,567 INFO     [error] [ -1.65798393e-05   2.99786556e-05]
2017-08-22 22:31:35,567 INFO     
2017-08-22 22:31:35,567 INFO     [min reward] 0.0
2017-08-22 22:31:35,567 INFO     
2017-08-22 22:31:35,568 INFO     [max steps] 2
2017-08-22 22:35:25,888 INFO     [step] 100000
2017-08-22 22:35:25,888 INFO     [task] go[LL] 0.199988313931 0.0673606245621
2017-08-22 22:35:25,888 INFO     [task] go[LD] 0.200007774181 0.0384769539078
2017-08-22 22:35:25,888 INFO     [task] go[UL] 0.199988363526 0.000100270730974
2017-08-22 22:35:25,888 INFO     [task] go[RD] 0.200007774181 0.021176234444
2017-08-22 22:35:25,889 INFO     [task] go[UR] 0.200007774181 0.00188267934998
2017-08-22 22:35:25,889 INFO     
2017-08-22 22:35:25,889 INFO     [rollout0] [2, 2, 2, 2, 2, 2, 2, 2, 2, 1, 2, 2, 1, 2, 6, 2, 2, 2, 0, 1, 1, 3, 1, 2, 2, 2, 4, 2, 3, 6]
2017-08-22 22:35:25,889 INFO     [rollout1] [4, 2, 2, 2, 2, 1, 4, 1, 2, 2, 2, 2, 2, 2, 6, 1, 1, 1, 3, 1, 1, 1, 1, 1, 1, 1, 3, 1, 1, 6]
2017-08-22 22:35:25,889 INFO     [rollout2] [3, 4, 5, 3, 4, 2, 0, 4, 1, 4, 0, 1, 2, 4, 2, 2, 4, 6]
2017-08-22 22:35:25,889 INFO     [reward] 0.02576
2017-08-22 22:35:25,889 INFO     [error] [ -4.07941338e-06   2.54861619e-05]
2017-08-22 22:35:25,889 INFO     
2017-08-22 22:35:25,889 INFO     [min reward] 0.000100270730974
2017-08-22 22:35:25,889 INFO     
2017-08-22 22:35:25,889 INFO     [max steps] 2
2017-08-22 22:41:23,885 INFO     [step] 186800
2017-08-22 22:41:23,885 INFO     [task] go[LL] 0.19155430916 0.432782302176
2017-08-22 22:41:23,885 INFO     [task] go[LD] 0.197423777084 0.255385890152
2017-08-22 22:41:23,885 INFO     [task] go[UL] 0.205222325739 0.162247014633
2017-08-22 22:41:23,885 INFO     [task] go[RD] 0.200939466595 0.227234186875
2017-08-22 22:41:23,885 INFO     [task] go[UR] 0.204860121422 0.231782167169
2017-08-22 22:41:23,886 INFO     
2017-08-22 22:41:23,886 INFO     [rollout0] [0, 0, 0, 0, 0, 0, 5, 2, 2, 2, 2, 5]
2017-08-22 22:41:23,886 INFO     [rollout1] [2, 1, 1, 4, 4, 0, 0, 2, 2, 2, 2, 2, 4, 5, 1, 3, 1, 1, 1, 1, 1, 2, 1, 1, 5]
2017-08-22 22:41:23,886 INFO     [rollout2] [2, 2, 2, 2, 2, 2, 2, 2, 2, 2, 5, 5]
2017-08-22 22:41:23,886 INFO     [reward] 0.259262672811
2017-08-22 22:41:23,886 INFO     [error] [ -9.90057802e-05   1.15376839e-04]
2017-08-22 22:41:23,886 INFO     
2017-08-22 22:41:23,886 INFO     [min reward] 0.162247014633
2017-08-22 22:41:23,886 INFO     
2017-08-22 22:41:23,886 INFO     [max steps] 2
2017-08-22 22:48:06,870 INFO     [step] 286800
2017-08-22 22:48:06,870 INFO     [task] go[LL] 0.154312828983 0.878462913315
2017-08-22 22:48:06,870 INFO     [task] go[LD] 0.201737816633 0.63642690262
2017-08-22 22:48:06,870 INFO     [task] go[UL] 0.22663747481 0.388013592833
2017-08-22 22:48:06,870 INFO     [task] go[RD] 0.209263866145 0.479647702928
2017-08-22 22:48:06,870 INFO     [task] go[UR] 0.20804801343 0.39531941809
2017-08-22 22:48:06,870 INFO     
2017-08-22 22:48:06,871 INFO     [rollout0] [0, 0, 0, 0, 0, 0, 5, 3, 3, 3, 3, 3, 4, 0, 1, 0, 4, 1, 3, 3, 3, 6]
2017-08-22 22:48:06,871 INFO     [rollout1] [4, 3, 3, 4, 3, 4, 1, 4, 0, 0, 0, 0, 0, 0, 6, 0, 0, 0, 0, 0, 0, 2, 2, 0, 0, 0, 0, 0, 4, 6]
2017-08-22 22:48:06,871 INFO     [rollout2] [2, 2, 2, 2, 2, 2, 5, 1, 1, 1, 1, 5]
2017-08-22 22:48:06,871 INFO     [reward] 0.53557
2017-08-22 22:48:06,871 INFO     [error] [ -4.13786947e-05   1.20330622e-04]
2017-08-22 22:48:06,871 INFO     
2017-08-22 22:48:06,871 INFO     [min reward] 0.388013592833
2017-08-22 22:48:06,871 INFO     
2017-08-22 22:48:06,871 INFO     [max steps] 2
2017-08-22 22:54:50,060 INFO     [step] 386800
2017-08-22 22:54:50,060 INFO     [task] go[LL] 0.0578915455342 0.911141490089
2017-08-22 22:54:50,060 INFO     [task] go[LD] 0.164415409543 0.707574938427
2017-08-22 22:54:50,061 INFO     [task] go[UL] 0.27374602342 0.552610382954
2017-08-22 22:54:50,061 INFO     [task] go[RD] 0.233416406954 0.638043385064
2017-08-22 22:54:50,061 INFO     [task] go[UR] 0.270530614548 0.544953650274
2017-08-22 22:54:50,061 INFO     
2017-08-22 22:54:50,061 INFO     [rollout0] [0, 0, 0, 0, 0, 0, 5, 3, 3, 3, 3, 3, 3, 5]
2017-08-22 22:54:50,061 INFO     [rollout1] [3, 4, 2, 3, 4, 3, 4, 0, 2, 2, 0, 0, 0, 0, 6, 0, 3, 3, 3, 3, 5]
2017-08-22 22:54:50,061 INFO     [rollout2] [0, 0, 0, 2, 0, 4, 5, 0, 2, 4, 3, 0, 3, 3, 3, 0, 3, 5]
2017-08-22 22:54:50,061 INFO     [reward] 0.61726
2017-08-22 22:54:50,061 INFO     [error] [ -3.24112482e-05   1.28846083e-04]
2017-08-22 22:54:50,061 INFO     
2017-08-22 22:54:50,061 INFO     [min reward] 0.544953650274
2017-08-22 22:54:50,061 INFO     
2017-08-22 22:54:50,061 INFO     [max steps] 2
2017-08-22 23:01:26,451 INFO     [step] 486800
2017-08-22 23:01:26,452 INFO     [task] go[LL] 0.05830034805 0.923513234789
2017-08-22 23:01:26,452 INFO     [task] go[LD] 0.178350719271 0.756407374101
2017-08-22 23:01:26,452 INFO     [task] go[UL] 0.269738780123 0.801664870489
2017-08-22 23:01:26,452 INFO     [task] go[RD] 0.219355927272 0.666848990382
2017-08-22 23:01:26,452 INFO     [task] go[UR] 0.274254225284 0.73008496115
2017-08-22 23:01:26,452 INFO     
2017-08-22 23:01:26,452 INFO     [rollout0] [2, 2, 2, 2, 2, 2, 4, 5, 1, 1, 1, 5]
2017-08-22 23:01:26,452 INFO     [rollout1] [0, 0, 0, 0, 5, 3, 3, 4, 2, 2, 0, 0, 2, 2, 2, 2, 2, 2, 5]
2017-08-22 23:01:26,452 INFO     [rollout2] [1, 4, 1, 4, 0, 0, 2, 2, 2, 2, 1, 1, 4, 0, 6, 5]
2017-08-22 23:01:26,452 INFO     [reward] 0.75141
2017-08-22 23:01:26,452 INFO     [error] [ -8.39246178e-06   1.14005352e-04]
2017-08-22 23:01:26,453 INFO     
2017-08-22 23:01:26,453 INFO     [min reward] 0.666848990382
2017-08-22 23:01:26,453 INFO     
2017-08-22 23:01:26,453 INFO     [max steps] 2
2017-08-22 23:08:01,862 INFO     [step] 586800
2017-08-22 23:08:01,862 INFO     [task] go[LL] 0.0738268883783 0.932687129779
2017-08-22 23:08:01,862 INFO     [task] go[LD] 0.216471901106 0.795058747039
2017-08-22 23:08:01,862 INFO     [task] go[UL] 0.177839167809 0.830493273543
2017-08-22 23:08:01,862 INFO     [task] go[RD] 0.292920786458 0.729667694416
2017-08-22 23:08:01,862 INFO     [task] go[UR] 0.238941256249 0.769877962431
2017-08-22 23:08:01,862 INFO     
2017-08-22 23:08:01,862 INFO     [rollout0] [2, 2, 2, 2, 2, 2, 5, 1, 1, 1, 5]
2017-08-22 23:08:01,862 INFO     [rollout1] [0, 0, 0, 0, 5, 0, 0, 0, 2, 4, 1, 2, 2, 2, 2, 2, 5]
2017-08-22 23:08:01,862 INFO     [rollout2] [2, 2, 2, 2, 2, 2, 2, 1, 1, 4, 5, 3, 1, 5]
2017-08-22 23:08:01,862 INFO     [reward] 0.78647
2017-08-22 23:08:01,862 INFO     [error] [ -3.66286806e-05   1.04380882e-04]
2017-08-22 23:08:01,863 INFO     
2017-08-22 23:08:01,863 INFO     [min reward] 0.729667694416
2017-08-22 23:08:01,863 INFO     
2017-08-22 23:08:01,863 INFO     [max steps] 2
2017-08-22 23:14:33,069 INFO     [step] 686800
2017-08-22 23:14:33,070 INFO     [task] go[LL] 0.0779194581805 0.933394399372
2017-08-22 23:14:33,070 INFO     [task] go[LD] 0.21662765751 0.817874037659
2017-08-22 23:14:33,070 INFO     [task] go[UL] 0.180915115755 0.845769209401
2017-08-22 23:14:33,070 INFO     [task] go[RD] 0.282531760873 0.760157319942
2017-08-22 23:14:33,070 INFO     [task] go[UR] 0.242006007682 0.807853618421
2017-08-22 23:14:33,070 INFO     
2017-08-22 23:14:33,070 INFO     [rollout0] [1, 1, 4, 0, 0, 2, 2, 2, 2, 4, 2, 2, 5, 1, 1, 1, 5]
2017-08-22 23:14:33,070 INFO     [rollout1] [1, 4, 0, 0, 0, 0, 0, 0, 4, 0, 5, 3, 3, 3, 3, 1, 3, 4, 4, 4, 4, 4, 4, 4, 4, 6]
2017-08-22 23:14:33,070 INFO     [rollout2] [2, 0, 4, 0, 0, 0, 3, 0, 0, 0, 0, 5, 3, 3, 3, 3, 5]
2017-08-22 23:14:33,070 INFO     [reward] 0.81285
2017-08-22 23:14:33,070 INFO     [error] [ -6.15097098e-05   1.29952605e-04]
2017-08-22 23:14:33,070 INFO     
2017-08-22 23:14:33,070 INFO     [min reward] 0.760157319942
2017-08-22 23:14:33,070 INFO     
2017-08-22 23:14:33,071 INFO     [max steps] 2
2017-08-22 23:21:04,514 INFO     [step] 786800
2017-08-22 23:21:04,514 INFO     [task] go[LL] 0.0865647529479 0.928747795414
2017-08-22 23:21:04,515 INFO     [task] go[LD] 0.21710340143 0.82541137645
2017-08-22 23:21:04,515 INFO     [task] go[UL] 0.18558170288 0.85581270183
2017-08-22 23:21:04,515 INFO     [task] go[RD] 0.282323612082 0.781485853275
2017-08-22 23:21:04,515 INFO     [task] go[UR] 0.228426530661 0.820578194546
2017-08-22 23:21:04,515 INFO     
2017-08-22 23:21:04,515 INFO     [rollout0] [1, 4, 0, 3, 3, 3, 3, 5, 3, 3, 0, 3, 4, 1, 2, 1, 1, 1, 5]
2017-08-22 23:21:04,515 INFO     [rollout1] [1, 1, 4, 0, 0, 2, 2, 2, 2, 2, 2, 2, 2, 2, 6, 2, 5]
2017-08-22 23:21:04,515 INFO     [rollout2] [3, 4, 2, 2, 2, 2, 2, 2, 2, 2, 2, 2, 2, 1, 6, 2, 2, 2, 4, 5]
2017-08-22 23:21:04,515 INFO     [reward] 0.82645
2017-08-22 23:21:04,515 INFO     [error] [ -3.04171901e-05   1.10696406e-04]
2017-08-22 23:21:04,515 INFO     
2017-08-22 23:21:04,515 INFO     [min reward] 0.781485853275
2017-08-22 23:21:04,516 INFO     
2017-08-22 23:21:04,516 INFO     [max steps] 2
2017-08-22 23:27:34,107 INFO     [step] 886800
2017-08-22 23:27:34,107 INFO     [task] go[LL] 0.0969638277722 0.932556460761
2017-08-22 23:27:34,107 INFO     [task] go[LD] 0.220282263035 0.828588320902
2017-08-22 23:27:34,108 INFO     [task] go[UL] 0.184002276624 0.860489130435
2017-08-22 23:27:34,108 INFO     [task] go[RD] 0.272701602124 0.795921366893
2017-08-22 23:27:34,108 INFO     [task] go[UR] 0.226050030445 0.826960352423
2017-08-22 23:27:34,108 INFO     
2017-08-22 23:27:34,108 INFO     [rollout0] [0, 0, 0, 0, 0, 0, 5, 3, 3, 3, 3, 5]
2017-08-22 23:27:34,108 INFO     [rollout1] [0, 0, 0, 0, 0, 0, 5, 3, 3, 3, 3, 5]
2017-08-22 23:27:34,108 INFO     [rollout2] [4, 0, 0, 0, 0, 0, 0, 5, 3, 3, 3, 3, 5]
2017-08-22 23:27:34,108 INFO     [reward] 0.83528
2017-08-22 23:27:34,108 INFO     [error] [ -2.07896179e-05   1.05369496e-04]
2017-08-22 23:27:34,108 INFO     
2017-08-22 23:27:34,108 INFO     [min reward] 0.795921366893
2017-08-22 23:27:34,108 INFO     
2017-08-22 23:27:34,108 INFO     [max steps] 2
2017-08-22 23:34:03,773 INFO     [step] 986800
2017-08-22 23:34:03,774 INFO     [task] go[LL] 0.0961453036946 0.932933879954
2017-08-22 23:34:03,774 INFO     [task] go[LD] 0.225220607839 0.841189749037
2017-08-22 23:34:03,774 INFO     [task] go[UL] 0.185616103051 0.86301741442
2017-08-22 23:34:03,774 INFO     [task] go[RD] 0.265776272583 0.805794920038
2017-08-22 23:34:03,774 INFO     [task] go[UR] 0.227241712832 0.842436424015
2017-08-22 23:34:03,774 INFO     
2017-08-22 23:34:03,774 INFO     [rollout0] [0, 4, 1, 2, 2, 2, 2, 2, 2, 2, 2, 2, 2, 5, 5]
2017-08-22 23:34:03,774 INFO     [rollout1] [1, 3, 3, 1, 4, 0, 0, 2, 2, 2, 2, 2, 2, 2, 6, 2, 2, 2, 2, 2, 5]
2017-08-22 23:34:03,774 INFO     [rollout2] [3, 3, 3, 3, 3, 3, 5, 1, 1, 1, 5]
2017-08-22 23:34:03,774 INFO     [reward] 0.84482
2017-08-22 23:34:03,774 INFO     [error] [ -3.18599650e-05   1.15921839e-04]
2017-08-22 23:34:03,774 INFO     
2017-08-22 23:34:03,774 INFO     [min reward] 0.805794920038
2017-08-22 23:34:03,774 INFO     
2017-08-22 23:34:19,425 INFO     [max steps] 3
2017-08-22 23:42:11,392 INFO     [step] 1074600
2017-08-22 23:42:11,392 INFO     [task] go[LL] 0.1 0.938539158353
2017-08-22 23:42:11,392 INFO     [task] go[URU] 0.1 0.622931985294
2017-08-22 23:42:11,393 INFO     [task] go[LLD] 0.1 0.890409434802
2017-08-22 23:42:11,393 INFO     [task] go[LD] 0.1 0.837986901069
2017-08-22 23:42:11,393 INFO     [task] go[UL] 0.1 0.850772067297
2017-08-22 23:42:11,393 INFO     [task] go[DRU] 0.1 0.195659623073
2017-08-22 23:42:11,393 INFO     [task] go[RD] 0.1 0.793904542841
2017-08-22 23:42:11,393 INFO     [task] go[LUR] 0.1 0.716025495106
2017-08-22 23:42:11,393 INFO     [task] go[RDD] 0.1 0.0234857849197
2017-08-22 23:42:11,393 INFO     [task] go[UR] 0.1 0.827640626761
2017-08-22 23:42:11,393 INFO     
2017-08-22 23:42:11,393 INFO     [rollout0] [0, 3, 3, 4, 1, 3, 3, 1, 1, 3, 4, 3, 5, 1, 5, 5]
2017-08-22 23:42:11,393 INFO     [rollout1] [1, 1, 3, 3, 4, 0, 0, 3, 3, 1, 1, 3, 3, 3, 6, 3, 4, 2, 1, 2, 1, 5, 5]
2017-08-22 23:42:11,393 INFO     [rollout2] [2, 2, 2, 2, 4, 4, 4, 4, 4, 2, 4, 2, 4, 0, 6, 3, 3, 4, 1, 2, 2, 2, 2, 2, 2, 5]
2017-08-22 23:42:11,393 INFO     [reward] 0.669066059226
2017-08-22 23:42:11,393 INFO     [error] [ -2.47080818e-05   1.53277812e-04]
2017-08-22 23:42:11,393 INFO     
2017-08-22 23:42:11,394 INFO     [min reward] 0.0234857849197
2017-08-22 23:42:11,394 INFO     
2017-08-22 23:42:11,394 INFO     [max steps] 3
2017-08-22 23:47:44,361 INFO     [step] 1131400
2017-08-22 23:47:44,361 INFO     [task] go[LL] 0.02100156045 0.934651762683
2017-08-22 23:47:44,361 INFO     [task] go[URU] 0.113755059719 0.704370575562
2017-08-22 23:47:44,361 INFO     [task] go[LLD] 0.0351463602497 0.844332493703
2017-08-22 23:47:44,361 INFO     [task] go[LD] 0.0505527700508 0.785689832249
2017-08-22 23:47:44,361 INFO     [task] go[UL] 0.0467953494102 0.859708193042
2017-08-22 23:47:44,361 INFO     [task] go[DRU] 0.239325737828 0.397182475291
2017-08-22 23:47:44,361 INFO     [task] go[RD] 0.0635080934107 0.765266106443
2017-08-22 23:47:44,361 INFO     [task] go[LUR] 0.0863958944932 0.744518205592
2017-08-22 23:47:44,361 INFO     [task] go[RDD] 0.28992574738 0.442171901631
2017-08-22 23:47:44,361 INFO     [task] go[UR] 0.0535934270077 0.831190240686
2017-08-22 23:47:44,362 INFO     
2017-08-22 23:47:44,362 INFO     [rollout0] [0, 0, 0, 0, 0, 0, 0, 0, 0, 0, 5, 1, 3, 3, 3, 3, 3, 3, 3, 3, 3, 3, 3, 3, 3, 6, 0, 5]
2017-08-22 23:47:44,362 INFO     [rollout1] [0, 0, 0, 0, 0, 4, 0, 5, 3, 3, 3, 3, 5]
2017-08-22 23:47:44,362 INFO     [rollout2] [1, 1, 1, 5, 3, 3, 3, 3, 3, 3, 3, 3, 3, 3, 3, 3, 3, 3, 6, 0, 0, 0, 0, 0, 0, 0, 5]
2017-08-22 23:47:44,362 INFO     [reward] 0.590422535211
2017-08-22 23:47:44,362 INFO     [error] [ -1.25529071e-05   1.26604244e-04]
2017-08-22 23:47:44,362 INFO     
2017-08-22 23:47:44,362 INFO     [min reward] 0.397182475291
2017-08-22 23:47:44,362 INFO     
2017-08-22 23:47:44,362 INFO     [max steps] 3
2017-08-22 23:52:42,813 INFO     [step] 1182500
2017-08-22 23:52:42,814 INFO     [task] go[LL] 0.0269976515124 0.938202247191
2017-08-22 23:52:42,814 INFO     [task] go[URU] 0.10950855636 0.719270279844
2017-08-22 23:52:42,814 INFO     [task] go[LLD] 0.0593594987909 0.850590219224
2017-08-22 23:52:42,814 INFO     [task] go[LD] 0.0803714586463 0.774025329029
2017-08-22 23:52:42,814 INFO     [task] go[UL] 0.0538503085658 0.851717902351
2017-08-22 23:52:42,814 INFO     [task] go[DRU] 0.219575594092 0.484005686867
2017-08-22 23:52:42,814 INFO     [task] go[RD] 0.0876893820847 0.78454384411
2017-08-22 23:52:42,814 INFO     [task] go[LUR] 0.0951234590679 0.770719903206
2017-08-22 23:52:42,814 INFO     [task] go[RDD] 0.203455656887 0.640615976901
2017-08-22 23:52:42,814 INFO     [task] go[UR] 0.064068433992 0.830057070387
2017-08-22 23:52:42,814 INFO     
2017-08-22 23:52:42,814 INFO     [rollout0] [1, 3, 3, 1, 4, 2, 0, 2, 0, 0, 0, 0, 0, 0, 6, 0, 3, 5]
2017-08-22 23:52:42,814 INFO     [rollout1] [1, 1, 3, 4, 0, 0, 2, 2, 2, 2, 2, 2, 2, 2, 6, 2, 2, 2, 1, 1, 2, 4, 2, 5, 1, 1, 5]
2017-08-22 23:52:42,814 INFO     [rollout2] [3, 3, 3, 3, 1, 1, 5, 3, 3, 4, 1, 1, 1, 1, 1, 1, 1, 1, 5, 5]
2017-08-22 23:52:42,814 INFO     [reward] 0.694266144814
2017-08-22 23:52:42,814 INFO     [error] [ -2.59226334e-05   1.32913236e-04]
2017-08-22 23:52:42,815 INFO     
2017-08-22 23:52:42,815 INFO     [min reward] 0.484005686867
2017-08-22 23:52:42,815 INFO     
2017-08-22 23:52:42,815 INFO     [max steps] 3
2017-08-22 23:58:18,102 INFO     [step] 1241600
2017-08-22 23:58:18,102 INFO     [task] go[LL] 0.0292306189386 0.933568489124
2017-08-22 23:58:18,102 INFO     [task] go[URU] 0.118363170594 0.737258854017
2017-08-22 23:58:18,102 INFO     [task] go[LLD] 0.0648996155817 0.853773584906
2017-08-22 23:58:18,102 INFO     [task] go[LD] 0.0960710525948 0.791319444444
2017-08-22 23:58:18,102 INFO     [task] go[UL] 0.0644405082355 0.852553975777
2017-08-22 23:58:18,102 INFO     [task] go[DRU] 0.214145133093 0.444340723454
2017-08-22 23:58:18,102 INFO     [task] go[RD] 0.0917887081746 0.793903123247
2017-08-22 23:58:18,102 INFO     [task] go[LUR] 0.0974167721873 0.792436235708
2017-08-22 23:58:18,102 INFO     [task] go[RDD] 0.150385258574 0.524496001802
2017-08-22 23:58:18,102 INFO     [task] go[UR] 0.073259162027 0.847901692557
2017-08-22 23:58:18,102 INFO     
2017-08-22 23:58:18,102 INFO     [rollout0] [1, 2, 3, 4, 0, 3, 3, 3, 3, 1, 3, 4, 3, 0, 6, 1, 5, 5]
2017-08-22 23:58:18,103 INFO     [rollout1] [2, 4, 3, 3, 3, 3, 3, 3, 3, 5, 1, 1, 1, 1, 1, 1, 3, 4, 2, 1, 1, 1, 5, 1, 5]
2017-08-22 23:58:18,103 INFO     [rollout2] [1, 2, 1, 4, 0, 0, 3, 3, 3, 3, 3, 3, 3, 5, 1, 1, 1, 5, 5]
2017-08-22 23:58:18,103 INFO     [reward] 0.685939086294
2017-08-22 23:58:18,103 INFO     [error] [ -3.07085923e-05   1.07418555e-04]
2017-08-22 23:58:18,103 INFO     
2017-08-22 23:58:18,103 INFO     [min reward] 0.444340723454
2017-08-22 23:58:18,103 INFO     
2017-08-22 23:58:18,103 INFO     [max steps] 3
2017-08-23 00:03:28,111 INFO     [step] 1295400
2017-08-23 00:03:28,111 INFO     [task] go[LL] 0.0302286282556 0.940883634101
2017-08-23 00:03:28,111 INFO     [task] go[URU] 0.107869000854 0.73122326775
2017-08-23 00:03:28,111 INFO     [task] go[LLD] 0.0617874770689 0.839392133492
2017-08-23 00:03:28,111 INFO     [task] go[LD] 0.0864880615973 0.779768177028
2017-08-23 00:03:28,111 INFO     [task] go[UL] 0.0622698319322 0.852932239441
2017-08-23 00:03:28,111 INFO     [task] go[DRU] 0.223717990055 0.525169491525
2017-08-23 00:03:28,111 INFO     [task] go[RD] 0.0854662177904 0.797288432101
2017-08-23 00:03:28,111 INFO     [task] go[LUR] 0.0860463711537 0.793657595886
2017-08-23 00:03:28,111 INFO     [task] go[RDD] 0.192016613435 0.637586471945
2017-08-23 00:03:28,111 INFO     [task] go[UR] 0.0641098078579 0.851482326112
2017-08-23 00:03:28,111 INFO     
2017-08-23 00:03:28,111 INFO     [rollout0] [1, 1, 4, 0, 0, 0, 0, 0, 0, 4, 0, 0, 0, 0, 6, 0, 3, 0, 2, 4, 3, 0, 0, 3, 3, 3, 0, 0, 3, 6, 5]
2017-08-23 00:03:28,112 INFO     [rollout1] [0, 3, 4, 4, 2, 0, 0, 0, 0, 0, 5, 2, 2, 2, 2, 5]
2017-08-23 00:03:28,112 INFO     [rollout2] [0, 3, 4, 2, 0, 0, 0, 5, 3, 0, 4, 2, 0, 2, 2, 2, 2, 2, 2, 2, 2, 2, 6]
2017-08-23 00:03:28,112 INFO     [reward] 0.711524163569
2017-08-23 00:03:28,112 INFO     [error] [ -2.60147229e-05   1.04261355e-04]
2017-08-23 00:03:28,112 INFO     
2017-08-23 00:03:28,112 INFO     [min reward] 0.525169491525
2017-08-23 00:03:28,112 INFO     
2017-08-23 00:03:28,112 INFO     [max steps] 3
2017-08-23 00:08:54,259 INFO     [step] 1352800
2017-08-23 00:08:54,259 INFO     [task] go[LL] 0.029403509173 0.941210045662
2017-08-23 00:08:54,259 INFO     [task] go[URU] 0.118597297431 0.737643136686
2017-08-23 00:08:54,259 INFO     [task] go[LLD] 0.0725800597671 0.855709507883
2017-08-23 00:08:54,259 INFO     [task] go[LD] 0.0979453047131 0.785250631085
2017-08-23 00:08:54,259 INFO     [task] go[UL] 0.0668198230376 0.864165588616
2017-08-23 00:08:54,259 INFO     [task] go[DRU] 0.206256768825 0.473697585769
2017-08-23 00:08:54,260 INFO     [task] go[RD] 0.0904918315154 0.80522749274
2017-08-23 00:08:54,260 INFO     [task] go[LUR] 0.0920364631606 0.810227272727
2017-08-23 00:08:54,260 INFO     [task] go[RDD] 0.158432296691 0.555555555556
2017-08-23 00:08:54,260 INFO     [task] go[UR] 0.0674366456861 0.853326483432
2017-08-23 00:08:54,260 INFO     
2017-08-23 00:08:54,260 INFO     [rollout0] [0, 0, 0, 0, 0, 0, 5, 3, 3, 3, 3, 5]
2017-08-23 00:08:54,260 INFO     [rollout1] [1, 3, 1, 4, 2, 0, 0, 0, 0, 0, 3, 0, 0, 0, 6, 3, 5, 3, 3, 0, 0, 0, 0, 0, 0, 3, 3, 3, 0, 3, 3, 6]
2017-08-23 00:08:54,260 INFO     [rollout2] [2, 2, 2, 2, 2, 2, 5, 1, 1, 1, 5]
2017-08-23 00:08:54,260 INFO     [reward] 0.703327526132
2017-08-23 00:08:54,260 INFO     [error] [ -2.07631499e-05   1.14315855e-04]
2017-08-23 00:08:54,260 INFO     
2017-08-23 00:08:54,260 INFO     [min reward] 0.473697585769
2017-08-23 00:08:54,260 INFO     
2017-08-23 00:08:54,261 INFO     [max steps] 3
2017-08-23 00:14:16,599 INFO     [step] 1409200
2017-08-23 00:14:16,599 INFO     [task] go[LL] 0.028449269114 0.941287878788
2017-08-23 00:14:16,599 INFO     [task] go[URU] 0.11263786659 0.746094946401
2017-08-23 00:14:16,599 INFO     [task] go[LLD] 0.0638094875073 0.848562482209
2017-08-23 00:14:16,599 INFO     [task] go[LD] 0.0929489682177 0.78471168437
2017-08-23 00:14:16,599 INFO     [task] go[UL] 0.0603123298377 0.859125812168
2017-08-23 00:14:16,599 INFO     [task] go[DRU] 0.221797090226 0.51380180767
2017-08-23 00:14:16,600 INFO     [task] go[RD] 0.0846871933885 0.805441055235
2017-08-23 00:14:16,600 INFO     [task] go[LUR] 0.0826194483558 0.808115691776
2017-08-23 00:14:16,600 INFO     [task] go[RDD] 0.187943318495 0.583451268988
2017-08-23 00:14:16,600 INFO     [task] go[UR] 0.0647950282681 0.852
2017-08-23 00:14:16,600 INFO     
2017-08-23 00:14:16,600 INFO     [rollout0] [0, 0, 0, 0, 0, 0, 3, 5, 3, 3, 3, 5]
2017-08-23 00:14:16,600 INFO     [rollout1] [0, 4, 3, 4, 1, 2, 2, 2, 2, 2, 1, 4, 0, 2, 6, 2, 2, 2, 2, 2, 2, 2, 5, 1, 1, 1, 5]
2017-08-23 00:14:16,600 INFO     [rollout2] [0, 4, 0, 0, 0, 0, 0, 5, 3, 3, 3, 0, 3, 5, 3, 3, 3, 3, 4, 3, 3, 2, 0, 0, 3, 3, 2, 2, 6]
2017-08-23 00:14:16,600 INFO     [reward] 0.70445035461
2017-08-23 00:14:16,600 INFO     [error] [ -8.35668810e-06   1.26856999e-04]
2017-08-23 00:14:16,600 INFO     
2017-08-23 00:14:16,600 INFO     [min reward] 0.51380180767
2017-08-23 00:14:16,600 INFO     
2017-08-23 00:14:16,600 INFO     [max steps] 3
2017-08-23 00:19:50,148 INFO     [step] 1468100
2017-08-23 00:19:50,148 INFO     [task] go[LL] 0.029147326006 0.926556991774
2017-08-23 00:19:50,148 INFO     [task] go[URU] 0.111947157156 0.734081261371
2017-08-23 00:19:50,148 INFO     [task] go[LLD] 0.0684809590746 0.849178695869
2017-08-23 00:19:50,148 INFO     [task] go[LD] 0.095566136879 0.783382789318
2017-08-23 00:19:50,148 INFO     [task] go[UL] 0.0640000492062 0.870539202917
2017-08-23 00:19:50,148 INFO     [task] go[DRU] 0.210484703722 0.49751487004
2017-08-23 00:19:50,148 INFO     [task] go[RD] 0.0867728451011 0.803948132379
2017-08-23 00:19:50,148 INFO     [task] go[LUR] 0.0856382781303 0.81278629755
2017-08-23 00:19:50,148 INFO     [task] go[RDD] 0.180939762897 0.582043343653
2017-08-23 00:19:50,148 INFO     [task] go[UR] 0.0670227818281 0.853696098563
2017-08-23 00:19:50,148 INFO     
2017-08-23 00:19:50,148 INFO     [rollout0] [4, 3, 3, 3, 3, 3, 3, 3, 5, 3, 3, 1, 5, 1, 1, 1, 1, 1, 1, 1, 5]
2017-08-23 00:19:50,148 INFO     [rollout1] [3, 5, 3, 3, 3, 5, 0, 5]
2017-08-23 00:19:50,148 INFO     [rollout2] [1, 1, 1, 1, 1, 1, 1, 1, 1, 1, 5, 0, 3, 3, 3, 3, 3, 3, 3, 3, 3, 3, 3, 3, 3, 6, 0, 0, 0, 0, 0, 0, 0, 5]
2017-08-23 00:19:50,148 INFO     [reward] 0.705127334465
2017-08-23 00:19:50,148 INFO     [error] [ -1.87192288e-05   1.15864842e-04]
2017-08-23 00:19:50,149 INFO     
2017-08-23 00:19:50,149 INFO     [min reward] 0.49751487004
2017-08-23 00:19:50,149 INFO     
2017-08-23 00:19:50,149 INFO     [max steps] 3
2017-08-23 00:25:28,150 INFO     [step] 1527800
2017-08-23 00:25:28,150 INFO     [task] go[LL] 0.034967932053 0.939550140581
2017-08-23 00:25:28,150 INFO     [task] go[URU] 0.115627515231 0.745377784248
2017-08-23 00:25:28,150 INFO     [task] go[LLD] 0.0673943635917 0.856891348089
2017-08-23 00:25:28,150 INFO     [task] go[LD] 0.0949670367079 0.78813410567
2017-08-23 00:25:28,151 INFO     [task] go[UL] 0.0584429514244 0.88450377249
2017-08-23 00:25:28,151 INFO     [task] go[DRU] 0.214763891951 0.512071558616
2017-08-23 00:25:28,151 INFO     [task] go[RD] 0.0863488488681 0.809316417345
2017-08-23 00:25:28,151 INFO     [task] go[LUR] 0.0826450950633 0.811728395062
2017-08-23 00:25:28,151 INFO     [task] go[RDD] 0.179341080804 0.609223971279
2017-08-23 00:25:28,151 INFO     [task] go[UR] 0.0655012843053 0.869829992388
2017-08-23 00:25:28,151 INFO     
2017-08-23 00:25:28,151 INFO     [rollout0] [2, 2, 2, 2, 2, 2, 2, 4, 2, 2, 2, 5, 5]
2017-08-23 00:25:28,151 INFO     [rollout1] [3, 3, 3, 3, 3, 3, 5, 1, 1, 1, 5]
2017-08-23 00:25:28,151 INFO     [rollout2] [3, 1, 1, 4, 0, 2, 0, 2, 2, 2, 0, 2, 0, 4, 6, 2, 4, 1, 2, 2, 2, 2, 2, 2, 2, 2, 0, 4, 5, 3, 1, 1, 1, 1, 1, 1, 1, 5]
2017-08-23 00:25:28,151 INFO     [reward] 0.716984924623
2017-08-23 00:25:28,151 INFO     [error] [ -3.46477408e-05   1.20627393e-04]
2017-08-23 00:25:28,151 INFO     
2017-08-23 00:25:28,151 INFO     [min reward] 0.512071558616
2017-08-23 00:25:28,152 INFO     
2017-08-23 00:25:28,152 INFO     [max steps] 3
2017-08-23 00:30:59,588 INFO     [step] 1586300
2017-08-23 00:30:59,589 INFO     [task] go[LL] 0.0309891401334 0.931492299522
2017-08-23 00:30:59,589 INFO     [task] go[URU] 0.116400728035 0.751498318959
2017-08-23 00:30:59,589 INFO     [task] go[LLD] 0.0673486861273 0.853553299492
2017-08-23 00:30:59,589 INFO     [task] go[LD] 0.0975932861602 0.785240753664
2017-08-23 00:30:59,589 INFO     [task] go[UL] 0.0552026677214 0.86788298207
2017-08-23 00:30:59,589 INFO     [task] go[DRU] 0.219026331262 0.503538292184
2017-08-23 00:30:59,589 INFO     [task] go[RD] 0.08827571434 0.815825375171
2017-08-23 00:30:59,589 INFO     [task] go[LUR] 0.0872147453604 0.818987098017
2017-08-23 00:30:59,589 INFO     [task] go[RDD] 0.176291402404 0.580479783324
2017-08-23 00:30:59,589 INFO     [task] go[UR] 0.0616572984562 0.861777150917
2017-08-23 00:30:59,589 INFO     
2017-08-23 00:30:59,589 INFO     [rollout0] [3, 3, 1, 4, 0, 2, 2, 2, 2, 2, 2, 2, 2, 5, 1, 1, 1, 5]
2017-08-23 00:30:59,589 INFO     [rollout1] [1, 2, 4, 3, 1, 1, 1, 1, 1, 1, 3, 4, 5, 5, 0, 3, 3, 0, 0, 0, 0, 0, 0, 0, 0, 0, 0, 0, 6]
2017-08-23 00:30:59,589 INFO     [rollout2] [2, 3, 2, 3, 2, 1, 4, 0, 3, 2, 4, 4, 3, 2, 6, 4, 4, 3, 2, 4, 3, 2, 3, 2, 4, 4, 4, 4, 3, 6, 3, 4, 3, 3, 1, 5]
2017-08-23 00:30:59,589 INFO     [reward] 0.707982905983
2017-08-23 00:30:59,589 INFO     [error] [ -2.80661337e-06   1.09557485e-04]
2017-08-23 00:30:59,590 INFO     
2017-08-23 00:30:59,590 INFO     [min reward] 0.503538292184
2017-08-23 00:30:59,590 INFO     
2017-08-23 00:30:59,590 INFO     [max steps] 3
2017-08-23 00:36:26,184 INFO     [step] 1643800
2017-08-23 00:36:26,184 INFO     [task] go[LL] 0.0336982744247 0.930907172996
2017-08-23 00:36:26,184 INFO     [task] go[URU] 0.110958040217 0.750930521092
2017-08-23 00:36:26,184 INFO     [task] go[LLD] 0.067152442556 0.850064516129
2017-08-23 00:36:26,185 INFO     [task] go[LD] 0.0964745969686 0.78082919915
2017-08-23 00:36:26,185 INFO     [task] go[UL] 0.0610016373105 0.855438795797
2017-08-23 00:36:26,185 INFO     [task] go[DRU] 0.217391230563 0.526320032245
2017-08-23 00:36:26,185 INFO     [task] go[RD] 0.0833465985373 0.816253674927
2017-08-23 00:36:26,185 INFO     [task] go[LUR] 0.0819894755612 0.824123844335
2017-08-23 00:36:26,185 INFO     [task] go[RDD] 0.184365228435 0.611869158879
2017-08-23 00:36:26,185 INFO     [task] go[UR] 0.0636224754262 0.87103946637
2017-08-23 00:36:26,185 INFO     
2017-08-23 00:36:26,185 INFO     [rollout0] [1, 1, 1, 1, 1, 1, 1, 1, 1, 1, 5, 0, 3, 3, 3, 3, 3, 3, 0, 0, 0, 3, 5, 3, 3, 0, 0, 0, 0, 0, 0, 0, 0, 0, 0, 0, 0, 6]
2017-08-23 00:36:26,185 INFO     [rollout1] [0, 4, 4, 2, 4, 3, 0, 0, 0, 5, 0, 3, 3, 4, 0, 3, 0, 3, 5]
2017-08-23 00:36:26,185 INFO     [rollout2] [0, 3, 3, 4, 2, 2, 0, 0, 0, 0, 0, 5, 3, 3, 3, 3, 5, 3, 3, 0, 0, 0, 3, 0, 5]
2017-08-23 00:36:26,185 INFO     [reward] 0.717391304348
2017-08-23 00:36:26,185 INFO     [error] [ -3.28495970e-06   1.23876861e-04]
2017-08-23 00:36:26,185 INFO     
2017-08-23 00:36:26,185 INFO     [min reward] 0.526320032245
2017-08-23 00:36:26,186 INFO     
2017-08-23 00:36:26,186 INFO     [max steps] 3
2017-08-23 00:42:06,020 INFO     [step] 1704100
2017-08-23 00:42:06,020 INFO     [task] go[LL] 0.0346560373741 0.942449581899
2017-08-23 00:42:06,020 INFO     [task] go[URU] 0.113516255312 0.747404844291
2017-08-23 00:42:06,020 INFO     [task] go[LLD] 0.0700787962248 0.858742258218
2017-08-23 00:42:06,020 INFO     [task] go[LD] 0.100415576736 0.786642539891
2017-08-23 00:42:06,020 INFO     [task] go[UL] 0.0677239526306 0.868292682927
2017-08-23 00:42:06,020 INFO     [task] go[DRU] 0.211933643979 0.494634604841
2017-08-23 00:42:06,020 INFO     [task] go[RD] 0.0848936640294 0.812548713952
2017-08-23 00:42:06,020 INFO     [task] go[LUR] 0.0814451985304 0.813774994951
2017-08-23 00:42:06,021 INFO     [task] go[RDD] 0.174448655236 0.577015010995
2017-08-23 00:42:06,021 INFO     [task] go[UR] 0.0608882199486 0.854320987654
2017-08-23 00:42:06,021 INFO     
2017-08-23 00:42:06,021 INFO     [rollout0] [2, 2, 2, 2, 2, 2, 2, 2, 2, 2, 5, 3, 1, 5]
2017-08-23 00:42:06,021 INFO     [rollout1] [5, 3, 3, 4, 3, 1, 1, 1, 1, 5]
2017-08-23 00:42:06,021 INFO     [rollout2] [0, 0, 0, 0, 0, 0, 0, 0, 0, 0, 5, 1, 2, 2, 2, 2, 2, 2, 2, 2, 2, 2, 2, 2, 2, 6]
2017-08-23 00:42:06,021 INFO     [reward] 0.708291873964
2017-08-23 00:42:06,021 INFO     [error] [ -1.74397285e-05   1.16274554e-04]
2017-08-23 00:42:06,021 INFO     
2017-08-23 00:42:06,021 INFO     [min reward] 0.494634604841
2017-08-23 00:42:06,021 INFO     
2017-08-23 00:42:06,021 INFO     [max steps] 3
2017-08-23 00:47:41,662 INFO     [step] 1761000
2017-08-23 00:47:41,662 INFO     [task] go[LL] 0.0288163013624 0.939609236234
2017-08-23 00:47:41,662 INFO     [task] go[URU] 0.112020345039 0.749251379039
2017-08-23 00:47:41,662 INFO     [task] go[LLD] 0.0645249695426 0.852721451441
2017-08-23 00:47:41,662 INFO     [task] go[LD] 0.0952819547671 0.778631540432
2017-08-23 00:47:41,662 INFO     [task] go[UL] 0.0604508583191 0.872389791183
2017-08-23 00:47:41,662 INFO     [task] go[DRU] 0.219849483631 0.536313750807
2017-08-23 00:47:41,662 INFO     [task] go[RD] 0.0842306520535 0.822997946612
2017-08-23 00:47:41,662 INFO     [task] go[LUR] 0.083707533414 0.830180835585
2017-08-23 00:47:41,663 INFO     [task] go[RDD] 0.18470686458 0.648023791251
2017-08-23 00:47:41,663 INFO     [task] go[UR] 0.0664110372911 0.859185325061
2017-08-23 00:47:41,663 INFO     
2017-08-23 00:47:41,663 INFO     [rollout0] [2, 4, 3, 1, 1, 1, 5, 0, 1, 3, 0, 1, 3, 3, 3, 3, 0, 1, 3, 3, 3, 6, 0, 5]
2017-08-23 00:47:41,663 INFO     [rollout1] [2, 2, 2, 2, 1, 2, 2, 2, 4, 5, 3, 1, 1, 1, 5]
2017-08-23 00:47:41,663 INFO     [rollout2] [2, 1, 4, 0, 3, 3, 4, 2, 2, 2, 2, 2, 2, 2, 6, 2, 4, 1, 4, 0, 0, 4, 1, 2, 2, 2, 2, 2, 5, 1, 1, 1, 1, 5]
2017-08-23 00:47:41,663 INFO     [reward] 0.727398945518
2017-08-23 00:47:41,663 INFO     [error] [ -1.90771350e-05   1.15375657e-04]
2017-08-23 00:47:41,663 INFO     
2017-08-23 00:47:41,663 INFO     [min reward] 0.536313750807
2017-08-23 00:47:41,663 INFO     
2017-08-23 00:47:41,663 INFO     [max steps] 3
2017-08-23 00:53:30,587 INFO     [step] 1821400
2017-08-23 00:53:30,587 INFO     [task] go[LL] 0.0318410116649 0.947341249355
2017-08-23 00:53:30,587 INFO     [task] go[URU] 0.117948711415 0.747374396821
2017-08-23 00:53:30,587 INFO     [task] go[LLD] 0.071144392125 0.83841968299
2017-08-23 00:53:30,587 INFO     [task] go[LD] 0.104658699891 0.792105676993
2017-08-23 00:53:30,587 INFO     [task] go[UL] 0.0622474885873 0.875672766416
2017-08-23 00:53:30,587 INFO     [task] go[DRU] 0.214270290294 0.501089155127
2017-08-23 00:53:30,587 INFO     [task] go[RD] 0.0845897138313 0.822662889518
2017-08-23 00:53:30,587 INFO     [task] go[LUR] 0.0813405595482 0.825667351129
2017-08-23 00:53:30,587 INFO     [task] go[RDD] 0.163738650764 0.59656004828
2017-08-23 00:53:30,587 INFO     [task] go[UR] 0.06822048188 0.859894077997
2017-08-23 00:53:30,587 INFO     
2017-08-23 00:53:30,587 INFO     [rollout0] [0, 0, 0, 0, 0, 0, 5, 3, 3, 3, 3, 5, 3, 3, 0, 0, 0, 0, 5]
2017-08-23 00:53:30,587 INFO     [rollout1] [1, 1, 1, 5, 3, 3, 3, 3, 3, 0, 0, 0, 0, 0, 0, 0, 0, 0, 6, 5]
2017-08-23 00:53:30,587 INFO     [rollout2] [3, 3, 3, 3, 5, 3, 3, 2, 0, 4, 1, 3, 1, 1, 1, 1, 5]
2017-08-23 00:53:30,587 INFO     [reward] 0.716175496689
2017-08-23 00:53:30,587 INFO     [error] [ -3.18927748e-05   1.20109592e-04]
2017-08-23 00:53:30,588 INFO     
2017-08-23 00:53:30,588 INFO     [min reward] 0.501089155127
2017-08-23 00:53:30,588 INFO     
2017-08-23 00:53:30,588 INFO     [max steps] 3
2017-08-23 00:59:15,883 INFO     [step] 1878500
2017-08-23 00:59:15,883 INFO     [task] go[LL] 0.0273235668451 0.944694533762
2017-08-23 00:59:15,883 INFO     [task] go[URU] 0.114523001972 0.748965517241
2017-08-23 00:59:15,883 INFO     [task] go[LLD] 0.0748209342324 0.857947875088
2017-08-23 00:59:15,883 INFO     [task] go[LD] 0.0950170572909 0.789560742511
2017-08-23 00:59:15,883 INFO     [task] go[UL] 0.0585760026838 0.874627754616
2017-08-23 00:59:15,883 INFO     [task] go[DRU] 0.22192047152 0.533433568094
2017-08-23 00:59:15,883 INFO     [task] go[RD] 0.0816919904737 0.820021074816
2017-08-23 00:59:15,883 INFO     [task] go[LUR] 0.0803818365556 0.818476149363
2017-08-23 00:59:15,883 INFO     [task] go[RDD] 0.180288531784 0.636283446045
2017-08-23 00:59:15,883 INFO     [task] go[UR] 0.0654566066424 0.854700854701
2017-08-23 00:59:15,883 INFO     
2017-08-23 00:59:15,883 INFO     [rollout0] [3, 4, 4, 3, 0, 4, 1, 1, 2, 1, 0, 4, 5, 0, 3, 3, 3, 5, 0, 5]
2017-08-23 00:59:15,883 INFO     [rollout1] [1, 1, 4, 0, 0, 2, 2, 2, 2, 0, 4, 1, 2, 2, 6, 2, 2, 2, 2, 1, 2, 4, 0, 2, 5, 1, 1, 1, 1, 1, 1, 1, 1, 1, 1, 5]
2017-08-23 00:59:15,883 INFO     [rollout2] [3, 4, 1, 1, 2, 1, 5, 3, 3, 3, 0, 1, 3, 3, 3, 3, 3, 3, 3, 0, 1, 6, 3, 0, 5]
2017-08-23 00:59:15,883 INFO     [reward] 0.724325744308
2017-08-23 00:59:15,883 INFO     [error] [ -1.19436674e-05   1.13054407e-04]
2017-08-23 00:59:15,884 INFO     
2017-08-23 00:59:15,884 INFO     [min reward] 0.533433568094
2017-08-23 00:59:15,884 INFO     
2017-08-23 00:59:15,884 INFO     [max steps] 3
2017-08-23 01:05:29,208 INFO     [step] 1940200
2017-08-23 01:05:29,208 INFO     [task] go[LL] 0.0293998130883 0.938969764838
2017-08-23 01:05:29,208 INFO     [task] go[URU] 0.117514894921 0.759067357513
2017-08-23 01:05:29,208 INFO     [task] go[LLD] 0.0684522186215 0.86081871345
2017-08-23 01:05:29,209 INFO     [task] go[LD] 0.0992393644953 0.801191855653
2017-08-23 01:05:29,209 INFO     [task] go[UL] 0.0609431176426 0.879019504481
2017-08-23 01:05:29,209 INFO     [task] go[DRU] 0.214545042389 0.474110522332
2017-08-23 01:05:29,209 INFO     [task] go[RD] 0.0855264530353 0.813524590164
2017-08-23 01:05:29,209 INFO     [task] go[LUR] 0.0862219617293 0.823200298396
2017-08-23 01:05:29,209 INFO     [task] go[RDD] 0.168243142071 0.553081355601
2017-08-23 01:05:29,209 INFO     [task] go[UR] 0.069913992007 0.864833372174
2017-08-23 01:05:29,209 INFO     
2017-08-23 01:05:29,209 INFO     [rollout0] [3, 3, 3, 3, 3, 3, 3, 3, 3, 0, 3, 5, 2, 1, 5]
2017-08-23 01:05:29,209 INFO     [rollout1] [3, 1, 1, 4, 2, 1, 1, 5, 1, 1, 2, 4, 3, 3, 3, 3, 3, 5, 3, 3, 0, 0, 0, 3, 0, 5]
2017-08-23 01:05:29,209 INFO     [rollout2] [1, 1, 3, 4, 0, 0, 3, 3, 3, 5, 3, 3, 3, 3, 4, 2, 2, 1, 1, 1, 5]
2017-08-23 01:05:29,209 INFO     [reward] 0.705299837925
2017-08-23 01:05:29,209 INFO     [error] [ -9.79982306e-06   1.34209318e-04]
2017-08-23 01:05:29,209 INFO     
2017-08-23 01:05:29,210 INFO     [min reward] 0.474110522332
2017-08-23 01:05:29,210 INFO     
2017-08-23 01:05:29,210 INFO     [max steps] 3
2017-08-23 01:11:05,214 INFO     [step] 1995400
2017-08-23 01:11:05,215 INFO     [task] go[LL] 0.0304565488014 0.944937833037
2017-08-23 01:11:05,215 INFO     [task] go[URU] 0.107595621136 0.763723150358
2017-08-23 01:11:05,215 INFO     [task] go[LLD] 0.0639663816917 0.851686646222
2017-08-23 01:11:05,215 INFO     [task] go[LD] 0.0895333575045 0.788807189542
2017-08-23 01:11:05,215 INFO     [task] go[UL] 0.0561621940951 0.877046548957
2017-08-23 01:11:05,215 INFO     [task] go[DRU] 0.229780233607 0.542517814727
2017-08-23 01:11:05,215 INFO     [task] go[RD] 0.0842452920824 0.821428571429
2017-08-23 01:11:05,215 INFO     [task] go[LUR] 0.0800965140404 0.81992422554
2017-08-23 01:11:05,215 INFO     [task] go[RDD] 0.19591889228 0.647878168818
2017-08-23 01:11:05,215 INFO     [task] go[UR] 0.0622449647618 0.867718794835
2017-08-23 01:11:05,215 INFO     
2017-08-23 01:11:05,215 INFO     [rollout0] [1, 1, 1, 1, 1, 1, 1, 2, 3, 2, 3, 2, 3, 2, 6, 5, 3, 0, 0, 0, 0, 0, 5]
2017-08-23 01:11:05,215 INFO     [rollout1] [2, 4, 0, 4, 3, 0, 0, 0, 0, 0, 5, 3, 3, 3, 3, 5]
2017-08-23 01:11:05,215 INFO     [rollout2] [3, 3, 4, 2, 2, 1, 1, 1, 5, 3, 3, 0, 0, 1, 0, 1, 1, 3, 3, 3, 3, 3, 3, 6, 0, 5]
2017-08-23 01:11:05,215 INFO     [reward] 0.726413043478
2017-08-23 01:11:05,215 INFO     [error] [ -1.82831994e-05   1.09635877e-04]
2017-08-23 01:11:05,216 INFO     
2017-08-23 01:11:05,216 INFO     [min reward] 0.542517814727
2017-08-23 01:11:05,216 INFO     
2017-08-23 01:11:05,216 INFO     [max steps] 3
2017-08-23 01:17:07,043 INFO     [step] 2055600
2017-08-23 01:17:07,044 INFO     [task] go[LL] 0.0299228430589 0.952278820375
2017-08-23 01:17:07,047 INFO     [task] go[URU] 0.113265571451 0.755179457251
2017-08-23 01:17:07,047 INFO     [task] go[LLD] 0.0728101423662 0.860075507315
2017-08-23 01:17:07,047 INFO     [task] go[LD] 0.101729131722 0.787210051546
2017-08-23 01:17:07,047 INFO     [task] go[UL] 0.0611468298003 0.870897748847
2017-08-23 01:17:07,047 INFO     [task] go[DRU] 0.215000463645 0.515943381552
2017-08-23 01:17:07,047 INFO     [task] go[RD] 0.0867261809119 0.821952160494
2017-08-23 01:17:07,047 INFO     [task] go[LUR] 0.0874180469843 0.836921924733
2017-08-23 01:17:07,047 INFO     [task] go[RDD] 0.16654401826 0.613835725678
2017-08-23 01:17:07,047 INFO     [task] go[UR] 0.0654367718004 0.867022629036
2017-08-23 01:17:07,047 INFO     
2017-08-23 01:17:07,047 INFO     [rollout0] [2, 2, 2, 2, 2, 2, 2, 2, 2, 2, 1, 2, 2, 2, 6, 4, 5, 3, 1, 1, 1, 5]
2017-08-23 01:17:07,047 INFO     [rollout1] [0, 0, 1, 1, 1, 4, 1, 1, 1, 5, 0, 3, 3, 3, 3, 3, 3, 3, 3, 3, 3, 3, 0, 1, 6, 0, 5]
2017-08-23 01:17:07,048 INFO     [rollout2] [1, 1, 3, 3, 4, 0, 0, 3, 3, 3, 3, 5, 1, 1, 1, 1, 1, 4, 1, 1, 1, 1, 1, 5, 5]
2017-08-23 01:17:07,048 INFO     [reward] 0.724717607973
2017-08-23 01:17:07,048 INFO     [error] [ -1.41803009e-05   1.22313624e-04]
2017-08-23 01:17:07,048 INFO     
2017-08-23 01:17:07,048 INFO     [min reward] 0.515943381552
2017-08-23 01:17:07,048 INFO     
2017-08-23 01:17:07,048 INFO     [max steps] 3
2017-08-23 01:23:12,262 INFO     [step] 2116700
2017-08-23 01:23:12,263 INFO     [task] go[LL] 0.0260159699284 0.947069943289
2017-08-23 01:23:12,263 INFO     [task] go[URU] 0.114852184595 0.751205673759
2017-08-23 01:23:12,263 INFO     [task] go[LLD] 0.0675736552613 0.852626574756
2017-08-23 01:23:12,263 INFO     [task] go[LD] 0.100415421809 0.792598551891
2017-08-23 01:23:12,263 INFO     [task] go[UL] 0.0626958770853 0.87577962578
2017-08-23 01:23:12,263 INFO     [task] go[DRU] 0.222680170642 0.502065810831
2017-08-23 01:23:12,263 INFO     [task] go[RD] 0.0847565307832 0.833748324076
2017-08-23 01:23:12,263 INFO     [task] go[LUR] 0.0780093898061 0.824690321226
2017-08-23 01:23:12,263 INFO     [task] go[RDD] 0.17855833707 0.594604651163
2017-08-23 01:23:12,263 INFO     [task] go[UR] 0.06444246302 0.868373879641
2017-08-23 01:23:12,263 INFO     
2017-08-23 01:23:12,263 INFO     [rollout0] [1, 2, 4, 3, 0, 0, 0, 0, 0, 0, 0, 5, 2, 2, 2, 5]
2017-08-23 01:23:12,263 INFO     [rollout1] [1, 1, 1, 5, 3, 3, 3, 0, 0, 0, 3, 3, 3, 3, 5, 0, 5]
2017-08-23 01:23:12,263 INFO     [rollout2] [1, 1, 1, 5, 3, 3, 3, 3, 3, 3, 3, 3, 3, 3, 3, 3, 3, 3, 6, 0, 0, 0, 5]
2017-08-23 01:23:12,263 INFO     [reward] 0.712782324059
2017-08-23 01:23:12,263 INFO     [error] [ -4.77746399e-06   1.20738089e-04]
2017-08-23 01:23:12,264 INFO     
2017-08-23 01:23:12,264 INFO     [min reward] 0.502065810831
2017-08-23 01:23:12,264 INFO     
2017-08-23 01:23:12,264 INFO     [max steps] 3
2017-08-23 01:28:28,216 INFO     [step] 2172000
2017-08-23 01:28:28,216 INFO     [task] go[LL] 0.0278792464625 0.939863608184
2017-08-23 01:28:28,216 INFO     [task] go[URU] 0.114650950301 0.762416956659
2017-08-23 01:28:28,216 INFO     [task] go[LLD] 0.0697195066767 0.853613666229
2017-08-23 01:28:28,216 INFO     [task] go[LD] 0.0963130953624 0.79856657865
2017-08-23 01:28:28,216 INFO     [task] go[UL] 0.0594622520424 0.87537627935
2017-08-23 01:28:28,216 INFO     [task] go[DRU] 0.225024784447 0.552644347404
2017-08-23 01:28:28,216 INFO     [task] go[RD] 0.0780829411151 0.827299976943
2017-08-23 01:28:28,216 INFO     [task] go[LUR] 0.0820958136136 0.814084507042
2017-08-23 01:28:28,216 INFO     [task] go[RDD] 0.184028267491 0.664509706322
2017-08-23 01:28:28,216 INFO     [task] go[UR] 0.0627431424883 0.874615169325
2017-08-23 01:28:28,216 INFO     
2017-08-23 01:28:28,216 INFO     [rollout0] [3, 3, 1, 1, 4, 2, 2, 0, 0, 0, 0, 0, 0, 0, 6, 0, 5]
2017-08-23 01:28:28,216 INFO     [rollout1] [2, 2, 2, 2, 0, 4, 1, 2, 2, 2, 2, 2, 2, 1, 6, 2, 2, 2, 4, 5, 3, 1, 1, 5]
2017-08-23 01:28:28,216 INFO     [rollout2] [2, 2, 2, 2, 2, 2, 2, 2, 2, 2, 1, 1, 4, 2, 6, 2, 5, 1, 1, 5]
2017-08-23 01:28:28,216 INFO     [reward] 0.736075949367
2017-08-23 01:28:28,217 INFO     [error] [ -2.25832912e-05   1.22460415e-04]
2017-08-23 01:28:28,217 INFO     
2017-08-23 01:28:28,217 INFO     [min reward] 0.552644347404
2017-08-23 01:28:28,217 INFO     
2017-08-23 01:28:28,217 INFO     [max steps] 3
2017-08-23 01:34:22,892 INFO     [step] 2235300
2017-08-23 01:34:22,892 INFO     [task] go[LL] 0.0328198828946 0.945101751065
2017-08-23 01:34:22,892 INFO     [task] go[URU] 0.115854926076 0.755853758729
2017-08-23 01:34:22,892 INFO     [task] go[LLD] 0.0731800001078 0.86409608091
2017-08-23 01:34:22,892 INFO     [task] go[LD] 0.0989389381034 0.801243226012
2017-08-23 01:34:22,892 INFO     [task] go[UL] 0.0629963223392 0.873228933632
2017-08-23 01:34:22,892 INFO     [task] go[DRU] 0.214016697618 0.480471628592
2017-08-23 01:34:22,892 INFO     [task] go[RD] 0.0854933253093 0.821948912015
2017-08-23 01:34:22,892 INFO     [task] go[LUR] 0.09167742123 0.825069832402
2017-08-23 01:34:22,892 INFO     [task] go[RDD] 0.16167000734 0.559205426357
2017-08-23 01:34:22,892 INFO     [task] go[UR] 0.0633524789822 0.864906043677
2017-08-23 01:34:22,892 INFO     
2017-08-23 01:34:22,892 INFO     [rollout0] [1, 0, 1, 0, 0, 4, 1, 2, 2, 2, 2, 2, 2, 5, 1, 1, 1, 1, 5]
2017-08-23 01:34:22,892 INFO     [rollout1] [2, 2, 2, 2, 2, 2, 5, 1, 1, 1, 1, 1, 1, 5]
2017-08-23 01:34:22,892 INFO     [rollout2] [2, 2, 2, 2, 2, 2, 2, 2, 2, 2, 2, 2, 5, 5, 1, 1, 1, 5]
2017-08-23 01:34:22,893 INFO     [reward] 0.70971563981
2017-08-23 01:34:22,893 INFO     [error] [ -1.47556711e-05   1.04371394e-04]
2017-08-23 01:34:22,893 INFO     
2017-08-23 01:34:22,893 INFO     [min reward] 0.480471628592
2017-08-23 01:34:22,893 INFO     
2017-08-23 01:34:22,893 INFO     [max steps] 3
2017-08-23 01:39:42,283 INFO     [step] 2291300
2017-08-23 01:39:42,283 INFO     [task] go[LL] 0.0281081763258 0.941472624292
2017-08-23 01:39:42,283 INFO     [task] go[URU] 0.110073653441 0.748878923767
2017-08-23 01:39:42,284 INFO     [task] go[LLD] 0.0631926616156 0.847248836573
2017-08-23 01:39:42,284 INFO     [task] go[LD] 0.090414954313 0.784842519685
2017-08-23 01:39:42,284 INFO     [task] go[UL] 0.0592371183019 0.872961104141
2017-08-23 01:39:42,284 INFO     [task] go[DRU] 0.229344814032 0.543468118196
2017-08-23 01:39:42,284 INFO     [task] go[RD] 0.0814470841058 0.815698178664
2017-08-23 01:39:42,284 INFO     [task] go[LUR] 0.0800953776734 0.825389654393
2017-08-23 01:39:42,284 INFO     [task] go[RDD] 0.195244302745 0.667094761948
2017-08-23 01:39:42,284 INFO     [task] go[UR] 0.062841857447 0.865351131747
2017-08-23 01:39:42,284 INFO     
2017-08-23 01:39:42,284 INFO     [rollout0] [3, 3, 3, 3, 3, 4, 3, 5, 1, 1, 1, 1, 5]
2017-08-23 01:39:42,284 INFO     [rollout1] [3, 3, 3, 3, 1, 1, 3, 4, 3, 5, 1, 1, 1, 1, 1, 1, 1, 1, 5, 5]
2017-08-23 01:39:42,284 INFO     [rollout2] [0, 0, 0, 0, 5, 0, 0, 3, 3, 4, 3, 3, 3, 3, 3, 4, 5, 0, 4, 2, 0, 0, 0, 3, 3, 4, 3, 0, 0, 5]
2017-08-23 01:39:42,284 INFO     [reward] 0.726714285714
2017-08-23 01:39:42,284 INFO     [error] [ -1.19573424e-05   1.21659070e-04]
2017-08-23 01:39:42,284 INFO     
2017-08-23 01:39:42,285 INFO     [min reward] 0.543468118196
2017-08-23 01:39:42,285 INFO     
2017-08-23 01:39:42,285 INFO     [max steps] 3
2017-08-23 01:45:22,081 INFO     [step] 2351700
2017-08-23 01:45:22,081 INFO     [task] go[LL] 0.031325452125 0.946456692913
2017-08-23 01:45:22,081 INFO     [task] go[URU] 0.119364497587 0.756244737581
2017-08-23 01:45:22,081 INFO     [task] go[LLD] 0.0743973299073 0.864380183815
2017-08-23 01:45:22,081 INFO     [task] go[LD] 0.102924704139 0.785309845863
2017-08-23 01:45:22,081 INFO     [task] go[UL] 0.0626436563075 0.875979465009
2017-08-23 01:45:22,081 INFO     [task] go[DRU] 0.213262538909 0.506715035505
2017-08-23 01:45:22,081 INFO     [task] go[RD] 0.0888198670847 0.831096196868
2017-08-23 01:45:22,081 INFO     [task] go[LUR] 0.0843896688487 0.82924916683
2017-08-23 01:45:22,082 INFO     [task] go[RDD] 0.156749933979 0.607663077897
2017-08-23 01:45:22,082 INFO     [task] go[UR] 0.0661223511126 0.870510875063
2017-08-23 01:45:22,082 INFO     
2017-08-23 01:45:22,082 INFO     [rollout0] [1, 2, 4, 0, 2, 2, 2, 4, 0, 4, 1, 2, 2, 2, 6, 2, 2, 2, 2, 2, 5, 1, 1, 1, 5]
2017-08-23 01:45:22,082 INFO     [rollout1] [3, 3, 3, 3, 3, 3, 5, 1, 1, 1, 5]
2017-08-23 01:45:22,082 INFO     [rollout2] [2, 2, 2, 2, 4, 4, 1, 1, 4, 0, 0, 2, 4, 2, 6, 2, 2, 2, 2, 2, 2, 2, 4, 5, 3, 1, 1, 1, 1, 5]
2017-08-23 01:45:22,082 INFO     [reward] 0.724089403974
2017-08-23 01:45:22,082 INFO     [error] [ -3.75329493e-05   1.31693655e-04]
2017-08-23 01:45:22,082 INFO     
2017-08-23 01:45:22,082 INFO     [min reward] 0.506715035505
2017-08-23 01:45:22,082 INFO     
2017-08-23 01:45:22,082 INFO     [max steps] 3
2017-08-23 01:50:50,747 INFO     [step] 2409500
2017-08-23 01:50:50,747 INFO     [task] go[LL] 0.0285408990778 0.947779111645
2017-08-23 01:50:50,747 INFO     [task] go[URU] 0.113975864135 0.765858767205
2017-08-23 01:50:50,747 INFO     [task] go[LLD] 0.0654061091248 0.85031512605
2017-08-23 01:50:50,747 INFO     [task] go[LD] 0.100921077404 0.785412262156
2017-08-23 01:50:50,748 INFO     [task] go[UL] 0.0601962148162 0.876832844575
2017-08-23 01:50:50,748 INFO     [task] go[DRU] 0.226053789732 0.523164101386
2017-08-23 01:50:50,748 INFO     [task] go[RD] 0.0803558332723 0.81673567226
2017-08-23 01:50:50,748 INFO     [task] go[LUR] 0.0811854391006 0.825393449596
2017-08-23 01:50:50,748 INFO     [task] go[RDD] 0.180712304969 0.623938078157
2017-08-23 01:50:50,748 INFO     [task] go[UR] 0.0626524683684 0.859634551495
2017-08-23 01:50:50,748 INFO     
2017-08-23 01:50:50,748 INFO     [rollout0] [2, 2, 2, 2, 2, 2, 2, 2, 2, 2, 5, 3, 5]
2017-08-23 01:50:50,748 INFO     [rollout1] [1, 2, 1, 4, 0, 0, 0, 0, 1, 1, 3, 3, 3, 3, 6, 5, 5]
2017-08-23 01:50:50,748 INFO     [rollout2] [3, 4, 2, 2, 2, 2, 2, 2, 2, 2, 2, 2, 2, 2, 6, 2, 5, 1, 1, 1, 5]
2017-08-23 01:50:50,748 INFO     [reward] 0.719031141869
2017-08-23 01:50:50,748 INFO     [error] [ -1.87003482e-05   1.29326267e-04]
2017-08-23 01:50:50,748 INFO     
2017-08-23 01:50:50,748 INFO     [min reward] 0.523164101386
2017-08-23 01:50:50,748 INFO     
2017-08-23 01:50:50,749 INFO     [max steps] 3
2017-08-23 01:56:33,323 INFO     [step] 2470400
2017-08-23 01:56:33,323 INFO     [task] go[LL] 0.0279652481524 0.94612196566
2017-08-23 01:56:33,323 INFO     [task] go[URU] 0.109729551278 0.763036007769
2017-08-23 01:56:33,323 INFO     [task] go[LLD] 0.0717705459409 0.861633776962
2017-08-23 01:56:33,323 INFO     [task] go[LD] 0.100941211011 0.794326241135
2017-08-23 01:56:33,323 INFO     [task] go[UL] 0.0598521275677 0.876096491228
2017-08-23 01:56:33,324 INFO     [task] go[DRU] 0.218808941404 0.520320935813
2017-08-23 01:56:33,324 INFO     [task] go[RD] 0.0868628691607 0.820895522388
2017-08-23 01:56:33,324 INFO     [task] go[LUR] 0.0829716214133 0.824877571009
2017-08-23 01:56:33,324 INFO     [task] go[RDD] 0.173515964364 0.611885129372
2017-08-23 01:56:33,324 INFO     [task] go[UR] 0.0675819197081 0.874159462056
2017-08-23 01:56:33,324 INFO     
2017-08-23 01:56:33,324 INFO     [rollout0] [1, 1, 1, 1, 1, 1, 5, 3, 3, 3, 3, 5, 3, 3, 0, 0, 0, 0, 5]
2017-08-23 01:56:33,324 INFO     [rollout1] [2, 2, 2, 2, 2, 2, 5, 1, 1, 1, 1, 5]
2017-08-23 01:56:33,324 INFO     [rollout2] [3, 3, 3, 3, 5, 3, 3, 3, 4, 2, 1, 1, 1, 1, 1, 4, 1, 1, 1, 6, 1, 1, 5]
2017-08-23 01:56:33,324 INFO     [reward] 0.723530377668
2017-08-23 01:56:33,324 INFO     [error] [ -1.82297334e-06   1.18395523e-04]
2017-08-23 01:56:33,324 INFO     
2017-08-23 01:56:33,324 INFO     [min reward] 0.520320935813
2017-08-23 01:56:33,324 INFO     
2017-08-23 01:56:33,325 INFO     [max steps] 3
2017-08-23 02:02:06,418 INFO     [step] 2529100
2017-08-23 02:02:06,418 INFO     [task] go[LL] 0.028948009053 0.948246118459
2017-08-23 02:02:06,418 INFO     [task] go[URU] 0.111918219725 0.763206960845
2017-08-23 02:02:06,418 INFO     [task] go[LLD] 0.0672360508907 0.853882411312
2017-08-23 02:02:06,418 INFO     [task] go[LD] 0.0977382286204 0.786815523658
2017-08-23 02:02:06,418 INFO     [task] go[UL] 0.0606818920498 0.867246702217
2017-08-23 02:02:06,418 INFO     [task] go[DRU] 0.221910929628 0.520563682316
2017-08-23 02:02:06,418 INFO     [task] go[RD] 0.0856976609636 0.833399681529
2017-08-23 02:02:06,419 INFO     [task] go[LUR] 0.0838930910404 0.830400981997
2017-08-23 02:02:06,419 INFO     [task] go[RDD] 0.180416210333 0.633532822143
2017-08-23 02:02:06,419 INFO     [task] go[UR] 0.0615597076963 0.863172413793
2017-08-23 02:02:06,419 INFO     
2017-08-23 02:02:06,419 INFO     [rollout0] [3, 4, 2, 0, 0, 0, 0, 0, 0, 5, 3, 3, 3, 3, 5, 3, 3, 0, 0, 0, 0, 5]
2017-08-23 02:02:06,419 INFO     [rollout1] [3, 3, 3, 3, 5, 3, 3, 1, 1, 1, 1, 5]
2017-08-23 02:02:06,419 INFO     [rollout2] [3, 4, 2, 1, 1, 1, 1, 1, 1, 1, 1, 1, 1, 5, 0, 3, 3, 3, 3, 3, 3, 3, 3, 0, 0, 0, 0, 2, 6, 3, 0, 0, 0, 5]
2017-08-23 02:02:06,419 INFO     [reward] 0.723679727428
2017-08-23 02:02:06,419 INFO     [error] [ -1.14475078e-05   1.13708169e-04]
2017-08-23 02:02:06,419 INFO     
2017-08-23 02:02:06,419 INFO     [min reward] 0.520563682316
2017-08-23 02:02:06,419 INFO     
2017-08-23 02:02:06,419 INFO     [max steps] 3
2017-08-23 02:07:39,212 INFO     [step] 2588000
2017-08-23 02:07:39,212 INFO     [task] go[LL] 0.0280759097114 0.946827794562
2017-08-23 02:07:39,212 INFO     [task] go[URU] 0.112202486901 0.7622139765
2017-08-23 02:07:39,212 INFO     [task] go[LLD] 0.0709776165477 0.853884533143
2017-08-23 02:07:39,212 INFO     [task] go[LD] 0.101469042114 0.781186783547
2017-08-23 02:07:39,212 INFO     [task] go[UL] 0.0649016482776 0.861053180396
2017-08-23 02:07:39,212 INFO     [task] go[DRU] 0.222518318231 0.512692656392
2017-08-23 02:07:39,212 INFO     [task] go[RD] 0.0802899262795 0.826263056918
2017-08-23 02:07:39,212 INFO     [task] go[LUR] 0.0816532611049 0.832299421009
2017-08-23 02:07:39,212 INFO     [task] go[RDD] 0.171157799818 0.629812438302
2017-08-23 02:07:39,212 INFO     [task] go[UR] 0.0667539910143 0.869209111851
2017-08-23 02:07:39,212 INFO     
2017-08-23 02:07:39,212 INFO     [rollout0] [3, 4, 2, 1, 1, 1, 5, 3, 3, 3, 3, 3, 3, 3, 3, 3, 3, 3, 3, 3, 3, 6, 0, 5]
2017-08-23 02:07:39,212 INFO     [rollout1] [0, 0, 0, 0, 5, 2, 4, 0, 4, 3, 0, 3, 3, 3, 3, 3, 4, 1, 4, 6, 0, 3, 0, 0, 0, 0, 5]
2017-08-23 02:07:39,213 INFO     [rollout2] [1, 4, 0, 0, 0, 0, 0, 5, 0, 0, 0, 3, 3, 4, 1, 3, 3, 3, 3, 3, 3, 3, 6, 0, 0, 0, 0, 0, 0, 0, 0, 0, 0, 0, 0, 0, 0, 6]
2017-08-23 02:07:39,213 INFO     [reward] 0.721409168081
2017-08-23 02:07:39,213 INFO     [error] [ -2.83997483e-05   1.27854083e-04]
2017-08-23 02:07:39,213 INFO     
2017-08-23 02:07:39,213 INFO     [min reward] 0.512692656392
2017-08-23 02:07:39,213 INFO     
2017-08-23 02:07:39,213 INFO     [max steps] 3
2017-08-23 02:13:18,186 INFO     [step] 2648300
2017-08-23 02:13:18,186 INFO     [task] go[LL] 0.0283976558445 0.950858496152
2017-08-23 02:13:18,186 INFO     [task] go[URU] 0.111386679785 0.762105898326
2017-08-23 02:13:18,186 INFO     [task] go[LLD] 0.0701782258363 0.865605244673
2017-08-23 02:13:18,186 INFO     [task] go[LD] 0.102857877582 0.791620200733
2017-08-23 02:13:18,186 INFO     [task] go[UL] 0.0669557203665 0.875949987742
2017-08-23 02:13:18,186 INFO     [task] go[DRU] 0.223553423453 0.501776198934
2017-08-23 02:13:18,186 INFO     [task] go[RD] 0.0825948443529 0.829540837058
2017-08-23 02:13:18,187 INFO     [task] go[LUR] 0.0798813315218 0.83343440469
2017-08-23 02:13:18,187 INFO     [task] go[RDD] 0.170904837952 0.624546968361
2017-08-23 02:13:18,187 INFO     [task] go[UR] 0.0632894033063 0.858964143426
2017-08-23 02:13:18,187 INFO     
2017-08-23 02:13:18,187 INFO     [rollout0] [2, 2, 2, 2, 2, 0, 4, 1, 2, 2, 2, 2, 2, 0, 6, 2, 2, 2, 4, 5, 3, 1, 1, 1, 1, 1, 5]
2017-08-23 02:13:18,187 INFO     [rollout1] [2, 2, 2, 2, 2, 2, 0, 5, 0, 0, 0, 3, 4, 3, 0, 3, 3, 0, 5, 3, 3, 5]
2017-08-23 02:13:18,187 INFO     [rollout2] [1, 1, 4, 0, 0, 2, 2, 2, 2, 0, 4, 1, 2, 2, 6, 2, 2, 2, 2, 1, 1, 4, 2, 2, 5]
2017-08-23 02:13:18,187 INFO     [reward] 0.72127694859
2017-08-23 02:13:18,187 INFO     [error] [ -2.66517923e-05   1.20502391e-04]
2017-08-23 02:13:18,187 INFO     
2017-08-23 02:13:18,187 INFO     [min reward] 0.501776198934
2017-08-23 02:13:18,187 INFO     
2017-08-23 02:13:18,187 INFO     [max steps] 3
2017-08-23 02:18:54,401 INFO     [step] 2707900
2017-08-23 02:18:54,401 INFO     [task] go[LL] 0.0268142762373 0.947609692207
2017-08-23 02:18:54,401 INFO     [task] go[URU] 0.112393167021 0.75987933635
2017-08-23 02:18:54,401 INFO     [task] go[LLD] 0.0654674062139 0.854054054054
2017-08-23 02:18:54,401 INFO     [task] go[LD] 0.0990116226534 0.801077078425
2017-08-23 02:18:54,401 INFO     [task] go[UL] 0.0607771839469 0.877719636464
2017-08-23 02:18:54,401 INFO     [task] go[DRU] 0.230424532779 0.524258466894
2017-08-23 02:18:54,402 INFO     [task] go[RD] 0.081818714943 0.817789646672
2017-08-23 02:18:54,402 INFO     [task] go[LUR] 0.0800534030853 0.827893776607
2017-08-23 02:18:54,402 INFO     [task] go[RDD] 0.174761265682 0.641040631394
2017-08-23 02:18:54,402 INFO     [task] go[UR] 0.0684784274387 0.860842207164
2017-08-23 02:18:54,402 INFO     
2017-08-23 02:18:54,402 INFO     [rollout0] [1, 1, 3, 3, 4, 2, 2, 0, 0, 0, 0, 0, 0, 0, 6, 3, 0, 3, 3, 3, 5, 3, 3, 0, 0, 0, 0, 5]
2017-08-23 02:18:54,402 INFO     [rollout1] [1, 3, 4, 0, 3, 3, 3, 3, 3, 5, 1, 1, 1, 1, 3, 1, 1, 4, 2, 1, 1, 1, 1, 5, 5]
2017-08-23 02:18:54,402 INFO     [rollout2] [2, 1, 4, 0, 3, 3, 3, 3, 0, 3, 5, 3, 3, 1, 1, 4, 1, 5, 1, 5]
2017-08-23 02:18:54,402 INFO     [reward] 0.724496644295
2017-08-23 02:18:54,402 INFO     [error] [ -1.58209081e-05   1.07913228e-04]
2017-08-23 02:18:54,402 INFO     
2017-08-23 02:18:54,402 INFO     [min reward] 0.524258466894
2017-08-23 02:18:54,402 INFO     
2017-08-23 02:18:54,402 INFO     [max steps] 3
2017-08-23 02:24:22,626 INFO     [step] 2766000
2017-08-23 02:24:22,626 INFO     [task] go[LL] 0.0285169102252 0.935769004125
2017-08-23 02:24:22,626 INFO     [task] go[URU] 0.114323342248 0.76855176541
2017-08-23 02:24:22,626 INFO     [task] go[LLD] 0.0712786440368 0.852982954545
2017-08-23 02:24:22,626 INFO     [task] go[LD] 0.0954929765423 0.790637191157
2017-08-23 02:24:22,626 INFO     [task] go[UL] 0.0604617509507 0.885509325681
2017-08-23 02:24:22,627 INFO     [task] go[DRU] 0.222019223534 0.527788603944
2017-08-23 02:24:22,627 INFO     [task] go[RD] 0.0878541168348 0.834583573764
2017-08-23 02:24:22,627 INFO     [task] go[LUR] 0.083235794271 0.82936425761
2017-08-23 02:24:22,627 INFO     [task] go[RDD] 0.168641277203 0.658746415404
2017-08-23 02:24:22,627 INFO     [task] go[UR] 0.0681759641548 0.87194208687
2017-08-23 02:24:22,627 INFO     
2017-08-23 02:24:22,627 INFO     [rollout0] [3, 1, 4, 2, 1, 1, 1, 5, 1, 1, 1, 1, 3, 4, 0, 0, 3, 3, 3, 5, 0, 3, 3, 3, 4, 2, 0, 0, 0, 5]
2017-08-23 02:24:22,627 INFO     [rollout1] [2, 1, 1, 4, 3, 0, 0, 3, 3, 3, 3, 5, 3, 3, 3, 1, 1, 4, 2, 1, 1, 5, 1, 1, 1, 2, 4, 3, 1, 1, 5]
2017-08-23 02:24:22,627 INFO     [rollout2] [1, 3, 4, 0, 3, 3, 3, 3, 3, 5, 1, 1, 1, 1, 5]
2017-08-23 02:24:22,627 INFO     [reward] 0.735111876076
2017-08-23 02:24:22,627 INFO     [error] [ -1.71228693e-05   1.35394740e-04]
2017-08-23 02:24:22,627 INFO     
2017-08-23 02:24:22,627 INFO     [min reward] 0.527788603944
2017-08-23 02:24:22,627 INFO     
2017-08-23 02:24:22,627 INFO     [max steps] 3
2017-08-23 02:30:03,567 INFO     [step] 2826700
2017-08-23 02:30:03,567 INFO     [task] go[LL] 0.0346206504076 0.948251078103
2017-08-23 02:30:03,567 INFO     [task] go[URU] 0.112609225065 0.756871968249
2017-08-23 02:30:03,567 INFO     [task] go[LLD] 0.0732312987942 0.855637030247
2017-08-23 02:30:03,568 INFO     [task] go[LD] 0.102308786617 0.797210644437
2017-08-23 02:30:03,568 INFO     [task] go[UL] 0.0580612999163 0.881188118812
2017-08-23 02:30:03,568 INFO     [task] go[DRU] 0.224898938356 0.499168894992
2017-08-23 02:30:03,568 INFO     [task] go[RD] 0.0818125999372 0.83018488746
2017-08-23 02:30:03,568 INFO     [task] go[LUR] 0.0842468407526 0.833529181355
2017-08-23 02:30:03,568 INFO     [task] go[RDD] 0.163821425449 0.596056622851
2017-08-23 02:30:03,568 INFO     [task] go[UR] 0.064388934705 0.864648033126
2017-08-23 02:30:03,568 INFO     
2017-08-23 02:30:03,568 INFO     [rollout0] [3, 3, 3, 5, 3, 3, 3, 5, 5]
2017-08-23 02:30:03,568 INFO     [rollout1] [0, 0, 0, 0, 5, 0, 0, 3, 4, 3, 3, 3, 5]
2017-08-23 02:30:03,568 INFO     [rollout2] [1, 2, 4, 3, 0, 0, 0, 0, 0, 0, 0, 5, 2, 2, 2, 2, 5]
2017-08-23 02:30:03,568 INFO     [reward] 0.716309719934
2017-08-23 02:30:03,568 INFO     [error] [ -3.49254960e-07   1.23841354e-04]
2017-08-23 02:30:03,568 INFO     
2017-08-23 02:30:03,568 INFO     [min reward] 0.499168894992
2017-08-23 02:30:03,569 INFO     
2017-08-23 02:30:03,569 INFO     [max steps] 3
2017-08-23 02:35:18,114 INFO     [step] 2881800
2017-08-23 02:35:18,114 INFO     [task] go[LL] 0.027600323693 0.945795691452
2017-08-23 02:35:18,114 INFO     [task] go[URU] 0.113142309168 0.764762516046
2017-08-23 02:35:18,114 INFO     [task] go[LLD] 0.0689966367098 0.840061712522
2017-08-23 02:35:18,114 INFO     [task] go[LD] 0.0951118644907 0.78916461451
2017-08-23 02:35:18,114 INFO     [task] go[UL] 0.0575758977979 0.880331389997
2017-08-23 02:35:18,115 INFO     [task] go[DRU] 0.228329554872 0.550008014105
2017-08-23 02:35:18,115 INFO     [task] go[RD] 0.0803731491741 0.837352138308
2017-08-23 02:35:18,115 INFO     [task] go[LUR] 0.0788783280306 0.823315944659
2017-08-23 02:35:18,115 INFO     [task] go[RDD] 0.185023006861 0.667488170347
2017-08-23 02:35:18,115 INFO     [task] go[UR] 0.0649689292032 0.861258741259
2017-08-23 02:35:18,115 INFO     
2017-08-23 02:35:18,115 INFO     [rollout0] [0, 3, 3, 4, 1, 3, 3, 3, 3, 5, 1, 1, 1, 5, 1, 1, 1, 1, 1, 1, 1, 5]
2017-08-23 02:35:18,115 INFO     [rollout1] [0, 4, 1, 3, 3, 3, 3, 5, 3, 3, 1, 1, 1, 1, 1, 1, 1, 1, 1, 1, 5, 5]
2017-08-23 02:35:18,115 INFO     [rollout2] [1, 1, 3, 4, 3, 2, 2, 0, 0, 0, 0, 0, 0, 0, 6, 0, 3, 5, 0, 5]
2017-08-23 02:35:18,115 INFO     [reward] 0.734174228675
2017-08-23 02:35:18,115 INFO     [error] [ -2.28544519e-05   1.24787175e-04]
2017-08-23 02:35:18,115 INFO     
2017-08-23 02:35:18,115 INFO     [min reward] 0.550008014105
2017-08-23 02:35:18,115 INFO     
2017-08-23 02:35:18,115 INFO     [max steps] 3
2017-08-23 02:40:59,379 INFO     [step] 2942400
2017-08-23 02:40:59,379 INFO     [task] go[LL] 0.0299955507454 0.943899782135
2017-08-23 02:40:59,379 INFO     [task] go[URU] 0.11457227032 0.767285484578
2017-08-23 02:40:59,379 INFO     [task] go[LLD] 0.0793933092798 0.84978714778
2017-08-23 02:40:59,380 INFO     [task] go[LD] 0.103171876805 0.799679487179
2017-08-23 02:40:59,380 INFO     [task] go[UL] 0.0605797563967 0.86781139275
2017-08-23 02:40:59,380 INFO     [task] go[DRU] 0.214903224838 0.508927208912
2017-08-23 02:40:59,380 INFO     [task] go[RD] 0.0806591927182 0.822397731875
2017-08-23 02:40:59,380 INFO     [task] go[LUR] 0.0872167488759 0.827948766966
2017-08-23 02:40:59,380 INFO     [task] go[RDD] 0.160017780733 0.604653578477
2017-08-23 02:40:59,380 INFO     [task] go[UR] 0.069490289288 0.864800191433
2017-08-23 02:40:59,380 INFO     
2017-08-23 02:40:59,380 INFO     [rollout0] [3, 3, 3, 3, 5, 3, 3, 1, 1, 1, 1, 5]
2017-08-23 02:40:59,380 INFO     [rollout1] [2, 2, 2, 2, 2, 0, 4, 2, 5, 0, 0, 0, 0, 0, 5, 3, 3, 3, 3, 5]
2017-08-23 02:40:59,380 INFO     [rollout2] [1, 1, 3, 3, 4, 0, 0, 3, 3, 3, 3, 5, 1, 1, 1, 1, 1, 1, 1, 1, 4, 1, 1, 1, 1, 5, 5]
2017-08-23 02:40:59,380 INFO     [reward] 0.723514851485
2017-08-23 02:40:59,380 INFO     [error] [ -1.68483691e-05   1.32327531e-04]
2017-08-23 02:40:59,380 INFO     
2017-08-23 02:40:59,381 INFO     [min reward] 0.508927208912
2017-08-23 02:40:59,381 INFO     
2017-08-23 02:40:59,381 INFO     [max steps] 3
2017-08-23 02:46:31,983 INFO     [step] 3001300
2017-08-23 02:46:31,984 INFO     [task] go[LL] 0.0294720643389 0.947065592635
2017-08-23 02:46:31,984 INFO     [task] go[URU] 0.108218974847 0.766801493466
2017-08-23 02:46:31,984 INFO     [task] go[LLD] 0.0714340079512 0.854251012146
2017-08-23 02:46:31,984 INFO     [task] go[LD] 0.0937754804122 0.79165914425
2017-08-23 02:46:31,984 INFO     [task] go[UL] 0.0633975486993 0.886351423966
2017-08-23 02:46:31,984 INFO     [task] go[DRU] 0.223413023654 0.505047415112
2017-08-23 02:46:31,984 INFO     [task] go[RD] 0.0836461103289 0.830259766012
2017-08-23 02:46:31,984 INFO     [task] go[LUR] 0.0811710736554 0.835440370839
2017-08-23 02:46:31,984 INFO     [task] go[RDD] 0.180731564896 0.633210122263
2017-08-23 02:46:31,984 INFO     [task] go[UR] 0.0647401512173 0.870917573872
2017-08-23 02:46:31,984 INFO     
2017-08-23 02:46:31,984 INFO     [rollout0] [0, 0, 0, 0, 4, 0, 0, 5, 3, 3, 3, 3, 5]
2017-08-23 02:46:31,984 INFO     [rollout1] [2, 2, 2, 2, 2, 2, 2, 2, 2, 2, 2, 2, 1, 5, 5, 1, 1, 1, 5]
2017-08-23 02:46:31,984 INFO     [rollout2] [0, 0, 0, 0, 5, 0, 0, 3, 3, 4, 3, 3, 5]
2017-08-23 02:46:31,984 INFO     [reward] 0.723989813243
2017-08-23 02:46:31,985 INFO     [error] [  5.88605517e-06   1.10039763e-04]
2017-08-23 02:46:31,985 INFO     
2017-08-23 02:46:31,985 INFO     [min reward] 0.505047415112
2017-08-23 02:46:31,985 INFO     
