2016-10-30 16:48:57,031 INFO     BEGIN
2016-10-30 16:48:57,031 INFO     struct {
    trainer:
        improvement_threshold: 0.8
        use_curriculum: True
        name: 'CurriculumTrainer'
        max_timesteps: 100
        hints: 'resources/craft/hints.args.yaml'
    name: 'craft_args'
    recipes: 'resources/craft/recipes.yaml'
    world:
        name: 'CraftWorld'
    model:
        use_args: True
        name: 'ModularACModel'
        max_subtask_timesteps: 15
        baseline: 'state'
    experiment_dir: 'experiments/craft_args'
}
2016-10-30 16:49:32,246 INFO     [max steps] 1
2016-10-30 16:49:32,246 INFO     [min reward] inf
2016-10-30 16:49:32,246 INFO     
2016-10-30 16:49:46,746 INFO     [max steps] 2
2016-10-30 16:58:37,620 INFO     [step] 50000
2016-10-30 16:58:37,620 INFO     [task] make[cloth] 0.25 0.0168060596497
2016-10-30 16:58:37,620 INFO     [task] make[stick] 0.25 0.013060303128
2016-10-30 16:58:37,620 INFO     [task] make[plank] 0.25 0.014915797915
2016-10-30 16:58:37,620 INFO     [task] make[rope] 0.25 0.0159813684549
2016-10-30 16:58:37,620 INFO     
2016-10-30 16:58:37,620 INFO     [rollout0] [3, 2, 4, 4, 2, 4, 0, 0, 0, 0, 4, 3, 4, 5, 4, 4, 4, 5]
2016-10-30 16:58:37,620 INFO     [rollout1] [4, 0, 0, 4, 2, 4, 4, 4, 4, 4, 4, 4, 5, 3, 0, 1, 4, 2, 2, 4, 3, 4, 1, 4, 4, 4, 4, 6]
2016-10-30 16:58:37,620 INFO     [rollout2] [4, 4, 2, 1, 1, 4, 4, 0, 2, 1, 4, 4, 3, 0, 6, 1, 2, 1, 1, 1, 0, 4, 4, 1, 4, 4, 0, 1, 4, 6]
2016-10-30 16:58:37,621 INFO     [reward] 0.0152
2016-10-30 16:58:37,621 INFO     [error] [  1.00846753e-05   9.95523433e-06]
2016-10-30 16:58:37,621 INFO     
2016-10-30 16:58:37,621 INFO     [min reward] 0.013060303128
2016-10-30 16:58:37,621 INFO     
2016-10-30 16:58:37,621 INFO     [max steps] 2
2016-10-30 17:09:29,271 INFO     [step] 150500
2016-10-30 17:09:29,272 INFO     [task] make[cloth] 0.249594098673 0.00919842312746
2016-10-30 17:09:29,272 INFO     [task] make[stick] 0.250535424113 0.00688743843351
2016-10-30 17:09:29,272 INFO     [task] make[plank] 0.250069129938 0.00939864595779
2016-10-30 17:09:29,272 INFO     [task] make[rope] 0.249801347275 0.0125276636105
2016-10-30 17:09:29,272 INFO     
2016-10-30 17:09:29,272 INFO     [rollout0] [0, 4, 4, 0, 4, 1, 5, 1, 4, 4, 4, 1, 5]
2016-10-30 17:09:29,272 INFO     [rollout1] [4, 4, 1, 1, 1, 2, 1, 4, 0, 0, 0, 4, 1, 4, 6, 0, 4, 4, 4, 4, 0, 1, 0, 4, 3, 4, 4, 4, 1, 6]
2016-10-30 17:09:29,273 INFO     [rollout2] [1, 4, 5, 4, 2, 0, 0, 1, 1, 4, 2, 2, 4, 0, 5]
2016-10-30 17:09:29,273 INFO     [reward] 0.00951243781095
2016-10-30 17:09:29,273 INFO     [error] [  5.17275600e-05   3.78052980e-06]
2016-10-30 17:09:29,273 INFO     
2016-10-30 17:09:29,273 INFO     [min reward] 0.00688743843351
2016-10-30 17:09:29,273 INFO     
2016-10-30 17:09:29,273 INFO     [max steps] 2
2016-10-30 17:21:01,611 INFO     [step] 249200
2016-10-30 17:21:01,612 INFO     [task] make[cloth] 0.250076117087 0.0233699841766
2016-10-30 17:21:01,612 INFO     [task] make[stick] 0.250653576288 0.00811516189544
2016-10-30 17:21:01,612 INFO     [task] make[plank] 0.250026086242 0.0220054812188
2016-10-30 17:21:01,613 INFO     [task] make[rope] 0.249244220383 0.0331324082689
2016-10-30 17:21:01,613 INFO     
2016-10-30 17:21:01,613 INFO     [rollout0] [3, 4, 3, 4, 4, 4, 0, 4, 4, 4, 4, 2, 4, 5, 2, 0, 4, 0, 4, 4, 4, 4, 1, 4, 4, 4, 0, 0, 6]
2016-10-30 17:21:01,613 INFO     [rollout1] [2, 5, 0, 4, 2, 4, 4, 0, 4, 4, 0, 1, 3, 4, 4, 4, 6]
2016-10-30 17:21:01,613 INFO     [rollout2] [4, 4, 4, 1, 4, 2, 4, 1, 3, 5, 1, 1, 5]
2016-10-30 17:21:01,613 INFO     [reward] 0.0216818642351
2016-10-30 17:21:01,613 INFO     [error] [ -7.75382705e-05   1.92308868e-05]
2016-10-30 17:21:01,613 INFO     
2016-10-30 17:21:01,613 INFO     [min reward] 0.00811516189544
2016-10-30 17:21:01,613 INFO     
2016-10-30 17:21:01,614 INFO     [max steps] 2
2016-10-30 17:31:08,541 INFO     [step] 322400
2016-10-30 17:31:08,542 INFO     [task] make[cloth] 0.24956638962 0.0553670490655
2016-10-30 17:31:08,542 INFO     [task] make[stick] 0.253425071051 0.015581194738
2016-10-30 17:31:08,542 INFO     [task] make[plank] 0.24991153833 0.0746481970097
2016-10-30 17:31:08,542 INFO     [task] make[rope] 0.247097000999 0.111328452467
2016-10-30 17:31:08,542 INFO     
2016-10-30 17:31:08,542 INFO     [rollout0] [4, 1, 4, 1, 0, 1, 0, 3, 1, 1, 3, 4, 0, 0, 6, 2, 1, 3, 1, 2, 4, 1, 3, 4, 4, 1, 1, 1, 1, 6]
2016-10-30 17:31:08,542 INFO     [rollout1] [3, 4, 4, 3, 4, 3, 2, 4, 4, 4, 3, 4, 4, 4, 6, 4, 1, 4, 4, 1, 4, 2, 4, 2, 4, 4, 4, 4, 2, 6]
2016-10-30 17:31:08,542 INFO     [rollout2] [4, 4, 4, 2, 4, 4, 1, 2, 4, 2, 1, 4, 0, 4, 6, 2, 1, 3, 1, 4, 5]
2016-10-30 17:31:08,542 INFO     [reward] 0.0637568306011
2016-10-30 17:31:08,542 INFO     [error] [ -4.77197351e-05   4.80936000e-05]
2016-10-30 17:31:08,542 INFO     
2016-10-30 17:31:08,543 INFO     [min reward] 0.015581194738
2016-10-30 17:31:08,543 INFO     
2016-10-30 17:31:08,543 INFO     [max steps] 2
2016-10-30 17:39:53,140 INFO     [step] 380000
2016-10-30 17:39:53,141 INFO     [task] make[cloth] 0.252343113474 0.0755375975894
2016-10-30 17:39:53,141 INFO     [task] make[stick] 0.262859916129 0.0251156642432
2016-10-30 17:39:53,141 INFO     [task] make[plank] 0.247246426942 0.187434481795
2016-10-30 17:39:53,141 INFO     [task] make[rope] 0.237550543455 0.23032672026
2016-10-30 17:39:53,141 INFO     
2016-10-30 17:39:53,141 INFO     [rollout0] [2, 4, 4, 4, 3, 2, 2, 4, 4, 4, 4, 2, 4, 3, 6, 0, 4, 4, 4, 3, 4, 0, 4, 2, 4, 4, 4, 4, 0, 6]
2016-10-30 17:39:53,141 INFO     [rollout1] [2, 4, 2, 2, 2, 2, 2, 4, 2, 2, 2, 2, 2, 4, 6, 2, 4, 2, 2, 2, 2, 2, 2, 4, 2, 4, 2, 2, 2, 6]
2016-10-30 17:39:53,141 INFO     [rollout2] [4, 4, 4, 4, 4, 4, 4, 4, 4, 4, 1, 2, 4, 4, 6, 4, 1, 4, 4, 4, 0, 4, 0, 4, 5]
2016-10-30 17:39:53,141 INFO     [reward] 0.126527777778
2016-10-30 17:39:53,141 INFO     [error] [ -1.02071585e-04   3.79923079e-05]
2016-10-30 17:39:53,142 INFO     
2016-10-30 17:39:53,142 INFO     [min reward] 0.0251156642432
2016-10-30 17:39:53,142 INFO     
2016-10-30 17:39:53,142 INFO     [max steps] 2
2016-10-30 17:48:23,548 INFO     [step] 435100
2016-10-30 17:48:23,549 INFO     [task] make[cloth] 0.265352748876 0.0897610921502
2016-10-30 17:48:23,549 INFO     [task] make[stick] 0.279670712427 0.0297726685611
2016-10-30 17:48:23,549 INFO     [task] make[plank] 0.233578173743 0.269491922266
2016-10-30 17:48:23,549 INFO     [task] make[rope] 0.221398364954 0.319345017691
2016-10-30 17:48:23,549 INFO     
2016-10-30 17:48:23,549 INFO     [rollout0] [3, 1, 1, 3, 0, 3, 4, 4, 3, 0, 2, 2, 1, 1, 6, 1, 4, 3, 1, 1, 3, 2, 3, 0, 0, 0, 0, 0, 0, 6]
2016-10-30 17:48:23,549 INFO     [rollout1] [3, 1, 3, 1, 3, 4, 3, 4, 4, 2, 3, 4, 2, 3, 6, 3, 4, 3, 3, 3, 3, 3, 3, 4, 3, 3, 1, 4, 3, 6]
2016-10-30 17:48:23,549 INFO     [rollout2] [4, 1, 4, 1, 2, 0, 2, 4, 5, 5]
2016-10-30 17:48:23,549 INFO     [reward] 0.165335753176
2016-10-30 17:48:23,549 INFO     [error] [ -6.03303084e-05   4.59856540e-05]
2016-10-30 17:48:23,550 INFO     
2016-10-30 17:48:23,550 INFO     [min reward] 0.0297726685611
2016-10-30 17:48:23,550 INFO     
2016-10-30 17:48:23,550 INFO     [max steps] 2
2016-10-30 17:56:47,092 INFO     [step] 490500
2016-10-30 17:56:47,093 INFO     [task] make[cloth] 0.276212875194 0.108038201353
2016-10-30 17:56:47,093 INFO     [task] make[stick] 0.294218606985 0.0338795801878
2016-10-30 17:56:47,093 INFO     [task] make[plank] 0.222266047991 0.304917242488
2016-10-30 17:56:47,093 INFO     [task] make[rope] 0.20730246983 0.325390658724
2016-10-30 17:56:47,093 INFO     
2016-10-30 17:56:47,093 INFO     [rollout0] [2, 0, 4, 2, 4, 0, 0, 0, 0, 0, 2, 0, 5, 4, 2, 4, 5]
2016-10-30 17:56:47,093 INFO     [rollout1] [4, 4, 4, 4, 4, 4, 4, 4, 4, 4, 4, 4, 4, 4, 6, 4, 4, 4, 4, 4, 4, 4, 4, 4, 4, 4, 4, 4, 4, 6]
2016-10-30 17:56:47,093 INFO     [rollout2] [2, 1, 2, 4, 4, 1, 2, 4, 2, 0, 4, 5, 5]
2016-10-30 17:56:47,093 INFO     [reward] 0.175902527076
2016-10-30 17:56:47,093 INFO     [error] [  8.51357555e-06   5.64669476e-05]
2016-10-30 17:56:47,093 INFO     
2016-10-30 17:56:47,094 INFO     [min reward] 0.0338795801878
2016-10-30 17:56:47,094 INFO     
2016-10-30 17:56:47,094 INFO     [max steps] 2
2016-10-30 18:06:01,733 INFO     [step] 551200
2016-10-30 18:06:01,734 INFO     [task] make[cloth] 0.276017163697 0.112067408968
2016-10-30 18:06:01,735 INFO     [task] make[stick] 0.29871108744 0.0511404036537
2016-10-30 18:06:01,735 INFO     [task] make[plank] 0.215768498391 0.328049249711
2016-10-30 18:06:01,735 INFO     [task] make[rope] 0.209503250473 0.304755211993
2016-10-30 18:06:01,735 INFO     
2016-10-30 18:06:01,735 INFO     [rollout0] [1, 1, 1, 3, 1, 2, 1, 4, 4, 1, 5, 2, 0, 4, 4, 3, 0, 2, 2, 5]
2016-10-30 18:06:01,735 INFO     [rollout1] [3, 0, 2, 0, 3, 0, 2, 4, 3, 4, 4, 4, 3, 1, 6, 3, 1, 3, 1, 1, 1, 1, 1, 1, 1, 1, 1, 1, 1, 6]
2016-10-30 18:06:01,735 INFO     [rollout2] [2, 1, 3, 4, 4, 5, 4, 4, 4, 4, 4, 4, 3, 4, 4, 1, 4, 4, 4, 4, 6]
2016-10-30 18:06:01,735 INFO     [reward] 0.180609555189
2016-10-30 18:06:01,735 INFO     [error] [  1.69508815e-07   6.70725727e-05]
2016-10-30 18:06:01,736 INFO     
2016-10-30 18:06:01,736 INFO     [min reward] 0.0511404036537
2016-10-30 18:06:01,736 INFO     
2016-10-30 18:06:01,736 INFO     [max steps] 2
2016-10-30 18:15:16,469 INFO     [step] 612000
2016-10-30 18:15:16,469 INFO     [task] make[cloth] 0.276799010035 0.14838326906
2016-10-30 18:15:16,469 INFO     [task] make[stick] 0.2955805254 0.0487737210077
2016-10-30 18:15:16,469 INFO     [task] make[plank] 0.210219892292 0.29142631371
2016-10-30 18:15:16,469 INFO     [task] make[rope] 0.217400572273 0.390488393126
2016-10-30 18:15:16,469 INFO     
2016-10-30 18:15:16,469 INFO     [rollout0] [3, 3, 3, 1, 4, 2, 1, 3, 3, 4, 1, 3, 4, 0, 6, 2, 4, 4, 4, 4, 3, 2, 4, 1, 0, 4, 3, 1, 0, 6]
2016-10-30 18:15:16,469 INFO     [rollout1] [1, 1, 1, 3, 1, 1, 1, 4, 1, 1, 1, 1, 1, 1, 6, 2, 0, 2, 1, 1, 3, 2, 1, 3, 0, 2, 1, 2, 0, 6]
2016-10-30 18:15:16,469 INFO     [rollout2] [3, 3, 4, 1, 2, 1, 3, 4, 4, 3, 0, 2, 0, 3, 6, 2, 0, 2, 4, 4, 2, 4, 4, 4, 2, 4, 5]
2016-10-30 18:15:16,470 INFO     [reward] 0.201463815789
2016-10-30 18:15:16,470 INFO     [error] [  3.32446690e-05   3.95760093e-05]
2016-10-30 18:15:16,470 INFO     
2016-10-30 18:15:16,470 INFO     [min reward] 0.0487737210077
2016-10-30 18:15:16,470 INFO     
2016-10-30 18:15:16,470 INFO     [max steps] 2
2016-10-30 18:24:32,239 INFO     [step] 673500
2016-10-30 18:24:32,239 INFO     [task] make[cloth] 0.272583446482 0.185746960395
2016-10-30 18:24:32,239 INFO     [task] make[stick] 0.304096197959 0.0634912158915
2016-10-30 18:24:32,239 INFO     [task] make[plank] 0.227329954174 0.338892831796
2016-10-30 18:24:32,239 INFO     [task] make[rope] 0.195990401385 0.358936117325
2016-10-30 18:24:32,239 INFO     
2016-10-30 18:24:32,239 INFO     [rollout0] [1, 5, 2, 4, 1, 4, 2, 4, 4, 1, 1, 2, 4, 1, 4, 4, 6]
2016-10-30 18:24:32,239 INFO     [rollout1] [4, 3, 0, 4, 0, 5, 4, 2, 0, 0, 4, 4, 3, 2, 4, 5]
2016-10-30 18:24:32,239 INFO     [rollout2] [3, 1, 4, 3, 1, 3, 4, 0, 4, 4, 3, 1, 4, 4, 6, 2, 4, 1, 4, 4, 3, 4, 4, 4, 1, 4, 1, 4, 2, 6]
2016-10-30 18:24:32,240 INFO     [reward] 0.217593495935
2016-10-30 18:24:32,240 INFO     [error] [ -5.57347298e-06   4.62727766e-05]
2016-10-30 18:24:32,240 INFO     
2016-10-30 18:24:32,240 INFO     [min reward] 0.0634912158915
2016-10-30 18:24:32,240 INFO     
2016-10-30 18:24:32,240 INFO     [max steps] 2
2016-10-30 18:34:54,903 INFO     [step] 747300
2016-10-30 18:34:54,904 INFO     [task] make[cloth] 0.266495612102 0.2021773738
2016-10-30 18:34:54,904 INFO     [task] make[stick] 0.306023060469 0.0686945388725
2016-10-30 18:34:54,904 INFO     [task] make[plank] 0.216980838387 0.303581544659
2016-10-30 18:34:54,904 INFO     [task] make[rope] 0.210500489042 0.327063145228
2016-10-30 18:34:54,904 INFO     
2016-10-30 18:34:54,904 INFO     [rollout0] [5, 1, 1, 4, 2, 0, 0, 2, 0, 3, 4, 4, 4, 4, 0, 6]
2016-10-30 18:34:54,904 INFO     [rollout1] [5, 2, 2, 2, 4, 2, 2, 4, 4, 2, 2, 2, 2, 2, 2, 6]
2016-10-30 18:34:54,904 INFO     [rollout2] [5, 4, 1, 3, 4, 5]
2016-10-30 18:34:54,904 INFO     [reward] 0.209756097561
2016-10-30 18:34:54,904 INFO     [error] [ -1.38636014e-05   5.67877426e-05]
2016-10-30 18:34:54,905 INFO     
2016-10-30 18:34:54,905 INFO     [min reward] 0.0686945388725
2016-10-30 18:34:54,905 INFO     
2016-10-30 18:34:54,905 INFO     [max steps] 2
2016-10-30 18:46:45,401 INFO     [step] 845800
2016-10-30 18:46:45,402 INFO     [task] make[cloth] 0.257392671524 0.160328231024
2016-10-30 18:46:45,403 INFO     [task] make[stick] 0.299923670743 0.0722858886553
2016-10-30 18:46:45,403 INFO     [task] make[plank] 0.225082744078 0.290326963137
2016-10-30 18:46:45,403 INFO     [task] make[rope] 0.217600913654 0.225991842788
2016-10-30 18:46:45,403 INFO     
2016-10-30 18:46:45,403 INFO     [rollout0] [2, 1, 1, 4, 1, 3, 4, 5, 0, 5]
2016-10-30 18:46:45,403 INFO     [rollout1] [0, 4, 2, 2, 2, 2, 2, 2, 2, 4, 2, 0, 4, 5, 5]
2016-10-30 18:46:45,403 INFO     [rollout2] [3, 3, 1, 4, 2, 1, 3, 1, 2, 4, 4, 1, 4, 2, 6, 0, 2, 1, 3, 0, 2, 1, 3, 0, 2, 1, 0, 3, 0, 6]
2016-10-30 18:46:45,403 INFO     [reward] 0.177492385787
2016-10-30 18:46:45,403 INFO     [error] [  2.16376128e-05   4.78502755e-05]
2016-10-30 18:46:45,403 INFO     
2016-10-30 18:46:45,403 INFO     [min reward] 0.0722858886553
2016-10-30 18:46:45,404 INFO     
2016-10-30 18:46:45,404 INFO     [max steps] 2
2016-10-30 18:57:40,267 INFO     [step] 945000
2016-10-30 18:57:40,267 INFO     [task] make[cloth] 0.258175160144 0.138096172718
2016-10-30 18:57:40,268 INFO     [task] make[stick] 0.284927073848 0.0771772732118
2016-10-30 18:57:40,268 INFO     [task] make[plank] 0.218674679244 0.242269933021
2016-10-30 18:57:40,268 INFO     [task] make[rope] 0.238223086765 0.167549613185
2016-10-30 18:57:40,268 INFO     
2016-10-30 18:57:40,268 INFO     [rollout0] [5, 0, 3, 4, 1, 4, 4, 1, 3, 4, 5]
2016-10-30 18:57:40,268 INFO     [rollout1] [5, 4, 4, 4, 4, 4, 0, 4, 4, 4, 4, 4, 1, 4, 0, 6]
2016-10-30 18:57:40,268 INFO     [rollout2] [5, 4, 4, 4, 2, 1, 0, 4, 4, 0, 2, 0, 0, 3, 0, 6]
2016-10-30 18:57:40,268 INFO     [reward] 0.150766129032
2016-10-30 18:57:40,268 INFO     [error] [ -1.32657500e-04   8.07459936e-05]
2016-10-30 18:57:40,268 INFO     
2016-10-30 18:57:40,268 INFO     [min reward] 0.0771772732118
2016-10-30 18:57:40,268 INFO     
2016-10-30 18:57:40,269 INFO     [max steps] 2
2016-10-30 19:07:03,978 INFO     [step] 1045000
2016-10-30 19:07:03,979 INFO     [task] make[cloth] 0.255322860996 0.160796925249
2016-10-30 19:07:03,979 INFO     [task] make[stick] 0.273161970338 0.0526758913537
2016-10-30 19:07:03,979 INFO     [task] make[plank] 0.224817268878 0.15186310428
2016-10-30 19:07:03,979 INFO     [task] make[rope] 0.246697899789 0.176840577373
2016-10-30 19:07:03,979 INFO     
2016-10-30 19:07:03,979 INFO     [rollout0] [5, 4, 2, 3, 2, 4, 4, 4, 0, 2, 4, 4, 3, 4, 4, 6]
2016-10-30 19:07:03,979 INFO     [rollout1] [5, 4, 3, 4, 4, 4, 4, 4, 4, 4, 4, 0, 4, 2, 0, 6]
2016-10-30 19:07:03,979 INFO     [rollout2] [5, 3, 0, 3, 0, 4, 2, 3, 4, 0, 0, 3, 4, 5]
2016-10-30 19:07:03,979 INFO     [reward] 0.13324
2016-10-30 19:07:03,979 INFO     [error] [-0.00020307  0.00022005]
2016-10-30 19:07:03,980 INFO     
2016-10-30 19:07:03,980 INFO     [min reward] 0.0526758913537
2016-10-30 19:07:03,980 INFO     
2016-10-30 19:07:03,980 INFO     [max steps] 2
2016-10-30 19:17:46,689 INFO     [step] 1144800
2016-10-30 19:17:46,690 INFO     [task] make[cloth] 0.242780424549 0.175236918006
2016-10-30 19:17:46,690 INFO     [task] make[stick] 0.273691370696 0.0971426472749
2016-10-30 19:17:46,690 INFO     [task] make[plank] 0.245334533115 0.287456161814
2016-10-30 19:17:46,691 INFO     [task] make[rope] 0.238193671639 0.184903280067
2016-10-30 19:17:46,691 INFO     
2016-10-30 19:17:46,691 INFO     [rollout0] [3, 1, 2, 2, 4, 1, 3, 4, 5, 3, 5]
2016-10-30 19:17:46,691 INFO     [rollout1] [5, 3, 0, 3, 1, 2, 4, 4, 2, 1, 2, 1, 3, 4, 4, 6]
2016-10-30 19:17:46,691 INFO     [rollout2] [3, 3, 4, 1, 4, 3, 1, 3, 1, 1, 3, 2, 3, 1, 6, 4, 4, 2, 0, 2, 0, 0, 4, 5]
2016-10-30 19:17:46,691 INFO     [reward] 0.18380761523
2016-10-30 19:17:46,691 INFO     [error] [ 0.00024541  0.000156  ]
2016-10-30 19:17:46,691 INFO     
2016-10-30 19:17:46,691 INFO     [min reward] 0.0971426472749
2016-10-30 19:17:46,691 INFO     
2016-10-30 19:17:46,691 INFO     [max steps] 2
2016-10-30 19:27:42,897 INFO     [step] 1244700
2016-10-30 19:27:42,898 INFO     [task] make[cloth] 0.253322296416 0.211723011986
2016-10-30 19:27:42,898 INFO     [task] make[stick] 0.27702126014 0.0702238137869
2016-10-30 19:27:42,898 INFO     [task] make[plank] 0.219267560219 0.201469854376
2016-10-30 19:27:42,898 INFO     [task] make[rope] 0.250388883225 0.20198235223
2016-10-30 19:27:42,898 INFO     
2016-10-30 19:27:42,898 INFO     [rollout0] [5, 3, 4, 3, 4, 1, 1, 2, 1, 3, 4, 0, 3, 4, 1, 6]
2016-10-30 19:27:42,898 INFO     [rollout1] [5, 3, 3, 0, 4, 4, 4, 4, 4, 4, 4, 4, 4, 4, 4, 6]
2016-10-30 19:27:42,898 INFO     [rollout2] [5, 1, 4, 4, 4, 1, 4, 4, 3, 1, 4, 4, 4, 2, 1, 6]
2016-10-30 19:27:42,898 INFO     [reward] 0.167487487487
2016-10-30 19:27:42,898 INFO     [error] [ -4.83449597e-05   9.98980513e-05]
2016-10-30 19:27:42,899 INFO     
2016-10-30 19:27:42,899 INFO     [min reward] 0.0702238137869
2016-10-30 19:27:42,899 INFO     
2016-10-30 19:27:42,899 INFO     [max steps] 2
2016-10-30 19:37:01,460 INFO     [step] 1344700
2016-10-30 19:37:01,462 INFO     [task] make[cloth] 0.237964811827 0.217317346388
2016-10-30 19:37:01,462 INFO     [task] make[stick] 0.280145446592 0.0792656587473
2016-10-30 19:37:01,462 INFO     [task] make[plank] 0.241021258095 0.166785013157
2016-10-30 19:37:01,462 INFO     [task] make[rope] 0.240868483485 0.190602250165
2016-10-30 19:37:01,463 INFO     
2016-10-30 19:37:01,463 INFO     [rollout0] [5, 4, 4, 4, 4, 4, 4, 4, 4, 4, 4, 4, 4, 4, 4, 6]
2016-10-30 19:37:01,463 INFO     [rollout1] [5, 4, 4, 4, 4, 4, 4, 4, 4, 4, 4, 4, 4, 4, 4, 6]
2016-10-30 19:37:01,463 INFO     [rollout2] [5, 2, 2, 4, 2, 4, 5]
2016-10-30 19:37:01,463 INFO     [reward] 0.16041
2016-10-30 19:37:01,463 INFO     [error] [  2.11430473e-05   1.04615360e-04]
2016-10-30 19:37:01,463 INFO     
2016-10-30 19:37:01,463 INFO     [min reward] 0.0792656587473
2016-10-30 19:37:01,463 INFO     
2016-10-30 19:37:01,463 INFO     [max steps] 2
2016-10-30 19:47:02,287 INFO     [step] 1444700
2016-10-30 19:47:02,289 INFO     [task] make[cloth] 0.234103866906 0.242858353819
2016-10-30 19:47:02,289 INFO     [task] make[stick] 0.274874828352 0.127221531485
2016-10-30 19:47:02,289 INFO     [task] make[plank] 0.249027638177 0.23880356351
2016-10-30 19:47:02,289 INFO     [task] make[rope] 0.241993666565 0.212880880716
2016-10-30 19:47:02,289 INFO     
2016-10-30 19:47:02,289 INFO     [rollout0] [5, 0, 4, 4, 0, 2, 0, 2, 4, 1, 2, 0, 0, 2, 4, 6]
2016-10-30 19:47:02,289 INFO     [rollout1] [2, 5, 2, 1, 4, 2, 2, 4, 2, 1, 2, 1, 3, 4, 0, 1, 6]
2016-10-30 19:47:02,289 INFO     [rollout2] [5, 3, 1, 4, 3, 0, 3, 0, 3, 2, 4, 0, 2, 1, 2, 6]
2016-10-30 19:47:02,289 INFO     [reward] 0.20296
2016-10-30 19:47:02,290 INFO     [error] [-0.00017922  0.00015059]
2016-10-30 19:47:02,290 INFO     
2016-10-30 19:47:02,290 INFO     [min reward] 0.127221531485
2016-10-30 19:47:02,290 INFO     
2016-10-30 19:47:02,290 INFO     [max steps] 2
2016-10-30 19:57:13,070 INFO     [step] 1544400
2016-10-30 19:57:13,071 INFO     [task] make[cloth] 0.2383733588 0.248480499747
2016-10-30 19:57:13,071 INFO     [task] make[stick] 0.27430510345 0.148490517589
2016-10-30 19:57:13,071 INFO     [task] make[plank] 0.239633300807 0.257055522988
2016-10-30 19:57:13,071 INFO     [task] make[rope] 0.247688236943 0.227991152222
2016-10-30 19:57:13,071 INFO     
2016-10-30 19:57:13,071 INFO     [rollout0] [5, 3, 1, 3, 2, 2, 0, 3, 0, 3, 4, 1, 1, 3, 2, 6]
2016-10-30 19:57:13,071 INFO     [rollout1] [5, 3, 4, 0, 3, 0, 0, 0, 4, 5]
2016-10-30 19:57:13,071 INFO     [rollout2] [5, 0, 0, 2, 4, 2, 4, 5]
2016-10-30 19:57:13,071 INFO     [reward] 0.218084252758
2016-10-30 19:57:13,071 INFO     [error] [ 0.00012928  0.00015309]
2016-10-30 19:57:13,071 INFO     
2016-10-30 19:57:13,072 INFO     [min reward] 0.148490517589
2016-10-30 19:57:13,072 INFO     
2016-10-30 19:57:13,072 INFO     [max steps] 2
2016-10-30 20:06:10,515 INFO     [step] 1644400
2016-10-30 20:06:10,516 INFO     [task] make[cloth] 0.241141154735 0.244761278659
2016-10-30 20:06:10,516 INFO     [task] make[stick] 0.272803771059 0.128876433497
2016-10-30 20:06:10,516 INFO     [task] make[plank] 0.238425806007 0.204498633593
2016-10-30 20:06:10,516 INFO     [task] make[rope] 0.247629268198 0.221463769287
2016-10-30 20:06:10,516 INFO     
2016-10-30 20:06:10,516 INFO     [rollout0] [5, 0, 1, 0, 4, 4, 4, 0, 4, 1, 0, 1, 0, 4, 4, 6]
2016-10-30 20:06:10,516 INFO     [rollout1] [5, 1, 3, 4, 0, 0, 0, 0, 4, 0, 5]
2016-10-30 20:06:10,516 INFO     [rollout2] [5, 3, 4, 0, 3, 0, 3, 1, 3, 1, 4, 1, 1, 3, 3, 6]
2016-10-30 20:06:10,516 INFO     [reward] 0.19799
2016-10-30 20:06:10,517 INFO     [error] [ -4.84071638e-05   1.11179601e-04]
2016-10-30 20:06:10,517 INFO     
2016-10-30 20:06:10,517 INFO     [min reward] 0.128876433497
2016-10-30 20:06:10,517 INFO     
2016-10-30 20:06:10,517 INFO     [max steps] 2
2016-10-30 20:15:09,070 INFO     [step] 1744400
2016-10-30 20:15:09,072 INFO     [task] make[cloth] 0.236155643904 0.274599831508
2016-10-30 20:15:09,072 INFO     [task] make[stick] 0.271918157568 0.136408821472
2016-10-30 20:15:09,072 INFO     [task] make[plank] 0.248580852673 0.227281829469
2016-10-30 20:15:09,072 INFO     [task] make[rope] 0.243345345854 0.231827600497
2016-10-30 20:15:09,072 INFO     
2016-10-30 20:15:09,072 INFO     [rollout0] [5, 2, 2, 4, 4, 4, 4, 4, 4, 4, 4, 4, 4, 4, 4, 6]
2016-10-30 20:15:09,072 INFO     [rollout1] [5, 3, 3, 3, 4, 4, 4, 4, 4, 4, 4, 4, 4, 4, 4, 6]
2016-10-30 20:15:09,072 INFO     [rollout2] [5, 3, 4, 1, 4, 4, 4, 4, 4, 4, 3, 2, 1, 4, 4, 6]
2016-10-30 20:15:09,072 INFO     [reward] 0.21493
2016-10-30 20:15:09,072 INFO     [error] [  8.12850590e-05   2.03853292e-04]
2016-10-30 20:15:09,073 INFO     
2016-10-30 20:15:09,073 INFO     [min reward] 0.136408821472
2016-10-30 20:15:09,073 INFO     
2016-10-30 20:15:09,073 INFO     [max steps] 2
2016-10-30 20:24:16,554 INFO     [step] 1844400
2016-10-30 20:24:16,555 INFO     [task] make[cloth] 0.231996076742 0.29352007954
2016-10-30 20:24:16,555 INFO     [task] make[stick] 0.275591079222 0.154965096305
2016-10-30 20:24:16,555 INFO     [task] make[plank] 0.246923447312 0.219667790082
2016-10-30 20:24:16,555 INFO     [task] make[rope] 0.245489396724 0.245708241803
2016-10-30 20:24:16,555 INFO     
2016-10-30 20:24:16,555 INFO     [rollout0] [5, 3, 3, 3, 0, 3, 0, 4, 4, 4, 0, 3, 0, 3, 0, 6]
2016-10-30 20:24:16,555 INFO     [rollout1] [5, 3, 1, 4, 3, 0, 3, 4, 0, 0, 3, 4, 4, 4, 4, 6]
2016-10-30 20:24:16,556 INFO     [rollout2] [5, 4, 4, 4, 4, 4, 4, 4, 4, 4, 4, 4, 4, 4, 4, 6]
2016-10-30 20:24:16,556 INFO     [reward] 0.22545
2016-10-30 20:24:16,556 INFO     [error] [-0.00019165  0.00024106]
2016-10-30 20:24:16,556 INFO     
2016-10-30 20:24:16,556 INFO     [min reward] 0.154965096305
2016-10-30 20:24:16,556 INFO     
2016-10-30 20:24:16,556 INFO     [max steps] 2
2016-10-30 20:33:07,186 INFO     [step] 1944400
2016-10-30 20:33:07,187 INFO     [task] make[cloth] 0.229190054591 0.295198293501
2016-10-30 20:33:07,188 INFO     [task] make[stick] 0.273511497893 0.176660787772
2016-10-30 20:33:07,188 INFO     [task] make[plank] 0.252814178268 0.245788488535
2016-10-30 20:33:07,188 INFO     [task] make[rope] 0.244484269248 0.266746658943
2016-10-30 20:33:07,188 INFO     
2016-10-30 20:33:07,188 INFO     [rollout0] [5, 2, 4, 2, 1, 4, 3, 4, 3, 4, 5]
2016-10-30 20:33:07,188 INFO     [rollout1] [5, 4, 3, 4, 5]
2016-10-30 20:33:07,188 INFO     [rollout2] [5, 3, 0, 3, 0, 3, 0, 4, 4, 4, 4, 4, 4, 4, 4, 6]
2016-10-30 20:33:07,188 INFO     [reward] 0.24339
2016-10-30 20:33:07,188 INFO     [error] [  4.59000721e-05   1.14515185e-04]
2016-10-30 20:33:07,188 INFO     
2016-10-30 20:33:07,188 INFO     [min reward] 0.176660787772
2016-10-30 20:33:07,188 INFO     
2016-10-30 20:33:07,189 INFO     [max steps] 2
2016-10-30 20:42:05,545 INFO     [step] 2044400
2016-10-30 20:42:05,545 INFO     [task] make[cloth] 0.233931259466 0.306515216459
2016-10-30 20:42:05,546 INFO     [task] make[stick] 0.272724714709 0.189427636658
2016-10-30 20:42:05,546 INFO     [task] make[plank] 0.250101475346 0.231783317354
2016-10-30 20:42:05,546 INFO     [task] make[rope] 0.243242550479 0.258768160426
2016-10-30 20:42:05,546 INFO     
2016-10-30 20:42:05,546 INFO     [rollout0] [5, 2, 1, 2, 1, 4, 4, 4, 4, 4, 4, 4, 4, 4, 4, 6]
2016-10-30 20:42:05,546 INFO     [rollout1] [5, 1, 3, 0, 1, 3, 1, 1, 1, 1, 1, 1, 1, 1, 1, 6]
2016-10-30 20:42:05,546 INFO     [rollout2] [5, 2, 4, 0, 3, 0, 3, 0, 3, 1, 3, 1, 2, 0, 3, 6]
2016-10-30 20:42:05,546 INFO     [reward] 0.24429
2016-10-30 20:42:05,546 INFO     [error] [-0.00015396  0.00044544]
2016-10-30 20:42:05,546 INFO     
2016-10-30 20:42:05,546 INFO     [min reward] 0.189427636658
2016-10-30 20:42:05,546 INFO     
2016-10-30 20:42:05,546 INFO     [max steps] 2
2016-10-30 20:50:49,153 INFO     [step] 2144400
2016-10-30 20:50:49,154 INFO     [task] make[cloth] 0.230385943166 0.316403539209
2016-10-30 20:50:49,155 INFO     [task] make[stick] 0.268731239521 0.179122138816
2016-10-30 20:50:49,155 INFO     [task] make[plank] 0.254860074609 0.252328002829
2016-10-30 20:50:49,155 INFO     [task] make[rope] 0.246022742704 0.273578732106
2016-10-30 20:50:49,155 INFO     
2016-10-30 20:50:49,155 INFO     [rollout0] [5, 2, 0, 4, 4, 4, 0, 4, 4, 4, 0, 0, 2, 0, 0, 6]
2016-10-30 20:50:49,155 INFO     [rollout1] [5, 1, 4, 1, 4, 5]
2016-10-30 20:50:49,155 INFO     [rollout2] [5, 2, 0, 4, 3, 1, 0, 2, 4, 0, 0, 4, 3, 0, 2, 6]
2016-10-30 20:50:49,155 INFO     [reward] 0.2525
2016-10-30 20:50:49,155 INFO     [error] [ -1.04100046e-05   1.18536896e-04]
2016-10-30 20:50:49,155 INFO     
2016-10-30 20:50:49,156 INFO     [min reward] 0.179122138816
2016-10-30 20:50:49,156 INFO     
2016-10-30 20:50:49,156 INFO     [max steps] 2
2016-10-30 20:59:41,424 INFO     [step] 2244400
2016-10-30 20:59:41,425 INFO     [task] make[cloth] 0.229776687383 0.32246909311
2016-10-30 20:59:41,425 INFO     [task] make[stick] 0.275255675822 0.208339360625
2016-10-30 20:59:41,425 INFO     [task] make[plank] 0.251003820628 0.261427940763
2016-10-30 20:59:41,425 INFO     [task] make[rope] 0.243963816167 0.273284767667
2016-10-30 20:59:41,425 INFO     
2016-10-30 20:59:41,425 INFO     [rollout0] [5, 2, 4, 4, 4, 1, 0, 1, 0, 2, 4, 1, 0, 4, 4, 6]
2016-10-30 20:59:41,425 INFO     [rollout1] [5, 2, 2, 2, 0, 4, 3, 2, 0, 0, 3, 2, 2, 4, 4, 6]
2016-10-30 20:59:41,425 INFO     [rollout2] [5, 3, 0, 3, 4, 0, 3, 2, 0, 0, 3, 2, 1, 0, 0, 6]
2016-10-30 20:59:41,425 INFO     [reward] 0.26375
2016-10-30 20:59:41,425 INFO     [error] [ -4.44759712e-05   2.71729294e-04]
2016-10-30 20:59:41,426 INFO     
2016-10-30 20:59:41,426 INFO     [min reward] 0.208339360625
2016-10-30 20:59:41,426 INFO     
2016-10-30 20:59:41,426 INFO     [max steps] 2
2016-10-30 21:08:53,933 INFO     [step] 2344400
2016-10-30 21:08:53,934 INFO     [task] make[cloth] 0.231143317661 0.365534797428
2016-10-30 21:08:53,935 INFO     [task] make[stick] 0.269512974568 0.226897934928
2016-10-30 21:08:53,935 INFO     [task] make[plank] 0.251664947054 0.27289638249
2016-10-30 21:08:53,935 INFO     [task] make[rope] 0.247678760717 0.3081232493
2016-10-30 21:08:53,935 INFO     
2016-10-30 21:08:53,935 INFO     [rollout0] [5, 3, 1, 4, 0, 0, 3, 4, 4, 4, 0, 3, 1, 3, 4, 6]
2016-10-30 21:08:53,935 INFO     [rollout1] [5, 0, 0, 2, 0, 2, 0, 0, 4, 2, 0, 0, 2, 4, 5]
2016-10-30 21:08:53,935 INFO     [rollout2] [1, 4, 1, 3, 5, 3, 4, 5]
2016-10-30 21:08:53,935 INFO     [reward] 0.29066
2016-10-30 21:08:53,935 INFO     [error] [ -1.01307475e-05   1.15280216e-04]
2016-10-30 21:08:53,935 INFO     
2016-10-30 21:08:53,936 INFO     [min reward] 0.226897934928
2016-10-30 21:08:53,936 INFO     
2016-10-30 21:08:53,936 INFO     [max steps] 2
2016-10-30 21:18:17,933 INFO     [step] 2444400
2016-10-30 21:18:17,934 INFO     [task] make[cloth] 0.224822777934 0.375033294859
2016-10-30 21:18:17,934 INFO     [task] make[stick] 0.273186482331 0.237601093098
2016-10-30 21:18:17,934 INFO     [task] make[plank] 0.257139845956 0.304103101588
2016-10-30 21:18:17,934 INFO     [task] make[rope] 0.24485089378 0.327393034018
2016-10-30 21:18:17,934 INFO     
2016-10-30 21:18:17,934 INFO     [rollout0] [5, 0, 3, 4, 0, 3, 4, 4, 4, 4, 4, 4, 4, 4, 4, 6]
2016-10-30 21:18:17,934 INFO     [rollout1] [5, 2, 0, 2, 1, 4, 3, 0, 2, 2, 2, 2, 2, 2, 2, 6]
2016-10-30 21:18:17,934 INFO     [rollout2] [2, 1, 5, 2, 2, 2, 4, 1, 4, 2, 0, 2, 0, 2, 0, 3, 0, 6]
2016-10-30 21:18:17,934 INFO     [reward] 0.30781
2016-10-30 21:18:17,934 INFO     [error] [ -4.09146013e-05   1.20318848e-04]
2016-10-30 21:18:17,935 INFO     
2016-10-30 21:18:17,935 INFO     [min reward] 0.237601093098
2016-10-30 21:18:17,935 INFO     
2016-10-30 21:18:17,935 INFO     [max steps] 2
2016-10-30 21:27:56,138 INFO     [step] 2544400
2016-10-30 21:27:56,139 INFO     [task] make[cloth] 0.227108851287 0.365601297733
2016-10-30 21:27:56,139 INFO     [task] make[stick] 0.276264293956 0.291791535706
2016-10-30 21:27:56,139 INFO     [task] make[plank] 0.252478488127 0.339788103647
2016-10-30 21:27:56,139 INFO     [task] make[rope] 0.24414836663 0.304369010882
2016-10-30 21:27:56,139 INFO     
2016-10-30 21:27:56,139 INFO     [rollout0] [0, 5, 4, 2, 4, 2, 0, 2, 4, 5]
2016-10-30 21:27:56,140 INFO     [rollout1] [5, 0, 4, 4, 4, 4, 4, 4, 4, 4, 4, 4, 4, 0, 4, 6]
2016-10-30 21:27:56,140 INFO     [rollout2] [3, 4, 1, 3, 3, 1, 5, 0, 4, 0, 4, 1, 2, 0, 4, 5]
2016-10-30 21:27:56,140 INFO     [reward] 0.32382
2016-10-30 21:27:56,140 INFO     [error] [ -2.74786611e-05   1.20379719e-04]
2016-10-30 21:27:56,140 INFO     
2016-10-30 21:27:56,140 INFO     [min reward] 0.291791535706
2016-10-30 21:27:56,140 INFO     
2016-10-30 21:27:56,140 INFO     [max steps] 2
2016-10-30 21:37:13,164 INFO     [step] 2644400
2016-10-30 21:37:13,165 INFO     [task] make[cloth] 0.235315119875 0.378943758573
2016-10-30 21:37:13,165 INFO     [task] make[stick] 0.262268235917 0.274599455865
2016-10-30 21:37:13,165 INFO     [task] make[plank] 0.244741325793 0.339197003013
2016-10-30 21:37:13,165 INFO     [task] make[rope] 0.257675318414 0.315360623782
2016-10-30 21:37:13,165 INFO     
2016-10-30 21:37:13,165 INFO     [rollout0] [5, 1, 2, 1, 4, 3, 1, 1, 3, 3, 4, 4, 4, 4, 3, 6]
2016-10-30 21:37:13,165 INFO     [rollout1] [5, 3, 0, 3, 0, 3, 3, 3, 0, 4, 2, 0, 4, 3, 4, 6]
2016-10-30 21:37:13,165 INFO     [rollout2] [3, 1, 1, 1, 1, 1, 4, 3, 5, 1, 2, 4, 5]
2016-10-30 21:37:13,165 INFO     [reward] 0.32526
2016-10-30 21:37:13,165 INFO     [error] [ -6.46551752e-06   1.25679758e-04]
2016-10-30 21:37:13,166 INFO     
2016-10-30 21:37:13,166 INFO     [min reward] 0.274599455865
2016-10-30 21:37:13,166 INFO     
2016-10-30 21:37:13,166 INFO     [max steps] 2
2016-10-30 21:47:19,643 INFO     [step] 2744400
2016-10-30 21:47:19,644 INFO     [task] make[cloth] 0.230995437515 0.386928559013
2016-10-30 21:47:19,644 INFO     [task] make[stick] 0.269190223137 0.334859653041
2016-10-30 21:47:19,644 INFO     [task] make[plank] 0.245544567351 0.40946219167
2016-10-30 21:47:19,644 INFO     [task] make[rope] 0.254269771997 0.329028193416
2016-10-30 21:47:19,644 INFO     
2016-10-30 21:47:19,644 INFO     [rollout0] [5, 2, 2, 1, 2, 4, 2, 2, 4, 5]
2016-10-30 21:47:19,644 INFO     [rollout1] [3, 5, 1, 1, 4, 4, 4, 4, 4, 4, 4, 4, 4, 4, 4, 4, 6]
2016-10-30 21:47:19,644 INFO     [rollout2] [5, 0, 4, 2, 4, 5]
2016-10-30 21:47:19,644 INFO     [reward] 0.36381
2016-10-30 21:47:19,645 INFO     [error] [  2.67750559e-05   1.75135349e-04]
2016-10-30 21:47:19,645 INFO     
2016-10-30 21:47:19,645 INFO     [min reward] 0.329028193416
2016-10-30 21:47:19,645 INFO     
2016-10-30 21:47:19,645 INFO     [max steps] 2
2016-10-30 21:57:35,109 INFO     [step] 2844400
2016-10-30 21:57:35,109 INFO     [task] make[cloth] 0.241526639387 0.397779526907
2016-10-30 21:57:35,109 INFO     [task] make[stick] 0.261710565416 0.366609360076
2016-10-30 21:57:35,109 INFO     [task] make[plank] 0.232791730016 0.440709776489
2016-10-30 21:57:35,109 INFO     [task] make[rope] 0.263971065181 0.342351954881
2016-10-30 21:57:35,109 INFO     
2016-10-30 21:57:35,110 INFO     [rollout0] [5, 1, 4, 3, 1, 2, 1, 4, 1, 4, 3, 4, 0, 1, 4, 6]
2016-10-30 21:57:35,110 INFO     [rollout1] [5, 2, 1, 2, 4, 2, 1, 2, 1, 4, 1, 1, 2, 4, 5]
2016-10-30 21:57:35,110 INFO     [rollout2] [5, 3, 4, 4, 4, 4, 4, 4, 4, 4, 4, 4, 4, 4, 4, 6]
2016-10-30 21:57:35,110 INFO     [reward] 0.38514
2016-10-30 21:57:35,110 INFO     [error] [ -3.52518313e-05   1.12372555e-04]
2016-10-30 21:57:35,110 INFO     
2016-10-30 21:57:35,110 INFO     [min reward] 0.342351954881
2016-10-30 21:57:35,110 INFO     
2016-10-30 21:57:35,110 INFO     [max steps] 2
2016-10-30 22:07:22,002 INFO     [step] 2944400
2016-10-30 22:07:22,003 INFO     [task] make[cloth] 0.24562019818 0.382908557935
2016-10-30 22:07:22,003 INFO     [task] make[stick] 0.258125533906 0.332408049965
2016-10-30 22:07:22,004 INFO     [task] make[plank] 0.228396768266 0.388352905225
2016-10-30 22:07:22,004 INFO     [task] make[rope] 0.267857499649 0.350580979957
2016-10-30 22:07:22,004 INFO     
2016-10-30 22:07:22,004 INFO     [rollout0] [5, 2, 0, 4, 3, 4, 3, 4, 1, 4, 2, 0, 4, 5]
2016-10-30 22:07:22,004 INFO     [rollout1] [5, 0, 4, 3, 3, 3, 4, 3, 3, 3, 4, 0, 4, 5]
2016-10-30 22:07:22,004 INFO     [rollout2] [5, 3, 4, 0, 3, 4, 3, 0, 4, 0, 4, 5]
2016-10-30 22:07:22,004 INFO     [reward] 0.36246
2016-10-30 22:07:22,004 INFO     [error] [  1.18951464e-06   1.24216503e-04]
2016-10-30 22:07:22,004 INFO     
2016-10-30 22:07:22,004 INFO     [min reward] 0.332408049965
2016-10-30 22:07:22,004 INFO     
2016-10-30 22:07:22,004 INFO     [max steps] 2
2016-10-30 22:16:50,073 INFO     [step] 3044400
2016-10-30 22:16:50,073 INFO     [task] make[cloth] 0.242518248727 0.402921635786
2016-10-30 22:16:50,073 INFO     [task] make[stick] 0.262048565889 0.339316821934
2016-10-30 22:16:50,074 INFO     [task] make[plank] 0.240412728732 0.374470382986
2016-10-30 22:16:50,074 INFO     [task] make[rope] 0.255020456652 0.353066793214
2016-10-30 22:16:50,074 INFO     
2016-10-30 22:16:50,074 INFO     [rollout0] [3, 5, 4, 4, 4, 4, 4, 4, 4, 4, 4, 4, 4, 4, 4, 4, 6]
2016-10-30 22:16:50,074 INFO     [rollout1] [0, 0, 4, 5, 3, 3, 4, 0, 3, 4, 0, 4, 0, 3, 4, 5]
2016-10-30 22:16:50,074 INFO     [rollout2] [2, 5, 2, 2, 2, 2, 1, 4, 2, 4, 5]
2016-10-30 22:16:50,074 INFO     [reward] 0.36667
2016-10-30 22:16:50,074 INFO     [error] [ -6.44341307e-05   1.32812296e-04]
2016-10-30 22:16:50,074 INFO     
2016-10-30 22:16:50,074 INFO     [min reward] 0.339316821934
2016-10-30 22:16:50,074 INFO     
