2016-10-26 17:52:12,904 INFO     BEGIN
2016-10-26 17:52:12,904 INFO     struct {
    trainer:
        improvement_threshold: 0.8
        use_curriculum: True
        name: 'CurriculumTrainer'
        max_timesteps: 100
        hints: 'resources/light/hints.indep.yaml'
    name: 'light_joint'
    recipes: 'resources/light/recipes.yaml'
    world:
        name: 'LightWorld'
    model:
        use_args: True
        name: 'ModularACModel'
        max_subtask_timesteps: 100
        baseline: 'state'
    experiment_dir: 'experiments/light_joint'
}
2016-10-26 17:52:12,909 ERROR    Uncaught exception: 'NoneType' object has no attribute 'group'
None
2016-10-26 17:52:12,910 ERROR    Traceback (most recent call last):

  File "main.py", line 50, in <module>
    main()

  File "main.py", line 21, in main
    trainer = trainers.load(config)

  File "/home/ubuntu/craft/trainers/__init__.py", line 7, in load
    return cls(config)

  File "/home/ubuntu/craft/trainers/curriculum.py", line 38, in __init__
    steps = [util.parse_fexp(s) for s in hint]

  File "/home/ubuntu/craft/misc/util.py", line 102, in parse_fexp
    return (m.group(1), m.group(2))

AttributeError: 'NoneType' object has no attribute 'group'
None
