2016-10-26 22:01:57,290 INFO     BEGIN
2016-10-26 22:01:57,290 INFO     struct {
    trainer:
        improvement_threshold: 0.8
        use_curriculum: True
        name: 'CurriculumTrainer'
        max_timesteps: 100
        hints: 'resources/craft/hints.joint.yaml'
    name: 'craft_joint'
    recipes: 'resources/craft/recipes.yaml'
    world:
        name: 'CraftWorld'
    model:
        use_args: True
        name: 'ModularACModel'
        max_subtask_timesteps: 100
        baseline: 'state'
    experiment_dir: 'experiments/craft_joint'
}
2016-10-26 22:02:41,773 INFO     [max steps] 1
2016-10-26 22:27:29,181 INFO     [step] 99700
2016-10-26 22:27:29,182 INFO     [task] make[cloth] 0.1 0.0187928805807
2016-10-26 22:27:29,182 INFO     [task] make[bed] 0.1 0.000199044585987
2016-10-26 22:27:29,182 INFO     [task] make[stick] 0.1 0.00726245713133
2016-10-26 22:27:29,182 INFO     [task] make[bridge] 0.1 0.00629761300152
2016-10-26 22:27:29,182 INFO     [task] make[plank] 0.1 0.0146326896277
2016-10-26 22:27:29,182 INFO     [task] make[axe] 0.1 0.000397298371077
2016-10-26 22:27:29,182 INFO     [task] get[gold] 0.1 0.000102092904543
2016-10-26 22:27:29,182 INFO     [task] make[shears] 0.1 0.00512665862485
2016-10-26 22:27:29,182 INFO     [task] get[gem] 0.1 0.0
2016-10-26 22:27:29,182 INFO     [task] make[rope] 0.1 0.015807903952
2016-10-26 22:27:29,182 INFO     
2016-10-26 22:27:29,182 INFO     [rollout0] [5]
2016-10-26 22:27:29,183 INFO     [rollout1] [4, 1, 1, 3, 4, 4, 3, 2, 4, 1, 1, 4, 3, 1, 2, 1, 3, 5]
2016-10-26 22:27:29,183 INFO     [rollout2] [4, 4, 1, 3, 1, 1, 1, 1, 1, 4, 5]
2016-10-26 22:27:29,183 INFO     [reward] 0.00688064192578
2016-10-26 22:27:29,183 INFO     [error] [  2.58943461e-05   2.65612572e-06]
2016-10-26 22:27:29,183 INFO     
2016-10-26 22:27:29,183 INFO     [min reward] 0.0
2016-10-26 22:27:29,183 INFO     
2016-10-26 22:27:29,183 INFO     [max steps] 1
2016-10-26 22:44:08,809 INFO     [step] 269800
2016-10-26 22:44:08,810 INFO     [task] make[cloth] 0.0988106307324 0.00266445615489
2016-10-26 22:44:08,810 INFO     [task] make[bed] 0.100664197587 0.0
2016-10-26 22:44:08,810 INFO     [task] make[stick] 0.099960065993 0.00177074725534
2016-10-26 22:44:08,811 INFO     [task] make[bridge] 0.100056248572 0.000649887746662
2016-10-26 22:44:08,811 INFO     [task] make[plank] 0.0992253483872 0.00370060880984
2016-10-26 22:44:08,811 INFO     [task] make[axe] 0.100644434228 0.0
2016-10-26 22:44:08,811 INFO     [task] get[gold] 0.100673862425 0.0
2016-10-26 22:44:08,811 INFO     [task] make[shears] 0.100172977698 0.000293014533521
2016-10-26 22:44:08,811 INFO     [task] get[gem] 0.100684039778 0.0
2016-10-26 22:44:08,811 INFO     [task] make[rope] 0.0991081945993 0.0040404040404
2016-10-26 22:44:08,811 INFO     
2016-10-26 22:44:08,811 INFO     [rollout0] [5]
2016-10-26 22:44:08,811 INFO     [rollout1] [4, 0, 1, 4, 4, 4, 1, 0, 4, 3, 2, 3, 5]
2016-10-26 22:44:08,811 INFO     [rollout2] [1, 4, 4, 0, 5]
2016-10-26 22:44:08,811 INFO     [reward] 0.00129923574368
2016-10-26 22:44:08,811 INFO     [error] [ -4.83864881e-05   3.76587474e-06]
2016-10-26 22:44:08,812 INFO     
2016-10-26 22:44:08,812 INFO     [min reward] 0.0
2016-10-26 22:44:08,812 INFO     
2016-10-26 22:44:08,812 INFO     [max steps] 1
2016-10-26 23:01:02,352 INFO     [step] 438400
2016-10-26 23:01:02,352 INFO     [task] make[cloth] 0.0998659105509 0.0062031835206
2016-10-26 23:01:02,352 INFO     [task] make[bed] 0.100130061202 0.0
2016-10-26 23:01:02,352 INFO     [task] make[stick] 0.0999545116665 0.00290490870287
2016-10-26 23:01:02,352 INFO     [task] make[bridge] 0.100065632192 0.00125590574726
2016-10-26 23:01:02,352 INFO     [task] make[plank] 0.0997631877501 0.0070144414972
2016-10-26 23:01:02,352 INFO     [task] make[axe] 0.100130061202 0.0
2016-10-26 23:01:02,352 INFO     [task] get[gold] 0.100130061202 0.0
2016-10-26 23:01:02,352 INFO     [task] make[shears] 0.10010101213 0.000416989336987
2016-10-26 23:01:02,352 INFO     [task] get[gem] 0.100130061202 0.0
2016-10-26 23:01:02,352 INFO     [task] make[rope] 0.0997295009014 0.00775240384615
2016-10-26 23:01:02,352 INFO     
2016-10-26 23:01:02,352 INFO     [rollout0] [4, 3, 1, 3, 1, 3, 4, 4, 1, 4, 4, 1, 4, 4, 0, 1, 0, 3, 1, 0, 1, 1, 3, 4, 1, 2, 4, 2, 4, 4, 2, 4, 4, 2, 4, 2, 3, 2, 4, 4, 3, 3, 3, 4, 4, 4, 2, 0, 4, 5]
2016-10-26 23:01:02,353 INFO     [rollout1] [5]
2016-10-26 23:01:02,353 INFO     [rollout2] [3, 4, 2, 2, 1, 2, 4, 0, 5]
2016-10-26 23:01:02,353 INFO     [reward] 0.00255634638197
2016-10-26 23:01:02,353 INFO     [error] [ -3.94252296e-05   1.22942930e-05]
2016-10-26 23:01:02,353 INFO     
2016-10-26 23:01:02,353 INFO     [min reward] 0.0
2016-10-26 23:01:02,353 INFO     
2016-10-26 23:01:02,353 INFO     [max steps] 1
2016-10-26 23:17:01,995 INFO     [step] 588400
2016-10-26 23:17:01,996 INFO     [task] make[cloth] 0.0996378562134 0.0178547545807
2016-10-26 23:17:01,996 INFO     [task] make[bed] 0.100253590292 0.0
2016-10-26 23:17:01,996 INFO     [task] make[stick] 0.0999652462058 0.00535654502846
2016-10-26 23:17:01,996 INFO     [task] make[bridge] 0.100128927856 0.00193720774883
2016-10-26 23:17:01,996 INFO     [task] make[plank] 0.0995573299512 0.0175047310084
2016-10-26 23:17:01,996 INFO     [task] make[axe] 0.100253590292 0.0
2016-10-26 23:17:01,996 INFO     [task] get[gold] 0.100253590292 0.0
2016-10-26 23:17:01,996 INFO     [task] make[shears] 0.100212199521 0.000398036353987
2016-10-26 23:17:01,996 INFO     [task] get[gem] 0.100253590292 0.0
2016-10-26 23:17:01,996 INFO     [task] make[rope] 0.0994840790849 0.0464149171641
2016-10-26 23:17:01,996 INFO     
2016-10-26 23:17:01,996 INFO     [rollout0] [1, 5]
2016-10-26 23:17:01,996 INFO     [rollout1] [5]
2016-10-26 23:17:01,996 INFO     [rollout2] [2, 4, 4, 5]
2016-10-26 23:17:01,996 INFO     [reward] 0.00888666666667
2016-10-26 23:17:01,996 INFO     [error] [ -5.62651704e-05   1.94960117e-05]
2016-10-26 23:17:01,997 INFO     
2016-10-26 23:17:01,997 INFO     [min reward] 0.0
2016-10-26 23:17:01,997 INFO     
2016-10-26 23:17:01,997 INFO     [max steps] 1
2016-10-26 23:36:42,645 INFO     [step] 691300
2016-10-26 23:36:42,647 INFO     [task] make[cloth] 0.0991101238392 0.0318733086098
2016-10-26 23:36:42,648 INFO     [task] make[bed] 0.100893720491 0.0
2016-10-26 23:36:42,648 INFO     [task] make[stick] 0.100358629642 0.00601374570447
2016-10-26 23:36:42,648 INFO     [task] make[bridge] 0.100700203563 0.0019303156066
2016-10-26 23:36:42,648 INFO     [task] make[plank] 0.0991450893645 0.236301369863
2016-10-26 23:36:42,648 INFO     [task] make[axe] 0.100893720491 9.5538358651e-05
2016-10-26 23:36:42,648 INFO     [task] get[gold] 0.100893720491 0.0
2016-10-26 23:36:42,648 INFO     [task] make[shears] 0.10085395874 0.000477372541531
2016-10-26 23:36:42,648 INFO     [task] get[gem] 0.100893720491 0.0
2016-10-26 23:36:42,648 INFO     [task] make[rope] 0.0962571128879 0.352589641434
2016-10-26 23:36:42,648 INFO     
2016-10-26 23:36:42,648 INFO     [rollout0] [1, 4, 5]
2016-10-26 23:36:42,648 INFO     [rollout1] [5]
2016-10-26 23:36:42,648 INFO     [rollout2] [3, 5]
2016-10-26 23:36:42,648 INFO     [reward] 0.0618270165209
2016-10-26 23:36:42,648 INFO     [error] [  5.98989362e-05   4.20731273e-05]
2016-10-26 23:36:42,649 INFO     
2016-10-26 23:36:42,649 INFO     [min reward] 0.0
2016-10-26 23:36:42,649 INFO     
2016-10-26 23:36:42,649 INFO     [max steps] 1
2016-10-26 23:57:13,686 INFO     [step] 791500
2016-10-26 23:57:13,688 INFO     [task] make[cloth] 0.103279035262 0.0600606475594
2016-10-26 23:57:13,689 INFO     [task] make[bed] 0.106644493533 0.0
2016-10-26 23:57:13,689 INFO     [task] make[stick] 0.106009510499 0.00429064452943
2016-10-26 23:57:13,689 INFO     [task] make[bridge] 0.106440674197 0.00386355069732
2016-10-26 23:57:13,689 INFO     [task] make[plank] 0.081693760949 0.465706614596
2016-10-26 23:57:13,689 INFO     [task] make[axe] 0.106634405771 0.0
2016-10-26 23:57:13,689 INFO     [task] get[gold] 0.106644493533 0.0
2016-10-26 23:57:13,689 INFO     [task] make[shears] 0.106594088432 0.00149003538834
2016-10-26 23:57:13,689 INFO     [task] get[gem] 0.106644493533 0.0
2016-10-26 23:57:13,689 INFO     [task] make[rope] 0.06941504429 0.54382954383
2016-10-26 23:57:13,690 INFO     
2016-10-26 23:57:13,690 INFO     [rollout0] [4, 2, 1, 1, 4, 4, 4, 3, 4, 4, 4, 4, 4, 4, 4, 3, 2, 4, 2, 4, 4, 4, 1, 4, 5]
2016-10-26 23:57:13,690 INFO     [rollout1] [4, 4, 1, 4, 1, 4, 4, 1, 3, 4, 3, 1, 1, 4, 4, 4, 3, 1, 4, 4, 4, 4, 2, 4, 0, 2, 1, 4, 4, 4, 3, 4, 4, 4, 0, 4, 2, 1, 4, 5]
2016-10-26 23:57:13,690 INFO     [rollout2] [1, 2, 0, 0, 5]
2016-10-26 23:57:13,690 INFO     [reward] 0.0831936127745
2016-10-26 23:57:13,690 INFO     [error] [ -4.07730720e-05   4.38068121e-05]
2016-10-26 23:57:13,690 INFO     
2016-10-26 23:57:13,690 INFO     [min reward] 0.0
2016-10-26 23:57:13,690 INFO     
2016-10-26 23:57:13,690 INFO     [max steps] 1
2016-10-27 00:11:45,006 INFO     [step] 883300
2016-10-27 00:11:45,006 INFO     [task] make[cloth] 0.105305923403 0.110110731657
2016-10-27 00:11:45,006 INFO     [task] make[bed] 0.111963971557 0.0
2016-10-27 00:11:45,006 INFO     [task] make[stick] 0.111488330367 0.0
2016-10-27 00:11:45,006 INFO     [task] make[bridge] 0.111535676032 0.00442651977179
2016-10-27 00:11:45,006 INFO     [task] make[plank] 0.0603378704178 0.518730955368
2016-10-27 00:11:45,006 INFO     [task] make[axe] 0.111963971557 9.70026190707e-05
2016-10-27 00:11:45,006 INFO     [task] get[gold] 0.111963971557 0.0
2016-10-27 00:11:45,006 INFO     [task] make[shears] 0.111798793062 0.000193554630795
2016-10-27 00:11:45,006 INFO     [task] get[gem] 0.111963971557 0.0
2016-10-27 00:11:45,007 INFO     [task] make[rope] 0.0516775204904 0.572333685322
2016-10-27 00:11:45,007 INFO     
2016-10-27 00:11:45,007 INFO     [rollout0] [1, 1, 4, 1, 2, 0, 5]
2016-10-27 00:11:45,007 INFO     [rollout1] [4, 0, 4, 2, 1, 0, 5]
2016-10-27 00:11:45,007 INFO     [rollout2] [4, 0, 2, 2, 2, 1, 1, 2, 1, 2, 3, 4, 2, 2, 0, 5]
2016-10-27 00:11:45,007 INFO     [reward] 0.0731590413943
2016-10-27 00:11:45,007 INFO     [error] [  1.96283924e-04   4.53005442e-05]
2016-10-27 00:11:45,007 INFO     
2016-10-27 00:11:45,007 INFO     [min reward] 0.0
2016-10-27 00:11:45,007 INFO     
2016-10-27 00:11:45,007 INFO     [max steps] 1
2016-10-27 00:23:37,846 INFO     [step] 969800
2016-10-27 00:23:37,846 INFO     [task] make[cloth] 0.101178141058 0.185452010225
2016-10-27 00:23:37,846 INFO     [task] make[bed] 0.113558329967 0.0
2016-10-27 00:23:37,846 INFO     [task] make[stick] 0.113558329967 0.0129183196013
2016-10-27 00:23:37,846 INFO     [task] make[bridge] 0.113060638687 0.0
2016-10-27 00:23:37,847 INFO     [task] make[plank] 0.0552353388842 0.523194238509
2016-10-27 00:23:37,847 INFO     [task] make[axe] 0.113547423576 0.000100613743837
2016-10-27 00:23:37,847 INFO     [task] get[gold] 0.113558329967 0.0
2016-10-27 00:23:37,847 INFO     [task] make[shears] 0.113536567848 0.000812512695511
2016-10-27 00:23:37,847 INFO     [task] get[gem] 0.113558329967 0.0
2016-10-27 00:23:37,847 INFO     [task] make[rope] 0.049208570077 0.574750830565
2016-10-27 00:23:37,847 INFO     
2016-10-27 00:23:37,847 INFO     [rollout0] [4, 0, 5]
2016-10-27 00:23:37,847 INFO     [rollout1] [0, 0, 0, 0, 4, 2, 4, 2, 1, 3, 0, 2, 1, 1, 3, 4, 4, 4, 4, 2, 0, 4, 3, 4, 3, 3, 3, 4, 1, 1, 4, 2, 0, 4, 2, 2, 3, 1, 4, 0, 2, 2, 1, 4, 4, 4, 2, 4, 4, 4, 5]
2016-10-27 00:23:37,847 INFO     [rollout2] [0, 4, 2, 2, 1, 1, 2, 1, 4, 1, 2, 1, 4, 4, 4, 1, 4, 0, 0, 1, 4, 0, 2, 0, 0, 4, 3, 2, 1, 2, 1, 3, 4, 0, 2, 4, 0, 3, 1, 1, 3, 1, 1, 4, 1, 4, 1, 4, 2, 4, 1, 4, 2, 0, 0, 4, 1, 4, 1, 4, 0, 0, 4, 4, 1, 2, 0, 0, 0, 1, 0, 1, 0, 0, 4, 0, 5]
2016-10-27 00:23:37,847 INFO     [reward] 0.0765780346821
2016-10-27 00:23:37,847 INFO     [error] [ -6.90351943e-05   3.59002139e-05]
2016-10-27 00:23:37,847 INFO     
2016-10-27 00:23:37,847 INFO     [min reward] 0.0
2016-10-27 00:23:37,848 INFO     
2016-10-27 00:23:37,848 INFO     [max steps] 1
2016-10-27 00:37:06,013 INFO     [step] 1066400
2016-10-27 00:37:06,014 INFO     [task] make[cloth] 0.093669135016 0.288737885708
2016-10-27 00:37:06,014 INFO     [task] make[bed] 0.114736592096 0.0
2016-10-27 00:37:06,014 INFO     [task] make[stick] 0.113269063416 0.00578034682081
2016-10-27 00:37:06,014 INFO     [task] make[bridge] 0.114736592096 9.0596122486e-05
2016-10-27 00:37:06,014 INFO     [task] make[plank] 0.0553014198872 0.553416383541
2016-10-27 00:37:06,014 INFO     [task] make[axe] 0.114725162315 0.0
2016-10-27 00:37:06,014 INFO     [task] get[gold] 0.114736592096 0.0
2016-10-27 00:37:06,014 INFO     [task] make[shears] 0.114644290177 0.0
2016-10-27 00:37:06,014 INFO     [task] get[gem] 0.114736592096 0.0
2016-10-27 00:37:06,014 INFO     [task] make[rope] 0.0494445608054 0.584505606524
2016-10-27 00:37:06,014 INFO     
2016-10-27 00:37:06,014 INFO     [rollout0] [5]
2016-10-27 00:37:06,015 INFO     [rollout1] [5]
2016-10-27 00:37:06,015 INFO     [rollout2] [5]
2016-10-27 00:37:06,015 INFO     [reward] 0.0875362318841
2016-10-27 00:37:06,015 INFO     [error] [  4.80689816e-05   3.76981277e-05]
2016-10-27 00:37:06,015 INFO     
2016-10-27 00:37:06,015 INFO     [min reward] 0.0
2016-10-27 00:37:06,015 INFO     
2016-10-27 00:37:06,015 INFO     [max steps] 1
2016-10-27 00:53:11,837 INFO     [step] 1164000
2016-10-27 00:53:11,839 INFO     [task] make[cloth] 0.083214846134 0.451991204495
2016-10-27 00:53:11,839 INFO     [task] make[bed] 0.116527671328 0.0
2016-10-27 00:53:11,839 INFO     [task] make[stick] 0.115860769987 0.00780764794606
2016-10-27 00:53:11,839 INFO     [task] make[bridge] 0.116517218897 0.00385694249649
2016-10-27 00:53:11,839 INFO     [task] make[plank] 0.0526778471212 0.562096616468
2016-10-27 00:53:11,839 INFO     [task] make[axe] 0.116527671328 0.0
2016-10-27 00:53:11,839 INFO     [task] get[gold] 0.116527671328 0.0
2016-10-27 00:53:11,839 INFO     [task] make[shears] 0.116527671328 0.0
2016-10-27 00:53:11,839 INFO     [task] get[gem] 0.116527671328 0.0
2016-10-27 00:53:11,839 INFO     [task] make[rope] 0.0490909612225 0.617808798646
2016-10-27 00:53:11,839 INFO     
2016-10-27 00:53:11,839 INFO     [rollout0] [2, 1, 4, 1, 4, 2, 1, 2, 4, 4, 2, 4, 4, 4, 1, 4, 4, 2, 0, 2, 4, 4, 2, 0, 4, 2, 4, 5]
2016-10-27 00:53:11,839 INFO     [rollout1] [4, 2, 2, 2, 2, 2, 3, 2, 0, 2, 2, 0, 3, 1, 4, 2, 2, 2, 2, 0, 3, 2, 3, 5]
2016-10-27 00:53:11,840 INFO     [rollout2] [4, 3, 5]
2016-10-27 00:53:11,840 INFO     [reward] 0.098637295082
2016-10-27 00:53:11,840 INFO     [error] [ -9.27517878e-05   6.18271402e-05]
2016-10-27 00:53:11,840 INFO     
2016-10-27 00:53:11,840 INFO     [min reward] 0.0
2016-10-27 00:53:11,840 INFO     
2016-10-27 00:53:11,840 INFO     [max steps] 1
2016-10-27 01:07:01,610 INFO     [step] 1266200
2016-10-27 01:07:01,610 INFO     [task] make[cloth] 0.0659862631736 0.598128064181
2016-10-27 01:07:01,610 INFO     [task] make[bed] 0.119435618833 0.0
2016-10-27 01:07:01,610 INFO     [task] make[stick] 0.118512340354 0.00893152497519
2016-10-27 01:07:01,610 INFO     [task] make[bridge] 0.118979523473 0.0301239431995
2016-10-27 01:07:01,610 INFO     [task] make[plank] 0.0529659582074 0.587417702999
2016-10-27 01:07:01,610 INFO     [task] make[axe] 0.119435618833 0.0
2016-10-27 01:07:01,610 INFO     [task] get[gold] 0.119435618833 0.0
2016-10-27 01:07:01,610 INFO     [task] make[shears] 0.119435618833 0.000648718780409
2016-10-27 01:07:01,610 INFO     [task] get[gem] 0.119435618833 0.0
2016-10-27 01:07:01,610 INFO     [task] make[rope] 0.0463778206282 0.643855932203
2016-10-27 01:07:01,610 INFO     
2016-10-27 01:07:01,611 INFO     [rollout0] [0, 5]
2016-10-27 01:07:01,611 INFO     [rollout1] [5]
2016-10-27 01:07:01,611 INFO     [rollout2] [5]
2016-10-27 01:07:01,611 INFO     [reward] 0.105283757339
2016-10-27 01:07:01,611 INFO     [error] [  1.21494778e-04   3.94245030e-05]
2016-10-27 01:07:01,611 INFO     
2016-10-27 01:07:01,611 INFO     [min reward] 0.0
2016-10-27 01:07:01,611 INFO     
2016-10-27 01:07:01,611 INFO     [max steps] 1
2016-10-27 01:20:22,107 INFO     [step] 1352800
2016-10-27 01:20:22,107 INFO     [task] make[cloth] 0.0500397563292 0.661949685535
2016-10-27 01:20:22,107 INFO     [task] make[bed] 0.122708418557 0.0
2016-10-27 01:20:22,107 INFO     [task] make[stick] 0.121623296473 0.0163546984307
2016-10-27 01:20:22,107 INFO     [task] make[bridge] 0.119048555755 0.0349575236793
2016-10-27 01:20:22,107 INFO     [task] make[plank] 0.0513409954211 0.610227272727
2016-10-27 01:20:22,108 INFO     [task] make[axe] 0.122708418557 9.44911650761e-05
2016-10-27 01:20:22,108 INFO     [task] get[gold] 0.122708418557 0.0
2016-10-27 01:20:22,108 INFO     [task] make[shears] 0.122629603453 0.000187564475288
2016-10-27 01:20:22,108 INFO     [task] get[gem] 0.122708418557 0.0
2016-10-27 01:20:22,108 INFO     [task] make[rope] 0.0444841183401 0.660550458716
2016-10-27 01:20:22,108 INFO     
2016-10-27 01:20:22,108 INFO     [rollout0] [2, 1, 3, 4, 4, 4, 4, 4, 4, 4, 4, 4, 0, 2, 1, 3, 4, 4, 4, 4, 4, 4, 4, 4, 4, 4, 4, 1, 4, 3, 2, 4, 1, 2, 3, 0, 3, 0, 3, 4, 0, 1, 4, 5]
2016-10-27 01:20:22,108 INFO     [rollout1] [1, 4, 1, 1, 4, 4, 3, 4, 1, 5]
2016-10-27 01:20:22,108 INFO     [rollout2] [4, 2, 4, 4, 4, 4, 4, 4, 2, 2, 4, 2, 2, 4, 2, 4, 4, 1, 4, 2, 1, 2, 0, 0, 2, 2, 2, 4, 4, 2, 0, 2, 4, 4, 3, 3, 4, 0, 4, 2, 4, 2, 4, 4, 2, 2, 4, 4, 4, 4, 4, 2, 2, 5]
2016-10-27 01:20:22,108 INFO     [reward] 0.101131639723
2016-10-27 01:20:22,108 INFO     [error] [ -2.24564051e-04   7.51392647e-05]
2016-10-27 01:20:22,109 INFO     
2016-10-27 01:20:22,109 INFO     [min reward] 0.0
2016-10-27 01:20:22,109 INFO     
2016-10-27 01:20:22,109 INFO     [max steps] 1
2016-10-27 01:41:04,189 INFO     [step] 1443900
2016-10-27 01:41:04,191 INFO     [task] make[cloth] 0.0428861644552 0.676744186047
2016-10-27 01:41:04,192 INFO     [task] make[bed] 0.124450472531 0.0
2016-10-27 01:41:04,192 INFO     [task] make[stick] 0.122435274563 0.0146070436419
2016-10-27 01:41:04,192 INFO     [task] make[bridge] 0.120143066253 0.116255799145
2016-10-27 01:41:04,192 INFO     [task] make[plank] 0.0492593116971 0.619015509103
2016-10-27 01:41:04,192 INFO     [task] make[axe] 0.124438829491 9.01794571197e-05
2016-10-27 01:41:04,192 INFO     [task] get[gold] 0.124450472531 0.0
2016-10-27 01:41:04,192 INFO     [task] make[shears] 0.124427361157 0.000176553672316
2016-10-27 01:41:04,192 INFO     [task] get[gem] 0.124450472531 0.0
2016-10-27 01:41:04,192 INFO     [task] make[rope] 0.0430585747906 0.664936990363
2016-10-27 01:41:04,192 INFO     
2016-10-27 01:41:04,192 INFO     [rollout0] [2, 4, 3, 2, 5]
2016-10-27 01:41:04,192 INFO     [rollout1] [3, 0, 1, 3, 4, 4, 0, 3, 4, 1, 4, 4, 1, 4, 0, 1, 4, 0, 4, 1, 4, 5]
2016-10-27 01:41:04,192 INFO     [rollout2] [5]
2016-10-27 01:41:04,192 INFO     [reward] 0.104368825467
2016-10-27 01:41:04,192 INFO     [error] [  1.35954714e-06   2.96032538e-05]
2016-10-27 01:41:04,193 INFO     
2016-10-27 01:41:04,193 INFO     [min reward] 0.0
2016-10-27 01:41:04,193 INFO     
2016-10-27 01:41:04,193 INFO     [max steps] 1
2016-10-27 02:00:27,501 INFO     [step] 1526700
2016-10-27 02:00:27,501 INFO     [task] make[cloth] 0.0416144585311 0.688215102975
2016-10-27 02:00:27,501 INFO     [task] make[bed] 0.126121139847 0.0
2016-10-27 02:00:27,501 INFO     [task] make[stick] 0.124297123021 9.72289742343e-05
2016-10-27 02:00:27,501 INFO     [task] make[bridge] 0.11160399737 0.118850252987
2016-10-27 02:00:27,502 INFO     [task] make[plank] 0.0488231778756 0.629545454545
2016-10-27 02:00:27,502 INFO     [task] make[axe] 0.12610987892 0.00116686114352
2016-10-27 02:00:27,502 INFO     [task] get[gold] 0.126121139847 0.0
2016-10-27 02:00:27,502 INFO     [task] make[shears] 0.126099093163 0.00047911077041
2016-10-27 02:00:27,502 INFO     [task] get[gem] 0.126121139847 0.0
2016-10-27 02:00:27,502 INFO     [task] make[rope] 0.0430888515786 0.657617728532
2016-10-27 02:00:27,502 INFO     
2016-10-27 02:00:27,502 INFO     [rollout0] [2, 4, 4, 3, 2, 2, 3, 2, 4, 2, 2, 4, 2, 3, 2, 2, 2, 3, 3, 2, 2, 4, 2, 4, 4, 2, 2, 3, 2, 3, 0, 2, 1, 2, 4, 2, 1, 4, 2, 2, 4, 3, 2, 3, 4, 2, 3, 2, 2, 2, 2, 3, 2, 2, 2, 3, 0, 2, 2, 5]
2016-10-27 02:00:27,502 INFO     [rollout1] [1, 3, 4, 1, 2, 4, 0, 5]
2016-10-27 02:00:27,502 INFO     [rollout2] [5]
2016-10-27 02:00:27,502 INFO     [reward] 0.101388888889
2016-10-27 02:00:27,502 INFO     [error] [ -2.10665427e-05   6.24270882e-05]
2016-10-27 02:00:27,502 INFO     
2016-10-27 02:00:27,502 INFO     [min reward] 0.0
2016-10-27 02:00:27,503 INFO     
2016-10-27 02:00:27,503 INFO     [max steps] 1
2016-10-27 02:14:45,356 INFO     [step] 1604500
2016-10-27 02:14:45,357 INFO     [task] make[cloth] 0.0402028686768 0.686079103083
2016-10-27 02:14:45,357 INFO     [task] make[bed] 0.126186461015 0.0
2016-10-27 02:14:45,357 INFO     [task] make[stick] 0.12617431351 0.000202142712755
2016-10-27 02:14:45,357 INFO     [task] make[bridge] 0.111337656247 0.152171368372
2016-10-27 02:14:45,357 INFO     [task] make[plank] 0.0475328838296 0.635956314758
2016-10-27 02:14:45,357 INFO     [task] make[axe] 0.126040676779 0.000609137055838
2016-10-27 02:14:45,357 INFO     [task] get[gold] 0.126186461015 0.0
2016-10-27 02:14:45,357 INFO     [task] make[shears] 0.126126602309 0.00344617879586
2016-10-27 02:14:45,357 INFO     [task] get[gem] 0.126186461015 0.0
2016-10-27 02:14:45,357 INFO     [task] make[rope] 0.0440256156048 0.672256546043
2016-10-27 02:14:45,357 INFO     
2016-10-27 02:14:45,357 INFO     [rollout0] [0, 3, 5]
2016-10-27 02:14:45,357 INFO     [rollout1] [5]
2016-10-27 02:14:45,358 INFO     [rollout2] [5]
2016-10-27 02:14:45,358 INFO     [reward] 0.10412596401
2016-10-27 02:14:45,358 INFO     [error] [ -4.06381858e-04   6.88709923e-05]
2016-10-27 02:14:45,358 INFO     
2016-10-27 02:14:45,358 INFO     [min reward] 0.0
2016-10-27 02:14:45,358 INFO     
2016-10-27 02:14:45,358 INFO     [max steps] 1
2016-10-27 02:29:46,020 INFO     [step] 1687800
2016-10-27 02:29:46,020 INFO     [task] make[cloth] 0.0407484613879 0.704484704485
2016-10-27 02:29:46,020 INFO     [task] make[bed] 0.127055544713 0.0
2016-10-27 02:29:46,020 INFO     [task] make[stick] 0.127030115651 0.0
2016-10-27 02:29:46,020 INFO     [task] make[bridge] 0.107912756497 0.173965669014
2016-10-27 02:29:46,020 INFO     [task] make[plank] 0.0470537863119 0.652781305563
2016-10-27 02:29:46,020 INFO     [task] make[axe] 0.126978916752 0.000662753266427
2016-10-27 02:29:46,020 INFO     [task] get[gold] 0.127055544713 0.0
2016-10-27 02:29:46,021 INFO     [task] make[shears] 0.126622023798 0.0
2016-10-27 02:29:46,021 INFO     [task] get[gem] 0.127055544713 0.0
2016-10-27 02:29:46,021 INFO     [task] make[rope] 0.0424873054612 0.692330125401
2016-10-27 02:29:46,021 INFO     
2016-10-27 02:29:46,021 INFO     [rollout0] [3, 3, 1, 1, 3, 5]
2016-10-27 02:29:46,021 INFO     [rollout1] [5]
2016-10-27 02:29:46,021 INFO     [rollout2] [5]
2016-10-27 02:29:46,021 INFO     [reward] 0.106890756303
2016-10-27 02:29:46,021 INFO     [error] [ -1.91383329e-04   4.43103338e-05]
2016-10-27 02:29:46,022 INFO     
2016-10-27 02:29:46,022 INFO     [min reward] 0.0
2016-10-27 02:29:46,022 INFO     
2016-10-27 02:29:46,022 INFO     [max steps] 1
2016-10-27 02:44:37,859 INFO     [step] 1767100
2016-10-27 02:44:37,860 INFO     [task] make[cloth] 0.0387917732996 0.711576193591
2016-10-27 02:44:37,860 INFO     [task] make[bed] 0.128241340475 0.0
2016-10-27 02:44:37,860 INFO     [task] make[stick] 0.128241340475 0.0
2016-10-27 02:44:37,860 INFO     [task] make[bridge] 0.10615263692 0.199592911877
2016-10-27 02:44:37,860 INFO     [task] make[plank] 0.0453566378391 0.679483658336
2016-10-27 02:44:37,860 INFO     [task] make[axe] 0.128157189617 9.91473329367e-05
2016-10-27 02:44:37,860 INFO     [task] get[gold] 0.128241340475 0.0
2016-10-27 02:44:37,860 INFO     [task] make[shears] 0.128241340475 9.84833563128e-05
2016-10-27 02:44:37,860 INFO     [task] get[gem] 0.128241340475 0.0
2016-10-27 02:44:37,860 INFO     [task] make[rope] 0.0403350599477 0.686083123426
2016-10-27 02:44:37,860 INFO     
2016-10-27 02:44:37,860 INFO     [rollout0] [0, 0, 0, 0, 0, 0, 0, 0, 0, 0, 0, 0, 0, 0, 0, 0, 0, 0, 0, 0, 0, 0, 0, 0, 0, 0, 0, 0, 0, 0, 0, 0, 0, 0, 0, 0, 0, 0, 4, 3, 0, 2, 0, 0, 4, 0, 0, 0, 2, 0, 3, 0, 2, 2, 2, 2, 2, 2, 2, 2, 2, 2, 2, 2, 2, 2, 2, 2, 2, 2, 2, 3, 2, 2, 2, 2, 2, 2, 2, 2, 2, 2, 2, 4, 5]
2016-10-27 02:44:37,860 INFO     [rollout1] [5]
2016-10-27 02:44:37,860 INFO     [rollout2] [5]
2016-10-27 02:44:37,860 INFO     [reward] 0.107162673392
2016-10-27 02:44:37,860 INFO     [error] [ -1.31689211e-04   3.27818300e-05]
2016-10-27 02:44:37,861 INFO     
2016-10-27 02:44:37,861 INFO     [min reward] 0.0
2016-10-27 02:44:37,861 INFO     
2016-10-27 02:44:37,861 INFO     [max steps] 1
2016-10-27 03:00:39,397 INFO     [step] 1885100
2016-10-27 03:00:39,398 INFO     [task] make[cloth] 0.0381466535013 0.718102872411
2016-10-27 03:00:39,398 INFO     [task] make[bed] 0.129105383715 0.0
2016-10-27 03:00:39,398 INFO     [task] make[stick] 0.129105383715 0.0
2016-10-27 03:00:39,398 INFO     [task] make[bridge] 0.103591998097 0.0390076709646
2016-10-27 03:00:39,398 INFO     [task] make[plank] 0.0422489496186 0.679588128407
2016-10-27 03:00:39,398 INFO     [task] make[axe] 0.129092709998 0.0
2016-10-27 03:00:39,398 INFO     [task] get[gold] 0.129105383715 0.0
2016-10-27 03:00:39,398 INFO     [task] make[shears] 0.129092794872 0.0
2016-10-27 03:00:39,398 INFO     [task] get[gem] 0.129105383715 0.0
2016-10-27 03:00:39,398 INFO     [task] make[rope] 0.0414053590515 0.716750250752
2016-10-27 03:00:39,398 INFO     
2016-10-27 03:00:39,398 INFO     [rollout0] [5]
2016-10-27 03:00:39,398 INFO     [rollout1] [5]
2016-10-27 03:00:39,398 INFO     [rollout2] [2, 4, 0, 3, 0, 4, 4, 3, 0, 4, 2, 2, 4, 5]
2016-10-27 03:00:39,398 INFO     [reward] 0.090186440678
2016-10-27 03:00:39,398 INFO     [error] [ -1.29865542e-05   5.68678610e-05]
2016-10-27 03:00:39,399 INFO     
2016-10-27 03:00:39,399 INFO     [min reward] 0.0
2016-10-27 03:00:39,399 INFO     
2016-10-27 03:00:39,399 INFO     [max steps] 1
2016-10-27 03:19:18,270 INFO     [step] 1991200
2016-10-27 03:19:18,272 INFO     [task] make[cloth] 0.036732555387 0.766336130181
2016-10-27 03:19:18,272 INFO     [task] make[bed] 0.127099164173 0.0
2016-10-27 03:19:18,272 INFO     [task] make[stick] 0.127099164173 0.0
2016-10-27 03:19:18,272 INFO     [task] make[bridge] 0.122190409345 0.233889661567
2016-10-27 03:19:18,272 INFO     [task] make[plank] 0.041579279913 0.710286754665
2016-10-27 03:19:18,272 INFO     [task] make[axe] 0.127099164173 0.0
2016-10-27 03:19:18,272 INFO     [task] get[gold] 0.127099164173 7.36593989393e-05
2016-10-27 03:19:18,272 INFO     [task] make[shears] 0.127099164173 0.0
2016-10-27 03:19:18,272 INFO     [task] get[gem] 0.127099164173 0.0
2016-10-27 03:19:18,272 INFO     [task] make[rope] 0.03690277032 0.728059018062
2016-10-27 03:19:18,273 INFO     
2016-10-27 03:19:18,273 INFO     [rollout0] [0, 5]
2016-10-27 03:19:18,273 INFO     [rollout1] [4, 0, 2, 3, 4, 4, 4, 4, 4, 4, 1, 4, 0, 4, 4, 0, 1, 4, 0, 4, 4, 4, 4, 4, 4, 4, 4, 4, 4, 4, 4, 4, 2, 1, 4, 3, 0, 4, 4, 4, 4, 4, 4, 4, 4, 4, 2, 3, 4, 1, 4, 4, 4, 0, 4, 4, 4, 4, 4, 4, 4, 1, 4, 4, 4, 4, 4, 4, 4, 0, 2, 0, 3, 4, 4, 4, 4, 4, 1, 3, 4, 4, 4, 1, 0, 4, 4, 4, 4, 1, 4, 0, 4, 4, 4, 4, 4, 4, 1, 6]
2016-10-27 03:19:18,273 INFO     [rollout2] [0, 5]
2016-10-27 03:19:18,273 INFO     [reward] 0.113336475024
2016-10-27 03:19:18,273 INFO     [error] [ -2.94221917e-04   8.31746941e-05]
2016-10-27 03:19:18,273 INFO     
2016-10-27 03:19:18,273 INFO     [min reward] 0.0
2016-10-27 03:19:18,274 INFO     
2016-10-27 03:19:18,274 INFO     [max steps] 1
2016-10-27 03:38:41,341 INFO     [step] 2091100
2016-10-27 03:38:41,343 INFO     [task] make[cloth] 0.0318042796528 0.774273345702
2016-10-27 03:38:41,343 INFO     [task] make[bed] 0.131830469873 0.0
2016-10-27 03:38:41,343 INFO     [task] make[stick] 0.131830469873 0.0
2016-10-27 03:38:41,343 INFO     [task] make[bridge] 0.10130197088 0.262037854271
2016-10-27 03:38:41,343 INFO     [task] make[plank] 0.0391201365937 0.711253196931
2016-10-27 03:38:41,343 INFO     [task] make[axe] 0.131830469873 0.0
2016-10-27 03:38:41,343 INFO     [task] get[gold] 0.131820855464 0.0
2016-10-27 03:38:41,343 INFO     [task] make[shears] 0.131830469873 0.0
2016-10-27 03:38:41,343 INFO     [task] get[gem] 0.131830469873 0.0
2016-10-27 03:38:41,343 INFO     [task] make[rope] 0.0368004080449 0.732208750659
2016-10-27 03:38:41,343 INFO     
2016-10-27 03:38:41,343 INFO     [rollout0] [5]
2016-10-27 03:38:41,343 INFO     [rollout1] [0, 2, 1, 0, 1, 0, 1, 0, 1, 0, 3, 2, 3, 0, 1, 5]
2016-10-27 03:38:41,343 INFO     [rollout2] [3, 4, 3, 3, 3, 3, 3, 0, 3, 4, 1, 4, 2, 4, 3, 1, 1, 2, 0, 3, 0, 3, 0, 4, 2, 1, 3, 4, 1, 3, 3, 4, 1, 0, 1, 1, 4, 2, 4, 1, 2, 1, 3, 2, 1, 2, 3, 1, 3, 2, 1, 0, 3, 4, 1, 2, 1, 1, 3, 2, 1, 2, 4, 3, 1, 3, 2, 1, 3, 2, 1, 2, 3, 4, 1, 2, 3, 1, 3, 2, 0, 2, 4, 3, 1, 2, 1, 1, 3, 1, 4, 2, 3, 2, 3, 3, 0, 2, 1, 6]
2016-10-27 03:38:41,343 INFO     [reward] 0.107457457457
2016-10-27 03:38:41,344 INFO     [error] [ -7.21339830e-06   6.53650821e-05]
2016-10-27 03:38:41,344 INFO     
2016-10-27 03:38:41,344 INFO     [min reward] 0.0
2016-10-27 03:38:41,344 INFO     
2016-10-27 03:38:41,344 INFO     [max steps] 1
2016-10-27 03:57:31,615 INFO     [step] 2185600
2016-10-27 03:57:31,616 INFO     [task] make[cloth] 0.0309343355339 0.768308921438
2016-10-27 03:57:31,616 INFO     [task] make[bed] 0.132541985896 0.0
2016-10-27 03:57:31,616 INFO     [task] make[stick] 0.132541985896 0.0
2016-10-27 03:57:31,616 INFO     [task] make[bridge] 0.0981548397722 0.29834969259
2016-10-27 03:57:31,616 INFO     [task] make[plank] 0.0392044500583 0.722990952634
2016-10-27 03:57:31,616 INFO     [task] make[axe] 0.132541985896 0.0
2016-10-27 03:57:31,616 INFO     [task] get[gold] 0.132541985896 0.0
2016-10-27 03:57:31,616 INFO     [task] make[shears] 0.132541985896 0.000239942413821
2016-10-27 03:57:31,616 INFO     [task] get[gem] 0.132541985896 0.0
2016-10-27 03:57:31,616 INFO     [task] make[rope] 0.0364544592596 0.73160046729
2016-10-27 03:57:31,616 INFO     
2016-10-27 03:57:31,617 INFO     [rollout0] [3, 4, 0, 0, 0, 0, 3, 5]
2016-10-27 03:57:31,617 INFO     [rollout1] [5]
2016-10-27 03:57:31,617 INFO     [rollout2] [5]
2016-10-27 03:57:31,617 INFO     [reward] 0.108984126984
2016-10-27 03:57:31,617 INFO     [error] [ -1.60370622e-04   9.26833129e-05]
2016-10-27 03:57:31,617 INFO     
2016-10-27 03:57:31,617 INFO     [min reward] 0.0
2016-10-27 03:57:31,617 INFO     
2016-10-27 03:57:31,617 INFO     [max steps] 1
2016-10-27 04:10:13,668 INFO     [step] 2282500
2016-10-27 04:10:13,668 INFO     [task] make[cloth] 0.0318916354017 0.766987179487
2016-10-27 04:10:13,668 INFO     [task] make[bed] 0.133271579354 0.0
2016-10-27 04:10:13,668 INFO     [task] make[stick] 0.133271579354 0.0
2016-10-27 04:10:13,668 INFO     [task] make[bridge] 0.0939037231845 0.319237969387
2016-10-27 04:10:13,668 INFO     [task] make[plank] 0.0378714346845 0.734239130435
2016-10-27 04:10:13,668 INFO     [task] make[axe] 0.133271579354 0.0
2016-10-27 04:10:13,668 INFO     [task] get[gold] 0.133271579354 0.0
2016-10-27 04:10:13,668 INFO     [task] make[shears] 0.133239918459 0.0
2016-10-27 04:10:13,668 INFO     [task] get[gem] 0.133271579354 0.0
2016-10-27 04:10:13,668 INFO     [task] make[rope] 0.0367353915007 0.739402560455
2016-10-27 04:10:13,668 INFO     
2016-10-27 04:10:13,669 INFO     [rollout0] [3, 1, 2, 0, 2, 5]
2016-10-27 04:10:13,669 INFO     [rollout1] [2, 0, 2, 2, 0, 2, 0, 3, 2, 0, 2, 4, 1, 2, 4, 2, 2, 4, 5]
2016-10-27 04:10:13,669 INFO     [rollout2] [5]
2016-10-27 04:10:13,669 INFO     [reward] 0.109318885449
2016-10-27 04:10:13,669 INFO     [error] [  1.20398284e-04   4.56603219e-05]
2016-10-27 04:10:13,669 INFO     
2016-10-27 04:10:13,669 INFO     [min reward] 0.0
2016-10-27 04:10:13,669 INFO     
2016-10-27 04:10:13,669 INFO     [max steps] 1
2016-10-27 04:25:35,180 INFO     [step] 2425900
2016-10-27 04:25:35,181 INFO     [task] make[cloth] 0.0322292478592 0.81943250215
2016-10-27 04:25:35,181 INFO     [task] make[bed] 0.133949889019 0.0
2016-10-27 04:25:35,181 INFO     [task] make[stick] 0.133949889019 0.0
2016-10-27 04:25:35,181 INFO     [task] make[bridge] 0.091611383504 0.335569422777
2016-10-27 04:25:35,181 INFO     [task] make[plank] 0.0365724137366 0.767065982126
2016-10-27 04:25:35,181 INFO     [task] make[axe] 0.133949889019 0.0
2016-10-27 04:25:35,181 INFO     [task] get[gold] 0.133949889019 0.0
2016-10-27 04:25:35,181 INFO     [task] make[shears] 0.133949889019 0.0
2016-10-27 04:25:35,181 INFO     [task] get[gem] 0.133949889019 0.0
2016-10-27 04:25:35,182 INFO     [task] make[rope] 0.0358876207879 0.744614179397
2016-10-27 04:25:35,182 INFO     
2016-10-27 04:25:35,182 INFO     [rollout0] [3, 3, 3, 3, 1, 3, 3, 3, 3, 3, 3, 3, 3, 3, 3, 3, 3, 3, 3, 3, 3, 3, 3, 3, 3, 3, 3, 3, 3, 3, 3, 3, 3, 3, 3, 3, 3, 3, 3, 3, 3, 3, 3, 1, 3, 5]
2016-10-27 04:25:35,182 INFO     [rollout1] [1, 5]
2016-10-27 04:25:35,182 INFO     [rollout2] [2, 3, 2, 2, 5]
2016-10-27 04:25:35,182 INFO     [reward] 0.111227336123
2016-10-27 04:25:35,182 INFO     [error] [-0.00011139  0.00011583]
2016-10-27 04:25:35,182 INFO     
2016-10-27 04:25:35,182 INFO     [min reward] 0.0
2016-10-27 04:25:35,183 INFO     
2016-10-27 04:25:35,183 INFO     [max steps] 1
2016-10-27 04:44:25,505 INFO     [step] 2566500
2016-10-27 04:44:25,506 INFO     [task] make[cloth] 0.0256369363004 0.815149029259
2016-10-27 04:44:25,506 INFO     [task] make[bed] 0.135874721322 0.0
2016-10-27 04:44:25,506 INFO     [task] make[stick] 0.135874721322 0.0
2016-10-27 04:44:25,506 INFO     [task] make[bridge] 0.0907307591397 0.376288254268
2016-10-27 04:44:25,506 INFO     [task] make[plank] 0.0326817742359 0.794464707144
2016-10-27 04:44:25,506 INFO     [task] make[axe] 0.135874721322 0.0
2016-10-27 04:44:25,506 INFO     [task] get[gold] 0.135874721322 0.0
2016-10-27 04:44:25,506 INFO     [task] make[shears] 0.135874721322 0.0
2016-10-27 04:44:25,506 INFO     [task] get[gem] 0.135874721322 0.0
2016-10-27 04:44:25,506 INFO     [task] make[rope] 0.0357022023933 0.734169653524
2016-10-27 04:44:25,506 INFO     
2016-10-27 04:44:25,506 INFO     [rollout0] [5]
2016-10-27 04:44:25,506 INFO     [rollout1] [1, 5]
2016-10-27 04:44:25,506 INFO     [rollout2] [0, 0, 2, 1, 2, 5]
2016-10-27 04:44:25,506 INFO     [reward] 0.107780938834
2016-10-27 04:44:25,507 INFO     [error] [ -2.68204100e-05   1.53959702e-04]
2016-10-27 04:44:25,507 INFO     
2016-10-27 04:44:25,507 INFO     [min reward] 0.0
2016-10-27 04:44:25,507 INFO     
2016-10-27 04:44:25,507 INFO     [max steps] 1
2016-10-27 05:01:57,917 INFO     [step] 2687000
2016-10-27 05:01:57,918 INFO     [task] make[cloth] 0.0264028268767 0.804034582133
2016-10-27 05:01:57,918 INFO     [task] make[bed] 0.136857697163 0.0
2016-10-27 05:01:57,918 INFO     [task] make[stick] 0.136857697163 0.0
2016-10-27 05:01:57,918 INFO     [task] make[bridge] 0.0858696338473 0.400595752859
2016-10-27 05:01:57,918 INFO     [task] make[plank] 0.0292056077599 0.79458369346
2016-10-27 05:01:57,918 INFO     [task] make[axe] 0.136857697163 0.0
2016-10-27 05:01:57,918 INFO     [task] get[gold] 0.136857697163 0.0
2016-10-27 05:01:57,918 INFO     [task] make[shears] 0.136857697163 0.0
2016-10-27 05:01:57,918 INFO     [task] get[gem] 0.136857697163 0.0
2016-10-27 05:01:57,918 INFO     [task] make[rope] 0.0373757485408 0.736098654709
2016-10-27 05:01:57,918 INFO     
2016-10-27 05:01:57,918 INFO     [rollout0] [5]
2016-10-27 05:01:57,918 INFO     [rollout1] [3, 0, 0, 4, 0, 3, 0, 2, 1, 3, 1, 2, 0, 4, 3, 4, 5]
2016-10-27 05:01:57,918 INFO     [rollout2] [5]
2016-10-27 05:01:57,918 INFO     [reward] 0.10556846473
2016-10-27 05:01:57,918 INFO     [error] [  2.24235855e-04   6.42655843e-05]
2016-10-27 05:01:57,919 INFO     
2016-10-27 05:01:57,919 INFO     [min reward] 0.0
2016-10-27 05:01:57,919 INFO     
2016-10-27 05:01:57,919 INFO     [max steps] 1
2016-10-27 05:18:33,769 INFO     [step] 2816300
2016-10-27 05:18:33,770 INFO     [task] make[cloth] 0.0279666208498 0.814269850083
2016-10-27 05:18:33,770 INFO     [task] make[bed] 0.137140920795 0.0
2016-10-27 05:18:33,770 INFO     [task] make[stick] 0.137140920795 0.0
2016-10-27 05:18:33,770 INFO     [task] make[bridge] 0.0827467916727 0.456262332049
2016-10-27 05:18:33,771 INFO     [task] make[plank] 0.029249891716 0.806216216216
2016-10-27 05:18:33,771 INFO     [task] make[axe] 0.137140920795 0.0
2016-10-27 05:18:33,771 INFO     [task] get[gold] 0.137140920795 0.0
2016-10-27 05:18:33,771 INFO     [task] make[shears] 0.137140920795 0.0
2016-10-27 05:18:33,771 INFO     [task] get[gem] 0.137140920795 0.0
2016-10-27 05:18:33,771 INFO     [task] make[rope] 0.0371911709904 0.7388075098
2016-10-27 05:18:33,771 INFO     
2016-10-27 05:18:33,771 INFO     [rollout0] [4, 4, 4, 4, 4, 4, 4, 4, 4, 4, 4, 4, 4, 4, 4, 4, 4, 4, 2, 3, 1, 4, 0, 2, 4, 2, 2, 4, 2, 2, 2, 2, 2, 2, 2, 4, 2, 0, 4, 5]
2016-10-27 05:18:33,771 INFO     [rollout1] [5]
2016-10-27 05:18:33,771 INFO     [rollout2] [1, 1, 1, 1, 1, 1, 1, 1, 1, 2, 3, 1, 1, 5]
2016-10-27 05:18:33,771 INFO     [reward] 0.111005413766
2016-10-27 05:18:33,771 INFO     [error] [ -1.09007714e-04   7.67091555e-05]
2016-10-27 05:18:33,772 INFO     
2016-10-27 05:18:33,772 INFO     [min reward] 0.0
2016-10-27 05:18:33,772 INFO     
2016-10-27 05:18:33,772 INFO     [max steps] 1
2016-10-27 05:32:34,092 INFO     [step] 2959500
2016-10-27 05:32:34,093 INFO     [task] make[cloth] 0.0268696069938 0.815510852303
2016-10-27 05:32:34,093 INFO     [task] make[bed] 0.138651623551 0.0
2016-10-27 05:32:34,093 INFO     [task] make[stick] 0.138651623551 0.0
2016-10-27 05:32:34,093 INFO     [task] make[bridge] 0.076016462062 0.531033223804
2016-10-27 05:32:34,093 INFO     [task] make[plank] 0.0279752004702 0.804010025063
2016-10-27 05:32:34,093 INFO     [task] make[axe] 0.138651623551 0.0
2016-10-27 05:32:34,093 INFO     [task] get[gold] 0.138651623551 0.0
2016-10-27 05:32:34,093 INFO     [task] make[shears] 0.138651623551 0.0
2016-10-27 05:32:34,093 INFO     [task] get[gem] 0.138651623551 0.0
2016-10-27 05:32:34,093 INFO     [task] make[rope] 0.0372289891693 0.754202465446
2016-10-27 05:32:34,093 INFO     
2016-10-27 05:32:34,093 INFO     [rollout0] [5]
2016-10-27 05:32:34,093 INFO     [rollout1] [3, 1, 3, 0, 0, 5]
2016-10-27 05:32:34,093 INFO     [rollout2] [3, 1, 3, 1, 3, 1, 5]
2016-10-27 05:32:34,093 INFO     [reward] 0.112744413408
2016-10-27 05:32:34,094 INFO     [error] [ -1.07429118e-04   9.78746317e-05]
2016-10-27 05:32:34,094 INFO     
2016-10-27 05:32:34,094 INFO     [min reward] 0.0
2016-10-27 05:32:34,094 INFO     
2016-10-27 05:32:34,094 INFO     [max steps] 1
2016-10-27 05:48:01,275 INFO     [step] 3069300
2016-10-27 05:48:01,277 INFO     [task] make[cloth] 0.0270302387262 0.814174296372
2016-10-27 05:48:01,277 INFO     [task] make[bed] 0.140370511346 0.0
2016-10-27 05:48:01,277 INFO     [task] make[stick] 0.140370511346 0.0
2016-10-27 05:48:01,277 INFO     [task] make[bridge] 0.0665671398932 0.539768864718
2016-10-27 05:48:01,277 INFO     [task] make[plank] 0.0286286317961 0.796409105483
2016-10-27 05:48:01,277 INFO     [task] make[axe] 0.140370511346 0.0
2016-10-27 05:48:01,277 INFO     [task] get[gold] 0.140370511346 0.0
2016-10-27 05:48:01,278 INFO     [task] make[shears] 0.140370511346 0.0
2016-10-27 05:48:01,278 INFO     [task] get[gem] 0.140370511346 0.0
2016-10-27 05:48:01,278 INFO     [task] make[rope] 0.0355509215111 0.74605637445
2016-10-27 05:48:01,278 INFO     
2016-10-27 05:48:01,278 INFO     [rollout0] [2, 4, 0, 2, 0, 1, 3, 1, 4, 2, 4, 0, 3, 1, 2, 4, 4, 4, 4, 4, 4, 4, 4, 1, 2, 4, 0, 2, 4, 4, 1, 2, 0, 3, 0, 2, 4, 4, 4, 4, 4, 5]
2016-10-27 05:48:01,278 INFO     [rollout1] [4, 5]
2016-10-27 05:48:01,278 INFO     [rollout2] [3, 3, 3, 5]
2016-10-27 05:48:01,278 INFO     [reward] 0.106921675774
2016-10-27 05:48:01,278 INFO     [error] [  2.45427041e-05   5.03004811e-05]
2016-10-27 05:48:01,278 INFO     
2016-10-27 05:48:01,278 INFO     [min reward] 0.0
2016-10-27 05:48:01,279 INFO     
