2016-10-26 17:58:54,852 INFO     BEGIN
2016-10-26 17:58:54,852 INFO     struct {
    trainer:
        improvement_threshold: 0.8
        use_curriculum: True
        name: 'CurriculumTrainer'
        max_timesteps: 100
        hints: 'resources/craft/hints.indep.yaml'
    name: 'craft_indep'
    recipes: 'resources/craft/recipes.yaml'
    world:
        name: 'CraftWorld'
    model:
        use_args: False
        name: 'ModularACModel'
        max_subtask_timesteps: 100
        baseline: 'state'
    experiment_dir: 'experiments/craft_indep'
}
2016-10-26 17:59:57,206 INFO     [max steps] 1
2016-10-26 18:17:03,301 INFO     [step] 50000
2016-10-26 18:17:03,301 INFO     [task] make[cloth] 0.1 0.0230198985564
2016-10-26 18:17:03,301 INFO     [task] make[bed] 0.1 0.000990099009901
2016-10-26 18:17:03,301 INFO     [task] make[stick] 0.1 0.0185783521809
2016-10-26 18:17:03,301 INFO     [task] make[bridge] 0.1 0.0110565110565
2016-10-26 18:17:03,301 INFO     [task] make[plank] 0.1 0.0307935254639
2016-10-26 18:17:03,301 INFO     [task] make[axe] 0.1 0.000584112149533
2016-10-26 18:17:03,302 INFO     [task] get[gold] 0.1 0.000204039991838
2016-10-26 18:17:03,302 INFO     [task] make[shears] 0.1 0.0218800648298
2016-10-26 18:17:03,302 INFO     [task] get[gem] 0.1 0.0
2016-10-26 18:17:03,302 INFO     [task] make[rope] 0.1 0.0348767288034
2016-10-26 18:17:03,302 INFO     
2016-10-26 18:17:03,302 INFO     [rollout0] [2, 1, 3, 3, 2, 3, 0, 0, 0, 0, 4, 2, 4, 5]
2016-10-26 18:17:03,302 INFO     [rollout1] [4, 0, 0, 3, 2, 3, 3, 3, 3, 3, 4, 3, 4, 2, 0, 1, 3, 2, 2, 3, 2, 4, 0, 3, 3, 4, 2, 3, 0, 0, 2, 3, 0, 0, 0, 3, 4, 1, 4, 3, 0, 4, 1, 0, 2, 3, 1, 0, 0, 5]
2016-10-26 18:17:03,302 INFO     [rollout2] [3, 4, 2, 1, 1, 4, 4, 0, 2, 1, 4, 4, 2, 0, 1, 2, 0, 1, 1, 0, 4, 4, 1, 4, 4, 0, 1, 4, 5]
2016-10-26 18:17:03,302 INFO     [reward] 0.01422
2016-10-26 18:17:03,302 INFO     [error] [  2.42619004e-05   5.15803499e-06]
2016-10-26 18:17:03,302 INFO     
2016-10-26 18:17:03,302 INFO     [min reward] 0.0
2016-10-26 18:17:03,303 INFO     
2016-10-26 18:17:03,303 INFO     [max steps] 1
2016-10-26 18:26:55,347 INFO     [step] 175500
2016-10-26 18:26:55,347 INFO     [task] make[cloth] 0.0991141242633 0.00395671834625
2016-10-26 18:26:55,347 INFO     [task] make[bed] 0.101326392055 0.000158466048649
2016-10-26 18:26:55,347 INFO     [task] make[stick] 0.0995601514716 0.00080612656187
2016-10-26 18:26:55,347 INFO     [task] make[bridge] 0.100315506818 0.000160256410256
2016-10-26 18:26:55,347 INFO     [task] make[plank] 0.0983334841854 0.00104940264772
2016-10-26 18:26:55,347 INFO     [task] make[axe] 0.101367161907 0.0
2016-10-26 18:26:55,347 INFO     [task] get[gold] 0.101405329362 0.0
2016-10-26 18:26:55,347 INFO     [task] make[shears] 0.0992285881936 7.95102170629e-05
2016-10-26 18:26:55,347 INFO     [task] get[gem] 0.101425819385 0.0
2016-10-26 18:26:55,347 INFO     [task] make[rope] 0.0979234423592 0.0036490431398
2016-10-26 18:26:55,347 INFO     
2016-10-26 18:26:55,347 INFO     [rollout0] [1, 2, 3, 1, 3, 0, 3, 4, 5]
2016-10-26 18:26:55,348 INFO     [rollout1] [2, 5]
2016-10-26 18:26:55,348 INFO     [rollout2] [1, 4, 5]
2016-10-26 18:26:55,348 INFO     [reward] 0.000972111553785
2016-10-26 18:26:55,348 INFO     [error] [ -1.73712045e-05   4.31970370e-07]
2016-10-26 18:26:55,348 INFO     
2016-10-26 18:26:55,348 INFO     [min reward] 0.0
2016-10-26 18:26:55,348 INFO     
2016-10-26 18:26:55,348 INFO     [max steps] 1
2016-10-26 18:36:18,092 INFO     [step] 328500
2016-10-26 18:36:18,093 INFO     [task] make[cloth] 0.099705577339 0.00588691939449
2016-10-26 18:36:18,093 INFO     [task] make[bed] 0.100082009392 0.0
2016-10-26 18:36:18,093 INFO     [task] make[stick] 0.10001782193 0.00156270347702
2016-10-26 18:36:18,093 INFO     [task] make[bridge] 0.100081831956 0.000328428796637
2016-10-26 18:36:18,093 INFO     [task] make[plank] 0.0999937116524 0.00538623226484
2016-10-26 18:36:18,093 INFO     [task] make[axe] 0.100097714431 0.0
2016-10-26 18:36:18,093 INFO     [task] get[gold] 0.100097714431 0.0
2016-10-26 18:36:18,093 INFO     [task] make[shears] 0.10008983444 0.000262157556692
2016-10-26 18:36:18,093 INFO     [task] get[gem] 0.100097714431 0.0
2016-10-26 18:36:18,093 INFO     [task] make[rope] 0.0997360699974 0.00905904913046
2016-10-26 18:36:18,093 INFO     
2016-10-26 18:36:18,093 INFO     [rollout0] [4, 4, 0, 4, 1, 2, 0, 3, 4, 0, 4, 1, 2, 0, 1, 2, 0, 2, 4, 1, 5]
2016-10-26 18:36:18,093 INFO     [rollout1] [3, 5]
2016-10-26 18:36:18,093 INFO     [rollout2] [5]
2016-10-26 18:36:18,093 INFO     [reward] 0.00224183006536
2016-10-26 18:36:18,093 INFO     [error] [  7.38645273e-06   6.12959235e-07]
2016-10-26 18:36:18,094 INFO     
2016-10-26 18:36:18,094 INFO     [min reward] 0.0
2016-10-26 18:36:18,094 INFO     
2016-10-26 18:36:18,094 INFO     [max steps] 1
2016-10-26 18:46:29,951 INFO     [step] 449300
2016-10-26 18:46:29,951 INFO     [task] make[cloth] 0.0996389615387 0.0347347676137
2016-10-26 18:46:29,952 INFO     [task] make[bed] 0.100223125361 0.0
2016-10-26 18:46:29,952 INFO     [task] make[stick] 0.100068057018 0.00382663671907
2016-10-26 18:46:29,952 INFO     [task] make[bridge] 0.100190535103 0.000249542505407
2016-10-26 18:46:29,952 INFO     [task] make[plank] 0.0996886451317 0.0300789364354
2016-10-26 18:46:29,952 INFO     [task] make[axe] 0.100223125361 0.0
2016-10-26 18:46:29,952 INFO     [task] get[gold] 0.100223125361 0.0
2016-10-26 18:46:29,952 INFO     [task] make[shears] 0.100197111252 0.0004995004995
2016-10-26 18:46:29,952 INFO     [task] get[gem] 0.100223125361 0.0
2016-10-26 18:46:29,952 INFO     [task] make[rope] 0.0993241885127 0.194891122278
2016-10-26 18:46:29,952 INFO     
2016-10-26 18:46:29,952 INFO     [rollout0] [5]
2016-10-26 18:46:29,952 INFO     [rollout1] [3, 0, 5]
2016-10-26 18:46:29,952 INFO     [rollout2] [5]
2016-10-26 18:46:29,952 INFO     [reward] 0.0262168874172
2016-10-26 18:46:29,952 INFO     [error] [ -7.32333242e-05   2.88081664e-05]
2016-10-26 18:46:29,953 INFO     
2016-10-26 18:46:29,953 INFO     [min reward] 0.0
2016-10-26 18:46:29,953 INFO     
2016-10-26 18:46:29,953 INFO     [max steps] 1
2016-10-26 18:58:07,628 INFO     [step] 539700
2016-10-26 18:58:07,628 INFO     [task] make[cloth] 0.0991554540556 0.401652331372
2016-10-26 18:58:07,628 INFO     [task] make[bed] 0.102686946351 0.0
2016-10-26 18:58:07,628 INFO     [task] make[stick] 0.102297891263 0.00859014281112
2016-10-26 18:58:07,628 INFO     [task] make[bridge] 0.102661575304 0.000107066381156
2016-10-26 18:58:07,628 INFO     [task] make[plank] 0.0996288135471 0.385986409714
2016-10-26 18:58:07,628 INFO     [task] make[axe] 0.102686946351 0.0
2016-10-26 18:58:07,628 INFO     [task] get[gold] 0.102686946351 0.0
2016-10-26 18:58:07,629 INFO     [task] make[shears] 0.102636162014 0.00010752688172
2016-10-26 18:58:07,629 INFO     [task] get[gem] 0.102686946351 0.0
2016-10-26 18:58:07,629 INFO     [task] make[rope] 0.0828723184128 0.718134298351
2016-10-26 18:58:07,629 INFO     
2016-10-26 18:58:07,629 INFO     [rollout0] [5]
2016-10-26 18:58:07,629 INFO     [rollout1] [2, 2, 2, 1, 1, 2, 0, 4, 4, 4, 4, 0, 2, 0, 4, 0, 0, 0, 4, 0, 4, 4, 4, 0, 0, 4, 4, 4, 4, 0, 4, 0, 4, 1, 0, 1, 0, 0, 4, 4, 4, 0, 0, 0, 2, 0, 4, 3, 0, 4, 4, 4, 2, 2, 4, 4, 1, 4, 2, 0, 0, 2, 4, 2, 0, 0, 4, 0, 4, 4, 4, 4, 4, 4, 4, 2, 4, 4, 4, 1, 4, 4, 2, 0, 3, 4, 3, 4, 4, 4, 1, 1, 4, 3, 0, 0, 4, 0, 0, 6]
2016-10-26 18:58:07,629 INFO     [rollout2] [1, 1, 4, 0, 4, 5]
2016-10-26 18:58:07,629 INFO     [reward] 0.137765486726
2016-10-26 18:58:07,629 INFO     [error] [ -7.81917665e-05   3.17605948e-05]
2016-10-26 18:58:07,629 INFO     
2016-10-26 18:58:07,629 INFO     [min reward] 0.0
2016-10-26 18:58:07,629 INFO     
2016-10-26 18:58:07,629 INFO     [max steps] 1
2016-10-26 19:09:20,489 INFO     [step] 639600
2016-10-26 19:09:20,489 INFO     [task] make[cloth] 0.0708582120624 0.772446689113
2016-10-26 19:09:20,489 INFO     [task] make[bed] 0.117641273031 0.0
2016-10-26 19:09:20,489 INFO     [task] make[stick] 0.116640723194 0.0222946321386
2016-10-26 19:09:20,489 INFO     [task] make[bridge] 0.117628802313 0.000343997248022
2016-10-26 19:09:20,489 INFO     [task] make[plank] 0.072682923911 0.752079866889
2016-10-26 19:09:20,489 INFO     [task] make[axe] 0.117641273031 0.0
2016-10-26 19:09:20,489 INFO     [task] get[gold] 0.117641273031 0.0
2016-10-26 19:09:20,489 INFO     [task] make[shears] 0.117628748676 0.000256300726185
2016-10-26 19:09:20,489 INFO     [task] get[gem] 0.117641273031 0.0
2016-10-26 19:09:20,489 INFO     [task] make[rope] 0.0339954977189 0.798782255726
2016-10-26 19:09:20,490 INFO     
2016-10-26 19:09:20,490 INFO     [rollout0] [5]
2016-10-26 19:09:20,490 INFO     [rollout1] [2, 3, 5]
2016-10-26 19:09:20,490 INFO     [rollout2] [0, 3, 2, 4, 4, 0, 3, 1, 0, 3, 2, 4, 1, 1, 0, 2, 0, 4, 3, 1, 0, 0, 4, 2, 1, 4, 0, 2, 2, 4, 4, 4, 4, 3, 5]
2016-10-26 19:09:20,490 INFO     [reward] 0.13965965966
2016-10-26 19:09:20,490 INFO     [error] [ -6.43099425e-05   3.54249836e-05]
2016-10-26 19:09:20,490 INFO     
2016-10-26 19:09:20,490 INFO     [min reward] 0.0
2016-10-26 19:09:20,490 INFO     
2016-10-26 19:09:20,490 INFO     [max steps] 1
2016-10-26 19:20:16,978 INFO     [step] 739300
2016-10-26 19:20:16,978 INFO     [task] make[cloth] 0.0306370328775 0.821634452357
2016-10-26 19:20:16,978 INFO     [task] make[bed] 0.130258774718 0.0
2016-10-26 19:20:16,978 INFO     [task] make[stick] 0.127383456436 0.260988367554
2016-10-26 19:20:16,978 INFO     [task] make[bridge] 0.130214409708 0.000308904162484
2016-10-26 19:20:16,978 INFO     [task] make[plank] 0.0332637232814 0.80993456276
2016-10-26 19:20:16,979 INFO     [task] make[axe] 0.130258774718 0.0
2016-10-26 19:20:16,979 INFO     [task] get[gold] 0.130258774718 0.0
2016-10-26 19:20:16,979 INFO     [task] make[shears] 0.130225719848 0.000303329036172
2016-10-26 19:20:16,979 INFO     [task] get[gem] 0.130258774718 0.0
2016-10-26 19:20:16,979 INFO     [task] make[rope] 0.027240558978 0.830318379161
2016-10-26 19:20:16,979 INFO     
2016-10-26 19:20:16,979 INFO     [rollout0] [3, 1, 1, 5]
2016-10-26 19:20:16,979 INFO     [rollout1] [1, 2, 4, 0, 0, 3, 0, 3, 3, 3, 2, 1, 5]
2016-10-26 19:20:16,979 INFO     [rollout2] [1, 0, 0, 4, 2, 2, 1, 3, 1, 2, 4, 4, 5]
2016-10-26 19:20:16,979 INFO     [reward] 0.108244734203
2016-10-26 19:20:16,979 INFO     [error] [  3.11181401e-05   4.12167240e-05]
2016-10-26 19:20:16,979 INFO     
2016-10-26 19:20:16,979 INFO     [min reward] 0.0
2016-10-26 19:20:16,979 INFO     
2016-10-26 19:20:16,979 INFO     [max steps] 1
2016-10-26 19:30:43,768 INFO     [step] 839900
2016-10-26 19:30:43,768 INFO     [task] make[cloth] 0.0255358559054 0.841463414634
2016-10-26 19:30:43,768 INFO     [task] make[bed] 0.136921081308 0.0
2016-10-26 19:30:43,768 INFO     [task] make[stick] 0.101540081808 0.708284023669
2016-10-26 19:30:43,768 INFO     [task] make[bridge] 0.136879204583 0.0
2016-10-26 19:30:43,768 INFO     [task] make[plank] 0.0271219564348 0.835998512458
2016-10-26 19:30:43,768 INFO     [task] make[axe] 0.136921081308 0.0
2016-10-26 19:30:43,768 INFO     [task] get[gold] 0.136921081308 0.0
2016-10-26 19:30:43,768 INFO     [task] make[shears] 0.136879960377 0.0
2016-10-26 19:30:43,768 INFO     [task] get[gem] 0.136921081308 0.0
2016-10-26 19:30:43,768 INFO     [task] make[rope] 0.0243586156599 0.837617299062
2016-10-26 19:30:43,768 INFO     
2016-10-26 19:30:43,768 INFO     [rollout0] [2, 1, 4, 4, 4, 1, 1, 1, 3, 4, 0, 2, 1, 3, 1, 1, 3, 4, 4, 4, 4, 4, 0, 2, 4, 3, 4, 1, 4, 0, 2, 4, 5]
2016-10-26 19:30:43,769 INFO     [rollout1] [0, 2, 2, 5]
2016-10-26 19:30:43,769 INFO     [rollout2] [0, 4, 1, 0, 1, 3, 2, 0, 2, 4, 5]
2016-10-26 19:30:43,769 INFO     [reward] 0.135407554672
2016-10-26 19:30:43,769 INFO     [error] [ -2.40832257e-05   4.33876317e-05]
2016-10-26 19:30:43,769 INFO     
2016-10-26 19:30:43,769 INFO     [min reward] 0.0
2016-10-26 19:30:43,769 INFO     
2016-10-26 19:30:43,769 INFO     [max steps] 1
2016-10-26 19:40:59,395 INFO     [step] 959200
2016-10-26 19:40:59,395 INFO     [task] make[cloth] 0.0245085775923 0.839590443686
2016-10-26 19:40:59,395 INFO     [task] make[bed] 0.146874124182 0.0
2016-10-26 19:40:59,395 INFO     [task] make[stick] 0.0438755146291 0.788861338928
2016-10-26 19:40:59,395 INFO     [task] make[bridge] 0.146874124182 0.000114122681883
2016-10-26 19:40:59,395 INFO     [task] make[plank] 0.0253032832565 0.862461220269
2016-10-26 19:40:59,396 INFO     [task] make[axe] 0.146874124182 0.0
2016-10-26 19:40:59,396 INFO     [task] get[gold] 0.146874124182 0.0
2016-10-26 19:40:59,396 INFO     [task] make[shears] 0.146874124182 0.000114357596203
2016-10-26 19:40:59,396 INFO     [task] get[gem] 0.146874124182 0.0
2016-10-26 19:40:59,396 INFO     [task] make[rope] 0.0250678794302 0.845778087927
2016-10-26 19:40:59,396 INFO     
2016-10-26 19:40:59,396 INFO     [rollout0] [4, 0, 1, 4, 0, 4, 4, 4, 5]
2016-10-26 19:40:59,396 INFO     [rollout1] [2, 2, 1, 3, 1, 3, 0, 3, 5]
2016-10-26 19:40:59,396 INFO     [rollout2] [4, 5]
2016-10-26 19:40:59,396 INFO     [reward] 0.0966135792121
2016-10-26 19:40:59,396 INFO     [error] [ -2.30201015e-05   5.79919788e-05]
2016-10-26 19:40:59,396 INFO     
2016-10-26 19:40:59,396 INFO     [min reward] 0.0
2016-10-26 19:40:59,396 INFO     
2016-10-26 19:40:59,396 INFO     [max steps] 1
2016-10-26 19:51:46,915 INFO     [step] 1095300
2016-10-26 19:51:46,915 INFO     [task] make[cloth] 0.0251970323442 0.849880382775
2016-10-26 19:51:46,916 INFO     [task] make[bed] 0.149340231957 0.0
2016-10-26 19:51:46,916 INFO     [task] make[stick] 0.0326979197418 0.827008928571
2016-10-26 19:51:46,916 INFO     [task] make[bridge] 0.149323357593 0.0
2016-10-26 19:51:46,916 INFO     [task] make[plank] 0.0218153223641 0.831653225806
2016-10-26 19:51:46,916 INFO     [task] make[axe] 0.149340231957 0.0
2016-10-26 19:51:46,916 INFO     [task] get[gold] 0.149340231957 0.0
2016-10-26 19:51:46,916 INFO     [task] make[shears] 0.149323322858 0.000146857254748
2016-10-26 19:51:46,916 INFO     [task] get[gem] 0.149340231957 0.0
2016-10-26 19:51:46,916 INFO     [task] make[rope] 0.0242821172687 0.853746614505
2016-10-26 19:51:46,916 INFO     
2016-10-26 19:51:46,916 INFO     [rollout0] [5]
2016-10-26 19:51:46,916 INFO     [rollout1] [4, 3, 2, 0, 5]
2016-10-26 19:51:46,916 INFO     [rollout2] [0, 4, 0, 3, 3, 4, 4, 4, 4, 2, 1, 2, 3, 3, 3, 3, 3, 0, 0, 3, 5]
2016-10-26 19:51:46,916 INFO     [reward] 0.0871565025716
2016-10-26 19:51:46,916 INFO     [error] [  2.17312679e-05   3.35164482e-05]
2016-10-26 19:51:46,917 INFO     
2016-10-26 19:51:46,917 INFO     [min reward] 0.0
2016-10-26 19:51:46,917 INFO     
2016-10-26 19:51:46,917 INFO     [max steps] 1
2016-10-26 20:02:37,759 INFO     [step] 1236900
2016-10-26 20:02:37,760 INFO     [task] make[cloth] 0.0237652091226 0.863569538371
2016-10-26 20:02:37,760 INFO     [task] make[bed] 0.149905811854 0.0
2016-10-26 20:02:37,760 INFO     [task] make[stick] 0.0271598268559 0.833072916667
2016-10-26 20:02:37,760 INFO     [task] make[bridge] 0.149905811854 0.000282858759193
2016-10-26 20:02:37,760 INFO     [task] make[plank] 0.0264705128485 0.859169732002
2016-10-26 20:02:37,760 INFO     [task] make[axe] 0.149905811854 0.0
2016-10-26 20:02:37,760 INFO     [task] get[gold] 0.149905811854 0.0
2016-10-26 20:02:37,760 INFO     [task] make[shears] 0.149884015066 0.000235006580184
2016-10-26 20:02:37,760 INFO     [task] get[gem] 0.149905811854 0.0
2016-10-26 20:02:37,760 INFO     [task] make[rope] 0.0231913768391 0.862887903737
2016-10-26 20:02:37,760 INFO     
2016-10-26 20:02:37,760 INFO     [rollout0] [0, 1, 1, 2, 3, 4, 2, 1, 0, 3, 0, 5]
2016-10-26 20:02:37,760 INFO     [rollout1] [2, 1, 3, 0, 2, 1, 0, 1, 2, 0, 1, 2, 1, 0, 2, 1, 2, 1, 1, 2, 1, 2, 4, 1, 1, 1, 4, 1, 2, 1, 4, 4, 4, 4, 4, 4, 4, 4, 4, 4, 4, 3, 4, 4, 0, 4, 4, 4, 4, 4, 4, 2, 4, 1, 4, 5]
2016-10-26 20:02:37,760 INFO     [rollout2] [1, 4, 4, 1, 4, 1, 1, 1, 1, 1, 1, 1, 1, 0, 1, 1, 1, 1, 1, 1, 1, 1, 1, 1, 1, 1, 1, 1, 1, 1, 1, 1, 1, 1, 0, 1, 1, 1, 1, 1, 1, 1, 1, 1, 1, 1, 1, 4, 1, 1, 1, 1, 1, 0, 1, 1, 1, 1, 1, 1, 0, 1, 1, 1, 1, 1, 1, 1, 1, 0, 1, 1, 1, 4, 1, 1, 1, 4, 1, 1, 0, 1, 1, 1, 1, 1, 1, 1, 1, 1, 1, 1, 1, 1, 1, 1, 4, 1, 4, 6]
2016-10-26 20:02:37,761 INFO     [reward] 0.0857485875706
2016-10-26 20:02:37,761 INFO     [error] [  8.70451409e-06   2.36083751e-05]
2016-10-26 20:02:37,761 INFO     
2016-10-26 20:02:37,761 INFO     [min reward] 0.0
2016-10-26 20:02:37,761 INFO     
2016-10-26 20:02:37,761 INFO     [max steps] 1
2016-10-26 20:13:18,509 INFO     [step] 1375500
2016-10-26 20:13:18,509 INFO     [task] make[cloth] 0.0219181617761 0.876393442623
2016-10-26 20:13:18,509 INFO     [task] make[bed] 0.15117990579 0.0
2016-10-26 20:13:18,509 INFO     [task] make[stick] 0.0264829898912 0.84521218716
2016-10-26 20:13:18,509 INFO     [task] make[bridge] 0.151137566621 0.000381188354696
2016-10-26 20:13:18,509 INFO     [task] make[plank] 0.022576738323 0.868738110336
2016-10-26 20:13:18,509 INFO     [task] make[axe] 0.15117990579 0.0
2016-10-26 20:13:18,510 INFO     [task] get[gold] 0.15117990579 0.0
2016-10-26 20:13:18,510 INFO     [task] make[shears] 0.151144729283 0.000474315799459
2016-10-26 20:13:18,510 INFO     [task] get[gem] 0.15117990579 0.0
2016-10-26 20:13:18,510 INFO     [task] make[rope] 0.0220201909443 0.872491509725
2016-10-26 20:13:18,510 INFO     
2016-10-26 20:13:18,510 INFO     [rollout0] [3, 2, 0, 0, 3, 2, 4, 0, 0, 3, 0, 2, 1, 4, 0, 3, 0, 3, 4, 4, 1, 3, 4, 1, 1, 2, 3, 5]
2016-10-26 20:13:18,510 INFO     [rollout1] [2, 4, 4, 0, 2, 0, 4, 1, 1, 4, 5]
2016-10-26 20:13:18,510 INFO     [rollout2] [3, 2, 1, 4, 2, 0, 5]
2016-10-26 20:13:18,510 INFO     [reward] 0.0819913419913
2016-10-26 20:13:18,510 INFO     [error] [ -4.01849217e-05   2.70865341e-05]
2016-10-26 20:13:18,510 INFO     
2016-10-26 20:13:18,510 INFO     [min reward] 0.0
2016-10-26 20:13:18,510 INFO     
2016-10-26 20:13:18,510 INFO     [max steps] 1
2016-10-26 20:23:48,128 INFO     [step] 1519900
2016-10-26 20:23:48,128 INFO     [task] make[cloth] 0.0201326599506 0.881547415269
2016-10-26 20:23:48,128 INFO     [task] make[bed] 0.152193028167 0.0
2016-10-26 20:23:48,128 INFO     [task] make[stick] 0.0248312438031 0.847390691114
2016-10-26 20:23:48,128 INFO     [task] make[bridge] 0.152135588355 0.000544439907445
2016-10-26 20:23:48,128 INFO     [task] make[plank] 0.0212862126262 0.871329594193
2016-10-26 20:23:48,128 INFO     [task] make[axe] 0.152193028167 0.0
2016-10-26 20:23:48,128 INFO     [task] get[gold] 0.152193028167 0.0
2016-10-26 20:23:48,128 INFO     [task] make[shears] 0.152121555337 0.000365096750639
2016-10-26 20:23:48,128 INFO     [task] get[gem] 0.152193028167 0.0
2016-10-26 20:23:48,128 INFO     [task] make[rope] 0.0207206272609 0.868863261944
2016-10-26 20:23:48,128 INFO     
2016-10-26 20:23:48,128 INFO     [rollout0] [1, 2, 0, 4, 5]
2016-10-26 20:23:48,128 INFO     [rollout1] [0, 4, 2, 3, 5]
2016-10-26 20:23:48,129 INFO     [rollout2] [3, 0, 1, 4, 0, 2, 3, 0, 3, 3, 5]
2016-10-26 20:23:48,129 INFO     [reward] 0.0753254847645
2016-10-26 20:23:48,129 INFO     [error] [ -5.72938232e-05   3.53234632e-05]
2016-10-26 20:23:48,129 INFO     
2016-10-26 20:23:48,129 INFO     [min reward] 0.0
2016-10-26 20:23:48,129 INFO     
2016-10-26 20:23:48,129 INFO     [max steps] 1
2016-10-26 20:34:13,862 INFO     [step] 1666900
2016-10-26 20:34:13,862 INFO     [task] make[cloth] 0.0193745655181 0.874032371569
2016-10-26 20:34:13,862 INFO     [task] make[bed] 0.152338788778 0.0
2016-10-26 20:34:13,862 INFO     [task] make[stick] 0.0245264407521 0.863123106582
2016-10-26 20:34:13,862 INFO     [task] make[bridge] 0.152256670643 0.000665926748058
2016-10-26 20:34:13,862 INFO     [task] make[plank] 0.0209157244157 0.880327868852
2016-10-26 20:34:13,862 INFO     [task] make[axe] 0.152338788778 0.0
2016-10-26 20:34:13,862 INFO     [task] get[gold] 0.152338788778 0.0
2016-10-26 20:34:13,862 INFO     [task] make[shears] 0.152283721058 0.000222598165791
2016-10-26 20:34:13,862 INFO     [task] get[gem] 0.152338788778 0.0
2016-10-26 20:34:13,862 INFO     [task] make[rope] 0.0212877225025 0.864118213942
2016-10-26 20:34:13,862 INFO     
2016-10-26 20:34:13,862 INFO     [rollout0] [2, 5]
2016-10-26 20:34:13,862 INFO     [rollout1] [1, 2, 0, 5]
2016-10-26 20:34:13,863 INFO     [rollout2] [2, 2, 0, 4, 3, 1, 2, 3, 3, 5]
2016-10-26 20:34:13,863 INFO     [reward] 0.0749183673469
2016-10-26 20:34:13,863 INFO     [error] [ -2.09796678e-05   4.59696400e-05]
2016-10-26 20:34:13,863 INFO     
2016-10-26 20:34:13,863 INFO     [min reward] 0.0
2016-10-26 20:34:13,863 INFO     
2016-10-26 20:34:13,863 INFO     [max steps] 1
2016-10-26 20:44:46,668 INFO     [step] 1811200
2016-10-26 20:44:46,669 INFO     [task] make[cloth] 0.0205466452177 0.866044651783
2016-10-26 20:44:46,669 INFO     [task] make[bed] 0.152625385244 0.0
2016-10-26 20:44:46,669 INFO     [task] make[stick] 0.0221951905359 0.857556270096
2016-10-26 20:44:46,669 INFO     [task] make[bridge] 0.152524754227 0.00104256380037
2016-10-26 20:44:46,669 INFO     [task] make[plank] 0.0195953059126 0.889117748026
2016-10-26 20:44:46,669 INFO     [task] make[axe] 0.152625385244 0.0
2016-10-26 20:44:46,669 INFO     [task] get[gold] 0.152625385244 0.0
2016-10-26 20:44:46,669 INFO     [task] make[shears] 0.15259174749 0.000911618578787
2016-10-26 20:44:46,669 INFO     [task] get[gem] 0.152625385244 0.0
2016-10-26 20:44:46,669 INFO     [task] make[rope] 0.0220448156408 0.877774203924
2016-10-26 20:44:46,669 INFO     
2016-10-26 20:44:46,669 INFO     [rollout0] [5]
2016-10-26 20:44:46,669 INFO     [rollout1] [5]
2016-10-26 20:44:46,669 INFO     [rollout2] [0, 4, 5]
2016-10-26 20:44:46,669 INFO     [reward] 0.0736521136521
2016-10-26 20:44:46,670 INFO     [error] [ -2.51736473e-05   1.91936241e-05]
2016-10-26 20:44:46,670 INFO     
2016-10-26 20:44:46,670 INFO     [min reward] 0.0
2016-10-26 20:44:46,670 INFO     
2016-10-26 20:44:46,670 INFO     [max steps] 1
2016-10-26 20:55:02,526 INFO     [step] 1960100
2016-10-26 20:55:02,526 INFO     [task] make[cloth] 0.0217864842615 0.878341013825
2016-10-26 20:55:02,527 INFO     [task] make[bed] 0.152855377564 0.0
2016-10-26 20:55:02,527 INFO     [task] make[stick] 0.0230711325661 0.858792184725
2016-10-26 20:55:02,527 INFO     [task] make[bridge] 0.152697593918 0.00184785956267
2016-10-26 20:55:02,527 INFO     [task] make[plank] 0.0182945566993 0.890198968312
2016-10-26 20:55:02,527 INFO     [task] make[axe] 0.152855377564 0.0
2016-10-26 20:55:02,527 INFO     [task] get[gold] 0.152855377564 0.0
2016-10-26 20:55:02,527 INFO     [task] make[shears] 0.152717411424 0.00026402640264
2016-10-26 20:55:02,527 INFO     [task] get[gem] 0.152855377564 0.0
2016-10-26 20:55:02,527 INFO     [task] make[rope] 0.0200113108742 0.872906403941
2016-10-26 20:55:02,527 INFO     
2016-10-26 20:55:02,527 INFO     [rollout0] [3, 0, 2, 4, 3, 4, 1, 5]
2016-10-26 20:55:02,527 INFO     [rollout1] [5]
2016-10-26 20:55:02,527 INFO     [rollout2] [2, 5]
2016-10-26 20:55:02,527 INFO     [reward] 0.0730826057757
2016-10-26 20:55:02,527 INFO     [error] [ -2.94380903e-05   2.53649905e-05]
2016-10-26 20:55:02,528 INFO     
2016-10-26 20:55:02,528 INFO     [min reward] 0.0
2016-10-26 20:55:02,528 INFO     
2016-10-26 20:55:02,528 INFO     [max steps] 1
2016-10-26 21:05:23,893 INFO     [step] 2106900
2016-10-26 21:05:23,893 INFO     [task] make[cloth] 0.0199554379651 0.904312668464
2016-10-26 21:05:23,893 INFO     [task] make[bed] 0.153084821099 0.0
2016-10-26 21:05:23,893 INFO     [task] make[stick] 0.0229184369804 0.868444184002
2016-10-26 21:05:23,893 INFO     [task] make[bridge] 0.152804742633 0.00300765182007
2016-10-26 21:05:23,893 INFO     [task] make[plank] 0.0181581381222 0.887249337874
2016-10-26 21:05:23,893 INFO     [task] make[axe] 0.153084821099 0.0
2016-10-26 21:05:23,893 INFO     [task] get[gold] 0.153084821099 0.0
2016-10-26 21:05:23,893 INFO     [task] make[shears] 0.153044802847 0.000572561109888
2016-10-26 21:05:23,894 INFO     [task] get[gem] 0.153084821099 0.0
2016-10-26 21:05:23,894 INFO     [task] make[rope] 0.020779157056 0.887096774194
2016-10-26 21:05:23,894 INFO     
2016-10-26 21:05:23,894 INFO     [rollout0] [0, 3, 3, 3, 0, 3, 2, 2, 2, 3, 2, 1, 5]
2016-10-26 21:05:23,894 INFO     [rollout1] [0, 3, 3, 4, 3, 4, 4, 1, 3, 3, 5]
2016-10-26 21:05:23,894 INFO     [rollout2] [1, 4, 1, 4, 0, 2, 4, 3, 0, 1, 5]
2016-10-26 21:05:23,894 INFO     [reward] 0.0737329700272
2016-10-26 21:05:23,894 INFO     [error] [ -1.46490875e-05   4.50425305e-05]
2016-10-26 21:05:23,894 INFO     
2016-10-26 21:05:23,894 INFO     [min reward] 0.0
2016-10-26 21:05:23,894 INFO     
2016-10-26 21:05:23,894 INFO     [max steps] 1
2016-10-26 21:15:34,549 INFO     [step] 2256800
2016-10-26 21:15:34,549 INFO     [task] make[cloth] 0.0161371535994 0.907857997607
2016-10-26 21:15:34,549 INFO     [task] make[bed] 0.154214558154 0.0
2016-10-26 21:15:34,549 INFO     [task] make[stick] 0.021613829325 0.851219512195
2016-10-26 21:15:34,549 INFO     [task] make[bridge] 0.153755326772 0.00451624109779
2016-10-26 21:15:34,549 INFO     [task] make[plank] 0.0187425139831 0.890406036651
2016-10-26 21:15:34,549 INFO     [task] make[axe] 0.154214558154 0.0
2016-10-26 21:15:34,549 INFO     [task] get[gold] 0.154214558154 0.0
2016-10-26 21:15:34,549 INFO     [task] make[shears] 0.154127135126 0.000259056172013
2016-10-26 21:15:34,549 INFO     [task] get[gem] 0.154214558154 0.0
2016-10-26 21:15:34,549 INFO     [task] make[rope] 0.0187658085777 0.886149383611
2016-10-26 21:15:34,549 INFO     
2016-10-26 21:15:34,549 INFO     [rollout0] [2, 0, 5]
2016-10-26 21:15:34,549 INFO     [rollout1] [1, 0, 4, 3, 2, 5]
2016-10-26 21:15:34,549 INFO     [rollout2] [3, 4, 1, 2, 1, 3, 5]
2016-10-26 21:15:34,550 INFO     [reward] 0.0673782521681
2016-10-26 21:15:34,550 INFO     [error] [ -1.08219575e-05   2.52166612e-05]
2016-10-26 21:15:34,550 INFO     
2016-10-26 21:15:34,550 INFO     [min reward] 0.0
2016-10-26 21:15:34,550 INFO     
2016-10-26 21:15:34,550 INFO     [max steps] 1
2016-10-26 21:26:02,208 INFO     [step] 2402600
2016-10-26 21:26:02,209 INFO     [task] make[cloth] 0.0155713961986 0.898472596586
2016-10-26 21:26:02,209 INFO     [task] make[bed] 0.153972996339 0.0
2016-10-26 21:26:02,209 INFO     [task] make[stick] 0.0242058489778 0.865277777778
2016-10-26 21:26:02,209 INFO     [task] make[bridge] 0.153284502108 0.0129875966205
2016-10-26 21:26:02,209 INFO     [task] make[plank] 0.0182319216643 0.884284597342
2016-10-26 21:26:02,209 INFO     [task] make[axe] 0.153972996339 0.0
2016-10-26 21:26:02,209 INFO     [task] get[gold] 0.153972996339 0.0
2016-10-26 21:26:02,209 INFO     [task] make[shears] 0.153933503612 0.000399343302125
2016-10-26 21:26:02,209 INFO     [task] get[gem] 0.153972996339 0.0
2016-10-26 21:26:02,209 INFO     [task] make[rope] 0.018880842083 0.888725670217
2016-10-26 21:26:02,209 INFO     
2016-10-26 21:26:02,209 INFO     [rollout0] [1, 3, 4, 3, 1, 2, 0, 2, 1, 3, 2, 3, 3, 4, 0, 5]
2016-10-26 21:26:02,209 INFO     [rollout1] [5]
2016-10-26 21:26:02,209 INFO     [rollout2] [3, 0, 2, 0, 0, 5]
2016-10-26 21:26:02,209 INFO     [reward] 0.0692386831276
2016-10-26 21:26:02,209 INFO     [error] [  5.51620715e-05   3.19884559e-05]
2016-10-26 21:26:02,210 INFO     
2016-10-26 21:26:02,210 INFO     [min reward] 0.0
2016-10-26 21:26:02,210 INFO     
2016-10-26 21:26:02,210 INFO     [max steps] 1
2016-10-26 21:36:14,475 INFO     [step] 2519300
2016-10-26 21:36:14,475 INFO     [task] make[cloth] 0.0170274681465 0.897887323944
2016-10-26 21:36:14,476 INFO     [task] make[bed] 0.154201947696 0.0
2016-10-26 21:36:14,476 INFO     [task] make[stick] 0.0220954936055 0.861579754601
2016-10-26 21:36:14,476 INFO     [task] make[bridge] 0.15221906384 0.0681818181818
2016-10-26 21:36:14,476 INFO     [task] make[plank] 0.0191936237082 0.884341637011
2016-10-26 21:36:14,476 INFO     [task] make[axe] 0.154201947696 0.0
2016-10-26 21:36:14,476 INFO     [task] get[gold] 0.154201947696 0.0
2016-10-26 21:36:14,476 INFO     [task] make[shears] 0.154140977879 0.000826947461271
2016-10-26 21:36:14,476 INFO     [task] get[gem] 0.154201947696 0.0
2016-10-26 21:36:14,476 INFO     [task] make[rope] 0.0185155820377 0.896665100986
2016-10-26 21:36:14,476 INFO     
2016-10-26 21:36:14,476 INFO     [rollout0] [3, 4, 1, 3, 3, 3, 2, 5]
2016-10-26 21:36:14,476 INFO     [rollout1] [1, 4, 4, 5]
2016-10-26 21:36:14,476 INFO     [rollout2] [0, 3, 2, 2, 2, 2, 4, 5]
2016-10-26 21:36:14,476 INFO     [reward] 0.0783547557841
2016-10-26 21:36:14,476 INFO     [error] [ -4.69246281e-05   3.23858429e-05]
2016-10-26 21:36:14,477 INFO     
2016-10-26 21:36:14,477 INFO     [min reward] 0.0
2016-10-26 21:36:14,477 INFO     
2016-10-26 21:36:14,477 INFO     [max steps] 1
2016-10-26 21:47:12,952 INFO     [step] 2617800
2016-10-26 21:47:12,952 INFO     [task] make[cloth] 0.0172733033192 0.878504672897
2016-10-26 21:47:12,952 INFO     [task] make[bed] 0.155611630781 0.0
2016-10-26 21:47:12,952 INFO     [task] make[stick] 0.0228672439876 0.868903803132
2016-10-26 21:47:12,952 INFO     [task] make[bridge] 0.14510679522 0.415821501014
2016-10-26 21:47:12,952 INFO     [task] make[plank] 0.0193602997882 0.899791231733
2016-10-26 21:47:12,952 INFO     [task] make[axe] 0.155611630781 0.0
2016-10-26 21:47:12,952 INFO     [task] get[gold] 0.155611630781 0.0
2016-10-26 21:47:12,952 INFO     [task] make[shears] 0.155484222224 0.00013119055428
2016-10-26 21:47:12,952 INFO     [task] get[gem] 0.155611630781 0.0
2016-10-26 21:47:12,952 INFO     [task] make[rope] 0.0174616123366 0.905226881103
2016-10-26 21:47:12,952 INFO     
2016-10-26 21:47:12,952 INFO     [rollout0] [4, 3, 5]
2016-10-26 21:47:12,953 INFO     [rollout1] [3, 4, 3, 0, 4, 1, 0, 1, 4, 4, 5]
2016-10-26 21:47:12,953 INFO     [rollout2] [3, 1, 3, 0, 4, 2, 5]
2016-10-26 21:47:12,953 INFO     [reward] 0.128862944162
2016-10-26 21:47:12,953 INFO     [error] [ -4.20937440e-05   4.39257956e-05]
2016-10-26 21:47:12,953 INFO     
2016-10-26 21:47:12,953 INFO     [min reward] 0.0
2016-10-26 21:47:12,953 INFO     
2016-10-26 21:47:12,953 INFO     [max steps] 1
2016-10-26 21:57:22,076 INFO     [step] 2719300
2016-10-26 21:57:22,076 INFO     [task] make[cloth] 0.021445443728 0.895632183908
2016-10-26 21:57:22,076 INFO     [task] make[bed] 0.164719907867 0.0
2016-10-26 21:57:22,076 INFO     [task] make[stick] 0.023011240147 0.865754595981
2016-10-26 21:57:22,076 INFO     [task] make[bridge] 0.0969039877319 0.647845919919
2016-10-26 21:57:22,077 INFO     [task] make[plank] 0.0179738397575 0.884074282499
2016-10-26 21:57:22,077 INFO     [task] make[axe] 0.164719907867 0.0
2016-10-26 21:57:22,077 INFO     [task] get[gold] 0.164719907867 0.0
2016-10-26 21:57:22,077 INFO     [task] make[shears] 0.164698512128 0.000768276106613
2016-10-26 21:57:22,077 INFO     [task] get[gem] 0.164719907867 0.0
2016-10-26 21:57:22,077 INFO     [task] make[rope] 0.0170873450412 0.874125874126
2016-10-26 21:57:22,077 INFO     
2016-10-26 21:57:22,077 INFO     [rollout0] [2, 0, 4, 5]
2016-10-26 21:57:22,077 INFO     [rollout1] [4, 0, 4, 2, 0, 2, 3, 4, 5]
2016-10-26 21:57:22,077 INFO     [rollout2] [4, 0, 4, 5]
2016-10-26 21:57:22,077 INFO     [reward] 0.132492610837
2016-10-26 21:57:22,077 INFO     [error] [ -3.39849687e-06   5.67804324e-05]
2016-10-26 21:57:22,077 INFO     
2016-10-26 21:57:22,077 INFO     [min reward] 0.0
2016-10-26 21:57:22,077 INFO     
2016-10-26 21:57:22,078 INFO     [max steps] 1
2016-10-26 22:07:24,037 INFO     [step] 2832700
2016-10-26 22:07:24,038 INFO     [task] make[cloth] 0.0192804608935 0.89332096475
2016-10-26 22:07:24,038 INFO     [task] make[bed] 0.170268753639 0.0
2016-10-26 22:07:24,038 INFO     [task] make[stick] 0.02431731204 0.874330596216
2016-10-26 22:07:24,038 INFO     [task] make[bridge] 0.0610529939017 0.718981818182
2016-10-26 22:07:24,038 INFO     [task] make[plank] 0.0212289257129 0.883947479881
2016-10-26 22:07:24,038 INFO     [task] make[axe] 0.170268753639 0.0
2016-10-26 22:07:24,038 INFO     [task] get[gold] 0.170268753639 0.0
2016-10-26 22:07:24,038 INFO     [task] make[shears] 0.170139235406 0.000414830178896
2016-10-26 22:07:24,038 INFO     [task] get[gem] 0.170268753639 0.0
2016-10-26 22:07:24,038 INFO     [task] make[rope] 0.0229060574895 0.888299886407
2016-10-26 22:07:24,038 INFO     
2016-10-26 22:07:24,038 INFO     [rollout0] [2, 1, 1, 1, 5]
2016-10-26 22:07:24,038 INFO     [rollout1] [1, 4, 5]
2016-10-26 22:07:24,038 INFO     [rollout2] [1, 1, 0, 4, 2, 4, 1, 0, 0, 1, 3, 3, 1, 3, 2, 0, 4, 4, 5]
2016-10-26 22:07:24,038 INFO     [reward] 0.121331569665
2016-10-26 22:07:24,038 INFO     [error] [ -1.43021585e-05   3.50157533e-05]
2016-10-26 22:07:24,039 INFO     
2016-10-26 22:07:24,039 INFO     [min reward] 0.0
2016-10-26 22:07:24,039 INFO     
2016-10-26 22:07:24,039 INFO     [max steps] 1
2016-10-26 22:17:46,323 INFO     [step] 2958700
2016-10-26 22:17:46,323 INFO     [task] make[cloth] 0.0199768772348 0.90395480226
2016-10-26 22:17:46,323 INFO     [task] make[bed] 0.172924347239 0.0
2016-10-26 22:17:46,323 INFO     [task] make[stick] 0.0232282604848 0.875814751286
2016-10-26 22:17:46,323 INFO     [task] make[bridge] 0.0498258704212 0.766319165998
2016-10-26 22:17:46,324 INFO     [task] make[plank] 0.0215817324349 0.899928263989
2016-10-26 22:17:46,324 INFO     [task] make[axe] 0.172924347239 0.0
2016-10-26 22:17:46,324 INFO     [task] get[gold] 0.172924347239 0.0
2016-10-26 22:17:46,324 INFO     [task] make[shears] 0.172853323241 0.000228060572888
2016-10-26 22:17:46,324 INFO     [task] get[gem] 0.172924347239 0.0
2016-10-26 22:17:46,324 INFO     [task] make[rope] 0.0208365472297 0.900037023325
2016-10-26 22:17:46,324 INFO     
2016-10-26 22:17:46,324 INFO     [rollout0] [4, 0, 5]
2016-10-26 22:17:46,324 INFO     [rollout1] [3, 5]
2016-10-26 22:17:46,324 INFO     [rollout2] [3, 3, 1, 3, 5]
2016-10-26 22:17:46,324 INFO     [reward] 0.115206349206
2016-10-26 22:17:46,324 INFO     [error] [ -6.28644168e-05   8.42959997e-05]
2016-10-26 22:17:46,324 INFO     
2016-10-26 22:17:46,324 INFO     [min reward] 0.0
2016-10-26 22:17:46,325 INFO     
2016-10-26 22:17:46,325 INFO     [max steps] 1
2016-10-26 22:28:26,808 INFO     [step] 3098000
2016-10-26 22:28:26,808 INFO     [task] make[cloth] 0.0184307258338 0.905182341651
2016-10-26 22:28:26,808 INFO     [task] make[bed] 0.17553867114 0.0
2016-10-26 22:28:26,809 INFO     [task] make[stick] 0.0233214853919 0.884745762712
2016-10-26 22:28:26,809 INFO     [task] make[bridge] 0.0423518908743 0.791044776119
2016-10-26 22:28:26,809 INFO     [task] make[plank] 0.019130540861 0.918243754731
2016-10-26 22:28:26,809 INFO     [task] make[axe] 0.17553867114 0.0
2016-10-26 22:28:26,809 INFO     [task] get[gold] 0.17553867114 0.0
2016-10-26 22:28:26,809 INFO     [task] make[shears] 0.175499034061 0.00102287140461
2016-10-26 22:28:26,809 INFO     [task] get[gem] 0.17553867114 0.0
2016-10-26 22:28:26,809 INFO     [task] make[rope] 0.0191116384161 0.900414937759
2016-10-26 22:28:26,809 INFO     
2016-10-26 22:28:26,809 INFO     [rollout0] [0, 3, 0, 3, 5]
2016-10-26 22:28:26,809 INFO     [rollout1] [5]
2016-10-26 22:28:26,809 INFO     [rollout2] [4, 4, 2, 5]
2016-10-26 22:28:26,809 INFO     [reward] 0.105369705671
2016-10-26 22:28:26,809 INFO     [error] [ -2.45194897e-05   3.44861939e-05]
2016-10-26 22:28:26,809 INFO     
2016-10-26 22:28:26,810 INFO     [min reward] 0.0
2016-10-26 22:28:26,810 INFO     
