2016-11-02 13:44:55,280 INFO     BEGIN
2016-11-02 13:44:55,280 INFO     struct {
    trainer:
        improvement_threshold: 0.8
        use_curriculum: True
        name: 'CurriculumTrainer'
        max_timesteps: 100
        hints: 'resources/craft/hints.holdout.yaml'
    name: 'craft_transfer'
    recipes: 'resources/craft/recipes.yaml'
    world:
        name: 'CraftWorld'
    model:
        source: 'craft_holdout'
        use_args: False
        name: 'ModularACInteractiveModel'
        max_subtask_timesteps: 15
        baseline: 'state'
    experiment_dir: 'experiments/craft_transfer'
}
2016-11-02 13:52:08,538 INFO     99
2016-11-02 13:52:20,952 INFO     [step] 10200
2016-11-02 13:52:20,952 INFO     [task] make[bed] 1.0 0.0191176470588
2016-11-02 13:52:20,952 INFO     
2016-11-02 13:52:20,952 INFO     [rollout0] [10, 10, 10, 10, 10, 10, 10, 10, 10, 10, 10, 10, 10, 10, 10, 10, 10, 10, 10, 10, 10, 10, 10, 10, 10, 10, 10, 10, 10, 10, 6, 6, 6, 6, 6, 6, 6, 6, 6, 6, 6, 6, 6, 6, 6, 10, 10, 10, 10, 10, 10, 10, 10, 10, 10, 10, 10, 10, 10, 10, 6, 6, 6, 6, 6, 6, 6, 6, 6, 2, 6, 6, 10, 10, 10, 10, 10, 10, 10, 10, 10, 10, 10, 10, 10, 10, 10, 4, 10, 10, 10, 10, 10, 10, 10, 10, 10, 10, 10, 10]
2016-11-02 13:52:20,952 INFO     [rollout1] [10, 10, 10, 10, 10, 10, 10, 10, 10, 10, 10, 10, 10, 10, 10, 6, 6, 6, 6, 6, 6, 6, 6, 6, 6, 6, 6, 6, 6, 4, 4, 4, 7, 7, 7, 2, 2, 2, 2, 2, 10, 10, 10, 10, 10, 10, 10, 10, 10, 10, 10, 10, 10, 10, 10, 2, 2, 5, 5, 5, 5, 5, 5, 5, 5, 5, 5, 5, 5, 5, 5, 5]
2016-11-02 13:52:20,952 INFO     [rollout2] [9, 9, 9, 9, 9, 9, 9, 9, 9, 9, 9, 9, 9, 9, 9, 4, 4, 4, 4, 2, 2, 2, 2, 4, 4, 4, 4, 4, 4, 4, 4, 4, 4, 4, 4, 4, 5, 5, 5, 5, 5, 5, 5, 5, 6, 6, 6, 6, 6, 6, 6, 6, 6, 6, 6, 6, 6, 6, 6, 6, 6, 6, 6, 6, 6, 6, 6, 6, 6, 6, 6, 6, 6, 6, 6, 6, 6, 6, 6, 6, 6, 6, 6, 6, 6, 6, 6, 6, 6, 6, 6, 6, 6, 6, 6, 6, 6, 6, 6, 6]
2016-11-02 13:52:20,952 INFO     [reward] 0.0191176470588
2016-11-02 13:52:20,952 INFO     [error] 0.00405987286009
2016-11-02 13:52:20,952 INFO     
2016-11-02 13:52:20,952 INFO     [min reward] 0.0191176470588
2016-11-02 13:52:20,952 INFO     
2016-11-02 13:58:59,863 INFO     199
2016-11-02 13:59:12,324 INFO     [step] 20200
2016-11-02 13:59:12,324 INFO     [task] make[bed] 1.0 0.0575
2016-11-02 13:59:12,324 INFO     
2016-11-02 13:59:12,325 INFO     [rollout0] [5, 5, 5, 5, 5, 5, 5, 5, 5, 5, 5, 5, 5, 7, 6, 6, 6, 6, 6, 6, 6, 6, 6, 6, 6, 6, 6, 6, 6, 10, 10, 10, 10, 10, 10, 10, 10, 10, 10, 10, 10, 10, 10, 10, 6, 6, 6, 6, 6, 6, 10, 10, 10, 10, 2, 2, 2, 2, 6, 6, 3, 3, 3, 3, 3, 3, 2, 2, 2, 2, 2, 2, 2, 2, 2, 2, 2, 2, 2, 2, 2, 10, 10, 10, 10, 10, 10, 10, 10, 10, 10, 10, 10, 10, 10, 10, 2, 2, 2, 2]
2016-11-02 13:59:12,325 INFO     [rollout1] [4, 4, 4, 4, 3, 3, 3, 3, 3, 3, 3, 3, 3, 3, 3, 3, 3, 3, 3, 5, 5, 5, 5, 5, 5, 5, 5, 5, 5, 5, 5, 5, 5, 5, 6, 6, 6, 6, 6, 6, 6, 6, 6, 6, 5, 5, 10, 10, 10, 10, 10, 10, 10, 10, 10, 10, 10, 10, 10, 10, 10, 5, 5, 5, 5, 5, 5, 5, 5, 5, 5, 6, 6, 6, 6, 5, 5, 5, 5, 6, 6, 6, 6, 5, 5, 5, 5, 6, 6, 6, 6, 5, 5, 5, 5, 6, 6, 6, 5, 5]
2016-11-02 13:59:12,325 INFO     [rollout2] [6, 6, 6, 6, 6, 6, 6, 6, 6, 6, 6, 6, 6, 6, 6, 7, 7, 7, 7, 7, 7, 7, 7, 2, 2, 2, 2, 6, 6, 6, 6, 6, 6, 6, 6, 6, 6, 6, 6, 6, 6, 6, 3, 3, 3, 3]
2016-11-02 13:59:12,325 INFO     [reward] 0.0575
2016-11-02 13:59:12,325 INFO     [error] 0.00440783399623
2016-11-02 13:59:12,325 INFO     
2016-11-02 13:59:12,325 INFO     [min reward] 0.0575
2016-11-02 13:59:12,325 INFO     
2016-11-02 14:05:44,967 INFO     299
2016-11-02 14:05:56,933 INFO     [step] 30200
2016-11-02 14:05:56,933 INFO     [task] make[bed] 1.0 0.3128
2016-11-02 14:05:56,933 INFO     
2016-11-02 14:05:56,933 INFO     [rollout0] [4, 4, 4, 4, 4, 4, 4, 4, 4, 4, 4, 4, 4, 4, 4]
2016-11-02 14:05:56,933 INFO     [rollout1] [7, 7, 7, 7, 7, 2, 2, 2, 2, 6, 6, 6, 6, 6, 6, 6, 6, 6, 6, 6, 6, 6, 6, 6, 4, 4, 4, 4, 4, 4, 5, 5, 5, 5, 5, 2, 2, 2, 6, 6, 6, 6, 6, 6, 6, 6, 6, 6, 6, 6, 6, 6, 6]
2016-11-02 14:05:56,933 INFO     [rollout2] [2, 2, 2, 2, 2, 2, 4, 4, 4, 4, 4, 4, 4, 7, 7, 7, 6, 6, 6, 6, 6, 6, 6, 6, 6, 6, 6, 6, 6, 6, 6, 6, 6, 6, 6, 6, 6, 6, 6, 6, 6, 6, 6, 6, 6, 6, 6, 6, 6, 6, 6, 6, 6, 6, 6, 6, 6, 6, 6, 6, 6, 6, 6, 6, 6, 6, 6, 6, 6, 6, 6, 6, 6, 6, 6, 6, 6, 6, 6, 6, 6, 6, 6, 6, 6, 6, 6, 6, 6, 6, 6, 6, 6, 6, 6, 6, 6, 6, 6, 6]
2016-11-02 14:05:56,933 INFO     [reward] 0.3128
2016-11-02 14:05:56,933 INFO     [error] 0.00715091059916
2016-11-02 14:05:56,933 INFO     
2016-11-02 14:05:56,933 INFO     [min reward] 0.3128
2016-11-02 14:05:56,934 INFO     
2016-11-02 14:12:14,031 INFO     399
2016-11-02 14:12:25,307 INFO     [step] 40200
2016-11-02 14:12:25,307 INFO     [task] make[bed] 1.0 0.5314
2016-11-02 14:12:25,307 INFO     
2016-11-02 14:12:25,307 INFO     [rollout0] [4, 4, 4, 4, 4, 4, 4, 4, 4, 4, 5, 5, 5, 5, 5, 6, 6, 6, 6, 6, 6, 6, 6, 2, 2, 2, 6, 6, 4, 4, 4, 4, 4, 4, 4, 4, 4, 4, 4, 4, 4, 4, 9, 9, 9, 9, 9, 9, 9, 9, 9, 9, 9, 9, 9, 9, 9, 6, 6, 6, 6, 10, 10, 10, 10, 10, 10, 10, 10, 10, 10, 10, 10, 10, 10, 10]
2016-11-02 14:12:25,307 INFO     [rollout1] [4, 4, 4, 4, 5, 5, 5, 5, 5, 5, 5, 5, 5, 5, 4, 4, 4, 4, 4, 4, 4, 4, 4, 6, 6, 6, 6, 6, 6, 4, 4, 4, 4, 4, 4, 4, 4, 4, 4, 4, 4, 4, 4, 4, 4, 4, 4, 4, 4, 10, 10, 10, 10, 10, 10, 10, 10, 10, 10, 10, 10, 10, 10, 10, 5, 5, 5, 5, 5, 5, 5, 5, 5]
2016-11-02 14:12:25,307 INFO     [rollout2] [4, 4, 4, 4, 4, 4, 5, 5, 5, 5, 5, 5, 5, 2, 2, 2, 2, 2, 6, 6, 6, 6, 6, 6, 6, 6, 6, 6, 6, 6, 6, 6, 6]
2016-11-02 14:12:25,307 INFO     [reward] 0.5314
2016-11-02 14:12:25,307 INFO     [error] 0.00789406817406
2016-11-02 14:12:25,307 INFO     
2016-11-02 14:12:25,307 INFO     [min reward] 0.5314
2016-11-02 14:12:25,307 INFO     
2016-11-02 14:18:25,687 INFO     499
2016-11-02 14:18:36,674 INFO     [step] 50200
2016-11-02 14:18:36,674 INFO     [task] make[bed] 1.0 0.6344
2016-11-02 14:18:36,674 INFO     
2016-11-02 14:18:36,674 INFO     [rollout0] [7, 7, 7, 7, 7, 7, 7, 7, 7, 7, 7, 4, 4, 4, 4, 5, 5, 5, 5, 5, 5, 5, 2, 2, 2, 2, 2, 2, 2, 6, 6, 6, 6, 6, 6, 6, 6, 6, 6, 6, 6, 6, 6, 6]
2016-11-02 14:18:36,674 INFO     [rollout1] [5, 5, 5, 5, 5, 5, 5, 5, 5, 5, 5, 5, 5, 5, 5, 4, 4, 4, 4, 4, 4, 4, 4, 5, 5, 5, 5, 5, 5, 5, 2, 2, 2, 2, 2, 2, 2, 2, 6, 6, 6, 6, 6, 6, 6, 6, 6, 6, 6, 6, 6, 6, 6]
2016-11-02 14:18:36,674 INFO     [rollout2] [2, 2, 2, 2, 2, 2, 2, 2, 10, 10, 10, 10, 10, 10, 10, 10, 10, 10, 10, 10, 10, 10, 10, 4, 4, 4, 4, 5, 5, 5, 5, 5, 5, 5, 5, 6, 6, 6, 6, 6, 6, 6, 6, 6, 6]
2016-11-02 14:18:36,674 INFO     [reward] 0.6344
2016-11-02 14:18:36,674 INFO     [error] 0.00896490396
2016-11-02 14:18:36,674 INFO     
2016-11-02 14:18:36,674 INFO     [min reward] 0.6344
2016-11-02 14:18:36,674 INFO     
2016-11-02 14:24:24,013 INFO     599
2016-11-02 14:24:34,667 INFO     [step] 60200
2016-11-02 14:24:34,668 INFO     [task] make[bed] 1.0 0.7727
2016-11-02 14:24:34,668 INFO     
2016-11-02 14:24:34,668 INFO     [rollout0] [5, 5, 5, 5, 5, 5, 5, 5, 5, 5, 5, 5, 5, 5, 5, 10, 10, 10, 10, 10, 10, 10, 10, 10, 10, 10, 10, 10, 10, 10, 4, 4, 4, 4, 4, 4, 5, 5, 5, 5, 2, 2, 2, 6, 6, 6, 6, 6, 6, 6, 6, 6, 6, 6, 6, 6, 6, 6]
2016-11-02 14:24:34,668 INFO     [rollout1] [4, 4, 4, 4, 4, 4, 4, 4, 5, 5, 5, 5, 5, 5, 5, 5, 5, 5, 2, 2, 2, 2, 6, 6, 6, 6, 6, 6, 6, 6, 6, 6, 6, 6, 6, 6, 6, 4, 4, 4, 5, 5, 5, 5, 5, 10, 10, 10, 10, 10, 10, 10, 10, 10, 10, 10, 10, 10, 10, 10, 2, 2, 2, 2, 2, 2, 2, 6, 6, 6, 6, 6, 6, 6, 6, 6, 6, 6, 6, 6, 6, 6]
2016-11-02 14:24:34,668 INFO     [rollout2] [6, 6, 6, 6, 6, 6, 4, 4, 4, 5, 5, 5, 5, 5, 5, 5, 5, 5, 5, 5, 5, 5, 5, 5, 5, 5, 5, 5, 5, 5, 5, 5, 5, 5, 5, 5, 5, 5, 5, 5, 5, 5, 5, 5, 5, 5, 5, 5, 5, 5, 5, 5, 5, 5, 5, 5, 5, 5, 5, 5, 5, 5, 5, 5, 5, 5, 5, 5, 5, 5, 5, 5, 5, 5, 5, 5, 5, 5, 5, 5, 5, 5, 5, 5, 5, 5, 5, 5, 5, 5, 5, 5, 5, 5, 5, 5, 5, 5, 5, 5]
2016-11-02 14:24:34,668 INFO     [reward] 0.7727
2016-11-02 14:24:34,668 INFO     [error] 0.00883964814246
2016-11-02 14:24:34,668 INFO     
2016-11-02 14:24:34,668 INFO     [min reward] 0.7727
2016-11-02 14:24:34,668 INFO     
2016-11-02 14:30:18,937 INFO     699
2016-11-02 14:30:29,904 INFO     [step] 70200
2016-11-02 14:30:29,904 INFO     [task] make[bed] 1.0 0.787
2016-11-02 14:30:29,904 INFO     
2016-11-02 14:30:29,904 INFO     [rollout0] [5, 5, 5, 5, 5, 5, 5, 5, 5, 5, 5, 5, 5, 5, 5, 4, 4, 4, 4, 4, 4, 4, 5, 5, 5, 5, 5, 5, 10, 10, 10, 10, 10, 10, 10, 10, 10, 10, 10, 10, 10, 10, 10]
2016-11-02 14:30:29,904 INFO     [rollout1] [7, 7, 7, 7, 5, 5, 5, 5, 5, 5, 5, 6, 6, 6, 6, 6, 6, 6, 6, 6, 6, 6, 6, 6, 6, 6, 4, 4, 4, 4, 4, 4, 4, 4, 4, 6, 6, 6, 6, 6, 6, 6, 4, 4, 4, 4, 4, 4, 4, 4, 4, 4, 10, 10, 10, 10, 10, 10, 10, 10, 10, 10, 10, 10, 10, 10, 10, 10, 10, 10, 10, 10, 10]
2016-11-02 14:30:29,904 INFO     [rollout2] [6, 6, 6, 6, 6, 6, 6, 6, 6, 6, 6, 6, 6, 6, 6, 4, 4, 4, 4, 9, 9, 9, 9, 9, 9, 9, 9, 9, 9, 9, 9, 9, 9, 9, 5, 5, 5, 5, 5, 5, 5, 5, 5, 5, 5, 5, 2, 2, 2, 6, 6, 6, 6, 6, 6, 6, 6, 6, 6, 6, 6, 6, 6, 6]
2016-11-02 14:30:29,904 INFO     [reward] 0.787
2016-11-02 14:30:29,904 INFO     [error] 0.00938840695191
2016-11-02 14:30:29,904 INFO     
2016-11-02 14:30:29,904 INFO     [min reward] 0.787
2016-11-02 14:30:29,904 INFO     
2016-11-02 14:36:18,367 INFO     799
2016-11-02 14:36:29,211 INFO     [step] 80200
2016-11-02 14:36:29,211 INFO     [task] make[bed] 1.0 0.7787
2016-11-02 14:36:29,211 INFO     
2016-11-02 14:36:29,211 INFO     [rollout0] [4, 4, 4, 4, 4, 4, 4, 4, 4, 4, 4, 4, 4, 4, 4, 10, 10, 10, 10, 10, 10, 10, 10, 10, 10, 10, 10, 10, 10, 10, 10, 10, 10, 10, 10, 10, 10, 10, 10, 10, 10, 10, 10, 10, 10, 10, 10, 10, 10, 10, 10, 10, 10, 10, 10, 10, 10, 10, 10, 10, 6, 6, 6, 6, 6, 6, 6, 6, 6, 6, 6, 6, 6, 6, 6, 10, 10, 10, 10, 10, 10, 10, 10, 10, 10, 10, 10, 10, 10, 10, 6, 6, 6, 6, 10, 10, 10, 10, 10, 10]
2016-11-02 14:36:29,211 INFO     [rollout1] [7, 7, 7, 4, 4, 4, 4, 4, 4, 5, 5, 5, 5, 5, 5, 5, 5, 2, 2, 2, 2, 2, 2, 6, 6, 6, 6, 6, 6, 6, 6, 6, 6, 6, 6, 6, 6, 6, 2, 2, 2, 2, 2, 2, 2, 2, 6, 6, 6, 6, 6, 6, 6, 6, 6, 6, 6, 4, 4, 4, 4, 4, 4, 4, 4, 4, 4, 4, 4, 4, 4, 4]
2016-11-02 14:36:29,211 INFO     [rollout2] [4, 4, 4, 5, 5, 5, 5, 5, 5, 5, 5, 6, 6, 6, 6, 6, 6, 6, 6, 6, 6, 6, 6, 6, 6, 6, 2, 2, 2, 2, 6, 6, 6, 6, 6, 6, 6, 6, 6, 6, 6, 6, 6, 6, 6]
2016-11-02 14:36:29,211 INFO     [reward] 0.7787
2016-11-02 14:36:29,211 INFO     [error] 0.00917929444928
2016-11-02 14:36:29,211 INFO     
2016-11-02 14:36:29,211 INFO     [min reward] 0.7787
2016-11-02 14:36:29,212 INFO     
2016-11-02 14:42:15,186 INFO     899
2016-11-02 14:42:25,970 INFO     [step] 90200
2016-11-02 14:42:25,970 INFO     [task] make[bed] 1.0 0.7744
2016-11-02 14:42:25,971 INFO     
2016-11-02 14:42:25,971 INFO     [rollout0] [4, 4, 4, 4, 4, 5, 5, 5, 5, 5, 5, 5, 5, 2, 2, 2, 2, 6, 6, 6, 6, 6, 6, 6]
2016-11-02 14:42:25,971 INFO     [rollout1] [4, 4, 4, 5, 5, 5, 9, 9, 9, 9, 9, 9, 9, 9, 9, 9, 9, 9, 9, 9, 9, 6, 6, 6, 6, 6, 6, 6, 6, 6, 6, 6, 6, 6, 6, 6]
2016-11-02 14:42:25,971 INFO     [rollout2] [4, 4, 4, 4, 5, 5, 5, 2, 2, 2, 2, 6, 6, 6, 6, 6, 6, 6, 6, 6, 6, 6, 6, 6, 6, 6]
2016-11-02 14:42:25,971 INFO     [reward] 0.7744
2016-11-02 14:42:25,971 INFO     [error] 0.00878903608769
2016-11-02 14:42:25,971 INFO     
2016-11-02 14:42:25,971 INFO     [min reward] 0.7744
2016-11-02 14:42:25,971 INFO     
2016-11-02 14:48:15,091 INFO     999
2016-11-02 14:48:25,510 INFO     [step] 100200
2016-11-02 14:48:25,510 INFO     [task] make[bed] 1.0 0.776
2016-11-02 14:48:25,511 INFO     
2016-11-02 14:48:25,511 INFO     [rollout0] [4, 4, 4, 4, 5, 5, 5, 5, 5, 5, 5, 2, 2, 2, 2, 2, 6, 6, 6, 6, 6, 6, 6, 6, 6, 6, 6, 6, 6, 6, 6]
2016-11-02 14:48:25,511 INFO     [rollout1] [4, 4, 4, 4, 5, 5, 5, 5, 5, 5, 2, 2, 2, 2, 4, 4, 4, 4, 4, 4, 4, 6, 6, 6, 6, 6, 6, 6, 6]
2016-11-02 14:48:25,511 INFO     [rollout2] [4, 4, 4, 4, 4, 4, 4, 5, 5, 5, 5, 5, 2, 2, 2, 2, 6, 6, 6, 6, 6, 6, 6, 6, 6, 6, 6, 6, 6, 6, 6]
2016-11-02 14:48:25,511 INFO     [reward] 0.776
2016-11-02 14:48:25,511 INFO     [error] 0.00867255735677
2016-11-02 14:48:25,511 INFO     
2016-11-02 14:48:25,511 INFO     [min reward] 0.776
2016-11-02 14:48:25,511 INFO     
2016-11-02 14:54:02,430 INFO     1099
2016-11-02 14:54:12,579 INFO     [step] 110200
2016-11-02 14:54:12,579 INFO     [task] make[bed] 1.0 0.8306
2016-11-02 14:54:12,579 INFO     
2016-11-02 14:54:12,579 INFO     [rollout0] [4, 4, 4, 4, 4, 5, 5, 5, 5, 5, 5, 5, 5, 5, 5, 5, 2, 2, 2, 2, 2, 2, 2, 2, 2, 2, 2, 2, 2, 2, 6, 6, 6, 6, 6, 6, 6, 6, 6, 6, 6, 6, 6, 6, 6]
2016-11-02 14:54:12,579 INFO     [rollout1] [4, 4, 4, 4, 4, 5, 5, 5, 5, 2, 2, 2, 2, 2, 2, 2, 6, 6, 6, 6, 6, 6, 6, 6, 6, 6, 6, 6, 6, 6, 6]
2016-11-02 14:54:12,579 INFO     [rollout2] [4, 4, 4, 4, 5, 5, 5, 5, 5, 7, 6, 6, 6, 6, 6, 6, 6, 6, 6, 6, 6, 6, 6, 6, 6, 2, 2, 2, 2, 2, 2, 2, 2, 2, 6, 6, 6, 6, 6, 6, 6, 6, 6, 6, 6, 6, 6, 6, 6, 6, 6, 6, 6, 6, 6, 6, 6, 6, 6, 6, 6, 6, 6, 6, 6, 6, 6, 6, 6, 6, 6, 6, 6, 6, 6, 6, 6, 6, 6, 2, 2, 2, 2, 2, 2, 2, 2, 6, 6, 6, 6, 6, 6, 6, 6, 6, 6, 6, 6, 6]
2016-11-02 14:54:12,579 INFO     [reward] 0.8306
2016-11-02 14:54:12,579 INFO     [error] 0.0100320640393
2016-11-02 14:54:12,579 INFO     
2016-11-02 14:54:12,579 INFO     [min reward] 0.8306
2016-11-02 14:54:12,579 INFO     
2016-11-02 14:59:53,147 INFO     1199
2016-11-02 15:00:03,795 INFO     [step] 120200
2016-11-02 15:00:03,795 INFO     [task] make[bed] 1.0 0.8024
2016-11-02 15:00:03,795 INFO     
2016-11-02 15:00:03,795 INFO     [rollout0] [4, 4, 4, 5, 5, 5, 5, 5, 5, 5, 2, 2, 2, 6, 6, 6, 6, 6, 6, 6, 6, 6, 6, 6, 6, 6, 6, 6]
2016-11-02 15:00:03,795 INFO     [rollout1] [2, 2, 2, 2, 2, 2, 2, 4, 4, 4, 4, 9, 9, 9, 9, 9, 9, 9, 9, 9, 9, 9, 9, 9, 9, 9, 5, 5, 5, 5, 5, 5, 5, 6, 6, 6, 6, 6, 6, 6, 6, 6, 6, 6, 6, 6, 6, 6, 2, 2, 2, 2, 2, 2, 6, 6, 6, 6, 6, 6, 6, 6, 6, 6, 6, 6, 6, 6, 6]
2016-11-02 15:00:03,795 INFO     [rollout2] [5, 5, 5, 5, 5, 5, 5, 5, 5, 5, 5, 5, 5, 5, 5, 4, 4, 4, 4, 4, 4, 5, 5, 5, 5, 5, 5, 10, 10, 10, 10, 10, 10, 10, 10, 10, 10, 10, 10, 10, 10, 10, 6, 6, 6, 6, 6, 6, 6, 6, 6, 6, 6, 6, 6, 6, 2, 2, 2, 2, 2, 2, 2, 2, 2, 2, 2, 2, 2, 2, 2, 6, 6, 6, 6, 6, 6, 6, 6, 6, 6, 6, 6, 6, 6, 6, 3, 3, 3, 3, 3, 3, 3, 3, 3, 3, 3, 3, 3, 3]
2016-11-02 15:00:03,795 INFO     [reward] 0.8024
2016-11-02 15:00:03,795 INFO     [error] 0.0102861974388
2016-11-02 15:00:03,795 INFO     
2016-11-02 15:00:03,795 INFO     [min reward] 0.8024
2016-11-02 15:00:03,795 INFO     
2016-11-02 15:05:54,718 INFO     1299
2016-11-02 15:06:05,196 INFO     [step] 130200
2016-11-02 15:06:05,196 INFO     [task] make[bed] 1.0 0.7742
2016-11-02 15:06:05,196 INFO     
2016-11-02 15:06:05,196 INFO     [rollout0] [4, 4, 4, 4, 4, 4, 4, 5, 5, 5, 5, 5, 5, 5, 5, 5, 5, 5, 5, 5, 5, 5, 5, 5, 5, 5, 5, 5, 5, 5, 5, 5, 5, 5, 5, 5, 5, 5, 5, 5, 5, 5, 5, 5, 5, 5, 5, 5, 5, 5, 5, 2, 2, 2, 2, 2, 2, 2, 6, 6, 6, 6, 6, 6, 6, 6, 6, 6, 6, 6, 6]
2016-11-02 15:06:05,196 INFO     [rollout1] [4, 4, 4, 4, 4, 4, 5, 5, 5, 5, 2, 2, 2, 2, 2, 6, 6, 6, 6, 6, 6, 6, 6, 6, 6, 6, 6, 6, 6, 6]
2016-11-02 15:06:05,196 INFO     [rollout2] [4, 4, 4, 4, 4, 4, 5, 5, 5, 5, 5, 5, 5, 5, 5, 5, 5, 5, 5, 5, 5, 5, 5, 5, 5, 5, 5, 5, 5, 5, 5, 5, 5, 5, 5, 5, 5, 5, 5, 5, 5, 5, 5, 5, 5, 5, 5, 5, 5, 5, 5, 4, 4, 4, 4, 4, 4, 5, 5, 5, 5, 5, 5, 5, 2, 2, 2, 2, 2, 2, 2, 7, 6, 6, 6, 6, 6, 6, 6, 6, 6, 6, 6, 6, 6, 6, 6]
2016-11-02 15:06:05,196 INFO     [reward] 0.7742
2016-11-02 15:06:05,196 INFO     [error] 0.00924058203585
2016-11-02 15:06:05,196 INFO     
2016-11-02 15:06:05,196 INFO     [min reward] 0.7742
2016-11-02 15:06:05,196 INFO     
2016-11-02 15:11:58,617 INFO     1399
2016-11-02 15:12:10,183 INFO     [step] 140200
2016-11-02 15:12:10,183 INFO     [task] make[bed] 1.0 0.7668
2016-11-02 15:12:10,183 INFO     
2016-11-02 15:12:10,183 INFO     [rollout0] [4, 4, 4, 5, 5, 5, 5, 5, 5, 5, 5, 2, 2, 2, 2, 2, 2, 2, 2, 7, 6, 6, 6, 6, 6, 6, 6, 6, 6, 6, 6, 6, 6, 6, 6, 6, 6, 6, 6, 6, 6, 6, 6, 6, 6, 6, 6, 6, 6, 6, 6, 6, 6, 6, 6, 6, 6, 6, 6, 6, 6, 6, 6, 6, 6, 6, 6, 6, 6, 6, 6, 6, 6, 6, 6, 6, 6, 6, 6, 6, 6, 6, 6, 6, 6, 6, 6, 6, 6, 6, 6, 6, 6, 6, 6]
2016-11-02 15:12:10,183 INFO     [rollout1] [4, 4, 4, 7, 7, 7, 7, 5, 5, 5, 5, 5, 5, 5, 5, 5, 2, 2, 2, 2, 2, 2, 2, 2, 2, 2, 2, 2, 2, 2, 6, 6, 6, 6, 6, 6, 6, 6, 6, 6, 6, 6, 6, 6, 6]
2016-11-02 15:12:10,183 INFO     [rollout2] [6, 6, 6, 6, 6, 6, 6, 6, 6, 6, 6, 4, 4, 4, 5, 5, 5, 5, 5, 5, 3, 3, 3, 3, 3, 3, 2, 2, 2, 6, 6, 6, 6, 6, 6, 6, 6, 6, 6, 6, 6, 6, 4, 4, 4, 6, 6, 6, 6]
2016-11-02 15:12:10,183 INFO     [reward] 0.7668
2016-11-02 15:12:10,183 INFO     [error] 0.00936623262707
2016-11-02 15:12:10,183 INFO     
2016-11-02 15:12:10,183 INFO     [min reward] 0.7668
2016-11-02 15:12:10,183 INFO     
2016-11-02 15:17:57,003 INFO     1499
2016-11-02 15:18:07,239 INFO     [step] 150200
2016-11-02 15:18:07,239 INFO     [task] make[bed] 1.0 0.8087
2016-11-02 15:18:07,239 INFO     
2016-11-02 15:18:07,239 INFO     [rollout0] [2, 2, 2, 2, 10, 10, 10, 10, 10, 10, 10, 10, 10, 10, 10, 10, 10, 10, 10, 7, 7, 7, 7, 7, 7, 7, 7, 7, 7, 7, 7, 7, 7, 7, 7, 7, 5, 5, 5, 5, 2, 2, 2, 2, 7, 7, 7, 7, 7, 7, 7, 7, 7, 7, 7, 7, 4, 4, 4, 4, 6, 6, 6, 6, 6]
2016-11-02 15:18:07,240 INFO     [rollout1] [5, 5, 5, 5, 5, 5, 5, 5, 5, 2, 2, 2, 2, 6, 6, 6, 6, 6, 6, 6, 6, 6, 6]
2016-11-02 15:18:07,240 INFO     [rollout2] [10, 10, 10, 10, 10, 10, 10, 10, 10, 10, 10, 10, 10, 10, 10, 5, 5, 5, 5, 5, 5, 5, 5, 5, 2, 2, 2, 2, 6, 6, 6, 6, 6, 6, 6, 6, 6, 6, 6, 6, 6, 6, 6]
2016-11-02 15:18:07,240 INFO     [reward] 0.8087
2016-11-02 15:18:07,240 INFO     [error] 0.00932464926038
2016-11-02 15:18:07,240 INFO     
2016-11-02 15:18:07,240 INFO     [min reward] 0.8087
2016-11-02 15:18:07,240 INFO     
2016-11-02 15:23:49,010 INFO     1599
2016-11-02 15:23:59,442 INFO     [step] 160200
2016-11-02 15:23:59,442 INFO     [task] make[bed] 1.0 0.8041
2016-11-02 15:23:59,442 INFO     
2016-11-02 15:23:59,442 INFO     [rollout0] [4, 4, 4, 4, 4, 4, 4, 5, 5, 5, 5, 5, 5, 5, 5, 5, 2, 2, 2, 2, 2, 2, 2, 2, 2, 6, 6, 6, 6, 6, 6, 6, 6, 6, 6, 6, 6]
2016-11-02 15:23:59,442 INFO     [rollout1] [5, 5, 5, 5, 5, 5, 5, 5, 5, 5, 5, 5, 5, 5, 5, 4, 4, 4, 4, 5, 5, 5, 2, 2, 2, 2, 6, 6, 6, 6, 6, 6, 6, 6, 6, 6, 6, 6, 6, 6, 6]
2016-11-02 15:23:59,442 INFO     [rollout2] [4, 4, 4, 4, 5, 5, 5, 5, 5, 5, 5, 4, 4, 4, 4, 2, 2, 2, 2, 2, 2, 6, 6, 6, 6, 6]
2016-11-02 15:23:59,442 INFO     [reward] 0.8041
2016-11-02 15:23:59,442 INFO     [error] 0.00872828709427
2016-11-02 15:23:59,442 INFO     
2016-11-02 15:23:59,442 INFO     [min reward] 0.8041
2016-11-02 15:23:59,442 INFO     
2016-11-02 15:29:36,651 INFO     1699
2016-11-02 15:29:47,210 INFO     [step] 170200
2016-11-02 15:29:47,210 INFO     [task] make[bed] 1.0 0.8164
2016-11-02 15:29:47,210 INFO     
2016-11-02 15:29:47,210 INFO     [rollout0] [4, 4, 4, 4, 5, 5, 5, 5, 5, 5, 5, 5, 5, 5, 2, 2, 2, 2, 2, 2, 6, 6, 6, 6, 6, 6, 6, 6, 6, 6, 6, 6, 6, 6, 6]
2016-11-02 15:29:47,210 INFO     [rollout1] [9, 9, 9, 9, 9, 9, 9, 9, 9, 9, 9, 9, 9, 9, 9, 2, 2, 2, 2, 2, 2, 2, 2, 2, 5, 5, 5, 5, 5, 5, 5, 5, 2, 2, 2, 2, 2, 2, 2, 3, 3, 3, 3, 3, 3, 3, 2, 2, 2, 2, 2, 2, 2, 6, 6, 6, 6, 6, 6, 6, 6, 6, 6, 6, 6, 6, 6, 6]
2016-11-02 15:29:47,210 INFO     [rollout2] [2, 2, 2, 2, 2, 6, 6, 6, 6, 6, 6, 6, 6, 6, 2, 7, 7, 7, 7, 7, 7, 5, 5, 5, 5, 5, 5, 5, 5, 6, 6, 6, 6, 6, 6, 6, 6, 6, 6, 6, 6, 6, 6, 6, 2, 2, 2, 7, 2, 2, 2, 3, 3, 3, 3, 3, 2, 2, 2, 2, 2, 2, 2, 2, 2, 2, 2, 2, 2, 2, 2, 9, 9, 9, 9, 9, 9, 9, 9, 9, 9, 9, 9, 9, 9, 9, 4, 4, 4, 2, 2, 2, 2, 2, 2, 2, 2, 2, 2, 2]
2016-11-02 15:29:47,210 INFO     [reward] 0.8164
2016-11-02 15:29:47,210 INFO     [error] 0.00921766221989
2016-11-02 15:29:47,210 INFO     
2016-11-02 15:29:47,210 INFO     [min reward] 0.8164
2016-11-02 15:29:47,210 INFO     
2016-11-02 15:35:30,900 INFO     1799
2016-11-02 15:35:41,382 INFO     [step] 180200
2016-11-02 15:35:41,382 INFO     [task] make[bed] 1.0 0.783
2016-11-02 15:35:41,382 INFO     
2016-11-02 15:35:41,382 INFO     [rollout0] [4, 4, 4, 5, 5, 5, 5, 5, 5, 5, 5, 5, 2, 2, 2, 2, 2, 2, 2, 2, 6, 6, 6, 6, 6, 6, 6, 6, 6]
2016-11-02 15:35:41,383 INFO     [rollout1] [5, 5, 5, 5, 5, 5, 5, 5, 5, 5, 5, 5, 5, 5, 5, 10, 10, 10, 10, 10, 10, 10, 10, 10, 10, 10, 10, 10, 10, 10, 6, 6, 6, 6, 6, 6, 6, 6, 6, 6, 6, 6, 6, 6, 6]
2016-11-02 15:35:41,383 INFO     [rollout2] [4, 4, 4, 4, 4, 4, 4, 4, 4, 4, 5, 5, 5, 5, 5, 5, 5, 5, 2, 2, 2, 2, 2, 2, 6, 6, 6, 6, 6, 6, 6, 6, 6, 6, 6, 6, 6, 6, 6]
2016-11-02 15:35:41,383 INFO     [reward] 0.783
2016-11-02 15:35:41,383 INFO     [error] 0.00980439998209
2016-11-02 15:35:41,383 INFO     
2016-11-02 15:35:41,383 INFO     [min reward] 0.783
2016-11-02 15:35:41,383 INFO     
2016-11-02 15:41:36,046 INFO     1899
2016-11-02 15:41:46,843 INFO     [step] 190200
2016-11-02 15:41:46,843 INFO     [task] make[bed] 1.0 0.7473
2016-11-02 15:41:46,843 INFO     
2016-11-02 15:41:46,843 INFO     [rollout0] [4, 4, 4, 5, 5, 5, 5, 5, 3, 3, 3, 3, 3, 3, 3, 3, 3, 3, 3, 3, 3, 3, 3, 2, 2, 2, 2, 2, 2, 2, 2, 2, 2, 2, 2, 6, 6, 6, 6, 6, 6, 6, 6, 6, 6, 6, 6, 6, 6, 6]
2016-11-02 15:41:46,843 INFO     [rollout1] [4, 4, 4, 5, 5, 5, 5, 5, 5, 10, 10, 10, 10, 10, 10, 10, 10, 10, 10, 10, 10, 10, 10, 10, 2, 2, 2, 2, 6, 6, 6, 6, 6]
2016-11-02 15:41:46,843 INFO     [rollout2] [4, 4, 4, 4, 4, 4, 4, 4, 5, 5, 5, 5, 5, 5, 5, 5, 5, 5, 5, 2, 2, 2, 2, 2, 2, 2, 2, 2, 2, 2, 6, 6, 6, 6, 6, 6, 6, 6, 6, 6, 6, 6, 6, 6, 6]
2016-11-02 15:41:46,843 INFO     [reward] 0.7473
2016-11-02 15:41:46,843 INFO     [error] 0.00943682179786
2016-11-02 15:41:46,843 INFO     
2016-11-02 15:41:46,843 INFO     [min reward] 0.7473
2016-11-02 15:41:46,843 INFO     
2016-11-02 15:47:33,799 INFO     1999
2016-11-02 15:47:44,379 INFO     [step] 200200
2016-11-02 15:47:44,379 INFO     [task] make[bed] 1.0 0.814
2016-11-02 15:47:44,379 INFO     
2016-11-02 15:47:44,379 INFO     [rollout0] [4, 4, 4, 4, 5, 5, 5, 5, 5, 5, 5, 2, 2, 2, 2, 2, 6, 6, 6, 6, 6, 6, 6, 6, 6, 6, 6, 6, 6, 6, 6]
2016-11-02 15:47:44,379 INFO     [rollout1] [10, 10, 10, 10, 10, 10, 10, 10, 10, 10, 10, 10, 10, 10, 10, 5, 5, 5, 5, 5, 5, 5, 5, 5, 5, 5, 5, 5, 5, 5, 5, 5, 2, 2, 2, 2, 6, 6, 6, 6, 6, 6, 6, 6, 6, 6, 6, 6, 6, 6, 6]
2016-11-02 15:47:44,379 INFO     [rollout2] [4, 4, 4, 4, 4, 4, 5, 5, 5, 5, 5, 5, 5, 2, 2, 2, 6, 6, 6, 6, 6, 6, 6]
2016-11-02 15:47:44,379 INFO     [reward] 0.814
2016-11-02 15:47:44,379 INFO     [error] 0.00930439304095
2016-11-02 15:47:44,379 INFO     
2016-11-02 15:47:44,379 INFO     [min reward] 0.814
2016-11-02 15:47:44,379 INFO     
2016-11-02 15:53:25,475 INFO     2099
2016-11-02 15:53:36,081 INFO     [step] 210200
2016-11-02 15:53:36,081 INFO     [task] make[bed] 1.0 0.8268
2016-11-02 15:53:36,081 INFO     
2016-11-02 15:53:36,081 INFO     [rollout0] [4, 4, 4, 5, 5, 5, 5, 5, 5, 5, 5]
2016-11-02 15:53:36,081 INFO     [rollout1] [4, 4, 5, 5, 5, 5, 5, 5, 5, 5, 5, 5, 2, 2, 2, 2, 2, 2, 2, 2, 2, 2, 6, 6, 6, 6, 6, 6, 6, 6, 6, 6, 6, 6, 6, 6, 6]
2016-11-02 15:53:36,081 INFO     [rollout2] [4, 4, 4, 5, 5, 5, 5, 5, 5, 5, 5, 5, 2, 2, 2, 2, 2, 2, 2, 6, 6, 6, 6, 6, 6, 6, 6, 6, 6, 6, 6, 6, 6, 6]
2016-11-02 15:53:36,081 INFO     [reward] 0.8268
2016-11-02 15:53:36,081 INFO     [error] 0.00948442489374
2016-11-02 15:53:36,081 INFO     
2016-11-02 15:53:36,081 INFO     [min reward] 0.8268
2016-11-02 15:53:36,081 INFO     
2016-11-02 15:59:29,475 INFO     2199
2016-11-02 15:59:40,374 INFO     [step] 220200
2016-11-02 15:59:40,374 INFO     [task] make[bed] 1.0 0.7553
2016-11-02 15:59:40,374 INFO     
2016-11-02 15:59:40,374 INFO     [rollout0] [2, 2, 2, 2, 2, 4, 4, 4, 4, 4, 4, 4, 5, 5, 5, 5, 5, 2, 2, 2, 2, 6, 6, 6, 6, 6, 6, 6, 6, 6, 6, 6, 6, 6, 6, 6]
2016-11-02 15:59:40,374 INFO     [rollout1] [9, 9, 9, 9, 9, 9, 9, 9, 9, 9, 9, 9, 9, 9, 9, 4, 4, 4, 4, 5, 5, 5, 5, 5, 5, 5, 5, 5, 5, 2, 2, 2, 2, 2, 2, 2, 2, 2, 2, 2, 2, 2, 2, 2, 2, 2, 2, 2, 2, 2, 2, 2, 2, 2, 2, 2, 2, 2, 2, 2, 2, 2, 2, 2, 2, 2, 2, 2, 2, 2, 2, 2, 2, 2, 2, 2, 2, 2, 2, 2, 2, 2, 2, 2, 2, 2, 2, 2, 2, 5, 2, 2, 2, 2, 2, 2, 2, 2, 2, 2]
2016-11-02 15:59:40,374 INFO     [rollout2] [2, 2, 2, 2, 7, 7, 7, 7, 7, 7, 9, 9, 9, 9, 9, 9, 9, 9, 9, 9, 9, 9, 9, 9, 9, 4, 4, 4, 4, 5, 5, 5, 5, 5, 5, 5, 2, 2, 2, 2, 2, 2, 2, 2, 2, 2, 2, 2, 2, 2, 2, 2, 2, 2, 2, 2, 2, 2, 2, 2, 2, 2, 2, 2, 2, 2, 2, 7, 6, 6, 6, 6, 6, 6, 6, 6, 6, 6, 6, 6, 6, 6, 6]
2016-11-02 15:59:40,375 INFO     [reward] 0.7553
2016-11-02 15:59:40,375 INFO     [error] 0.00993902030401
2016-11-02 15:59:40,375 INFO     
2016-11-02 15:59:40,375 INFO     [min reward] 0.7553
2016-11-02 15:59:40,375 INFO     
2016-11-02 16:05:27,506 INFO     2299
2016-11-02 16:05:38,539 INFO     [step] 230200
2016-11-02 16:05:38,539 INFO     [task] make[bed] 1.0 0.7965
2016-11-02 16:05:38,539 INFO     
2016-11-02 16:05:38,539 INFO     [rollout0] [4, 4, 4, 4, 4, 4, 4, 4, 4, 5, 5, 5, 5, 5, 5, 5, 5, 5, 5, 5, 5, 5, 2, 2, 2, 2, 2, 2, 6, 6, 6, 6]
2016-11-02 16:05:38,539 INFO     [rollout1] [10, 10, 10, 10, 10, 10, 10, 10, 10, 10, 10, 10, 10, 10, 10, 4, 4, 4, 4, 4, 4, 5, 5, 5, 5, 5, 5, 2, 2, 2, 2, 6, 6, 6, 6, 6, 6, 6, 6, 6, 6, 6, 6, 6]
2016-11-02 16:05:38,539 INFO     [rollout2] [4, 4, 4, 4, 4, 5, 5, 5, 5, 5, 5, 2, 2, 2, 2, 2, 2]
2016-11-02 16:05:38,539 INFO     [reward] 0.7965
2016-11-02 16:05:38,539 INFO     [error] 0.00931795629207
2016-11-02 16:05:38,539 INFO     
2016-11-02 16:05:38,540 INFO     [min reward] 0.7965
2016-11-02 16:05:38,540 INFO     
2016-11-02 16:11:33,793 INFO     2399
2016-11-02 16:11:44,331 INFO     [step] 240200
2016-11-02 16:11:44,331 INFO     [task] make[bed] 1.0 0.7331
2016-11-02 16:11:44,331 INFO     
2016-11-02 16:11:44,331 INFO     [rollout0] [4, 4, 4, 5, 5, 5, 5, 5, 5, 5, 5, 5, 5, 3, 3, 3, 3, 3, 3, 3, 3, 3, 3, 3, 3, 3, 3, 3, 2, 2, 2, 2, 2, 2, 2, 6, 6, 6, 6, 6, 6, 6, 6, 6, 6, 6, 6, 6, 6, 6]
2016-11-02 16:11:44,331 INFO     [rollout1] [4, 4, 4, 4, 4, 4, 5, 5, 5, 5, 5, 5, 5, 2, 2, 2, 2, 6, 6, 6, 6, 6, 6]
2016-11-02 16:11:44,331 INFO     [rollout2] [4, 4, 4, 4, 5, 5, 5, 5, 5, 2, 2, 2, 2, 6, 6, 6, 6, 6, 6, 6, 6, 6, 6, 6, 6, 6, 6]
2016-11-02 16:11:44,331 INFO     [reward] 0.7331
2016-11-02 16:11:44,331 INFO     [error] 0.00942428903654
2016-11-02 16:11:44,331 INFO     
2016-11-02 16:11:44,331 INFO     [min reward] 0.7331
2016-11-02 16:11:44,331 INFO     
2016-11-02 16:17:24,000 INFO     2499
2016-11-02 16:17:34,366 INFO     [step] 250200
2016-11-02 16:17:34,366 INFO     [task] make[bed] 1.0 0.8263
2016-11-02 16:17:34,366 INFO     
2016-11-02 16:17:34,366 INFO     [rollout0] [4, 4, 4, 5, 5, 5, 5, 5, 5, 5, 5, 5, 5, 2, 2, 2, 2, 2, 6, 6, 6, 6, 6, 6, 6, 6, 6, 6, 6, 6, 6, 6, 6]
2016-11-02 16:17:34,366 INFO     [rollout1] [4, 4, 4, 5, 5, 5, 5, 5, 5, 2, 2, 2, 2, 2, 2, 2, 2, 2, 2, 2, 2, 2, 2, 2, 2, 2, 2, 2, 2, 2, 2, 2, 2, 2, 2, 2, 2, 2, 2, 3, 3, 3, 3, 3, 3, 6, 6, 6, 6, 6, 6, 6, 6, 6, 6, 6, 6, 6, 6, 6, 2, 2, 2, 2, 2, 2, 2, 2, 2, 2, 6, 6, 6, 6, 6, 6, 6, 6, 6, 6, 6, 6, 6, 6, 6]
2016-11-02 16:17:34,366 INFO     [rollout2] [4, 4, 4, 4, 4, 4, 4, 4, 4, 5, 5, 5, 5, 5, 5, 2, 2, 2, 6, 6, 6, 6, 6, 6, 6, 6, 6, 6, 6, 6, 6, 6, 6]
2016-11-02 16:17:34,366 INFO     [reward] 0.8263
2016-11-02 16:17:34,366 INFO     [error] 0.00995345893316
2016-11-02 16:17:34,366 INFO     
2016-11-02 16:17:34,366 INFO     [min reward] 0.8263
2016-11-02 16:17:34,366 INFO     
2016-11-02 16:23:17,031 INFO     2599
2016-11-02 16:23:27,207 INFO     [step] 260200
2016-11-02 16:23:27,207 INFO     [task] make[bed] 1.0 0.8006
2016-11-02 16:23:27,208 INFO     
2016-11-02 16:23:27,208 INFO     [rollout0] [4, 4, 4, 4, 4, 4, 4, 4, 5, 5, 5, 5, 5, 5, 5, 7, 2, 2, 2, 2, 2, 2, 6, 6, 6, 6, 6, 6, 6, 6, 6, 6, 6, 6, 6, 6, 6]
2016-11-02 16:23:27,208 INFO     [rollout1] [10, 10, 10, 10, 10, 10, 10, 10, 10, 10, 10, 10, 10, 10, 10, 7, 7, 7, 7, 7, 7, 7, 7, 5, 5, 5, 2, 2, 2, 2, 2, 6, 6, 6, 6, 6, 6, 6, 6, 6, 6, 6, 6, 6, 6, 6, 9, 9, 9, 9, 9, 9, 9, 9, 9, 9, 9, 9, 9, 9, 9, 7]
2016-11-02 16:23:27,208 INFO     [rollout2] [4, 4, 4, 4, 4, 4, 5, 5, 5, 5, 5, 3, 3, 3, 3, 3, 2, 2, 2, 2, 2, 2, 6, 6, 6, 6, 6, 6, 6, 6, 6, 6, 6, 6, 6, 6, 6, 6, 6, 6, 6, 6, 6, 6, 6, 6, 6, 6, 6, 6, 6, 6, 2, 2, 2, 2, 2, 2, 6, 6, 6, 6, 6, 6, 6, 6, 6, 6, 6, 6, 6, 6, 6]
2016-11-02 16:23:27,208 INFO     [reward] 0.8006
2016-11-02 16:23:27,208 INFO     [error] 0.00962129144464
2016-11-02 16:23:27,208 INFO     
2016-11-02 16:23:27,208 INFO     [min reward] 0.8006
2016-11-02 16:23:27,208 INFO     
2016-11-02 16:29:03,866 INFO     2699
2016-11-02 16:29:14,076 INFO     [step] 270200
2016-11-02 16:29:14,076 INFO     [task] make[bed] 1.0 0.8167
2016-11-02 16:29:14,076 INFO     
2016-11-02 16:29:14,076 INFO     [rollout0] [4, 4, 4, 4, 4, 4, 4, 4, 4, 4, 4, 4, 4, 5, 5, 5, 5, 5, 5, 2, 2, 2, 2, 2, 2, 2, 2, 6, 6, 6, 6, 6, 6, 6, 6, 6, 6]
2016-11-02 16:29:14,076 INFO     [rollout1] [4, 4, 4, 5, 5, 5, 5, 5, 9, 9, 9, 9, 9, 9, 9, 9, 9, 9, 9, 9, 9, 9, 9, 2, 2, 2, 2, 2, 2, 6, 6, 6, 6, 6, 6, 6, 6, 6, 6, 6, 6, 6, 6, 6]
2016-11-02 16:29:14,076 INFO     [rollout2] [9, 9, 9, 9, 9, 9, 9, 9, 9, 9, 9, 9, 9, 9, 9, 9, 9, 9, 9, 9, 9, 9, 9, 9, 9, 9, 9, 9, 9, 9, 5, 5, 5, 5, 5, 5, 5, 5, 5, 5, 5, 5, 5, 5, 5, 4, 4, 4, 4, 4, 4, 5, 5, 5, 5, 5, 5, 2, 2, 2, 2, 2, 6, 6, 6, 6, 6, 6, 6, 6, 6, 6, 6, 6, 6, 6, 6, 9, 9, 9, 9, 9, 9, 9, 9, 9, 9, 9, 9, 9, 9, 9]
2016-11-02 16:29:14,076 INFO     [reward] 0.8167
2016-11-02 16:29:14,076 INFO     [error] 0.0099840244092
2016-11-02 16:29:14,076 INFO     
2016-11-02 16:29:14,076 INFO     [min reward] 0.8167
2016-11-02 16:29:14,076 INFO     
2016-11-02 16:34:59,599 INFO     2799
2016-11-02 16:35:09,926 INFO     [step] 280200
2016-11-02 16:35:09,926 INFO     [task] make[bed] 1.0 0.7624
2016-11-02 16:35:09,926 INFO     
2016-11-02 16:35:09,926 INFO     [rollout0] [4, 4, 4, 4, 4, 4, 4, 4, 4, 5, 5, 5, 6, 6, 6, 6, 6, 6, 6, 6, 6, 6, 6, 6, 6, 6, 6, 2, 2, 2, 2, 2, 2, 2, 2, 6, 6, 6, 6, 6, 6, 6, 6, 6, 6, 6, 6, 6, 6, 6, 10, 10, 10, 10, 10, 10, 10, 10, 10, 10, 10, 10, 10, 10, 10]
2016-11-02 16:35:09,926 INFO     [rollout1] [4, 4, 4, 4, 4, 4, 4, 5, 5, 5, 5, 5, 5, 5, 5, 5, 4, 4, 4, 4, 4, 4, 4, 4, 4, 4, 4, 4, 4, 4, 4, 6, 6, 6, 6, 6, 6, 6, 6, 6, 6, 6, 6, 6, 6, 6, 2, 2, 2, 2, 2, 2, 6, 6, 6, 6, 6, 6, 6, 6, 6, 6, 6, 6, 6, 6, 6]
2016-11-02 16:35:09,926 INFO     [rollout2] [4, 4, 4, 4, 4, 4, 4, 5, 5, 5, 5, 5, 5, 5, 5, 5, 5, 5, 5, 5, 2, 2, 2, 2, 2, 6, 6, 6, 6, 6]
2016-11-02 16:35:09,926 INFO     [reward] 0.7624
2016-11-02 16:35:09,926 INFO     [error] 0.00992973337881
2016-11-02 16:35:09,926 INFO     
2016-11-02 16:35:09,926 INFO     [min reward] 0.7624
2016-11-02 16:35:09,926 INFO     
2016-11-02 16:40:49,280 INFO     2899
2016-11-02 16:40:59,774 INFO     [step] 290200
2016-11-02 16:40:59,774 INFO     [task] make[bed] 1.0 0.8107
2016-11-02 16:40:59,774 INFO     
2016-11-02 16:40:59,774 INFO     [rollout0] [4, 4, 4, 5, 5, 5, 5, 5, 2, 2, 2, 2, 6, 6, 6, 6, 6, 6, 6, 6, 6, 6, 6, 6, 6, 6, 6]
2016-11-02 16:40:59,774 INFO     [rollout1] [4, 4, 5, 5, 5, 5, 5, 5, 5, 5, 5, 2, 2, 2, 2, 2, 6, 6, 6, 6, 6, 6, 6, 6, 6]
2016-11-02 16:40:59,774 INFO     [rollout2] [4, 4, 5, 5, 5, 2, 2, 2, 2, 6, 6, 6, 6, 6, 6, 6, 6, 6, 6, 6, 6, 6, 6, 6]
2016-11-02 16:40:59,774 INFO     [reward] 0.8107
2016-11-02 16:40:59,774 INFO     [error] 0.0093248509476
2016-11-02 16:40:59,774 INFO     
2016-11-02 16:40:59,774 INFO     [min reward] 0.8107
2016-11-02 16:40:59,774 INFO     
2016-11-02 16:46:45,988 INFO     2999
2016-11-02 16:46:56,867 INFO     [step] 300200
2016-11-02 16:46:56,867 INFO     [task] make[bed] 1.0 0.7632
2016-11-02 16:46:56,867 INFO     
2016-11-02 16:46:56,867 INFO     [rollout0] [4, 4, 4, 5, 5, 5, 5, 5, 5, 2, 2, 2, 2, 2, 2, 2, 2, 2, 2, 2, 2, 6, 6, 6, 6, 6, 7, 7, 7]
2016-11-02 16:46:56,867 INFO     [rollout1] [4, 4, 4, 4, 4, 4, 5, 5, 5, 5, 2, 2, 2, 2, 2, 2, 2, 6, 6, 6, 6, 6, 6, 6, 6, 6, 6, 6, 6, 6, 6, 6, 6, 6, 6, 6, 6, 6, 6, 6, 6, 6, 6]
2016-11-02 16:46:56,867 INFO     [rollout2] [4, 4, 4, 4, 4, 4, 4, 4, 4, 4, 4, 4, 4, 5, 5, 5, 5, 5, 6, 6, 6, 6, 6, 6, 6, 6, 6, 6, 6, 6, 6, 6, 6, 2, 2, 2, 2, 6, 6, 6, 6, 6, 6, 6, 6, 6, 6, 6, 6, 6, 6, 6]
2016-11-02 16:46:56,867 INFO     [reward] 0.7632
2016-11-02 16:46:56,867 INFO     [error] 0.00935577378608
2016-11-02 16:46:56,867 INFO     
2016-11-02 16:46:56,867 INFO     [min reward] 0.7632
2016-11-02 16:46:56,867 INFO     
2016-11-02 16:52:38,026 INFO     3099
2016-11-02 16:52:48,273 INFO     [step] 310200
2016-11-02 16:52:48,273 INFO     [task] make[bed] 1.0 0.798
2016-11-02 16:52:48,273 INFO     
2016-11-02 16:52:48,273 INFO     [rollout0] [6, 6, 6, 6, 6, 6, 6, 6, 6, 6, 6, 6, 6, 6, 6, 4, 4, 4, 4, 5, 5, 5, 5, 5, 2, 2, 2, 2, 6, 6, 6, 6, 6, 6, 6, 6, 6, 6, 6, 6, 6, 6, 6]
2016-11-02 16:52:48,273 INFO     [rollout1] [4, 4, 4, 5, 5, 5, 5, 5, 5, 5, 2, 2, 2, 2, 2, 2, 2, 6, 6, 6, 6, 6]
2016-11-02 16:52:48,273 INFO     [rollout2] [4, 4, 4, 4, 4, 4, 4, 4, 4, 4, 4, 4, 5, 5, 5, 5, 5, 5, 2, 2, 2, 2, 6, 6, 6, 6, 6, 6, 6, 6, 6, 6, 6, 6, 6, 6, 6]
2016-11-02 16:52:48,273 INFO     [reward] 0.798
2016-11-02 16:52:48,273 INFO     [error] 0.0101282587601
2016-11-02 16:52:48,273 INFO     
2016-11-02 16:52:48,273 INFO     [min reward] 0.798
2016-11-02 16:52:48,273 INFO     
2016-11-02 16:58:30,204 INFO     3199
2016-11-02 16:58:40,548 INFO     [step] 320200
2016-11-02 16:58:40,548 INFO     [task] make[bed] 1.0 0.798
2016-11-02 16:58:40,548 INFO     
2016-11-02 16:58:40,548 INFO     [rollout0] [4, 4, 4, 4, 5, 5, 5, 5, 5, 5, 5, 5, 5, 2, 2, 2, 2, 2, 6, 6, 6, 6, 6, 6, 6, 6, 6, 6, 6, 6, 6, 6, 6]
2016-11-02 16:58:40,548 INFO     [rollout1] [4, 4, 4, 5, 5, 5, 5, 5, 2, 2, 2, 6, 6, 6, 6, 6, 6, 6, 6, 6, 6, 6, 6, 6, 6, 6]
2016-11-02 16:58:40,548 INFO     [rollout2] [4, 4, 4, 4, 5, 5, 5, 5, 2, 2, 2, 2, 6, 6, 6, 6, 6, 6, 6, 6, 6, 6, 6, 6, 6, 6, 6]
2016-11-02 16:58:40,548 INFO     [reward] 0.798
2016-11-02 16:58:40,548 INFO     [error] 0.00945901861414
2016-11-02 16:58:40,548 INFO     
2016-11-02 16:58:40,549 INFO     [min reward] 0.798
2016-11-02 16:58:40,549 INFO     
2016-11-02 17:04:18,138 INFO     3299
2016-11-02 17:04:28,293 INFO     [step] 330200
2016-11-02 17:04:28,293 INFO     [task] make[bed] 1.0 0.8085
2016-11-02 17:04:28,293 INFO     
2016-11-02 17:04:28,293 INFO     [rollout0] [4, 4, 4, 4, 4, 5, 5, 5, 5, 5, 5, 5, 5, 2, 2, 2, 6, 6, 6, 6, 6, 6, 6, 6, 6, 6, 6, 6, 6, 6, 6]
2016-11-02 17:04:28,293 INFO     [rollout1] [4, 4, 4, 4, 5, 5, 5, 5, 5, 5, 5, 5, 5, 2, 2, 2, 6, 6, 6, 6, 6, 6, 6, 6, 6, 6, 6, 6, 6, 6, 6]
2016-11-02 17:04:28,293 INFO     [rollout2] [4, 4, 4, 5, 5, 5, 5, 5, 5, 5, 2, 2, 2, 2, 2, 2, 2, 2, 2, 2, 2, 2, 2, 2, 2, 2, 2, 2, 2, 2, 2, 2, 2, 2, 2, 2, 2, 2, 2, 2, 2, 2, 2, 2, 2, 2, 2, 2, 2, 2, 2, 2, 2, 2, 2, 2, 2, 2, 2, 2, 2, 2, 2, 6, 6, 6, 6, 6, 6, 6, 6, 6, 6, 6, 6, 6, 6, 6]
2016-11-02 17:04:28,293 INFO     [reward] 0.8085
2016-11-02 17:04:28,293 INFO     [error] 0.00987627013586
2016-11-02 17:04:28,294 INFO     
2016-11-02 17:04:28,294 INFO     [min reward] 0.8085
2016-11-02 17:04:28,294 INFO     
2016-11-02 17:10:06,337 INFO     3399
2016-11-02 17:10:16,841 INFO     [step] 340200
2016-11-02 17:10:16,841 INFO     [task] make[bed] 1.0 0.7918
2016-11-02 17:10:16,841 INFO     
2016-11-02 17:10:16,841 INFO     [rollout0] [3, 3, 3, 3, 3, 3, 3, 4, 4, 4, 4, 4, 4, 5, 5, 5, 2, 2, 2, 2, 2, 2, 2, 2, 2, 2, 3, 3, 3, 3, 2, 2, 2, 2, 2, 2, 2, 2, 2, 2, 2, 2, 2, 2, 2, 2, 2, 2, 2, 2, 2, 2, 2, 2, 2, 2, 2, 2, 2, 2, 6, 6, 6, 6, 6, 6, 6, 6, 6, 6, 6, 6, 6, 6, 6, 2, 2, 2, 2, 6, 6, 6, 6, 6, 6, 6, 6, 6, 6, 6, 6, 6, 6, 6, 5, 5, 5, 5, 5, 5]
2016-11-02 17:10:16,841 INFO     [rollout1] [4, 4, 4, 5, 5, 5, 5, 5, 6, 6, 6, 6, 6, 6, 2, 2, 2, 2, 2, 2, 2, 2, 2, 10, 10, 10, 10, 10, 10, 10, 10, 10, 10, 10, 10, 10, 10, 10, 4, 4, 4, 4, 5, 5, 5, 5, 2, 2, 2, 2, 2, 2, 2, 2, 2, 2, 2, 2, 6, 6, 6, 6, 6, 6, 6, 6, 6, 6, 6, 6, 6, 6, 6]
2016-11-02 17:10:16,841 INFO     [rollout2] [3, 3, 3, 3, 3, 4, 4, 4, 4, 9, 9, 9, 9, 9, 9, 9, 9, 9, 9, 9, 9, 9, 9, 9, 5, 5, 5, 5, 5, 5, 5, 5, 5, 5, 5, 5, 5, 5, 5, 5, 5, 5, 5, 6, 6, 6, 6, 6, 6, 4, 4, 4, 4, 4, 4, 4, 4, 4, 4, 4, 4, 5, 5, 5, 5, 9, 9, 9, 9, 9, 9, 9, 9, 9, 9, 9, 9, 9, 9, 9, 5, 5, 5, 5, 5, 5, 5, 9, 9, 9, 9, 9, 9, 9, 9, 9, 9, 9, 9, 9]
2016-11-02 17:10:16,842 INFO     [reward] 0.7918
2016-11-02 17:10:16,842 INFO     [error] 0.00971597865224
2016-11-02 17:10:16,842 INFO     
2016-11-02 17:10:16,842 INFO     [min reward] 0.7918
2016-11-02 17:10:16,842 INFO     
2016-11-02 17:15:56,984 INFO     3499
2016-11-02 17:16:07,755 INFO     [step] 350200
2016-11-02 17:16:07,755 INFO     [task] make[bed] 1.0 0.7959
2016-11-02 17:16:07,755 INFO     
2016-11-02 17:16:07,755 INFO     [rollout0] [4, 4, 4, 4, 4, 5, 5, 5, 5, 5, 5, 5, 5, 2, 2, 2, 2, 2, 2, 2, 2, 6, 6, 6, 6, 6, 6, 6, 6, 6, 6, 6, 6, 6, 6, 6]
2016-11-02 17:16:07,756 INFO     [rollout1] [4, 4, 4, 9, 9, 9, 9, 9, 9, 9, 9, 9, 9, 9, 9, 9, 9, 9, 5, 5, 5, 5, 5, 5, 5, 5, 2, 2, 2, 2, 2, 2, 2, 2, 2, 10, 10, 10, 10, 10, 10, 10, 10, 10, 10, 10, 10, 10, 10, 10, 6, 6, 6, 6, 6, 6, 6, 6, 6, 6, 6, 6, 6, 6, 6]
2016-11-02 17:16:07,756 INFO     [rollout2] [4, 4, 4, 5, 5, 5, 5, 5, 5, 5, 5, 5, 5, 5, 5, 2, 2, 2, 2, 6, 6, 6, 6, 6, 6, 6, 6, 6, 6, 6, 6, 6, 6, 6, 2, 2, 2, 2]
2016-11-02 17:16:07,756 INFO     [reward] 0.7959
2016-11-02 17:16:07,756 INFO     [error] 0.00991107405163
2016-11-02 17:16:07,756 INFO     
2016-11-02 17:16:07,756 INFO     [min reward] 0.7959
2016-11-02 17:16:07,756 INFO     
2016-11-02 17:21:53,967 INFO     3599
2016-11-02 17:22:04,578 INFO     [step] 360200
2016-11-02 17:22:04,578 INFO     [task] make[bed] 1.0 0.7765
2016-11-02 17:22:04,578 INFO     
2016-11-02 17:22:04,579 INFO     [rollout0] [4, 4, 5, 5, 5, 5, 5, 5, 5, 5, 5, 2, 2, 2, 2, 2, 6, 6, 6, 6, 6, 6, 6, 6, 6, 6, 6, 6, 6, 6, 6]
2016-11-02 17:22:04,579 INFO     [rollout1] [5, 5, 5, 5, 5, 5, 5, 5, 5, 5, 5, 5, 5, 5, 5, 4, 4, 4, 4, 5, 5, 5, 5, 5, 6, 6, 6, 6, 9, 9, 9, 9, 9, 9, 9, 9, 9, 9, 9, 2, 2, 2, 2, 6, 6, 6, 6, 6, 6, 6, 6]
2016-11-02 17:22:04,579 INFO     [rollout2] [4, 4, 4, 5, 5, 5, 2, 2, 2, 2, 2, 6, 6, 6, 6, 6, 6, 6, 6, 6, 6, 6, 6, 6, 6, 6]
2016-11-02 17:22:04,579 INFO     [reward] 0.7765
2016-11-02 17:22:04,579 INFO     [error] 0.00931528724264
2016-11-02 17:22:04,579 INFO     
2016-11-02 17:22:04,579 INFO     [min reward] 0.7765
2016-11-02 17:22:04,579 INFO     
2016-11-02 17:27:55,428 INFO     3699
2016-11-02 17:28:06,379 INFO     [step] 370200
2016-11-02 17:28:06,379 INFO     [task] make[bed] 1.0 0.7537
2016-11-02 17:28:06,379 INFO     
2016-11-02 17:28:06,379 INFO     [rollout0] [4, 4, 4, 4, 4, 4, 4, 5, 5, 5, 5, 5, 5, 5, 5, 5, 2, 2, 2, 2, 2, 2, 2, 2, 2, 2, 6, 6, 6, 6, 6, 6, 6]
2016-11-02 17:28:06,379 INFO     [rollout1] [4, 4, 4, 4, 5, 5, 5, 5, 5, 5, 5, 5, 2, 2, 2, 2, 2, 2, 2, 2, 2, 2, 2, 6, 6, 6, 6, 6, 6, 6, 6, 6, 6, 6, 6, 6, 6, 6]
2016-11-02 17:28:06,379 INFO     [rollout2] [4, 4, 4, 4, 4, 5, 5, 5, 5, 5, 5, 5, 5, 5, 5, 5, 5, 6, 6, 6, 6, 6, 6, 6, 6, 6, 6, 6, 6, 6, 6, 6]
2016-11-02 17:28:06,379 INFO     [reward] 0.7537
2016-11-02 17:28:06,379 INFO     [error] 0.00919661593623
2016-11-02 17:28:06,379 INFO     
2016-11-02 17:28:06,379 INFO     [min reward] 0.7537
2016-11-02 17:28:06,379 INFO     
2016-11-02 17:33:45,840 INFO     3799
2016-11-02 17:33:56,560 INFO     [step] 380200
2016-11-02 17:33:56,560 INFO     [task] make[bed] 1.0 0.8242
2016-11-02 17:33:56,560 INFO     
2016-11-02 17:33:56,560 INFO     [rollout0] [4, 4, 4, 4, 4, 4, 4, 5, 5, 5, 5, 5, 5, 5, 5, 5, 4, 4, 4, 4, 4, 4, 4, 2, 2, 2, 6, 6, 6, 6, 6, 6, 6, 6, 6, 6, 6, 6, 6]
2016-11-02 17:33:56,560 INFO     [rollout1] [3, 3, 3, 3, 3, 3, 3, 3, 3, 3, 3, 3, 3, 3, 3, 5, 5, 5, 5, 5, 5, 5, 5, 5, 5, 5, 5, 5, 5, 5, 5, 5, 5, 5, 5, 5, 5, 5, 5, 5, 5, 5, 5, 5, 5]
2016-11-02 17:33:56,560 INFO     [rollout2] [5, 5, 5, 5, 5, 5, 5, 5, 5, 5, 5, 5, 5, 5, 5, 3, 3, 3, 3, 3, 3, 3, 3, 3, 3, 3, 3, 3, 3, 3, 5, 5, 5, 5, 5, 5, 5, 5, 5, 5, 5, 5, 5, 5, 5, 5, 5, 5, 5, 5, 5, 5, 5, 5, 5, 5, 5, 5, 5, 5, 5, 5, 5, 5, 5, 5, 5, 5, 5, 5, 5, 5, 5, 5, 5, 5, 5, 5, 5, 5, 5, 5, 5, 5, 5, 5, 5, 5, 5, 5, 5, 5, 5, 5, 5, 5, 5, 5, 5, 5]
2016-11-02 17:33:56,560 INFO     [reward] 0.8242
2016-11-02 17:33:56,560 INFO     [error] 0.00911834899802
2016-11-02 17:33:56,560 INFO     
2016-11-02 17:33:56,560 INFO     [min reward] 0.8242
2016-11-02 17:33:56,560 INFO     
2016-11-02 17:39:47,512 INFO     3899
2016-11-02 17:39:58,140 INFO     [step] 390200
2016-11-02 17:39:58,140 INFO     [task] make[bed] 1.0 0.7575
2016-11-02 17:39:58,140 INFO     
2016-11-02 17:39:58,140 INFO     [rollout0] [4, 4, 4, 4, 4, 4, 4, 4, 4, 4, 5, 5, 5, 5, 2, 2, 2, 2, 2, 6, 6, 6, 6, 6, 6, 6, 6, 6, 6, 6, 6, 6, 6, 6]
2016-11-02 17:39:58,140 INFO     [rollout1] [4, 4, 4, 4, 5, 5, 5, 5, 5, 5, 5, 2, 2, 2, 2, 2, 2, 2, 2, 6, 6, 6, 6, 6, 6, 6, 6, 6, 6, 6, 6, 6, 6, 6]
2016-11-02 17:39:58,140 INFO     [rollout2] [7, 7, 7, 4, 4, 4, 5, 5, 5, 5, 5, 5, 5, 5, 5, 2, 2, 2, 2, 2, 2, 6, 6, 6, 6, 6, 6, 6, 6, 6, 6, 6, 6, 6, 6, 6, 2, 2, 2, 2, 2, 2, 2]
2016-11-02 17:39:58,140 INFO     [reward] 0.7575
2016-11-02 17:39:58,140 INFO     [error] 0.00937512410339
2016-11-02 17:39:58,140 INFO     
2016-11-02 17:39:58,140 INFO     [min reward] 0.7575
2016-11-02 17:39:58,141 INFO     
2016-11-02 17:45:44,180 INFO     3999
2016-11-02 17:45:54,480 INFO     [step] 400200
2016-11-02 17:45:54,480 INFO     [task] make[bed] 1.0 0.8004
2016-11-02 17:45:54,480 INFO     
2016-11-02 17:45:54,480 INFO     [rollout0] [3, 3, 3, 3, 3, 3, 3, 3, 3, 3, 3, 3, 3, 3, 3, 4, 4, 4, 4, 7, 7, 7, 7, 7, 7, 10, 10, 10, 10, 10, 10, 10, 10, 10, 10, 10, 10, 10, 10, 10, 5, 5, 5, 5, 5, 5, 5, 2, 2, 2, 2, 2, 6, 6, 6, 6, 6, 6, 6, 6, 6, 6, 6, 6, 6, 6, 6, 6, 6]
2016-11-02 17:45:54,481 INFO     [rollout1] [9, 9, 9, 9, 9, 9, 9, 9, 9, 9, 9, 9, 9, 9, 9, 4, 4, 4, 5, 5, 5, 5, 5, 5, 5, 5, 5, 2, 2, 2, 6, 6, 6, 6, 6, 6, 6, 6, 6, 6, 6, 6, 7]
2016-11-02 17:45:54,481 INFO     [rollout2] [4, 4, 4, 4, 4, 5, 5, 5, 2, 2, 2, 2, 2, 2, 2, 6, 6, 6, 6, 6, 6, 6, 6, 6, 6, 6, 6, 6, 6, 6, 6]
2016-11-02 17:45:54,481 INFO     [reward] 0.8004
2016-11-02 17:45:54,481 INFO     [error] 0.00963442012668
2016-11-02 17:45:54,481 INFO     
2016-11-02 17:45:54,481 INFO     [min reward] 0.8004
2016-11-02 17:45:54,481 INFO     
2016-11-02 17:51:37,341 INFO     4099
2016-11-02 17:51:48,269 INFO     [step] 410200
2016-11-02 17:51:48,269 INFO     [task] make[bed] 1.0 0.8066
2016-11-02 17:51:48,270 INFO     
2016-11-02 17:51:48,270 INFO     [rollout0] [4, 4, 5, 5, 5, 5, 5, 5, 5, 2, 2, 2, 2, 2, 2, 6, 6, 6, 6, 6, 6, 6, 6, 6, 6, 6, 6, 6, 6, 6]
2016-11-02 17:51:48,270 INFO     [rollout1] [4, 4, 4, 4, 4, 4, 4, 4, 4, 4, 5, 5, 5, 9, 9, 9, 9, 9, 9, 9, 9, 9, 9, 9, 9, 9, 9, 9, 2, 2, 2, 2, 2, 2, 2, 6, 6, 6, 6, 6, 6, 6, 6, 6, 6, 6, 6, 6, 6, 6, 6, 6, 6, 6, 6, 6, 6]
2016-11-02 17:51:48,270 INFO     [rollout2] [4, 4, 4, 4, 5, 5, 5, 2, 2, 2, 2, 2, 2, 2, 2, 6, 6, 6, 6, 6, 6, 6, 6, 6, 6, 6]
2016-11-02 17:51:48,270 INFO     [reward] 0.8066
2016-11-02 17:51:48,270 INFO     [error] 0.00922426703386
2016-11-02 17:51:48,270 INFO     
2016-11-02 17:51:48,270 INFO     [min reward] 0.8066
2016-11-02 17:51:48,270 INFO     
2016-11-02 17:57:24,813 INFO     4199
2016-11-02 17:57:35,714 INFO     [step] 420200
2016-11-02 17:57:35,714 INFO     [task] make[bed] 1.0 0.8172
2016-11-02 17:57:35,714 INFO     
2016-11-02 17:57:35,714 INFO     [rollout0] [4, 4, 4, 4, 5, 5, 5, 5, 5, 5, 2, 2, 2, 2, 6, 6, 6, 6, 6, 6, 6, 6, 6, 6, 6, 6, 6, 6, 6]
2016-11-02 17:57:35,714 INFO     [rollout1] [4, 4, 4, 4, 4, 4, 4, 4, 4, 4, 4, 5, 5, 5, 5, 5, 5, 6, 6, 6, 6, 6, 6, 6, 6, 6, 6, 6, 6, 6, 6, 6, 2, 2, 2, 2, 2, 2, 6, 6, 6, 6, 6, 6, 6, 6, 6, 6, 6, 6, 6, 6, 6]
2016-11-02 17:57:35,714 INFO     [rollout2] [4, 4, 4, 5, 5, 5, 5, 5, 5, 5, 5, 2, 2, 2, 2, 2, 2, 6, 6, 6, 6, 6, 6, 6, 6, 6, 6, 6, 6, 6, 6, 6, 5, 5, 5, 5, 5, 5, 5, 5, 5, 5, 5, 5, 5, 5, 5]
2016-11-02 17:57:35,714 INFO     [reward] 0.8172
2016-11-02 17:57:35,714 INFO     [error] 0.00896690220106
2016-11-02 17:57:35,714 INFO     
2016-11-02 17:57:35,714 INFO     [min reward] 0.8172
2016-11-02 17:57:35,714 INFO     
2016-11-02 18:03:18,681 INFO     4299
2016-11-02 18:03:28,910 INFO     [step] 430200
2016-11-02 18:03:28,910 INFO     [task] make[bed] 1.0 0.8022
2016-11-02 18:03:28,910 INFO     
2016-11-02 18:03:28,910 INFO     [rollout0] [5, 5, 5, 5, 5, 5, 5, 5, 5, 5, 5, 5, 5, 5, 5, 6, 6, 6, 6, 6, 6, 6, 6, 6, 6, 6, 6, 6, 6, 6, 6, 6, 6, 6, 6, 6, 6, 6, 6, 6, 6, 6, 6, 6, 6, 6, 6, 6, 6, 6, 6, 6, 6, 6, 6, 6, 6, 6, 6, 6, 6, 6, 6, 6, 6, 6, 6, 6, 6, 6, 6, 6, 6, 6, 6, 6, 6, 6, 6, 6, 6, 6, 6, 6, 6, 6, 6, 6, 6, 6, 6, 6, 6, 6, 6, 6, 6, 6, 6, 6]
2016-11-02 18:03:28,911 INFO     [rollout1] [4, 4, 4, 5, 5, 5, 2, 2, 2, 2, 2, 2, 2, 2, 2, 2, 6, 6, 6, 6, 6, 6, 6, 6, 6, 6, 6, 6, 6, 6, 6, 6, 6, 6, 6, 6, 6, 6, 6, 6, 6, 6, 6, 6, 6, 6]
2016-11-02 18:03:28,911 INFO     [rollout2] [4, 4, 4, 4, 4, 5, 5, 5, 5, 5, 5, 2, 2, 2, 2, 2, 6, 6, 6, 6, 6, 6, 6, 6, 6, 6, 6, 6, 6, 6, 6]
2016-11-02 18:03:28,911 INFO     [reward] 0.8022
2016-11-02 18:03:28,911 INFO     [error] 0.00980536045972
2016-11-02 18:03:28,911 INFO     
2016-11-02 18:03:28,911 INFO     [min reward] 0.8022
2016-11-02 18:03:28,911 INFO     
2016-11-02 18:09:10,455 INFO     4399
2016-11-02 18:09:20,774 INFO     [step] 440200
2016-11-02 18:09:20,774 INFO     [task] make[bed] 1.0 0.8176
2016-11-02 18:09:20,774 INFO     
2016-11-02 18:09:20,774 INFO     [rollout0] [5, 5, 5, 5, 5, 5, 5, 5, 5, 5, 5, 5, 5, 5, 5, 2, 2, 2, 2, 6, 6, 6, 6, 6, 6, 6, 6, 6, 6, 6, 6, 6, 6, 6, 4, 4, 4, 4, 4, 4, 4, 6, 6, 6, 6, 4]
2016-11-02 18:09:20,774 INFO     [rollout1] [10, 10, 10, 10, 10, 10, 10, 10, 10, 10, 10, 10, 10, 10, 10, 5, 5, 5, 5, 5, 5, 5, 5, 5, 5, 5, 5, 5, 5, 5, 2, 2, 2, 2, 2, 5, 5, 5, 5, 2, 2, 2, 2, 2, 2, 2, 2, 2, 2, 2, 6, 6, 6, 6, 6, 6, 6, 6, 6, 6, 6, 6, 6, 6, 6, 4, 4, 4, 4, 4, 4, 4, 4, 7, 7, 7, 7, 7, 7, 7, 7, 7, 7, 7, 5, 5, 5, 5, 5, 5, 2, 2, 2, 2, 2, 2, 2, 2, 2, 6]
2016-11-02 18:09:20,774 INFO     [rollout2] [4, 4, 4, 4, 5, 5, 5, 5, 5, 5, 2, 2, 2, 2, 9, 9, 9, 9, 9, 9, 9, 9, 9, 9, 9, 9, 9, 9, 9, 6, 6, 6, 6, 6, 6, 6, 6, 6, 6, 6, 6, 6, 6, 6]
2016-11-02 18:09:20,774 INFO     [reward] 0.8176
2016-11-02 18:09:20,774 INFO     [error] 0.00957960894331
2016-11-02 18:09:20,774 INFO     
2016-11-02 18:09:20,775 INFO     [min reward] 0.8176
2016-11-02 18:09:20,775 INFO     
2016-11-02 18:15:07,193 INFO     4499
2016-11-02 18:15:17,742 INFO     [step] 450200
2016-11-02 18:15:17,742 INFO     [task] make[bed] 1.0 0.7814
2016-11-02 18:15:17,742 INFO     
2016-11-02 18:15:17,742 INFO     [rollout0] [2, 2, 2, 2, 2, 4, 4, 4, 4, 4, 4, 5, 5, 5, 5, 5, 5, 5, 5, 5, 5, 5, 2, 2, 2, 2, 2, 2, 2, 2, 2, 2, 6, 6, 6, 6, 6, 6, 6, 6, 6, 6, 6]
2016-11-02 18:15:17,742 INFO     [rollout1] [4, 4, 4, 4, 4, 4, 7, 7, 7, 7, 7, 7, 3, 3, 3, 3]
2016-11-02 18:15:17,742 INFO     [rollout2] [4, 4, 4, 4, 4, 4, 4, 5, 5, 5, 5, 2, 2, 2, 2, 2, 2, 2, 2, 2, 2, 2, 2, 2, 2, 2, 2, 2, 2, 2, 2, 2, 2, 2, 2, 2, 2, 2, 2, 2, 2, 2, 2, 2, 2, 2, 2, 2, 2, 2, 2, 2, 2, 2, 2, 2, 2, 2, 2, 2, 2, 2, 2, 2, 2, 2, 2, 2, 2, 2, 2, 2, 2, 2, 2, 2, 2, 2, 2, 2, 2, 2, 2, 2, 2, 2, 2, 2, 2, 2, 2, 2, 2, 2, 2, 2, 2, 2, 2, 2]
2016-11-02 18:15:17,742 INFO     [reward] 0.7814
2016-11-02 18:15:17,742 INFO     [error] 0.00972305066418
2016-11-02 18:15:17,742 INFO     
2016-11-02 18:15:17,742 INFO     [min reward] 0.7814
2016-11-02 18:15:17,742 INFO     
2016-11-02 18:20:58,334 INFO     4599
2016-11-02 18:21:09,523 INFO     [step] 460200
2016-11-02 18:21:09,523 INFO     [task] make[bed] 1.0 0.8196
2016-11-02 18:21:09,523 INFO     
2016-11-02 18:21:09,523 INFO     [rollout0] [4, 4, 4, 4, 4, 4, 5, 5, 5, 5, 5, 6, 6, 6, 6, 6, 6, 6, 10, 10, 10, 10, 10, 10, 10, 10, 10, 10, 10, 10, 10, 10, 10, 2, 2, 2, 6, 6, 6, 6, 6, 6, 6, 6, 6, 6, 6, 6, 2, 2, 6, 6, 6, 6, 6, 6, 6, 6, 3, 3, 3, 3, 3, 3, 3, 3, 3, 3, 7, 7, 7, 7, 7, 7, 7, 7, 7, 5, 5, 7, 7, 7, 7, 7, 7, 7, 7, 7, 7, 7, 7, 7, 7, 7, 7, 7, 10, 10, 10, 10]
2016-11-02 18:21:09,523 INFO     [rollout1] [4, 4, 4, 5, 5, 5, 5, 2, 2, 2, 2, 6, 6, 6, 6, 6, 6, 6, 6, 6, 6, 6, 6, 6, 6, 6]
2016-11-02 18:21:09,523 INFO     [rollout2] [4, 4, 4, 4, 4, 4, 4, 5, 5, 5, 6, 6, 6, 6, 6, 6, 6, 6, 6, 6, 6, 6, 6, 6, 6, 2, 2, 2, 2, 6, 6, 6, 6, 6, 6, 6, 6, 6, 6, 6, 6, 6, 6, 6]
2016-11-02 18:21:09,524 INFO     [reward] 0.8196
2016-11-02 18:21:09,524 INFO     [error] 0.0098193246033
2016-11-02 18:21:09,524 INFO     
2016-11-02 18:21:09,524 INFO     [min reward] 0.8196
2016-11-02 18:21:09,524 INFO     
2016-11-02 18:26:52,269 INFO     4699
2016-11-02 18:27:02,606 INFO     [step] 470200
2016-11-02 18:27:02,606 INFO     [task] make[bed] 1.0 0.8133
2016-11-02 18:27:02,607 INFO     
2016-11-02 18:27:02,607 INFO     [rollout0] [4, 4, 4, 4, 7, 7, 7, 7, 5, 5, 5, 5, 5, 5, 2, 2, 2, 2, 2, 6, 6, 6, 6, 6, 6, 6, 6, 6, 6, 6, 6, 6, 6, 6]
2016-11-02 18:27:02,607 INFO     [rollout1] [4, 4, 4, 4, 4, 5, 5, 5, 5, 5, 5, 2, 2, 2, 2, 2, 2, 2, 2, 2, 2, 6, 6, 6, 6, 6, 6, 6, 6, 6, 6, 6, 6, 6, 6, 6]
2016-11-02 18:27:02,607 INFO     [rollout2] [4, 4, 4, 4, 4, 4, 4, 4, 4, 4, 4, 5, 5, 5, 5, 5, 5, 5, 2, 2, 2, 2, 2, 2, 2, 6, 6, 6, 6, 6, 6, 6, 6, 6, 6, 6, 6, 6, 6, 6]
2016-11-02 18:27:02,607 INFO     [reward] 0.8133
2016-11-02 18:27:02,607 INFO     [error] 0.00953936776146
2016-11-02 18:27:02,607 INFO     
2016-11-02 18:27:02,607 INFO     [min reward] 0.8133
2016-11-02 18:27:02,607 INFO     
