2017-08-17 17:21:45,397 INFO     BEGIN
2017-08-17 17:21:45,397 INFO     struct {
    trainer:
        improvement_threshold: 0.8
        use_curriculum: True
        name: 'CurriculumTrainer'
        max_timesteps: 100
        hints: 'resources/light/hints.indep.yaml'
    name: 'light_indep__2'
    recipes: 'resources/light/recipes.yaml'
    world:
        name: 'LightWorld'
    model:
        use_args: False
        seed: 2
        name: 'ModularACModel'
        max_subtask_timesteps: 100
        baseline: 'state'
    experiment_dir: 'experiments/light_indep__2'
}
2017-08-17 17:22:39,297 INFO     [max steps] 1
2017-08-17 17:31:04,872 INFO     [step] 50000
2017-08-17 17:31:04,872 INFO     [task] go[LL] 0.1 0.0
2017-08-17 17:31:04,872 INFO     [task] go[URU] 0.1 0.0
2017-08-17 17:31:04,872 INFO     [task] go[LLD] 0.1 0.0
2017-08-17 17:31:04,873 INFO     [task] go[LD] 0.1 0.0004095004095
2017-08-17 17:31:04,873 INFO     [task] go[UL] 0.1 0.000394788787998
2017-08-17 17:31:04,873 INFO     [task] go[DRU] 0.1 0.000778816199377
2017-08-17 17:31:04,873 INFO     [task] go[RD] 0.1 0.0
2017-08-17 17:31:04,873 INFO     [task] go[LUR] 0.1 0.00202593192869
2017-08-17 17:31:04,873 INFO     [task] go[RDD] 0.1 0.0
2017-08-17 17:31:04,873 INFO     [task] go[UR] 0.1 0.000200440970134
2017-08-17 17:31:04,873 INFO     
2017-08-17 17:31:04,873 INFO     [rollout0] [2, 1, 3, 3, 1, 3, 0, 0, 0, 0, 4, 1, 3, 5]
2017-08-17 17:31:04,873 INFO     [rollout1] [3, 0, 2, 3, 3, 3, 3, 3, 3, 3, 3, 3, 4, 3, 0, 3, 3, 3, 3, 4, 3, 4, 2, 3, 3, 4, 3, 3, 2, 2, 3, 4, 1, 1, 0, 3, 3, 3, 3, 3, 2, 3, 3, 3, 3, 3, 3, 0, 2, 5]
2017-08-17 17:31:04,873 INFO     [rollout2] [4, 4, 2, 0, 0, 4, 4, 0, 0, 0, 4, 4, 0, 0, 0, 0, 0, 0, 0, 0, 4, 4, 0, 4, 4, 0, 0, 4, 4, 0, 4, 4, 4, 2, 3, 0, 0, 0, 0, 0, 3, 4, 4, 0, 0, 3, 0, 3, 3, 3, 0, 0, 1, 0, 4, 2, 0, 1, 2, 1, 0, 0, 4, 1, 3, 1, 0, 4, 2, 3, 2, 3, 0, 3, 3, 4, 0, 4, 0, 3, 0, 0, 4, 4, 3, 1, 2, 2, 3, 0, 0, 0, 2, 0, 0, 2, 3, 2, 2, 6]
2017-08-17 17:31:04,873 INFO     [reward] 0.00038
2017-08-17 17:31:04,873 INFO     [error] [-0.00011369  0.00010634]
2017-08-17 17:31:04,874 INFO     
2017-08-17 17:31:04,874 INFO     [min reward] 0.0
2017-08-17 17:31:04,874 INFO     
2017-08-17 17:31:04,874 INFO     [max steps] 1
2017-08-17 17:39:00,776 INFO     [step] 100000
2017-08-17 17:39:00,776 INFO     [task] go[LL] 0.100037731838 0.0
2017-08-17 17:39:00,776 INFO     [task] go[URU] 0.100037731838 0.0
2017-08-17 17:39:00,776 INFO     [task] go[LLD] 0.100037731838 0.00140168201842
2017-08-17 17:39:00,776 INFO     [task] go[LD] 0.0999971719452 0.0
2017-08-17 17:39:00,776 INFO     [task] go[UL] 0.099998629091 0.00119760479042
2017-08-17 17:39:00,776 INFO     [task] go[DRU] 0.0999605922284 0.00141015310234
2017-08-17 17:39:00,776 INFO     [task] go[RD] 0.100037731838 0.0
2017-08-17 17:39:00,777 INFO     [task] go[LUR] 0.0998370688335 0.00178571428571
2017-08-17 17:39:00,777 INFO     [task] go[RDD] 0.100037731838 0.0
2017-08-17 17:39:00,777 INFO     [task] go[UR] 0.10001787871 0.0152899126291
2017-08-17 17:39:00,777 INFO     
2017-08-17 17:39:00,777 INFO     [rollout0] [1, 4, 4, 1, 3, 0, 1, 1, 0, 0, 1, 4, 1, 2, 2, 3, 3, 0, 1, 1, 3, 1, 3, 3, 1, 5]
2017-08-17 17:39:00,777 INFO     [rollout1] [2, 2, 2, 2, 2, 2, 2, 2, 2, 2, 2, 2, 2, 2, 2, 2, 2, 2, 2, 2, 2, 2, 2, 2, 2, 2, 2, 2, 2, 2, 2, 2, 4, 2, 2, 2, 2, 2, 2, 2, 2, 2, 2, 2, 2, 2, 2, 2, 2, 2, 2, 2, 2, 2, 2, 2, 2, 2, 2, 2, 2, 2, 2, 2, 2, 2, 2, 2, 2, 2, 2, 2, 2, 2, 2, 2, 2, 2, 2, 2, 2, 2, 2, 2, 2, 2, 2, 2, 2, 2, 2, 2, 1, 2, 2, 2, 2, 2, 2, 6]
2017-08-17 17:39:00,777 INFO     [rollout2] [1, 4, 5]
2017-08-17 17:39:00,777 INFO     [reward] 0.00212
2017-08-17 17:39:00,777 INFO     [error] [  3.02730916e-05   2.54292796e-05]
2017-08-17 17:39:00,777 INFO     
2017-08-17 17:39:00,777 INFO     [min reward] 0.0
2017-08-17 17:39:00,777 INFO     
2017-08-17 17:39:00,777 INFO     [max steps] 1
2017-08-17 17:45:59,870 INFO     [step] 150000
2017-08-17 17:45:59,870 INFO     [task] go[LL] 0.10020919977 0.0
2017-08-17 17:45:59,870 INFO     [task] go[URU] 0.10020919977 0.000201247735963
2017-08-17 17:45:59,870 INFO     [task] go[LLD] 0.100070129044 0.00161290322581
2017-08-17 17:45:59,870 INFO     [task] go[LD] 0.10020919977 0.0
2017-08-17 17:45:59,870 INFO     [task] go[UL] 0.10009037698 0.00180940892642
2017-08-17 17:45:59,870 INFO     [task] go[DRU] 0.100069288568 0.0330026321118
2017-08-17 17:45:59,870 INFO     [task] go[RD] 0.10020919977 0.0
2017-08-17 17:45:59,870 INFO     [task] go[LUR] 0.100032026503 0.000198412698413
2017-08-17 17:45:59,870 INFO     [task] go[RDD] 0.10020919977 0.0
2017-08-17 17:45:59,870 INFO     [task] go[UR] 0.0986921800577 0.0013916500994
2017-08-17 17:45:59,870 INFO     
2017-08-17 17:45:59,870 INFO     [rollout0] [4, 4, 4, 4, 4, 4, 4, 4, 4, 4, 4, 4, 4, 4, 4, 4, 4, 4, 4, 4, 4, 4, 3, 3, 4, 4, 4, 4, 3, 4, 4, 4, 4, 4, 2, 4, 4, 2, 4, 4, 4, 4, 4, 4, 4, 4, 4, 4, 4, 4, 4, 4, 4, 3, 4, 4, 4, 4, 4, 4, 5]
2017-08-17 17:45:59,870 INFO     [rollout1] [0, 0, 3, 2, 4, 4, 3, 0, 2, 2, 2, 3, 1, 3, 1, 2, 0, 0, 0, 4, 4, 3, 2, 0, 0, 0, 2, 0, 2, 0, 1, 0, 4, 2, 2, 4, 3, 1, 4, 4, 4, 3, 4, 4, 4, 1, 2, 3, 0, 4, 1, 0, 4, 3, 4, 0, 0, 1, 0, 0, 0, 0, 2, 0, 4, 0, 0, 4, 2, 4, 1, 0, 4, 1, 4, 4, 2, 4, 4, 3, 3, 3, 0, 1, 4, 0, 3, 2, 5]
2017-08-17 17:45:59,870 INFO     [rollout2] [2, 3, 3, 4, 4, 2, 3, 0, 2, 2, 4, 1, 0, 3, 5]
2017-08-17 17:45:59,870 INFO     [reward] 0.00378
2017-08-17 17:45:59,870 INFO     [error] [  3.41174674e-06   1.17684490e-05]
2017-08-17 17:45:59,871 INFO     
2017-08-17 17:45:59,871 INFO     [min reward] 0.0
2017-08-17 17:45:59,871 INFO     
2017-08-17 17:45:59,871 INFO     [max steps] 1
2017-08-17 17:53:16,213 INFO     [step] 219000
2017-08-17 17:53:16,213 INFO     [task] go[LL] 0.100379815903 0.0
2017-08-17 17:53:16,213 INFO     [task] go[URU] 0.100359814704 0.0
2017-08-17 17:53:16,213 INFO     [task] go[LLD] 0.100219515973 0.0
2017-08-17 17:53:16,213 INFO     [task] go[LD] 0.100379815903 0.0
2017-08-17 17:53:16,213 INFO     [task] go[UL] 0.100199986067 0.000435034802784
2017-08-17 17:53:16,213 INFO     [task] go[DRU] 0.0970998177489 0.138860103627
2017-08-17 17:53:16,213 INFO     [task] go[RD] 0.100379815903 0.0
2017-08-17 17:53:16,213 INFO     [task] go[LUR] 0.100360096467 0.019414703783
2017-08-17 17:53:16,213 INFO     [task] go[RDD] 0.100379815903 0.000142551674982
2017-08-17 17:53:16,213 INFO     [task] go[UR] 0.100241505427 0.0
2017-08-17 17:53:16,213 INFO     
2017-08-17 17:53:16,213 INFO     [rollout0] [4, 3, 4, 2, 1, 1, 0, 4, 3, 4, 4, 3, 4, 1, 5]
2017-08-17 17:53:16,213 INFO     [rollout1] [2, 4, 3, 0, 4, 1, 5]
2017-08-17 17:53:16,214 INFO     [rollout2] [1, 0, 0, 2, 5]
2017-08-17 17:53:16,214 INFO     [reward] 0.0156231884058
2017-08-17 17:53:16,214 INFO     [error] [ -7.93948393e-06   3.01849944e-06]
2017-08-17 17:53:16,214 INFO     
2017-08-17 17:53:16,214 INFO     [min reward] 0.0
2017-08-17 17:53:16,214 INFO     
2017-08-17 17:53:16,214 INFO     [max steps] 1
2017-08-17 18:03:57,141 INFO     [step] 353800
2017-08-17 18:03:57,141 INFO     [task] go[LL] 0.101597928128 0.0
2017-08-17 18:03:57,141 INFO     [task] go[URU] 0.101597928128 0.0
2017-08-17 18:03:57,142 INFO     [task] go[LLD] 0.101597928128 0.0
2017-08-17 18:03:57,142 INFO     [task] go[LD] 0.101597928128 0.0
2017-08-17 18:03:57,142 INFO     [task] go[UL] 0.101554167104 0.0
2017-08-17 18:03:57,142 INFO     [task] go[DRU] 0.0876297114669 0.157215189873
2017-08-17 18:03:57,142 INFO     [task] go[RD] 0.101597928128 0.0
2017-08-17 18:03:57,142 INFO     [task] go[LUR] 0.0996449640892 0.0574141048825
2017-08-17 18:03:57,142 INFO     [task] go[RDD] 0.101583588569 0.000221909904579
2017-08-17 18:03:57,142 INFO     [task] go[UR] 0.101597928128 0.0
2017-08-17 18:03:57,142 INFO     
2017-08-17 18:03:57,142 INFO     [rollout0] [3, 4, 1, 3, 5]
2017-08-17 18:03:57,142 INFO     [rollout1] [0, 3, 2, 2, 3, 0, 2, 2, 0, 2, 4, 2, 4, 5]
2017-08-17 18:03:57,142 INFO     [rollout2] [2, 0, 3, 3, 0, 5]
2017-08-17 18:03:57,142 INFO     [reward] 0.0194955489614
2017-08-17 18:03:57,142 INFO     [error] [  2.60264522e-06   3.03899019e-05]
2017-08-17 18:03:57,142 INFO     
2017-08-17 18:03:57,142 INFO     [min reward] 0.0
2017-08-17 18:03:57,143 INFO     
2017-08-17 18:03:57,143 INFO     [max steps] 1
2017-08-17 18:15:23,559 INFO     [step] 502300
2017-08-17 18:15:23,559 INFO     [task] go[LL] 0.102173474665 0.0
2017-08-17 18:15:23,559 INFO     [task] go[URU] 0.102173474665 0.0
2017-08-17 18:15:23,559 INFO     [task] go[LLD] 0.102173474665 0.0
2017-08-17 18:15:23,559 INFO     [task] go[LD] 0.102173474665 0.0
2017-08-17 18:15:23,559 INFO     [task] go[UL] 0.102173474665 0.0
2017-08-17 18:15:23,559 INFO     [task] go[DRU] 0.0862692942496 0.193781745421
2017-08-17 18:15:23,559 INFO     [task] go[RD] 0.102173474665 0.0
2017-08-17 18:15:23,559 INFO     [task] go[LUR] 0.0963653572485 0.0650412183876
2017-08-17 18:15:23,559 INFO     [task] go[RDD] 0.102151025847 0.0
2017-08-17 18:15:23,559 INFO     [task] go[UR] 0.102173474665 0.0
2017-08-17 18:15:23,559 INFO     
2017-08-17 18:15:23,559 INFO     [rollout0] [1, 0, 3, 4, 0, 1, 4, 1, 4, 0, 4, 1, 1, 1, 4, 1, 4, 4, 0, 2, 1, 0, 5]
2017-08-17 18:15:23,560 INFO     [rollout1] [5]
2017-08-17 18:15:23,560 INFO     [rollout2] [3, 3, 1, 4, 2, 4, 3, 0, 2, 1, 0, 0, 3, 4, 5]
2017-08-17 18:15:23,560 INFO     [reward] 0.0232255892256
2017-08-17 18:15:23,560 INFO     [error] [ -3.17752939e-06   4.74497001e-06]
2017-08-17 18:15:23,560 INFO     
2017-08-17 18:15:23,560 INFO     [min reward] 0.0
2017-08-17 18:15:23,560 INFO     
2017-08-17 18:15:23,560 INFO     [max steps] 1
2017-08-17 18:26:32,574 INFO     [step] 652700
2017-08-17 18:26:32,574 INFO     [task] go[LL] 0.102630000079 0.0
2017-08-17 18:26:32,574 INFO     [task] go[URU] 0.102630000079 0.0
2017-08-17 18:26:32,574 INFO     [task] go[LLD] 0.102630000079 0.0
2017-08-17 18:26:32,574 INFO     [task] go[LD] 0.102630000079 0.0
2017-08-17 18:26:32,575 INFO     [task] go[UL] 0.102630000079 0.0
2017-08-17 18:26:32,575 INFO     [task] go[DRU] 0.0829390886453 0.248303299789
2017-08-17 18:26:32,575 INFO     [task] go[RD] 0.102630000079 0.0
2017-08-17 18:26:32,575 INFO     [task] go[LUR] 0.0960209107241 0.064060652431
2017-08-17 18:26:32,575 INFO     [task] go[RDD] 0.102630000079 0.0
2017-08-17 18:26:32,575 INFO     [task] go[UR] 0.102630000079 0.0
2017-08-17 18:26:32,575 INFO     
2017-08-17 18:26:32,575 INFO     [rollout0] [4, 3, 4, 1, 2, 5]
2017-08-17 18:26:32,575 INFO     [rollout1] [0, 0, 1, 1, 0, 4, 2, 3, 4, 2, 3, 5]
2017-08-17 18:26:32,575 INFO     [rollout2] [2, 2, 0, 5]
2017-08-17 18:26:32,575 INFO     [reward] 0.0272872340426
2017-08-17 18:26:32,575 INFO     [error] [  3.10124065e-06   1.06229520e-05]
2017-08-17 18:26:32,575 INFO     
2017-08-17 18:26:32,575 INFO     [min reward] 0.0
2017-08-17 18:26:32,575 INFO     
2017-08-17 18:26:32,575 INFO     [max steps] 1
2017-08-17 18:37:50,726 INFO     [step] 808400
2017-08-17 18:37:50,727 INFO     [task] go[LL] 0.103191413644 0.0
2017-08-17 18:37:50,727 INFO     [task] go[URU] 0.103191413644 0.0
2017-08-17 18:37:50,727 INFO     [task] go[LLD] 0.103191413644 0.0
2017-08-17 18:37:50,727 INFO     [task] go[LD] 0.103191413644 0.0
2017-08-17 18:37:50,727 INFO     [task] go[UL] 0.103191413644 0.0
2017-08-17 18:37:50,727 INFO     [task] go[DRU] 0.0778223359034 0.257869949599
2017-08-17 18:37:50,727 INFO     [task] go[RD] 0.103191413644 6.30676084763e-05
2017-08-17 18:37:50,727 INFO     [task] go[LUR] 0.0966463549473 0.0667194092827
2017-08-17 18:37:50,727 INFO     [task] go[RDD] 0.103191413644 0.0
2017-08-17 18:37:50,727 INFO     [task] go[UR] 0.103191413644 6.19310088561e-05
2017-08-17 18:37:50,727 INFO     
2017-08-17 18:37:50,727 INFO     [rollout0] [2, 4, 5]
2017-08-17 18:37:50,727 INFO     [rollout1] [3, 2, 0, 2, 1, 3, 2, 3, 4, 1, 4, 4, 1, 0, 5]
2017-08-17 18:37:50,727 INFO     [rollout2] [3, 5]
2017-08-17 18:37:50,727 INFO     [reward] 0.0265574823378
2017-08-17 18:37:50,727 INFO     [error] [ -4.03596404e-06   8.22282923e-06]
2017-08-17 18:37:50,728 INFO     
2017-08-17 18:37:50,728 INFO     [min reward] 0.0
2017-08-17 18:37:50,728 INFO     
2017-08-17 18:37:50,728 INFO     [max steps] 1
2017-08-17 18:49:00,692 INFO     [step] 964000
2017-08-17 18:49:00,692 INFO     [task] go[LL] 0.103321788942 0.0
2017-08-17 18:49:00,692 INFO     [task] go[URU] 0.103321788942 0.0
2017-08-17 18:49:00,692 INFO     [task] go[LLD] 0.103321788942 0.0
2017-08-17 18:49:00,692 INFO     [task] go[LD] 0.103321788942 0.0
2017-08-17 18:49:00,692 INFO     [task] go[UL] 0.103321788942 6.18199802176e-05
2017-08-17 18:49:00,692 INFO     [task] go[DRU] 0.0769420023013 0.296477330187
2017-08-17 18:49:00,692 INFO     [task] go[RD] 0.103315337201 0.0
2017-08-17 18:49:00,692 INFO     [task] go[LUR] 0.0964964733732 0.0711700844391
2017-08-17 18:49:00,692 INFO     [task] go[RDD] 0.103321788942 0.0
2017-08-17 18:49:00,692 INFO     [task] go[UR] 0.103315453474 0.0
2017-08-17 18:49:00,692 INFO     
2017-08-17 18:49:00,692 INFO     [rollout0] [4, 5]
2017-08-17 18:49:00,692 INFO     [rollout1] [3, 2, 3, 4, 1, 1, 3, 3, 1, 0, 1, 1, 2, 2, 3, 3, 0, 2, 4, 1, 2, 0, 2, 1, 4, 0, 0, 3, 5]
2017-08-17 18:49:00,692 INFO     [rollout2] [0, 4, 2, 4, 3, 4, 2, 5]
2017-08-17 18:49:00,692 INFO     [reward] 0.029440874036
2017-08-17 18:49:00,693 INFO     [error] [ -1.42778691e-05   1.70717741e-05]
2017-08-17 18:49:00,693 INFO     
2017-08-17 18:49:00,693 INFO     [min reward] 0.0
2017-08-17 18:49:00,693 INFO     
2017-08-17 18:49:00,693 INFO     [max steps] 1
2017-08-17 19:00:12,662 INFO     [step] 1121900
2017-08-17 19:00:12,663 INFO     [task] go[LL] 0.103778239301 0.0
2017-08-17 19:00:12,663 INFO     [task] go[URU] 0.103778239301 0.0
2017-08-17 19:00:12,663 INFO     [task] go[LLD] 0.103778239301 0.0
2017-08-17 19:00:12,663 INFO     [task] go[LD] 0.103778239301 0.0
2017-08-17 19:00:12,663 INFO     [task] go[UL] 0.103771887253 0.0
2017-08-17 19:00:12,663 INFO     [task] go[DRU] 0.0733149766086 0.301568154403
2017-08-17 19:00:12,663 INFO     [task] go[RD] 0.103778239301 0.0
2017-08-17 19:00:12,663 INFO     [task] go[LUR] 0.0964654610299 0.0680700373795
2017-08-17 19:00:12,663 INFO     [task] go[RDD] 0.103778239301 0.0
2017-08-17 19:00:12,663 INFO     [task] go[UR] 0.103778239301 0.000120926295423
2017-08-17 19:00:12,663 INFO     
2017-08-17 19:00:12,663 INFO     [rollout0] [5]
2017-08-17 19:00:12,663 INFO     [rollout1] [0, 2, 5]
2017-08-17 19:00:12,663 INFO     [rollout2] [2, 0, 5]
2017-08-17 19:00:12,663 INFO     [reward] 0.0287523749208
2017-08-17 19:00:12,663 INFO     [error] [ -1.11147268e-05   1.03810694e-05]
2017-08-17 19:00:12,664 INFO     
2017-08-17 19:00:12,664 INFO     [min reward] 0.0
2017-08-17 19:00:12,664 INFO     
2017-08-17 19:00:12,664 INFO     [max steps] 1
2017-08-17 19:11:29,380 INFO     [step] 1278800
2017-08-17 19:11:29,380 INFO     [task] go[LL] 0.103800102408 0.0
2017-08-17 19:11:29,380 INFO     [task] go[URU] 0.103800102408 0.0
2017-08-17 19:11:29,380 INFO     [task] go[LLD] 0.103800102408 0.0
2017-08-17 19:11:29,380 INFO     [task] go[LD] 0.103800102408 6.14175162756e-05
2017-08-17 19:11:29,380 INFO     [task] go[UL] 0.103800102408 0.0
2017-08-17 19:11:29,380 INFO     [task] go[DRU] 0.0728072258636 0.311341991342
2017-08-17 19:11:29,380 INFO     [task] go[RD] 0.103800102408 0.0
2017-08-17 19:11:29,380 INFO     [task] go[LUR] 0.0968043827538 0.0662799791449
2017-08-17 19:11:29,380 INFO     [task] go[RDD] 0.103800102408 0.0
2017-08-17 19:11:29,380 INFO     [task] go[UR] 0.103787674525 0.0
2017-08-17 19:11:29,380 INFO     
2017-08-17 19:11:29,380 INFO     [rollout0] [0, 3, 0, 2, 0, 3, 1, 2, 2, 3, 1, 0, 4, 4, 1, 1, 2, 1, 3, 4, 4, 2, 3, 0, 2, 3, 4, 2, 2, 5]
2017-08-17 19:11:29,381 INFO     [rollout1] [1, 0, 1, 4, 3, 1, 4, 3, 4, 3, 4, 3, 2, 0, 1, 0, 0, 3, 4, 3, 2, 0, 0, 1, 1, 2, 5]
2017-08-17 19:11:29,381 INFO     [rollout2] [4, 5]
2017-08-17 19:11:29,381 INFO     [reward] 0.0294072657744
2017-08-17 19:11:29,381 INFO     [error] [ -1.82879309e-05   1.38296098e-05]
2017-08-17 19:11:29,381 INFO     
2017-08-17 19:11:29,381 INFO     [min reward] 0.0
2017-08-17 19:11:29,381 INFO     
2017-08-17 19:11:29,381 INFO     [max steps] 1
2017-08-17 19:23:17,982 INFO     [step] 1446000
2017-08-17 19:23:17,982 INFO     [task] go[LL] 0.103884705704 0.0
2017-08-17 19:23:17,982 INFO     [task] go[URU] 0.103884705704 0.0
2017-08-17 19:23:17,982 INFO     [task] go[LLD] 0.103884705704 0.0
2017-08-17 19:23:17,982 INFO     [task] go[LD] 0.103878388535 0.0
2017-08-17 19:23:17,982 INFO     [task] go[UL] 0.103884705704 0.0
2017-08-17 19:23:17,983 INFO     [task] go[DRU] 0.071861268928 0.307679310636
2017-08-17 19:23:17,983 INFO     [task] go[RD] 0.103884705704 0.0
2017-08-17 19:23:17,983 INFO     [task] go[LUR] 0.0970674026076 0.0662324895552
2017-08-17 19:23:17,983 INFO     [task] go[RDD] 0.103884705704 0.0
2017-08-17 19:23:17,983 INFO     [task] go[UR] 0.103884705704 0.0
2017-08-17 19:23:17,983 INFO     
2017-08-17 19:23:17,983 INFO     [rollout0] [2, 0, 0, 0, 2, 4, 0, 1, 1, 5]
2017-08-17 19:23:17,983 INFO     [rollout1] [2, 1, 5]
2017-08-17 19:23:17,983 INFO     [rollout2] [4, 5]
2017-08-17 19:23:17,983 INFO     [reward] 0.0282296650718
2017-08-17 19:23:17,983 INFO     [error] [ -8.94557157e-06   9.93937828e-06]
2017-08-17 19:23:17,983 INFO     
2017-08-17 19:23:17,983 INFO     [min reward] 0.0
2017-08-17 19:23:17,983 INFO     
2017-08-17 19:23:17,983 INFO     [max steps] 1
2017-08-17 19:34:39,909 INFO     [step] 1604500
2017-08-17 19:34:39,910 INFO     [task] go[LL] 0.103844421236 0.0
2017-08-17 19:34:39,910 INFO     [task] go[URU] 0.103844421236 0.0
2017-08-17 19:34:39,910 INFO     [task] go[LLD] 0.103844421236 0.0
2017-08-17 19:34:39,910 INFO     [task] go[LD] 0.103844421236 6.11209583766e-05
2017-08-17 19:34:39,910 INFO     [task] go[UL] 0.103844421236 0.0
2017-08-17 19:34:39,910 INFO     [task] go[DRU] 0.0722099856526 0.310776279848
2017-08-17 19:34:39,910 INFO     [task] go[RD] 0.103844421236 0.0
2017-08-17 19:34:39,910 INFO     [task] go[LUR] 0.097034644459 0.0704133524579
2017-08-17 19:34:39,910 INFO     [task] go[RDD] 0.103844421236 0.0
2017-08-17 19:34:39,910 INFO     [task] go[UR] 0.103844421236 0.0
2017-08-17 19:34:39,910 INFO     
2017-08-17 19:34:39,910 INFO     [rollout0] [0, 3, 2, 0, 5]
2017-08-17 19:34:39,910 INFO     [rollout1] [3, 5]
2017-08-17 19:34:39,910 INFO     [rollout2] [5]
2017-08-17 19:34:39,910 INFO     [reward] 0.029072555205
2017-08-17 19:34:39,910 INFO     [error] [ -5.97014387e-06   9.43818566e-06]
2017-08-17 19:34:39,911 INFO     
2017-08-17 19:34:39,911 INFO     [min reward] 0.0
2017-08-17 19:34:39,911 INFO     
2017-08-17 19:34:39,911 INFO     [max steps] 1
2017-08-17 19:45:58,602 INFO     [step] 1759900
2017-08-17 19:45:58,602 INFO     [task] go[LL] 0.103922837637 0.0
2017-08-17 19:45:58,602 INFO     [task] go[URU] 0.103922837637 0.0
2017-08-17 19:45:58,602 INFO     [task] go[LLD] 0.103922837637 0.0
2017-08-17 19:45:58,602 INFO     [task] go[LD] 0.103916548663 6.19770684847e-05
2017-08-17 19:45:58,602 INFO     [task] go[UL] 0.103922837637 0.0
2017-08-17 19:45:58,602 INFO     [task] go[DRU] 0.0719458545951 0.312375610639
2017-08-17 19:45:58,602 INFO     [task] go[RD] 0.103922837637 0.0
2017-08-17 19:45:58,602 INFO     [task] go[LUR] 0.0966777332852 0.064961023386
2017-08-17 19:45:58,602 INFO     [task] go[RDD] 0.103922837637 0.0
2017-08-17 19:45:58,602 INFO     [task] go[UR] 0.103922837637 0.00012411567581
2017-08-17 19:45:58,602 INFO     
2017-08-17 19:45:58,602 INFO     [rollout0] [3, 3, 4, 4, 5]
2017-08-17 19:45:58,602 INFO     [rollout1] [0, 4, 1, 4, 0, 5]
2017-08-17 19:45:58,602 INFO     [rollout2] [0, 3, 3, 0, 3, 4, 4, 5]
2017-08-17 19:45:58,602 INFO     [reward] 0.0285135135135
2017-08-17 19:45:58,603 INFO     [error] [  1.05900952e-06   8.52790803e-06]
2017-08-17 19:45:58,603 INFO     
2017-08-17 19:45:58,603 INFO     [min reward] 0.0
2017-08-17 19:45:58,603 INFO     
2017-08-17 19:45:58,603 INFO     [max steps] 1
2017-08-17 19:57:14,117 INFO     [step] 1914700
2017-08-17 19:57:14,117 INFO     [task] go[LL] 0.103882989038 0.0
2017-08-17 19:57:14,117 INFO     [task] go[URU] 0.103882989038 0.0
2017-08-17 19:57:14,117 INFO     [task] go[LLD] 0.103882989038 0.0
2017-08-17 19:57:14,117 INFO     [task] go[LD] 0.103876614421 0.0
2017-08-17 19:57:14,117 INFO     [task] go[UL] 0.103882989038 0.0
2017-08-17 19:57:14,117 INFO     [task] go[DRU] 0.0717537691018 0.315159099035
2017-08-17 19:57:14,117 INFO     [task] go[RD] 0.103882989038 0.000121691512017
2017-08-17 19:57:14,117 INFO     [task] go[LUR] 0.0972014590578 0.0688336520076
2017-08-17 19:57:14,117 INFO     [task] go[RDD] 0.103882989038 0.0
2017-08-17 19:57:14,118 INFO     [task] go[UR] 0.103870223189 0.00012417732522
2017-08-17 19:57:14,118 INFO     
2017-08-17 19:57:14,118 INFO     [rollout0] [1, 1, 1, 5]
2017-08-17 19:57:14,118 INFO     [rollout1] [3, 4, 5]
2017-08-17 19:57:14,118 INFO     [rollout2] [0, 0, 0, 4, 2, 4, 2, 3, 4, 5]
2017-08-17 19:57:14,118 INFO     [reward] 0.0295478036176
2017-08-17 19:57:14,118 INFO     [error] [  6.28201596e-06   1.57883461e-05]
2017-08-17 19:57:14,118 INFO     
2017-08-17 19:57:14,118 INFO     [min reward] 0.0
2017-08-17 19:57:14,118 INFO     
2017-08-17 19:57:14,118 INFO     [max steps] 1
2017-08-17 20:08:35,184 INFO     [step] 2068400
2017-08-17 20:08:35,184 INFO     [task] go[LL] 0.103954796797 0.0
2017-08-17 20:08:35,185 INFO     [task] go[URU] 0.103954796797 0.0
2017-08-17 20:08:35,185 INFO     [task] go[LLD] 0.103954796797 0.0
2017-08-17 20:08:35,185 INFO     [task] go[LD] 0.103954796797 6.24258692802e-05
2017-08-17 20:08:35,185 INFO     [task] go[UL] 0.103954796797 0.0
2017-08-17 20:08:35,185 INFO     [task] go[DRU] 0.0715168759071 0.315554746519
2017-08-17 20:08:35,185 INFO     [task] go[RD] 0.103942271632 0.000313853493189
2017-08-17 20:08:35,185 INFO     [task] go[LUR] 0.0968700558989 0.0682512282565
2017-08-17 20:08:35,185 INFO     [task] go[RDD] 0.103954796797 0.0
2017-08-17 20:08:35,185 INFO     [task] go[UR] 0.103942015779 0.0
2017-08-17 20:08:35,185 INFO     
2017-08-17 20:08:35,185 INFO     [rollout0] [5]
2017-08-17 20:08:35,185 INFO     [rollout1] [3, 1, 1, 1, 2, 5]
2017-08-17 20:08:35,185 INFO     [rollout2] [3, 1, 3, 5]
2017-08-17 20:08:35,185 INFO     [reward] 0.0292843201041
2017-08-17 20:08:35,185 INFO     [error] [ -3.12739883e-06   9.68498760e-06]
2017-08-17 20:08:35,185 INFO     
2017-08-17 20:08:35,186 INFO     [min reward] 0.0
2017-08-17 20:08:35,186 INFO     
2017-08-17 20:08:35,186 INFO     [max steps] 1
2017-08-17 20:19:55,094 INFO     [step] 2221700
2017-08-17 20:19:55,094 INFO     [task] go[LL] 0.10395419371 0.0
2017-08-17 20:19:55,094 INFO     [task] go[URU] 0.10395419371 0.0
2017-08-17 20:19:55,094 INFO     [task] go[LLD] 0.10395419371 0.0
2017-08-17 20:19:55,094 INFO     [task] go[LD] 0.10394776853 0.0
2017-08-17 20:19:55,094 INFO     [task] go[UL] 0.10395419371 0.0
2017-08-17 20:19:55,094 INFO     [task] go[DRU] 0.071475739011 0.316862890516
2017-08-17 20:19:55,094 INFO     [task] go[RD] 0.103921890356 0.000125557159897
2017-08-17 20:19:55,094 INFO     [task] go[LUR] 0.0969294398451 0.0675156660602
2017-08-17 20:19:55,094 INFO     [task] go[RDD] 0.10395419371 0.0
2017-08-17 20:19:55,094 INFO     [task] go[UR] 0.10395419371 0.000251145852954
2017-08-17 20:19:55,094 INFO     
2017-08-17 20:19:55,094 INFO     [rollout0] [5]
2017-08-17 20:19:55,095 INFO     [rollout1] [2, 1, 1, 0, 1, 0, 3, 0, 5]
2017-08-17 20:19:55,095 INFO     [rollout2] [4, 3, 1, 4, 0, 5]
2017-08-17 20:19:55,095 INFO     [reward] 0.028871493803
2017-08-17 20:19:55,095 INFO     [error] [ -6.94788948e-07   1.12921075e-05]
2017-08-17 20:19:55,095 INFO     
2017-08-17 20:19:55,095 INFO     [min reward] 0.0
2017-08-17 20:19:55,095 INFO     
2017-08-17 20:19:55,095 INFO     [max steps] 1
2017-08-17 20:31:18,661 INFO     [step] 2378100
2017-08-17 20:31:18,661 INFO     [task] go[LL] 0.103960324931 0.0
2017-08-17 20:31:18,661 INFO     [task] go[URU] 0.103960324931 0.0
2017-08-17 20:31:18,661 INFO     [task] go[LLD] 0.103960324931 0.0
2017-08-17 20:31:18,661 INFO     [task] go[LD] 0.103960324931 0.0
2017-08-17 20:31:18,661 INFO     [task] go[UL] 0.103960324931 0.0
2017-08-17 20:31:18,661 INFO     [task] go[DRU] 0.0713453060632 0.317912951355
2017-08-17 20:31:18,661 INFO     [task] go[RD] 0.103947401205 0.000185414091471
2017-08-17 20:31:18,661 INFO     [task] go[LUR] 0.0970108689099 0.0708278580815
2017-08-17 20:31:18,661 INFO     [task] go[RDD] 0.103960324931 0.0
2017-08-17 20:31:18,661 INFO     [task] go[UR] 0.103934474234 0.0
2017-08-17 20:31:18,661 INFO     
2017-08-17 20:31:18,661 INFO     [rollout0] [3, 2, 1, 3, 5]
2017-08-17 20:31:18,661 INFO     [rollout1] [0, 4, 0, 1, 3, 2, 5]
2017-08-17 20:31:18,661 INFO     [rollout2] [1, 0, 3, 5]
2017-08-17 20:31:18,661 INFO     [reward] 0.0299360613811
2017-08-17 20:31:18,662 INFO     [error] [ -2.36301954e-05   1.25278529e-05]
2017-08-17 20:31:18,662 INFO     
2017-08-17 20:31:18,662 INFO     [min reward] 0.0
2017-08-17 20:31:18,662 INFO     
2017-08-17 20:31:18,662 INFO     [max steps] 1
2017-08-17 20:42:38,302 INFO     [step] 2531900
2017-08-17 20:42:38,302 INFO     [task] go[LL] 0.104004976509 0.0
2017-08-17 20:42:38,302 INFO     [task] go[URU] 0.104004976509 0.0
2017-08-17 20:42:38,302 INFO     [task] go[LLD] 0.104004976509 0.0
2017-08-17 20:42:38,302 INFO     [task] go[LD] 0.104004976509 0.0
2017-08-17 20:42:38,302 INFO     [task] go[UL] 0.104004976509 6.22122682593e-05
2017-08-17 20:42:38,302 INFO     [task] go[DRU] 0.0712678190461 0.317679305619
2017-08-17 20:42:38,302 INFO     [task] go[RD] 0.103985883451 6.28338045869e-05
2017-08-17 20:42:38,302 INFO     [task] go[LUR] 0.0967114619388 0.0677097203728
2017-08-17 20:42:38,302 INFO     [task] go[RDD] 0.104004976509 0.0
2017-08-17 20:42:38,302 INFO     [task] go[UR] 0.104004976509 0.0
2017-08-17 20:42:38,302 INFO     
2017-08-17 20:42:38,303 INFO     [rollout0] [0, 5]
2017-08-17 20:42:38,303 INFO     [rollout1] [1, 2, 1, 0, 3, 0, 4, 3, 0, 1, 1, 5]
2017-08-17 20:42:38,303 INFO     [rollout2] [1, 5]
2017-08-17 20:42:38,303 INFO     [reward] 0.0292327698309
2017-08-17 20:42:38,303 INFO     [error] [ -3.42997049e-06   8.95746590e-06]
2017-08-17 20:42:38,303 INFO     
2017-08-17 20:42:38,303 INFO     [min reward] 0.0
2017-08-17 20:42:38,303 INFO     
2017-08-17 20:42:38,303 INFO     [max steps] 1
2017-08-17 20:54:00,326 INFO     [step] 2686600
2017-08-17 20:54:00,327 INFO     [task] go[LL] 0.103968445422 0.0
2017-08-17 20:54:00,327 INFO     [task] go[URU] 0.103968445422 0.0
2017-08-17 20:54:00,327 INFO     [task] go[LLD] 0.103968445422 0.0
2017-08-17 20:54:00,327 INFO     [task] go[LD] 0.103968445422 0.0
2017-08-17 20:54:00,327 INFO     [task] go[UL] 0.10396204135 0.0
2017-08-17 20:54:00,327 INFO     [task] go[DRU] 0.0712668379487 0.320392722032
2017-08-17 20:54:00,327 INFO     [task] go[RD] 0.103961977369 6.20886626102e-05
2017-08-17 20:54:00,327 INFO     [task] go[LUR] 0.096998470801 0.0679847609038
2017-08-17 20:54:00,327 INFO     [task] go[RDD] 0.103968445422 0.0
2017-08-17 20:54:00,327 INFO     [task] go[UR] 0.103968445422 0.0
2017-08-17 20:54:00,327 INFO     
2017-08-17 20:54:00,327 INFO     [rollout0] [1, 5]
2017-08-17 20:54:00,327 INFO     [rollout1] [2, 1, 3, 2, 5]
2017-08-17 20:54:00,327 INFO     [rollout2] [1, 2, 0, 5]
2017-08-17 20:54:00,327 INFO     [reward] 0.0296897220427
2017-08-17 20:54:00,327 INFO     [error] [ -3.28337739e-06   1.41168504e-05]
2017-08-17 20:54:00,328 INFO     
2017-08-17 20:54:00,328 INFO     [min reward] 0.0
2017-08-17 20:54:00,328 INFO     
2017-08-17 20:54:00,328 INFO     [max steps] 1
2017-08-17 21:05:18,743 INFO     [step] 2837300
2017-08-17 21:05:18,743 INFO     [task] go[LL] 0.103999764759 0.0
2017-08-17 21:05:18,743 INFO     [task] go[URU] 0.103999764759 0.0
2017-08-17 21:05:18,743 INFO     [task] go[LLD] 0.103999764759 0.0
2017-08-17 21:05:18,743 INFO     [task] go[LD] 0.103999764759 0.0
2017-08-17 21:05:18,743 INFO     [task] go[UL] 0.103999764759 6.33151829809e-05
2017-08-17 21:05:18,743 INFO     [task] go[DRU] 0.0710089056287 0.320659770758
2017-08-17 21:05:18,743 INFO     [task] go[RD] 0.103993371486 0.0
2017-08-17 21:05:18,743 INFO     [task] go[LUR] 0.09699936957 0.0644386494647
2017-08-17 21:05:18,743 INFO     [task] go[RDD] 0.103999764759 0.0
2017-08-17 21:05:18,743 INFO     [task] go[UR] 0.103999764759 0.0
2017-08-17 21:05:18,743 INFO     
2017-08-17 21:05:18,744 INFO     [rollout0] [0, 2, 4, 4, 3, 3, 3, 4, 1, 3, 1, 2, 2, 5]
2017-08-17 21:05:18,744 INFO     [rollout1] [5]
2017-08-17 21:05:18,744 INFO     [rollout2] [4, 4, 1, 0, 0, 4, 2, 5]
2017-08-17 21:05:18,744 INFO     [reward] 0.0290710019907
2017-08-17 21:05:18,744 INFO     [error] [  1.74671396e-05   1.06731036e-05]
2017-08-17 21:05:18,744 INFO     
2017-08-17 21:05:18,744 INFO     [min reward] 0.0
2017-08-17 21:05:18,744 INFO     
2017-08-17 21:05:18,744 INFO     [max steps] 1
2017-08-17 21:16:34,575 INFO     [step] 2988200
2017-08-17 21:16:34,575 INFO     [task] go[LL] 0.103964674706 0.0
2017-08-17 21:16:34,575 INFO     [task] go[URU] 0.103964674706 0.0
2017-08-17 21:16:34,575 INFO     [task] go[LLD] 0.103964674706 0.0
2017-08-17 21:16:34,575 INFO     [task] go[LD] 0.103964674706 6.34316523945e-05
2017-08-17 21:16:34,575 INFO     [task] go[UL] 0.103958157337 6.36172784528e-05
2017-08-17 21:16:34,575 INFO     [task] go[DRU] 0.0709574581138 0.312192351382
2017-08-17 21:16:34,575 INFO     [task] go[RD] 0.103964674706 0.0
2017-08-17 21:16:34,575 INFO     [task] go[LUR] 0.0973316616069 0.0702622128871
2017-08-17 21:16:34,576 INFO     [task] go[RDD] 0.103964674706 0.0
2017-08-17 21:16:34,576 INFO     [task] go[UR] 0.103964674706 0.0
2017-08-17 21:16:34,576 INFO     
2017-08-17 21:16:34,576 INFO     [rollout0] [3, 1, 0, 1, 4, 0, 3, 3, 5]
2017-08-17 21:16:34,576 INFO     [rollout1] [4, 5]
2017-08-17 21:16:34,576 INFO     [rollout2] [0, 4, 2, 1, 5]
2017-08-17 21:16:34,576 INFO     [reward] 0.0287408880053
2017-08-17 21:16:34,576 INFO     [error] [  1.21797499e-06   1.43090598e-05]
2017-08-17 21:16:34,576 INFO     
2017-08-17 21:16:34,576 INFO     [min reward] 0.0
2017-08-17 21:16:34,576 INFO     
2017-08-17 21:16:34,576 INFO     [max steps] 1
2017-08-17 21:27:45,009 INFO     [step] 3138700
2017-08-17 21:27:45,010 INFO     [task] go[LL] 0.103937070505 0.0
2017-08-17 21:27:45,010 INFO     [task] go[URU] 0.103937070505 0.0
2017-08-17 21:27:45,010 INFO     [task] go[LLD] 0.103937070505 0.0
2017-08-17 21:27:45,010 INFO     [task] go[LD] 0.103930542882 0.0
2017-08-17 21:27:45,010 INFO     [task] go[UL] 0.103930523779 0.0
2017-08-17 21:27:45,010 INFO     [task] go[DRU] 0.0718099829442 0.315931760977
2017-08-17 21:27:45,010 INFO     [task] go[RD] 0.103937070505 0.0
2017-08-17 21:27:45,010 INFO     [task] go[LUR] 0.0967065273622 0.0694964911085
2017-08-17 21:27:45,010 INFO     [task] go[RDD] 0.103937070505 0.0
2017-08-17 21:27:45,010 INFO     [task] go[UR] 0.103937070505 0.000255819902788
2017-08-17 21:27:45,010 INFO     
2017-08-17 21:27:45,010 INFO     [rollout0] [0, 3, 5]
2017-08-17 21:27:45,010 INFO     [rollout1] [4, 0, 5]
2017-08-17 21:27:45,010 INFO     [rollout2] [5]
2017-08-17 21:27:45,010 INFO     [reward] 0.0293222591362
2017-08-17 21:27:45,010 INFO     [error] [  1.41417941e-06   1.26926537e-05]
2017-08-17 21:27:45,011 INFO     
2017-08-17 21:27:45,011 INFO     [min reward] 0.0
2017-08-17 21:27:45,011 INFO     
