2016-10-26 16:45:06,153 INFO     BEGIN
2016-10-26 16:45:06,153 INFO     struct {
    trainer:
        improvement_threshold: 0.8
        use_curriculum: True
        name: 'CurriculumTrainer'
        max_timesteps: 100
        hints: 'resources/light/hints.indep.yaml'
    name: 'light_indep'
    recipes: 'resources/light/recipes.yaml'
    world:
        name: 'LightWorld'
    model:
        use_args: False
        name: 'ModularACModel'
        max_subtask_timesteps: 100
        baseline: 'state'
    experiment_dir: 'experiments/light_indep'
}
2016-10-26 16:46:02,288 INFO     [max steps] 1
2016-10-26 16:53:56,132 INFO     [step] 50000
2016-10-26 16:53:56,132 INFO     [task] go[LL] 0.1 0.022044479126
2016-10-26 16:53:56,132 INFO     [task] go[URU] 0.1 0.0
2016-10-26 16:53:56,132 INFO     [task] go[LLD] 0.1 0.0
2016-10-26 16:53:56,133 INFO     [task] go[LD] 0.1 0.013923013923
2016-10-26 16:53:56,133 INFO     [task] go[UL] 0.1 0.000197394393999
2016-10-26 16:53:56,133 INFO     [task] go[DRU] 0.1 0.0173286604361
2016-10-26 16:53:56,133 INFO     [task] go[RD] 0.1 0.0026525198939
2016-10-26 16:53:56,133 INFO     [task] go[LUR] 0.1 0.017017828201
2016-10-26 16:53:56,133 INFO     [task] go[RDD] 0.1 0.0
2016-10-26 16:53:56,133 INFO     [task] go[UR] 0.1 0.0204449789537
2016-10-26 16:53:56,133 INFO     
2016-10-26 16:53:56,133 INFO     [rollout0] [1, 0, 3, 4, 1, 4, 0, 0, 0, 0, 5]
2016-10-26 16:53:56,133 INFO     [rollout1] [3, 0, 0, 3, 3, 3, 3, 4, 4, 3, 4, 3, 4, 3, 0, 2, 3, 3, 3, 4, 3, 4, 0, 3, 3, 4, 3, 3, 0, 0, 3, 4, 0, 0, 0, 3, 4, 2, 4, 3, 0, 4, 2, 1, 3, 4, 3, 0, 1, 5]
2016-10-26 16:53:56,133 INFO     [rollout2] [4, 4, 4, 3, 1, 4, 4, 0, 4, 3, 4, 4, 4, 0, 3, 3, 1, 3, 3, 0, 4, 4, 3, 4, 4, 0, 3, 4, 4, 3, 4, 4, 4, 4, 4, 4, 0, 3, 1, 4, 4, 4, 4, 4, 1, 4, 4, 4, 4, 4, 4, 0, 4, 3, 4, 4, 3, 4, 4, 3, 3, 0, 4, 4, 4, 3, 3, 4, 4, 4, 4, 4, 0, 4, 4, 4, 3, 4, 0, 4, 3, 3, 4, 5]
2016-10-26 16:53:56,133 INFO     [reward] 0.0094
2016-10-26 16:53:56,133 INFO     [error] [-0.00012126  0.00014986]
2016-10-26 16:53:56,134 INFO     
2016-10-26 16:53:56,134 INFO     [min reward] 0.0
2016-10-26 16:53:56,134 INFO     
2016-10-26 16:53:56,134 INFO     [max steps] 1
2016-10-26 17:00:41,529 INFO     [step] 100000
2016-10-26 17:00:41,529 INFO     [task] go[LL] 0.0987324509431 0.0466067048242
2016-10-26 17:00:41,529 INFO     [task] go[URU] 0.100935490865 0.000393700787402
2016-10-26 17:00:41,529 INFO     [task] go[LLD] 0.100935490865 0.000793650793651
2016-10-26 17:00:41,530 INFO     [task] go[LD] 0.099544078742 0.00624622204312
2016-10-26 17:00:41,530 INFO     [task] go[UL] 0.100915764034 0.0
2016-10-26 17:00:41,530 INFO     [task] go[DRU] 0.0992037316108 0.064979757085
2016-10-26 17:00:41,530 INFO     [task] go[RD] 0.100670408294 0.000808244089715
2016-10-26 17:00:41,530 INFO     [task] go[LUR] 0.0992347949813 0.0273289447437
2016-10-26 17:00:41,530 INFO     [task] go[RDD] 0.100935490865 0.000391772771792
2016-10-26 17:00:41,530 INFO     [task] go[UR] 0.0988922987996 0.0120481927711
2016-10-26 17:00:41,530 INFO     
2016-10-26 17:00:41,530 INFO     [rollout0] [2, 2, 3, 2, 2, 2, 4, 5]
2016-10-26 17:00:41,530 INFO     [rollout1] [4, 1, 1, 4, 0, 0, 2, 0, 1, 1, 2, 4, 3, 4, 1, 0, 0, 4, 2, 0, 0, 2, 0, 3, 0, 4, 2, 0, 0, 2, 1, 4, 4, 4, 0, 4, 0, 4, 2, 2, 1, 4, 1, 4, 2, 0, 2, 0, 2, 2, 0, 1, 0, 2, 4, 1, 0, 0, 3, 4, 4, 2, 4, 4, 4, 3, 1, 3, 2, 2, 3, 2, 3, 1, 0, 1, 0, 3, 1, 0, 1, 2, 4, 1, 1, 4, 4, 1, 4, 0, 1, 3, 0, 1, 1, 2, 3, 3, 1, 6]
2016-10-26 17:00:41,530 INFO     [rollout2] [3, 5]
2016-10-26 17:00:41,530 INFO     [reward] 0.01578
2016-10-26 17:00:41,530 INFO     [error] [ -7.42846859e-06   1.29426579e-05]
2016-10-26 17:00:41,531 INFO     
2016-10-26 17:00:41,531 INFO     [min reward] 0.0
2016-10-26 17:00:41,531 INFO     
2016-10-26 17:00:41,531 INFO     [max steps] 1
2016-10-26 17:07:13,659 INFO     [step] 158300
2016-10-26 17:07:13,659 INFO     [task] go[LL] 0.096916927169 0.1952170062
2016-10-26 17:07:13,659 INFO     [task] go[URU] 0.101565934349 0.0
2016-10-26 17:07:13,659 INFO     [task] go[LLD] 0.10152569956 0.000169779286927
2016-10-26 17:07:13,659 INFO     [task] go[LD] 0.100977173373 0.0441732554142
2016-10-26 17:07:13,659 INFO     [task] go[UL] 0.101605540469 0.00050778605281
2016-10-26 17:07:13,659 INFO     [task] go[DRU] 0.0950686064709 0.157129881926
2016-10-26 17:07:13,660 INFO     [task] go[RD] 0.101524231481 0.000329597890574
2016-10-26 17:07:13,660 INFO     [task] go[LUR] 0.0988562610621 0.0557382724598
2016-10-26 17:07:13,660 INFO     [task] go[RDD] 0.101566128307 0.000338352224666
2016-10-26 17:07:13,660 INFO     [task] go[UR] 0.100393497758 0.0260663507109
2016-10-26 17:07:13,660 INFO     
2016-10-26 17:07:13,660 INFO     [rollout0] [0, 0, 0, 5]
2016-10-26 17:07:13,660 INFO     [rollout1] [1, 2, 1, 1, 5]
2016-10-26 17:07:13,660 INFO     [rollout2] [4, 3, 4, 4, 4, 3, 3, 3, 0, 0, 0, 0, 3, 4, 3, 4, 4, 4, 4, 3, 5]
2016-10-26 17:07:13,660 INFO     [reward] 0.0464493996569
2016-10-26 17:07:13,660 INFO     [error] [ -3.73712285e-05   3.01209903e-05]
2016-10-26 17:07:13,660 INFO     
2016-10-26 17:07:13,660 INFO     [min reward] 0.0
2016-10-26 17:07:13,660 INFO     
2016-10-26 17:07:13,661 INFO     [max steps] 1
2016-10-26 17:16:00,127 INFO     [step] 257500
2016-10-26 17:16:00,128 INFO     [task] go[LL] 0.0846938740872 0.239922993623
2016-10-26 17:16:00,128 INFO     [task] go[URU] 0.104986006678 0.0
2016-10-26 17:16:00,128 INFO     [task] go[LLD] 0.104968358708 0.0
2016-10-26 17:16:00,128 INFO     [task] go[LD] 0.100394349561 0.100251382604
2016-10-26 17:16:00,128 INFO     [task] go[UL] 0.104933224074 0.0
2016-10-26 17:16:00,128 INFO     [task] go[DRU] 0.0886528989223 0.191362201173
2016-10-26 17:16:00,128 INFO     [task] go[RD] 0.104951746117 0.000190023752969
2016-10-26 17:16:00,128 INFO     [task] go[LUR] 0.0991922060396 0.0616056023546
2016-10-26 17:16:00,128 INFO     [task] go[RDD] 0.104950836134 0.0
2016-10-26 17:16:00,128 INFO     [task] go[UR] 0.102276499678 0.133894111826
2016-10-26 17:16:00,128 INFO     
2016-10-26 17:16:00,128 INFO     [rollout0] [2, 2, 2, 2, 0, 2, 2, 2, 2, 2, 2, 2, 5]
2016-10-26 17:16:00,128 INFO     [rollout1] [5]
2016-10-26 17:16:00,128 INFO     [rollout2] [2, 5]
2016-10-26 17:16:00,128 INFO     [reward] 0.0670362903226
2016-10-26 17:16:00,128 INFO     [error] [  3.42794567e-07   3.13024217e-05]
2016-10-26 17:16:00,129 INFO     
2016-10-26 17:16:00,129 INFO     [min reward] 0.0
2016-10-26 17:16:00,129 INFO     
2016-10-26 17:16:00,129 INFO     [max steps] 1
2016-10-26 17:26:07,954 INFO     [step] 391100
2016-10-26 17:26:07,954 INFO     [task] go[LL] 0.0821610584321 0.241700223714
2016-10-26 17:26:07,955 INFO     [task] go[URU] 0.107758923237 0.0
2016-10-26 17:26:07,955 INFO     [task] go[LLD] 0.107758923237 0.0
2016-10-26 17:26:07,955 INFO     [task] go[LD] 0.0970629024025 0.191718266254
2016-10-26 17:26:07,955 INFO     [task] go[UL] 0.107758923237 6.92664681028e-05
2016-10-26 17:26:07,955 INFO     [task] go[DRU] 0.0873421066558 0.216354344123
2016-10-26 17:26:07,955 INFO     [task] go[RD] 0.107738649222 0.000278570931123
2016-10-26 17:26:07,955 INFO     [task] go[LUR] 0.101186098113 0.0670686318297
2016-10-26 17:26:07,955 INFO     [task] go[RDD] 0.107758923237 0.0
2016-10-26 17:26:07,955 INFO     [task] go[UR] 0.0934734922286 0.303724004514
2016-10-26 17:26:07,955 INFO     
2016-10-26 17:26:07,955 INFO     [rollout0] [0, 0, 0, 3, 3, 3, 3, 0, 0, 4, 0, 3, 3, 3, 3, 5]
2016-10-26 17:26:07,955 INFO     [rollout1] [0, 0, 0, 3, 3, 3, 3, 3, 0, 0, 0, 0, 3, 5]
2016-10-26 17:26:07,955 INFO     [rollout2] [3, 0, 5]
2016-10-26 17:26:07,955 INFO     [reward] 0.092754491018
2016-10-26 17:26:07,955 INFO     [error] [ -3.79112148e-05   3.93858596e-05]
2016-10-26 17:26:07,955 INFO     
2016-10-26 17:26:07,956 INFO     [min reward] 0.0
2016-10-26 17:26:07,956 INFO     
2016-10-26 17:26:07,956 INFO     [max steps] 1
2016-10-26 17:36:34,426 INFO     [step] 537600
2016-10-26 17:36:34,426 INFO     [task] go[LL] 0.0846230245768 0.245796442206
2016-10-26 17:36:34,426 INFO     [task] go[URU] 0.111244669673 0.0
2016-10-26 17:36:34,426 INFO     [task] go[LLD] 0.111244669673 0.0
2016-10-26 17:36:34,426 INFO     [task] go[LD] 0.090128199178 0.195164601232
2016-10-26 17:36:34,426 INFO     [task] go[UL] 0.11123704044 0.0
2016-10-26 17:36:34,426 INFO     [task] go[DRU] 0.0874147018072 0.272628726287
2016-10-26 17:36:34,426 INFO     [task] go[RD] 0.111213986969 0.000306297476109
2016-10-26 17:36:34,426 INFO     [task] go[LUR] 0.103857513442 0.0660178853235
2016-10-26 17:36:34,426 INFO     [task] go[RDD] 0.111244669673 0.0
2016-10-26 17:36:34,426 INFO     [task] go[UR] 0.0777915245699 0.580716497125
2016-10-26 17:36:34,426 INFO     
2016-10-26 17:36:34,427 INFO     [rollout0] [5]
2016-10-26 17:36:34,427 INFO     [rollout1] [5]
2016-10-26 17:36:34,427 INFO     [rollout2] [2, 0, 4, 5]
2016-10-26 17:36:34,427 INFO     [reward] 0.113911262799
2016-10-26 17:36:34,427 INFO     [error] [ -2.67750477e-05   4.44349452e-05]
2016-10-26 17:36:34,427 INFO     
2016-10-26 17:36:34,427 INFO     [min reward] 0.0
2016-10-26 17:36:34,427 INFO     
2016-10-26 17:36:34,427 INFO     [max steps] 1
2016-10-26 17:47:06,696 INFO     [step] 686700
2016-10-26 17:47:06,697 INFO     [task] go[LL] 0.0874437856634 0.243309940618
2016-10-26 17:47:06,697 INFO     [task] go[URU] 0.115568977165 0.0
2016-10-26 17:47:06,697 INFO     [task] go[LLD] 0.115568977165 0.0
2016-10-26 17:47:06,697 INFO     [task] go[LD] 0.0932373203895 0.223485946103
2016-10-26 17:47:06,697 INFO     [task] go[UL] 0.115568977165 0.0
2016-10-26 17:47:06,697 INFO     [task] go[DRU] 0.0843735088057 0.289944047249
2016-10-26 17:47:06,697 INFO     [task] go[RD] 0.115533929159 0.0
2016-10-26 17:47:06,697 INFO     [task] go[LUR] 0.10801489847 0.06570155902
2016-10-26 17:47:06,697 INFO     [task] go[RDD] 0.115568977165 0.0
2016-10-26 17:47:06,697 INFO     [task] go[UR] 0.0491206488525 0.719860533727
2016-10-26 17:47:06,697 INFO     
2016-10-26 17:47:06,697 INFO     [rollout0] [5]
2016-10-26 17:47:06,697 INFO     [rollout1] [0, 3, 3, 2, 4, 4, 4, 4, 4, 3, 4, 5]
2016-10-26 17:47:06,697 INFO     [rollout2] [1, 4, 5]
2016-10-26 17:47:06,697 INFO     [reward] 0.11
2016-10-26 17:47:06,697 INFO     [error] [ -2.64903865e-05   4.61333103e-05]
2016-10-26 17:47:06,698 INFO     
2016-10-26 17:47:06,698 INFO     [min reward] 0.0
2016-10-26 17:47:06,698 INFO     
2016-10-26 17:47:06,698 INFO     [max steps] 1
2016-10-26 17:57:08,108 INFO     [step] 821200
2016-10-26 17:57:08,108 INFO     [task] go[LL] 0.0895906891988 0.231060925255
2016-10-26 17:57:08,108 INFO     [task] go[URU] 0.118022393774 0.0
2016-10-26 17:57:08,108 INFO     [task] go[LLD] 0.118022393774 0.0
2016-10-26 17:57:08,108 INFO     [task] go[LD] 0.0919071993839 0.439421044072
2016-10-26 17:57:08,108 INFO     [task] go[UL] 0.118022393774 0.0
2016-10-26 17:57:08,108 INFO     [task] go[DRU] 0.0841413140542 0.307836486969
2016-10-26 17:57:08,108 INFO     [task] go[RD] 0.118022393774 6.35162601626e-05
2016-10-26 17:57:08,108 INFO     [task] go[LUR] 0.110344913308 0.0675630699594
2016-10-26 17:57:08,108 INFO     [task] go[RDD] 0.118022393774 0.0
2016-10-26 17:57:08,108 INFO     [task] go[UR] 0.033903915186 0.775021949078
2016-10-26 17:57:08,108 INFO     
2016-10-26 17:57:08,108 INFO     [rollout0] [2, 3, 4, 0, 5]
2016-10-26 17:57:08,109 INFO     [rollout1] [3, 2, 2, 1, 2, 3, 5]
2016-10-26 17:57:08,109 INFO     [rollout2] [0, 3, 2, 4, 2, 2, 4, 5]
2016-10-26 17:57:08,109 INFO     [reward] 0.120014869888
2016-10-26 17:57:08,109 INFO     [error] [ -4.16314832e-05   6.13052151e-05]
2016-10-26 17:57:08,109 INFO     
2016-10-26 17:57:08,109 INFO     [min reward] 0.0
2016-10-26 17:57:08,109 INFO     
2016-10-26 17:57:08,109 INFO     [max steps] 1
2016-10-26 18:07:44,570 INFO     [step] 966400
2016-10-26 18:07:44,570 INFO     [task] go[LL] 0.0940857554203 0.246841950646
2016-10-26 18:07:44,570 INFO     [task] go[URU] 0.121994923679 0.0
2016-10-26 18:07:44,570 INFO     [task] go[LLD] 0.121994923679 0.0
2016-10-26 18:07:44,570 INFO     [task] go[LD] 0.0689185506748 0.614934999496
2016-10-26 18:07:44,570 INFO     [task] go[UL] 0.121994923679 5.61324726354e-05
2016-10-26 18:07:44,570 INFO     [task] go[DRU] 0.084812261567 0.303957271182
2016-10-26 18:07:44,570 INFO     [task] go[RD] 0.121987251738 0.000112650670271
2016-10-26 18:07:44,570 INFO     [task] go[LUR] 0.113834179557 0.0683516617048
2016-10-26 18:07:44,570 INFO     [task] go[RDD] 0.121994923679 0.0
2016-10-26 18:07:44,570 INFO     [task] go[UR] 0.0283823063253 0.813538308951
2016-10-26 18:07:44,570 INFO     
2016-10-26 18:07:44,570 INFO     [rollout0] [0, 0, 5]
2016-10-26 18:07:44,571 INFO     [rollout1] [3, 1, 1, 3, 1, 2, 4, 5]
2016-10-26 18:07:44,571 INFO     [rollout2] [2, 2, 2, 2, 2, 2, 2, 2, 2, 2, 5]
2016-10-26 18:07:44,571 INFO     [reward] 0.121404958678
2016-10-26 18:07:44,571 INFO     [error] [ -1.67182727e-05   4.81285190e-05]
2016-10-26 18:07:44,571 INFO     
2016-10-26 18:07:44,571 INFO     [min reward] 0.0
2016-10-26 18:07:44,571 INFO     
2016-10-26 18:07:44,571 INFO     [max steps] 1
2016-10-26 18:18:33,856 INFO     [step] 1115600
2016-10-26 18:18:33,857 INFO     [task] go[LL] 0.0947762578627 0.241929737048
2016-10-26 18:18:33,857 INFO     [task] go[URU] 0.125431449648 0.0
2016-10-26 18:18:33,857 INFO     [task] go[LLD] 0.125431449648 0.0
2016-10-26 18:18:33,857 INFO     [task] go[LD] 0.049062946256 0.65630936228
2016-10-26 18:18:33,857 INFO     [task] go[UL] 0.125424478582 0.0
2016-10-26 18:18:33,857 INFO     [task] go[DRU] 0.0876831316727 0.312308634415
2016-10-26 18:18:33,857 INFO     [task] go[RD] 0.125417459612 0.00010664960273
2016-10-26 18:18:33,857 INFO     [task] go[LUR] 0.116942887259 0.0661175932281
2016-10-26 18:18:33,857 INFO     [task] go[RDD] 0.125431449648 0.0
2016-10-26 18:18:33,857 INFO     [task] go[UR] 0.0243984898105 0.810706401766
2016-10-26 18:18:33,857 INFO     
2016-10-26 18:18:33,857 INFO     [rollout0] [3, 4, 3, 1, 0, 2, 2, 1, 0, 1, 0, 3, 3, 4, 3, 2, 2, 3, 0, 2, 1, 0, 1, 1, 0, 3, 2, 3, 3, 1, 1, 3, 0, 2, 3, 1, 3, 4, 0, 0, 3, 0, 1, 3, 4, 0, 1, 3, 0, 1, 2, 3, 3, 2, 3, 3, 2, 2, 1, 3, 3, 0, 0, 2, 1, 4, 2, 3, 4, 2, 4, 1, 0, 1, 1, 1, 5]
2016-10-26 18:18:33,857 INFO     [rollout1] [0, 4, 2, 2, 5]
2016-10-26 18:18:33,857 INFO     [rollout2] [4, 0, 2, 2, 1, 2, 1, 1, 1, 1, 2, 2, 0, 4, 1, 2, 1, 1, 1, 1, 5]
2016-10-26 18:18:33,857 INFO     [reward] 0.109973190349
2016-10-26 18:18:33,857 INFO     [error] [ -3.47458975e-06   4.39573517e-05]
2016-10-26 18:18:33,858 INFO     
2016-10-26 18:18:33,858 INFO     [min reward] 0.0
2016-10-26 18:18:33,858 INFO     
2016-10-26 18:18:33,858 INFO     [max steps] 1
2016-10-26 18:29:17,385 INFO     [step] 1260600
2016-10-26 18:29:17,386 INFO     [task] go[LL] 0.0958587445025 0.243996846104
2016-10-26 18:29:17,386 INFO     [task] go[URU] 0.12605270197 0.0
2016-10-26 18:29:17,386 INFO     [task] go[LLD] 0.12605270197 0.0
2016-10-26 18:29:17,386 INFO     [task] go[LD] 0.0441422381644 0.776757934039
2016-10-26 18:29:17,386 INFO     [task] go[UL] 0.12605270197 0.0
2016-10-26 18:29:17,386 INFO     [task] go[DRU] 0.0870751304681 0.308143169741
2016-10-26 18:29:17,386 INFO     [task] go[RD] 0.126039391603 0.0
2016-10-26 18:29:17,386 INFO     [task] go[LUR] 0.11780091853 0.0690397254697
2016-10-26 18:29:17,386 INFO     [task] go[RDD] 0.12605270197 0.0
2016-10-26 18:29:17,386 INFO     [task] go[UR] 0.0248727688541 0.816905363662
2016-10-26 18:29:17,386 INFO     
2016-10-26 18:29:17,386 INFO     [rollout0] [1, 5]
2016-10-26 18:29:17,386 INFO     [rollout1] [0, 2, 4, 2, 2, 1, 2, 2, 2, 2, 1, 1, 1, 2, 1, 1, 1, 1, 5]
2016-10-26 18:29:17,386 INFO     [rollout2] [0, 0, 0, 3, 5]
2016-10-26 18:29:17,386 INFO     [reward] 0.113351724138
2016-10-26 18:29:17,386 INFO     [error] [ -6.95543042e-06   4.90621932e-05]
2016-10-26 18:29:17,387 INFO     
2016-10-26 18:29:17,387 INFO     [min reward] 0.0
2016-10-26 18:29:17,387 INFO     
2016-10-26 18:29:17,387 INFO     [max steps] 1
2016-10-26 18:40:04,143 INFO     [step] 1408600
2016-10-26 18:40:04,143 INFO     [task] go[LL] 0.0971449468522 0.249948513764
2016-10-26 18:40:04,143 INFO     [task] go[URU] 0.128088762849 0.0
2016-10-26 18:40:04,143 INFO     [task] go[LLD] 0.128088762849 0.0
2016-10-26 18:40:04,143 INFO     [task] go[LD] 0.0295798887854 0.82320694381
2016-10-26 18:40:04,143 INFO     [task] go[UL] 0.128088762849 0.0
2016-10-26 18:40:04,143 INFO     [task] go[DRU] 0.0890098743414 0.313653995345
2016-10-26 18:40:04,143 INFO     [task] go[RD] 0.128088762849 5.29801324503e-05
2016-10-26 18:40:04,143 INFO     [task] go[LUR] 0.11933310639 0.0640090472152
2016-10-26 18:40:04,143 INFO     [task] go[RDD] 0.128088762849 0.0
2016-10-26 18:40:04,143 INFO     [task] go[UR] 0.0244883693874 0.833289714734
2016-10-26 18:40:04,143 INFO     
2016-10-26 18:40:04,143 INFO     [rollout0] [1, 4, 5]
2016-10-26 18:40:04,143 INFO     [rollout1] [4, 0, 3, 2, 4, 5]
2016-10-26 18:40:04,143 INFO     [rollout2] [2, 3, 1, 2, 3, 0, 2, 1, 3, 1, 1, 5]
2016-10-26 18:40:04,144 INFO     [reward] 0.105439189189
2016-10-26 18:40:04,144 INFO     [error] [ -2.83047345e-05   4.35029713e-05]
2016-10-26 18:40:04,144 INFO     
2016-10-26 18:40:04,144 INFO     [min reward] 0.0
2016-10-26 18:40:04,144 INFO     
2016-10-26 18:40:04,144 INFO     [max steps] 1
2016-10-26 18:49:47,050 INFO     [step] 1533400
2016-10-26 18:49:47,050 INFO     [task] go[LL] 0.0972450309172 0.311287550135
2016-10-26 18:49:47,050 INFO     [task] go[URU] 0.129224773591 0.0
2016-10-26 18:49:47,050 INFO     [task] go[LLD] 0.129224773591 0.0
2016-10-26 18:49:47,050 INFO     [task] go[LD] 0.0238992974203 0.841927873273
2016-10-26 18:49:47,050 INFO     [task] go[UL] 0.129224773591 0.0
2016-10-26 18:49:47,050 INFO     [task] go[DRU] 0.0890942126659 0.306713589605
2016-10-26 18:49:47,050 INFO     [task] go[RD] 0.129217995031 6.20193500372e-05
2016-10-26 18:49:47,050 INFO     [task] go[LUR] 0.121035115537 0.0650454337452
2016-10-26 18:49:47,050 INFO     [task] go[RDD] 0.129224773591 0.0
2016-10-26 18:49:47,050 INFO     [task] go[UR] 0.022609254064 0.841660802252
2016-10-26 18:49:47,050 INFO     
2016-10-26 18:49:47,050 INFO     [rollout0] [3, 4, 5]
2016-10-26 18:49:47,051 INFO     [rollout1] [2, 2, 2, 1, 1, 1, 1, 1, 1, 1, 1, 2, 2, 2, 1, 1, 1, 1, 5]
2016-10-26 18:49:47,051 INFO     [rollout2] [4, 4, 0, 1, 2, 4, 4, 2, 1, 1, 5]
2016-10-26 18:49:47,051 INFO     [reward] 0.104871794872
2016-10-26 18:49:47,051 INFO     [error] [ -1.49311507e-05   4.17216860e-05]
2016-10-26 18:49:47,051 INFO     
2016-10-26 18:49:47,051 INFO     [min reward] 0.0
2016-10-26 18:49:47,051 INFO     
2016-10-26 18:49:47,051 INFO     [max steps] 1
2016-10-26 18:59:49,572 INFO     [step] 1661200
2016-10-26 18:59:49,572 INFO     [task] go[LL] 0.0903511053571 0.352258957937
2016-10-26 18:59:49,572 INFO     [task] go[URU] 0.130603965091 0.0
2016-10-26 18:59:49,572 INFO     [task] go[LLD] 0.130603965091 0.0
2016-10-26 18:59:49,572 INFO     [task] go[LD] 0.0217335506652 0.83175872093
2016-10-26 18:59:49,572 INFO     [task] go[UL] 0.130603965091 0.0
2016-10-26 18:59:49,572 INFO     [task] go[DRU] 0.090942568111 0.310520410805
2016-10-26 18:59:49,572 INFO     [task] go[RD] 0.130595945316 0.000119660165131
2016-10-26 18:59:49,572 INFO     [task] go[LUR] 0.12219288434 0.0658240841727
2016-10-26 18:59:49,572 INFO     [task] go[RDD] 0.130603965091 0.0
2016-10-26 18:59:49,572 INFO     [task] go[UR] 0.0217680858476 0.853553481694
2016-10-26 18:59:49,572 INFO     
2016-10-26 18:59:49,572 INFO     [rollout0] [2, 2, 2, 2, 2, 2, 4, 4, 4, 4, 4, 5]
2016-10-26 18:59:49,572 INFO     [rollout1] [3, 2, 4, 4, 3, 2, 3, 3, 2, 2, 4, 3, 3, 4, 1, 4, 2, 1, 2, 4, 2, 2, 2, 2, 2, 2, 2, 2, 2, 2, 2, 2, 2, 2, 2, 2, 2, 2, 2, 2, 2, 2, 2, 2, 2, 2, 2, 2, 2, 2, 2, 2, 2, 2, 2, 2, 2, 2, 2, 2, 2, 2, 2, 2, 2, 2, 2, 2, 2, 2, 2, 2, 2, 2, 2, 2, 2, 2, 2, 2, 2, 2, 2, 2, 2, 2, 2, 2, 2, 2, 2, 2, 2, 2, 2, 2, 2, 2, 2, 6]
2016-10-26 18:59:49,573 INFO     [rollout2] [0, 5]
2016-10-26 18:59:49,573 INFO     [reward] 0.104561815336
2016-10-26 18:59:49,573 INFO     [error] [  6.70986623e-06   2.47485668e-05]
2016-10-26 18:59:49,573 INFO     
2016-10-26 18:59:49,573 INFO     [min reward] 0.0
2016-10-26 18:59:49,573 INFO     
2016-10-26 18:59:49,573 INFO     [max steps] 1
2016-10-26 19:09:20,000 INFO     [step] 1780500
2016-10-26 19:09:20,001 INFO     [task] go[LL] 0.0855769014145 0.364108086939
2016-10-26 19:09:20,001 INFO     [task] go[URU] 0.131408358155 0.0
2016-10-26 19:09:20,001 INFO     [task] go[LLD] 0.131408358155 0.0
2016-10-26 19:09:20,001 INFO     [task] go[LD] 0.0231904889485 0.859756097561
2016-10-26 19:09:20,001 INFO     [task] go[UL] 0.131408358155 0.0
2016-10-26 19:09:20,001 INFO     [task] go[DRU] 0.0910073904742 0.31002417705
2016-10-26 19:09:20,001 INFO     [task] go[RD] 0.131392789496 0.0
2016-10-26 19:09:20,001 INFO     [task] go[LUR] 0.122844165256 0.0661977658254
2016-10-26 19:09:20,001 INFO     [task] go[RDD] 0.131408358155 0.0
2016-10-26 19:09:20,001 INFO     [task] go[UR] 0.0203548317917 0.854621848739
2016-10-26 19:09:20,001 INFO     
2016-10-26 19:09:20,001 INFO     [rollout0] [3, 2, 2, 5]
2016-10-26 19:09:20,001 INFO     [rollout1] [3, 3, 1, 4, 1, 3, 5]
2016-10-26 19:09:20,001 INFO     [rollout2] [5]
2016-10-26 19:09:20,001 INFO     [reward] 0.104308466052
2016-10-26 19:09:20,001 INFO     [error] [ -3.19909453e-05   4.27455091e-05]
2016-10-26 19:09:20,002 INFO     
2016-10-26 19:09:20,002 INFO     [min reward] 0.0
2016-10-26 19:09:20,002 INFO     
2016-10-26 19:09:20,002 INFO     [max steps] 1
2016-10-26 19:19:35,135 INFO     [step] 1913400
2016-10-26 19:19:35,136 INFO     [task] go[LL] 0.0844823076794 0.566108339273
2016-10-26 19:19:35,136 INFO     [task] go[URU] 0.132107445582 0.0
2016-10-26 19:19:35,136 INFO     [task] go[LLD] 0.132107445582 0.0
2016-10-26 19:19:35,136 INFO     [task] go[LD] 0.0196518199658 0.862437905999
2016-10-26 19:19:35,136 INFO     [task] go[UL] 0.132107445582 0.0
2016-10-26 19:19:35,136 INFO     [task] go[DRU] 0.0915564534046 0.30850024426
2016-10-26 19:19:35,136 INFO     [task] go[RD] 0.132107445582 0.0
2016-10-26 19:19:35,136 INFO     [task] go[LUR] 0.123448814149 0.0709415883545
2016-10-26 19:19:35,136 INFO     [task] go[RDD] 0.132107445582 0.0
2016-10-26 19:19:35,136 INFO     [task] go[UR] 0.0203233768933 0.854638422206
2016-10-26 19:19:35,136 INFO     
2016-10-26 19:19:35,136 INFO     [rollout0] [3, 1, 3, 3, 3, 5]
2016-10-26 19:19:35,136 INFO     [rollout1] [3, 5]
2016-10-26 19:19:35,136 INFO     [rollout2] [3, 5]
2016-10-26 19:19:35,136 INFO     [reward] 0.119601203913
2016-10-26 19:19:35,136 INFO     [error] [  6.25095582e-06   3.41728260e-05]
2016-10-26 19:19:35,137 INFO     
2016-10-26 19:19:35,137 INFO     [min reward] 0.0
2016-10-26 19:19:35,137 INFO     
2016-10-26 19:19:35,137 INFO     [max steps] 1
2016-10-26 19:29:56,387 INFO     [step] 2049600
2016-10-26 19:29:56,388 INFO     [task] go[LL] 0.0596839274957 0.906838333536
2016-10-26 19:29:56,388 INFO     [task] go[URU] 0.135800629081 0.0
2016-10-26 19:29:56,388 INFO     [task] go[LLD] 0.135800629081 0.0
2016-10-26 19:29:56,388 INFO     [task] go[LD] 0.0198406190038 0.863487440845
2016-10-26 19:29:56,388 INFO     [task] go[UL] 0.135800629081 0.0
2016-10-26 19:29:56,388 INFO     [task] go[DRU] 0.0943208991385 0.314355078706
2016-10-26 19:29:56,388 INFO     [task] go[RD] 0.135800629081 0.0
2016-10-26 19:29:56,388 INFO     [task] go[LUR] 0.126262102025 0.0661730945822
2016-10-26 19:29:56,388 INFO     [task] go[RDD] 0.135800629081 0.0
2016-10-26 19:29:56,388 INFO     [task] go[UR] 0.0208893069302 0.872644801117
2016-10-26 19:29:56,388 INFO     
2016-10-26 19:29:56,388 INFO     [rollout0] [4, 3, 2, 0, 2, 2, 3, 1, 0, 4, 4, 0, 0, 5]
2016-10-26 19:29:56,388 INFO     [rollout1] [3, 0, 3, 3, 2, 1, 3, 4, 0, 4, 5]
2016-10-26 19:29:56,388 INFO     [rollout2] [5]
2016-10-26 19:29:56,388 INFO     [reward] 0.128531571219
2016-10-26 19:29:56,388 INFO     [error] [ -7.47942504e-06   2.98604960e-05]
2016-10-26 19:29:56,389 INFO     
2016-10-26 19:29:56,389 INFO     [min reward] 0.0
2016-10-26 19:29:56,389 INFO     
2016-10-26 19:29:56,389 INFO     [max steps] 1
2016-10-26 19:40:31,421 INFO     [step] 2187100
2016-10-26 19:40:31,421 INFO     [task] go[LL] 0.0145780609375 0.927446300716
2016-10-26 19:40:31,421 INFO     [task] go[URU] 0.142725898597 0.0
2016-10-26 19:40:31,421 INFO     [task] go[LLD] 0.142725898597 0.0
2016-10-26 19:40:31,421 INFO     [task] go[LD] 0.0207040957041 0.862338545207
2016-10-26 19:40:31,421 INFO     [task] go[UL] 0.142725898597 5.07485409794e-05
2016-10-26 19:40:31,421 INFO     [task] go[DRU] 0.098303511382 0.316268656716
2016-10-26 19:40:31,421 INFO     [task] go[RD] 0.142725898597 0.0
2016-10-26 19:40:31,421 INFO     [task] go[LUR] 0.133374795243 0.0670223770893
2016-10-26 19:40:31,421 INFO     [task] go[RDD] 0.142725898597 0.0
2016-10-26 19:40:31,421 INFO     [task] go[UR] 0.0194100437501 0.852973771703
2016-10-26 19:40:31,421 INFO     
2016-10-26 19:40:31,421 INFO     [rollout0] [0, 0, 5]
2016-10-26 19:40:31,421 INFO     [rollout1] [0, 4, 2, 3, 1, 0, 3, 0, 4, 4, 3, 4, 4, 1, 4, 0, 2, 4, 0, 3, 0, 0, 4, 0, 5]
2016-10-26 19:40:31,421 INFO     [rollout2] [5]
2016-10-26 19:40:31,421 INFO     [reward] 0.0891563636364
2016-10-26 19:40:31,422 INFO     [error] [  2.52835050e-06   2.41428710e-05]
2016-10-26 19:40:31,422 INFO     
2016-10-26 19:40:31,422 INFO     [min reward] 0.0
2016-10-26 19:40:31,422 INFO     
2016-10-26 19:40:31,422 INFO     [max steps] 1
2016-10-26 19:50:55,614 INFO     [step] 2321100
2016-10-26 19:50:55,615 INFO     [task] go[LL] 0.0116701824951 0.926489226869
2016-10-26 19:50:55,615 INFO     [task] go[URU] 0.142778390578 0.0
2016-10-26 19:50:55,615 INFO     [task] go[LLD] 0.142778390578 0.0
2016-10-26 19:50:55,615 INFO     [task] go[LD] 0.0208741236294 0.870979532164
2016-10-26 19:50:55,615 INFO     [task] go[UL] 0.142771216523 0.0
2016-10-26 19:50:55,615 INFO     [task] go[DRU] 0.0980691531558 0.310966865424
2016-10-26 19:50:55,615 INFO     [task] go[RD] 0.142778390578 5.27760185772e-05
2016-10-26 19:50:55,615 INFO     [task] go[LUR] 0.133303789455 0.0667970933482
2016-10-26 19:50:55,615 INFO     [task] go[RDD] 0.142778390578 0.0
2016-10-26 19:50:55,615 INFO     [task] go[UR] 0.0221979724304 0.863762102351
2016-10-26 19:50:55,615 INFO     
2016-10-26 19:50:55,615 INFO     [rollout0] [5]
2016-10-26 19:50:55,615 INFO     [rollout1] [3, 2, 3, 3, 2, 0, 0, 2, 3, 0, 3, 5]
2016-10-26 19:50:55,615 INFO     [rollout2] [0, 2, 3, 5]
2016-10-26 19:50:55,615 INFO     [reward] 0.0870074626866
2016-10-26 19:50:55,615 INFO     [error] [ -6.34667158e-07   2.19692506e-05]
2016-10-26 19:50:55,616 INFO     
2016-10-26 19:50:55,616 INFO     [min reward] 0.0
2016-10-26 19:50:55,616 INFO     
2016-10-26 19:50:55,616 INFO     [max steps] 1
2016-10-26 20:01:25,605 INFO     [step] 2459500
2016-10-26 20:01:25,605 INFO     [task] go[LL] 0.0118271259108 0.933333333333
2016-10-26 20:01:25,605 INFO     [task] go[URU] 0.143040193764 0.0
2016-10-26 20:01:25,605 INFO     [task] go[LLD] 0.143040193764 0.0
2016-10-26 20:01:25,605 INFO     [task] go[LD] 0.0196886283727 0.883259911894
2016-10-26 20:01:25,605 INFO     [task] go[UL] 0.143040193764 0.0
2016-10-26 20:01:25,605 INFO     [task] go[DRU] 0.0989998366506 0.31647118083
2016-10-26 20:01:25,605 INFO     [task] go[RD] 0.143032719415 0.000406648706349
2016-10-26 20:01:25,605 INFO     [task] go[LUR] 0.133580125273 0.0687593423019
2016-10-26 20:01:25,605 INFO     [task] go[RDD] 0.143040193764 0.0
2016-10-26 20:01:25,605 INFO     [task] go[UR] 0.0207107893221 0.856334041047
2016-10-26 20:01:25,606 INFO     
2016-10-26 20:01:25,606 INFO     [rollout0] [2, 0, 3, 3, 2, 3, 3, 5]
2016-10-26 20:01:25,606 INFO     [rollout1] [4, 4, 3, 0, 0, 2, 4, 3, 4, 2, 4, 1, 0, 4, 3, 0, 2, 2, 0, 1, 5]
2016-10-26 20:01:25,606 INFO     [rollout2] [3, 3, 4, 2, 2, 2, 2, 2, 2, 2, 1, 2, 1, 4, 0, 0, 2, 2, 2, 1, 2, 5]
2016-10-26 20:01:25,606 INFO     [reward] 0.0868352601156
2016-10-26 20:01:25,606 INFO     [error] [  3.39098658e-06   2.18318501e-05]
2016-10-26 20:01:25,606 INFO     
2016-10-26 20:01:25,606 INFO     [min reward] 0.0
2016-10-26 20:01:25,606 INFO     
2016-10-26 20:01:25,606 INFO     [max steps] 1
2016-10-26 20:12:25,188 INFO     [step] 2604900
2016-10-26 20:12:25,188 INFO     [task] go[LL] 0.0108879313331 0.924354243542
2016-10-26 20:12:25,188 INFO     [task] go[URU] 0.143436660606 0.0
2016-10-26 20:12:25,188 INFO     [task] go[LLD] 0.143436660606 0.0
2016-10-26 20:12:25,188 INFO     [task] go[LD] 0.0179991831711 0.867976424361
2016-10-26 20:12:25,188 INFO     [task] go[UL] 0.143436660606 0.0
2016-10-26 20:12:25,188 INFO     [task] go[DRU] 0.0984925325304 0.310323078001
2016-10-26 20:12:25,189 INFO     [task] go[RD] 0.143378909782 0.000383987712393
2016-10-26 20:12:25,189 INFO     [task] go[LUR] 0.133671699769 0.0661881568829
2016-10-26 20:12:25,189 INFO     [task] go[RDD] 0.143436660606 0.0
2016-10-26 20:12:25,189 INFO     [task] go[UR] 0.0218231009911 0.86879544736
2016-10-26 20:12:25,189 INFO     
2016-10-26 20:12:25,189 INFO     [rollout0] [2, 2, 1, 5]
2016-10-26 20:12:25,189 INFO     [rollout1] [2, 5]
2016-10-26 20:12:25,189 INFO     [rollout2] [5]
2016-10-26 20:12:25,189 INFO     [reward] 0.0838170563961
2016-10-26 20:12:25,189 INFO     [error] [  7.35989559e-06   2.04055520e-05]
2016-10-26 20:12:25,189 INFO     
2016-10-26 20:12:25,189 INFO     [min reward] 0.0
2016-10-26 20:12:25,189 INFO     
2016-10-26 20:12:25,189 INFO     [max steps] 1
2016-10-26 20:23:20,538 INFO     [step] 2750800
2016-10-26 20:23:20,538 INFO     [task] go[LL] 0.0121277280143 0.916047972587
2016-10-26 20:23:20,538 INFO     [task] go[URU] 0.143019406928 0.0
2016-10-26 20:23:20,538 INFO     [task] go[LLD] 0.143019406928 0.0
2016-10-26 20:23:20,538 INFO     [task] go[LD] 0.0201110173838 0.877742946708
2016-10-26 20:23:20,538 INFO     [task] go[UL] 0.143019406928 0.0
2016-10-26 20:23:20,538 INFO     [task] go[DRU] 0.0990766123027 0.313367521368
2016-10-26 20:23:20,538 INFO     [task] go[RD] 0.142965032973 4.78102887741e-05
2016-10-26 20:23:20,538 INFO     [task] go[LUR] 0.133646940648 0.069247990231
2016-10-26 20:23:20,538 INFO     [task] go[RDD] 0.143019406928 0.0
2016-10-26 20:23:20,538 INFO     [task] go[UR] 0.0199950409645 0.873886223441
2016-10-26 20:23:20,538 INFO     
2016-10-26 20:23:20,539 INFO     [rollout0] [0, 5]
2016-10-26 20:23:20,539 INFO     [rollout1] [2, 1, 4, 3, 1, 1, 5]
2016-10-26 20:23:20,539 INFO     [rollout2] [5]
2016-10-26 20:23:20,539 INFO     [reward] 0.086490747087
2016-10-26 20:23:20,539 INFO     [error] [ -2.70976764e-05   1.70310114e-05]
2016-10-26 20:23:20,539 INFO     
2016-10-26 20:23:20,539 INFO     [min reward] 0.0
2016-10-26 20:23:20,539 INFO     
2016-10-26 20:23:20,539 INFO     [max steps] 1
2016-10-26 20:33:52,239 INFO     [step] 2886200
2016-10-26 20:33:52,240 INFO     [task] go[LL] 0.0133271723182 0.938336242001
2016-10-26 20:33:52,240 INFO     [task] go[URU] 0.143269330232 0.0
2016-10-26 20:33:52,240 INFO     [task] go[LLD] 0.143269330232 0.0
2016-10-26 20:33:52,240 INFO     [task] go[LD] 0.0187607717263 0.884780070066
2016-10-26 20:33:52,240 INFO     [task] go[UL] 0.143269330232 0.0
2016-10-26 20:33:52,240 INFO     [task] go[DRU] 0.0988178897345 0.31660692951
2016-10-26 20:33:52,240 INFO     [task] go[RD] 0.143262548304 0.000152874031798
2016-10-26 20:33:52,240 INFO     [task] go[LUR] 0.133446445895 0.0680662983425
2016-10-26 20:33:52,240 INFO     [task] go[RDD] 0.143269330232 0.0
2016-10-26 20:33:52,240 INFO     [task] go[UR] 0.0193078510921 0.870766835344
2016-10-26 20:33:52,240 INFO     
2016-10-26 20:33:52,240 INFO     [rollout0] [1, 1, 2, 3, 1, 4, 2, 5]
2016-10-26 20:33:52,240 INFO     [rollout1] [2, 5]
2016-10-26 20:33:52,240 INFO     [rollout2] [1, 5]
2016-10-26 20:33:52,240 INFO     [reward] 0.0856573116691
2016-10-26 20:33:52,240 INFO     [error] [ -1.06620306e-05   3.53764759e-05]
2016-10-26 20:33:52,241 INFO     
2016-10-26 20:33:52,241 INFO     [min reward] 0.0
2016-10-26 20:33:52,241 INFO     
2016-10-26 20:33:52,241 INFO     [max steps] 1
2016-10-26 20:44:29,557 INFO     [step] 3025700
2016-10-26 20:44:29,557 INFO     [task] go[LL] 0.0102066358656 0.932260228035
2016-10-26 20:44:29,557 INFO     [task] go[URU] 0.143848194849 0.0
2016-10-26 20:44:29,557 INFO     [task] go[LLD] 0.143848194849 0.0
2016-10-26 20:44:29,557 INFO     [task] go[LD] 0.0178343177031 0.888709024686
2016-10-26 20:44:29,557 INFO     [task] go[UL] 0.143848194849 0.0
2016-10-26 20:44:29,558 INFO     [task] go[DRU] 0.0987557836742 0.316378805621
2016-10-26 20:44:29,558 INFO     [task] go[RD] 0.143826421925 9.95272455835e-05
2016-10-26 20:44:29,558 INFO     [task] go[LUR] 0.134153923417 0.0697225055016
2016-10-26 20:44:29,558 INFO     [task] go[RDD] 0.143848194849 0.0
2016-10-26 20:44:29,558 INFO     [task] go[UR] 0.0198301380186 0.873368606702
2016-10-26 20:44:29,558 INFO     
2016-10-26 20:44:29,558 INFO     [rollout0] [0, 5]
2016-10-26 20:44:29,558 INFO     [rollout1] [5]
2016-10-26 20:44:29,558 INFO     [rollout2] [2, 5]
2016-10-26 20:44:29,558 INFO     [reward] 0.083770609319
2016-10-26 20:44:29,558 INFO     [error] [ -4.05094355e-06   2.47998428e-05]
2016-10-26 20:44:29,558 INFO     
2016-10-26 20:44:29,558 INFO     [min reward] 0.0
2016-10-26 20:44:29,558 INFO     
