2016-10-24 22:39:31,826 INFO     BEGIN
2016-10-24 22:39:31,826 INFO     struct {
    trainer:
        improvement_threshold: 0.8
        name: 'CurriculumTrainer'
        max_timesteps: 100
        hints: 'resources/craft/hints.yaml'
    name: 'craft_modular_common-baseline'
    recipes: 'resources/craft/recipes.yaml'
    world:
        name: 'CraftWorld'
    model:
        use_args: False
        name: 'ModularACModel'
        max_subtask_timesteps: 15
        baseline: 'common'
    experiment_dir: 'experiments/craft_modular_common-baseline'
}
2016-10-24 22:40:29,566 INFO     [max steps] 1
2016-10-24 22:40:29,567 INFO     [min reward] inf
2016-10-24 22:40:29,567 INFO     
2016-10-24 22:40:55,084 INFO     [max steps] 2
2016-10-24 22:48:48,933 INFO     [step] 59900
2016-10-24 22:48:48,933 INFO     [task] make[cloth] 0.25 0.0119839336274
2016-10-24 22:48:48,934 INFO     [task] make[stick] 0.25 0.0118806534359
2016-10-24 22:48:48,934 INFO     [task] make[plank] 0.25 0.0126548554682
2016-10-24 22:48:48,934 INFO     [task] make[rope] 0.25 0.0104131676184
2016-10-24 22:48:48,934 INFO     
2016-10-24 22:48:48,934 INFO     [rollout0] [4, 1, 4, 1, 2, 4, 0, 2, 4, 4, 4, 4, 1, 2, 6, 1, 0, 2, 3, 3, 0, 3, 0, 3, 3, 3, 2, 4, 3, 6]
2016-10-24 22:48:48,934 INFO     [rollout1] [0, 3, 3, 5, 2, 4, 1, 4, 3, 4, 1, 0, 1, 3, 3, 3, 2, 4, 6]
2016-10-24 22:48:48,934 INFO     [rollout2] [0, 1, 5, 4, 0, 4, 0, 2, 3, 2, 4, 2, 1, 0, 1, 4, 4, 6]
2016-10-24 22:48:48,934 INFO     [reward] 0.0117362270451
2016-10-24 22:48:48,934 INFO     [error] [  5.66403291e-05   3.85528937e-06]
2016-10-24 22:48:48,935 INFO     
2016-10-24 22:48:48,935 INFO     [min reward] 0.0104131676184
2016-10-24 22:48:48,935 INFO     
2016-10-24 22:48:48,935 INFO     [max steps] 2
2016-10-24 22:59:09,657 INFO     [step] 158700
2016-10-24 22:59:09,657 INFO     [task] make[cloth] 0.249937195878 0.0134844238658
2016-10-24 22:59:09,658 INFO     [task] make[stick] 0.249963060754 0.0103675394373
2016-10-24 22:59:09,658 INFO     [task] make[plank] 0.249769174211 0.0159013467467
2016-10-24 22:59:09,658 INFO     [task] make[rope] 0.250330569157 0.0159640608078
2016-10-24 22:59:09,658 INFO     
2016-10-24 22:59:09,658 INFO     [rollout0] [3, 5, 3, 0, 4, 0, 4, 4, 5]
2016-10-24 22:59:09,658 INFO     [rollout1] [0, 4, 4, 3, 4, 3, 0, 0, 3, 4, 0, 2, 3, 0, 6, 4, 2, 2, 1, 4, 1, 4, 3, 2, 1, 4, 4, 4, 2, 6]
2016-10-24 22:59:09,658 INFO     [rollout2] [5, 2, 1, 5]
2016-10-24 22:59:09,658 INFO     [reward] 0.0139372469636
2016-10-24 22:59:09,658 INFO     [error] [  1.51440750e-05   1.72836903e-05]
2016-10-24 22:59:09,658 INFO     
2016-10-24 22:59:09,658 INFO     [min reward] 0.0103675394373
2016-10-24 22:59:09,659 INFO     
2016-10-24 22:59:09,659 INFO     [max steps] 2
2016-10-24 23:09:38,573 INFO     [step] 258200
2016-10-24 23:09:38,574 INFO     [task] make[cloth] 0.250111668496 0.0205718410394
2016-10-24 23:09:38,574 INFO     [task] make[stick] 0.250893963508 0.0122833245788
2016-10-24 23:09:38,574 INFO     [task] make[plank] 0.24950505418 0.0392290704678
2016-10-24 23:09:38,574 INFO     [task] make[rope] 0.249489313816 0.0433979686057
2016-10-24 23:09:38,574 INFO     
2016-10-24 23:09:38,574 INFO     [rollout0] [0, 4, 1, 5, 4, 1, 4, 0, 3, 3, 1, 3, 0, 1, 4, 0, 0, 2, 6]
2016-10-24 23:09:38,574 INFO     [rollout1] [5, 4, 2, 1, 1, 4, 1, 0, 4, 4, 1, 3, 4, 4, 4, 6]
2016-10-24 23:09:38,574 INFO     [rollout2] [5, 4, 1, 1, 2, 4, 0, 0, 3, 0, 4, 3, 1, 0, 3, 6]
2016-10-24 23:09:38,574 INFO     [reward] 0.0288944723618
2016-10-24 23:09:38,574 INFO     [error] [ -8.32801352e-05   1.18263869e-05]
2016-10-24 23:09:38,575 INFO     
2016-10-24 23:09:38,575 INFO     [min reward] 0.0122833245788
2016-10-24 23:09:38,575 INFO     
2016-10-24 23:09:38,575 INFO     [max steps] 2
2016-10-24 23:19:32,853 INFO     [step] 358200
2016-10-24 23:19:32,853 INFO     [task] make[cloth] 0.252114580839 0.0409235231861
2016-10-24 23:19:32,853 INFO     [task] make[stick] 0.254226564245 0.0148089799134
2016-10-24 23:19:32,853 INFO     [task] make[plank] 0.247360562537 0.106886628025
2016-10-24 23:19:32,853 INFO     [task] make[rope] 0.246298292379 0.121950221058
2016-10-24 23:19:32,854 INFO     
2016-10-24 23:19:32,854 INFO     [rollout0] [4, 3, 4, 5, 1, 4, 4, 2, 3, 1, 2, 1, 1, 2, 0, 1, 1, 4, 6]
2016-10-24 23:19:32,854 INFO     [rollout1] [3, 3, 4, 5, 4, 0, 2, 0, 4, 1, 1, 2, 4, 4, 4, 4, 2, 2, 6]
2016-10-24 23:19:32,854 INFO     [rollout2] [1, 5, 3, 1, 2, 0, 0, 4, 4, 4, 3, 4, 3, 4, 4, 1, 6]
2016-10-24 23:19:32,854 INFO     [reward] 0.07036
2016-10-24 23:19:32,854 INFO     [error] [ -3.02884340e-07   2.88808793e-05]
2016-10-24 23:19:32,854 INFO     
2016-10-24 23:19:32,854 INFO     [min reward] 0.0148089799134
2016-10-24 23:19:32,854 INFO     
2016-10-24 23:19:32,855 INFO     [max steps] 2
2016-10-24 23:30:07,851 INFO     [step] 458100
2016-10-24 23:30:07,851 INFO     [task] make[cloth] 0.258046697621 0.124505008153
2016-10-24 23:30:07,851 INFO     [task] make[stick] 0.265000505512 0.0286718041704
2016-10-24 23:30:07,852 INFO     [task] make[plank] 0.240481973086 0.191411451398
2016-10-24 23:30:07,852 INFO     [task] make[rope] 0.236470823781 0.289026144344
2016-10-24 23:30:07,852 INFO     
2016-10-24 23:30:07,852 INFO     [rollout0] [3, 4, 0, 1, 2, 1, 4, 4, 4, 4, 5, 4, 4, 3, 5]
2016-10-24 23:30:07,852 INFO     [rollout1] [3, 3, 1, 3, 4, 0, 5, 4, 1, 1, 1, 2, 3, 1, 1, 1, 1, 4, 1, 4, 3, 6]
2016-10-24 23:30:07,852 INFO     [rollout2] [3, 0, 0, 3, 0, 0, 4, 3, 0, 3, 1, 3, 4, 3, 6, 0, 3, 1, 4, 4, 2, 4, 2, 0, 1, 1, 0, 0, 2, 6]
2016-10-24 23:30:07,852 INFO     [reward] 0.154134134134
2016-10-24 23:30:07,852 INFO     [error] [ -4.25798493e-05   6.35508384e-05]
2016-10-24 23:30:07,852 INFO     
2016-10-24 23:30:07,852 INFO     [min reward] 0.0286718041704
2016-10-24 23:30:07,852 INFO     
2016-10-24 23:30:07,853 INFO     [max steps] 2
2016-10-24 23:40:29,798 INFO     [step] 550500
2016-10-24 23:40:29,798 INFO     [task] make[cloth] 0.25995148463 0.392426414776
2016-10-24 23:40:29,798 INFO     [task] make[stick] 0.28808488333 0.0795505450202
2016-10-24 23:40:29,798 INFO     [task] make[plank] 0.240310007927 0.339012001618
2016-10-24 23:40:29,798 INFO     [task] make[rope] 0.211653624112 0.523128593965
2016-10-24 23:40:29,798 INFO     
2016-10-24 23:40:29,798 INFO     [rollout0] [4, 1, 4, 4, 4, 4, 4, 3, 1, 3, 4, 5, 4, 1, 1, 3, 4, 5]
2016-10-24 23:40:29,798 INFO     [rollout1] [2, 4, 4, 4, 4, 4, 0, 4, 5, 1, 1, 4, 5]
2016-10-24 23:40:29,798 INFO     [rollout2] [3, 4, 4, 0, 2, 0, 0, 2, 2, 0, 4, 0, 5, 1, 2, 0, 2, 2, 0, 4, 5]
2016-10-24 23:40:29,799 INFO     [reward] 0.316655844156
2016-10-24 23:40:29,799 INFO     [error] [  6.01877031e-05   9.03512369e-05]
2016-10-24 23:40:29,799 INFO     
2016-10-24 23:40:29,799 INFO     [min reward] 0.0795505450202
2016-10-24 23:40:29,799 INFO     
2016-10-24 23:40:29,799 INFO     [max steps] 2
2016-10-24 23:50:18,244 INFO     [step] 635600
2016-10-24 23:50:18,245 INFO     [task] make[cloth] 0.228233708545 0.619921430787
2016-10-24 23:50:18,245 INFO     [task] make[stick] 0.343861743451 0.270249034947
2016-10-24 23:50:18,245 INFO     [task] make[plank] 0.247973817087 0.519250879361
2016-10-24 23:50:18,245 INFO     [task] make[rope] 0.179930730917 0.667422133005
2016-10-24 23:50:18,245 INFO     
2016-10-24 23:50:18,245 INFO     [rollout0] [3, 3, 0, 4, 2, 5, 1, 1, 4, 5]
2016-10-24 23:50:18,245 INFO     [rollout1] [3, 1, 3, 3, 3, 4, 5, 0, 2, 0, 0, 0, 4, 0, 2, 4, 5]
2016-10-24 23:50:18,245 INFO     [rollout2] [3, 4, 4, 0, 3, 0, 3, 4, 5, 0, 0, 0, 0, 2, 4, 4, 4, 4, 4, 4, 4, 4, 3, 6]
2016-10-24 23:50:18,245 INFO     [reward] 0.483372502938
2016-10-24 23:50:18,245 INFO     [error] [ -6.13455199e-05   1.25648734e-04]
2016-10-24 23:50:18,246 INFO     
2016-10-24 23:50:18,246 INFO     [min reward] 0.270249034947
2016-10-24 23:50:18,246 INFO     
2016-10-24 23:50:18,246 INFO     [max steps] 2
2016-10-25 00:00:42,615 INFO     [step] 727400
2016-10-25 00:00:42,615 INFO     [task] make[cloth] 0.198699678228 0.726039631594
2016-10-25 00:00:42,615 INFO     [task] make[stick] 0.376817108978 0.520182721866
2016-10-25 00:00:42,616 INFO     [task] make[plank] 0.24997961964 0.672193211488
2016-10-25 00:00:42,616 INFO     [task] make[rope] 0.174503593154 0.730649770158
2016-10-25 00:00:42,616 INFO     
2016-10-25 00:00:42,616 INFO     [rollout0] [2, 0, 1, 4, 0, 3, 0, 4, 5, 1, 1, 1, 1, 1, 1, 1, 1, 1, 4, 1, 2, 0, 4, 6]
2016-10-25 00:00:42,616 INFO     [rollout1] [2, 4, 4, 4, 4, 0, 4, 5, 1, 1, 1, 3, 1, 1, 4, 4, 1, 2, 1, 3, 2, 1, 6]
2016-10-25 00:00:42,616 INFO     [rollout2] [0, 2, 4, 5, 1, 1, 1, 4, 3, 1, 4, 1, 2, 2, 1, 4, 5]
2016-10-25 00:00:42,616 INFO     [reward] 0.635315904139
2016-10-25 00:00:42,616 INFO     [error] [ -2.41985250e-05   1.21572963e-04]
2016-10-25 00:00:42,616 INFO     
2016-10-25 00:00:42,617 INFO     [min reward] 0.520182721866
2016-10-25 00:00:42,617 INFO     
2016-10-25 00:00:42,617 INFO     [max steps] 2
2016-10-25 00:11:34,297 INFO     [step] 827400
2016-10-25 00:11:34,297 INFO     [task] make[cloth] 0.20415075961 0.77536125398
2016-10-25 00:11:34,298 INFO     [task] make[stick] 0.352149738227 0.631611893584
2016-10-25 00:11:34,298 INFO     [task] make[plank] 0.242863160318 0.735146564949
2016-10-25 00:11:34,298 INFO     [task] make[rope] 0.200836341845 0.76261010777
2016-10-25 00:11:34,298 INFO     
2016-10-25 00:11:34,298 INFO     [rollout0] [1, 3, 4, 5, 2, 0, 0, 2, 2, 0, 4, 0, 4, 5]
2016-10-25 00:11:34,298 INFO     [rollout1] [2, 1, 3, 1, 3, 1, 2, 1, 4, 5, 3, 0, 3, 0, 3, 0, 4, 0, 3, 0, 3, 3, 0, 4, 6]
2016-10-25 00:11:34,298 INFO     [rollout2] [1, 4, 2, 1, 3, 1, 2, 0, 0, 1, 3, 1, 3, 1, 6, 3, 3, 3, 0, 4, 0, 3, 1, 3, 0, 4, 4, 4, 4, 6]
2016-10-25 00:11:34,298 INFO     [reward] 0.71255
2016-10-25 00:11:34,298 INFO     [error] [  7.73625183e-06   1.23599561e-04]
2016-10-25 00:11:34,298 INFO     
2016-10-25 00:11:34,299 INFO     [min reward] 0.631611893584
2016-10-25 00:11:34,299 INFO     
2016-10-25 00:11:34,299 INFO     [max steps] 2
2016-10-25 00:22:10,928 INFO     [step] 927400
2016-10-25 00:22:10,929 INFO     [task] make[cloth] 0.20668097358 0.814750036438
2016-10-25 00:22:10,929 INFO     [task] make[stick] 0.333302251021 0.693740035496
2016-10-25 00:22:10,929 INFO     [task] make[plank] 0.242103985432 0.768231521828
2016-10-25 00:22:10,929 INFO     [task] make[rope] 0.217912789968 0.788676309044
2016-10-25 00:22:10,929 INFO     
2016-10-25 00:22:10,929 INFO     [rollout0] [4, 3, 4, 5, 0, 2, 4, 2, 2, 4, 4, 4, 2, 2, 0, 4, 4, 4, 6]
2016-10-25 00:22:10,929 INFO     [rollout1] [0, 1, 2, 1, 2, 1, 2, 0, 3, 0, 3, 1, 2, 1, 6, 2, 0, 2, 0, 4, 4, 4, 4, 4, 4, 4, 4, 4, 4, 6]
2016-10-25 00:22:10,929 INFO     [rollout2] [4, 3, 0, 3, 4, 5, 1, 3, 1, 3, 3, 1, 3, 4, 3, 1, 4, 4, 4, 4, 6]
2016-10-25 00:22:10,929 INFO     [reward] 0.75751
2016-10-25 00:22:10,929 INFO     [error] [ -3.20429550e-05   1.17254478e-04]
2016-10-25 00:22:10,930 INFO     
2016-10-25 00:22:10,930 INFO     [min reward] 0.693740035496
2016-10-25 00:22:10,930 INFO     
2016-10-25 00:22:10,930 INFO     [max steps] 2
2016-10-25 00:32:37,414 INFO     [step] 1027400
2016-10-25 00:32:37,414 INFO     [task] make[cloth] 0.200338131966 0.835364011681
2016-10-25 00:32:37,414 INFO     [task] make[stick] 0.324501625242 0.732092966136
2016-10-25 00:32:37,414 INFO     [task] make[plank] 0.248068908191 0.796764408493
2016-10-25 00:32:37,414 INFO     [task] make[rope] 0.2270913346 0.808554417301
2016-10-25 00:32:37,414 INFO     
2016-10-25 00:32:37,414 INFO     [rollout0] [3, 4, 5, 1, 1, 1, 4, 2, 4, 1, 1, 2, 4, 2, 4, 0, 2, 6]
2016-10-25 00:32:37,414 INFO     [rollout1] [1, 3, 1, 3, 3, 4, 5, 1, 2, 4, 5]
2016-10-25 00:32:37,415 INFO     [rollout2] [2, 2, 1, 2, 1, 2, 0, 4, 5, 2, 0, 2, 2, 1, 4, 4, 1, 4, 2, 0, 3, 1, 4, 6]
2016-10-25 00:32:37,415 INFO     [reward] 0.78606
2016-10-25 00:32:37,415 INFO     [error] [ -4.32479722e-05   1.15786053e-04]
2016-10-25 00:32:37,415 INFO     
2016-10-25 00:32:37,415 INFO     [min reward] 0.732092966136
2016-10-25 00:32:37,415 INFO     
2016-10-25 00:32:37,415 INFO     [max steps] 2
2016-10-25 00:42:55,287 INFO     [step] 1127400
2016-10-25 00:42:55,287 INFO     [task] make[cloth] 0.201373519151 0.857489357489
2016-10-25 00:42:55,287 INFO     [task] make[stick] 0.320455811798 0.759159347553
2016-10-25 00:42:55,287 INFO     [task] make[plank] 0.245882889793 0.805353588692
2016-10-25 00:42:55,287 INFO     [task] make[rope] 0.232287779259 0.829091377312
2016-10-25 00:42:55,287 INFO     
2016-10-25 00:42:55,287 INFO     [rollout0] [1, 4, 5, 0, 2, 0, 3, 2, 0, 4, 5]
2016-10-25 00:42:55,287 INFO     [rollout1] [2, 0, 3, 4, 1, 5, 2, 4, 2, 2, 1, 1, 2, 0, 1, 2, 4, 2, 4, 4, 6]
2016-10-25 00:42:55,287 INFO     [rollout2] [2, 1, 3, 1, 2, 1, 2, 1, 4, 5, 3, 3, 0, 0, 3, 4, 5]
2016-10-25 00:42:55,287 INFO     [reward] 0.80669
2016-10-25 00:42:55,288 INFO     [error] [ -3.53853859e-05   1.25684650e-04]
2016-10-25 00:42:55,288 INFO     
2016-10-25 00:42:55,288 INFO     [min reward] 0.759159347553
2016-10-25 00:42:55,288 INFO     
2016-10-25 00:42:55,288 INFO     [max steps] 2
2016-10-25 00:51:48,621 INFO     [step] 1227400
2016-10-25 00:51:48,621 INFO     [task] make[cloth] 0.193319075933 0.86597135741
2016-10-25 00:51:48,621 INFO     [task] make[stick] 0.317959995047 0.776439299124
2016-10-25 00:51:48,622 INFO     [task] make[plank] 0.259405209209 0.805694497884
2016-10-25 00:51:48,622 INFO     [task] make[rope] 0.229315719811 0.819299323909
2016-10-25 00:51:48,622 INFO     
2016-10-25 00:51:48,622 INFO     [rollout0] [3, 0, 0, 4, 5, 4, 0, 0, 2, 4, 5]
2016-10-25 00:51:48,622 INFO     [rollout1] [1, 4, 5, 0, 2, 4, 5]
2016-10-25 00:51:48,622 INFO     [rollout2] [2, 1, 2, 1, 2, 4, 5, 3, 0, 3, 4, 5]
2016-10-25 00:51:48,622 INFO     [reward] 0.81106
2016-10-25 00:51:48,622 INFO     [error] [ -5.10935167e-05   1.29679178e-04]
2016-10-25 00:51:48,622 INFO     
2016-10-25 00:51:48,622 INFO     [min reward] 0.776439299124
2016-10-25 00:51:48,622 INFO     
2016-10-25 00:51:48,622 INFO     [max steps] 2
2016-10-25 01:00:08,397 INFO     [step] 1327400
2016-10-25 01:00:08,397 INFO     [task] make[cloth] 0.186421793228 0.879253683876
2016-10-25 01:00:08,397 INFO     [task] make[stick] 0.302306568345 0.790211183424
2016-10-25 01:00:08,397 INFO     [task] make[plank] 0.264440443136 0.867496005478
2016-10-25 01:00:08,397 INFO     [task] make[rope] 0.246831195291 0.885209445253
2016-10-25 01:00:08,397 INFO     
2016-10-25 01:00:08,397 INFO     [rollout0] [3, 4, 5, 2, 0, 2, 4, 2, 4, 5]
2016-10-25 01:00:08,398 INFO     [rollout1] [3, 0, 0, 3, 3, 4, 5, 1, 1, 1, 1, 1, 3, 3, 1, 1, 4, 5]
2016-10-25 01:00:08,398 INFO     [rollout2] [1, 4, 5, 2, 1, 4, 5]
2016-10-25 01:00:08,398 INFO     [reward] 0.85082
2016-10-25 01:00:08,398 INFO     [error] [ -8.38061886e-05   1.38841518e-04]
2016-10-25 01:00:08,398 INFO     
2016-10-25 01:00:08,398 INFO     [min reward] 0.790211183424
2016-10-25 01:00:08,398 INFO     
2016-10-25 01:00:08,398 INFO     [max steps] 2
2016-10-25 01:08:17,177 INFO     [step] 1427400
2016-10-25 01:08:17,177 INFO     [task] make[cloth] 0.211621940383 0.894249741614
2016-10-25 01:08:17,178 INFO     [task] make[stick] 0.355743375546 0.808181534888
2016-10-25 01:08:17,178 INFO     [task] make[plank] 0.23065255471 0.887544977674
2016-10-25 01:08:17,178 INFO     [task] make[rope] 0.201982129362 0.899891881266
2016-10-25 01:08:17,178 INFO     
2016-10-25 01:08:17,178 INFO     [rollout0] [2, 4, 4, 4, 4, 1, 4, 3, 1, 4, 5, 2, 1, 2, 4, 5]
2016-10-25 01:08:17,178 INFO     [rollout1] [0, 0, 2, 0, 0, 2, 4, 5, 3, 4, 5]
2016-10-25 01:08:17,178 INFO     [rollout2] [2, 0, 2, 2, 0, 4, 5, 1, 2, 1, 4, 5]
2016-10-25 01:08:17,178 INFO     [reward] 0.86347
2016-10-25 01:08:17,178 INFO     [error] [ -7.41491864e-05   1.66682915e-04]
2016-10-25 01:08:17,178 INFO     
2016-10-25 01:08:17,178 INFO     [min reward] 0.808181534888
2016-10-25 01:08:17,178 INFO     
2016-10-25 01:08:44,000 INFO     [max steps] 3
2016-10-25 01:18:19,944 INFO     [step] 1527400
2016-10-25 01:18:19,944 INFO     [task] make[cloth] 0.2 0.895354082093
2016-10-25 01:18:19,944 INFO     [task] make[stick] 0.2 0.813922289576
2016-10-25 01:18:19,944 INFO     [task] make[bridge] 0.2 0.250835612276
2016-10-25 01:18:19,944 INFO     [task] make[plank] 0.2 0.887382222444
2016-10-25 01:18:19,944 INFO     [task] make[rope] 0.2 0.909127063034
2016-10-25 01:18:19,944 INFO     
2016-10-25 01:18:19,944 INFO     [rollout0] [4, 2, 4, 4, 4, 4, 4, 4, 0, 2, 0, 0, 3, 4, 6, 3, 1, 4, 5]
2016-10-25 01:18:19,944 INFO     [rollout1] [4, 0, 4, 5, 3, 4, 3, 3, 4, 3, 3, 4, 4, 5]
2016-10-25 01:18:19,945 INFO     [rollout2] [3, 3, 4, 0, 4, 5, 1, 4, 1, 1, 4, 1, 2, 2, 1, 4, 5]
2016-10-25 01:18:19,945 INFO     [reward] 0.75287
2016-10-25 01:18:19,945 INFO     [error] [ -7.55492987e-05   1.79797958e-04]
2016-10-25 01:18:19,945 INFO     
2016-10-25 01:18:19,945 INFO     [min reward] 0.250835612276
2016-10-25 01:18:19,945 INFO     
2016-10-25 01:18:19,945 INFO     [max steps] 3
2016-10-25 01:28:51,749 INFO     [step] 1626700
2016-10-25 01:28:51,750 INFO     [task] make[cloth] 0.0886406395874 0.89795221843
2016-10-25 01:28:51,750 INFO     [task] make[stick] 0.151601155786 0.801851487099
2016-10-25 01:28:51,750 INFO     [task] make[bridge] 0.586962171077 0.364742374634
2016-10-25 01:28:51,750 INFO     [task] make[plank] 0.0948042322464 0.895595773616
2016-10-25 01:28:51,750 INFO     [task] make[rope] 0.0779918013037 0.907022106632
2016-10-25 01:28:51,750 INFO     
2016-10-25 01:28:51,750 INFO     [rollout0] [3, 2, 4, 4, 1, 1, 1, 1, 4, 4, 4, 4, 1, 4, 6, 3, 4, 3, 0, 2, 4, 5, 2, 0, 4, 5]
2016-10-25 01:28:51,750 INFO     [rollout1] [3, 5, 1, 4, 2, 4, 2, 1, 4, 5, 0, 0, 0, 0, 4, 5]
2016-10-25 01:28:51,750 INFO     [rollout2] [4, 4, 1, 4, 3, 3, 1, 3, 4, 5, 1, 3, 4, 5, 3, 3, 3, 0, 4, 5]
2016-10-25 01:28:51,750 INFO     [reward] 0.572084592145
2016-10-25 01:28:51,750 INFO     [error] [ -9.56693806e-05   1.26166907e-04]
2016-10-25 01:28:51,751 INFO     
2016-10-25 01:28:51,751 INFO     [min reward] 0.364742374634
2016-10-25 01:28:51,751 INFO     
2016-10-25 01:28:51,751 INFO     [max steps] 3
2016-10-25 01:39:17,040 INFO     [step] 1726500
2016-10-25 01:39:17,040 INFO     [task] make[cloth] 0.0947280754219 0.900304334138
2016-10-25 01:39:17,040 INFO     [task] make[stick] 0.175974104554 0.813461538462
2016-10-25 01:39:17,040 INFO     [task] make[bridge] 0.545517386831 0.650886704034
2016-10-25 01:39:17,040 INFO     [task] make[plank] 0.0967202744543 0.903921975514
2016-10-25 01:39:17,040 INFO     [task] make[rope] 0.0870601587383 0.912743031155
2016-10-25 01:39:17,041 INFO     
2016-10-25 01:39:17,041 INFO     [rollout0] [3, 4, 4, 4, 4, 1, 0, 0, 2, 4, 1, 3, 4, 4, 6, 3, 4, 5, 0, 4, 0, 0, 0, 3, 0, 3, 0, 4, 4, 4, 4, 4, 6]
2016-10-25 01:39:17,041 INFO     [rollout1] [3, 0, 4, 5, 1, 2, 2, 1, 1, 2, 4, 5]
2016-10-25 01:39:17,041 INFO     [rollout2] [2, 0, 4, 5, 0, 2, 4, 5]
2016-10-25 01:39:17,041 INFO     [reward] 0.750340681363
2016-10-25 01:39:17,041 INFO     [error] [ -5.16212341e-05   1.34065704e-04]
2016-10-25 01:39:17,041 INFO     
2016-10-25 01:39:17,041 INFO     [min reward] 0.650886704034
2016-10-25 01:39:17,041 INFO     
2016-10-25 01:39:17,041 INFO     [max steps] 3
2016-10-25 01:48:58,889 INFO     [step] 1826500
2016-10-25 01:48:58,890 INFO     [task] make[cloth] 0.126278216013 0.909524946288
2016-10-25 01:48:58,890 INFO     [task] make[stick] 0.226248923382 0.828816481719
2016-10-25 01:48:58,890 INFO     [task] make[bridge] 0.413399982621 0.76174974077
2016-10-25 01:48:58,890 INFO     [task] make[plank] 0.122113700528 0.91241959426
2016-10-25 01:48:58,890 INFO     [task] make[rope] 0.111959177457 0.918441928871
2016-10-25 01:48:58,890 INFO     
2016-10-25 01:48:58,890 INFO     [rollout0] [1, 4, 5, 1, 2, 2, 1, 4, 5]
2016-10-25 01:48:58,890 INFO     [rollout1] [1, 2, 1, 2, 4, 5, 1, 3, 1, 3, 4, 5]
2016-10-25 01:48:58,890 INFO     [rollout2] [4, 5, 0, 3, 4, 5]
2016-10-25 01:48:58,890 INFO     [reward] 0.83134
2016-10-25 01:48:58,890 INFO     [error] [ -1.81146165e-05   1.26763239e-04]
2016-10-25 01:48:58,890 INFO     
2016-10-25 01:48:58,891 INFO     [min reward] 0.76174974077
2016-10-25 01:48:58,891 INFO     
2016-10-25 01:48:58,891 INFO     [max steps] 3
2016-10-25 01:58:19,151 INFO     [step] 1926500
2016-10-25 01:58:19,151 INFO     [task] make[cloth] 0.139733578836 0.915288220551
2016-10-25 01:58:19,151 INFO     [task] make[stick] 0.251977187373 0.848218874787
2016-10-25 01:58:19,151 INFO     [task] make[bridge] 0.345248854194 0.798339744888
2016-10-25 01:58:19,152 INFO     [task] make[plank] 0.13570790773 0.913963328632
2016-10-25 01:58:19,152 INFO     [task] make[rope] 0.127332471868 0.92297999685
2016-10-25 01:58:19,152 INFO     
2016-10-25 01:58:19,152 INFO     [rollout0] [2, 1, 2, 2, 2, 2, 2, 2, 2, 4, 2, 2, 2, 4, 6, 4, 4, 4, 4, 4, 4, 4, 4, 4, 4, 4, 4, 4, 4, 6]
2016-10-25 01:58:19,152 INFO     [rollout1] [2, 0, 2, 4, 5, 2, 4, 5, 2, 4, 5]
2016-10-25 01:58:19,152 INFO     [rollout2] [3, 0, 0, 3, 3, 4, 5, 1, 2, 2, 1, 3, 2, 3, 2, 1, 2, 1, 1, 2, 1, 6]
2016-10-25 01:58:19,152 INFO     [reward] 0.85869
2016-10-25 01:58:19,152 INFO     [error] [ -9.02035152e-05   1.33728175e-04]
2016-10-25 01:58:19,152 INFO     
2016-10-25 01:58:19,152 INFO     [min reward] 0.798339744888
2016-10-25 01:58:19,152 INFO     
2016-10-25 01:58:19,152 INFO     [max steps] 3
2016-10-25 02:07:27,460 INFO     [step] 2026500
2016-10-25 02:07:27,460 INFO     [task] make[cloth] 0.145439725356 0.92377881449
2016-10-25 02:07:27,460 INFO     [task] make[stick] 0.248431637075 0.855539346787
2016-10-25 02:07:27,460 INFO     [task] make[bridge] 0.325026195808 0.822995554193
2016-10-25 02:07:27,460 INFO     [task] make[plank] 0.14747423382 0.920428667113
2016-10-25 02:07:27,460 INFO     [task] make[rope] 0.133628207941 0.92470267404
2016-10-25 02:07:27,460 INFO     
2016-10-25 02:07:27,460 INFO     [rollout0] [2, 0, 2, 1, 4, 5, 2, 4, 2, 4, 4, 0, 4, 5]
2016-10-25 02:07:27,460 INFO     [rollout1] [1, 4, 5, 3, 1, 0, 4, 4, 1, 0, 4, 3, 0, 0, 0, 3, 0, 6]
2016-10-25 02:07:27,460 INFO     [rollout2] [0, 4, 5, 1, 1, 1, 3, 4, 5]
2016-10-25 02:07:27,460 INFO     [reward] 0.87369
2016-10-25 02:07:27,461 INFO     [error] [ -5.85674410e-05   1.47198335e-04]
2016-10-25 02:07:27,461 INFO     
2016-10-25 02:07:27,461 INFO     [min reward] 0.822995554193
2016-10-25 02:07:27,461 INFO     
2016-10-25 02:07:52,923 INFO     [max steps] 4
2016-10-25 02:18:03,960 INFO     [step] 2098700
2016-10-25 02:18:03,961 INFO     [task] make[cloth] 0.111111111111 0.913403335392
2016-10-25 02:18:03,961 INFO     [task] make[bed] 0.111111111111 0.767959949937
2016-10-25 02:18:03,961 INFO     [task] make[stick] 0.111111111111 0.834749878582
2016-10-25 02:18:03,961 INFO     [task] make[bridge] 0.111111111111 0.807917340969
2016-10-25 02:18:03,961 INFO     [task] make[plank] 0.111111111111 0.915662650602
2016-10-25 02:18:03,961 INFO     [task] make[axe] 0.111111111111 0.670012547051
2016-10-25 02:18:03,961 INFO     [task] get[gold] 0.111111111111 0.000375563345018
2016-10-25 02:18:03,961 INFO     [task] make[shears] 0.111111111111 0.103186457555
2016-10-25 02:18:03,961 INFO     [task] make[rope] 0.111111111111 0.921696574225
2016-10-25 02:18:03,962 INFO     
2016-10-25 02:18:03,962 INFO     [rollout0] [2, 1, 2, 4, 5, 1, 2, 4, 5, 1, 3, 4, 5, 0, 0, 2, 0, 3, 0, 3, 0, 3, 4, 5]
2016-10-25 02:18:03,962 INFO     [rollout1] [4, 4, 4, 4, 4, 4, 4, 4, 4, 4, 4, 4, 4, 4, 6, 2, 4, 5, 0, 3, 4, 3, 3, 0, 4, 5, 4, 1, 3, 3, 3, 4, 3, 4, 2, 2, 4, 0, 0, 0, 6]
2016-10-25 02:18:03,962 INFO     [rollout2] [1, 4, 5, 1, 0, 1, 4, 4, 4, 4, 4, 4, 4, 1, 1, 1, 4, 6, 2, 2, 1, 2, 4, 5, 4, 4, 3, 3, 3, 4, 3, 3, 3, 4, 3, 4, 3, 1, 6]
2016-10-25 02:18:03,962 INFO     [reward] 0.65972299169
2016-10-25 02:18:03,962 INFO     [error] [ -6.97867766e-05   1.25814078e-04]
2016-10-25 02:18:03,962 INFO     
2016-10-25 02:18:03,962 INFO     [min reward] 0.000375563345018
2016-10-25 02:18:03,962 INFO     
2016-10-25 02:18:03,962 INFO     [max steps] 4
2016-10-25 02:26:20,669 INFO     [step] 2148700
2016-10-25 02:26:20,669 INFO     [task] make[cloth] 0.0306166629227 0.904359141184
2016-10-25 02:26:20,669 INFO     [task] make[bed] 0.076715471043 0.797606659729
2016-10-25 02:26:20,669 INFO     [task] make[stick] 0.0555461611062 0.815799187892
2016-10-25 02:26:20,670 INFO     [task] make[bridge] 0.0640508311464 0.807596513076
2016-10-25 02:26:20,670 INFO     [task] make[plank] 0.0299005647789 0.908156271419
2016-10-25 02:26:20,670 INFO     [task] make[axe] 0.107760255358 0.655008240249
2016-10-25 02:26:20,670 INFO     [task] get[gold] 0.320004124171 0.000998751560549
2016-10-25 02:26:20,670 INFO     [task] make[shears] 0.287417838655 0.125783098984
2016-10-25 02:26:20,670 INFO     [task] make[rope] 0.0279880908192 0.91091954023
2016-10-25 02:26:20,670 INFO     
2016-10-25 02:26:20,670 INFO     [rollout0] [3, 3, 4, 5, 0, 2, 0, 3, 3, 0, 2, 2, 0, 2, 1, 1, 2, 1, 6, 0, 0, 4, 4, 4, 4, 4, 4, 4, 4, 4, 4, 4, 4, 6, 2, 2, 0, 1, 2, 1, 0, 3, 2, 2, 0, 4, 3, 2, 6]
2016-10-25 02:26:20,670 INFO     [rollout1] [2, 1, 2, 2, 1, 2, 4, 2, 4, 5, 1, 3, 3, 1, 4, 5]
2016-10-25 02:26:20,670 INFO     [rollout2] [0, 2, 4, 2, 2, 0, 2, 2, 4, 5, 0, 4, 0, 3, 0, 0, 3, 4, 5, 3, 3, 0, 3, 4, 5, 1, 2, 1, 1, 1, 1, 1, 1, 4, 5]
2016-10-25 02:26:20,670 INFO     [reward] 0.34506
2016-10-25 02:26:20,670 INFO     [error] [  2.73567022e-06   7.69426045e-05]
2016-10-25 02:26:20,670 INFO     
2016-10-25 02:26:20,670 INFO     [min reward] 0.000998751560549
2016-10-25 02:26:20,671 INFO     
2016-10-25 02:26:20,671 INFO     [max steps] 4
2016-10-25 02:34:21,204 INFO     [step] 2198700
2016-10-25 02:34:21,204 INFO     [task] make[cloth] 0.0333907876186 0.909863945578
2016-10-25 02:34:21,204 INFO     [task] make[bed] 0.0671329350791 0.808595988539
2016-10-25 02:34:21,204 INFO     [task] make[stick] 0.0613826709205 0.705921712947
2016-10-25 02:34:21,204 INFO     [task] make[bridge] 0.0639753587855 0.786951144094
2016-10-25 02:34:21,204 INFO     [task] make[plank] 0.0321905969855 0.911783238815
2016-10-25 02:34:21,204 INFO     [task] make[axe] 0.112205207238 0.586262844781
2016-10-25 02:34:21,204 INFO     [task] get[gold] 0.318923442797 0.00774559193955
2016-10-25 02:34:21,204 INFO     [task] make[shears] 0.279481813018 0.206787913504
2016-10-25 02:34:21,204 INFO     [task] make[rope] 0.0313171875581 0.931302657161
2016-10-25 02:34:21,204 INFO     
2016-10-25 02:34:21,204 INFO     [rollout0] [3, 0, 3, 0, 4, 5, 3, 0, 4, 5, 3, 0, 3, 0, 3, 0, 3, 3, 4, 3, 0, 1, 3, 4, 6, 5]
2016-10-25 02:34:21,204 INFO     [rollout1] [2, 2, 2, 1, 4, 5, 0, 3, 0, 2, 0, 3, 0, 3, 0, 3, 4, 5, 1, 2, 1, 4, 5, 2, 2, 2, 1, 4, 1, 2, 4, 2, 1, 4, 5]
2016-10-25 02:34:21,204 INFO     [rollout2] [2, 1, 1, 4, 5, 2, 0, 2, 0, 2, 2, 4, 2, 0, 4, 5, 3, 4, 3, 4, 5, 3, 3, 3, 4, 0, 3, 0, 0, 4, 3, 4, 5]
2016-10-25 02:34:21,204 INFO     [reward] 0.36458
2016-10-25 02:34:21,204 INFO     [error] [ -2.73990713e-05   9.62241409e-05]
2016-10-25 02:34:21,205 INFO     
2016-10-25 02:34:21,205 INFO     [min reward] 0.00774559193955
2016-10-25 02:34:21,205 INFO     
2016-10-25 02:34:21,205 INFO     [max steps] 4
2016-10-25 02:42:19,915 INFO     [step] 2248700
2016-10-25 02:42:19,916 INFO     [task] make[cloth] 0.0309560158027 0.913770913771
2016-10-25 02:42:19,916 INFO     [task] make[bed] 0.0622619474826 0.810732647815
2016-10-25 02:42:19,916 INFO     [task] make[stick] 0.0940026278607 0.722079589217
2016-10-25 02:42:19,916 INFO     [task] make[bridge] 0.0689532251702 0.782928208027
2016-10-25 02:42:19,916 INFO     [task] make[plank] 0.0303626863359 0.916339869281
2016-10-25 02:42:19,916 INFO     [task] make[axe] 0.130993917714 0.606302774427
2016-10-25 02:42:19,916 INFO     [task] get[gold] 0.309836486702 0.0593028519692
2016-10-25 02:42:19,916 INFO     [task] make[shears] 0.248304630995 0.203446313907
2016-10-25 02:42:19,916 INFO     [task] make[rope] 0.0243284619372 0.91122278057
2016-10-25 02:42:19,916 INFO     
2016-10-25 02:42:19,916 INFO     [rollout0] [3, 1, 3, 4, 5, 1, 1, 2, 4, 5, 0, 2, 0, 4, 5, 3, 0, 0, 4, 0, 0, 4, 4, 0, 0, 4, 0, 0, 4, 6]
2016-10-25 02:42:19,916 INFO     [rollout1] [1, 1, 1, 4, 1, 4, 5, 1, 3, 3, 1, 4, 5, 2, 2, 4, 1, 4, 5, 2, 1, 4, 5]
2016-10-25 02:42:19,916 INFO     [rollout2] [3, 4, 5, 0, 0, 0, 0, 4, 0, 4, 5, 4, 2, 4, 5, 3, 3, 3, 3, 3, 3, 3, 3, 3, 3, 3, 3, 3, 3, 6]
2016-10-25 02:42:19,916 INFO     [reward] 0.40038
2016-10-25 02:42:19,916 INFO     [error] [ -5.19919280e-05   8.74597389e-05]
2016-10-25 02:42:19,917 INFO     
2016-10-25 02:42:19,917 INFO     [min reward] 0.0593028519692
2016-10-25 02:42:19,917 INFO     
2016-10-25 02:42:19,917 INFO     [max steps] 4
2016-10-25 02:50:15,688 INFO     [step] 2298800
2016-10-25 02:50:15,688 INFO     [task] make[cloth] 0.030414954792 0.905835543767
2016-10-25 02:50:15,688 INFO     [task] make[bed] 0.0629820748146 0.820974247595
2016-10-25 02:50:15,688 INFO     [task] make[stick] 0.0910024881334 0.745591397849
2016-10-25 02:50:15,688 INFO     [task] make[bridge] 0.0717701742583 0.812587023113
2016-10-25 02:50:15,688 INFO     [task] make[plank] 0.0296029896288 0.907643312102
2016-10-25 02:50:15,688 INFO     [task] make[axe] 0.127595858452 0.630270963604
2016-10-25 02:50:15,688 INFO     [task] get[gold] 0.300485143435 0.263692491536
2016-10-25 02:50:15,688 INFO     [task] make[shears] 0.2549259778 0.197517284727
2016-10-25 02:50:15,688 INFO     [task] make[rope] 0.0312203386853 0.91568627451
2016-10-25 02:50:15,688 INFO     
2016-10-25 02:50:15,688 INFO     [rollout0] [0, 4, 5, 1, 1, 3, 3, 1, 4, 5, 1, 2, 1, 2, 2, 4, 5, 5]
2016-10-25 02:50:15,688 INFO     [rollout1] [1, 1, 2, 1, 1, 1, 2, 2, 1, 4, 5, 1, 2, 4, 5]
2016-10-25 02:50:15,688 INFO     [rollout2] [0, 2, 4, 5, 4, 1, 0, 0, 4, 4, 4, 4, 4, 4, 4, 4, 4, 4, 6, 4, 3, 4, 5, 1, 0, 4, 4, 0, 4, 2, 0, 4, 0, 0, 0, 4, 4, 6]
2016-10-25 02:50:15,688 INFO     [reward] 0.471856287425
2016-10-25 02:50:15,689 INFO     [error] [ -2.29474883e-05   1.00411689e-04]
2016-10-25 02:50:15,689 INFO     
2016-10-25 02:50:15,689 INFO     [min reward] 0.197517284727
2016-10-25 02:50:15,689 INFO     
2016-10-25 02:50:15,689 INFO     [max steps] 4
2016-10-25 02:58:03,807 INFO     [step] 2348900
2016-10-25 02:58:03,807 INFO     [task] make[cloth] 0.0360405520625 0.920813269128
2016-10-25 02:58:03,807 INFO     [task] make[bed] 0.0654022755654 0.844335277863
2016-10-25 02:58:03,807 INFO     [task] make[stick] 0.0914844884346 0.752584269663
2016-10-25 02:58:03,807 INFO     [task] make[bridge] 0.068304227071 0.824296897651
2016-10-25 02:58:03,807 INFO     [task] make[plank] 0.0354150702891 0.90423775454
2016-10-25 02:58:03,807 INFO     [task] make[axe] 0.131384971426 0.640773718146
2016-10-25 02:58:03,807 INFO     [task] get[gold] 0.258219891756 0.453049296316
2016-10-25 02:58:03,807 INFO     [task] make[shears] 0.28111629109 0.258041710852
2016-10-25 02:58:03,807 INFO     [task] make[rope] 0.0326322323051 0.928571428571
2016-10-25 02:58:03,807 INFO     
2016-10-25 02:58:03,808 INFO     [rollout0] [3, 3, 1, 3, 4, 5, 1, 1, 1, 1, 4, 5]
2016-10-25 02:58:03,808 INFO     [rollout1] [4, 0, 4, 5, 3, 1, 4, 5, 3, 4, 3, 3, 3, 1, 3, 4, 3, 4, 5, 2, 0, 2, 0, 2, 2, 0, 2, 0, 2, 0, 0, 4, 0, 6]
2016-10-25 02:58:03,808 INFO     [rollout2] [1, 4, 5, 3, 0, 4, 5]
2016-10-25 02:58:03,808 INFO     [reward] 0.548962075848
2016-10-25 02:58:03,808 INFO     [error] [ -2.44419843e-05   1.13598151e-04]
2016-10-25 02:58:03,808 INFO     
2016-10-25 02:58:03,808 INFO     [min reward] 0.258041710852
2016-10-25 02:58:03,808 INFO     
2016-10-25 02:58:03,808 INFO     [max steps] 4
2016-10-25 03:05:53,357 INFO     [step] 2398900
2016-10-25 03:05:53,357 INFO     [task] make[cloth] 0.0347937646474 0.915807560137
2016-10-25 03:05:53,357 INFO     [task] make[bed] 0.0646295619992 0.83500761035
2016-10-25 03:05:53,357 INFO     [task] make[stick] 0.100423709338 0.769888623707
2016-10-25 03:05:53,357 INFO     [task] make[bridge] 0.072446988181 0.859017308766
2016-10-25 03:05:53,358 INFO     [task] make[plank] 0.0412602484822 0.919660678643
2016-10-25 03:05:53,358 INFO     [task] make[axe] 0.144043539065 0.681270996641
2016-10-25 03:05:53,358 INFO     [task] get[gold] 0.217279089778 0.503863845446
2016-10-25 03:05:53,358 INFO     [task] make[shears] 0.293355967658 0.813189789424
2016-10-25 03:05:53,358 INFO     [task] make[rope] 0.0317671308518 0.928117048346
2016-10-25 03:05:53,358 INFO     
2016-10-25 03:05:53,358 INFO     [rollout0] [2, 1, 2, 1, 2, 2, 0, 4, 5, 3, 3, 1, 3, 4, 5]
2016-10-25 03:05:53,358 INFO     [rollout1] [2, 4, 1, 4, 5, 1, 4, 5, 3, 4, 3, 3, 1, 3, 4, 5, 2, 2, 2, 2, 2, 2, 2, 2, 2, 2, 3, 2, 2, 2, 6]
2016-10-25 03:05:53,358 INFO     [rollout2] [2, 0, 2, 4, 5, 2, 4, 5, 1, 1, 4, 3, 5, 1, 4, 1, 1, 1, 4, 5]
2016-10-25 03:05:53,358 INFO     [reward] 0.73892
2016-10-25 03:05:53,358 INFO     [error] [ -5.03343146e-05   1.13915852e-04]
2016-10-25 03:05:53,358 INFO     
2016-10-25 03:05:53,358 INFO     [min reward] 0.503863845446
2016-10-25 03:05:53,358 INFO     
2016-10-25 03:05:53,358 INFO     [max steps] 4
2016-10-25 03:13:39,773 INFO     [step] 2449100
2016-10-25 03:13:39,773 INFO     [task] make[cloth] 0.0505276393706 0.929984177215
2016-10-25 03:13:39,773 INFO     [task] make[bed] 0.0938711468748 0.836781609195
2016-10-25 03:13:39,773 INFO     [task] make[stick] 0.128802917175 0.801614405464
2016-10-25 03:13:39,773 INFO     [task] make[bridge] 0.0809916271944 0.870244394054
2016-10-25 03:13:39,773 INFO     [task] make[plank] 0.0484607114668 0.910706728735
2016-10-25 03:13:39,773 INFO     [task] make[axe] 0.176340060377 0.711677186655
2016-10-25 03:13:39,773 INFO     [task] get[gold] 0.271506557501 0.53977808398
2016-10-25 03:13:39,773 INFO     [task] make[shears] 0.105574877973 0.85875382263
2016-10-25 03:13:39,773 INFO     [task] make[rope] 0.0439244620674 0.927927927928
2016-10-25 03:13:39,773 INFO     
2016-10-25 03:13:39,773 INFO     [rollout0] [0, 2, 4, 5, 3, 3, 4, 3, 4, 5, 1, 2, 1, 4, 2, 1, 2, 4, 5, 3, 0, 0, 3, 4, 5]
2016-10-25 03:13:39,773 INFO     [rollout1] [1, 1, 2, 4, 2, 1, 4, 5, 2, 2, 0, 0, 2, 4, 5, 2, 2, 2, 2, 2, 2, 2, 1, 2, 1, 2, 2, 1, 4, 6, 1, 4, 1, 4, 5]
2016-10-25 03:13:39,774 INFO     [rollout2] [2, 4, 5, 1, 2, 4, 5, 2, 0, 2, 0, 2, 2, 1, 2, 4, 5, 0, 0, 0, 0, 2, 0, 2, 2, 0, 4, 5]
2016-10-25 03:13:39,774 INFO     [reward] 0.745717131474
2016-10-25 03:13:39,774 INFO     [error] [ -6.23718505e-05   1.15245794e-04]
2016-10-25 03:13:39,774 INFO     
2016-10-25 03:13:39,774 INFO     [min reward] 0.53977808398
2016-10-25 03:13:39,774 INFO     
2016-10-25 03:13:39,774 INFO     [max steps] 4
2016-10-25 03:21:20,429 INFO     [step] 2499300
2016-10-25 03:21:20,429 INFO     [task] make[cloth] 0.0469981407512 0.917407878018
2016-10-25 03:21:20,429 INFO     [task] make[bed] 0.101741655943 0.849347568209
2016-10-25 03:21:20,429 INFO     [task] make[stick] 0.122397485418 0.816790203029
2016-10-25 03:21:20,429 INFO     [task] make[bridge] 0.0820869349389 0.87676056338
2016-10-25 03:21:20,429 INFO     [task] make[plank] 0.0583209542333 0.924252717391
2016-10-25 03:21:20,429 INFO     [task] make[axe] 0.175223063176 0.745319634703
2016-10-25 03:21:20,429 INFO     [task] get[gold] 0.276189821266 0.577817531306
2016-10-25 03:21:20,429 INFO     [task] make[shears] 0.0888360437314 0.887182910547
2016-10-25 03:21:20,429 INFO     [task] make[rope] 0.0482059005424 0.922918384171
2016-10-25 03:21:20,429 INFO     
2016-10-25 03:21:20,429 INFO     [rollout0] [4, 5, 1, 4, 1, 4, 5, 2, 2, 2, 1, 4, 5, 2, 1, 2, 1, 4, 5]
2016-10-25 03:21:20,430 INFO     [rollout1] [0, 2, 4, 5, 0, 4, 5, 2, 2, 2, 2, 0, 4, 5, 3, 3, 0, 4, 0, 4, 5]
2016-10-25 03:21:20,430 INFO     [rollout2] [3, 1, 0, 1, 2, 1, 4, 5, 0, 3, 4, 5, 2, 2, 2, 2, 2, 4, 5, 3, 0, 3, 3, 3, 3, 3, 3, 3, 0, 3, 3, 3, 3, 6]
2016-10-25 03:21:20,430 INFO     [reward] 0.76828685259
2016-10-25 03:21:20,430 INFO     [error] [ -3.90018283e-05   1.03816491e-04]
2016-10-25 03:21:20,430 INFO     
2016-10-25 03:21:20,430 INFO     [min reward] 0.577817531306
2016-10-25 03:21:20,430 INFO     
2016-10-25 03:21:20,430 INFO     [max steps] 4
2016-10-25 03:28:57,197 INFO     [step] 2549600
2016-10-25 03:28:57,197 INFO     [task] make[cloth] 0.0588932504232 0.926215572934
2016-10-25 03:28:57,197 INFO     [task] make[bed] 0.102183033438 0.852270512571
2016-10-25 03:28:57,197 INFO     [task] make[stick] 0.122891156543 0.826568265683
2016-10-25 03:28:57,197 INFO     [task] make[bridge] 0.0847469886109 0.87979966611
2016-10-25 03:28:57,197 INFO     [task] make[plank] 0.0545395880305 0.927789934354
2016-10-25 03:28:57,197 INFO     [task] make[axe] 0.168350035638 0.743592758053
2016-10-25 03:28:57,198 INFO     [task] get[gold] 0.274889805012 0.611175365043
2016-10-25 03:28:57,198 INFO     [task] make[shears] 0.0781178511793 0.89678725019
2016-10-25 03:28:57,198 INFO     [task] make[rope] 0.0553882911251 0.936393205638
2016-10-25 03:28:57,198 INFO     
2016-10-25 03:28:57,198 INFO     [rollout0] [0, 3, 0, 4, 5, 3, 1, 3, 1, 4, 5, 0, 4, 0, 3, 0, 3, 0, 3, 4, 5, 2, 0, 4, 0, 4, 5]
2016-10-25 03:28:57,198 INFO     [rollout1] [4, 5, 1, 4, 5, 3, 3, 0, 3, 4, 5, 3, 3, 4, 5]
2016-10-25 03:28:57,198 INFO     [rollout2] [2, 2, 1, 4, 5, 3, 3, 3, 3, 1, 4, 5]
2016-10-25 03:28:57,198 INFO     [reward] 0.783260437376
2016-10-25 03:28:57,198 INFO     [error] [ -1.79582768e-05   1.14518174e-04]
2016-10-25 03:28:57,198 INFO     
2016-10-25 03:28:57,198 INFO     [min reward] 0.611175365043
2016-10-25 03:28:57,198 INFO     
2016-10-25 03:28:57,198 INFO     [max steps] 4
2016-10-25 03:36:33,876 INFO     [step] 2600300
2016-10-25 03:36:33,876 INFO     [task] make[cloth] 0.0562535295315 0.917304189435
2016-10-25 03:36:33,876 INFO     [task] make[bed] 0.10590083014 0.855751217685
2016-10-25 03:36:33,876 INFO     [task] make[stick] 0.123157522762 0.831083252973
2016-10-25 03:36:33,876 INFO     [task] make[bridge] 0.0874175378885 0.887898373078
2016-10-25 03:36:33,876 INFO     [task] make[plank] 0.0551964907745 0.937739130435
2016-10-25 03:36:33,876 INFO     [task] make[axe] 0.178867937362 0.771177237185
2016-10-25 03:36:33,877 INFO     [task] get[gold] 0.267774026346 0.634491443811
2016-10-25 03:36:33,877 INFO     [task] make[shears] 0.076011939066 0.909867909868
2016-10-25 03:36:33,877 INFO     [task] make[rope] 0.0494201861298 0.944016227181
2016-10-25 03:36:33,877 INFO     
2016-10-25 03:36:33,877 INFO     [rollout0] [2, 2, 0, 4, 5, 3, 0, 0, 0, 2, 2, 0, 4, 5]
2016-10-25 03:36:33,877 INFO     [rollout1] [1, 3, 4, 5, 0, 4, 5, 0, 2, 0, 4, 5]
2016-10-25 03:36:33,877 INFO     [rollout2] [0, 4, 5, 3, 1, 3, 1, 3, 3, 1, 4, 5, 2, 1, 4, 5, 3, 4, 4, 4, 0, 3, 0, 3, 4, 4, 4, 4, 4, 4, 6]
2016-10-25 03:36:33,877 INFO     [reward] 0.797692307692
2016-10-25 03:36:33,877 INFO     [error] [ -2.93713813e-05   1.11368113e-04]
2016-10-25 03:36:33,877 INFO     
2016-10-25 03:36:33,877 INFO     [min reward] 0.634491443811
2016-10-25 03:36:33,877 INFO     
2016-10-25 03:36:33,877 INFO     [max steps] 4
2016-10-25 03:44:10,702 INFO     [step] 2651800
2016-10-25 03:44:10,702 INFO     [task] make[cloth] 0.0661795734689 0.932675044883
2016-10-25 03:44:10,702 INFO     [task] make[bed] 0.11012491891 0.861403822111
2016-10-25 03:44:10,703 INFO     [task] make[stick] 0.127736452516 0.837125748503
2016-10-25 03:44:10,703 INFO     [task] make[bridge] 0.0871736655664 0.902137976637
2016-10-25 03:44:10,703 INFO     [task] make[plank] 0.05159017972 0.92523006135
2016-10-25 03:44:10,703 INFO     [task] make[axe] 0.170505964417 0.769483834373
2016-10-25 03:44:10,703 INFO     [task] get[gold] 0.268091901146 0.651494319415
2016-10-25 03:44:10,703 INFO     [task] make[shears] 0.0714886570938 0.910057236304
2016-10-25 03:44:10,703 INFO     [task] make[rope] 0.0471086871614 0.922665569724
2016-10-25 03:44:10,703 INFO     
2016-10-25 03:44:10,703 INFO     [rollout0] [4, 3, 0, 4, 5, 3, 0, 0, 3, 4, 5, 2, 2, 4, 5, 0, 3, 0, 2, 0, 2, 1, 2, 2, 0, 1, 2, 0, 1, 6]
2016-10-25 03:44:10,703 INFO     [rollout1] [0, 0, 2, 4, 5, 3, 1, 1, 1, 4, 1, 3, 3, 1, 4, 5]
2016-10-25 03:44:10,703 INFO     [rollout2] [1, 2, 2, 2, 1, 2, 1, 4, 5, 1, 4, 5, 3, 4, 5, 4, 3, 3, 4, 5]
2016-10-25 03:44:10,703 INFO     [reward] 0.804
2016-10-25 03:44:10,703 INFO     [error] [ -2.78488352e-05   1.10252846e-04]
2016-10-25 03:44:10,703 INFO     
2016-10-25 03:44:10,704 INFO     [min reward] 0.651494319415
2016-10-25 03:44:10,704 INFO     
2016-10-25 03:44:10,704 INFO     [max steps] 4
2016-10-25 03:51:47,822 INFO     [step] 2703500
2016-10-25 03:51:47,822 INFO     [task] make[cloth] 0.0561250447572 0.925008843297
2016-10-25 03:51:47,822 INFO     [task] make[bed] 0.107856087626 0.866486972147
2016-10-25 03:51:47,822 INFO     [task] make[stick] 0.125477927378 0.852395672334
2016-10-25 03:51:47,822 INFO     [task] make[bridge] 0.0782898726516 0.893991206644
2016-10-25 03:51:47,822 INFO     [task] make[plank] 0.0615288634004 0.923052362708
2016-10-25 03:51:47,822 INFO     [task] make[axe] 0.174574696361 0.779975953656
2016-10-25 03:51:47,822 INFO     [task] get[gold] 0.260215441938 0.664544781643
2016-10-25 03:51:47,822 INFO     [task] make[shears] 0.0725418084902 0.907123287671
2016-10-25 03:51:47,822 INFO     [task] make[rope] 0.0633902573971 0.926733272782
2016-10-25 03:51:47,822 INFO     
2016-10-25 03:51:47,822 INFO     [rollout0] [2, 2, 0, 0, 0, 4, 5, 1, 1, 2, 1, 2, 4, 5, 3, 0, 0, 3, 4, 5, 1, 2, 1, 2, 4, 5]
2016-10-25 03:51:47,822 INFO     [rollout1] [1, 2, 1, 2, 4, 5, 0, 4, 0, 0, 0, 0, 4, 5, 2, 2, 2, 1, 4, 5, 3, 1, 4, 5]
2016-10-25 03:51:47,823 INFO     [rollout2] [0, 1, 1, 4, 3, 3, 4, 5, 0, 2, 1, 4, 5, 0, 2, 2, 0, 4, 5, 3, 0, 4, 0, 4, 5]
2016-10-25 03:51:47,823 INFO     [reward] 0.812166344294
2016-10-25 03:51:47,823 INFO     [error] [ -3.84159030e-05   1.13933622e-04]
2016-10-25 03:51:47,823 INFO     
2016-10-25 03:51:47,823 INFO     [min reward] 0.664544781643
2016-10-25 03:51:47,823 INFO     
2016-10-25 03:51:47,823 INFO     [max steps] 4
2016-10-25 03:59:28,077 INFO     [step] 2755800
2016-10-25 03:59:28,077 INFO     [task] make[cloth] 0.0629243607022 0.927483241926
2016-10-25 03:59:28,077 INFO     [task] make[bed] 0.106251825253 0.862209611633
2016-10-25 03:59:28,077 INFO     [task] make[stick] 0.116684511036 0.846989966555
2016-10-25 03:59:28,077 INFO     [task] make[bridge] 0.0858886905523 0.902008928571
2016-10-25 03:59:28,077 INFO     [task] make[plank] 0.0643728677596 0.938420742487
2016-10-25 03:59:28,077 INFO     [task] make[axe] 0.170301436335 0.786516853933
2016-10-25 03:59:28,077 INFO     [task] get[gold] 0.255762477057 0.684194890077
2016-10-25 03:59:28,077 INFO     [task] make[shears] 0.076166175465 0.923018677436
2016-10-25 03:59:28,077 INFO     [task] make[rope] 0.0616476558406 0.937347931873
2016-10-25 03:59:28,077 INFO     
2016-10-25 03:59:28,077 INFO     [rollout0] [1, 2, 1, 4, 1, 4, 5, 2, 1, 1, 2, 4, 2, 2, 1, 4, 5]
2016-10-25 03:59:28,078 INFO     [rollout1] [2, 4, 5, 2, 2, 2, 1, 2, 1, 2, 4, 5, 4, 3, 4, 5, 3, 3, 4, 3, 1, 3, 4, 5]
2016-10-25 03:59:28,078 INFO     [rollout2] [1, 1, 1, 4, 5, 3, 4, 3, 3, 4, 5]
2016-10-25 03:59:28,078 INFO     [reward] 0.823671128107
2016-10-25 03:59:28,078 INFO     [error] [ -7.18401811e-05   1.23366136e-04]
2016-10-25 03:59:28,078 INFO     
2016-10-25 03:59:28,078 INFO     [min reward] 0.684194890077
2016-10-25 03:59:28,078 INFO     
2016-10-25 03:59:28,078 INFO     [max steps] 4
2016-10-25 04:07:02,434 INFO     [step] 2807600
2016-10-25 04:07:02,434 INFO     [task] make[cloth] 0.0643752291203 0.92699440683
2016-10-25 04:07:02,435 INFO     [task] make[bed] 0.115298278009 0.863223418573
2016-10-25 04:07:02,435 INFO     [task] make[stick] 0.127171843596 0.855804111245
2016-10-25 04:07:02,435 INFO     [task] make[bridge] 0.0842489468611 0.899976684542
2016-10-25 04:07:02,435 INFO     [task] make[plank] 0.0558423671774 0.932197496523
2016-10-25 04:07:02,435 INFO     [task] make[axe] 0.174349781406 0.798823016565
2016-10-25 04:07:02,435 INFO     [task] get[gold] 0.254175989087 0.680411585366
2016-10-25 04:07:02,435 INFO     [task] make[shears] 0.0678582472208 0.917667238422
2016-10-25 04:07:02,435 INFO     [task] make[rope] 0.0566793175211 0.941400832178
2016-10-25 04:07:02,435 INFO     
2016-10-25 04:07:02,435 INFO     [rollout0] [2, 1, 4, 5, 2, 1, 3, 3, 3, 4, 5, 2, 2, 2, 0, 2, 4, 5, 0, 2, 0, 4, 0, 4, 5]
2016-10-25 04:07:02,435 INFO     [rollout1] [1, 2, 2, 4, 5, 1, 4, 1, 1, 3, 3, 1, 4, 5]
2016-10-25 04:07:02,435 INFO     [rollout2] [2, 1, 4, 5, 0, 3, 4, 5]
2016-10-25 04:07:02,435 INFO     [reward] 0.823648648649
2016-10-25 04:07:02,435 INFO     [error] [ -2.69155356e-05   1.13863204e-04]
2016-10-25 04:07:02,435 INFO     
2016-10-25 04:07:02,436 INFO     [min reward] 0.680411585366
2016-10-25 04:07:02,436 INFO     
2016-10-25 04:07:02,436 INFO     [max steps] 4
2016-10-25 04:14:36,608 INFO     [step] 2859700
2016-10-25 04:14:36,608 INFO     [task] make[cloth] 0.0651790454022 0.937893789379
2016-10-25 04:14:36,608 INFO     [task] make[bed] 0.115254371415 0.862483530962
2016-10-25 04:14:36,608 INFO     [task] make[stick] 0.121080284473 0.856736692466
2016-10-25 04:14:36,608 INFO     [task] make[bridge] 0.0863943548818 0.913572060124
2016-10-25 04:14:36,608 INFO     [task] make[plank] 0.0610933879615 0.927393785669
2016-10-25 04:14:36,608 INFO     [task] make[axe] 0.165823936261 0.805287356322
2016-10-25 04:14:36,608 INFO     [task] get[gold] 0.258804948208 0.697816074877
2016-10-25 04:14:36,608 INFO     [task] make[shears] 0.0725030811676 0.924067614704
2016-10-25 04:14:36,609 INFO     [task] make[rope] 0.0538665902293 0.940650697176
2016-10-25 04:14:36,609 INFO     
2016-10-25 04:14:36,609 INFO     [rollout0] [3, 1, 1, 1, 3, 3, 0, 4, 5, 2, 2, 0, 0, 2, 4, 5]
2016-10-25 04:14:36,609 INFO     [rollout1] [2, 0, 4, 5, 2, 4, 1, 4, 5, 3, 1, 3, 0, 3, 0, 3, 0, 4, 5]
2016-10-25 04:14:36,609 INFO     [rollout2] [2, 0, 4, 5, 1, 1, 4, 1, 1, 4, 5]
2016-10-25 04:14:36,609 INFO     [reward] 0.831477927063
2016-10-25 04:14:36,609 INFO     [error] [ -6.26254444e-05   1.23641480e-04]
2016-10-25 04:14:36,609 INFO     
2016-10-25 04:14:36,609 INFO     [min reward] 0.697816074877
2016-10-25 04:14:36,609 INFO     
2016-10-25 04:14:36,609 INFO     [max steps] 4
2016-10-25 04:22:09,473 INFO     [step] 2911700
2016-10-25 04:22:09,473 INFO     [task] make[cloth] 0.0589055673301 0.932423208191
2016-10-25 04:22:09,473 INFO     [task] make[bed] 0.120510303126 0.871729419272
2016-10-25 04:22:09,473 INFO     [task] make[stick] 0.125205055202 0.862978204542
2016-10-25 04:22:09,473 INFO     [task] make[bridge] 0.0787746638737 0.911836337068
2016-10-25 04:22:09,473 INFO     [task] make[plank] 0.067483312162 0.936708860759
2016-10-25 04:22:09,473 INFO     [task] make[axe] 0.167235447705 0.803577611079
2016-10-25 04:22:09,473 INFO     [task] get[gold] 0.255031724206 0.698672267647
2016-10-25 04:22:09,473 INFO     [task] make[shears] 0.0702005536599 0.922354241503
2016-10-25 04:22:09,473 INFO     [task] make[rope] 0.056653372735 0.945362563238
2016-10-25 04:22:09,473 INFO     
2016-10-25 04:22:09,473 INFO     [rollout0] [1, 4, 5, 3, 1, 4, 5, 3, 3, 0, 3, 3, 0, 4, 5, 1, 2, 2, 2, 2, 2, 2, 0, 4, 0, 4, 5]
2016-10-25 04:22:09,473 INFO     [rollout1] [3, 3, 3, 1, 4, 5, 1, 3, 1, 1, 1, 2, 4, 5]
2016-10-25 04:22:09,473 INFO     [rollout2] [4, 2, 1, 2, 1, 1, 4, 5, 2, 4, 2, 1, 1, 4, 1, 3, 2, 3, 2, 1, 3, 2, 6]
2016-10-25 04:22:09,473 INFO     [reward] 0.833653846154
2016-10-25 04:22:09,473 INFO     [error] [ -3.63969987e-05   1.12068580e-04]
2016-10-25 04:22:09,474 INFO     
2016-10-25 04:22:09,474 INFO     [min reward] 0.698672267647
2016-10-25 04:22:09,474 INFO     
2016-10-25 04:22:09,474 INFO     [max steps] 4
2016-10-25 04:29:51,888 INFO     [step] 2965200
2016-10-25 04:29:51,888 INFO     [task] make[cloth] 0.064413436665 0.934763699623
2016-10-25 04:29:51,888 INFO     [task] make[bed] 0.114808605598 0.873198847262
2016-10-25 04:29:51,889 INFO     [task] make[stick] 0.122074900099 0.873165456512
2016-10-25 04:29:51,889 INFO     [task] make[bridge] 0.0815070942953 0.91393631749
2016-10-25 04:29:51,889 INFO     [task] make[plank] 0.060854980536 0.935866261398
2016-10-25 04:29:51,889 INFO     [task] make[axe] 0.171396305067 0.81432038835
2016-10-25 04:29:51,889 INFO     [task] get[gold] 0.258501140643 0.717024484814
2016-10-25 04:29:51,889 INFO     [task] make[shears] 0.0727738848469 0.915975103734
2016-10-25 04:29:51,889 INFO     [task] make[rope] 0.0536696522502 0.94267738553
2016-10-25 04:29:51,889 INFO     
2016-10-25 04:29:51,889 INFO     [rollout0] [3, 4, 5, 3, 1, 3, 4, 5, 0, 3, 4, 5, 2, 3, 2, 3, 2, 3, 2, 3, 0, 4, 0, 3, 3, 0, 6]
2016-10-25 04:29:51,889 INFO     [rollout1] [3, 0, 3, 4, 5, 0, 4, 5, 3, 3, 0, 4, 5, 2, 2, 0, 0, 4, 0, 2, 0, 4, 0, 4, 5]
2016-10-25 04:29:51,889 INFO     [rollout2] [2, 0, 0, 4, 5, 2, 2, 2, 2, 1, 2, 4, 2, 4, 5]
2016-10-25 04:29:51,889 INFO     [reward] 0.840485981308
2016-10-25 04:29:51,889 INFO     [error] [ -3.81371815e-05   1.00991814e-04]
2016-10-25 04:29:51,889 INFO     
2016-10-25 04:29:51,890 INFO     [min reward] 0.717024484814
2016-10-25 04:29:51,890 INFO     
2016-10-25 04:29:51,890 INFO     [max steps] 4
2016-10-25 04:37:29,370 INFO     [step] 3018200
2016-10-25 04:37:29,371 INFO     [task] make[cloth] 0.0643555716148 0.933468325137
2016-10-25 04:37:29,371 INFO     [task] make[bed] 0.11701687002 0.8688
2016-10-25 04:37:29,371 INFO     [task] make[stick] 0.117045431776 0.87715343745
2016-10-25 04:37:29,371 INFO     [task] make[bridge] 0.0821708825182 0.915962548527
2016-10-25 04:37:29,371 INFO     [task] make[plank] 0.0634124631296 0.931888544892
2016-10-25 04:37:29,371 INFO     [task] make[axe] 0.167380283162 0.817639779503
2016-10-25 04:37:29,371 INFO     [task] get[gold] 0.250605182 0.712007360834
2016-10-25 04:37:29,371 INFO     [task] make[shears] 0.0804269470306 0.929732313576
2016-10-25 04:37:29,371 INFO     [task] make[rope] 0.0575863687494 0.93410214168
2016-10-25 04:37:29,371 INFO     
2016-10-25 04:37:29,371 INFO     [rollout0] [3, 0, 3, 3, 3, 1, 4, 5, 0, 4, 3, 4, 3, 4, 5]
2016-10-25 04:37:29,371 INFO     [rollout1] [2, 2, 1, 4, 5, 2, 2, 2, 0, 0, 2, 4, 5]
2016-10-25 04:37:29,371 INFO     [rollout2] [3, 3, 1, 1, 4, 5, 2, 2, 0, 0, 2, 2, 1, 4, 5]
2016-10-25 04:37:29,371 INFO     [reward] 0.843509433962
2016-10-25 04:37:29,371 INFO     [error] [ -3.19661072e-05   1.04657111e-04]
2016-10-25 04:37:29,372 INFO     
2016-10-25 04:37:29,372 INFO     [min reward] 0.712007360834
2016-10-25 04:37:29,372 INFO     
