2016-10-25 03:45:13,180 INFO     BEGIN
2016-10-25 03:45:13,180 INFO     struct {
    trainer:
        improvement_threshold: 0.8
        use_curriculum: False
        name: 'CurriculumTrainer'
        max_timesteps: 100
        hints: 'resources/craft/hints.yaml'
    name: 'craft_modular_no-curriculum'
    recipes: 'resources/craft/recipes.yaml'
    world:
        name: 'CraftWorld'
    model:
        use_args: False
        name: 'ModularACModel'
        max_subtask_timesteps: 15
        baseline: 'state'
    experiment_dir: 'experiments/craft_modular_no-curriculum'
}
2016-10-25 03:46:06,539 INFO     [max steps] 100
2016-10-25 04:00:00,612 INFO     [step] 50000
2016-10-25 04:00:00,612 INFO     [task] make[cloth] 0.1 0.0103394459618
2016-10-25 04:00:00,612 INFO     [task] make[bed] 0.1 0.0
2016-10-25 04:00:00,612 INFO     [task] make[stick] 0.1 0.00747172859451
2016-10-25 04:00:00,612 INFO     [task] make[bridge] 0.1 0.00348075348075
2016-10-25 04:00:00,612 INFO     [task] make[plank] 0.1 0.00868535333597
2016-10-25 04:00:00,612 INFO     [task] make[axe] 0.1 0.000194704049844
2016-10-25 04:00:00,612 INFO     [task] get[gold] 0.1 0.000408079983677
2016-10-25 04:00:00,613 INFO     [task] make[shears] 0.1 0.00871150729335
2016-10-25 04:00:00,613 INFO     [task] get[gem] 0.1 0.0
2016-10-25 04:00:00,613 INFO     [task] make[rope] 0.1 0.0124273401483
2016-10-25 04:00:00,613 INFO     
2016-10-25 04:00:00,613 INFO     [rollout0] [1, 1, 3, 4, 1, 4, 0, 0, 0, 0, 4, 1, 4, 5, 4, 3, 3, 5, 1, 3, 2, 1, 3, 1, 4, 0, 4, 1, 1, 3, 2, 4, 6, 3, 3, 2, 3, 0, 1, 2, 5]
2016-10-25 04:00:00,613 INFO     [rollout1] [3, 0, 0, 2, 2, 3, 2, 4, 4, 3, 4, 2, 4, 2, 6, 0, 0, 2, 1, 1, 4, 2, 4, 0, 2, 2, 4, 2, 3, 6, 0, 0, 1, 4, 0, 0, 0, 3, 4, 1, 4, 3, 0, 4, 6, 1, 1, 2, 4, 1, 0, 1, 5, 4, 4, 1, 1, 3, 0, 3, 2, 0, 4, 1, 2, 0, 0, 6]
2016-10-25 04:00:00,613 INFO     [rollout2] [3, 3, 1, 0, 0, 4, 4, 0, 1, 0, 3, 4, 1, 0, 6, 1, 1, 0, 0, 0, 0, 4, 4, 1, 4, 4, 0, 1, 4, 6, 4, 1, 3, 4, 4, 3, 3, 2, 0, 1, 0, 3, 3, 4, 6, 4, 2, 0, 3, 2, 3, 4, 4, 1, 0, 2, 1, 4, 2, 6]
2016-10-25 04:00:00,613 INFO     [reward] 0.00518
2016-10-25 04:00:00,613 INFO     [error] [ -2.57921690e-05   4.88681696e-06]
2016-10-25 04:00:00,613 INFO     
2016-10-25 04:00:00,613 INFO     [min reward] 0.0
2016-10-25 04:00:00,613 INFO     
2016-10-25 04:00:00,614 INFO     [max steps] 100
2016-10-25 04:10:38,367 INFO     [step] 104400
2016-10-25 04:10:38,367 INFO     [task] make[cloth] 0.1 0.00704094867519
2016-10-25 04:10:38,367 INFO     [task] make[bed] 0.1 0.0
2016-10-25 04:10:38,368 INFO     [task] make[stick] 0.1 0.00407407407407
2016-10-25 04:10:38,368 INFO     [task] make[bridge] 0.1 0.00184331797235
2016-10-25 04:10:38,368 INFO     [task] make[plank] 0.1 0.00293739673215
2016-10-25 04:10:38,368 INFO     [task] make[axe] 0.1 0.000185804533631
2016-10-25 04:10:38,368 INFO     [task] get[gold] 0.1 0.0
2016-10-25 04:10:38,368 INFO     [task] make[shears] 0.1 0.00218142155972
2016-10-25 04:10:38,368 INFO     [task] get[gem] 0.1 0.0
2016-10-25 04:10:38,368 INFO     [task] make[rope] 0.1 0.0056281771968
2016-10-25 04:10:38,368 INFO     
2016-10-25 04:10:38,368 INFO     [rollout0] [0, 2, 3, 2, 3, 3, 2, 5, 5, 3, 2, 2, 0, 1, 4, 4, 1, 4, 4, 0, 2, 0, 0, 6]
2016-10-25 04:10:38,368 INFO     [rollout1] [0, 5, 0, 1, 1, 5]
2016-10-25 04:10:38,368 INFO     [rollout2] [4, 1, 5, 4, 0, 3, 1, 5]
2016-10-25 04:10:38,368 INFO     [reward] 0.00238970588235
2016-10-25 04:10:38,368 INFO     [error] [  2.43782854e-05   4.32939270e-06]
2016-10-25 04:10:38,368 INFO     
2016-10-25 04:10:38,369 INFO     [min reward] 0.0
2016-10-25 04:10:38,369 INFO     
2016-10-25 04:10:38,369 INFO     [max steps] 100
2016-10-25 04:22:19,680 INFO     [step] 180900
2016-10-25 04:22:19,680 INFO     [task] make[cloth] 0.1 0.00680628272251
2016-10-25 04:22:19,681 INFO     [task] make[bed] 0.1 0.000133209004929
2016-10-25 04:22:19,681 INFO     [task] make[stick] 0.1 0.00224008433259
2016-10-25 04:22:19,681 INFO     [task] make[bridge] 0.1 0.000529100529101
2016-10-25 04:22:19,681 INFO     [task] make[plank] 0.1 0.00273508726231
2016-10-25 04:22:19,681 INFO     [task] make[axe] 0.1 0.0
2016-10-25 04:22:19,681 INFO     [task] get[gold] 0.1 0.0
2016-10-25 04:22:19,681 INFO     [task] make[shears] 0.1 0.000646078304691
2016-10-25 04:22:19,681 INFO     [task] get[gem] 0.1 0.0
2016-10-25 04:22:19,681 INFO     [task] make[rope] 0.1 0.00576671035387
2016-10-25 04:22:19,681 INFO     
2016-10-25 04:22:19,681 INFO     [rollout0] [3, 4, 0, 0, 1, 4, 0, 0, 4, 5, 3, 1, 3, 3, 2, 0, 4, 2, 4, 2, 5, 2, 0, 2, 1, 0, 3, 3, 2, 0, 1, 2, 0, 4, 4, 6, 5]
2016-10-25 04:22:19,681 INFO     [rollout1] [0, 3, 1, 2, 1, 0, 2, 3, 3, 3, 0, 4, 3, 3, 6, 2, 0, 2, 1, 4, 4, 5]
2016-10-25 04:22:19,681 INFO     [rollout2] [0, 2, 5, 3, 5, 0, 5, 3, 0, 5]
2016-10-25 04:22:19,681 INFO     [reward] 0.00188235294118
2016-10-25 04:22:19,681 INFO     [error] [  1.83666759e-05   4.08004771e-06]
2016-10-25 04:22:19,682 INFO     
2016-10-25 04:22:19,682 INFO     [min reward] 0.0
2016-10-25 04:22:19,682 INFO     
2016-10-25 04:22:19,682 INFO     [max steps] 100
2016-10-25 04:34:23,151 INFO     [step] 262100
2016-10-25 04:34:23,151 INFO     [task] make[cloth] 0.1 0.00437849671613
2016-10-25 04:34:23,151 INFO     [task] make[bed] 0.1 0.0
2016-10-25 04:34:23,151 INFO     [task] make[stick] 0.1 0.00233587410868
2016-10-25 04:34:23,152 INFO     [task] make[bridge] 0.1 0.00110728346457
2016-10-25 04:34:23,152 INFO     [task] make[plank] 0.1 0.00163583742293
2016-10-25 04:34:23,152 INFO     [task] make[axe] 0.1 0.0
2016-10-25 04:34:23,152 INFO     [task] get[gold] 0.1 0.0
2016-10-25 04:34:23,152 INFO     [task] make[shears] 0.1 0.00173503532036
2016-10-25 04:34:23,152 INFO     [task] get[gem] 0.1 0.0
2016-10-25 04:34:23,152 INFO     [task] make[rope] 0.1 0.00359222098353
2016-10-25 04:34:23,152 INFO     
2016-10-25 04:34:23,152 INFO     [rollout0] [2, 1, 4, 3, 5, 5]
2016-10-25 04:34:23,152 INFO     [rollout1] [0, 3, 1, 1, 0, 4, 5, 1, 3, 0, 0, 3, 0, 1, 5, 2, 2, 1, 3, 4, 5, 0, 3, 0, 3, 2, 2, 1, 2, 5]
2016-10-25 04:34:23,152 INFO     [rollout2] [0, 4, 0, 4, 1, 4, 3, 5, 0, 5, 3, 0, 1, 0, 5, 3, 3, 1, 2, 3, 0, 2, 4, 5, 3, 4, 5]
2016-10-25 04:34:23,152 INFO     [reward] 0.00147783251232
2016-10-25 04:34:23,152 INFO     [error] [ -2.10853604e-05   5.53009001e-07]
2016-10-25 04:34:23,152 INFO     
2016-10-25 04:34:23,152 INFO     [min reward] 0.0
2016-10-25 04:34:23,153 INFO     
2016-10-25 04:34:23,153 INFO     [max steps] 100
2016-10-25 04:46:15,864 INFO     [step] 341600
2016-10-25 04:46:15,865 INFO     [task] make[cloth] 0.1 0.00406854888423
2016-10-25 04:46:15,865 INFO     [task] make[bed] 0.1 0.0
2016-10-25 04:46:15,865 INFO     [task] make[stick] 0.1 0.00210813492063
2016-10-25 04:46:15,865 INFO     [task] make[bridge] 0.1 0.00102145045965
2016-10-25 04:46:15,865 INFO     [task] make[plank] 0.1 0.00460199004975
2016-10-25 04:46:15,865 INFO     [task] make[axe] 0.1 0.0
2016-10-25 04:46:15,865 INFO     [task] get[gold] 0.1 0.0
2016-10-25 04:46:15,866 INFO     [task] make[shears] 0.1 0.0016393442623
2016-10-25 04:46:15,866 INFO     [task] get[gem] 0.1 0.0
2016-10-25 04:46:15,866 INFO     [task] make[rope] 0.1 0.00581689428427
2016-10-25 04:46:15,866 INFO     
2016-10-25 04:46:15,866 INFO     [rollout0] [1, 4, 3, 5, 0, 5, 4, 4, 3, 3, 2, 1, 0, 5, 2, 2, 4, 0, 5]
2016-10-25 04:46:15,866 INFO     [rollout1] [0, 0, 3, 5, 0, 1, 5, 2, 4, 0, 3, 4, 4, 4, 0, 2, 2, 2, 2, 4, 4, 6]
2016-10-25 04:46:15,866 INFO     [rollout2] [0, 4, 4, 3, 3, 3, 2, 1, 0, 1, 2, 4, 3, 2, 6, 2, 0, 2, 5, 3, 2, 4, 0, 5, 2, 4, 1, 0, 2, 1, 0, 1, 1, 1, 4, 2, 4, 1, 6]
2016-10-25 04:46:15,866 INFO     [reward] 0.00193710691824
2016-10-25 04:46:15,866 INFO     [error] [ -1.72732717e-05   1.81606923e-06]
2016-10-25 04:46:15,866 INFO     
2016-10-25 04:46:15,866 INFO     [min reward] 0.0
2016-10-25 04:46:15,866 INFO     
2016-10-25 04:46:15,866 INFO     [max steps] 100
2016-10-25 04:58:20,482 INFO     [step] 422000
2016-10-25 04:58:20,482 INFO     [task] make[cloth] 0.1 0.00748649975454
2016-10-25 04:58:20,482 INFO     [task] make[bed] 0.1 0.0
2016-10-25 04:58:20,482 INFO     [task] make[stick] 0.1 0.00314544539507
2016-10-25 04:58:20,482 INFO     [task] make[bridge] 0.1 0.00124688279302
2016-10-25 04:58:20,483 INFO     [task] make[plank] 0.1 0.00406704461425
2016-10-25 04:58:20,483 INFO     [task] make[axe] 0.1 0.0
2016-10-25 04:58:20,483 INFO     [task] get[gold] 0.1 0.0
2016-10-25 04:58:20,483 INFO     [task] make[shears] 0.1 0.00251319426992
2016-10-25 04:58:20,483 INFO     [task] get[gem] 0.1 0.0
2016-10-25 04:58:20,483 INFO     [task] make[rope] 0.1 0.00590600653431
2016-10-25 04:58:20,483 INFO     
2016-10-25 04:58:20,483 INFO     [rollout0] [4, 3, 2, 4, 1, 1, 0, 1, 2, 1, 2, 5, 4, 5, 1, 0, 5, 2, 4, 5]
2016-10-25 04:58:20,483 INFO     [rollout1] [1, 2, 0, 4, 3, 3, 0, 4, 4, 4, 4, 2, 4, 5, 5, 4, 3, 5, 4, 2, 4, 1, 5]
2016-10-25 04:58:20,483 INFO     [rollout2] [1, 2, 4, 1, 5, 4, 1, 3, 4, 2, 1, 1, 2, 4, 4, 2, 3, 2, 4, 6, 4, 4, 0, 0, 4, 4, 4, 4, 0, 0, 4, 3, 0, 4, 6]
2016-10-25 04:58:20,483 INFO     [reward] 0.00243781094527
2016-10-25 04:58:20,483 INFO     [error] [  1.39879419e-05   3.73658135e-07]
2016-10-25 04:58:20,483 INFO     
2016-10-25 04:58:20,483 INFO     [min reward] 0.0
2016-10-25 04:58:20,483 INFO     
2016-10-25 04:58:20,484 INFO     [max steps] 100
2016-10-25 05:10:47,430 INFO     [step] 505900
2016-10-25 05:10:47,430 INFO     [task] make[cloth] 0.1 0.00581747666949
2016-10-25 05:10:47,430 INFO     [task] make[bed] 0.1 0.0
2016-10-25 05:10:47,430 INFO     [task] make[stick] 0.1 0.00274790919952
2016-10-25 05:10:47,430 INFO     [task] make[bridge] 0.1 0.0015490943756
2016-10-25 05:10:47,431 INFO     [task] make[plank] 0.1 0.00626883664858
2016-10-25 05:10:47,431 INFO     [task] make[axe] 0.1 0.0
2016-10-25 05:10:47,431 INFO     [task] get[gold] 0.1 0.0
2016-10-25 05:10:47,431 INFO     [task] make[shears] 0.1 0.0022453320728
2016-10-25 05:10:47,431 INFO     [task] get[gem] 0.1 0.0
2016-10-25 05:10:47,431 INFO     [task] make[rope] 0.1 0.00540345821326
2016-10-25 05:10:47,431 INFO     
2016-10-25 05:10:47,431 INFO     [rollout0] [1, 0, 3, 4, 0, 1, 4, 3, 4, 3, 4, 4, 0, 5, 5, 4, 1, 0, 5, 4, 1, 2, 4, 4, 5]
2016-10-25 05:10:47,431 INFO     [rollout1] [1, 4, 5, 2, 3, 1, 4, 3, 5]
2016-10-25 05:10:47,431 INFO     [rollout2] [1, 0, 2, 1, 3, 2, 2, 5, 0, 0, 4, 2, 2, 1, 4, 3, 1, 2, 2, 5, 4, 0, 4, 2, 5]
2016-10-25 05:10:47,431 INFO     [reward] 0.00238379022646
2016-10-25 05:10:47,431 INFO     [error] [ -2.32800542e-05   2.54551295e-07]
2016-10-25 05:10:47,431 INFO     
2016-10-25 05:10:47,431 INFO     [min reward] 0.0
2016-10-25 05:10:47,431 INFO     
2016-10-25 05:10:47,432 INFO     [max steps] 100
2016-10-25 05:24:02,392 INFO     [step] 598500
2016-10-25 05:24:02,393 INFO     [task] make[cloth] 0.1 0.00597333333333
2016-10-25 05:24:02,393 INFO     [task] make[bed] 0.1 0.0
2016-10-25 05:24:02,393 INFO     [task] make[stick] 0.1 0.00368603642671
2016-10-25 05:24:02,393 INFO     [task] make[bridge] 0.1 0.00174367916303
2016-10-25 05:24:02,393 INFO     [task] make[plank] 0.1 0.00642141924249
2016-10-25 05:24:02,393 INFO     [task] make[axe] 0.1 0.000106010813103
2016-10-25 05:24:02,393 INFO     [task] get[gold] 0.1 0.0
2016-10-25 05:24:02,393 INFO     [task] make[shears] 0.1 0.00313852813853
2016-10-25 05:24:02,393 INFO     [task] get[gem] 0.1 0.0
2016-10-25 05:24:02,393 INFO     [task] make[rope] 0.1 0.00538271073313
2016-10-25 05:24:02,393 INFO     
2016-10-25 05:24:02,394 INFO     [rollout0] [4, 1, 5, 5]
2016-10-25 05:24:02,394 INFO     [rollout1] [0, 1, 1, 1, 3, 3, 1, 2, 2, 3, 1, 1, 3, 2, 6, 5]
2016-10-25 05:24:02,394 INFO     [rollout2] [3, 0, 0, 3, 2, 0, 4, 1, 3, 3, 3, 4, 1, 5, 4, 4, 4, 2, 5, 5, 1, 5, 0, 4, 5]
2016-10-25 05:24:02,394 INFO     [reward] 0.00264578833693
2016-10-25 05:24:02,394 INFO     [error] [ -2.46359939e-06   3.84905615e-07]
2016-10-25 05:24:02,394 INFO     
2016-10-25 05:24:02,394 INFO     [min reward] 0.0
2016-10-25 05:24:02,394 INFO     
2016-10-25 05:24:02,394 INFO     [max steps] 100
2016-10-25 05:35:04,686 INFO     [step] 669800
2016-10-25 05:35:04,686 INFO     [task] make[cloth] 0.1 0.00929766843084
2016-10-25 05:35:04,687 INFO     [task] make[bed] 0.1 0.0
2016-10-25 05:35:04,687 INFO     [task] make[stick] 0.1 0.00386473429952
2016-10-25 05:35:04,687 INFO     [task] make[bridge] 0.1 0.00139997200056
2016-10-25 05:35:04,687 INFO     [task] make[plank] 0.1 0.00798990748528
2016-10-25 05:35:04,687 INFO     [task] make[axe] 0.1 0.0
2016-10-25 05:35:04,687 INFO     [task] get[gold] 0.1 0.0
2016-10-25 05:35:04,687 INFO     [task] make[shears] 0.1 0.00364349775785
2016-10-25 05:35:04,687 INFO     [task] get[gem] 0.1 0.0
2016-10-25 05:35:04,687 INFO     [task] make[rope] 0.1 0.0080188027098
2016-10-25 05:35:04,687 INFO     
2016-10-25 05:35:04,687 INFO     [rollout0] [4, 4, 4, 0, 1, 5, 0, 4, 0, 4, 0, 4, 1, 2, 5]
2016-10-25 05:35:04,687 INFO     [rollout1] [3, 1, 0, 4, 4, 3, 4, 3, 1, 2, 0, 0, 0, 3, 6, 0, 1, 0, 0, 3, 4, 5]
2016-10-25 05:35:04,687 INFO     [rollout2] [2, 4, 1, 2, 2, 3, 4, 4, 1, 1, 3, 4, 5, 1, 2, 1, 3, 1, 5]
2016-10-25 05:35:04,687 INFO     [reward] 0.0034221598878
2016-10-25 05:35:04,687 INFO     [error] [ -3.37733044e-05   1.29287569e-06]
2016-10-25 05:35:04,688 INFO     
2016-10-25 05:35:04,688 INFO     [min reward] 0.0
2016-10-25 05:35:04,688 INFO     
2016-10-25 05:35:04,688 INFO     [max steps] 100
2016-10-25 05:46:24,353 INFO     [step] 744400
2016-10-25 05:46:24,353 INFO     [task] make[cloth] 0.1 0.0110249081258
2016-10-25 05:46:24,353 INFO     [task] make[bed] 0.1 0.0
2016-10-25 05:46:24,353 INFO     [task] make[stick] 0.1 0.00504447099429
2016-10-25 05:46:24,354 INFO     [task] make[bridge] 0.1 0.00133886731825
2016-10-25 05:46:24,354 INFO     [task] make[plank] 0.1 0.0102067868505
2016-10-25 05:46:24,354 INFO     [task] make[axe] 0.1 0.000135409614083
2016-10-25 05:46:24,354 INFO     [task] get[gold] 0.1 0.0
2016-10-25 05:46:24,354 INFO     [task] make[shears] 0.1 0.00421662933193
2016-10-25 05:46:24,354 INFO     [task] get[gem] 0.1 0.0
2016-10-25 05:46:24,354 INFO     [task] make[rope] 0.1 0.0129316091188
2016-10-25 05:46:24,354 INFO     
2016-10-25 05:46:24,354 INFO     [rollout0] [0, 2, 0, 2, 1, 1, 0, 2, 2, 0, 3, 4, 4, 0, 6, 4, 3, 5, 1, 1, 3, 2, 1, 1, 0, 5]
2016-10-25 05:46:24,354 INFO     [rollout1] [1, 1, 1, 5, 5, 2, 2, 3, 0, 2, 4, 5]
2016-10-25 05:46:24,354 INFO     [rollout2] [1, 3, 5, 3, 1, 1, 3, 4, 1, 0, 3, 0, 4, 1, 3, 4, 0, 6, 2, 1, 3, 0, 4, 1, 4, 1, 2, 3, 1, 5]
2016-10-25 05:46:24,354 INFO     [reward] 0.00450402144772
2016-10-25 05:46:24,354 INFO     [error] [ -1.35974972e-05   6.76381695e-06]
2016-10-25 05:46:24,354 INFO     
2016-10-25 05:46:24,354 INFO     [min reward] 0.0
2016-10-25 05:46:24,354 INFO     
2016-10-25 05:46:24,355 INFO     [max steps] 100
2016-10-25 05:55:22,923 INFO     [step] 797900
2016-10-25 05:55:22,923 INFO     [task] make[cloth] 0.1 0.0285442435775
2016-10-25 05:55:22,923 INFO     [task] make[bed] 0.1 0.0
2016-10-25 05:55:22,924 INFO     [task] make[stick] 0.1 0.00479793319801
2016-10-25 05:55:22,924 INFO     [task] make[bridge] 0.1 0.00113700966458
2016-10-25 05:55:22,924 INFO     [task] make[plank] 0.1 0.00920533533722
2016-10-25 05:55:22,924 INFO     [task] make[axe] 0.1 0.0
2016-10-25 05:55:22,924 INFO     [task] get[gold] 0.1 0.0
2016-10-25 05:55:22,924 INFO     [task] make[shears] 0.1 0.00317282568122
2016-10-25 05:55:22,924 INFO     [task] get[gem] 0.1 0.0
2016-10-25 05:55:22,924 INFO     [task] make[rope] 0.1 0.0281013126271
2016-10-25 05:55:22,924 INFO     
2016-10-25 05:55:22,924 INFO     [rollout0] [2, 1, 3, 0, 1, 2, 5, 0, 3, 5, 0, 3, 4, 5, 0, 5, 2, 2, 2, 3, 3, 0, 5]
2016-10-25 05:55:22,924 INFO     [rollout1] [3, 4, 3, 4, 0, 1, 1, 5, 4, 4, 3, 0, 2, 4, 2, 2, 0, 2, 1, 0, 2, 0, 6]
2016-10-25 05:55:22,924 INFO     [rollout2] [4, 1, 1, 4, 2, 2, 5, 0, 2, 0, 1, 3, 3, 4, 2, 4, 2, 0, 2, 0, 2, 6]
2016-10-25 05:55:22,924 INFO     [reward] 0.00747663551402
2016-10-25 05:55:22,924 INFO     [error] [ -2.84660995e-05   1.03386025e-06]
2016-10-25 05:55:22,924 INFO     
2016-10-25 05:55:22,925 INFO     [min reward] 0.0
2016-10-25 05:55:22,925 INFO     
2016-10-25 05:55:22,925 INFO     [max steps] 100
2016-10-25 06:05:32,413 INFO     [step] 861700
2016-10-25 06:05:32,413 INFO     [task] make[cloth] 0.1 0.0285939968404
2016-10-25 06:05:32,413 INFO     [task] make[bed] 0.1 0.0
2016-10-25 06:05:32,413 INFO     [task] make[stick] 0.1 0.00516431924883
2016-10-25 06:05:32,413 INFO     [task] make[bridge] 0.1 0.00254655419386
2016-10-25 06:05:32,413 INFO     [task] make[plank] 0.1 0.0104377628914
2016-10-25 06:05:32,413 INFO     [task] make[axe] 0.1 0.0
2016-10-25 06:05:32,413 INFO     [task] get[gold] 0.1 0.0
2016-10-25 06:05:32,413 INFO     [task] make[shears] 0.1 0.00378250591017
2016-10-25 06:05:32,413 INFO     [task] get[gem] 0.1 0.0
2016-10-25 06:05:32,413 INFO     [task] make[rope] 0.1 0.0235144582142
2016-10-25 06:05:32,413 INFO     
2016-10-25 06:05:32,413 INFO     [rollout0] [4, 1, 0, 5, 4, 0, 2, 2, 3, 0, 5, 1, 3, 0, 5, 0, 1, 0, 1, 0, 3, 1, 2, 0, 1, 1, 1, 0, 5, 0, 3, 5]
2016-10-25 06:05:32,414 INFO     [rollout1] [2, 1, 0, 1, 1, 4, 3, 3, 4, 3, 2, 5, 3, 0, 1, 2, 2, 2, 4, 2, 4, 1, 4, 3, 3, 1, 6]
2016-10-25 06:05:32,414 INFO     [rollout2] [3, 4, 2, 5, 5]
2016-10-25 06:05:32,414 INFO     [reward] 0.00735109717868
2016-10-25 06:05:32,414 INFO     [error] [ -4.18386218e-06   3.29566013e-06]
2016-10-25 06:05:32,414 INFO     
2016-10-25 06:05:32,414 INFO     [min reward] 0.0
2016-10-25 06:05:32,414 INFO     
2016-10-25 06:05:32,414 INFO     [max steps] 100
2016-10-25 06:15:50,727 INFO     [step] 927300
2016-10-25 06:15:50,728 INFO     [task] make[cloth] 0.1 0.0296037649917
2016-10-25 06:15:50,728 INFO     [task] make[bed] 0.1 0.0
2016-10-25 06:15:50,728 INFO     [task] make[stick] 0.1 0.00455028060064
2016-10-25 06:15:50,728 INFO     [task] make[bridge] 0.1 0.00431432973806
2016-10-25 06:15:50,728 INFO     [task] make[plank] 0.1 0.0194874942458
2016-10-25 06:15:50,728 INFO     [task] make[axe] 0.1 0.000154297176362
2016-10-25 06:15:50,728 INFO     [task] get[gold] 0.1 0.0
2016-10-25 06:15:50,728 INFO     [task] make[shears] 0.1 0.00431632495761
2016-10-25 06:15:50,728 INFO     [task] get[gem] 0.1 0.0
2016-10-25 06:15:50,728 INFO     [task] make[rope] 0.1 0.0298282615246
2016-10-25 06:15:50,729 INFO     
2016-10-25 06:15:50,729 INFO     [rollout0] [0, 1, 5, 1, 1, 5, 5, 0, 2, 2, 5, 3, 3, 0, 3, 1, 4, 0, 5]
2016-10-25 06:15:50,729 INFO     [rollout1] [2, 2, 4, 2, 0, 2, 1, 5, 0, 1, 3, 5, 4, 3, 3, 0, 4, 2, 2, 4, 4, 4, 0, 4, 2, 4, 6]
2016-10-25 06:15:50,729 INFO     [rollout2] [3, 0, 0, 1, 1, 5, 4, 3, 0, 2, 0, 0, 2, 0, 1, 0, 5]
2016-10-25 06:15:50,729 INFO     [reward] 0.00925304878049
2016-10-25 06:15:50,729 INFO     [error] [  9.25464455e-06   4.33521435e-06]
2016-10-25 06:15:50,729 INFO     
2016-10-25 06:15:50,729 INFO     [min reward] 0.0
2016-10-25 06:15:50,729 INFO     
2016-10-25 06:15:50,729 INFO     [max steps] 100
2016-10-25 06:25:21,034 INFO     [step] 984900
2016-10-25 06:25:21,034 INFO     [task] make[cloth] 0.1 0.0575842696629
2016-10-25 06:25:21,034 INFO     [task] make[bed] 0.1 0.0
2016-10-25 06:25:21,034 INFO     [task] make[stick] 0.1 0.00498281786942
2016-10-25 06:25:21,034 INFO     [task] make[bridge] 0.1 0.00605117565698
2016-10-25 06:25:21,034 INFO     [task] make[plank] 0.1 0.0352322524102
2016-10-25 06:25:21,034 INFO     [task] make[axe] 0.1 0.000343760742523
2016-10-25 06:25:21,034 INFO     [task] get[gold] 0.1 0.0
2016-10-25 06:25:21,034 INFO     [task] make[shears] 0.1 0.00436452513966
2016-10-25 06:25:21,034 INFO     [task] get[gem] 0.1 0.0
2016-10-25 06:25:21,034 INFO     [task] make[rope] 0.1 0.0591416608514
2016-10-25 06:25:21,034 INFO     
2016-10-25 06:25:21,034 INFO     [rollout0] [2, 4, 3, 0, 0, 2, 0, 1, 5, 1, 2, 0, 3, 4, 2, 0, 0, 5]
2016-10-25 06:25:21,035 INFO     [rollout1] [5, 3, 0, 1, 1, 2, 5]
2016-10-25 06:25:21,035 INFO     [rollout2] [0, 5, 5, 1, 3, 4, 4, 2, 4, 3, 4, 4, 3, 1, 3, 3, 4, 6, 0, 3, 4, 3, 5]
2016-10-25 06:25:21,035 INFO     [reward] 0.0166493055556
2016-10-25 06:25:21,035 INFO     [error] [ -2.61874350e-06   1.20649956e-06]
2016-10-25 06:25:21,035 INFO     
2016-10-25 06:25:21,035 INFO     [min reward] 0.0
2016-10-25 06:25:21,035 INFO     
2016-10-25 06:25:21,035 INFO     [max steps] 100
2016-10-25 06:34:24,049 INFO     [step] 1035200
2016-10-25 06:34:24,049 INFO     [task] make[cloth] 0.1 0.0982717041801
2016-10-25 06:34:24,049 INFO     [task] make[bed] 0.1 0.0
2016-10-25 06:34:24,050 INFO     [task] make[stick] 0.1 0.00720124562086
2016-10-25 06:34:24,050 INFO     [task] make[bridge] 0.1 0.0102163461538
2016-10-25 06:34:24,050 INFO     [task] make[plank] 0.1 0.0556003223207
2016-10-25 06:34:24,050 INFO     [task] make[axe] 0.1 0.0
2016-10-25 06:34:24,050 INFO     [task] get[gold] 0.1 0.0
2016-10-25 06:34:24,050 INFO     [task] make[shears] 0.1 0.00397377309756
2016-10-25 06:34:24,050 INFO     [task] get[gem] 0.1 0.0
2016-10-25 06:34:24,050 INFO     [task] make[rope] 0.1 0.12962962963
2016-10-25 06:34:24,050 INFO     
2016-10-25 06:34:24,050 INFO     [rollout0] [2, 1, 1, 3, 3, 3, 4, 3, 4, 3, 1, 5, 3, 0, 3, 3, 0, 0, 0, 2, 4, 3, 1, 2, 1, 0, 6]
2016-10-25 06:34:24,050 INFO     [rollout1] [1, 4, 5, 5, 3, 0, 4, 3, 1, 4, 3, 5, 3, 1, 5]
2016-10-25 06:34:24,050 INFO     [rollout2] [4, 4, 1, 3, 3, 1, 5, 3, 3, 0, 0, 0, 4, 0, 4, 0, 4, 1, 0, 5]
2016-10-25 06:34:24,050 INFO     [reward] 0.0304373757455
2016-10-25 06:34:24,050 INFO     [error] [ -1.13262846e-05   6.71358228e-06]
2016-10-25 06:34:24,051 INFO     
2016-10-25 06:34:24,051 INFO     [min reward] 0.0
2016-10-25 06:34:24,051 INFO     
2016-10-25 06:34:24,051 INFO     [max steps] 100
2016-10-25 06:43:28,894 INFO     [step] 1085600
2016-10-25 06:43:28,895 INFO     [task] make[cloth] 0.1 0.186280426474
2016-10-25 06:43:28,895 INFO     [task] make[bed] 0.1 0.00138039834352
2016-10-25 06:43:28,895 INFO     [task] make[stick] 0.1 0.0080329153605
2016-10-25 06:43:28,895 INFO     [task] make[bridge] 0.1 0.0149105367793
2016-10-25 06:43:28,895 INFO     [task] make[plank] 0.1 0.0984
2016-10-25 06:43:28,895 INFO     [task] make[axe] 0.1 0.000796178343949
2016-10-25 06:43:28,895 INFO     [task] get[gold] 0.1 0.0
2016-10-25 06:43:28,895 INFO     [task] make[shears] 0.1 0.00814947326575
2016-10-25 06:43:28,895 INFO     [task] get[gem] 0.1 0.0
2016-10-25 06:43:28,895 INFO     [task] make[rope] 0.1 0.256575102279
2016-10-25 06:43:28,895 INFO     
2016-10-25 06:43:28,895 INFO     [rollout0] [4, 1, 1, 0, 1, 4, 1, 2, 2, 4, 1, 3, 1, 1, 6, 1, 4, 4, 4, 4, 4, 4, 4, 4, 4, 4, 4, 4, 4, 6]
2016-10-25 06:43:28,895 INFO     [rollout1] [2, 3, 5, 1, 0, 4, 0, 2, 0, 2, 4, 2, 2, 4, 0, 4, 2, 6]
2016-10-25 06:43:28,895 INFO     [rollout2] [2, 3, 3, 4, 3, 4, 1, 1, 1, 2, 1, 4, 3, 2, 6, 3, 4, 3, 3, 3, 3, 1, 3, 3, 4, 5]
2016-10-25 06:43:28,895 INFO     [reward] 0.0575992063492
2016-10-25 06:43:28,895 INFO     [error] [  2.31624003e-05   2.47958866e-05]
2016-10-25 06:43:28,896 INFO     
2016-10-25 06:43:28,896 INFO     [min reward] 0.0
2016-10-25 06:43:28,896 INFO     
2016-10-25 06:43:28,896 INFO     [max steps] 100
2016-10-25 06:52:20,592 INFO     [step] 1136400
2016-10-25 06:52:20,593 INFO     [task] make[cloth] 0.1 0.351996867659
2016-10-25 06:52:20,593 INFO     [task] make[bed] 0.1 0.00331190337035
2016-10-25 06:52:20,593 INFO     [task] make[stick] 0.1 0.00924468922109
2016-10-25 06:52:20,593 INFO     [task] make[bridge] 0.1 0.0275482093664
2016-10-25 06:52:20,593 INFO     [task] make[plank] 0.1 0.155110220441
2016-10-25 06:52:20,593 INFO     [task] make[axe] 0.1 0.000786472670075
2016-10-25 06:52:20,593 INFO     [task] get[gold] 0.1 0.0
2016-10-25 06:52:20,593 INFO     [task] make[shears] 0.1 0.00821435556425
2016-10-25 06:52:20,593 INFO     [task] get[gem] 0.1 0.0
2016-10-25 06:52:20,593 INFO     [task] make[rope] 0.1 0.425703601653
2016-10-25 06:52:20,593 INFO     
2016-10-25 06:52:20,593 INFO     [rollout0] [2, 0, 3, 2, 2, 2, 4, 0, 3, 1, 2, 5, 0, 3, 4, 1, 1, 2, 4, 1, 0, 0, 0, 0, 3, 1, 6, 4, 5, 5, 5]
2016-10-25 06:52:20,593 INFO     [rollout1] [2, 4, 3, 3, 2, 0, 4, 4, 0, 4, 0, 4, 5, 5, 0, 5, 0, 5]
2016-10-25 06:52:20,593 INFO     [rollout2] [1, 1, 4, 4, 5, 2, 3, 4, 3, 0, 2, 3, 1, 0, 4, 0, 3, 0, 4, 6]
2016-10-25 06:52:20,593 INFO     [reward] 0.0981299212598
2016-10-25 06:52:20,593 INFO     [error] [ -1.14959867e-05   2.85020462e-05]
2016-10-25 06:52:20,594 INFO     
2016-10-25 06:52:20,594 INFO     [min reward] 0.0
2016-10-25 06:52:20,594 INFO     
2016-10-25 06:52:20,594 INFO     [max steps] 100
2016-10-25 07:01:33,463 INFO     [step] 1186400
2016-10-25 07:01:33,463 INFO     [task] make[cloth] 0.1 0.491591709034
2016-10-25 07:01:33,463 INFO     [task] make[bed] 0.1 0.00794135613928
2016-10-25 07:01:33,463 INFO     [task] make[stick] 0.1 0.0173895253682
2016-10-25 07:01:33,463 INFO     [task] make[bridge] 0.1 0.0469640400865
2016-10-25 07:01:33,463 INFO     [task] make[plank] 0.1 0.22780769998
2016-10-25 07:01:33,463 INFO     [task] make[axe] 0.1 0.00294059988238
2016-10-25 07:01:33,463 INFO     [task] get[gold] 0.1 0.0
2016-10-25 07:01:33,464 INFO     [task] make[shears] 0.1 0.015360063834
2016-10-25 07:01:33,464 INFO     [task] get[gem] 0.1 0.0
2016-10-25 07:01:33,464 INFO     [task] make[rope] 0.1 0.55587628866
2016-10-25 07:01:33,464 INFO     
2016-10-25 07:01:33,464 INFO     [rollout0] [0, 4, 3, 4, 4, 1, 4, 1, 2, 5, 5, 5, 1, 2, 3, 1, 1, 2, 4, 5]
2016-10-25 07:01:33,464 INFO     [rollout1] [2, 4, 1, 4, 5, 1, 4, 4, 0, 1, 4, 1, 1, 1, 4, 1, 2, 4, 5]
2016-10-25 07:01:33,464 INFO     [rollout2] [1, 1, 4, 5, 1, 1, 1, 5, 3, 4, 0, 1, 2, 5, 2, 1, 3, 3, 3, 4, 3, 3, 3, 1, 4, 1, 4, 1, 6]
2016-10-25 07:01:33,464 INFO     [reward] 0.13614
2016-10-25 07:01:33,464 INFO     [error] [ -3.34110599e-07   2.55695973e-05]
2016-10-25 07:01:33,464 INFO     
2016-10-25 07:01:33,464 INFO     [min reward] 0.0
2016-10-25 07:01:33,464 INFO     
2016-10-25 07:01:33,464 INFO     [max steps] 100
2016-10-25 07:10:45,843 INFO     [step] 1236500
2016-10-25 07:10:45,843 INFO     [task] make[cloth] 0.1 0.601442018826
2016-10-25 07:10:45,843 INFO     [task] make[bed] 0.1 0.0135809866187
2016-10-25 07:10:45,843 INFO     [task] make[stick] 0.1 0.0308184910947
2016-10-25 07:10:45,843 INFO     [task] make[bridge] 0.1 0.0781803859787
2016-10-25 07:10:45,843 INFO     [task] make[plank] 0.1 0.334191249258
2016-10-25 07:10:45,843 INFO     [task] make[axe] 0.1 0.00452132887753
2016-10-25 07:10:45,843 INFO     [task] get[gold] 0.1 0.0
2016-10-25 07:10:45,843 INFO     [task] make[shears] 0.1 0.0200835156095
2016-10-25 07:10:45,843 INFO     [task] get[gem] 0.1 0.0
2016-10-25 07:10:45,843 INFO     [task] make[rope] 0.1 0.640802269044
2016-10-25 07:10:45,843 INFO     
2016-10-25 07:10:45,843 INFO     [rollout0] [1, 4, 4, 4, 3, 1, 4, 3, 4, 5, 1, 1, 1, 1, 1, 1, 1, 1, 1, 1, 1, 0, 1, 1, 6]
2016-10-25 07:10:45,843 INFO     [rollout1] [3, 1, 1, 1, 0, 1, 3, 1, 4, 0, 1, 0, 1, 2, 6, 1, 4, 1, 1, 1, 3, 3, 4, 3, 3, 4, 5]
2016-10-25 07:10:45,843 INFO     [rollout2] [1, 0, 2, 1, 1, 2, 1, 4, 5, 0, 4, 0, 3, 3, 4, 4, 1, 0, 4, 1, 0, 1, 3, 6]
2016-10-25 07:10:45,843 INFO     [reward] 0.171596806387
2016-10-25 07:10:45,844 INFO     [error] [  4.90850145e-06   2.85465286e-05]
2016-10-25 07:10:45,844 INFO     
2016-10-25 07:10:45,844 INFO     [min reward] 0.0
2016-10-25 07:10:45,844 INFO     
2016-10-25 07:10:45,844 INFO     [max steps] 100
2016-10-25 07:20:04,381 INFO     [step] 1286500
2016-10-25 07:20:04,381 INFO     [task] make[cloth] 0.1 0.654922488424
2016-10-25 07:20:04,381 INFO     [task] make[bed] 0.1 0.0679184978026
2016-10-25 07:20:04,381 INFO     [task] make[stick] 0.1 0.0986387847702
2016-10-25 07:20:04,381 INFO     [task] make[bridge] 0.1 0.128733264676
2016-10-25 07:20:04,381 INFO     [task] make[plank] 0.1 0.490550864495
2016-10-25 07:20:04,381 INFO     [task] make[axe] 0.1 0.00866236905721
2016-10-25 07:20:04,381 INFO     [task] get[gold] 0.1 0.0
2016-10-25 07:20:04,381 INFO     [task] make[shears] 0.1 0.0495241794523
2016-10-25 07:20:04,381 INFO     [task] get[gem] 0.1 0.0
2016-10-25 07:20:04,381 INFO     [task] make[rope] 0.1 0.694119976242
2016-10-25 07:20:04,381 INFO     
2016-10-25 07:20:04,381 INFO     [rollout0] [0, 1, 5, 4, 4, 4, 2, 0, 5, 5, 2, 2, 5, 5]
2016-10-25 07:20:04,381 INFO     [rollout1] [1, 4, 1, 4, 1, 1, 4, 3, 3, 4, 1, 3, 4, 4, 6, 2, 4, 4, 5, 4, 5, 2, 2, 4, 5]
2016-10-25 07:20:04,381 INFO     [rollout2] [2, 0, 3, 1, 0, 0, 3, 4, 5, 1, 3, 4, 2, 3, 4, 2, 2, 3, 1, 1, 3, 0, 2, 6]
2016-10-25 07:20:04,382 INFO     [reward] 0.21924
2016-10-25 07:20:04,382 INFO     [error] [ -1.11881197e-05   3.12624597e-05]
2016-10-25 07:20:04,382 INFO     
2016-10-25 07:20:04,382 INFO     [min reward] 0.0
2016-10-25 07:20:04,382 INFO     
2016-10-25 07:20:04,382 INFO     [max steps] 100
2016-10-25 07:29:01,089 INFO     [step] 1336500
2016-10-25 07:29:01,089 INFO     [task] make[cloth] 0.1 0.723542116631
2016-10-25 07:29:01,089 INFO     [task] make[bed] 0.1 0.242352941176
2016-10-25 07:29:01,089 INFO     [task] make[stick] 0.1 0.257005604484
2016-10-25 07:29:01,089 INFO     [task] make[bridge] 0.1 0.161400684242
2016-10-25 07:29:01,089 INFO     [task] make[plank] 0.1 0.622622622623
2016-10-25 07:29:01,089 INFO     [task] make[axe] 0.1 0.0300141959035
2016-10-25 07:29:01,090 INFO     [task] get[gold] 0.1 0.0
2016-10-25 07:29:01,090 INFO     [task] make[shears] 0.1 0.11743772242
2016-10-25 07:29:01,090 INFO     [task] get[gem] 0.1 0.0
2016-10-25 07:29:01,090 INFO     [task] make[rope] 0.1 0.763248730964
2016-10-25 07:29:01,090 INFO     
2016-10-25 07:29:01,090 INFO     [rollout0] [4, 3, 1, 4, 5, 2, 2, 4, 1, 2, 2, 1, 3, 1, 1, 1, 1, 1, 2, 6, 5, 1, 1, 1, 4, 1, 4, 5]
2016-10-25 07:29:01,090 INFO     [rollout1] [2, 1, 1, 2, 0, 4, 2, 1, 0, 4, 5, 3, 2, 3, 3, 4, 1, 3, 4, 5]
2016-10-25 07:29:01,090 INFO     [rollout2] [4, 5, 2, 1, 0, 2, 0, 3, 2, 4, 1, 2, 4, 0, 2, 0, 6, 2, 1, 4, 5, 2, 2, 0, 3, 1, 3, 1, 0, 3, 1, 1, 3, 2, 1, 6]
2016-10-25 07:29:01,090 INFO     [reward] 0.29236
2016-10-25 07:29:01,090 INFO     [error] [  5.98777201e-06   5.56533151e-05]
2016-10-25 07:29:01,090 INFO     
2016-10-25 07:29:01,090 INFO     [min reward] 0.0
2016-10-25 07:29:01,090 INFO     
2016-10-25 07:29:01,090 INFO     [max steps] 100
2016-10-25 07:37:32,951 INFO     [step] 1386600
2016-10-25 07:37:32,951 INFO     [task] make[cloth] 0.1 0.762315996075
2016-10-25 07:37:32,951 INFO     [task] make[bed] 0.1 0.417330677291
2016-10-25 07:37:32,951 INFO     [task] make[stick] 0.1 0.431349440189
2016-10-25 07:37:32,951 INFO     [task] make[bridge] 0.1 0.182338996444
2016-10-25 07:37:32,951 INFO     [task] make[plank] 0.1 0.704677775547
2016-10-25 07:37:32,951 INFO     [task] make[axe] 0.1 0.0483402489627
2016-10-25 07:37:32,951 INFO     [task] get[gold] 0.1 0.0
2016-10-25 07:37:32,951 INFO     [task] make[shears] 0.1 0.165893037336
2016-10-25 07:37:32,951 INFO     [task] get[gem] 0.1 0.0
2016-10-25 07:37:32,951 INFO     [task] make[rope] 0.1 0.773763523957
2016-10-25 07:37:32,951 INFO     
2016-10-25 07:37:32,951 INFO     [rollout0] [4, 4, 2, 4, 4, 4, 3, 4, 0, 0, 3, 1, 3, 0, 6, 1, 0, 3, 3, 0, 4, 4, 4, 4, 4, 4, 0, 4, 0, 6, 5, 3, 0, 3, 4, 4, 4, 4, 4, 4, 4, 3, 4, 4, 4, 6]
2016-10-25 07:37:32,952 INFO     [rollout1] [2, 2, 5, 1, 3, 3, 4, 5, 4, 2, 1, 4, 4, 4, 4, 4, 4, 4, 4, 4, 4, 4, 6, 4, 2, 5]
2016-10-25 07:37:32,952 INFO     [rollout2] [2, 1, 3, 0, 3, 3, 1, 3, 1, 1, 1, 1, 1, 4, 6, 3, 3, 0, 4, 4, 3, 3, 0, 4, 5, 5, 2, 2, 2, 4, 2, 4, 4, 4, 5, 2, 2, 5]
2016-10-25 07:37:32,952 INFO     [reward] 0.352654690619
2016-10-25 07:37:32,952 INFO     [error] [ -1.96746559e-05   4.54337835e-05]
2016-10-25 07:37:32,952 INFO     
2016-10-25 07:37:32,952 INFO     [min reward] 0.0
2016-10-25 07:37:32,952 INFO     
2016-10-25 07:37:32,952 INFO     [max steps] 100
2016-10-25 07:45:54,199 INFO     [step] 1437200
2016-10-25 07:45:54,199 INFO     [task] make[cloth] 0.1 0.781489487129
2016-10-25 07:45:54,199 INFO     [task] make[bed] 0.1 0.529761904762
2016-10-25 07:45:54,199 INFO     [task] make[stick] 0.1 0.516013526954
2016-10-25 07:45:54,199 INFO     [task] make[bridge] 0.1 0.207312252964
2016-10-25 07:45:54,199 INFO     [task] make[plank] 0.1 0.763793797825
2016-10-25 07:45:54,199 INFO     [task] make[axe] 0.1 0.0671420083185
2016-10-25 07:45:54,199 INFO     [task] get[gold] 0.1 0.0
2016-10-25 07:45:54,199 INFO     [task] make[shears] 0.1 0.193359375
2016-10-25 07:45:54,199 INFO     [task] get[gem] 0.1 0.0
2016-10-25 07:45:54,199 INFO     [task] make[rope] 0.1 0.806711145997
2016-10-25 07:45:54,200 INFO     
2016-10-25 07:45:54,200 INFO     [rollout0] [2, 0, 4, 3, 4, 5, 2, 1, 2, 2, 3, 2, 2, 2, 2, 4, 2, 2, 2, 4, 6, 5, 2, 2, 2, 2, 2, 2, 4, 4, 4, 4, 2, 2, 2, 2, 6]
2016-10-25 07:45:54,200 INFO     [rollout1] [1, 2, 1, 2, 2, 1, 2, 4, 4, 4, 4, 4, 1, 4, 6, 4, 0, 3, 0, 0, 3, 0, 4, 5, 5, 5]
2016-10-25 07:45:54,200 INFO     [rollout2] [3, 4, 4, 4, 4, 4, 4, 1, 4, 4, 4, 4, 4, 4, 6, 0, 4, 0, 4, 5]
2016-10-25 07:45:54,200 INFO     [reward] 0.385830039526
2016-10-25 07:45:54,200 INFO     [error] [ -2.91877152e-05   5.56733007e-05]
2016-10-25 07:45:54,200 INFO     
2016-10-25 07:45:54,200 INFO     [min reward] 0.0
2016-10-25 07:45:54,200 INFO     
2016-10-25 07:45:54,200 INFO     [max steps] 100
2016-10-25 07:54:18,490 INFO     [step] 1488900
2016-10-25 07:54:18,490 INFO     [task] make[cloth] 0.1 0.80725931677
2016-10-25 07:54:18,490 INFO     [task] make[bed] 0.1 0.60937196189
2016-10-25 07:54:18,490 INFO     [task] make[stick] 0.1 0.566647651645
2016-10-25 07:54:18,490 INFO     [task] make[bridge] 0.1 0.225702353834
2016-10-25 07:54:18,490 INFO     [task] make[plank] 0.1 0.792927308448
2016-10-25 07:54:18,490 INFO     [task] make[axe] 0.1 0.0830409356725
2016-10-25 07:54:18,490 INFO     [task] get[gold] 0.1 0.000193423597679
2016-10-25 07:54:18,491 INFO     [task] make[shears] 0.1 0.192479162628
2016-10-25 07:54:18,491 INFO     [task] get[gem] 0.1 0.0
2016-10-25 07:54:18,491 INFO     [task] make[rope] 0.1 0.831752178122
2016-10-25 07:54:18,491 INFO     
2016-10-25 07:54:18,491 INFO     [rollout0] [1, 4, 2, 4, 5, 1, 4, 4, 2, 2, 1, 4, 5]
2016-10-25 07:54:18,491 INFO     [rollout1] [0, 4, 5, 0, 0, 3, 0, 2, 4, 1, 0, 2, 2, 2, 2, 0, 3, 6]
2016-10-25 07:54:18,491 INFO     [rollout2] [1, 3, 1, 3, 1, 3, 1, 4, 5, 3, 4, 4, 1, 1, 3, 4, 3, 4, 5, 5, 0, 0, 4, 4, 4, 4, 4, 4, 4, 4, 0, 0, 4, 0, 6]
2016-10-25 07:54:18,491 INFO     [reward] 0.410328820116
2016-10-25 07:54:18,491 INFO     [error] [ -6.08907958e-06   5.15263091e-05]
2016-10-25 07:54:18,491 INFO     
2016-10-25 07:54:18,491 INFO     [min reward] 0.0
2016-10-25 07:54:18,491 INFO     
2016-10-25 07:54:18,491 INFO     [max steps] 100
2016-10-25 08:02:50,753 INFO     [step] 1542000
2016-10-25 08:02:50,753 INFO     [task] make[cloth] 0.1 0.836353446665
2016-10-25 08:02:50,753 INFO     [task] make[bed] 0.1 0.666350890489
2016-10-25 08:02:50,754 INFO     [task] make[stick] 0.1 0.594263068503
2016-10-25 08:02:50,754 INFO     [task] make[bridge] 0.1 0.241346519589
2016-10-25 08:02:50,754 INFO     [task] make[plank] 0.1 0.819579602958
2016-10-25 08:02:50,754 INFO     [task] make[axe] 0.1 0.10028436019
2016-10-25 08:02:50,754 INFO     [task] get[gold] 0.1 0.000184331797235
2016-10-25 08:02:50,754 INFO     [task] make[shears] 0.1 0.209328568742
2016-10-25 08:02:50,754 INFO     [task] get[gem] 0.1 0.0
2016-10-25 08:02:50,754 INFO     [task] make[rope] 0.1 0.848598130841
2016-10-25 08:02:50,754 INFO     
2016-10-25 08:02:50,754 INFO     [rollout0] [1, 4, 1, 4, 5, 3, 3, 3, 0, 0, 3, 3, 3, 3, 4, 3, 4, 4, 3, 6]
2016-10-25 08:02:50,754 INFO     [rollout1] [3, 1, 3, 4, 5, 0, 0, 3, 4, 3, 4, 5]
2016-10-25 08:02:50,754 INFO     [rollout2] [3, 3, 0, 3, 0, 3, 4, 5, 0, 0, 0, 2, 0, 4, 5]
2016-10-25 08:02:50,754 INFO     [reward] 0.429491525424
2016-10-25 08:02:50,754 INFO     [error] [ -3.02440685e-05   6.63435397e-05]
2016-10-25 08:02:50,754 INFO     
2016-10-25 08:02:50,755 INFO     [min reward] 0.0
2016-10-25 08:02:50,755 INFO     
2016-10-25 08:02:50,755 INFO     [max steps] 100
2016-10-25 08:12:24,797 INFO     [step] 1605300
2016-10-25 08:12:24,798 INFO     [task] make[cloth] 0.1 0.840823970037
2016-10-25 08:12:24,798 INFO     [task] make[bed] 0.1 0.673373888629
2016-10-25 08:12:24,798 INFO     [task] make[stick] 0.1 0.634169577644
2016-10-25 08:12:24,798 INFO     [task] make[bridge] 0.1 0.224740622506
2016-10-25 08:12:24,798 INFO     [task] make[plank] 0.1 0.823426294821
2016-10-25 08:12:24,798 INFO     [task] make[axe] 0.1 0.100603941513
2016-10-25 08:12:24,798 INFO     [task] get[gold] 0.1 0.0
2016-10-25 08:12:24,798 INFO     [task] make[shears] 0.1 0.200939702428
2016-10-25 08:12:24,798 INFO     [task] get[gem] 0.1 0.0
2016-10-25 08:12:24,798 INFO     [task] make[rope] 0.1 0.867553865653
2016-10-25 08:12:24,798 INFO     
2016-10-25 08:12:24,798 INFO     [rollout0] [2, 1, 4, 5, 0, 0, 3, 4, 5]
2016-10-25 08:12:24,798 INFO     [rollout1] [3, 0, 0, 3, 0, 4, 5, 0, 4, 5]
2016-10-25 08:12:24,798 INFO     [rollout2] [3, 4, 5, 2, 2, 1, 4, 5, 5, 5]
2016-10-25 08:12:24,798 INFO     [reward] 0.437061611374
2016-10-25 08:12:24,798 INFO     [error] [ -2.35808812e-05   4.36989021e-05]
2016-10-25 08:12:24,799 INFO     
2016-10-25 08:12:24,799 INFO     [min reward] 0.0
2016-10-25 08:12:24,799 INFO     
2016-10-25 08:12:24,799 INFO     [max steps] 100
2016-10-25 08:22:45,873 INFO     [step] 1675400
2016-10-25 08:22:45,873 INFO     [task] make[cloth] 0.1 0.858412152479
2016-10-25 08:22:45,874 INFO     [task] make[bed] 0.1 0.719615602035
2016-10-25 08:22:45,874 INFO     [task] make[stick] 0.1 0.647535260438
2016-10-25 08:22:45,874 INFO     [task] make[bridge] 0.1 0.236520998865
2016-10-25 08:22:45,874 INFO     [task] make[plank] 0.1 0.851656947803
2016-10-25 08:22:45,874 INFO     [task] make[axe] 0.1 0.10645067978
2016-10-25 08:22:45,874 INFO     [task] get[gold] 0.1 0.000144592249855
2016-10-25 08:22:45,874 INFO     [task] make[shears] 0.1 0.206518685024
2016-10-25 08:22:45,874 INFO     [task] get[gem] 0.1 0.0
2016-10-25 08:22:45,874 INFO     [task] make[rope] 0.1 0.876433860897
2016-10-25 08:22:45,874 INFO     
2016-10-25 08:22:45,874 INFO     [rollout0] [4, 0, 2, 5, 1, 3, 1, 1, 1, 4, 5, 2, 1, 2, 0, 4, 4, 2, 2, 0, 4, 4, 4, 4, 4, 6]
2016-10-25 08:22:45,874 INFO     [rollout1] [3, 4, 0, 2, 1, 3, 4, 0, 0, 1, 2, 1, 2, 1, 6, 3, 0, 0, 0, 3, 3, 0, 4, 4, 4, 4, 4, 4, 4, 6, 4, 0, 5, 2, 2, 2, 1, 2, 1, 1, 2, 4, 2, 4, 5]
2016-10-25 08:22:45,874 INFO     [rollout2] [2, 0, 4, 5, 3, 4, 0, 0, 4, 0, 4, 5, 2, 1, 3, 1, 1, 4, 5, 0, 3, 3, 0, 4, 5]
2016-10-25 08:22:45,874 INFO     [reward] 0.451027104137
2016-10-25 08:22:45,874 INFO     [error] [ -3.29788774e-05   6.00770866e-05]
2016-10-25 08:22:45,875 INFO     
2016-10-25 08:22:45,875 INFO     [min reward] 0.0
2016-10-25 08:22:45,875 INFO     
2016-10-25 08:22:45,875 INFO     [max steps] 100
2016-10-25 08:33:20,586 INFO     [step] 1747400
2016-10-25 08:33:20,587 INFO     [task] make[cloth] 0.1 0.869828178694
2016-10-25 08:33:20,587 INFO     [task] make[bed] 0.1 0.732894920946
2016-10-25 08:33:20,587 INFO     [task] make[stick] 0.1 0.657593523171
2016-10-25 08:33:20,587 INFO     [task] make[bridge] 0.1 0.258037578288
2016-10-25 08:33:20,587 INFO     [task] make[plank] 0.1 0.858504905348
2016-10-25 08:33:20,587 INFO     [task] make[axe] 0.1 0.125123014199
2016-10-25 08:33:20,587 INFO     [task] get[gold] 0.1 0.0
2016-10-25 08:33:20,587 INFO     [task] make[shears] 0.1 0.207126948775
2016-10-25 08:33:20,587 INFO     [task] get[gem] 0.1 0.0
2016-10-25 08:33:20,587 INFO     [task] make[rope] 0.1 0.880949077286
2016-10-25 08:33:20,587 INFO     
2016-10-25 08:33:20,587 INFO     [rollout0] [1, 2, 1, 3, 0, 1, 0, 0, 1, 3, 0, 3, 1, 1, 6, 0, 5, 0, 4, 4, 0, 4, 2, 1, 3, 2, 2, 3, 3, 2, 3, 6, 1, 2, 5, 5]
2016-10-25 08:33:20,587 INFO     [rollout1] [3, 0, 4, 5, 3, 1, 3, 1, 4, 5]
2016-10-25 08:33:20,587 INFO     [rollout2] [1, 4, 5, 3, 1, 4, 4, 4, 3, 4, 5]
2016-10-25 08:33:20,588 INFO     [reward] 0.459319444444
2016-10-25 08:33:20,588 INFO     [error] [ -2.41151215e-05   5.74984941e-05]
2016-10-25 08:33:20,588 INFO     
2016-10-25 08:33:20,588 INFO     [min reward] 0.0
2016-10-25 08:33:20,588 INFO     
2016-10-25 08:33:20,588 INFO     [max steps] 100
2016-10-25 08:44:44,786 INFO     [step] 1827200
2016-10-25 08:44:44,787 INFO     [task] make[cloth] 0.1 0.875599293465
2016-10-25 08:44:44,787 INFO     [task] make[bed] 0.1 0.75320754717
2016-10-25 08:44:44,787 INFO     [task] make[stick] 0.1 0.672483052975
2016-10-25 08:44:44,787 INFO     [task] make[bridge] 0.1 0.264761425154
2016-10-25 08:44:44,787 INFO     [task] make[plank] 0.1 0.873720573183
2016-10-25 08:44:44,787 INFO     [task] make[axe] 0.1 0.118555417186
2016-10-25 08:44:44,787 INFO     [task] get[gold] 0.1 0.0
2016-10-25 08:44:44,787 INFO     [task] make[shears] 0.1 0.205830610706
2016-10-25 08:44:44,787 INFO     [task] get[gem] 0.1 0.0
2016-10-25 08:44:44,787 INFO     [task] make[rope] 0.1 0.888778550149
2016-10-25 08:44:44,787 INFO     
2016-10-25 08:44:44,787 INFO     [rollout0] [3, 0, 1, 2, 1, 2, 0, 3, 2, 1, 4, 1, 4, 5, 0, 3, 0, 0, 3, 4, 5, 5, 1, 3, 4, 0, 3, 3, 4, 1, 3, 4, 0, 3, 4, 3, 6]
2016-10-25 08:44:44,787 INFO     [rollout1] [0, 5, 2, 4, 5, 1, 1, 2, 4, 5, 2, 2, 5]
2016-10-25 08:44:44,787 INFO     [rollout2] [3, 4, 5, 0, 0, 2, 0, 2, 0, 3, 4, 3, 0, 0, 4, 0, 0, 6, 5, 0, 4, 5]
2016-10-25 08:44:44,787 INFO     [reward] 0.463245614035
2016-10-25 08:44:44,787 INFO     [error] [ -3.16826517e-05   3.76398491e-05]
2016-10-25 08:44:44,788 INFO     
2016-10-25 08:44:44,788 INFO     [min reward] 0.0
2016-10-25 08:44:44,788 INFO     
2016-10-25 08:44:44,788 INFO     [max steps] 100
2016-10-25 08:57:13,610 INFO     [step] 1917600
2016-10-25 08:57:13,610 INFO     [task] make[cloth] 0.1 0.886628546294
2016-10-25 08:57:13,610 INFO     [task] make[bed] 0.1 0.766978401247
2016-10-25 08:57:13,610 INFO     [task] make[stick] 0.1 0.684326467673
2016-10-25 08:57:13,610 INFO     [task] make[bridge] 0.1 0.252516314567
2016-10-25 08:57:13,610 INFO     [task] make[plank] 0.1 0.888389344723
2016-10-25 08:57:13,610 INFO     [task] make[axe] 0.1 0.111538884611
2016-10-25 08:57:13,610 INFO     [task] get[gold] 0.1 0.0
2016-10-25 08:57:13,610 INFO     [task] make[shears] 0.1 0.206711849585
2016-10-25 08:57:13,610 INFO     [task] get[gem] 0.1 0.0
2016-10-25 08:57:13,610 INFO     [task] make[rope] 0.1 0.895588073495
2016-10-25 08:57:13,610 INFO     
2016-10-25 08:57:13,610 INFO     [rollout0] [5, 3, 4, 1, 4, 2, 0, 4, 0, 3, 1, 3, 4, 0, 3, 6, 0, 4, 3, 1, 2, 3, 0, 1, 2, 0, 1, 0, 3, 1, 6, 2, 2, 4, 5]
2016-10-25 08:57:13,610 INFO     [rollout1] [1, 3, 0, 2, 1, 3, 0, 2, 0, 1, 0, 3, 0, 4, 6, 2, 1, 2, 2, 3, 2, 2, 2, 3, 2, 2, 2, 2, 4, 6, 0, 4, 5, 4, 3, 1, 2, 4, 4, 4, 4, 4, 4, 4, 4, 4, 4, 6]
2016-10-25 08:57:13,610 INFO     [rollout2] [2, 1, 4, 3, 1, 2, 1, 1, 3, 3, 4, 5, 0, 3, 3, 0, 4, 0, 4, 4, 5]
2016-10-25 08:57:13,610 INFO     [reward] 0.468993362832
2016-10-25 08:57:13,611 INFO     [error] [ -4.60283897e-05   4.16302953e-05]
2016-10-25 08:57:13,611 INFO     
2016-10-25 08:57:13,611 INFO     [min reward] 0.0
2016-10-25 08:57:13,611 INFO     
2016-10-25 08:57:13,611 INFO     [max steps] 100
2016-10-25 09:09:31,051 INFO     [step] 2006000
2016-10-25 09:09:31,051 INFO     [task] make[cloth] 0.1 0.889468906037
2016-10-25 09:09:31,052 INFO     [task] make[bed] 0.1 0.781512605042
2016-10-25 09:09:31,052 INFO     [task] make[stick] 0.1 0.677275329136
2016-10-25 09:09:31,052 INFO     [task] make[bridge] 0.1 0.282210669078
2016-10-25 09:09:31,052 INFO     [task] make[plank] 0.1 0.889954853273
2016-10-25 09:09:31,052 INFO     [task] make[axe] 0.1 0.119404680754
2016-10-25 09:09:31,052 INFO     [task] get[gold] 0.1 0.0
2016-10-25 09:09:31,052 INFO     [task] make[shears] 0.1 0.207706871589
2016-10-25 09:09:31,052 INFO     [task] get[gem] 0.1 0.0
2016-10-25 09:09:31,052 INFO     [task] make[rope] 0.1 0.902968945512
2016-10-25 09:09:31,052 INFO     
2016-10-25 09:09:31,052 INFO     [rollout0] [3, 3, 4, 5, 2, 1, 2, 1, 4, 4, 1, 4, 1, 2, 4, 2, 1, 4, 6]
2016-10-25 09:09:31,052 INFO     [rollout1] [2, 1, 3, 0, 2, 0, 3, 4, 5, 0, 4, 0, 3, 0, 4, 5]
2016-10-25 09:09:31,052 INFO     [rollout2] [3, 0, 2, 0, 4, 5, 3, 1, 1, 1, 3, 1, 3, 4, 5]
2016-10-25 09:09:31,052 INFO     [reward] 0.47471719457
2016-10-25 09:09:31,052 INFO     [error] [ -2.24737797e-05   5.45752552e-05]
2016-10-25 09:09:31,053 INFO     
2016-10-25 09:09:31,053 INFO     [min reward] 0.0
2016-10-25 09:09:31,053 INFO     
2016-10-25 09:09:31,053 INFO     [max steps] 100
2016-10-25 09:21:57,943 INFO     [step] 2096300
2016-10-25 09:21:57,944 INFO     [task] make[cloth] 0.1 0.888524948138
2016-10-25 09:21:57,944 INFO     [task] make[bed] 0.1 0.796028681743
2016-10-25 09:21:57,944 INFO     [task] make[stick] 0.1 0.679916087005
2016-10-25 09:21:57,944 INFO     [task] make[bridge] 0.1 0.296767123288
2016-10-25 09:21:57,944 INFO     [task] make[plank] 0.1 0.889089881289
2016-10-25 09:21:57,944 INFO     [task] make[axe] 0.1 0.122132328494
2016-10-25 09:21:57,944 INFO     [task] get[gold] 0.1 0.0
2016-10-25 09:21:57,944 INFO     [task] make[shears] 0.1 0.216010585511
2016-10-25 09:21:57,944 INFO     [task] get[gem] 0.1 0.0
2016-10-25 09:21:57,944 INFO     [task] make[rope] 0.1 0.9115699697
2016-10-25 09:21:57,944 INFO     
2016-10-25 09:21:57,944 INFO     [rollout0] [1, 3, 0, 0, 3, 1, 3, 4, 5, 0, 4, 5, 0, 3, 4, 5, 1, 1, 3, 4, 5, 0, 0, 1, 3, 2, 4, 3, 2, 3, 4, 4, 3, 2, 1, 6]
2016-10-25 09:21:57,945 INFO     [rollout1] [3, 5, 4, 5, 1, 2, 4, 4, 4, 4, 4, 4, 4, 4, 4, 4, 4, 4, 6]
2016-10-25 09:21:57,945 INFO     [rollout2] [1, 4, 5, 2, 1, 4, 5, 5, 5]
2016-10-25 09:21:57,945 INFO     [reward] 0.479158361019
2016-10-25 09:21:57,945 INFO     [error] [ -1.77466226e-05   4.52006373e-05]
2016-10-25 09:21:57,945 INFO     
2016-10-25 09:21:57,945 INFO     [min reward] 0.0
2016-10-25 09:21:57,945 INFO     
2016-10-25 09:21:57,945 INFO     [max steps] 100
2016-10-25 09:34:30,480 INFO     [step] 2187500
2016-10-25 09:34:30,480 INFO     [task] make[cloth] 0.1 0.899721746575
2016-10-25 09:34:30,480 INFO     [task] make[bed] 0.1 0.802890494719
2016-10-25 09:34:30,480 INFO     [task] make[stick] 0.1 0.681310169304
2016-10-25 09:34:30,480 INFO     [task] make[bridge] 0.1 0.295419680035
2016-10-25 09:34:30,481 INFO     [task] make[plank] 0.1 0.896525515744
2016-10-25 09:34:30,481 INFO     [task] make[axe] 0.1 0.130003344854
2016-10-25 09:34:30,481 INFO     [task] get[gold] 0.1 0.0
2016-10-25 09:34:30,481 INFO     [task] make[shears] 0.1 0.218465254144
2016-10-25 09:34:30,481 INFO     [task] get[gem] 0.1 0.0
2016-10-25 09:34:30,481 INFO     [task] make[rope] 0.1 0.910560227149
2016-10-25 09:34:30,481 INFO     
2016-10-25 09:34:30,481 INFO     [rollout0] [3, 3, 4, 5, 2, 2, 2, 2, 2, 0, 4, 5]
2016-10-25 09:34:30,481 INFO     [rollout1] [5, 1, 2, 1, 2, 1, 4, 5, 1, 2, 4, 4, 4, 4, 4, 4, 4, 4, 4, 4, 4, 4, 6]
2016-10-25 09:34:30,481 INFO     [rollout2] [2, 2, 0, 2, 4, 5, 1, 4, 5]
2016-10-25 09:34:30,481 INFO     [reward] 0.485010964912
2016-10-25 09:34:30,481 INFO     [error] [ -1.97103778e-05   4.54648374e-05]
2016-10-25 09:34:30,481 INFO     
2016-10-25 09:34:30,481 INFO     [min reward] 0.0
2016-10-25 09:34:30,481 INFO     
2016-10-25 09:34:30,481 INFO     [max steps] 100
2016-10-25 09:47:26,546 INFO     [step] 2282700
2016-10-25 09:47:26,546 INFO     [task] make[cloth] 0.1 0.909347848843
2016-10-25 09:47:26,546 INFO     [task] make[bed] 0.1 0.815959891372
2016-10-25 09:47:26,546 INFO     [task] make[stick] 0.1 0.680208333333
2016-10-25 09:47:26,546 INFO     [task] make[bridge] 0.1 0.302474986835
2016-10-25 09:47:26,546 INFO     [task] make[plank] 0.1 0.896359427609
2016-10-25 09:47:26,547 INFO     [task] make[axe] 0.1 0.12610573956
2016-10-25 09:47:26,547 INFO     [task] get[gold] 0.1 0.000107020547945
2016-10-25 09:47:26,547 INFO     [task] make[shears] 0.1 0.235448900116
2016-10-25 09:47:26,547 INFO     [task] get[gem] 0.1 0.00010508617066
2016-10-25 09:47:26,547 INFO     [task] make[rope] 0.1 0.914705569162
2016-10-25 09:47:26,547 INFO     
2016-10-25 09:47:26,547 INFO     [rollout0] [3, 0, 4, 5, 0, 0, 0, 3, 3, 0, 4, 5, 5, 2, 2, 1, 1, 2, 4, 4, 4, 4, 4, 4, 4, 4, 4, 6]
2016-10-25 09:47:26,547 INFO     [rollout1] [3, 1, 5, 3, 0, 4, 0, 4, 5, 1, 4, 1, 2, 4, 5]
2016-10-25 09:47:26,547 INFO     [rollout2] [0, 5, 3, 4, 0, 4, 5, 0, 2, 0, 4, 4, 4, 4, 4, 4, 4, 4, 4, 4, 4, 6]
2016-10-25 09:47:26,547 INFO     [reward] 0.488182773109
2016-10-25 09:47:26,547 INFO     [error] [ -2.57147943e-05   3.30119527e-05]
2016-10-25 09:47:26,547 INFO     
2016-10-25 09:47:26,547 INFO     [min reward] 0.00010508617066
2016-10-25 09:47:26,547 INFO     
2016-10-25 09:47:26,547 INFO     [max steps] 100
2016-10-25 10:00:21,044 INFO     [step] 2376900
2016-10-25 10:00:21,044 INFO     [task] make[cloth] 0.1 0.910327241819
2016-10-25 10:00:21,045 INFO     [task] make[bed] 0.1 0.818591186877
2016-10-25 10:00:21,045 INFO     [task] make[stick] 0.1 0.692637972563
2016-10-25 10:00:21,045 INFO     [task] make[bridge] 0.1 0.30206625123
2016-10-25 10:00:21,045 INFO     [task] make[plank] 0.1 0.904961272765
2016-10-25 10:00:21,045 INFO     [task] make[axe] 0.1 0.135309687665
2016-10-25 10:00:21,045 INFO     [task] get[gold] 0.1 0.000106405618217
2016-10-25 10:00:21,045 INFO     [task] make[shears] 0.1 0.222432063792
2016-10-25 10:00:21,045 INFO     [task] get[gem] 0.1 0.0
2016-10-25 10:00:21,045 INFO     [task] make[rope] 0.1 0.915921668795
2016-10-25 10:00:21,045 INFO     
2016-10-25 10:00:21,045 INFO     [rollout0] [5, 1, 1, 4, 5, 3, 3, 1, 1, 3, 4, 4, 4, 4, 4, 4, 4, 4, 4, 6]
2016-10-25 10:00:21,045 INFO     [rollout1] [2, 4, 5, 2, 1, 4, 5, 4, 4, 4, 4, 5, 2, 2, 5, 2, 5]
2016-10-25 10:00:21,045 INFO     [rollout2] [3, 4, 3, 1, 1, 1, 4, 5, 0, 0, 0, 4, 0, 3, 4, 5]
2016-10-25 10:00:21,045 INFO     [reward] 0.490774946921
2016-10-25 10:00:21,045 INFO     [error] [ -4.81975299e-05   3.95589979e-05]
2016-10-25 10:00:21,046 INFO     
2016-10-25 10:00:21,046 INFO     [min reward] 0.0
2016-10-25 10:00:21,046 INFO     
2016-10-25 10:00:21,046 INFO     [max steps] 100
2016-10-25 10:13:08,497 INFO     [step] 2470200
2016-10-25 10:13:08,497 INFO     [task] make[cloth] 0.1 0.904666385135
2016-10-25 10:13:08,497 INFO     [task] make[bed] 0.1 0.823365785814
2016-10-25 10:13:08,498 INFO     [task] make[stick] 0.1 0.703056768559
2016-10-25 10:13:08,498 INFO     [task] make[bridge] 0.1 0.326831896552
2016-10-25 10:13:08,498 INFO     [task] make[plank] 0.1 0.913643659711
2016-10-25 10:13:08,498 INFO     [task] make[axe] 0.1 0.140262792437
2016-10-25 10:13:08,498 INFO     [task] get[gold] 0.1 0.00021479969928
2016-10-25 10:13:08,498 INFO     [task] make[shears] 0.1 0.219770895206
2016-10-25 10:13:08,498 INFO     [task] get[gem] 0.1 0.0
2016-10-25 10:13:08,498 INFO     [task] make[rope] 0.1 0.918429003021
2016-10-25 10:13:08,498 INFO     
2016-10-25 10:13:08,498 INFO     [rollout0] [3, 0, 3, 4, 5, 0, 1, 1, 1, 2, 4, 5]
2016-10-25 10:13:08,498 INFO     [rollout1] [2, 4, 5, 2, 2, 1, 1, 2, 4, 5]
2016-10-25 10:13:08,498 INFO     [rollout2] [3, 4, 5, 2, 4, 2, 2, 2, 0, 0, 2, 4, 5]
2016-10-25 10:13:08,498 INFO     [reward] 0.494908896034
2016-10-25 10:13:08,498 INFO     [error] [ -2.50644120e-05   6.63831741e-05]
2016-10-25 10:13:08,498 INFO     
2016-10-25 10:13:08,499 INFO     [min reward] 0.0
2016-10-25 10:13:08,499 INFO     
2016-10-25 10:13:08,499 INFO     [max steps] 100
2016-10-25 10:26:01,131 INFO     [step] 2565100
2016-10-25 10:26:01,132 INFO     [task] make[cloth] 0.1 0.90625669595
2016-10-25 10:26:01,132 INFO     [task] make[bed] 0.1 0.826413519716
2016-10-25 10:26:01,132 INFO     [task] make[stick] 0.1 0.702923109511
2016-10-25 10:26:01,132 INFO     [task] make[bridge] 0.1 0.322690145327
2016-10-25 10:26:01,132 INFO     [task] make[plank] 0.1 0.911036508603
2016-10-25 10:26:01,132 INFO     [task] make[axe] 0.1 0.138464778351
2016-10-25 10:26:01,132 INFO     [task] get[gold] 0.1 0.0
2016-10-25 10:26:01,132 INFO     [task] make[shears] 0.1 0.225372516556
2016-10-25 10:26:01,132 INFO     [task] get[gem] 0.1 0.0
2016-10-25 10:26:01,132 INFO     [task] make[rope] 0.1 0.914520894892
2016-10-25 10:26:01,132 INFO     
2016-10-25 10:26:01,132 INFO     [rollout0] [2, 1, 4, 5, 3, 1, 4, 1, 4, 1, 1, 4, 1, 3, 4, 3, 4, 5]
2016-10-25 10:26:01,132 INFO     [rollout1] [4, 0, 0, 3, 4, 3, 4, 5, 1, 4, 5]
2016-10-25 10:26:01,132 INFO     [rollout2] [0, 4, 0, 0, 1, 0, 3, 0, 1, 4, 3, 4, 3, 4, 6, 2, 2, 1, 1, 2, 4, 5]
2016-10-25 10:26:01,132 INFO     [reward] 0.494236037935
2016-10-25 10:26:01,132 INFO     [error] [ -5.69099403e-06   4.20492626e-05]
2016-10-25 10:26:01,133 INFO     
2016-10-25 10:26:01,133 INFO     [min reward] 0.0
2016-10-25 10:26:01,133 INFO     
2016-10-25 10:26:01,133 INFO     [max steps] 100
2016-10-25 10:38:55,994 INFO     [step] 2660300
2016-10-25 10:38:55,995 INFO     [task] make[cloth] 0.1 0.904487179487
2016-10-25 10:38:55,995 INFO     [task] make[bed] 0.1 0.833631108776
2016-10-25 10:38:55,995 INFO     [task] make[stick] 0.1 0.697115384615
2016-10-25 10:38:55,995 INFO     [task] make[bridge] 0.1 0.34629941127
2016-10-25 10:38:55,995 INFO     [task] make[plank] 0.1 0.912110798709
2016-10-25 10:38:55,995 INFO     [task] make[axe] 0.1 0.144697205775
2016-10-25 10:38:55,995 INFO     [task] get[gold] 0.1 0.0
2016-10-25 10:38:55,995 INFO     [task] make[shears] 0.1 0.233319432861
2016-10-25 10:38:55,995 INFO     [task] get[gem] 0.1 0.0
2016-10-25 10:38:55,995 INFO     [task] make[rope] 0.1 0.918578830496
2016-10-25 10:38:55,995 INFO     
2016-10-25 10:38:55,995 INFO     [rollout0] [0, 3, 1, 3, 1, 3, 4, 5, 1, 2, 4, 5]
2016-10-25 10:38:55,995 INFO     [rollout1] [2, 1, 2, 4, 5, 2, 1, 4, 5]
2016-10-25 10:38:55,995 INFO     [rollout2] [3, 1, 2, 1, 3, 1, 1, 1, 1, 4, 5, 0, 3, 1, 0, 3, 1, 0, 3, 5, 3, 4, 0, 0, 0, 2, 1, 1, 5, 2, 1, 5, 4, 4, 4, 4, 2, 1, 3, 2, 4, 4, 1, 1, 4, 2, 6]
2016-10-25 10:38:55,995 INFO     [reward] 0.498308823529
2016-10-25 10:38:55,995 INFO     [error] [ -8.74200593e-06   4.58662823e-05]
2016-10-25 10:38:55,996 INFO     
2016-10-25 10:38:55,996 INFO     [min reward] 0.0
2016-10-25 10:38:55,996 INFO     
2016-10-25 10:38:55,996 INFO     [max steps] 100
2016-10-25 10:52:00,255 INFO     [step] 2758000
2016-10-25 10:52:00,255 INFO     [task] make[cloth] 0.1 0.913220127097
2016-10-25 10:52:00,256 INFO     [task] make[bed] 0.1 0.850318793644
2016-10-25 10:52:00,256 INFO     [task] make[stick] 0.1 0.687971089313
2016-10-25 10:52:00,256 INFO     [task] make[bridge] 0.1 0.345247849242
2016-10-25 10:52:00,256 INFO     [task] make[plank] 0.1 0.915766958647
2016-10-25 10:52:00,256 INFO     [task] make[axe] 0.1 0.145559210526
2016-10-25 10:52:00,256 INFO     [task] get[gold] 0.1 0.00010173974972
2016-10-25 10:52:00,256 INFO     [task] make[shears] 0.1 0.244805325802
2016-10-25 10:52:00,256 INFO     [task] get[gem] 0.1 0.0
2016-10-25 10:52:00,256 INFO     [task] make[rope] 0.1 0.920547945205
2016-10-25 10:52:00,256 INFO     
2016-10-25 10:52:00,256 INFO     [rollout0] [1, 4, 5, 2, 1, 4, 5, 2, 5, 5]
2016-10-25 10:52:00,256 INFO     [rollout1] [0, 0, 3, 4, 5, 1, 3, 1, 4, 5, 0, 2, 0, 0, 4, 5, 2, 2, 1, 4, 5]
2016-10-25 10:52:00,256 INFO     [rollout2] [3, 4, 5, 1, 4, 1, 1, 3, 1, 3, 3, 1, 3, 4, 5]
2016-10-25 10:52:00,256 INFO     [reward] 0.502650972364
2016-10-25 10:52:00,256 INFO     [error] [ -3.97998535e-06   4.56530797e-05]
2016-10-25 10:52:00,257 INFO     
2016-10-25 10:52:00,257 INFO     [min reward] 0.0
2016-10-25 10:52:00,257 INFO     
2016-10-25 10:52:00,257 INFO     [max steps] 100
2016-10-25 11:05:01,443 INFO     [step] 2855200
2016-10-25 11:05:01,444 INFO     [task] make[cloth] 0.1 0.918310727497
2016-10-25 11:05:01,444 INFO     [task] make[bed] 0.1 0.838902640264
2016-10-25 11:05:01,445 INFO     [task] make[stick] 0.1 0.69262295082
2016-10-25 11:05:01,445 INFO     [task] make[bridge] 0.1 0.366797358646
2016-10-25 11:05:01,445 INFO     [task] make[plank] 0.1 0.915604933238
2016-10-25 11:05:01,445 INFO     [task] make[axe] 0.1 0.164154786151
2016-10-25 11:05:01,445 INFO     [task] get[gold] 0.1 0.0
2016-10-25 11:05:01,445 INFO     [task] make[shears] 0.1 0.236204228984
2016-10-25 11:05:01,445 INFO     [task] get[gem] 0.1 0.0
2016-10-25 11:05:01,445 INFO     [task] make[rope] 0.1 0.930227700021
2016-10-25 11:05:01,445 INFO     
2016-10-25 11:05:01,445 INFO     [rollout0] [0, 3, 0, 4, 5, 1, 3, 4, 5]
2016-10-25 11:05:01,445 INFO     [rollout1] [3, 3, 1, 1, 4, 5, 0, 2, 4, 5]
2016-10-25 11:05:01,445 INFO     [rollout2] [2, 2, 4, 5, 2, 0, 4, 5, 1, 3, 3, 1, 4, 5, 0, 3, 0, 2, 0, 3, 4, 5]
2016-10-25 11:05:01,445 INFO     [reward] 0.505936213992
2016-10-25 11:05:01,445 INFO     [error] [ -4.06715209e-06   5.30725446e-05]
2016-10-25 11:05:01,446 INFO     
2016-10-25 11:05:01,446 INFO     [min reward] 0.0
2016-10-25 11:05:01,446 INFO     
2016-10-25 11:05:01,446 INFO     [max steps] 100
2016-10-25 11:17:44,015 INFO     [step] 2947900
2016-10-25 11:17:44,016 INFO     [task] make[cloth] 0.1 0.917371717394
2016-10-25 11:17:44,016 INFO     [task] make[bed] 0.1 0.850461342666
2016-10-25 11:17:44,016 INFO     [task] make[stick] 0.1 0.702886065044
2016-10-25 11:17:44,016 INFO     [task] make[bridge] 0.1 0.382266969795
2016-10-25 11:17:44,016 INFO     [task] make[plank] 0.1 0.921465968586
2016-10-25 11:17:44,016 INFO     [task] make[axe] 0.1 0.168981983937
2016-10-25 11:17:44,016 INFO     [task] get[gold] 0.1 0.000106951871658
2016-10-25 11:17:44,016 INFO     [task] make[shears] 0.1 0.243857758621
2016-10-25 11:17:44,016 INFO     [task] get[gem] 0.1 0.0
2016-10-25 11:17:44,016 INFO     [task] make[rope] 0.1 0.928478684267
2016-10-25 11:17:44,017 INFO     
2016-10-25 11:17:44,017 INFO     [rollout0] [1, 4, 1, 2, 1, 4, 1, 2, 4, 5, 3, 3, 1, 1, 3, 4, 5]
2016-10-25 11:17:44,017 INFO     [rollout1] [4, 4, 5, 0, 0, 3, 4, 5, 1, 1, 3, 1, 1, 3, 4, 5, 5]
2016-10-25 11:17:44,017 INFO     [rollout2] [0, 2, 4, 5, 2, 1, 1, 2, 4, 2, 4, 5]
2016-10-25 11:17:44,017 INFO     [reward] 0.51188781014
2016-10-25 11:17:44,017 INFO     [error] [ -2.40916972e-07   4.26542602e-05]
2016-10-25 11:17:44,017 INFO     
2016-10-25 11:17:44,017 INFO     [min reward] 0.0
2016-10-25 11:17:44,017 INFO     
2016-10-25 11:17:44,017 INFO     [max steps] 100
2016-10-25 11:30:43,329 INFO     [step] 3044900
2016-10-25 11:30:43,330 INFO     [task] make[cloth] 0.1 0.916312350928
2016-10-25 11:30:43,330 INFO     [task] make[bed] 0.1 0.849816101349
2016-10-25 11:30:43,330 INFO     [task] make[stick] 0.1 0.702171879871
2016-10-25 11:30:43,330 INFO     [task] make[bridge] 0.1 0.384638985478
2016-10-25 11:30:43,330 INFO     [task] make[plank] 0.1 0.925775292323
2016-10-25 11:30:43,330 INFO     [task] make[axe] 0.1 0.18968180414
2016-10-25 11:30:43,330 INFO     [task] get[gold] 0.1 0.0
2016-10-25 11:30:43,330 INFO     [task] make[shears] 0.1 0.237894086132
2016-10-25 11:30:43,330 INFO     [task] get[gem] 0.1 0.0
2016-10-25 11:30:43,330 INFO     [task] make[rope] 0.1 0.932607355661
2016-10-25 11:30:43,330 INFO     
2016-10-25 11:30:43,331 INFO     [rollout0] [3, 4, 5, 1, 4, 1, 1, 1, 2, 1, 4, 5, 0, 5, 3, 1, 1, 1, 3, 5]
2016-10-25 11:30:43,331 INFO     [rollout1] [2, 5, 0, 0, 2, 4, 2, 5, 3, 1, 5, 1, 0, 5]
2016-10-25 11:30:43,331 INFO     [rollout2] [2, 3, 1, 1, 2, 4, 2, 2, 1, 2, 1, 2, 4, 5, 0, 0, 3, 3, 0, 4, 5]
2016-10-25 11:30:43,331 INFO     [reward] 0.515525773196
2016-10-25 11:30:43,331 INFO     [error] [ -2.86927525e-05   6.03308664e-05]
2016-10-25 11:30:43,331 INFO     
2016-10-25 11:30:43,331 INFO     [min reward] 0.0
2016-10-25 11:30:43,331 INFO     
