2016-10-29 06:27:25,755 INFO     BEGIN
2016-10-29 06:27:25,756 INFO     struct {
    trainer:
        improvement_threshold: 0.8
        use_curriculum: True
        name: 'CurriculumTrainer'
        max_timesteps: 100
        hints: 'resources/craft/hints.yaml'
    name: 'craft_modular_no-curriculum-weighting'
    recipes: 'resources/craft/recipes.yaml'
    world:
        name: 'CraftWorld'
    model:
        use_args: False
        name: 'ModularACModel'
        max_subtask_timesteps: 15
        baseline: 'state'
    experiment_dir: 'experiments/craft_modular_no-curriculum-weighting'
}
2016-10-29 06:28:18,863 INFO     [max steps] 1
2016-10-29 06:28:18,864 INFO     [min reward] inf
2016-10-29 06:28:18,864 INFO     
2016-10-29 06:28:45,386 INFO     [max steps] 2
2016-10-29 06:36:33,646 INFO     [step] 52100
2016-10-29 06:36:33,646 INFO     [task] make[cloth] 0.25 0.0136435988782
2016-10-29 06:36:33,647 INFO     [task] make[stick] 0.25 0.0115503875969
2016-10-29 06:36:33,647 INFO     [task] make[plank] 0.25 0.0174226724998
2016-10-29 06:36:33,647 INFO     [task] make[rope] 0.25 0.0115580212668
2016-10-29 06:36:33,647 INFO     
2016-10-29 06:36:33,647 INFO     [rollout0] [2, 5, 4, 1, 4, 4, 0, 4, 5]
2016-10-29 06:36:33,647 INFO     [rollout1] [1, 5, 1, 4, 0, 0, 2, 4, 4, 3, 2, 4, 0, 0, 0, 1, 6]
2016-10-29 06:36:33,647 INFO     [rollout2] [5, 4, 0, 2, 2, 4, 4, 4, 0, 4, 4, 4, 1, 4, 4, 6]
2016-10-29 06:36:33,647 INFO     [reward] 0.0135508637236
2016-10-29 06:36:33,647 INFO     [error] [ -9.69951178e-06   5.84515815e-06]
2016-10-29 06:36:33,647 INFO     
2016-10-29 06:36:33,647 INFO     [min reward] 0.0115503875969
2016-10-29 06:36:33,647 INFO     
2016-10-29 06:36:33,647 INFO     [max steps] 2
2016-10-29 06:47:08,210 INFO     [step] 152000
2016-10-29 06:47:08,210 INFO     [task] make[cloth] 0.25 0.0156506424369
2016-10-29 06:47:08,211 INFO     [task] make[stick] 0.25 0.00757514707067
2016-10-29 06:47:08,211 INFO     [task] make[plank] 0.25 0.0177955911824
2016-10-29 06:47:08,211 INFO     [task] make[rope] 0.25 0.0208755815341
2016-10-29 06:47:08,211 INFO     
2016-10-29 06:47:08,211 INFO     [rollout0] [1, 0, 1, 2, 3, 2, 4, 2, 5, 1, 3, 4, 4, 3, 4, 4, 1, 4, 4, 4, 4, 1, 4, 6]
2016-10-29 06:47:08,211 INFO     [rollout1] [2, 3, 2, 5, 1, 1, 1, 3, 3, 0, 4, 4, 4, 4, 1, 4, 3, 1, 6]
2016-10-29 06:47:08,211 INFO     [rollout2] [2, 5, 4, 4, 4, 4, 4, 0, 3, 2, 4, 4, 4, 4, 1, 4, 6]
2016-10-29 06:47:08,211 INFO     [reward] 0.0154954954955
2016-10-29 06:47:08,211 INFO     [error] [  1.12147543e-05   9.67567514e-06]
2016-10-29 06:47:08,211 INFO     
2016-10-29 06:47:08,211 INFO     [min reward] 0.00757514707067
2016-10-29 06:47:08,211 INFO     
2016-10-29 06:47:08,212 INFO     [max steps] 2
2016-10-29 06:57:00,373 INFO     [step] 252000
2016-10-29 06:57:00,373 INFO     [task] make[cloth] 0.25 0.0214502961421
2016-10-29 06:57:00,373 INFO     [task] make[stick] 0.25 0.00742144960271
2016-10-29 06:57:00,374 INFO     [task] make[plank] 0.25 0.0613196270619
2016-10-29 06:57:00,374 INFO     [task] make[rope] 0.25 0.0533020182318
2016-10-29 06:57:00,374 INFO     
2016-10-29 06:57:00,374 INFO     [rollout0] [2, 2, 4, 4, 1, 4, 5, 1, 3, 1, 4, 3, 4, 4, 3, 4, 4, 4, 3, 4, 4, 6]
2016-10-29 06:57:00,374 INFO     [rollout1] [4, 5, 0, 0, 0, 4, 4, 3, 4, 4, 4, 0, 1, 4, 4, 4, 6]
2016-10-29 06:57:00,374 INFO     [rollout2] [3, 4, 5, 4, 4, 4, 4, 2, 4, 2, 2, 2, 2, 2, 1, 4, 4, 6]
2016-10-29 06:57:00,374 INFO     [reward] 0.03598
2016-10-29 06:57:00,374 INFO     [error] [ -7.10178605e-06   5.39726504e-06]
2016-10-29 06:57:00,374 INFO     
2016-10-29 06:57:00,374 INFO     [min reward] 0.00742144960271
2016-10-29 06:57:00,374 INFO     
2016-10-29 06:57:00,374 INFO     [max steps] 2
2016-10-29 07:06:08,517 INFO     [step] 352000
2016-10-29 07:06:08,517 INFO     [task] make[cloth] 0.25 0.0481194690265
2016-10-29 07:06:08,518 INFO     [task] make[stick] 0.25 0.0141869480078
2016-10-29 07:06:08,518 INFO     [task] make[plank] 0.25 0.142318794099
2016-10-29 07:06:08,518 INFO     [task] make[rope] 0.25 0.134339225759
2016-10-29 07:06:08,518 INFO     
2016-10-29 07:06:08,518 INFO     [rollout0] [4, 5, 4, 4, 1, 1, 4, 1, 3, 3, 1, 1, 3, 3, 3, 4, 6]
2016-10-29 07:06:08,518 INFO     [rollout1] [5, 3, 4, 4, 4, 4, 4, 4, 3, 3, 3, 4, 1, 3, 4, 6]
2016-10-29 07:06:08,518 INFO     [rollout2] [5, 4, 4, 4, 4, 4, 4, 4, 4, 4, 4, 4, 4, 4, 4, 6]
2016-10-29 07:06:08,518 INFO     [reward] 0.08444
2016-10-29 07:06:08,518 INFO     [error] [ -1.53251365e-05   1.92867653e-05]
2016-10-29 07:06:08,518 INFO     
2016-10-29 07:06:08,518 INFO     [min reward] 0.0141869480078
2016-10-29 07:06:08,518 INFO     
2016-10-29 07:06:08,518 INFO     [max steps] 2
2016-10-29 07:16:26,569 INFO     [step] 452000
2016-10-29 07:16:26,570 INFO     [task] make[cloth] 0.25 0.128868452619
2016-10-29 07:16:26,570 INFO     [task] make[stick] 0.25 0.0517420905086
2016-10-29 07:16:26,570 INFO     [task] make[plank] 0.25 0.252937884723
2016-10-29 07:16:26,570 INFO     [task] make[rope] 0.25 0.21562275018
2016-10-29 07:16:26,570 INFO     
2016-10-29 07:16:26,570 INFO     [rollout0] [3, 4, 0, 3, 0, 3, 3, 1, 4, 2, 3, 1, 2, 1, 6, 3, 0, 3, 0, 0, 0, 0, 0, 0, 0, 0, 0, 4, 0, 6]
2016-10-29 07:16:26,570 INFO     [rollout1] [5, 4, 0, 0, 0, 4, 4, 4, 4, 3, 1, 4, 3, 1, 0, 6]
2016-10-29 07:16:26,570 INFO     [rollout2] [3, 3, 5, 3, 4, 3, 1, 3, 4, 1, 2, 4, 1, 2, 4, 4, 4, 6]
2016-10-29 07:16:26,570 INFO     [reward] 0.16234
2016-10-29 07:16:26,570 INFO     [error] [ -2.05569445e-05   3.84646881e-05]
2016-10-29 07:16:26,571 INFO     
2016-10-29 07:16:26,571 INFO     [min reward] 0.0517420905086
2016-10-29 07:16:26,571 INFO     
2016-10-29 07:16:26,571 INFO     [max steps] 2
2016-10-29 07:26:10,272 INFO     [step] 533100
2016-10-29 07:26:10,272 INFO     [task] make[cloth] 0.25 0.277106015754
2016-10-29 07:26:10,272 INFO     [task] make[stick] 0.25 0.266778028889
2016-10-29 07:26:10,272 INFO     [task] make[plank] 0.25 0.477380777337
2016-10-29 07:26:10,272 INFO     [task] make[rope] 0.25 0.329757005683
2016-10-29 07:26:10,272 INFO     
2016-10-29 07:26:10,272 INFO     [rollout0] [1, 0, 0, 0, 0, 3, 0, 2, 3, 1, 2, 0, 2, 1, 6, 2, 0, 0, 0, 0, 3, 0, 0, 0, 0, 4, 4, 4, 4, 6]
2016-10-29 07:26:10,273 INFO     [rollout1] [1, 2, 2, 2, 5, 1, 1, 1, 2, 4, 1, 1, 4, 4, 4, 4, 4, 4, 4, 6]
2016-10-29 07:26:10,273 INFO     [rollout2] [1, 4, 0, 2, 2, 1, 0, 4, 0, 2, 2, 2, 2, 2, 6, 2, 2, 4, 0, 2, 4, 0, 4, 0, 2, 4, 4, 4, 4, 6]
2016-10-29 07:26:10,273 INFO     [reward] 0.338150431566
2016-10-29 07:26:10,273 INFO     [error] [ -9.09474441e-05   5.47491793e-05]
2016-10-29 07:26:10,273 INFO     
2016-10-29 07:26:10,273 INFO     [min reward] 0.266778028889
2016-10-29 07:26:10,273 INFO     
2016-10-29 07:26:10,273 INFO     [max steps] 2
2016-10-29 07:33:25,175 INFO     [step] 589300
2016-10-29 07:33:25,176 INFO     [task] make[cloth] 0.25 0.545588960079
2016-10-29 07:33:25,176 INFO     [task] make[stick] 0.25 0.525944076103
2016-10-29 07:33:25,176 INFO     [task] make[plank] 0.25 0.677205725272
2016-10-29 07:33:25,176 INFO     [task] make[rope] 0.25 0.615144196619
2016-10-29 07:33:25,176 INFO     
2016-10-29 07:33:25,176 INFO     [rollout0] [2, 4, 5, 0, 1, 2, 1, 4, 1, 4, 4, 4, 4, 4, 4, 4, 4, 6]
2016-10-29 07:33:25,176 INFO     [rollout1] [3, 1, 2, 4, 1, 2, 0, 4, 4, 3, 4, 1, 4, 5, 0, 2, 0, 4, 4, 4, 0, 0, 3, 1, 2, 0, 4, 0, 6]
2016-10-29 07:33:25,176 INFO     [rollout2] [4, 0, 3, 1, 0, 3, 1, 3, 0, 2, 1, 3, 5, 1, 3, 0, 4, 4, 1, 3, 4, 3, 3, 3, 3, 3, 3, 6]
2016-10-29 07:33:25,176 INFO     [reward] 0.591049822064
2016-10-29 07:33:25,176 INFO     [error] [ -5.77387819e-05   5.26858884e-05]
2016-10-29 07:33:25,176 INFO     
2016-10-29 07:33:25,176 INFO     [min reward] 0.525944076103
2016-10-29 07:33:25,176 INFO     
2016-10-29 07:33:25,177 INFO     [max steps] 2
2016-10-29 07:42:33,042 INFO     [step] 668100
2016-10-29 07:42:33,042 INFO     [task] make[cloth] 0.25 0.647654093836
2016-10-29 07:42:33,043 INFO     [task] make[stick] 0.25 0.638184313526
2016-10-29 07:42:33,043 INFO     [task] make[plank] 0.25 0.730365964311
2016-10-29 07:42:33,043 INFO     [task] make[rope] 0.25 0.717791411043
2016-10-29 07:42:33,043 INFO     
2016-10-29 07:42:33,043 INFO     [rollout0] [2, 1, 4, 1, 4, 2, 5, 1, 2, 4, 0, 2, 2, 4, 2, 2, 0, 2, 4, 5]
2016-10-29 07:42:33,043 INFO     [rollout1] [1, 1, 1, 1, 1, 1, 1, 1, 1, 1, 1, 4, 5, 1, 2, 1, 4, 4, 4, 4, 4, 5]
2016-10-29 07:42:33,043 INFO     [rollout2] [0, 3, 0, 3, 1, 2, 1, 3, 0, 2, 0, 3, 0, 4, 6, 3, 0, 2, 4, 5]
2016-10-29 07:42:33,043 INFO     [reward] 0.68366751269
2016-10-29 07:42:33,043 INFO     [error] [ -2.59750406e-05   1.08437445e-04]
2016-10-29 07:42:33,043 INFO     
2016-10-29 07:42:33,043 INFO     [min reward] 0.638184313526
2016-10-29 07:42:33,043 INFO     
2016-10-29 07:42:33,043 INFO     [max steps] 2
2016-10-29 07:52:01,117 INFO     [step] 768100
2016-10-29 07:52:01,118 INFO     [task] make[cloth] 0.25 0.766767615587
2016-10-29 07:52:01,118 INFO     [task] make[stick] 0.25 0.704647556951
2016-10-29 07:52:01,118 INFO     [task] make[plank] 0.25 0.806713523994
2016-10-29 07:52:01,118 INFO     [task] make[rope] 0.25 0.804430229803
2016-10-29 07:52:01,118 INFO     
2016-10-29 07:52:01,118 INFO     [rollout0] [3, 1, 3, 1, 3, 4, 5, 3, 1, 4, 1, 3, 4, 5]
2016-10-29 07:52:01,118 INFO     [rollout1] [1, 3, 1, 2, 1, 3, 0, 3, 0, 2, 1, 3, 0, 0, 6, 3, 1, 1, 3, 4, 4, 4, 4, 4, 4, 4, 4, 4, 4, 6]
2016-10-29 07:52:01,118 INFO     [rollout2] [0, 0, 3, 3, 4, 5, 2, 0, 1, 2, 2, 1, 4, 5]
2016-10-29 07:52:01,118 INFO     [reward] 0.77057
2016-10-29 07:52:01,118 INFO     [error] [ -6.50338595e-05   1.10006404e-04]
2016-10-29 07:52:01,118 INFO     
2016-10-29 07:52:01,118 INFO     [min reward] 0.704647556951
2016-10-29 07:52:01,119 INFO     
2016-10-29 07:52:01,119 INFO     [max steps] 2
2016-10-29 08:01:09,564 INFO     [step] 868100
2016-10-29 08:01:09,564 INFO     [task] make[cloth] 0.25 0.827404214173
2016-10-29 08:01:09,564 INFO     [task] make[stick] 0.25 0.74561333546
2016-10-29 08:01:09,564 INFO     [task] make[plank] 0.25 0.855033610755
2016-10-29 08:01:09,564 INFO     [task] make[rope] 0.25 0.853689618096
2016-10-29 08:01:09,564 INFO     
2016-10-29 08:01:09,564 INFO     [rollout0] [3, 0, 1, 3, 3, 3, 3, 4, 5, 2, 0, 4, 5]
2016-10-29 08:01:09,564 INFO     [rollout1] [2, 4, 5, 2, 2, 2, 2, 0, 4, 5]
2016-10-29 08:01:09,564 INFO     [rollout2] [4, 5, 2, 1, 2, 0, 3, 2, 0, 2, 0, 0, 3, 2, 0, 3, 6]
2016-10-29 08:01:09,565 INFO     [reward] 0.8204
2016-10-29 08:01:09,565 INFO     [error] [ -3.97977288e-05   9.21582222e-05]
2016-10-29 08:01:09,565 INFO     
2016-10-29 08:01:09,565 INFO     [min reward] 0.74561333546
2016-10-29 08:01:09,565 INFO     
2016-10-29 08:01:09,565 INFO     [max steps] 2
2016-10-29 08:10:01,153 INFO     [step] 968100
2016-10-29 08:10:01,154 INFO     [task] make[cloth] 0.25 0.855490172531
2016-10-29 08:10:01,154 INFO     [task] make[stick] 0.25 0.781219826199
2016-10-29 08:10:01,154 INFO     [task] make[plank] 0.25 0.872825004977
2016-10-29 08:10:01,154 INFO     [task] make[rope] 0.25 0.877674864261
2016-10-29 08:10:01,154 INFO     
2016-10-29 08:10:01,154 INFO     [rollout0] [2, 1, 3, 1, 4, 5, 0, 0, 3, 0, 4, 5]
2016-10-29 08:10:01,154 INFO     [rollout1] [0, 3, 4, 5, 0, 0, 3, 3, 0, 3, 0, 3, 3, 0, 4, 0, 4, 5]
2016-10-29 08:10:01,154 INFO     [rollout2] [0, 3, 0, 3, 0, 3, 4, 5, 0, 2, 4, 5]
2016-10-29 08:10:01,154 INFO     [reward] 0.84694
2016-10-29 08:10:01,154 INFO     [error] [ -4.07002344e-05   8.03394148e-05]
2016-10-29 08:10:01,154 INFO     
2016-10-29 08:10:01,154 INFO     [min reward] 0.781219826199
2016-10-29 08:10:01,155 INFO     
2016-10-29 08:10:01,155 INFO     [max steps] 2
2016-10-29 08:18:39,111 INFO     [step] 1068100
2016-10-29 08:18:39,112 INFO     [task] make[cloth] 0.25 0.876237822235
2016-10-29 08:18:39,112 INFO     [task] make[stick] 0.25 0.799166366078
2016-10-29 08:18:39,112 INFO     [task] make[plank] 0.25 0.890232595638
2016-10-29 08:18:39,112 INFO     [task] make[rope] 0.25 0.89359263212
2016-10-29 08:18:39,112 INFO     
2016-10-29 08:18:39,112 INFO     [rollout0] [0, 3, 0, 3, 1, 3, 0, 3, 1, 4, 1, 4, 5, 2, 1, 4, 5]
2016-10-29 08:18:39,112 INFO     [rollout1] [4, 5, 2, 4, 2, 2, 2, 4, 2, 1, 2, 2, 1, 4, 5]
2016-10-29 08:18:39,112 INFO     [rollout2] [3, 0, 3, 4, 5, 3, 4, 5]
2016-10-29 08:18:39,112 INFO     [reward] 0.86487
2016-10-29 08:18:39,112 INFO     [error] [ -7.22690971e-05   1.06137485e-04]
2016-10-29 08:18:39,113 INFO     
2016-10-29 08:18:39,113 INFO     [min reward] 0.799166366078
2016-10-29 08:18:39,113 INFO     
2016-10-29 08:18:39,113 INFO     [max steps] 2
2016-10-29 08:27:06,129 INFO     [step] 1168100
2016-10-29 08:27:06,130 INFO     [task] make[cloth] 0.25 0.889004481434
2016-10-29 08:27:06,130 INFO     [task] make[stick] 0.25 0.819256350669
2016-10-29 08:27:06,130 INFO     [task] make[plank] 0.25 0.898448966639
2016-10-29 08:27:06,130 INFO     [task] make[rope] 0.25 0.906807294392
2016-10-29 08:27:06,130 INFO     
2016-10-29 08:27:06,130 INFO     [rollout0] [0, 0, 3, 4, 3, 4, 5, 0, 2, 4, 5]
2016-10-29 08:27:06,130 INFO     [rollout1] [1, 3, 1, 4, 3, 1, 1, 3, 1, 4, 5, 4, 4, 0, 4, 0, 4, 5]
2016-10-29 08:27:06,130 INFO     [rollout2] [2, 4, 5, 1, 1, 1, 3, 1, 1, 0, 1, 1, 0, 1, 1, 2, 3, 6]
2016-10-29 08:27:06,130 INFO     [reward] 0.8784
2016-10-29 08:27:06,130 INFO     [error] [ -1.44347450e-05   7.57168138e-05]
2016-10-29 08:27:06,131 INFO     
2016-10-29 08:27:06,131 INFO     [min reward] 0.819256350669
2016-10-29 08:27:06,131 INFO     
2016-10-29 08:27:32,345 INFO     [max steps] 3
2016-10-29 08:37:18,851 INFO     [step] 1268100
2016-10-29 08:37:18,852 INFO     [task] make[cloth] 0.2 0.889195841077
2016-10-29 08:37:18,852 INFO     [task] make[stick] 0.2 0.823041152058
2016-10-29 08:37:18,852 INFO     [task] make[bridge] 0.2 0.251674688632
2016-10-29 08:37:18,852 INFO     [task] make[plank] 0.2 0.908437702709
2016-10-29 08:37:18,852 INFO     [task] make[rope] 0.2 0.91556940396
2016-10-29 08:37:18,852 INFO     
2016-10-29 08:37:18,852 INFO     [rollout0] [0, 0, 2, 4, 2, 4, 5, 3, 0, 3, 4, 5]
2016-10-29 08:37:18,852 INFO     [rollout1] [1, 3, 4, 3, 4, 5, 3, 0, 3, 3, 0, 4, 5]
2016-10-29 08:37:18,852 INFO     [rollout2] [0, 2, 4, 5, 1, 1, 4, 5]
2016-10-29 08:37:18,852 INFO     [reward] 0.75659
2016-10-29 08:37:18,852 INFO     [error] [ -3.93650635e-05   1.06696599e-04]
2016-10-29 08:37:18,853 INFO     
2016-10-29 08:37:18,853 INFO     [min reward] 0.251674688632
2016-10-29 08:37:18,853 INFO     
2016-10-29 08:37:18,853 INFO     [max steps] 3
2016-10-29 08:46:49,911 INFO     [step] 1368100
2016-10-29 08:46:49,911 INFO     [task] make[cloth] 0.2 0.901921082523
2016-10-29 08:46:49,911 INFO     [task] make[stick] 0.2 0.83850683701
2016-10-29 08:46:49,911 INFO     [task] make[bridge] 0.2 0.38985017404
2016-10-29 08:46:49,911 INFO     [task] make[plank] 0.2 0.913921253515
2016-10-29 08:46:49,912 INFO     [task] make[rope] 0.2 0.922064270698
2016-10-29 08:46:49,912 INFO     
2016-10-29 08:46:49,912 INFO     [rollout0] [3, 1, 3, 4, 5, 3, 0, 3, 3, 0, 0, 3, 0, 0, 3, 4, 5]
2016-10-29 08:46:49,912 INFO     [rollout1] [4, 1, 2, 4, 5, 2, 0, 0, 2, 0, 2, 4, 2, 2, 0, 4, 5]
2016-10-29 08:46:49,912 INFO     [rollout2] [1, 4, 3, 4, 5, 1, 2, 4, 2, 2, 2, 2, 1, 1, 2, 4, 5]
2016-10-29 08:46:49,912 INFO     [reward] 0.79412
2016-10-29 08:46:49,912 INFO     [error] [ -2.11467520e-05   7.13109947e-05]
2016-10-29 08:46:49,912 INFO     
2016-10-29 08:46:49,912 INFO     [min reward] 0.38985017404
2016-10-29 08:46:49,912 INFO     
2016-10-29 08:46:49,912 INFO     [max steps] 3
2016-10-29 08:56:19,005 INFO     [step] 1468100
2016-10-29 08:56:19,005 INFO     [task] make[cloth] 0.2 0.916853373164
2016-10-29 08:56:19,006 INFO     [task] make[stick] 0.2 0.83961983962
2016-10-29 08:56:19,006 INFO     [task] make[bridge] 0.2 0.591237533076
2016-10-29 08:56:19,006 INFO     [task] make[plank] 0.2 0.926792679268
2016-10-29 08:56:19,006 INFO     [task] make[rope] 0.2 0.93375866022
2016-10-29 08:56:19,006 INFO     
2016-10-29 08:56:19,006 INFO     [rollout0] [1, 4, 5, 1, 1, 1, 1, 1, 4, 3, 4, 5]
2016-10-29 08:56:19,006 INFO     [rollout1] [2, 4, 1, 4, 5, 2, 1, 1, 2, 2, 4, 5, 1, 4, 1, 2, 1, 1, 4, 5]
2016-10-29 08:56:19,006 INFO     [rollout2] [3, 4, 0, 2, 1, 0, 0, 0, 1, 0, 1, 3, 0, 4, 6, 3, 4, 5, 2, 2, 2, 1, 4, 1, 2, 4, 4, 4, 4, 4, 4, 4, 6]
2016-10-29 08:56:19,006 INFO     [reward] 0.84264
2016-10-29 08:56:19,006 INFO     [error] [ -4.77085787e-05   9.08414359e-05]
2016-10-29 08:56:19,006 INFO     
2016-10-29 08:56:19,006 INFO     [min reward] 0.591237533076
2016-10-29 08:56:19,006 INFO     
2016-10-29 08:56:19,006 INFO     [max steps] 3
2016-10-29 09:05:40,112 INFO     [step] 1568100
2016-10-29 09:05:40,112 INFO     [task] make[cloth] 0.2 0.912229286708
2016-10-29 09:05:40,112 INFO     [task] make[stick] 0.2 0.858095815646
2016-10-29 09:05:40,112 INFO     [task] make[bridge] 0.2 0.748617242604
2016-10-29 09:05:40,112 INFO     [task] make[plank] 0.2 0.928190701806
2016-10-29 09:05:40,112 INFO     [task] make[rope] 0.2 0.935209586793
2016-10-29 09:05:40,112 INFO     
2016-10-29 09:05:40,112 INFO     [rollout0] [0, 0, 2, 2, 0, 0, 4, 5, 2, 2, 1, 2, 4, 2, 4, 5]
2016-10-29 09:05:40,113 INFO     [rollout1] [1, 3, 4, 5, 2, 0, 2, 2, 0, 4, 5]
2016-10-29 09:05:40,113 INFO     [rollout2] [1, 1, 1, 1, 4, 3, 4, 5, 0, 2, 2, 0, 4, 5]
2016-10-29 09:05:40,113 INFO     [reward] 0.87713
2016-10-29 09:05:40,113 INFO     [error] [ -3.36968981e-05   7.11021354e-05]
2016-10-29 09:05:40,113 INFO     
2016-10-29 09:05:40,113 INFO     [min reward] 0.748617242604
2016-10-29 09:05:40,113 INFO     
2016-10-29 09:05:40,113 INFO     [max steps] 3
2016-10-29 09:14:49,073 INFO     [step] 1668100
2016-10-29 09:14:49,074 INFO     [task] make[cloth] 0.2 0.923869234214
2016-10-29 09:14:49,074 INFO     [task] make[stick] 0.2 0.863211050052
2016-10-29 09:14:49,074 INFO     [task] make[bridge] 0.2 0.805545787914
2016-10-29 09:14:49,074 INFO     [task] make[plank] 0.2 0.936418511066
2016-10-29 09:14:49,074 INFO     [task] make[rope] 0.2 0.940252045991
2016-10-29 09:14:49,074 INFO     
2016-10-29 09:14:49,074 INFO     [rollout0] [1, 4, 5, 1, 3, 4, 3, 3, 1, 3, 3, 1, 4, 5]
2016-10-29 09:14:49,074 INFO     [rollout1] [1, 1, 1, 4, 4, 2, 4, 1, 2, 1, 2, 1, 3, 4, 6, 5, 3, 4, 3, 1, 4, 5]
2016-10-29 09:14:49,074 INFO     [rollout2] [3, 4, 5, 0, 3, 0, 4, 5]
2016-10-29 09:14:49,074 INFO     [reward] 0.89382
2016-10-29 09:14:49,074 INFO     [error] [ -2.51843781e-05   7.98336875e-05]
2016-10-29 09:14:49,075 INFO     
2016-10-29 09:14:49,075 INFO     [min reward] 0.805545787914
2016-10-29 09:14:49,075 INFO     
2016-10-29 09:15:16,596 INFO     [max steps] 4
2016-10-29 09:25:42,866 INFO     [step] 1738800
2016-10-29 09:25:42,867 INFO     [task] make[cloth] 0.111111111111 0.918547471946
2016-10-29 09:25:42,867 INFO     [task] make[bed] 0.111111111111 0.796634121274
2016-10-29 09:25:42,867 INFO     [task] make[stick] 0.111111111111 0.856329113924
2016-10-29 09:25:42,867 INFO     [task] make[bridge] 0.111111111111 0.810903983657
2016-10-29 09:25:42,867 INFO     [task] make[plank] 0.111111111111 0.932021235271
2016-10-29 09:25:42,867 INFO     [task] make[axe] 0.111111111111 0.714862987751
2016-10-29 09:25:42,867 INFO     [task] get[gold] 0.111111111111 0.00176968777651
2016-10-29 09:25:42,867 INFO     [task] make[shears] 0.111111111111 0.0938420176674
2016-10-29 09:25:42,867 INFO     [task] make[rope] 0.111111111111 0.937507922424
2016-10-29 09:25:42,867 INFO     
2016-10-29 09:25:42,867 INFO     [rollout0] [0, 2, 2, 0, 2, 0, 2, 1, 4, 2, 1, 1, 3, 4, 6, 0, 0, 0, 0, 0, 4, 5, 0, 2, 0, 3, 3, 3, 3, 3, 3, 3, 3, 3, 1, 3, 6, 1, 1, 1, 1, 3, 1, 4, 4, 4, 4, 4, 1, 4, 4, 6]
2016-10-29 09:25:42,868 INFO     [rollout1] [3, 0, 3, 4, 5, 2, 0, 4, 5, 3, 1, 3, 4, 3, 3, 3, 1, 1, 3, 4, 5]
2016-10-29 09:25:42,868 INFO     [rollout2] [2, 1, 2, 2, 4, 5, 0, 2, 4, 5, 2, 2, 4, 5]
2016-10-29 09:25:42,868 INFO     [reward] 0.673323903819
2016-10-29 09:25:42,868 INFO     [error] [ -1.33126781e-05   6.66207805e-05]
2016-10-29 09:25:42,868 INFO     
2016-10-29 09:25:42,868 INFO     [min reward] 0.00176968777651
2016-10-29 09:25:42,868 INFO     
2016-10-29 09:25:42,868 INFO     [max steps] 4
2016-10-29 09:38:01,464 INFO     [step] 1828100
2016-10-29 09:38:01,465 INFO     [task] make[cloth] 0.111111111111 0.924478639401
2016-10-29 09:38:01,465 INFO     [task] make[bed] 0.111111111111 0.842903356247
2016-10-29 09:38:01,465 INFO     [task] make[stick] 0.111111111111 0.860889740744
2016-10-29 09:38:01,465 INFO     [task] make[bridge] 0.111111111111 0.84071783433
2016-10-29 09:38:01,465 INFO     [task] make[plank] 0.111111111111 0.937081388269
2016-10-29 09:38:01,465 INFO     [task] make[axe] 0.111111111111 0.760217176703
2016-10-29 09:38:01,465 INFO     [task] get[gold] 0.111111111111 0.001001001001
2016-10-29 09:38:01,465 INFO     [task] make[shears] 0.111111111111 0.093560145808
2016-10-29 09:38:01,466 INFO     [task] make[rope] 0.111111111111 0.943760096931
2016-10-29 09:38:01,466 INFO     
2016-10-29 09:38:01,466 INFO     [rollout0] [2, 4, 5, 3, 3, 3, 3, 3, 4, 5]
2016-10-29 09:38:01,466 INFO     [rollout1] [2, 4, 5, 0, 0, 4, 5]
2016-10-29 09:38:01,466 INFO     [rollout2] [0, 4, 5, 0, 2, 0, 0, 0, 0, 0, 2, 4, 5]
2016-10-29 09:38:01,466 INFO     [reward] 0.68882418813
2016-10-29 09:38:01,466 INFO     [error] [ -1.65450835e-05   5.20420909e-05]
2016-10-29 09:38:01,466 INFO     
2016-10-29 09:38:01,466 INFO     [min reward] 0.001001001001
2016-10-29 09:38:01,466 INFO     
2016-10-29 09:38:01,466 INFO     [max steps] 4
2016-10-29 09:50:34,317 INFO     [step] 1920200
2016-10-29 09:50:34,318 INFO     [task] make[cloth] 0.111111111111 0.925033987182
2016-10-29 09:50:34,318 INFO     [task] make[bed] 0.111111111111 0.855260570305
2016-10-29 09:50:34,318 INFO     [task] make[stick] 0.111111111111 0.855864617779
2016-10-29 09:50:34,318 INFO     [task] make[bridge] 0.111111111111 0.848139786002
2016-10-29 09:50:34,318 INFO     [task] make[plank] 0.111111111111 0.945347698335
2016-10-29 09:50:34,318 INFO     [task] make[axe] 0.111111111111 0.757993974147
2016-10-29 09:50:34,318 INFO     [task] get[gold] 0.111111111111 0.0193653532739
2016-10-29 09:50:34,318 INFO     [task] make[shears] 0.111111111111 0.0992565802692
2016-10-29 09:50:34,318 INFO     [task] make[rope] 0.111111111111 0.946395563771
2016-10-29 09:50:34,318 INFO     
2016-10-29 09:50:34,318 INFO     [rollout0] [3, 4, 4, 4, 4, 0, 4, 3, 0, 3, 4, 5, 1, 3, 4, 5, 3, 3, 3, 1, 4, 1, 3, 4, 5, 1, 4, 0, 2, 0, 0, 4, 4, 0, 2, 4, 4, 0, 4, 6]
2016-10-29 09:50:34,318 INFO     [rollout1] [3, 1, 4, 5, 3, 3, 1, 3, 3, 3, 4, 5]
2016-10-29 09:50:34,319 INFO     [rollout2] [0, 2, 0, 2, 0, 0, 0, 2, 4, 5, 0, 4, 5, 2, 4, 5, 0, 2, 4, 5]
2016-10-29 09:50:34,319 INFO     [reward] 0.695255157438
2016-10-29 09:50:34,319 INFO     [error] [ -2.09092140e-05   6.49738277e-05]
2016-10-29 09:50:34,319 INFO     
2016-10-29 09:50:34,319 INFO     [min reward] 0.0193653532739
2016-10-29 09:50:34,319 INFO     
2016-10-29 09:50:34,319 INFO     [max steps] 4
2016-10-29 10:02:42,033 INFO     [step] 2007500
2016-10-29 10:02:42,033 INFO     [task] make[cloth] 0.111111111111 0.928246484698
2016-10-29 10:02:42,033 INFO     [task] make[bed] 0.111111111111 0.854661321821
2016-10-29 10:02:42,033 INFO     [task] make[stick] 0.111111111111 0.859125750984
2016-10-29 10:02:42,033 INFO     [task] make[bridge] 0.111111111111 0.856522637999
2016-10-29 10:02:42,033 INFO     [task] make[plank] 0.111111111111 0.949159576676
2016-10-29 10:02:42,034 INFO     [task] make[axe] 0.111111111111 0.771668029436
2016-10-29 10:02:42,034 INFO     [task] get[gold] 0.111111111111 0.183190534476
2016-10-29 10:02:42,034 INFO     [task] make[shears] 0.111111111111 0.0972136857201
2016-10-29 10:02:42,034 INFO     [task] make[rope] 0.111111111111 0.95022435563
2016-10-29 10:02:42,034 INFO     
2016-10-29 10:02:42,034 INFO     [rollout0] [4, 0, 2, 0, 4, 5, 2, 2, 1, 2, 4, 5]
2016-10-29 10:02:42,034 INFO     [rollout1] [2, 1, 4, 5, 1, 1, 1, 1, 1, 4, 5, 3, 0, 3, 0, 3, 0, 3, 0, 3, 0, 0, 0, 0, 0, 6, 2, 5]
2016-10-29 10:02:42,034 INFO     [rollout2] [2, 0, 2, 4, 5, 1, 0, 2, 2, 0, 4, 0, 4, 5, 3, 1, 1, 1, 4, 5, 5]
2016-10-29 10:02:42,034 INFO     [reward] 0.715028636884
2016-10-29 10:02:42,034 INFO     [error] [ -5.12033173e-06   5.59873221e-05]
2016-10-29 10:02:42,034 INFO     
2016-10-29 10:02:42,034 INFO     [min reward] 0.0972136857201
2016-10-29 10:02:42,034 INFO     
2016-10-29 10:02:42,034 INFO     [max steps] 4
2016-10-29 10:14:55,382 INFO     [step] 2095800
2016-10-29 10:14:55,382 INFO     [task] make[cloth] 0.111111111111 0.925428485517
2016-10-29 10:14:55,383 INFO     [task] make[bed] 0.111111111111 0.867883663366
2016-10-29 10:14:55,383 INFO     [task] make[stick] 0.111111111111 0.863298513459
2016-10-29 10:14:55,383 INFO     [task] make[bridge] 0.111111111111 0.859229208925
2016-10-29 10:14:55,383 INFO     [task] make[plank] 0.111111111111 0.946149870801
2016-10-29 10:14:55,383 INFO     [task] make[axe] 0.111111111111 0.777058944342
2016-10-29 10:14:55,383 INFO     [task] get[gold] 0.111111111111 0.359154213683
2016-10-29 10:14:55,383 INFO     [task] make[shears] 0.111111111111 0.10988454527
2016-10-29 10:14:55,383 INFO     [task] make[rope] 0.111111111111 0.951584597915
2016-10-29 10:14:55,383 INFO     
2016-10-29 10:14:55,383 INFO     [rollout0] [1, 2, 4, 5, 1, 4, 5]
2016-10-29 10:14:55,383 INFO     [rollout1] [3, 0, 4, 5, 3, 1, 3, 3, 4, 5, 0, 2, 0, 2, 4, 5, 3, 3, 4, 5]
2016-10-29 10:14:55,383 INFO     [rollout2] [1, 1, 3, 4, 5, 0, 3, 4, 5, 2, 1, 1, 4, 5, 2, 2, 2, 1, 4, 5]
2016-10-29 10:14:55,383 INFO     [reward] 0.739207248018
2016-10-29 10:14:55,383 INFO     [error] [ -2.85632460e-06   4.01872550e-05]
2016-10-29 10:14:55,384 INFO     
2016-10-29 10:14:55,384 INFO     [min reward] 0.10988454527
2016-10-29 10:14:55,384 INFO     
2016-10-29 10:14:55,384 INFO     [max steps] 4
2016-10-29 10:26:47,109 INFO     [step] 2180600
2016-10-29 10:26:47,109 INFO     [task] make[cloth] 0.111111111111 0.930411016504
2016-10-29 10:26:47,109 INFO     [task] make[bed] 0.111111111111 0.880603402161
2016-10-29 10:26:47,109 INFO     [task] make[stick] 0.111111111111 0.857730436617
2016-10-29 10:26:47,109 INFO     [task] make[bridge] 0.111111111111 0.865230249261
2016-10-29 10:26:47,109 INFO     [task] make[plank] 0.111111111111 0.94661846023
2016-10-29 10:26:47,109 INFO     [task] make[axe] 0.111111111111 0.776728209532
2016-10-29 10:26:47,110 INFO     [task] get[gold] 0.111111111111 0.462047939445
2016-10-29 10:26:47,110 INFO     [task] make[shears] 0.111111111111 0.554529841134
2016-10-29 10:26:47,110 INFO     [task] make[rope] 0.111111111111 0.950540139801
2016-10-29 10:26:47,110 INFO     
2016-10-29 10:26:47,110 INFO     [rollout0] [0, 1, 1, 3, 0, 3, 0, 4, 5, 3, 1, 3, 1, 4, 1, 4, 1, 4, 5, 3, 1, 4, 5, 0, 2, 2, 0, 0, 2, 4, 5]
2016-10-29 10:26:47,110 INFO     [rollout1] [1, 3, 1, 1, 1, 3, 3, 3, 4, 5, 3, 4, 5]
2016-10-29 10:26:47,110 INFO     [rollout2] [3, 0, 1, 3, 0, 0, 0, 4, 5, 2, 1, 4, 5]
2016-10-29 10:26:47,110 INFO     [reward] 0.802841981132
2016-10-29 10:26:47,110 INFO     [error] [ -1.88713746e-05   4.66673664e-05]
2016-10-29 10:26:47,110 INFO     
2016-10-29 10:26:47,110 INFO     [min reward] 0.462047939445
2016-10-29 10:26:47,110 INFO     
2016-10-29 10:26:47,110 INFO     [max steps] 4
2016-10-29 10:39:09,690 INFO     [step] 2270300
2016-10-29 10:39:09,690 INFO     [task] make[cloth] 0.111111111111 0.929187562688
2016-10-29 10:39:09,690 INFO     [task] make[bed] 0.111111111111 0.884073780246
2016-10-29 10:39:09,690 INFO     [task] make[stick] 0.111111111111 0.871854237971
2016-10-29 10:39:09,690 INFO     [task] make[bridge] 0.111111111111 0.882066082803
2016-10-29 10:39:09,690 INFO     [task] make[plank] 0.111111111111 0.951698038044
2016-10-29 10:39:09,691 INFO     [task] make[axe] 0.111111111111 0.800628739479
2016-10-29 10:39:09,691 INFO     [task] get[gold] 0.111111111111 0.531512392514
2016-10-29 10:39:09,691 INFO     [task] make[shears] 0.111111111111 0.851585158516
2016-10-29 10:39:09,691 INFO     [task] make[rope] 0.111111111111 0.953634338935
2016-10-29 10:39:09,691 INFO     
2016-10-29 10:39:09,691 INFO     [rollout0] [3, 4, 5, 2, 1, 4, 5, 1, 1, 1, 4, 5]
2016-10-29 10:39:09,691 INFO     [rollout1] [2, 1, 4, 5, 3, 4, 3, 3, 1, 3, 4, 5]
2016-10-29 10:39:09,691 INFO     [rollout2] [1, 4, 5, 2, 1, 2, 4, 2, 2, 0, 2, 4, 5, 1, 1, 2, 1, 1, 3, 1, 3, 1, 4, 5, 0, 2, 3, 0, 2, 3, 0, 2, 0, 0, 3, 0, 3, 0, 6]
2016-10-29 10:39:09,691 INFO     [reward] 0.851092530658
2016-10-29 10:39:09,691 INFO     [error] [ -1.61264087e-05   5.73968517e-05]
2016-10-29 10:39:09,691 INFO     
2016-10-29 10:39:09,691 INFO     [min reward] 0.531512392514
2016-10-29 10:39:09,691 INFO     
2016-10-29 10:39:09,691 INFO     [max steps] 4
2016-10-29 10:51:50,169 INFO     [step] 2364600
2016-10-29 10:51:50,170 INFO     [task] make[cloth] 0.111111111111 0.935088386238
2016-10-29 10:51:50,170 INFO     [task] make[bed] 0.111111111111 0.890500432235
2016-10-29 10:51:50,170 INFO     [task] make[stick] 0.111111111111 0.862559241706
2016-10-29 10:51:50,170 INFO     [task] make[bridge] 0.111111111111 0.895740990557
2016-10-29 10:51:50,170 INFO     [task] make[plank] 0.111111111111 0.952827507815
2016-10-29 10:51:50,170 INFO     [task] make[axe] 0.111111111111 0.805338417541
2016-10-29 10:51:50,170 INFO     [task] get[gold] 0.111111111111 0.589525899075
2016-10-29 10:51:50,170 INFO     [task] make[shears] 0.111111111111 0.898340644669
2016-10-29 10:51:50,170 INFO     [task] make[rope] 0.111111111111 0.95644248297
2016-10-29 10:51:50,170 INFO     
2016-10-29 10:51:50,170 INFO     [rollout0] [3, 5, 1, 4, 1, 4, 5]
2016-10-29 10:51:50,171 INFO     [rollout1] [2, 1, 2, 4, 5, 2, 2, 1, 1, 0, 2, 1, 0, 2, 0, 1, 2, 1, 0, 6]
2016-10-29 10:51:50,171 INFO     [rollout2] [2, 0, 0, 4, 5, 0, 4, 0, 2, 2, 0, 4, 5]
2016-10-29 10:51:50,171 INFO     [reward] 0.865132555673
2016-10-29 10:51:50,171 INFO     [error] [ -2.39843281e-05   5.52280030e-05]
2016-10-29 10:51:50,171 INFO     
2016-10-29 10:51:50,171 INFO     [min reward] 0.589525899075
2016-10-29 10:51:50,171 INFO     
2016-10-29 10:51:50,171 INFO     [max steps] 4
2016-10-29 11:04:28,231 INFO     [step] 2459200
2016-10-29 11:04:28,231 INFO     [task] make[cloth] 0.111111111111 0.93156608385
2016-10-29 11:04:28,231 INFO     [task] make[bed] 0.111111111111 0.894226196138
2016-10-29 11:04:28,231 INFO     [task] make[stick] 0.111111111111 0.859418481912
2016-10-29 11:04:28,231 INFO     [task] make[bridge] 0.111111111111 0.896231884058
2016-10-29 11:04:28,231 INFO     [task] make[plank] 0.111111111111 0.954605016848
2016-10-29 11:04:28,232 INFO     [task] make[axe] 0.111111111111 0.80681162209
2016-10-29 11:04:28,232 INFO     [task] get[gold] 0.111111111111 0.648384030418
2016-10-29 11:04:28,232 INFO     [task] make[shears] 0.111111111111 0.92565090704
2016-10-29 11:04:28,232 INFO     [task] make[rope] 0.111111111111 0.954793602145
2016-10-29 11:04:28,232 INFO     
2016-10-29 11:04:28,232 INFO     [rollout0] [2, 4, 2, 5, 0, 2, 0, 2, 2, 0, 2, 2, 0, 4, 0, 4, 5]
2016-10-29 11:04:28,232 INFO     [rollout1] [1, 4, 5, 3, 3, 3, 0, 0, 0, 0, 0, 3, 4, 5, 1, 3, 4, 5, 2, 1, 4, 5]
2016-10-29 11:04:28,232 INFO     [rollout2] [1, 2, 4, 5, 1, 4, 1, 3, 1, 4, 5]
2016-10-29 11:04:28,232 INFO     [reward] 0.874904862579
2016-10-29 11:04:28,232 INFO     [error] [ -2.96880923e-05   5.71610197e-05]
2016-10-29 11:04:28,232 INFO     
2016-10-29 11:04:28,232 INFO     [min reward] 0.648384030418
2016-10-29 11:04:28,232 INFO     
2016-10-29 11:04:28,232 INFO     [max steps] 4
2016-10-29 11:17:12,043 INFO     [step] 2555500
2016-10-29 11:17:12,044 INFO     [task] make[cloth] 0.111111111111 0.940136830103
2016-10-29 11:17:12,044 INFO     [task] make[bed] 0.111111111111 0.899751449876
2016-10-29 11:17:12,044 INFO     [task] make[stick] 0.111111111111 0.854942110803
2016-10-29 11:17:12,044 INFO     [task] make[bridge] 0.111111111111 0.905093883621
2016-10-29 11:17:12,044 INFO     [task] make[plank] 0.111111111111 0.959472107825
2016-10-29 11:17:12,044 INFO     [task] make[axe] 0.111111111111 0.817458832335
2016-10-29 11:17:12,044 INFO     [task] get[gold] 0.111111111111 0.680957220734
2016-10-29 11:17:12,044 INFO     [task] make[shears] 0.111111111111 0.928657351716
2016-10-29 11:17:12,044 INFO     [task] make[rope] 0.111111111111 0.958605868062
2016-10-29 11:17:12,044 INFO     
2016-10-29 11:17:12,044 INFO     [rollout0] [4, 0, 4, 2, 4, 5, 0, 0, 0, 0, 2, 4, 5, 1, 1, 3, 2, 1, 3, 4, 3, 3, 3, 4, 1, 4, 1, 6, 0, 2, 0, 0, 0, 2, 0, 2, 3, 0, 4, 4, 4, 4, 6]
2016-10-29 11:17:12,045 INFO     [rollout1] [1, 4, 5, 3, 1, 3, 1, 1, 3, 4, 3, 1, 3, 4, 5]
2016-10-29 11:17:12,045 INFO     [rollout2] [0, 4, 5, 2, 2, 0, 4, 5, 0, 3, 4, 5, 2, 2, 0, 2, 0, 2, 0, 2, 4, 2, 4, 5]
2016-10-29 11:17:12,045 INFO     [reward] 0.882585669782
2016-10-29 11:17:12,045 INFO     [error] [ -3.34003144e-05   7.19251397e-05]
2016-10-29 11:17:12,045 INFO     
2016-10-29 11:17:12,045 INFO     [min reward] 0.680957220734
2016-10-29 11:17:12,045 INFO     
2016-10-29 11:17:12,045 INFO     [max steps] 4
2016-10-29 11:30:03,845 INFO     [step] 2653800
2016-10-29 11:30:03,846 INFO     [task] make[cloth] 0.111111111111 0.938939125571
2016-10-29 11:30:03,846 INFO     [task] make[bed] 0.111111111111 0.903669724771
2016-10-29 11:30:03,846 INFO     [task] make[stick] 0.111111111111 0.864678064751
2016-10-29 11:30:03,846 INFO     [task] make[bridge] 0.111111111111 0.908434170128
2016-10-29 11:30:03,846 INFO     [task] make[plank] 0.111111111111 0.961857833744
2016-10-29 11:30:03,846 INFO     [task] make[axe] 0.111111111111 0.824367522148
2016-10-29 11:30:03,846 INFO     [task] get[gold] 0.111111111111 0.701861653586
2016-10-29 11:30:03,846 INFO     [task] make[shears] 0.111111111111 0.928013238945
2016-10-29 11:30:03,846 INFO     [task] make[rope] 0.111111111111 0.960773480663
2016-10-29 11:30:03,846 INFO     
2016-10-29 11:30:03,846 INFO     [rollout0] [1, 2, 2, 2, 1, 2, 1, 1, 1, 2, 4, 5, 2, 0, 4, 5]
2016-10-29 11:30:03,846 INFO     [rollout1] [2, 4, 2, 2, 2, 0, 3, 1, 1, 1, 4, 5, 0, 0, 0, 2, 4, 5]
2016-10-29 11:30:03,846 INFO     [rollout2] [3, 3, 0, 3, 4, 5, 0, 3, 0, 4, 5]
2016-10-29 11:30:03,847 INFO     [reward] 0.887853509664
2016-10-29 11:30:03,847 INFO     [error] [ -3.47894889e-05   6.83890574e-05]
2016-10-29 11:30:03,847 INFO     
2016-10-29 11:30:03,847 INFO     [min reward] 0.701861653586
2016-10-29 11:30:03,847 INFO     
2016-10-29 11:30:03,847 INFO     [max steps] 4
2016-10-29 11:42:55,179 INFO     [step] 2752200
2016-10-29 11:42:55,179 INFO     [task] make[cloth] 0.111111111111 0.937314814815
2016-10-29 11:42:55,179 INFO     [task] make[bed] 0.111111111111 0.906964140547
2016-10-29 11:42:55,179 INFO     [task] make[stick] 0.111111111111 0.863805276849
2016-10-29 11:42:55,179 INFO     [task] make[bridge] 0.111111111111 0.917685709071
2016-10-29 11:42:55,179 INFO     [task] make[plank] 0.111111111111 0.96027931441
2016-10-29 11:42:55,179 INFO     [task] make[axe] 0.111111111111 0.836544607798
2016-10-29 11:42:55,179 INFO     [task] get[gold] 0.111111111111 0.717616347106
2016-10-29 11:42:55,179 INFO     [task] make[shears] 0.111111111111 0.936274509804
2016-10-29 11:42:55,180 INFO     [task] make[rope] 0.111111111111 0.963604693803
2016-10-29 11:42:55,180 INFO     
2016-10-29 11:42:55,180 INFO     [rollout0] [3, 4, 5, 2, 2, 4, 5, 0, 0, 3, 0, 0, 0, 3, 0, 0, 3, 4, 5, 2, 1, 4, 5]
2016-10-29 11:42:55,180 INFO     [rollout1] [4, 4, 4, 0, 2, 0, 4, 0, 2, 4, 5, 0, 2, 4, 5, 2, 2, 4, 5, 0, 0, 0, 3, 4, 3, 4, 5]
2016-10-29 11:42:55,180 INFO     [rollout2] [1, 3, 4, 5, 3, 3, 1, 3, 4, 3, 4, 5]
2016-10-29 11:42:55,180 INFO     [reward] 0.893028455285
2016-10-29 11:42:55,180 INFO     [error] [ -1.00769763e-05   4.60977286e-05]
2016-10-29 11:42:55,180 INFO     
2016-10-29 11:42:55,180 INFO     [min reward] 0.717616347106
2016-10-29 11:42:55,180 INFO     
2016-10-29 11:42:55,180 INFO     [max steps] 4
2016-10-29 11:55:43,698 INFO     [step] 2850300
2016-10-29 11:55:43,699 INFO     [task] make[cloth] 0.111111111111 0.932102714064
2016-10-29 11:55:43,699 INFO     [task] make[bed] 0.111111111111 0.907731816931
2016-10-29 11:55:43,699 INFO     [task] make[stick] 0.111111111111 0.863503114694
2016-10-29 11:55:43,699 INFO     [task] make[bridge] 0.111111111111 0.914200632794
2016-10-29 11:55:43,699 INFO     [task] make[plank] 0.111111111111 0.962149405464
2016-10-29 11:55:43,699 INFO     [task] make[axe] 0.111111111111 0.840529753266
2016-10-29 11:55:43,699 INFO     [task] get[gold] 0.111111111111 0.734643283445
2016-10-29 11:55:43,699 INFO     [task] make[shears] 0.111111111111 0.938788600751
2016-10-29 11:55:43,699 INFO     [task] make[rope] 0.111111111111 0.96110542477
2016-10-29 11:55:43,699 INFO     
2016-10-29 11:55:43,699 INFO     [rollout0] [3, 0, 4, 5, 0, 3, 4, 5]
2016-10-29 11:55:43,700 INFO     [rollout1] [1, 1, 4, 2, 5, 2, 2, 1, 2, 1, 1, 2, 4, 5]
2016-10-29 11:55:43,700 INFO     [rollout2] [1, 4, 5, 3, 4, 5]
2016-10-29 11:55:43,700 INFO     [reward] 0.894882772681
2016-10-29 11:55:43,700 INFO     [error] [ -1.85323354e-05   5.39158729e-05]
2016-10-29 11:55:43,700 INFO     
2016-10-29 11:55:43,700 INFO     [min reward] 0.734643283445
2016-10-29 11:55:43,700 INFO     
2016-10-29 11:55:43,700 INFO     [max steps] 4
2016-10-29 12:08:31,470 INFO     [step] 2949100
2016-10-29 12:08:31,470 INFO     [task] make[cloth] 0.111111111111 0.939087228561
2016-10-29 12:08:31,471 INFO     [task] make[bed] 0.111111111111 0.913793103448
2016-10-29 12:08:31,471 INFO     [task] make[stick] 0.111111111111 0.860255241568
2016-10-29 12:08:31,471 INFO     [task] make[bridge] 0.111111111111 0.925539568345
2016-10-29 12:08:31,471 INFO     [task] make[plank] 0.111111111111 0.963461538462
2016-10-29 12:08:31,471 INFO     [task] make[axe] 0.111111111111 0.833892769663
2016-10-29 12:08:31,471 INFO     [task] get[gold] 0.111111111111 0.74358741956
2016-10-29 12:08:31,471 INFO     [task] make[shears] 0.111111111111 0.942159383033
2016-10-29 12:08:31,471 INFO     [task] make[rope] 0.111111111111 0.967052129222
2016-10-29 12:08:31,471 INFO     
2016-10-29 12:08:31,471 INFO     [rollout0] [3, 4, 5, 2, 2, 2, 1, 1, 2, 4, 5]
2016-10-29 12:08:31,471 INFO     [rollout1] [3, 3, 4, 0, 4, 5, 0, 0, 2, 4, 2, 0, 4, 5, 5, 5]
2016-10-29 12:08:31,471 INFO     [rollout2] [2, 0, 4, 2, 4, 5, 2, 1, 4, 5, 2, 0, 4, 5, 3, 1, 4, 5]
2016-10-29 12:08:31,471 INFO     [reward] 0.898522267206
2016-10-29 12:08:31,471 INFO     [error] [ -1.50483844e-05   4.08490347e-05]
2016-10-29 12:08:31,472 INFO     
2016-10-29 12:08:31,472 INFO     [min reward] 0.74358741956
2016-10-29 12:08:31,472 INFO     
2016-10-29 12:08:31,472 INFO     [max steps] 4
2016-10-29 12:21:18,968 INFO     [step] 3048100
2016-10-29 12:21:18,968 INFO     [task] make[cloth] 0.111111111111 0.938823743296
2016-10-29 12:21:18,968 INFO     [task] make[bed] 0.111111111111 0.907291949038
2016-10-29 12:21:18,968 INFO     [task] make[stick] 0.111111111111 0.87460042013
2016-10-29 12:21:18,968 INFO     [task] make[bridge] 0.111111111111 0.92433829427
2016-10-29 12:21:18,968 INFO     [task] make[plank] 0.111111111111 0.966474306128
2016-10-29 12:21:18,968 INFO     [task] make[axe] 0.111111111111 0.839978302143
2016-10-29 12:21:18,969 INFO     [task] get[gold] 0.111111111111 0.744105598543
2016-10-29 12:21:18,969 INFO     [task] make[shears] 0.111111111111 0.948878841008
2016-10-29 12:21:18,969 INFO     [task] make[rope] 0.111111111111 0.962141944901
2016-10-29 12:21:18,969 INFO     
2016-10-29 12:21:18,969 INFO     [rollout0] [2, 1, 2, 4, 5, 3, 1, 1, 1, 1, 3, 4, 5, 0, 3, 4, 5, 1, 3, 4, 5]
2016-10-29 12:21:18,969 INFO     [rollout1] [3, 4, 5, 0, 4, 0, 3, 3, 0, 4, 5]
2016-10-29 12:21:18,969 INFO     [rollout2] [2, 2, 2, 1, 2, 1, 2, 4, 5, 1, 4, 5]
2016-10-29 12:21:18,969 INFO     [reward] 0.900636363636
2016-10-29 12:21:18,969 INFO     [error] [ -3.46256961e-05   6.22462166e-05]
2016-10-29 12:21:18,969 INFO     
2016-10-29 12:21:18,969 INFO     [min reward] 0.744105598543
2016-10-29 12:21:18,969 INFO     
