2017-08-19 14:37:51,271 INFO     BEGIN
2017-08-19 14:37:51,271 INFO     struct {
    trainer:
        improvement_threshold: 0.8
        use_curriculum: True
        name: 'CurriculumTrainer'
        max_timesteps: 100
        hints: 'resources/light/hints.yaml'
    name: 'light_modular__3'
    recipes: 'resources/light/recipes.yaml'
    world:
        name: 'LightWorld'
    model:
        use_args: False
        seed: 3
        name: 'ModularACModel'
        max_subtask_timesteps: 15
        baseline: 'state'
    experiment_dir: 'experiments/light_modular__3'
}
2017-08-19 14:38:20,178 INFO     [max steps] 1
2017-08-19 14:38:20,178 INFO     [min reward] inf
2017-08-19 14:38:20,178 INFO     
2017-08-19 14:38:36,171 INFO     [max steps] 2
2017-08-19 14:42:45,836 INFO     [step] 50000
2017-08-19 14:42:45,836 INFO     [task] go[LL] 0.2 0.0553262578616
2017-08-19 14:42:45,836 INFO     [task] go[LD] 0.2 0.0
2017-08-19 14:42:45,837 INFO     [task] go[UL] 0.2 0.000490099980396
2017-08-19 14:42:45,837 INFO     [task] go[RD] 0.2 0.0
2017-08-19 14:42:45,837 INFO     [task] go[UR] 0.2 0.000100512614333
2017-08-19 14:42:45,837 INFO     
2017-08-19 14:42:45,837 INFO     [rollout0] [2, 1, 3, 3, 1, 4, 0, 0, 0, 0, 4, 2, 3, 4, 6, 4, 2, 2, 4, 0, 3, 2, 0, 2, 2, 4, 0, 4, 1, 6]
2017-08-19 14:42:45,837 INFO     [rollout1] [4, 0, 1, 3, 2, 3, 3, 3, 3, 3, 4, 3, 4, 3, 6, 0, 2, 2, 2, 2, 2, 2, 4, 0, 2, 2, 4, 2, 2, 6]
2017-08-19 14:42:45,837 INFO     [rollout2] [4, 4, 1, 0, 0, 4, 4, 0, 2, 1, 4, 4, 1, 0, 6, 1, 2, 1, 1, 1, 0, 4, 3, 1, 4, 4, 0, 1, 4, 6]
2017-08-19 14:42:45,837 INFO     [reward] 0.01138
2017-08-19 14:42:45,837 INFO     [error] [  3.99830076e-05   3.76491189e-05]
2017-08-19 14:42:45,837 INFO     
2017-08-19 14:42:45,837 INFO     [min reward] 0.0
2017-08-19 14:42:45,837 INFO     
2017-08-19 14:42:45,838 INFO     [max steps] 2
2017-08-19 14:47:22,249 INFO     [step] 109400
2017-08-19 14:47:22,249 INFO     [task] go[LL] 0.191160963359 0.204925241865
2017-08-19 14:47:22,249 INFO     [task] go[LD] 0.202239324777 0.0
2017-08-19 14:47:22,249 INFO     [task] go[UL] 0.202141188649 0.000335626783017
2017-08-19 14:47:22,249 INFO     [task] go[RD] 0.202239324777 0.0
2017-08-19 14:47:22,249 INFO     [task] go[UR] 0.202219198437 8.23180770497e-05
2017-08-19 14:47:22,249 INFO     
2017-08-19 14:47:22,249 INFO     [rollout0] [3, 4, 4, 4, 0, 4, 0, 1, 4, 4, 2, 1, 4, 2, 6, 5]
2017-08-19 14:47:22,249 INFO     [rollout1] [4, 4, 3, 4, 2, 3, 4, 1, 1, 0, 4, 2, 3, 3, 6, 3, 2, 2, 2, 0, 5]
2017-08-19 14:47:22,249 INFO     [rollout2] [3, 0, 2, 4, 2, 2, 3, 3, 0, 1, 4, 0, 4, 1, 6, 2, 5]
2017-08-19 14:47:22,250 INFO     [reward] 0.0393097643098
2017-08-19 14:47:22,250 INFO     [error] [  1.47755268e-05   9.10195968e-06]
2017-08-19 14:47:22,250 INFO     
2017-08-19 14:47:22,250 INFO     [min reward] 0.0
2017-08-19 14:47:22,250 INFO     
2017-08-19 14:47:22,250 INFO     [max steps] 2
2017-08-19 14:54:22,576 INFO     [step] 209400
2017-08-19 14:54:22,576 INFO     [task] go[LL] 0.166177871656 0.250822268242
2017-08-19 14:54:22,576 INFO     [task] go[LD] 0.208477099396 0.0968784676991
2017-08-19 14:54:22,576 INFO     [task] go[UL] 0.208407821675 0.000144675925926
2017-08-19 14:54:22,576 INFO     [task] go[RD] 0.208477099396 0.0309107286778
2017-08-19 14:54:22,576 INFO     [task] go[UR] 0.208460107877 0.0
2017-08-19 14:54:22,576 INFO     
2017-08-19 14:54:22,576 INFO     [rollout0] [1, 4, 4, 2, 1, 0, 3, 4, 1, 4, 5, 3, 3, 4, 2, 3, 3, 3, 1, 1, 1, 3, 3, 2, 1, 6]
2017-08-19 14:54:22,576 INFO     [rollout1] [5, 4, 5]
2017-08-19 14:54:22,577 INFO     [rollout2] [2, 1, 4, 2, 4, 3, 5, 5]
2017-08-19 14:54:22,577 INFO     [reward] 0.06781
2017-08-19 14:54:22,577 INFO     [error] [ -8.39370215e-06   3.71388308e-05]
2017-08-19 14:54:22,577 INFO     
2017-08-19 14:54:22,577 INFO     [min reward] 0.0
2017-08-19 14:54:22,577 INFO     
2017-08-19 14:54:22,577 INFO     [max steps] 2
2017-08-19 15:01:14,045 INFO     [step] 309400
2017-08-19 15:01:14,046 INFO     [task] go[LL] 0.162521537004 0.609393866216
2017-08-19 15:01:14,046 INFO     [task] go[LD] 0.195477170487 0.391059738134
2017-08-19 15:01:14,046 INFO     [task] go[UL] 0.216185528835 0.000554298120006
2017-08-19 15:01:14,046 INFO     [task] go[RD] 0.209599263233 0.234740213183
2017-08-19 15:01:14,046 INFO     [task] go[UR] 0.216216500441 0.0
2017-08-19 15:01:14,046 INFO     
2017-08-19 15:01:14,046 INFO     [rollout0] [5, 3, 3, 3, 3, 3, 3, 3, 4, 5]
2017-08-19 15:01:14,046 INFO     [rollout1] [2, 2, 2, 2, 1, 1, 2, 2, 4, 5, 1, 1, 5]
2017-08-19 15:01:14,046 INFO     [rollout2] [3, 2, 2, 4, 3, 2, 0, 4, 2, 2, 1, 2, 2, 2, 6, 2, 2, 2, 2, 2, 5]
2017-08-19 15:01:14,046 INFO     [reward] 0.22663
2017-08-19 15:01:14,046 INFO     [error] [ -1.71424580e-05   7.61771579e-05]
2017-08-19 15:01:14,047 INFO     
2017-08-19 15:01:14,047 INFO     [min reward] 0.0
2017-08-19 15:01:14,047 INFO     
2017-08-19 15:01:14,047 INFO     [max steps] 2
2017-08-19 15:08:11,199 INFO     [step] 409400
2017-08-19 15:08:11,199 INFO     [task] go[LL] 0.105028756865 0.897966797239
2017-08-19 15:08:11,199 INFO     [task] go[LD] 0.162270421732 0.665631405677
2017-08-19 15:08:11,199 INFO     [task] go[UL] 0.264651033148 0.207150685967
2017-08-19 15:08:11,199 INFO     [task] go[RD] 0.203253432213 0.458509280173
2017-08-19 15:08:11,199 INFO     [task] go[UR] 0.264796356042 0.107422023222
2017-08-19 15:08:11,199 INFO     
2017-08-19 15:08:11,199 INFO     [rollout0] [4, 4, 2, 0, 2, 5, 4, 1, 1, 4, 1, 3, 4, 3, 3, 5]
2017-08-19 15:08:11,200 INFO     [rollout1] [0, 3, 4, 0, 0, 1, 1, 2, 2, 2, 2, 2, 4, 2, 6, 1, 1, 0, 2, 1, 1, 5]
2017-08-19 15:08:11,200 INFO     [rollout2] [3, 3, 3, 3, 3, 3, 3, 4, 3, 4, 4, 3, 4, 1, 6, 5]
2017-08-19 15:08:11,200 INFO     [reward] 0.37994
2017-08-19 15:08:11,200 INFO     [error] [ -6.45002548e-06   1.10530349e-04]
2017-08-19 15:08:11,200 INFO     
2017-08-19 15:08:11,200 INFO     [min reward] 0.107422023222
2017-08-19 15:08:11,200 INFO     
2017-08-19 15:08:11,200 INFO     [max steps] 2
2017-08-19 15:15:08,880 INFO     [step] 509400
2017-08-19 15:15:08,881 INFO     [task] go[LL] 0.041290083993 0.924097273397
2017-08-19 15:15:08,881 INFO     [task] go[LD] 0.126917805023 0.744477991419
2017-08-19 15:15:08,881 INFO     [task] go[UL] 0.29589188556 0.545577632603
2017-08-19 15:15:08,881 INFO     [task] go[RD] 0.203253121235 0.555826426134
2017-08-19 15:15:08,881 INFO     [task] go[UR] 0.332647104189 0.39567437669
2017-08-19 15:15:08,881 INFO     
2017-08-19 15:15:08,881 INFO     [rollout0] [2, 2, 2, 2, 2, 2, 5, 1, 1, 1, 5]
2017-08-19 15:15:08,881 INFO     [rollout1] [0, 0, 0, 0, 0, 3, 0, 5, 3, 3, 0, 0, 3, 5]
2017-08-19 15:15:08,881 INFO     [rollout2] [3, 2, 4, 0, 0, 0, 0, 0, 0, 5, 2, 2, 2, 2, 5]
2017-08-19 15:15:08,881 INFO     [reward] 0.53822
2017-08-19 15:15:08,881 INFO     [error] [ -4.39852207e-05   1.22662624e-04]
2017-08-19 15:15:08,882 INFO     
2017-08-19 15:15:08,882 INFO     [min reward] 0.39567437669
2017-08-19 15:15:08,882 INFO     
2017-08-19 15:15:08,882 INFO     [max steps] 2
2017-08-19 15:22:07,260 INFO     [step] 609400
2017-08-19 15:22:07,260 INFO     [task] go[LL] 0.0455875475829 0.911790203728
2017-08-19 15:22:07,260 INFO     [task] go[LD] 0.14090934804 0.797652916074
2017-08-19 15:22:07,260 INFO     [task] go[UL] 0.246463384918 0.784515761179
2017-08-19 15:22:07,261 INFO     [task] go[RD] 0.24102447301 0.69373752495
2017-08-19 15:22:07,261 INFO     [task] go[UR] 0.326015246449 0.705720572057
2017-08-19 15:22:07,261 INFO     
2017-08-19 15:22:07,261 INFO     [rollout0] [3, 3, 3, 3, 3, 3, 3, 4, 4, 4, 4, 4, 4, 4, 6, 2, 0, 1, 4, 1, 1, 1, 5]
2017-08-19 15:22:07,261 INFO     [rollout1] [3, 3, 0, 4, 1, 2, 2, 2, 2, 2, 2, 2, 2, 5, 1, 1, 1, 5]
2017-08-19 15:22:07,261 INFO     [rollout2] [0, 0, 0, 0, 0, 0, 5, 2, 2, 2, 2, 2, 2, 5]
2017-08-19 15:22:07,261 INFO     [reward] 0.74462
2017-08-19 15:22:07,261 INFO     [error] [ -6.45356871e-05   1.17621904e-04]
2017-08-19 15:22:07,261 INFO     
2017-08-19 15:22:07,261 INFO     [min reward] 0.69373752495
2017-08-19 15:22:07,261 INFO     
2017-08-19 15:22:07,261 INFO     [max steps] 2
2017-08-19 15:29:03,456 INFO     [step] 709400
2017-08-19 15:29:03,456 INFO     [task] go[LL] 0.0849137454062 0.925970436246
2017-08-19 15:29:03,456 INFO     [task] go[LD] 0.183598652137 0.829884174123
2017-08-19 15:29:03,456 INFO     [task] go[UL] 0.194957244339 0.841087458323
2017-08-19 15:29:03,457 INFO     [task] go[RD] 0.273445545223 0.743867322763
2017-08-19 15:29:03,457 INFO     [task] go[UR] 0.263084812894 0.760477913463
2017-08-19 15:29:03,457 INFO     
2017-08-19 15:29:03,457 INFO     [rollout0] [0, 0, 0, 0, 5, 0, 3, 4, 2, 0, 2, 2, 2, 2, 2, 2, 0, 5]
2017-08-19 15:29:03,457 INFO     [rollout1] [4, 1, 2, 4, 3, 4, 5, 0, 0, 4, 0, 0, 3, 3, 3, 0, 3, 3, 4, 0, 0, 6]
2017-08-19 15:29:03,457 INFO     [rollout2] [0, 0, 0, 0, 3, 5, 4, 2, 3, 3, 4, 3, 0, 0, 3, 0, 3, 5]
2017-08-19 15:29:03,457 INFO     [reward] 0.79805
2017-08-19 15:29:03,457 INFO     [error] [ -2.44780005e-05   1.06309949e-04]
2017-08-19 15:29:03,457 INFO     
2017-08-19 15:29:03,457 INFO     [min reward] 0.743867322763
2017-08-19 15:29:03,457 INFO     
2017-08-19 15:29:03,457 INFO     [max steps] 2
2017-08-19 15:35:57,178 INFO     [step] 809400
2017-08-19 15:35:57,178 INFO     [task] go[LL] 0.0885721928144 0.933510331294
2017-08-19 15:35:57,178 INFO     [task] go[LD] 0.189852867797 0.840304976761
2017-08-19 15:35:57,178 INFO     [task] go[UL] 0.178043935274 0.851063829787
2017-08-19 15:35:57,178 INFO     [task] go[RD] 0.280519780769 0.768112317805
2017-08-19 15:35:57,178 INFO     [task] go[UR] 0.263011223345 0.767953083617
2017-08-19 15:35:57,178 INFO     
2017-08-19 15:35:57,178 INFO     [rollout0] [0, 0, 0, 0, 5, 0, 0, 3, 0, 4, 2, 1, 2, 2, 2, 2, 2, 2, 5]
2017-08-19 15:35:57,178 INFO     [rollout1] [1, 4, 0, 0, 0, 0, 0, 0, 0, 5, 3, 3, 3, 3, 3, 3, 5]
2017-08-19 15:35:57,178 INFO     [rollout2] [1, 1, 4, 3, 4, 2, 0, 0, 2, 2, 2, 2, 2, 2, 6, 2, 3, 4, 2, 4, 3, 1, 1, 1, 5]
2017-08-19 15:35:57,178 INFO     [reward] 0.81096
2017-08-19 15:35:57,179 INFO     [error] [ -3.58623780e-05   1.05758954e-04]
2017-08-19 15:35:57,179 INFO     
2017-08-19 15:35:57,179 INFO     [min reward] 0.767953083617
2017-08-19 15:35:57,179 INFO     
2017-08-19 15:35:57,179 INFO     [max steps] 2
2017-08-19 15:42:48,733 INFO     [step] 909400
2017-08-19 15:42:48,733 INFO     [task] go[LL] 0.0860347549552 0.929980161046
2017-08-19 15:42:48,733 INFO     [task] go[LD] 0.190871133167 0.854123847167
2017-08-19 15:42:48,733 INFO     [task] go[UL] 0.178769691242 0.862545658893
2017-08-19 15:42:48,733 INFO     [task] go[RD] 0.272072657869 0.776166525937
2017-08-19 15:42:48,733 INFO     [task] go[UR] 0.272251762767 0.782109255342
2017-08-19 15:42:48,733 INFO     
2017-08-19 15:42:48,733 INFO     [rollout0] [0, 0, 0, 0, 0, 0, 5, 5]
2017-08-19 15:42:48,733 INFO     [rollout1] [2, 2, 2, 2, 1, 5, 1, 2, 2, 2, 4, 0, 0, 2, 2, 2, 5]
2017-08-19 15:42:48,734 INFO     [rollout2] [0, 0, 0, 0, 0, 0, 5, 3, 3, 3, 3, 5]
2017-08-19 15:42:48,734 INFO     [reward] 0.82114
2017-08-19 15:42:48,734 INFO     [error] [ -3.01051297e-05   1.01906603e-04]
2017-08-19 15:42:48,734 INFO     
2017-08-19 15:42:48,734 INFO     [min reward] 0.776166525937
2017-08-19 15:42:48,734 INFO     
2017-08-19 15:42:48,734 INFO     [max steps] 2
2017-08-19 15:49:41,300 INFO     [step] 1009400
2017-08-19 15:49:41,300 INFO     [task] go[LL] 0.0946896801016 0.934273295876
2017-08-19 15:49:41,300 INFO     [task] go[LD] 0.184452546269 0.869925300422
2017-08-19 15:49:41,300 INFO     [task] go[UL] 0.174486784421 0.863706233988
2017-08-19 15:49:41,300 INFO     [task] go[RD] 0.276701592322 0.787802840434
2017-08-19 15:49:41,300 INFO     [task] go[UR] 0.269669396886 0.796495906953
2017-08-19 15:49:41,300 INFO     
2017-08-19 15:49:41,300 INFO     [rollout0] [0, 0, 0, 0, 0, 0, 5, 3, 3, 3, 3, 5]
2017-08-19 15:49:41,300 INFO     [rollout1] [0, 3, 3, 4, 1, 2, 2, 2, 2, 2, 2, 2, 2, 5, 1, 1, 1, 5]
2017-08-19 15:49:41,300 INFO     [rollout2] [2, 4, 3, 0, 0, 0, 0, 0, 0, 3, 5, 3, 3, 3, 1, 1, 3, 3, 4, 5]
2017-08-19 15:49:41,300 INFO     [reward] 0.83247
2017-08-19 15:49:41,301 INFO     [error] [ -1.57546333e-05   1.08066306e-04]
2017-08-19 15:49:41,301 INFO     
2017-08-19 15:49:41,301 INFO     [min reward] 0.787802840434
2017-08-19 15:49:41,301 INFO     
2017-08-19 15:49:41,301 INFO     [max steps] 2
2017-08-19 15:56:32,440 INFO     [step] 1109400
2017-08-19 15:56:32,441 INFO     [task] go[LL] 0.094919834189 0.936722322663
2017-08-19 15:56:32,441 INFO     [task] go[LD] 0.175576996409 0.865786206118
2017-08-19 15:56:32,441 INFO     [task] go[UL] 0.183372301402 0.865962944637
2017-08-19 15:56:32,441 INFO     [task] go[RD] 0.278513607416 0.802657161374
2017-08-19 15:56:32,441 INFO     [task] go[UR] 0.267617260585 0.800081735771
2017-08-19 15:56:32,441 INFO     
2017-08-19 15:56:32,441 INFO     [rollout0] [2, 2, 2, 2, 2, 2, 0, 4, 5, 1, 1, 1, 1, 5]
2017-08-19 15:56:32,441 INFO     [rollout1] [0, 0, 0, 0, 4, 3, 4, 0, 0, 5, 2, 2, 4, 2, 2, 2, 2, 2, 2, 2, 2, 2, 5]
2017-08-19 15:56:32,441 INFO     [rollout2] [1, 2, 1, 4, 3, 0, 0, 0, 0, 0, 0, 0, 3, 0, 6, 3, 3, 3, 5]
2017-08-19 15:56:32,441 INFO     [reward] 0.83727
2017-08-19 15:56:32,441 INFO     [error] [ -2.71345921e-05   1.06505126e-04]
2017-08-19 15:56:32,442 INFO     
2017-08-19 15:56:32,442 INFO     [min reward] 0.800081735771
2017-08-19 15:56:32,442 INFO     
2017-08-19 15:56:48,404 INFO     [max steps] 3
2017-08-19 16:05:00,904 INFO     [step] 1196600
2017-08-19 16:05:00,904 INFO     [task] go[LL] 0.1 0.934379620152
2017-08-19 16:05:00,904 INFO     [task] go[URU] 0.1 0.638777152051
2017-08-19 16:05:00,904 INFO     [task] go[LLD] 0.1 0.894281761586
2017-08-19 16:05:00,904 INFO     [task] go[LD] 0.1 0.862691960253
2017-08-19 16:05:00,904 INFO     [task] go[UL] 0.1 0.858827570414
2017-08-19 16:05:00,904 INFO     [task] go[DRU] 0.1 0.198288481027
2017-08-19 16:05:00,904 INFO     [task] go[RD] 0.1 0.777088360336
2017-08-19 16:05:00,905 INFO     [task] go[LUR] 0.1 0.74173553719
2017-08-19 16:05:00,905 INFO     [task] go[RDD] 0.1 0.0376544649102
2017-08-19 16:05:00,905 INFO     [task] go[UR] 0.1 0.789449112979
2017-08-19 16:05:00,905 INFO     
2017-08-19 16:05:00,905 INFO     [rollout0] [2, 4, 2, 2, 2, 2, 2, 5, 1, 1, 1, 1, 5]
2017-08-19 16:05:00,905 INFO     [rollout1] [2, 2, 2, 2, 2, 2, 4, 2, 2, 2, 2, 5, 5]
2017-08-19 16:05:00,905 INFO     [rollout2] [3, 4, 4, 4, 4, 3, 2, 4, 4, 4, 4, 4, 4, 4, 6, 4, 4, 4, 4, 1, 4, 4, 4, 4, 4, 4, 4, 4, 4, 6, 2, 0, 4, 4, 0, 4, 3, 4, 1, 2, 2, 1, 1, 4, 6]
2017-08-19 16:05:00,905 INFO     [reward] 0.673681192661
2017-08-19 16:05:00,905 INFO     [error] [ -2.11766389e-06   1.51495642e-04]
2017-08-19 16:05:00,905 INFO     
2017-08-19 16:05:00,905 INFO     [min reward] 0.0376544649102
2017-08-19 16:05:00,905 INFO     
2017-08-19 16:05:00,905 INFO     [max steps] 3
2017-08-19 16:10:14,868 INFO     [step] 1246600
2017-08-19 16:10:14,868 INFO     [task] go[LL] 0.022460436125 0.951526032316
2017-08-19 16:10:14,868 INFO     [task] go[URU] 0.110258994748 0.695903266558
2017-08-19 16:10:14,868 INFO     [task] go[LLD] 0.0343701275718 0.852189781022
2017-08-19 16:10:14,869 INFO     [task] go[LD] 0.0437527928861 0.769907407407
2017-08-19 16:10:14,869 INFO     [task] go[UL] 0.0449005771382 0.855585831063
2017-08-19 16:10:14,869 INFO     [task] go[DRU] 0.241091022824 0.47043320705
2017-08-19 16:10:14,869 INFO     [task] go[RD] 0.0691784015896 0.79387755102
2017-08-19 16:10:14,869 INFO     [task] go[LUR] 0.0796787432659 0.704424778761
2017-08-19 16:10:14,869 INFO     [task] go[RDD] 0.288801839218 0.54581043956
2017-08-19 16:10:14,869 INFO     [task] go[UR] 0.0655070646331 0.788130381304
2017-08-19 16:10:14,869 INFO     
2017-08-19 16:10:14,869 INFO     [rollout0] [1, 1, 1, 1, 5, 1, 3, 1, 1, 1, 3, 4, 0, 0, 3, 3, 3, 3, 5, 0, 0, 0, 0, 5]
2017-08-19 16:10:14,869 INFO     [rollout1] [2, 1, 4, 0, 2, 2, 2, 1, 4, 0, 2, 2, 5, 0, 0, 0, 0, 0, 0, 5, 3, 3, 3, 3, 3, 3, 5]
2017-08-19 16:10:14,869 INFO     [rollout2] [3, 3, 3, 3, 1, 1, 3, 4, 3, 5, 1, 5, 1, 1, 4, 1, 1, 1, 1, 5]
2017-08-19 16:10:14,869 INFO     [reward] 0.6319
2017-08-19 16:10:14,869 INFO     [error] [ -2.09242597e-05   1.18747114e-04]
2017-08-19 16:10:14,869 INFO     
2017-08-19 16:10:14,870 INFO     [min reward] 0.47043320705
2017-08-19 16:10:14,870 INFO     
2017-08-19 16:10:14,870 INFO     [max steps] 3
2017-08-19 16:15:31,927 INFO     [step] 1298600
2017-08-19 16:15:31,927 INFO     [task] go[LL] 0.0218822393125 0.934440559441
2017-08-19 16:15:31,927 INFO     [task] go[URU] 0.117541876508 0.730532121999
2017-08-19 16:15:31,927 INFO     [task] go[LLD] 0.0590560400536 0.866410993928
2017-08-19 16:15:31,927 INFO     [task] go[LD] 0.0898479062796 0.76915027208
2017-08-19 16:15:31,927 INFO     [task] go[UL] 0.0577851637534 0.867808219178
2017-08-19 16:15:31,927 INFO     [task] go[DRU] 0.201917710668 0.448299253804
2017-08-19 16:15:31,927 INFO     [task] go[RD] 0.0808777535832 0.798903979033
2017-08-19 16:15:31,927 INFO     [task] go[LUR] 0.114352940017 0.748557855446
2017-08-19 16:15:31,927 INFO     [task] go[RDD] 0.173709899468 0.600790513834
2017-08-19 16:15:31,928 INFO     [task] go[UR] 0.0830284703566 0.792040487693
2017-08-19 16:15:31,928 INFO     
2017-08-19 16:15:31,928 INFO     [rollout0] [4, 0, 4, 0, 0, 0, 4, 0, 0, 5, 3, 3, 3, 3, 5]
2017-08-19 16:15:31,928 INFO     [rollout1] [3, 3, 4, 1, 2, 1, 2, 1, 1, 5, 1, 1, 3, 4, 3, 3, 3, 3, 3, 5, 0, 0, 0, 3, 0, 5]
2017-08-19 16:15:31,928 INFO     [rollout2] [2, 2, 2, 2, 2, 2, 5, 1, 1, 1, 1, 1, 1, 5]
2017-08-19 16:15:31,928 INFO     [reward] 0.688423076923
2017-08-19 16:15:31,928 INFO     [error] [ -6.71607710e-06   1.18173353e-04]
2017-08-19 16:15:31,928 INFO     
2017-08-19 16:15:31,928 INFO     [min reward] 0.448299253804
2017-08-19 16:15:31,928 INFO     
2017-08-19 16:15:31,928 INFO     [max steps] 3
2017-08-19 16:21:06,333 INFO     [step] 1354300
2017-08-19 16:21:06,333 INFO     [task] go[LL] 0.0297119493472 0.929032258065
2017-08-19 16:21:06,333 INFO     [task] go[URU] 0.109894083041 0.719579288026
2017-08-19 16:21:06,333 INFO     [task] go[LLD] 0.0564629547764 0.849683544304
2017-08-19 16:21:06,333 INFO     [task] go[LD] 0.094708415828 0.768453175663
2017-08-19 16:21:06,333 INFO     [task] go[UL] 0.0559135292439 0.861459337833
2017-08-19 16:21:06,333 INFO     [task] go[DRU] 0.220875432583 0.446067689311
2017-08-19 16:21:06,333 INFO     [task] go[RD] 0.083008479628 0.804872646733
2017-08-19 16:21:06,333 INFO     [task] go[LUR] 0.102805892933 0.73958150167
2017-08-19 16:21:06,334 INFO     [task] go[RDD] 0.160911878586 0.565381624264
2017-08-19 16:21:06,334 INFO     [task] go[UR] 0.085707384034 0.797571697718
2017-08-19 16:21:06,334 INFO     
2017-08-19 16:21:06,334 INFO     [rollout0] [2, 2, 2, 2, 2, 2, 4, 5, 1, 1, 1, 5]
2017-08-19 16:21:06,334 INFO     [rollout1] [1, 1, 1, 5, 3, 3, 3, 3, 3, 3, 3, 3, 3, 3, 3, 0, 2, 1, 6, 5]
2017-08-19 16:21:06,334 INFO     [rollout2] [2, 3, 2, 3, 5, 0, 2, 4, 3, 0, 0, 3, 3, 0, 1, 3, 3, 3, 0, 6, 5]
2017-08-19 16:21:06,334 INFO     [reward] 0.676122082585
2017-08-19 16:21:06,334 INFO     [error] [ -3.44700215e-05   1.16348196e-04]
2017-08-19 16:21:06,334 INFO     
2017-08-19 16:21:06,334 INFO     [min reward] 0.446067689311
2017-08-19 16:21:06,334 INFO     
2017-08-19 16:21:06,334 INFO     [max steps] 3
2017-08-19 16:26:45,492 INFO     [step] 1410900
2017-08-19 16:26:45,492 INFO     [task] go[LL] 0.0309235797746 0.937175792507
2017-08-19 16:26:45,493 INFO     [task] go[URU] 0.110918840519 0.727568572757
2017-08-19 16:26:45,493 INFO     [task] go[LLD] 0.0612288127148 0.859008607896
2017-08-19 16:26:45,493 INFO     [task] go[LD] 0.0922526961126 0.77220003803
2017-08-19 16:26:45,493 INFO     [task] go[UL] 0.0567313464162 0.864839613827
2017-08-19 16:26:45,493 INFO     [task] go[DRU] 0.215379673191 0.463180718872
2017-08-19 16:26:45,493 INFO     [task] go[RD] 0.078343200898 0.799505506855
2017-08-19 16:26:45,493 INFO     [task] go[LUR] 0.103279501265 0.748677700051
2017-08-19 16:26:45,493 INFO     [task] go[RDD] 0.169810735519 0.575422491133
2017-08-19 16:26:45,493 INFO     [task] go[UR] 0.0811316135904 0.805591122493
2017-08-19 16:26:45,493 INFO     
2017-08-19 16:26:45,493 INFO     [rollout0] [0, 0, 0, 0, 5, 0, 2, 0, 0, 4, 3, 1, 3, 3, 3, 3, 3, 3, 5, 0, 0, 0, 0, 5]
2017-08-19 16:26:45,493 INFO     [rollout1] [2, 2, 2, 2, 2, 2, 5, 0, 0, 0, 0, 4, 0, 0, 5, 3, 3, 3, 3, 3, 3, 5]
2017-08-19 16:26:45,493 INFO     [rollout2] [0, 0, 0, 0, 0, 0, 5, 3, 3, 3, 3, 3, 3, 5, 0, 0, 0, 0, 5]
2017-08-19 16:26:45,493 INFO     [reward] 0.686272084806
2017-08-19 16:26:45,493 INFO     [error] [ -1.72669750e-05   1.21299125e-04]
2017-08-19 16:26:45,494 INFO     
2017-08-19 16:26:45,494 INFO     [min reward] 0.463180718872
2017-08-19 16:26:45,494 INFO     
2017-08-19 16:26:45,494 INFO     [max steps] 3
2017-08-19 16:32:22,019 INFO     [step] 1467300
2017-08-19 16:32:22,019 INFO     [task] go[LL] 0.0285940609284 0.938864628821
2017-08-19 16:32:22,019 INFO     [task] go[URU] 0.110895287662 0.736589271417
2017-08-19 16:32:22,020 INFO     [task] go[LLD] 0.059286015106 0.853804673457
2017-08-19 16:32:22,020 INFO     [task] go[LD] 0.0933709659939 0.780993278566
2017-08-19 16:32:22,020 INFO     [task] go[UL] 0.0569964997836 0.859375
2017-08-19 16:32:22,020 INFO     [task] go[DRU] 0.214705856469 0.506571285976
2017-08-19 16:32:22,020 INFO     [task] go[RD] 0.0826496101954 0.798124067363
2017-08-19 16:32:22,020 INFO     [task] go[LUR] 0.102606894382 0.761361672715
2017-08-19 16:32:22,020 INFO     [task] go[RDD] 0.170634685834 0.60518102372
2017-08-19 16:32:22,020 INFO     [task] go[UR] 0.0802601236455 0.806336456939
2017-08-19 16:32:22,020 INFO     
2017-08-19 16:32:22,020 INFO     [rollout0] [1, 4, 1, 1, 5, 3, 3, 3, 3, 3, 3, 3, 3, 3, 3, 3, 3, 3, 3, 6, 0, 5]
2017-08-19 16:32:22,020 INFO     [rollout1] [3, 0, 4, 2, 0, 0, 0, 0, 0, 3, 5, 3, 3, 3, 5]
2017-08-19 16:32:22,020 INFO     [rollout2] [3, 4, 2, 1, 1, 1, 1, 5, 2, 1, 1, 4, 3, 3, 3, 3, 3, 5, 3, 3, 3, 1, 3, 1, 4, 2, 2, 0, 0, 0, 0, 0, 6]
2017-08-19 16:32:22,020 INFO     [reward] 0.702375886525
2017-08-19 16:32:22,020 INFO     [error] [ -2.56463731e-05   1.28882266e-04]
2017-08-19 16:32:22,021 INFO     
2017-08-19 16:32:22,021 INFO     [min reward] 0.506571285976
2017-08-19 16:32:22,021 INFO     
2017-08-19 16:32:22,021 INFO     [max steps] 3
2017-08-19 16:38:02,788 INFO     [step] 1524600
2017-08-19 16:38:02,789 INFO     [task] go[LL] 0.0290017166469 0.94581861013
2017-08-19 16:38:02,789 INFO     [task] go[URU] 0.111468884567 0.752694891423
2017-08-19 16:38:02,789 INFO     [task] go[LLD] 0.0636804521701 0.857418643133
2017-08-19 16:38:02,789 INFO     [task] go[LD] 0.0933654795805 0.789671361502
2017-08-19 16:38:02,789 INFO     [task] go[UL] 0.0614094436782 0.872056737589
2017-08-19 16:38:02,789 INFO     [task] go[DRU] 0.205246654007 0.516281874569
2017-08-19 16:38:02,789 INFO     [task] go[RD] 0.0863812989346 0.812877263581
2017-08-19 16:38:02,789 INFO     [task] go[LUR] 0.101369237216 0.77084781098
2017-08-19 16:38:02,789 INFO     [task] go[RDD] 0.165043705386 0.602173004597
2017-08-19 16:38:02,789 INFO     [task] go[UR] 0.0830331278135 0.824444905582
2017-08-19 16:38:02,789 INFO     
2017-08-19 16:38:02,789 INFO     [rollout0] [0, 0, 0, 0, 0, 0, 5, 2, 2, 2, 2, 2, 2, 5]
2017-08-19 16:38:02,789 INFO     [rollout1] [3, 3, 3, 3, 1, 3, 4, 0, 3, 5, 1, 1, 1, 5, 1, 1, 1, 1, 1, 1, 5]
2017-08-19 16:38:02,790 INFO     [rollout2] [1, 2, 4, 0, 2, 2, 2, 2, 2, 2, 2, 2, 2, 5, 5]
2017-08-19 16:38:02,790 INFO     [reward] 0.715863874346
2017-08-19 16:38:02,790 INFO     [error] [ -2.06388021e-05   1.20530519e-04]
2017-08-19 16:38:02,790 INFO     
2017-08-19 16:38:02,790 INFO     [min reward] 0.516281874569
2017-08-19 16:38:02,790 INFO     
2017-08-19 16:38:02,790 INFO     [max steps] 3
2017-08-19 16:43:36,757 INFO     [step] 1580500
2017-08-19 16:43:36,758 INFO     [task] go[LL] 0.0272449734705 0.936517913262
2017-08-19 16:43:36,758 INFO     [task] go[URU] 0.109225912233 0.743200923026
2017-08-19 16:43:36,758 INFO     [task] go[LLD] 0.0647707229202 0.854416575791
2017-08-19 16:43:36,758 INFO     [task] go[LD] 0.0935294159689 0.764158114785
2017-08-19 16:43:36,758 INFO     [task] go[UL] 0.0585568578745 0.866415804327
2017-08-19 16:43:36,758 INFO     [task] go[DRU] 0.209583140166 0.523846687478
2017-08-19 16:43:36,758 INFO     [task] go[RD] 0.0836785201285 0.818874312315
2017-08-19 16:43:36,758 INFO     [task] go[LUR] 0.101520005385 0.773096183733
2017-08-19 16:43:36,758 INFO     [task] go[RDD] 0.173122390972 0.603342218577
2017-08-19 16:43:36,758 INFO     [task] go[UR] 0.0787680608808 0.803703703704
2017-08-19 16:43:36,758 INFO     
2017-08-19 16:43:36,758 INFO     [rollout0] [3, 3, 3, 3, 3, 3, 5, 1, 1, 1, 5]
2017-08-19 16:43:36,758 INFO     [rollout1] [0, 0, 0, 0, 0, 0, 5, 3, 3, 3, 3, 5]
2017-08-19 16:43:36,759 INFO     [rollout2] [0, 0, 0, 0, 0, 0, 5, 3, 3, 3, 3, 5]
2017-08-19 16:43:36,759 INFO     [reward] 0.709516994633
2017-08-19 16:43:36,759 INFO     [error] [ -5.40611375e-06   1.09249237e-04]
2017-08-19 16:43:36,759 INFO     
2017-08-19 16:43:36,759 INFO     [min reward] 0.523846687478
2017-08-19 16:43:36,759 INFO     
2017-08-19 16:43:36,759 INFO     [max steps] 3
2017-08-19 16:49:15,412 INFO     [step] 1637400
2017-08-19 16:49:15,412 INFO     [task] go[LL] 0.0304598106343 0.930218805441
2017-08-19 16:49:15,412 INFO     [task] go[URU] 0.110593611624 0.739565421291
2017-08-19 16:49:15,412 INFO     [task] go[LLD] 0.064492474964 0.8483192129
2017-08-19 16:49:15,413 INFO     [task] go[LD] 0.101906431922 0.779174452183
2017-08-19 16:49:15,413 INFO     [task] go[UL] 0.0595185521318 0.873783544677
2017-08-19 16:49:15,413 INFO     [task] go[DRU] 0.201520377224 0.522525656636
2017-08-19 16:49:15,413 INFO     [task] go[RD] 0.0792254617782 0.809097174363
2017-08-19 16:49:15,413 INFO     [task] go[LUR] 0.0982014216302 0.764213152736
2017-08-19 16:49:15,413 INFO     [task] go[RDD] 0.168567872321 0.606555671176
2017-08-19 16:49:15,413 INFO     [task] go[UR] 0.0855139857711 0.820945242557
2017-08-19 16:49:15,413 INFO     
2017-08-19 16:49:15,413 INFO     [rollout0] [1, 1, 1, 1, 5, 2, 1, 1, 1, 4, 0, 3, 3, 3, 3, 3, 3, 3, 5, 0, 0, 0, 0, 0, 0, 5]
2017-08-19 16:49:15,413 INFO     [rollout1] [3, 1, 3, 4, 0, 2, 2, 2, 2, 2, 2, 2, 2, 2, 6, 2, 2, 2, 1, 4, 0, 2, 2, 2, 2, 2, 2, 5, 3, 1, 1, 1, 5]
2017-08-19 16:49:15,413 INFO     [rollout2] [1, 1, 4, 0, 0, 0, 0, 0, 0, 0, 0, 5, 3, 3, 3, 3, 3, 3, 5, 0, 0, 0, 0, 5]
2017-08-19 16:49:15,413 INFO     [reward] 0.712618629174
2017-08-19 16:49:15,413 INFO     [error] [ -5.81291765e-06   1.29232051e-04]
2017-08-19 16:49:15,413 INFO     
2017-08-19 16:49:15,413 INFO     [min reward] 0.522525656636
2017-08-19 16:49:15,414 INFO     
2017-08-19 16:49:15,414 INFO     [max steps] 3
2017-08-19 16:55:04,017 INFO     [step] 1695900
2017-08-19 16:55:04,017 INFO     [task] go[LL] 0.0331647569444 0.940588853838
2017-08-19 16:55:04,017 INFO     [task] go[URU] 0.112418686155 0.737580187976
2017-08-19 16:55:04,017 INFO     [task] go[LLD] 0.0672101243455 0.860820800408
2017-08-19 16:55:04,017 INFO     [task] go[LD] 0.0959533538223 0.780358092537
2017-08-19 16:55:04,017 INFO     [task] go[UL] 0.0566246927934 0.881704410012
2017-08-19 16:55:04,017 INFO     [task] go[DRU] 0.202641339273 0.523857696847
2017-08-19 16:55:04,017 INFO     [task] go[RD] 0.083514585342 0.801775758827
2017-08-19 16:55:04,017 INFO     [task] go[LUR] 0.102172712438 0.778431043172
2017-08-19 16:55:04,017 INFO     [task] go[RDD] 0.167710363074 0.600573829286
2017-08-19 16:55:04,017 INFO     [task] go[UR] 0.0785893858123 0.814392277315
2017-08-19 16:55:04,017 INFO     
2017-08-19 16:55:04,018 INFO     [rollout0] [0, 0, 0, 0, 5, 0, 0, 0, 4, 1, 3, 3, 3, 3, 5]
2017-08-19 16:55:04,018 INFO     [rollout1] [3, 3, 4, 2, 1, 1, 2, 1, 1, 1, 1, 1, 1, 1, 6, 3, 3, 3, 3, 3, 3, 3, 3, 3, 3, 3, 3, 3, 3, 6, 0, 0, 0, 0, 0, 0, 0, 5]
2017-08-19 16:55:04,018 INFO     [rollout2] [5, 1, 1, 1, 1, 5]
2017-08-19 16:55:04,018 INFO     [reward] 0.714102564103
2017-08-19 16:55:04,018 INFO     [error] [ -3.68437038e-05   1.21184968e-04]
2017-08-19 16:55:04,018 INFO     
2017-08-19 16:55:04,018 INFO     [min reward] 0.523857696847
2017-08-19 16:55:04,018 INFO     
2017-08-19 16:55:04,018 INFO     [max steps] 3
2017-08-19 17:01:06,023 INFO     [step] 1757100
2017-08-19 17:01:06,024 INFO     [task] go[LL] 0.0291653636282 0.941892639734
2017-08-19 17:01:06,024 INFO     [task] go[URU] 0.114466095383 0.747750321383
2017-08-19 17:01:06,024 INFO     [task] go[LLD] 0.062682520639 0.861060329068
2017-08-19 17:01:06,024 INFO     [task] go[LD] 0.0964915594365 0.787015177066
2017-08-19 17:01:06,024 INFO     [task] go[UL] 0.053907588922 0.873722188815
2017-08-19 17:01:06,024 INFO     [task] go[DRU] 0.204268591293 0.514977795721
2017-08-19 17:01:06,024 INFO     [task] go[RD] 0.0874922263327 0.798731579929
2017-08-19 17:01:06,024 INFO     [task] go[LUR] 0.0973012722647 0.786418941138
2017-08-19 17:01:06,024 INFO     [task] go[RDD] 0.172033798721 0.556406085542
2017-08-19 17:01:06,024 INFO     [task] go[UR] 0.0821909833804 0.829156722355
2017-08-19 17:01:06,024 INFO     
2017-08-19 17:01:06,025 INFO     [rollout0] [3, 3, 4, 2, 2, 1, 1, 1, 5, 3, 3, 3, 3, 3, 3, 3, 3, 3, 3, 0, 0, 0, 1, 6, 5]
2017-08-19 17:01:06,025 INFO     [rollout1] [3, 1, 1, 4, 2, 1, 5, 3, 3, 3, 3, 3, 0, 5, 0, 0, 5]
2017-08-19 17:01:06,025 INFO     [rollout2] [2, 2, 2, 2, 2, 2, 0, 4, 5, 1, 1, 1, 1, 5]
2017-08-19 17:01:06,025 INFO     [reward] 0.706437908497
2017-08-19 17:01:06,025 INFO     [error] [  1.65936210e-07   1.11752460e-04]
2017-08-19 17:01:06,025 INFO     
2017-08-19 17:01:06,025 INFO     [min reward] 0.514977795721
2017-08-19 17:01:06,025 INFO     
2017-08-19 17:01:06,025 INFO     [max steps] 3
2017-08-19 17:07:00,012 INFO     [step] 1816600
2017-08-19 17:07:00,013 INFO     [task] go[LL] 0.0283441928775 0.941381311666
2017-08-19 17:07:00,013 INFO     [task] go[URU] 0.109140266835 0.74968533669
2017-08-19 17:07:00,013 INFO     [task] go[LLD] 0.0619841195365 0.857451403888
2017-08-19 17:07:00,013 INFO     [task] go[LD] 0.092799439082 0.771033981465
2017-08-19 17:07:00,013 INFO     [task] go[UL] 0.0567146421484 0.87403903016
2017-08-19 17:07:00,013 INFO     [task] go[DRU] 0.206013047371 0.519819078947
2017-08-19 17:07:00,013 INFO     [task] go[RD] 0.0879234318297 0.809964144178
2017-08-19 17:07:00,013 INFO     [task] go[LUR] 0.0930475741745 0.777934437786
2017-08-19 17:07:00,013 INFO     [task] go[RDD] 0.188771864734 0.598392139348
2017-08-19 17:07:00,013 INFO     [task] go[UR] 0.0752614214115 0.814609236234
2017-08-19 17:07:00,013 INFO     
2017-08-19 17:07:00,013 INFO     [rollout0] [2, 2, 2, 2, 2, 2, 2, 1, 4, 5, 3, 0, 0, 0, 0, 0, 0, 4, 0, 5, 3, 3, 3, 3, 5]
2017-08-19 17:07:00,013 INFO     [rollout1] [0, 0, 0, 0, 0, 0, 5, 3, 3, 3, 3, 3, 3, 5, 0, 0, 0, 0, 5]
2017-08-19 17:07:00,013 INFO     [rollout2] [1, 1, 3, 4, 0, 0, 2, 2, 2, 2, 2, 2, 2, 2, 6, 2, 2, 2, 1, 4, 2, 2, 0, 2, 2, 2, 2, 5, 3, 5]
2017-08-19 17:07:00,013 INFO     [reward] 0.708521008403
2017-08-19 17:07:00,013 INFO     [error] [  6.39191594e-06   1.17449525e-04]
2017-08-19 17:07:00,014 INFO     
2017-08-19 17:07:00,014 INFO     [min reward] 0.519819078947
2017-08-19 17:07:00,014 INFO     
2017-08-19 17:07:00,014 INFO     [max steps] 3
2017-08-19 17:12:59,821 INFO     [step] 1877600
2017-08-19 17:12:59,822 INFO     [task] go[LL] 0.0287626184546 0.941853770869
2017-08-19 17:12:59,822 INFO     [task] go[URU] 0.109115046071 0.744944159372
2017-08-19 17:12:59,822 INFO     [task] go[LLD] 0.0639431789251 0.854714064915
2017-08-19 17:12:59,822 INFO     [task] go[LD] 0.100166420863 0.781667209378
2017-08-19 17:12:59,822 INFO     [task] go[UL] 0.0569902106141 0.876883707705
2017-08-19 17:12:59,822 INFO     [task] go[DRU] 0.205467156954 0.524507042254
2017-08-19 17:12:59,822 INFO     [task] go[RD] 0.0838482217878 0.81954744248
2017-08-19 17:12:59,822 INFO     [task] go[LUR] 0.0972739844557 0.78064300067
2017-08-19 17:12:59,822 INFO     [task] go[RDD] 0.172532004564 0.611542517496
2017-08-19 17:12:59,822 INFO     [task] go[UR] 0.081901157311 0.816729886205
2017-08-19 17:12:59,822 INFO     
2017-08-19 17:12:59,822 INFO     [rollout0] [2, 1, 1, 4, 0, 0, 2, 2, 2, 2, 2, 4, 1, 4, 6, 0, 0, 4, 0, 0, 0, 0, 0, 5, 3, 3, 3, 3, 5]
2017-08-19 17:12:59,822 INFO     [rollout1] [1, 1, 1, 1, 1, 1, 4, 1, 1, 4, 1, 1, 5, 0, 3, 3, 3, 3, 3, 3, 3, 3, 3, 3, 3, 3, 3, 6, 0, 0, 0, 0, 0, 0, 0, 5]
2017-08-19 17:12:59,822 INFO     [rollout2] [1, 3, 1, 3, 4, 2, 2, 0, 0, 0, 0, 0, 0, 0, 6, 0, 0, 4, 1, 2, 2, 2, 2, 2, 2, 5]
2017-08-19 17:12:59,822 INFO     [reward] 0.716950819672
2017-08-19 17:12:59,822 INFO     [error] [ -1.20033768e-05   1.37747807e-04]
2017-08-19 17:12:59,823 INFO     
2017-08-19 17:12:59,823 INFO     [min reward] 0.524507042254
2017-08-19 17:12:59,823 INFO     
2017-08-19 17:12:59,823 INFO     [max steps] 3
2017-08-19 17:18:50,450 INFO     [step] 1936700
2017-08-19 17:18:50,450 INFO     [task] go[LL] 0.0290358677231 0.939024390244
2017-08-19 17:18:50,450 INFO     [task] go[URU] 0.11293546871 0.756322523059
2017-08-19 17:18:50,450 INFO     [task] go[LLD] 0.0661645101704 0.855065195587
2017-08-19 17:18:50,450 INFO     [task] go[LD] 0.0972884455959 0.783519553073
2017-08-19 17:18:50,450 INFO     [task] go[UL] 0.0567184289456 0.864335242689
2017-08-19 17:18:50,450 INFO     [task] go[DRU] 0.206859711556 0.544812869337
2017-08-19 17:18:50,450 INFO     [task] go[RD] 0.0811483678295 0.818069051065
2017-08-19 17:18:50,451 INFO     [task] go[LUR] 0.0977248422822 0.772609819121
2017-08-19 17:18:50,451 INFO     [task] go[RDD] 0.169775479918 0.632950885668
2017-08-19 17:18:50,451 INFO     [task] go[UR] 0.0823488772684 0.828224645135
2017-08-19 17:18:50,451 INFO     
2017-08-19 17:18:50,451 INFO     [rollout0] [3, 3, 3, 3, 3, 3, 5, 1, 1, 1, 1, 5, 5]
2017-08-19 17:18:50,451 INFO     [rollout1] [0, 0, 0, 0, 0, 0, 5, 3, 3, 3, 3, 5]
2017-08-19 17:18:50,451 INFO     [rollout2] [0, 4, 1, 3, 3, 3, 3, 5, 3, 3, 1, 1, 1, 1, 5]
2017-08-19 17:18:50,451 INFO     [reward] 0.725228426396
2017-08-19 17:18:50,451 INFO     [error] [ -4.34475393e-06   1.13760321e-04]
2017-08-19 17:18:50,451 INFO     
2017-08-19 17:18:50,451 INFO     [min reward] 0.544812869337
2017-08-19 17:18:50,451 INFO     
2017-08-19 17:18:50,451 INFO     [max steps] 3
2017-08-19 17:24:55,968 INFO     [step] 1998900
2017-08-19 17:24:55,968 INFO     [task] go[LL] 0.0307911422683 0.939790575916
2017-08-19 17:24:55,968 INFO     [task] go[URU] 0.110052161716 0.765645805593
2017-08-19 17:24:55,969 INFO     [task] go[LLD] 0.0672149153969 0.858784893268
2017-08-19 17:24:55,969 INFO     [task] go[LD] 0.0982533533181 0.793332227567
2017-08-19 17:24:55,969 INFO     [task] go[UL] 0.0631933178348 0.866666666667
2017-08-19 17:24:55,969 INFO     [task] go[DRU] 0.201810779377 0.531274932184
2017-08-19 17:24:55,969 INFO     [task] go[RD] 0.0832648451301 0.819754035357
2017-08-19 17:24:55,969 INFO     [task] go[LUR] 0.102986291455 0.780952380952
2017-08-19 17:24:55,969 INFO     [task] go[RDD] 0.1635741202 0.586790771364
2017-08-19 17:24:55,969 INFO     [task] go[UR] 0.0788590733037 0.832532051282
2017-08-19 17:24:55,969 INFO     
2017-08-19 17:24:55,969 INFO     [rollout0] [1, 1, 1, 1, 1, 1, 5, 3, 3, 3, 3, 3, 3, 5, 0, 0, 0, 0, 5]
2017-08-19 17:24:55,969 INFO     [rollout1] [3, 3, 3, 3, 5, 3, 4, 3, 1, 1, 1, 1, 1, 1, 1, 1, 1, 1, 5, 5]
2017-08-19 17:24:55,969 INFO     [rollout2] [2, 2, 2, 2, 2, 0, 4, 1, 2, 2, 2, 2, 2, 1, 6, 2, 2, 2, 4, 5, 3, 1, 1, 1, 5]
2017-08-19 17:24:55,969 INFO     [reward] 0.721623794212
2017-08-19 17:24:55,969 INFO     [error] [ -7.01191333e-06   1.34105941e-04]
2017-08-19 17:24:55,969 INFO     
2017-08-19 17:24:55,970 INFO     [min reward] 0.531274932184
2017-08-19 17:24:55,970 INFO     
2017-08-19 17:24:55,970 INFO     [max steps] 3
2017-08-19 17:30:43,093 INFO     [step] 2057700
2017-08-19 17:30:43,093 INFO     [task] go[LL] 0.0302044135357 0.939641109299
2017-08-19 17:30:43,093 INFO     [task] go[URU] 0.105122285696 0.769243078893
2017-08-19 17:30:43,093 INFO     [task] go[LLD] 0.0650534266046 0.840564280011
2017-08-19 17:30:43,093 INFO     [task] go[LD] 0.0932114610515 0.786093321134
2017-08-19 17:30:43,093 INFO     [task] go[UL] 0.0616626518441 0.864489795918
2017-08-19 17:30:43,093 INFO     [task] go[DRU] 0.205949701296 0.552037330222
2017-08-19 17:30:43,093 INFO     [task] go[RD] 0.0818446791802 0.816317903192
2017-08-19 17:30:43,093 INFO     [task] go[LUR] 0.0985373273654 0.773747841105
2017-08-19 17:30:43,093 INFO     [task] go[RDD] 0.182066534809 0.634771386431
2017-08-19 17:30:43,094 INFO     [task] go[UR] 0.0763475186182 0.832620922385
2017-08-19 17:30:43,094 INFO     
2017-08-19 17:30:43,094 INFO     [rollout0] [4, 2, 2, 2, 2, 2, 2, 5, 1, 1, 1, 5]
2017-08-19 17:30:43,094 INFO     [rollout1] [2, 2, 2, 2, 2, 2, 2, 4, 5, 3, 0, 0, 0, 0, 0, 0, 5, 3, 3, 3, 3, 5]
2017-08-19 17:30:43,094 INFO     [rollout2] [0, 0, 0, 0, 0, 0, 3, 5, 3, 3, 3, 5, 3, 3, 3, 3, 4, 4, 4, 4, 4, 4, 4, 0, 4, 1, 6]
2017-08-19 17:30:43,094 INFO     [reward] 0.726530612245
2017-08-19 17:30:43,094 INFO     [error] [ -2.77070729e-05   1.15685986e-04]
2017-08-19 17:30:43,094 INFO     
2017-08-19 17:30:43,094 INFO     [min reward] 0.552037330222
2017-08-19 17:30:43,094 INFO     
2017-08-19 17:30:43,094 INFO     [max steps] 3
2017-08-19 17:36:48,947 INFO     [step] 2120100
2017-08-19 17:36:48,947 INFO     [task] go[LL] 0.0307180611763 0.954569190601
2017-08-19 17:36:48,947 INFO     [task] go[URU] 0.105112314271 0.758321933425
2017-08-19 17:36:48,947 INFO     [task] go[LLD] 0.0739741169906 0.840239214011
2017-08-19 17:36:48,947 INFO     [task] go[LD] 0.0977556495077 0.785057285783
2017-08-19 17:36:48,947 INFO     [task] go[UL] 0.0635284511479 0.865365365365
2017-08-19 17:36:48,947 INFO     [task] go[DRU] 0.199942397704 0.526781405823
2017-08-19 17:36:48,947 INFO     [task] go[RD] 0.0845598678318 0.814028436019
2017-08-19 17:36:48,947 INFO     [task] go[LUR] 0.103145575457 0.77143301696
2017-08-19 17:36:48,947 INFO     [task] go[RDD] 0.163821450165 0.586739238001
2017-08-19 17:36:48,948 INFO     [task] go[UR] 0.0774421157476 0.827557411273
2017-08-19 17:36:48,948 INFO     
2017-08-19 17:36:48,948 INFO     [rollout0] [2, 2, 2, 2, 2, 0, 2, 4, 5, 0, 0, 0, 0, 0, 3, 5, 3, 3, 3, 5]
2017-08-19 17:36:48,948 INFO     [rollout1] [2, 0, 4, 3, 3, 4, 3, 4, 1, 1, 1, 2, 2, 1, 6, 3, 3, 3, 3, 3, 0, 2, 4, 3, 0, 0, 3, 3, 3, 6, 0, 0, 0, 0, 0, 0, 0, 0, 0, 0, 0, 0, 0, 0, 6]
2017-08-19 17:36:48,948 INFO     [rollout2] [2, 2, 2, 2, 2, 2, 2, 2, 2, 2, 2, 2, 5, 5, 1, 1, 1, 1, 5]
2017-08-19 17:36:48,948 INFO     [reward] 0.717451923077
2017-08-19 17:36:48,948 INFO     [error] [ -1.93406565e-05   1.13915701e-04]
2017-08-19 17:36:48,948 INFO     
2017-08-19 17:36:48,948 INFO     [min reward] 0.526781405823
2017-08-19 17:36:48,948 INFO     
2017-08-19 17:36:48,948 INFO     [max steps] 3
2017-08-19 17:42:29,577 INFO     [step] 2177600
2017-08-19 17:42:29,577 INFO     [task] go[LL] 0.0233894400247 0.937366548043
2017-08-19 17:42:29,577 INFO     [task] go[URU] 0.106197421749 0.775195058518
2017-08-19 17:42:29,577 INFO     [task] go[LLD] 0.0716318192979 0.844653000741
2017-08-19 17:42:29,577 INFO     [task] go[LD] 0.0949162420713 0.785093397448
2017-08-19 17:42:29,577 INFO     [task] go[UL] 0.0610296538863 0.863389539869
2017-08-19 17:42:29,577 INFO     [task] go[DRU] 0.20389765998 0.542529711375
2017-08-19 17:42:29,577 INFO     [task] go[RD] 0.0826916509419 0.825085324232
2017-08-19 17:42:29,577 INFO     [task] go[LUR] 0.100665103075 0.774314426844
2017-08-19 17:42:29,577 INFO     [task] go[RDD] 0.178598009209 0.622037218413
2017-08-19 17:42:29,577 INFO     [task] go[UR] 0.076982999765 0.826086956522
2017-08-19 17:42:29,577 INFO     
2017-08-19 17:42:29,577 INFO     [rollout0] [2, 0, 4, 1, 2, 2, 2, 4, 2, 2, 2, 2, 2, 2, 6, 2, 2, 5, 1, 1, 1, 5]
2017-08-19 17:42:29,577 INFO     [rollout1] [2, 2, 2, 2, 2, 0, 4, 2, 5, 0, 0, 0, 0, 0, 5, 3, 3, 3, 3, 5]
2017-08-19 17:42:29,577 INFO     [rollout2] [3, 3, 4, 2, 2, 2, 2, 2, 2, 2, 2, 5, 0, 0, 0, 0, 0, 0, 5, 3, 3, 3, 3, 5]
2017-08-19 17:42:29,577 INFO     [reward] 0.723391304348
2017-08-19 17:42:29,578 INFO     [error] [ -2.52002470e-06   1.08020654e-04]
2017-08-19 17:42:29,578 INFO     
2017-08-19 17:42:29,578 INFO     [min reward] 0.542529711375
2017-08-19 17:42:29,578 INFO     
2017-08-19 17:42:29,578 INFO     [max steps] 3
2017-08-19 17:48:29,377 INFO     [step] 2238900
2017-08-19 17:48:29,377 INFO     [task] go[LL] 0.0315215316115 0.940192600101
2017-08-19 17:48:29,377 INFO     [task] go[URU] 0.101900862289 0.768387096774
2017-08-19 17:48:29,377 INFO     [task] go[LLD] 0.0717574412831 0.842482634999
2017-08-19 17:48:29,377 INFO     [task] go[LD] 0.097605172148 0.790282597918
2017-08-19 17:48:29,377 INFO     [task] go[UL] 0.0636261409733 0.870642912471
2017-08-19 17:48:29,377 INFO     [task] go[DRU] 0.202873181478 0.5278860689
2017-08-19 17:48:29,378 INFO     [task] go[RD] 0.0802494393504 0.813636363636
2017-08-19 17:48:29,378 INFO     [task] go[LUR] 0.102283039625 0.781265406738
2017-08-19 17:48:29,378 INFO     [task] go[RDD] 0.168368441184 0.596764875794
2017-08-19 17:48:29,378 INFO     [task] go[UR] 0.0798147500573 0.82695473251
2017-08-19 17:48:29,378 INFO     
2017-08-19 17:48:29,378 INFO     [rollout0] [3, 5, 5]
2017-08-19 17:48:29,378 INFO     [rollout1] [3, 3, 3, 3, 3, 3, 5, 1, 1, 1, 5, 5]
2017-08-19 17:48:29,378 INFO     [rollout2] [1, 3, 3, 4, 0, 2, 2, 2, 2, 2, 2, 2, 2, 5, 1, 1, 1, 5]
2017-08-19 17:48:29,378 INFO     [reward] 0.719037520392
2017-08-19 17:48:29,378 INFO     [error] [ -4.01314562e-05   1.26254738e-04]
2017-08-19 17:48:29,378 INFO     
2017-08-19 17:48:29,378 INFO     [min reward] 0.5278860689
2017-08-19 17:48:29,378 INFO     
2017-08-19 17:48:29,379 INFO     [max steps] 3
2017-08-19 17:54:26,118 INFO     [step] 2299400
2017-08-19 17:54:26,118 INFO     [task] go[LL] 0.0298130512383 0.935284186832
2017-08-19 17:54:26,118 INFO     [task] go[URU] 0.103187024215 0.768695652174
2017-08-19 17:54:26,119 INFO     [task] go[LLD] 0.0715426128653 0.842921348315
2017-08-19 17:54:26,119 INFO     [task] go[LD] 0.0938359855221 0.788401253918
2017-08-19 17:54:26,119 INFO     [task] go[UL] 0.0595160398031 0.868631940469
2017-08-19 17:54:26,119 INFO     [task] go[DRU] 0.205899193373 0.533797853596
2017-08-19 17:54:26,119 INFO     [task] go[RD] 0.0838621573178 0.81811023622
2017-08-19 17:54:26,119 INFO     [task] go[LUR] 0.0976870096694 0.785447126828
2017-08-19 17:54:26,119 INFO     [task] go[RDD] 0.176482721736 0.609811107979
2017-08-19 17:54:26,119 INFO     [task] go[UR] 0.0781742042609 0.821111832144
2017-08-19 17:54:26,119 INFO     
2017-08-19 17:54:26,119 INFO     [rollout0] [0, 0, 0, 0, 2, 4, 3, 0, 0, 0, 0, 0, 0, 5, 4, 1, 3, 0, 1, 3, 3, 3, 3, 3, 3, 3, 3, 0, 6, 5]
2017-08-19 17:54:26,119 INFO     [rollout1] [3, 3, 1, 1, 4, 2, 2, 1, 5, 3, 3, 3, 3, 3, 3, 3, 3, 3, 3, 3, 3, 0, 1, 6, 0, 5]
2017-08-19 17:54:26,119 INFO     [rollout2] [2, 0, 4, 3, 0, 0, 0, 5, 0, 0, 0, 3, 4, 2, 1, 2, 2, 2, 2, 2, 2, 5]
2017-08-19 17:54:26,119 INFO     [reward] 0.720049586777
2017-08-19 17:54:26,119 INFO     [error] [ -3.79570363e-06   1.07274006e-04]
2017-08-19 17:54:26,119 INFO     
2017-08-19 17:54:26,120 INFO     [min reward] 0.533797853596
2017-08-19 17:54:26,120 INFO     
2017-08-19 17:54:26,120 INFO     [max steps] 3
2017-08-19 18:00:16,480 INFO     [step] 2358900
2017-08-19 18:00:16,480 INFO     [task] go[LL] 0.032097351843 0.945388974755
2017-08-19 18:00:16,480 INFO     [task] go[URU] 0.103662534409 0.775560281368
2017-08-19 18:00:16,480 INFO     [task] go[LLD] 0.0717757331573 0.8431988403
2017-08-19 18:00:16,481 INFO     [task] go[LD] 0.0951971559879 0.782176491106
2017-08-19 18:00:16,481 INFO     [task] go[UL] 0.0607306559844 0.870638297872
2017-08-19 18:00:16,481 INFO     [task] go[DRU] 0.204572863406 0.551155384992
2017-08-19 18:00:16,481 INFO     [task] go[RD] 0.0824344004559 0.840229414175
2017-08-19 18:00:16,481 INFO     [task] go[LUR] 0.0964662267857 0.781016831511
2017-08-19 18:00:16,481 INFO     [task] go[RDD] 0.171918140567 0.632001547838
2017-08-19 18:00:16,481 INFO     [task] go[UR] 0.0811449374045 0.830255239676
2017-08-19 18:00:16,481 INFO     
2017-08-19 18:00:16,481 INFO     [rollout0] [4, 2, 2, 2, 2, 2, 2, 2, 2, 2, 2, 4, 2, 2, 6, 5, 1, 1, 1, 5]
2017-08-19 18:00:16,481 INFO     [rollout1] [3, 3, 3, 3, 3, 3, 5, 1, 1, 1, 5, 1, 1, 1, 1, 1, 1, 5]
2017-08-19 18:00:16,481 INFO     [rollout2] [0, 4, 1, 3, 3, 3, 3, 3, 3, 3, 3, 3, 3, 5, 5, 0, 1, 3, 5]
2017-08-19 18:00:16,481 INFO     [reward] 0.731210084034
2017-08-19 18:00:16,481 INFO     [error] [ -1.01648733e-05   1.30099439e-04]
2017-08-19 18:00:16,481 INFO     
2017-08-19 18:00:16,482 INFO     [min reward] 0.551155384992
2017-08-19 18:00:16,482 INFO     
2017-08-19 18:00:16,482 INFO     [max steps] 3
2017-08-19 18:05:58,980 INFO     [step] 2417000
2017-08-19 18:05:58,981 INFO     [task] go[LL] 0.0287367183064 0.943075117371
2017-08-19 18:05:58,981 INFO     [task] go[URU] 0.104270565722 0.777418311226
2017-08-19 18:05:58,981 INFO     [task] go[LLD] 0.0741873065987 0.851419413919
2017-08-19 18:05:58,981 INFO     [task] go[LD] 0.101327907642 0.793424753868
2017-08-19 18:05:58,981 INFO     [task] go[UL] 0.0619831980931 0.869810787913
2017-08-19 18:05:58,981 INFO     [task] go[DRU] 0.204077994397 0.536881104749
2017-08-19 18:05:58,981 INFO     [task] go[RD] 0.0755080032099 0.837750633787
2017-08-19 18:05:58,981 INFO     [task] go[LUR] 0.101843683564 0.789340101523
2017-08-19 18:05:58,981 INFO     [task] go[RDD] 0.168120456205 0.628499242041
2017-08-19 18:05:58,981 INFO     [task] go[UR] 0.0799441662612 0.830759190777
2017-08-19 18:05:58,981 INFO     
2017-08-19 18:05:58,981 INFO     [rollout0] [0, 4, 1, 3, 3, 3, 0, 3, 5, 3, 3, 3, 3, 4, 2, 2, 1, 1, 1, 1, 5, 1, 1, 1, 3, 4, 2, 1, 1, 5]
2017-08-19 18:05:58,981 INFO     [rollout1] [3, 4, 2, 2, 2, 2, 2, 0, 2, 4, 2, 5, 0, 0, 0, 5, 0, 0, 4, 3, 3, 3, 3, 5]
2017-08-19 18:05:58,981 INFO     [rollout2] [3, 3, 3, 3, 3, 3, 5, 1, 1, 1, 5]
2017-08-19 18:05:58,981 INFO     [reward] 0.730447504303
2017-08-19 18:05:58,981 INFO     [error] [  7.58205935e-07   1.14653438e-04]
2017-08-19 18:05:58,982 INFO     
2017-08-19 18:05:58,982 INFO     [min reward] 0.536881104749
2017-08-19 18:05:58,982 INFO     
2017-08-19 18:05:58,982 INFO     [max steps] 3
2017-08-19 18:11:44,302 INFO     [step] 2475800
2017-08-19 18:11:44,302 INFO     [task] go[LL] 0.0298555698728 0.938179736691
2017-08-19 18:11:44,302 INFO     [task] go[URU] 0.103756011031 0.775842044135
2017-08-19 18:11:44,302 INFO     [task] go[LLD] 0.0707436992372 0.843958135109
2017-08-19 18:11:44,302 INFO     [task] go[LD] 0.0966154461481 0.797938510752
2017-08-19 18:11:44,302 INFO     [task] go[UL] 0.0625392029459 0.870260021668
2017-08-19 18:11:44,302 INFO     [task] go[DRU] 0.211061023649 0.544277157196
2017-08-19 18:11:44,302 INFO     [task] go[RD] 0.0768414196111 0.84184697747
2017-08-19 18:11:44,303 INFO     [task] go[LUR] 0.0984376327355 0.791125358529
2017-08-19 18:11:44,303 INFO     [task] go[RDD] 0.170189652762 0.631204963971
2017-08-19 18:11:44,303 INFO     [task] go[UR] 0.0799603420074 0.842005477143
2017-08-19 18:11:44,303 INFO     
2017-08-19 18:11:44,303 INFO     [rollout0] [1, 1, 1, 1, 1, 1, 1, 1, 4, 5, 0, 0, 3, 3, 3, 3, 3, 3, 5, 0, 0, 0, 0, 5]
2017-08-19 18:11:44,303 INFO     [rollout1] [3, 3, 3, 3, 3, 3, 5, 1, 1, 1, 1, 1, 3, 4, 2, 1, 1, 1, 1, 1, 5, 5]
2017-08-19 18:11:44,303 INFO     [rollout2] [3, 0, 4, 1, 2, 2, 2, 2, 2, 0, 2, 4, 1, 2, 6, 1, 1, 1, 5]
2017-08-19 18:11:44,303 INFO     [reward] 0.732261904762
2017-08-19 18:11:44,303 INFO     [error] [ -2.80188646e-05   1.18372556e-04]
2017-08-19 18:11:44,303 INFO     
2017-08-19 18:11:44,303 INFO     [min reward] 0.544277157196
2017-08-19 18:11:44,303 INFO     
2017-08-19 18:11:44,303 INFO     [max steps] 3
2017-08-19 18:17:28,480 INFO     [step] 2534200
2017-08-19 18:17:28,480 INFO     [task] go[LL] 0.0323025560703 0.943872296601
2017-08-19 18:17:28,480 INFO     [task] go[URU] 0.105317081144 0.781053328917
2017-08-19 18:17:28,481 INFO     [task] go[LLD] 0.0746805484074 0.854918772563
2017-08-19 18:17:28,481 INFO     [task] go[LD] 0.0953787668164 0.785335527519
2017-08-19 18:17:28,481 INFO     [task] go[UL] 0.0628507649147 0.876492942454
2017-08-19 18:17:28,481 INFO     [task] go[DRU] 0.209467879257 0.557519960893
2017-08-19 18:17:28,481 INFO     [task] go[RD] 0.0756300824925 0.836902050114
2017-08-19 18:17:28,481 INFO     [task] go[LUR] 0.0984431141407 0.784653465347
2017-08-19 18:17:28,481 INFO     [task] go[RDD] 0.170370412566 0.64494047619
2017-08-19 18:17:28,481 INFO     [task] go[UR] 0.0755587941911 0.835625704622
2017-08-19 18:17:28,481 INFO     
2017-08-19 18:17:28,481 INFO     [rollout0] [3, 3, 3, 3, 3, 3, 5, 1, 1, 1, 1, 1, 1, 1, 1, 1, 5, 1, 5]
2017-08-19 18:17:28,481 INFO     [rollout1] [3, 3, 3, 3, 5, 3, 3, 3, 3, 1, 4, 2, 2, 1, 1, 5, 1, 1, 1, 3, 5]
2017-08-19 18:17:28,481 INFO     [rollout2] [4, 0, 0, 0, 0, 0, 0, 5, 3, 3, 3, 3, 3, 3, 5, 0, 0, 0, 0, 0, 3, 3, 4, 0, 5]
2017-08-19 18:17:28,481 INFO     [reward] 0.736712328767
2017-08-19 18:17:28,481 INFO     [error] [ -2.84452635e-05   1.14800777e-04]
2017-08-19 18:17:28,481 INFO     
2017-08-19 18:17:28,482 INFO     [min reward] 0.557519960893
2017-08-19 18:17:28,482 INFO     
2017-08-19 18:17:28,482 INFO     [max steps] 3
2017-08-19 18:23:23,857 INFO     [step] 2594800
2017-08-19 18:23:23,858 INFO     [task] go[LL] 0.0300760177647 0.936807095344
2017-08-19 18:23:23,858 INFO     [task] go[URU] 0.104128886878 0.77810124535
2017-08-19 18:23:23,858 INFO     [task] go[LLD] 0.0705336116583 0.839118198874
2017-08-19 18:23:23,858 INFO     [task] go[LD] 0.102181269244 0.794084552323
2017-08-19 18:23:23,858 INFO     [task] go[UL] 0.0607213078349 0.863414634146
2017-08-19 18:23:23,858 INFO     [task] go[DRU] 0.205795710345 0.535175480387
2017-08-19 18:23:23,858 INFO     [task] go[RD] 0.0787279271509 0.839791666667
2017-08-19 18:23:23,858 INFO     [task] go[LUR] 0.10249148286 0.787240932642
2017-08-19 18:23:23,858 INFO     [task] go[RDD] 0.166035355214 0.620914387282
2017-08-19 18:23:23,858 INFO     [task] go[UR] 0.0793084310502 0.834001265556
2017-08-19 18:23:23,858 INFO     
2017-08-19 18:23:23,858 INFO     [rollout0] [0, 3, 3, 4, 1, 2, 2, 2, 2, 2, 2, 2, 2, 5, 0, 0, 0, 0, 0, 0, 5, 3, 3, 3, 3, 5]
2017-08-19 18:23:23,858 INFO     [rollout1] [2, 2, 2, 2, 1, 4, 0, 2, 2, 5, 0, 0, 0, 0, 5, 0, 2, 0, 0, 4, 1, 3, 3, 3, 3, 3, 3, 3, 3, 6]
2017-08-19 18:23:23,858 INFO     [rollout2] [1, 3, 3, 4, 0, 2, 2, 2, 2, 2, 2, 2, 0, 4, 6, 1, 2, 2, 2, 2, 2, 2, 2, 5]
2017-08-19 18:23:23,858 INFO     [reward] 0.727392739274
2017-08-19 18:23:23,858 INFO     [error] [ -6.07336814e-06   1.30674877e-04]
2017-08-19 18:23:23,859 INFO     
2017-08-19 18:23:23,859 INFO     [min reward] 0.535175480387
2017-08-19 18:23:23,859 INFO     
2017-08-19 18:23:23,859 INFO     [max steps] 3
2017-08-19 18:29:00,490 INFO     [step] 2652000
2017-08-19 18:29:00,490 INFO     [task] go[LL] 0.0322243983574 0.947397260274
2017-08-19 18:29:00,490 INFO     [task] go[URU] 0.102097298686 0.775793306745
2017-08-19 18:29:00,490 INFO     [task] go[LLD] 0.0752335661136 0.851172509868
2017-08-19 18:29:00,490 INFO     [task] go[LD] 0.0950603809227 0.79207560887
2017-08-19 18:29:00,491 INFO     [task] go[UL] 0.0645366548139 0.873767798467
2017-08-19 18:29:00,491 INFO     [task] go[DRU] 0.209049422778 0.546271637816
2017-08-19 18:29:00,491 INFO     [task] go[RD] 0.0749370606733 0.835803612784
2017-08-19 18:29:00,491 INFO     [task] go[LUR] 0.0980733987531 0.783922261484
2017-08-19 18:29:00,491 INFO     [task] go[RDD] 0.171301437458 0.632807700184
2017-08-19 18:29:00,491 INFO     [task] go[UR] 0.0774863814431 0.844312742193
2017-08-19 18:29:00,491 INFO     
2017-08-19 18:29:00,491 INFO     [rollout0] [1, 3, 4, 0, 2, 2, 2, 2, 2, 2, 1, 4, 0, 2, 6, 0, 0, 0, 0, 0, 0, 5, 3, 3, 3, 0, 3, 5]
2017-08-19 18:29:00,491 INFO     [rollout1] [2, 2, 2, 2, 2, 2, 2, 2, 2, 2, 1, 4, 2, 2, 6, 5, 1, 1, 5]
2017-08-19 18:29:00,491 INFO     [rollout2] [0, 0, 0, 0, 0, 0, 5, 3, 3, 3, 3, 3, 3, 5, 0, 0, 0, 0, 5]
2017-08-19 18:29:00,491 INFO     [reward] 0.732727272727
2017-08-19 18:29:00,491 INFO     [error] [ -1.34505931e-05   1.25632907e-04]
2017-08-19 18:29:00,491 INFO     
2017-08-19 18:29:00,491 INFO     [min reward] 0.546271637816
2017-08-19 18:29:00,491 INFO     
2017-08-19 18:29:00,492 INFO     [max steps] 3
2017-08-19 18:34:46,329 INFO     [step] 2711000
2017-08-19 18:34:46,330 INFO     [task] go[LL] 0.028241724147 0.945911949686
2017-08-19 18:34:46,330 INFO     [task] go[URU] 0.105656730891 0.776823338736
2017-08-19 18:34:46,330 INFO     [task] go[LLD] 0.0716512117985 0.853612614733
2017-08-19 18:34:46,330 INFO     [task] go[LD] 0.0983113609107 0.79032809296
2017-08-19 18:34:46,330 INFO     [task] go[UL] 0.0614578894227 0.88101750547
2017-08-19 18:34:46,330 INFO     [task] go[DRU] 0.209199925454 0.533403514455
2017-08-19 18:34:46,330 INFO     [task] go[RD] 0.0785845210081 0.825907411432
2017-08-19 18:34:46,330 INFO     [task] go[LUR] 0.10198954798 0.792419354839
2017-08-19 18:34:46,330 INFO     [task] go[RDD] 0.170161256973 0.605619567415
2017-08-19 18:34:46,330 INFO     [task] go[UR] 0.0747458314147 0.834647443118
2017-08-19 18:34:46,330 INFO     
2017-08-19 18:34:46,330 INFO     [rollout0] [3, 3, 3, 3, 3, 3, 5, 1, 1, 1, 5, 5]
2017-08-19 18:34:46,330 INFO     [rollout1] [1, 4, 4, 1, 3, 4, 0, 0, 3, 3, 3, 5, 3, 3, 3, 3, 1, 4, 2, 2, 1, 1, 1, 1, 1, 1, 6, 1, 2, 4, 3, 1, 5]
2017-08-19 18:34:46,330 INFO     [rollout2] [3, 3, 3, 0, 3, 5, 3, 3, 1, 1, 4, 1, 5]
2017-08-19 18:34:46,330 INFO     [reward] 0.72486440678
2017-08-19 18:34:46,331 INFO     [error] [ -2.22032030e-05   1.20815458e-04]
2017-08-19 18:34:46,331 INFO     
2017-08-19 18:34:46,331 INFO     [min reward] 0.533403514455
2017-08-19 18:34:46,331 INFO     
2017-08-19 18:34:46,331 INFO     [max steps] 3
2017-08-19 18:40:34,483 INFO     [step] 2770200
2017-08-19 18:40:34,483 INFO     [task] go[LL] 0.0283536651143 0.943175161101
2017-08-19 18:40:34,483 INFO     [task] go[URU] 0.103161399567 0.768991486575
2017-08-19 18:40:34,483 INFO     [task] go[LLD] 0.0691884918983 0.853530534351
2017-08-19 18:40:34,483 INFO     [task] go[LD] 0.0971866620481 0.791285637439
2017-08-19 18:40:34,483 INFO     [task] go[UL] 0.0570640928777 0.871880706026
2017-08-19 18:40:34,483 INFO     [task] go[DRU] 0.210854552128 0.52883162332
2017-08-19 18:40:34,483 INFO     [task] go[RD] 0.081445754406 0.826385994164
2017-08-19 18:40:34,483 INFO     [task] go[LUR] 0.0962614515184 0.782969885774
2017-08-19 18:40:34,483 INFO     [task] go[RDD] 0.178904917657 0.627335672958
2017-08-19 18:40:34,483 INFO     [task] go[UR] 0.0775790127859 0.832470892626
2017-08-19 18:40:34,483 INFO     
2017-08-19 18:40:34,484 INFO     [rollout0] [4, 3, 3, 3, 5, 3, 3, 3, 5, 5]
2017-08-19 18:40:34,484 INFO     [rollout1] [1, 1, 2, 4, 3, 3, 2, 0, 0, 0, 0, 0, 0, 0, 6, 0, 3, 3, 3, 3, 5]
2017-08-19 18:40:34,484 INFO     [rollout2] [2, 4, 3, 0, 0, 0, 0, 0, 0, 5, 3, 3, 3, 3, 5, 3, 3, 4, 0, 0, 0, 0, 5]
2017-08-19 18:40:34,484 INFO     [reward] 0.722567567568
2017-08-19 18:40:34,484 INFO     [error] [ -6.33104457e-06   1.19696437e-04]
2017-08-19 18:40:34,484 INFO     
2017-08-19 18:40:34,484 INFO     [min reward] 0.52883162332
2017-08-19 18:40:34,484 INFO     
2017-08-19 18:40:34,484 INFO     [max steps] 3
2017-08-19 18:46:27,907 INFO     [step] 2830600
2017-08-19 18:46:27,907 INFO     [task] go[LL] 0.0293975594015 0.945104697227
2017-08-19 18:46:27,907 INFO     [task] go[URU] 0.106024379654 0.762082362082
2017-08-19 18:46:27,907 INFO     [task] go[LLD] 0.0688339917723 0.857495677945
2017-08-19 18:46:27,907 INFO     [task] go[LD] 0.0962167447211 0.795059625213
2017-08-19 18:46:27,907 INFO     [task] go[UL] 0.0607613907647 0.877688172043
2017-08-19 18:46:27,907 INFO     [task] go[DRU] 0.211675421426 0.535001955417
2017-08-19 18:46:27,907 INFO     [task] go[RD] 0.0807754082534 0.833892948845
2017-08-19 18:46:27,907 INFO     [task] go[LUR] 0.0998750072413 0.792044310171
2017-08-19 18:46:27,907 INFO     [task] go[RDD] 0.168341554884 0.606162687011
2017-08-19 18:46:27,907 INFO     [task] go[UR] 0.0780985418826 0.836266094421
2017-08-19 18:46:27,907 INFO     
2017-08-19 18:46:27,907 INFO     [rollout0] [3, 3, 3, 3, 3, 3, 5, 1, 1, 1, 1, 1, 1, 2, 4, 3, 3, 5, 5]
2017-08-19 18:46:27,907 INFO     [rollout1] [1, 4, 0, 2, 2, 2, 2, 2, 2, 2, 2, 2, 2, 2, 6, 2, 5, 1, 1, 1, 1, 5]
2017-08-19 18:46:27,908 INFO     [rollout2] [0, 2, 4, 3, 1, 1, 1, 1, 1, 1, 1, 3, 5, 3, 3, 3, 5, 3, 3, 1, 3, 4, 2, 0, 0, 0, 0, 0, 5]
2017-08-19 18:46:27,908 INFO     [reward] 0.724735099338
2017-08-19 18:46:27,908 INFO     [error] [ -5.46659518e-06   1.27462879e-04]
2017-08-19 18:46:27,908 INFO     
2017-08-19 18:46:27,908 INFO     [min reward] 0.535001955417
2017-08-19 18:46:27,908 INFO     
2017-08-19 18:46:27,908 INFO     [max steps] 3
2017-08-19 18:52:07,245 INFO     [step] 2888300
2017-08-19 18:52:07,245 INFO     [task] go[LL] 0.0287248851621 0.9375
2017-08-19 18:52:07,245 INFO     [task] go[URU] 0.109736843416 0.765637371338
2017-08-19 18:52:07,245 INFO     [task] go[LLD] 0.0675036397175 0.843397644701
2017-08-19 18:52:07,245 INFO     [task] go[LD] 0.0951399765257 0.796778863554
2017-08-19 18:52:07,245 INFO     [task] go[UL] 0.058565749773 0.872395833333
2017-08-19 18:52:07,245 INFO     [task] go[DRU] 0.210250414126 0.522177755544
2017-08-19 18:52:07,245 INFO     [task] go[RD] 0.077951016553 0.853566681436
2017-08-19 18:52:07,245 INFO     [task] go[LUR] 0.096474658307 0.781840664194
2017-08-19 18:52:07,245 INFO     [task] go[RDD] 0.178752235433 0.624609069586
2017-08-19 18:52:07,245 INFO     [task] go[UR] 0.0769005809863 0.8440243079
2017-08-19 18:52:07,245 INFO     
2017-08-19 18:52:07,245 INFO     [rollout0] [3, 3, 1, 1, 4, 0, 2, 0, 2, 2, 2, 2, 2, 2, 6, 3, 3, 0, 0, 0, 0, 0, 0, 0, 0, 0, 0, 0, 0, 6, 0, 3, 5]
2017-08-19 18:52:07,245 INFO     [rollout1] [3, 3, 3, 3, 3, 3, 5, 1, 1, 1, 1, 1, 4, 1, 1, 1, 1, 1, 5, 5]
2017-08-19 18:52:07,245 INFO     [rollout2] [3, 4, 4, 4, 4, 4, 4, 1, 4, 0, 3, 3, 3, 3, 6, 3, 1, 1, 1, 1, 5, 1, 1, 2, 4, 3, 1, 1, 1, 1, 5]
2017-08-19 18:52:07,246 INFO     [reward] 0.723951473137
2017-08-19 18:52:07,246 INFO     [error] [ -1.41900425e-05   1.03008990e-04]
2017-08-19 18:52:07,246 INFO     
2017-08-19 18:52:07,246 INFO     [min reward] 0.522177755544
2017-08-19 18:52:07,246 INFO     
2017-08-19 18:52:07,246 INFO     [max steps] 3
2017-08-19 18:57:35,833 INFO     [step] 2944000
2017-08-19 18:57:35,833 INFO     [task] go[LL] 0.0321070391694 0.950027762354
2017-08-19 18:57:35,833 INFO     [task] go[URU] 0.108217386069 0.768057650411
2017-08-19 18:57:35,833 INFO     [task] go[LLD] 0.0737808047904 0.851306413302
2017-08-19 18:57:35,833 INFO     [task] go[LD] 0.0944261983394 0.779612209637
2017-08-19 18:57:35,833 INFO     [task] go[UL] 0.060938791297 0.880466472303
2017-08-19 18:57:35,834 INFO     [task] go[DRU] 0.21603486773 0.552583636966
2017-08-19 18:57:35,834 INFO     [task] go[RD] 0.0692773887799 0.84795626139
2017-08-19 18:57:35,834 INFO     [task] go[LUR] 0.101041665263 0.786378262424
2017-08-19 18:57:35,834 INFO     [task] go[RDD] 0.170672575149 0.636325370935
2017-08-19 18:57:35,834 INFO     [task] go[UR] 0.0735032834126 0.830670926518
2017-08-19 18:57:35,834 INFO     
2017-08-19 18:57:35,834 INFO     [rollout0] [1, 1, 3, 2, 4, 1, 5, 3, 3, 3, 3, 3, 3, 3, 3, 3, 3, 3, 3, 3, 3, 6, 0, 5]
2017-08-19 18:57:35,834 INFO     [rollout1] [1, 2, 4, 0, 2, 2, 2, 2, 2, 4, 2, 2, 2, 2, 6, 2, 2, 5]
2017-08-19 18:57:35,834 INFO     [rollout2] [3, 3, 3, 3, 5, 0, 3, 3, 3, 4, 2, 1, 1, 1, 1, 1, 1, 1, 1, 6, 1, 1, 1, 5]
2017-08-19 18:57:35,834 INFO     [reward] 0.730969479354
2017-08-19 18:57:35,834 INFO     [error] [  5.64805030e-06   1.08915923e-04]
2017-08-19 18:57:35,834 INFO     
2017-08-19 18:57:35,834 INFO     [min reward] 0.552583636966
2017-08-19 18:57:35,835 INFO     
2017-08-19 18:57:35,835 INFO     [max steps] 3
2017-08-19 19:03:14,957 INFO     [step] 3001800
2017-08-19 19:03:14,958 INFO     [task] go[LL] 0.0270557750139 0.932484076433
2017-08-19 19:03:14,958 INFO     [task] go[URU] 0.10914946705 0.775940796725
2017-08-19 19:03:14,958 INFO     [task] go[LLD] 0.0715927593567 0.850349987931
2017-08-19 19:03:14,958 INFO     [task] go[LD] 0.10393676252 0.786299081036
2017-08-19 19:03:14,958 INFO     [task] go[UL] 0.0584375390963 0.86780065652
2017-08-19 19:03:14,958 INFO     [task] go[DRU] 0.206358053188 0.533936651584
2017-08-19 19:03:14,958 INFO     [task] go[RD] 0.0731041412883 0.829239766082
2017-08-19 19:03:14,958 INFO     [task] go[LUR] 0.100884336779 0.78565299468
2017-08-19 19:03:14,958 INFO     [task] go[RDD] 0.168578947347 0.66493019379
2017-08-19 19:03:14,958 INFO     [task] go[UR] 0.0809022183605 0.839907679396
2017-08-19 19:03:14,958 INFO     
2017-08-19 19:03:14,958 INFO     [rollout0] [2, 2, 2, 2, 2, 2, 5, 1, 1, 1, 1, 5]
2017-08-19 19:03:14,958 INFO     [rollout1] [1, 1, 1, 5, 3, 3, 3, 3, 3, 3, 3, 3, 3, 3, 3, 0, 0, 0, 6, 5]
2017-08-19 19:03:14,958 INFO     [rollout2] [4, 2, 2, 2, 2, 2, 2, 5, 1, 1, 1, 1, 5]
2017-08-19 19:03:14,958 INFO     [reward] 0.733719723183
2017-08-19 19:03:14,958 INFO     [error] [ -4.18865228e-06   1.34877376e-04]
2017-08-19 19:03:14,959 INFO     
2017-08-19 19:03:14,959 INFO     [min reward] 0.533936651584
2017-08-19 19:03:14,959 INFO     
