2017-02-16 07:17:25,397 INFO     BEGIN
2017-02-16 07:17:25,398 INFO     struct {
    trainer:
        improvement_threshold: 0.8
        name: 'CurriculumTrainer'
        max_timesteps: 100
        hints: 'resources/craft/hints.yaml'
    name: 'craft_modular_common-nostate-baseline_unordered'
    recipes: 'resources/craft/recipes.yaml'
    world:
        name: 'CraftWorld'
    model:
        use_args: False
        name: 'ModularACModel'
        max_subtask_timesteps: 15
        baseline: 'common'
    experiment_dir: 'experiments/craft_modular_common-nostate-baseline_unordered'
}
2017-02-16 07:18:09,231 INFO     [max steps] 100
2017-02-16 07:31:07,254 INFO     [step] 50000
2017-02-16 07:31:07,254 INFO     [task] make[cloth] 0.1 0.0105345298478
2017-02-16 07:31:07,255 INFO     [task] make[bed] 0.1 0.0
2017-02-16 07:31:07,255 INFO     [task] make[stick] 0.1 0.00928917609047
2017-02-16 07:31:07,255 INFO     [task] make[bridge] 0.1 0.00470925470925
2017-02-16 07:31:07,255 INFO     [task] make[plank] 0.1 0.011054086064
2017-02-16 07:31:07,255 INFO     [task] make[axe] 0.1 0.000194704049844
2017-02-16 07:31:07,255 INFO     [task] get[gold] 0.1 0.0
2017-02-16 07:31:07,255 INFO     [task] make[shears] 0.1 0.00709076175041
2017-02-16 07:31:07,255 INFO     [task] get[gem] 0.1 0.0
2017-02-16 07:31:07,255 INFO     [task] make[rope] 0.1 0.00781719783524
2017-02-16 07:31:07,255 INFO     
2017-02-16 07:31:07,255 INFO     [rollout0] [2, 1, 4, 4, 1, 4, 0, 0, 0, 0, 5, 2, 4, 5, 5, 3, 3, 5]
2017-02-16 07:31:07,255 INFO     [rollout1] [4, 0, 0, 3, 2, 4, 3, 4, 4, 3, 5, 3, 5, 2, 0, 1, 3, 2, 2, 4, 2, 4, 0, 3, 3, 5, 2, 3, 0, 0, 2, 4, 0, 0, 0, 2, 4, 1, 4, 3, 6, 0, 4, 1, 1, 2, 3, 1, 0, 0, 5]
2017-02-16 07:31:07,255 INFO     [rollout2] [4, 4, 2, 1, 1, 5, 5, 0, 2, 1, 4, 5, 2, 0, 1, 2, 0, 0, 0, 0, 5]
2017-02-16 07:31:07,255 INFO     [reward] 0.00508
2017-02-16 07:31:07,255 INFO     [error] [ -3.47791843e-06   4.75893152e-39]
2017-02-16 07:31:07,256 INFO     
2017-02-16 07:31:07,256 INFO     [min reward] 0.0
2017-02-16 07:31:07,256 INFO     
2017-02-16 07:31:07,256 INFO     [max steps] 100
2017-02-16 07:42:16,319 INFO     [step] 124200
2017-02-16 07:42:16,319 INFO     [task] make[cloth] 0.0994561259772 0.00422688846469
2017-02-16 07:42:16,319 INFO     [task] make[bed] 0.100504409844 0.0
2017-02-16 07:42:16,319 INFO     [task] make[stick] 0.0995800502787 0.00177717019822
2017-02-16 07:42:16,319 INFO     [task] make[bridge] 0.100035795126 0.00135244793075
2017-02-16 07:42:16,319 INFO     [task] make[plank] 0.0994044252932 0.00270489586151
2017-02-16 07:42:16,319 INFO     [task] make[axe] 0.100485034977 0.0
2017-02-16 07:42:16,319 INFO     [task] get[gold] 0.100504409844 0.0
2017-02-16 07:42:16,319 INFO     [task] make[shears] 0.0997988129874 0.000936454849498
2017-02-16 07:42:16,319 INFO     [task] get[gem] 0.100504409844 0.0
2017-02-16 07:42:16,320 INFO     [task] make[rope] 0.099726525829 0.00493728315986
2017-02-16 07:42:16,320 INFO     
2017-02-16 07:42:16,320 INFO     [rollout0] [2, 4, 4, 3, 2, 3, 5, 0, 5, 5, 0, 2, 4, 4, 0, 5]
2017-02-16 07:42:16,320 INFO     [rollout1] [0, 2, 1, 5, 0, 4, 1, 1, 1, 5, 1, 1, 2, 0, 4, 1, 2, 3, 1, 1, 4, 1, 2, 4, 6, 5]
2017-02-16 07:42:16,320 INFO     [rollout2] [5, 4, 4, 1, 4, 2, 1, 5, 2, 2, 0, 4, 0, 0, 0, 1, 5, 4, 0, 2, 3, 1, 3, 2, 0, 1, 4, 3, 4, 3, 3, 6, 2, 2, 5]
2017-02-16 07:42:16,320 INFO     [reward] 0.00159029649596
2017-02-16 07:42:16,320 INFO     [error] [  4.39746368e-06   5.00884960e-06]
2017-02-16 07:42:16,320 INFO     
2017-02-16 07:42:16,320 INFO     [min reward] 0.0
2017-02-16 07:42:16,320 INFO     
2017-02-16 07:42:16,320 INFO     [max steps] 100
2017-02-16 07:55:20,865 INFO     [step] 219300
2017-02-16 07:55:20,865 INFO     [task] make[cloth] 0.099738857846 0.00347112653834
2017-02-16 07:55:20,865 INFO     [task] make[bed] 0.100158022987 0.0
2017-02-16 07:55:20,865 INFO     [task] make[stick] 0.099981787488 0.00199537912203
2017-02-16 07:55:20,865 INFO     [task] make[bridge] 0.100023905649 0.000426985482494
2017-02-16 07:55:20,865 INFO     [task] make[plank] 0.0998897883115 0.00465509944985
2017-02-16 07:55:20,865 INFO     [task] make[axe] 0.100158022987 0.0
2017-02-16 07:55:20,865 INFO     [task] get[gold] 0.100158022987 0.0
2017-02-16 07:55:20,866 INFO     [task] make[shears] 0.100065158168 0.00135022850021
2017-02-16 07:55:20,866 INFO     [task] get[gem] 0.100158022987 0.0
2017-02-16 07:55:20,866 INFO     [task] make[rope] 0.0996684105904 0.00421318727617
2017-02-16 07:55:20,866 INFO     
2017-02-16 07:55:20,866 INFO     [rollout0] [3, 5, 3, 0, 5, 3, 5]
2017-02-16 07:55:20,866 INFO     [rollout1] [2, 0, 4, 2, 4, 5, 0, 2, 2, 0, 2, 3, 5, 4, 3, 3, 4, 3, 3, 3, 4, 4, 5]
2017-02-16 07:55:20,866 INFO     [rollout2] [4, 0, 1, 2, 1, 3, 1, 2, 2, 4, 3, 3, 4, 1, 6, 0, 5]
2017-02-16 07:55:20,866 INFO     [reward] 0.00160883280757
2017-02-16 07:55:20,866 INFO     [error] [ -5.63724435e-06   7.18252836e-10]
2017-02-16 07:55:20,866 INFO     
2017-02-16 07:55:20,866 INFO     [min reward] 0.0
2017-02-16 07:55:20,866 INFO     
2017-02-16 07:55:20,866 INFO     [max steps] 100
2017-02-16 08:08:00,907 INFO     [step] 310100
2017-02-16 08:08:00,908 INFO     [task] make[cloth] 0.0998155546846 0.00610221205187
2017-02-16 08:08:00,908 INFO     [task] make[bed] 0.100159779704 0.0
2017-02-16 08:08:00,908 INFO     [task] make[stick] 0.0999619017501 0.00228608752449
2017-02-16 08:08:00,908 INFO     [task] make[bridge] 0.100117436365 0.000881931429831
2017-02-16 08:08:00,908 INFO     [task] make[plank] 0.099698142342 0.00847930380453
2017-02-16 08:08:00,908 INFO     [task] make[axe] 0.100159779704 0.000109337415264
2017-02-16 08:08:00,908 INFO     [task] get[gold] 0.100159779704 0.0
2017-02-16 08:08:00,908 INFO     [task] make[shears] 0.100025880111 0.000782122905028
2017-02-16 08:08:00,908 INFO     [task] get[gem] 0.100159779704 0.0
2017-02-16 08:08:00,908 INFO     [task] make[rope] 0.0997419659321 0.00912264894695
2017-02-16 08:08:00,908 INFO     
2017-02-16 08:08:00,908 INFO     [rollout0] [0, 0, 4, 5, 2, 3, 1, 5, 3, 1, 1, 5]
2017-02-16 08:08:00,908 INFO     [rollout1] [1, 2, 0, 2, 0, 4, 4, 4, 1, 3, 0, 5, 0, 2, 1, 3, 4, 3, 4, 3, 0, 5]
2017-02-16 08:08:00,908 INFO     [rollout2] [3, 2, 2, 0, 0, 5, 3, 0, 4, 1, 0, 0, 2, 2, 0, 4, 3, 5]
2017-02-16 08:08:00,908 INFO     [reward] 0.00275330396476
2017-02-16 08:08:00,909 INFO     [error] [  9.43355777e-06   4.98627932e-06]
2017-02-16 08:08:00,909 INFO     
2017-02-16 08:08:00,909 INFO     [min reward] 0.0
2017-02-16 08:08:00,909 INFO     
2017-02-16 08:08:00,909 INFO     [max steps] 100
2017-02-16 08:20:13,931 INFO     [step] 396200
2017-02-16 08:20:13,932 INFO     [task] make[cloth] 0.0996698004766 0.00803712927326
2017-02-16 08:20:13,932 INFO     [task] make[bed] 0.10027564528 0.0
2017-02-16 08:20:13,932 INFO     [task] make[stick] 0.10004867607 0.00283119027958
2017-02-16 08:20:13,932 INFO     [task] make[bridge] 0.100188084643 0.00127565812362
2017-02-16 08:20:13,932 INFO     [task] make[plank] 0.0994337961109 0.00670985654789
2017-02-16 08:20:13,932 INFO     [task] make[axe] 0.100264789953 0.0
2017-02-16 08:20:13,932 INFO     [task] get[gold] 0.10027564528 0.0
2017-02-16 08:20:13,932 INFO     [task] make[shears] 0.100197993914 0.00243534732692
2017-02-16 08:20:13,932 INFO     [task] get[gem] 0.10027564528 0.0
2017-02-16 08:20:13,932 INFO     [task] make[rope] 0.0993699229928 0.00798309462315
2017-02-16 08:20:13,932 INFO     
2017-02-16 08:20:13,932 INFO     [rollout0] [3, 0, 4, 0, 4, 2, 3, 5, 2, 2, 2, 3, 4, 4, 0, 0, 5, 5, 4, 2, 3, 0, 1, 2, 3, 2, 3, 4, 2, 1, 3, 1, 6]
2017-02-16 08:20:13,932 INFO     [rollout1] [3, 5, 2, 5]
2017-02-16 08:20:13,933 INFO     [rollout2] [4, 1, 5, 1, 2, 3, 0, 2, 3, 5]
2017-02-16 08:20:13,933 INFO     [reward] 0.00293844367015
2017-02-16 08:20:13,933 INFO     [error] [ -3.53606126e-06   6.57922200e-35]
2017-02-16 08:20:13,933 INFO     
2017-02-16 08:20:13,933 INFO     [min reward] 0.0
2017-02-16 08:20:13,933 INFO     
2017-02-16 08:20:13,933 INFO     [max steps] 100
2017-02-16 08:32:54,866 INFO     [step] 488400
2017-02-16 08:32:54,867 INFO     [task] make[cloth] 0.0994925985692 0.00738617572484
2017-02-16 08:32:54,867 INFO     [task] make[bed] 0.100290666941 0.000215586935432
2017-02-16 08:32:54,867 INFO     [task] make[stick] 0.100009536286 0.00218031178459
2017-02-16 08:32:54,867 INFO     [task] make[bridge] 0.100163997036 0.000874316939891
2017-02-16 08:32:54,867 INFO     [task] make[plank] 0.0996243936849 0.00718484650555
2017-02-16 08:32:54,867 INFO     [task] make[axe] 0.100290666941 0.0
2017-02-16 08:32:54,867 INFO     [task] get[gold] 0.100290666941 0.0
2017-02-16 08:32:54,867 INFO     [task] make[shears] 0.100048842577 0.00195164263255
2017-02-16 08:32:54,867 INFO     [task] get[gem] 0.100290666941 0.0
2017-02-16 08:32:54,867 INFO     [task] make[rope] 0.0994979640852 0.00937258793693
2017-02-16 08:32:54,867 INFO     
2017-02-16 08:32:54,867 INFO     [rollout0] [3, 2, 4, 5, 2, 2, 2, 5]
2017-02-16 08:32:54,867 INFO     [rollout1] [1, 4, 3, 2, 2, 3, 5, 4, 0, 0, 5, 2, 1, 1, 3, 3, 5, 2, 4, 3, 2, 0, 2, 2, 2, 3, 2, 4, 1, 4, 1, 6, 2, 0, 3, 1, 0, 4, 2, 0, 4, 3, 5]
2017-02-16 08:32:54,868 INFO     [rollout2] [2, 1, 3, 5, 4, 3, 1, 3, 2, 4, 4, 1, 5, 0, 2, 3, 2, 2, 2, 1, 1, 0, 5, 3, 1, 0, 1, 3, 5]
2017-02-16 08:32:54,868 INFO     [reward] 0.00288503253796
2017-02-16 08:32:54,868 INFO     [error] [ -1.19996387e-05   1.21185135e-08]
2017-02-16 08:32:54,868 INFO     
2017-02-16 08:32:54,868 INFO     [min reward] 0.0
2017-02-16 08:32:54,868 INFO     
2017-02-16 08:32:54,868 INFO     [max steps] 100
2017-02-16 08:45:25,334 INFO     [step] 576700
2017-02-16 08:45:25,334 INFO     [task] make[cloth] 0.099556180884 0.00905797101449
2017-02-16 08:45:25,334 INFO     [task] make[bed] 0.100268196236 0.0
2017-02-16 08:45:25,334 INFO     [task] make[stick] 0.100073105666 0.00372376438727
2017-02-16 08:45:25,334 INFO     [task] make[bridge] 0.100202786562 0.00135577900802
2017-02-16 08:45:25,334 INFO     [task] make[plank] 0.0995761721984 0.0123101702715
2017-02-16 08:45:25,334 INFO     [task] make[axe] 0.100289603293 0.000111957008509
2017-02-16 08:45:25,334 INFO     [task] get[gold] 0.100289603293 0.0
2017-02-16 08:45:25,334 INFO     [task] make[shears] 0.100095811743 0.00293785310734
2017-02-16 08:45:25,335 INFO     [task] get[gem] 0.100289603293 0.0
2017-02-16 08:45:25,335 INFO     [task] make[rope] 0.0993589368318 0.0135227272727
2017-02-16 08:45:25,335 INFO     
2017-02-16 08:45:25,335 INFO     [rollout0] [3, 1, 3, 2, 4, 3, 3, 0, 2, 1, 4, 5, 1, 5]
2017-02-16 08:45:25,335 INFO     [rollout1] [0, 0, 5, 2, 4, 0, 2, 2, 0, 0, 4, 4, 4, 2, 4, 4, 5]
2017-02-16 08:45:25,335 INFO     [rollout2] [2, 3, 3, 5, 3, 2, 2, 4, 0, 0, 4, 4, 1, 0, 3, 2, 4, 0, 6]
2017-02-16 08:45:25,335 INFO     [reward] 0.00428086070215
2017-02-16 08:45:25,335 INFO     [error] [  1.95207030e-07   4.05981231e-06]
2017-02-16 08:45:25,335 INFO     
2017-02-16 08:45:25,335 INFO     [min reward] 0.0
2017-02-16 08:45:25,335 INFO     
2017-02-16 08:45:25,335 INFO     [max steps] 100
2017-02-16 08:57:15,827 INFO     [step] 658900
2017-02-16 08:57:15,827 INFO     [task] make[cloth] 0.0995270996947 0.0101297096973
2017-02-16 08:57:15,827 INFO     [task] make[bed] 0.100427764826 0.0
2017-02-16 08:57:15,827 INFO     [task] make[stick] 0.100057498159 0.00324675324675
2017-02-16 08:57:15,828 INFO     [task] make[bridge] 0.100292955068 0.000486440471847
2017-02-16 08:57:15,828 INFO     [task] make[plank] 0.0992037223658 0.015601965602
2017-02-16 08:57:15,828 INFO     [task] make[axe] 0.100416632557 0.0
2017-02-16 08:57:15,828 INFO     [task] get[gold] 0.100427764826 0.0
2017-02-16 08:57:15,828 INFO     [task] make[shears] 0.100135644013 0.00268325405537
2017-02-16 08:57:15,828 INFO     [task] get[gem] 0.100427764826 0.0
2017-02-16 08:57:15,828 INFO     [task] make[rope] 0.0990831536635 0.0220927409565
2017-02-16 08:57:15,828 INFO     
2017-02-16 08:57:15,828 INFO     [rollout0] [0, 3, 4, 3, 5, 2, 5, 3, 1, 5]
2017-02-16 08:57:15,828 INFO     [rollout1] [4, 2, 1, 2, 0, 4, 2, 4, 4, 0, 4, 1, 2, 4, 6, 4, 3, 1, 5]
2017-02-16 08:57:15,828 INFO     [rollout2] [1, 5, 3, 3, 3, 2, 2, 4, 5, 3, 2, 4, 5, 3, 3, 4, 0, 5]
2017-02-16 08:57:15,828 INFO     [reward] 0.00540145985401
2017-02-16 08:57:15,828 INFO     [error] [ -3.47984535e-06   5.07587867e-06]
2017-02-16 08:57:15,828 INFO     
2017-02-16 08:57:15,829 INFO     [min reward] 0.0
2017-02-16 08:57:15,829 INFO     
2017-02-16 08:57:15,829 INFO     [max steps] 100
2017-02-16 09:07:33,564 INFO     [step] 726300
2017-02-16 09:07:33,564 INFO     [task] make[cloth] 0.0995315811149 0.0234103609727
2017-02-16 09:07:33,565 INFO     [task] make[bed] 0.100539937931 0.000152741713762
2017-02-16 09:07:33,565 INFO     [task] make[stick] 0.100216741525 0.00382240517495
2017-02-16 09:07:33,565 INFO     [task] make[bridge] 0.100491515461 0.00234741784038
2017-02-16 09:07:33,565 INFO     [task] make[plank] 0.0989868481753 0.022067535545
2017-02-16 09:07:33,565 INFO     [task] make[axe] 0.100539937931 0.000147645061273
2017-02-16 09:07:33,565 INFO     [task] get[gold] 0.100539937931 0.0
2017-02-16 09:07:33,565 INFO     [task] make[shears] 0.100272834766 0.00245806824754
2017-02-16 09:07:33,565 INFO     [task] get[gem] 0.100539937931 0.0
2017-02-16 09:07:33,565 INFO     [task] make[rope] 0.0983407272335 0.041089704997
2017-02-16 09:07:33,565 INFO     
2017-02-16 09:07:33,565 INFO     [rollout0] [4, 0, 1, 0, 4, 5, 2, 2, 1, 2, 2, 3, 3, 1, 3, 2, 2, 1, 0, 3, 6, 1, 2, 2, 5, 3, 4, 5]
2017-02-16 09:07:33,565 INFO     [rollout1] [5, 3, 5]
2017-02-16 09:07:33,565 INFO     [rollout2] [0, 2, 1, 0, 5, 2, 2, 1, 5, 3, 0, 1, 1, 5, 2, 4, 5, 1, 1, 0, 0, 0, 1, 4, 4, 0, 2, 2, 3, 1, 3, 6]
2017-02-16 09:07:33,565 INFO     [reward] 0.00946587537092
2017-02-16 09:07:33,565 INFO     [error] [ -1.53759941e-05   4.59421548e-06]
2017-02-16 09:07:33,566 INFO     
2017-02-16 09:07:33,566 INFO     [min reward] 0.0
2017-02-16 09:07:33,566 INFO     
2017-02-16 09:07:33,566 INFO     [max steps] 100
2017-02-16 09:17:06,825 INFO     [step] 786700
2017-02-16 09:17:06,826 INFO     [task] make[cloth] 0.0986145467231 0.0409850180816
2017-02-16 09:17:06,827 INFO     [task] make[bed] 0.100939261569 0.000160668380463
2017-02-16 09:17:06,827 INFO     [task] make[stick] 0.100572460435 0.00567628932858
2017-02-16 09:17:06,827 INFO     [task] make[bridge] 0.100719892763 0.00498753117207
2017-02-16 09:17:06,827 INFO     [task] make[plank] 0.0987487688106 0.0435884439939
2017-02-16 09:17:06,827 INFO     [task] make[axe] 0.100939771005 0.0
2017-02-16 09:17:06,827 INFO     [task] get[gold] 0.100954528864 0.0
2017-02-16 09:17:06,827 INFO     [task] make[shears] 0.100708832704 0.00462580538576
2017-02-16 09:17:06,827 INFO     [task] get[gem] 0.100954528864 0.0
2017-02-16 09:17:06,827 INFO     [task] make[rope] 0.0968474082611 0.0656455142232
2017-02-16 09:17:06,827 INFO     
2017-02-16 09:17:06,827 INFO     [rollout0] [5, 3, 2, 5]
2017-02-16 09:17:06,827 INFO     [rollout1] [5, 2, 4, 3, 2, 4, 3, 4, 3, 3, 4, 2, 4, 3, 0, 6]
2017-02-16 09:17:06,827 INFO     [rollout2] [5, 5, 1, 2, 4, 1, 5, 2, 3, 3, 4, 2, 5, 0, 5]
2017-02-16 09:17:06,827 INFO     [reward] 0.0162251655629
2017-02-16 09:17:06,827 INFO     [error] [ -6.22781679e-06   1.85370823e-05]
2017-02-16 09:17:06,828 INFO     
2017-02-16 09:17:06,828 INFO     [min reward] 0.0
2017-02-16 09:17:06,828 INFO     
2017-02-16 09:17:06,828 INFO     [max steps] 100
2017-02-16 09:26:19,360 INFO     [step] 844800
2017-02-16 09:26:19,360 INFO     [task] make[cloth] 0.0975420497173 0.0872459075373
2017-02-16 09:26:19,360 INFO     [task] make[bed] 0.101651470957 0.000665335994677
2017-02-16 09:26:19,360 INFO     [task] make[stick] 0.101096262851 0.00676018252493
2017-02-16 09:26:19,360 INFO     [task] make[bridge] 0.101165593959 0.00571626537329
2017-02-16 09:26:19,361 INFO     [task] make[plank] 0.0972799861739 0.084907325684
2017-02-16 09:26:19,361 INFO     [task] make[axe] 0.101667644002 0.00100468854655
2017-02-16 09:26:19,361 INFO     [task] get[gold] 0.101667644002 0.0
2017-02-16 09:26:19,361 INFO     [task] make[shears] 0.101202005651 0.00306591722024
2017-02-16 09:26:19,361 INFO     [task] get[gem] 0.101667644002 0.0
2017-02-16 09:26:19,361 INFO     [task] make[rope] 0.095059698685 0.196754194019
2017-02-16 09:26:19,361 INFO     
2017-02-16 09:26:19,361 INFO     [rollout0] [5, 1, 2, 5]
2017-02-16 09:26:19,361 INFO     [rollout1] [5, 2, 5, 3, 5, 5, 1, 3, 3, 4, 1, 1, 3, 1, 1, 1, 2, 1, 5]
2017-02-16 09:26:19,361 INFO     [rollout2] [2, 1, 2, 1, 0, 4, 2, 0, 3, 2, 0, 2, 4, 2, 6, 1, 5, 0, 4, 5, 3, 1, 5]
2017-02-16 09:26:19,361 INFO     [reward] 0.0369363166954
2017-02-16 09:26:19,361 INFO     [error] [ -3.95404639e-05   1.50695392e-05]
2017-02-16 09:26:19,361 INFO     
2017-02-16 09:26:19,362 INFO     [min reward] 0.0
2017-02-16 09:26:19,362 INFO     
2017-02-16 09:26:19,362 INFO     [max steps] 100
2017-02-16 09:35:21,443 INFO     [step] 896300
2017-02-16 09:35:21,443 INFO     [task] make[cloth] 0.0949933574503 0.174667204518
2017-02-16 09:35:21,443 INFO     [task] make[bed] 0.103906435428 0.00192455735181
2017-02-16 09:35:21,443 INFO     [task] make[stick] 0.103278998563 0.0113186191285
2017-02-16 09:35:21,443 INFO     [task] make[bridge] 0.103386465109 0.0189393939394
2017-02-16 09:35:21,443 INFO     [task] make[plank] 0.0952341038677 0.162865792129
2017-02-16 09:35:21,444 INFO     [task] make[axe] 0.103871500619 0.00111835973905
2017-02-16 09:35:21,444 INFO     [task] get[gold] 0.103974928758 0.0
2017-02-16 09:35:21,444 INFO     [task] make[shears] 0.103659306456 0.00965909090909
2017-02-16 09:35:21,444 INFO     [task] get[gem] 0.103974928758 0.0
2017-02-16 09:35:21,444 INFO     [task] make[rope] 0.0837199749896 0.337969401947
2017-02-16 09:35:21,444 INFO     
2017-02-16 09:35:21,444 INFO     [rollout0] [3, 4, 1, 1, 0, 1, 5, 5, 2, 0, 3, 0, 3, 1, 4, 3, 3, 3, 4, 0, 4, 4, 6]
2017-02-16 09:35:21,444 INFO     [rollout1] [0, 4, 1, 4, 2, 1, 4, 3, 2, 0, 1, 3, 4, 0, 6, 3, 1, 2, 2, 4, 4, 4, 4, 4, 4, 2, 5]
2017-02-16 09:35:21,444 INFO     [rollout2] [1, 5, 3, 4, 4, 2, 1, 1, 5, 3, 1, 5, 2, 1, 0, 1, 0, 1, 0, 2, 2, 1, 1, 1, 2, 2, 6]
2017-02-16 09:35:21,444 INFO     [reward] 0.0652038834951
2017-02-16 09:35:21,444 INFO     [error] [ -9.31651495e-06   5.05971096e-05]
2017-02-16 09:35:21,444 INFO     
2017-02-16 09:35:21,444 INFO     [min reward] 0.0
2017-02-16 09:35:21,444 INFO     
2017-02-16 09:35:21,445 INFO     [max steps] 100
2017-02-16 09:44:31,177 INFO     [step] 946400
2017-02-16 09:44:31,177 INFO     [task] make[cloth] 0.0890400734772 0.347421040673
2017-02-16 09:44:31,177 INFO     [task] make[bed] 0.107453115656 0.00652619802349
2017-02-16 09:44:31,177 INFO     [task] make[stick] 0.106451780672 0.0187534473249
2017-02-16 09:44:31,177 INFO     [task] make[bridge] 0.105639464488 0.0311958405546
2017-02-16 09:44:31,177 INFO     [task] make[plank] 0.0902980135843 0.226947179946
2017-02-16 09:44:31,177 INFO     [task] make[axe] 0.107539050142 0.00148920327625
2017-02-16 09:44:31,177 INFO     [task] get[gold] 0.107658258718 0.0
2017-02-16 09:44:31,177 INFO     [task] make[shears] 0.106628673661 0.0124535315985
2017-02-16 09:44:31,177 INFO     [task] get[gem] 0.107658258718 0.0
2017-02-16 09:44:31,177 INFO     [task] make[rope] 0.071633310883 0.475477971737
2017-02-16 09:44:31,178 INFO     
2017-02-16 09:44:31,178 INFO     [rollout0] [0, 1, 4, 4, 2, 1, 1, 0, 3, 1, 4, 0, 5, 3, 1, 4, 3, 2, 1, 1, 4, 1, 1, 4, 3, 0, 2, 6]
2017-02-16 09:44:31,178 INFO     [rollout1] [2, 5, 2, 4, 4, 1, 5, 4, 5, 4, 3, 2, 0, 3, 4, 1, 3, 3, 3, 0, 3, 2, 3, 6]
2017-02-16 09:44:31,178 INFO     [rollout2] [1, 5, 3, 4, 3, 4, 5, 3, 0, 1, 0, 3, 0, 3, 0, 1, 3, 4, 5, 4, 1, 4, 4, 4, 0, 0, 0, 4, 1, 1, 4, 3, 1, 6]
2017-02-16 09:44:31,178 INFO     [reward] 0.0924750499002
2017-02-16 09:44:31,178 INFO     [error] [ -3.33596897e-05   3.28760480e-05]
2017-02-16 09:44:31,178 INFO     
2017-02-16 09:44:31,178 INFO     [min reward] 0.0
2017-02-16 09:44:31,178 INFO     
2017-02-16 09:44:31,178 INFO     [max steps] 100
2017-02-16 09:53:49,955 INFO     [step] 996400
2017-02-16 09:53:49,955 INFO     [task] make[cloth] 0.0737860210825 0.459133296764
2017-02-16 09:53:49,956 INFO     [task] make[bed] 0.11174870265 0.0174022246143
2017-02-16 09:53:49,956 INFO     [task] make[stick] 0.110387053504 0.0412538281391
2017-02-16 09:53:49,956 INFO     [task] make[bridge] 0.10900144553 0.0560882938303
2017-02-16 09:53:49,956 INFO     [task] make[plank] 0.0872022135261 0.332723530757
2017-02-16 09:53:49,956 INFO     [task] make[axe] 0.112309631722 0.00451263537906
2017-02-16 09:53:49,956 INFO     [task] get[gold] 0.112475472159 0.0
2017-02-16 09:53:49,956 INFO     [task] make[shears] 0.111088623797 0.0252115973348
2017-02-16 09:53:49,956 INFO     [task] get[gem] 0.112475472159 0.0
2017-02-16 09:53:49,956 INFO     [task] make[rope] 0.0595253638698 0.561066126856
2017-02-16 09:53:49,956 INFO     
2017-02-16 09:53:49,956 INFO     [rollout0] [3, 1, 0, 4, 4, 0, 1, 4, 1, 2, 2, 0, 0, 2, 6, 5, 3, 4, 3, 0, 3, 1, 3, 4, 1, 2, 5, 1, 4, 4, 1, 4, 4, 1, 4, 4, 1, 4, 3, 4, 4, 6]
2017-02-16 09:53:49,956 INFO     [rollout1] [4, 5, 2, 0, 0, 2, 4, 4, 4, 4, 4, 4, 4, 4, 4, 4, 6]
2017-02-16 09:53:49,956 INFO     [rollout2] [2, 4, 5, 4, 4, 4, 4, 1, 1, 4, 5, 4, 0, 3, 4, 0, 5, 4, 1, 1, 1, 3, 3, 1, 2, 4, 4, 0, 1, 4, 4, 6]
2017-02-16 09:53:49,956 INFO     [reward] 0.11186
2017-02-16 09:53:49,956 INFO     [error] [ -4.90246856e-05   5.36225682e-05]
2017-02-16 09:53:49,957 INFO     
2017-02-16 09:53:49,957 INFO     [min reward] 0.0
2017-02-16 09:53:49,957 INFO     
2017-02-16 09:53:49,957 INFO     [max steps] 100
2017-02-16 10:03:42,217 INFO     [step] 1046400
2017-02-16 10:03:42,217 INFO     [task] make[cloth] 0.0640348454068 0.551952141058
2017-02-16 10:03:42,217 INFO     [task] make[bed] 0.115383349047 0.0745084511901
2017-02-16 10:03:42,217 INFO     [task] make[stick] 0.112610747735 0.108122270742
2017-02-16 10:03:42,217 INFO     [task] make[bridge] 0.110886332896 0.113426779786
2017-02-16 10:03:42,217 INFO     [task] make[plank] 0.0787291984628 0.467602040816
2017-02-16 10:03:42,217 INFO     [task] make[axe] 0.116881684033 0.0135135135135
2017-02-16 10:03:42,218 INFO     [task] get[gold] 0.117406249971 0.0
2017-02-16 10:03:42,218 INFO     [task] make[shears] 0.114475557794 0.0607006590357
2017-02-16 10:03:42,218 INFO     [task] get[gem] 0.117406249971 0.0
2017-02-16 10:03:42,218 INFO     [task] make[rope] 0.052185784684 0.637741568776
2017-02-16 10:03:42,218 INFO     
2017-02-16 10:03:42,218 INFO     [rollout0] [3, 3, 1, 3, 0, 3, 1, 3, 3, 0, 1, 0, 2, 4, 6, 2, 2, 4, 1, 2, 4, 4, 4, 4, 4, 4, 4, 2, 4, 6]
2017-02-16 10:03:42,218 INFO     [rollout1] [1, 0, 0, 3, 4, 4, 4, 1, 5, 0, 2, 0, 1, 2, 4, 0, 5, 2, 1, 2, 1, 1, 1, 4, 4, 4, 1, 4, 4, 1, 1, 6, 2, 2, 3, 5]
2017-02-16 10:03:42,218 INFO     [rollout2] [3, 5, 3, 2, 4, 5]
2017-02-16 10:03:42,218 INFO     [reward] 0.14728
2017-02-16 10:03:42,218 INFO     [error] [ -2.65697257e-05   7.90405682e-05]
2017-02-16 10:03:42,218 INFO     
2017-02-16 10:03:42,218 INFO     [min reward] 0.0
2017-02-16 10:03:42,218 INFO     
2017-02-16 10:03:42,218 INFO     [max steps] 100
2017-02-16 10:13:12,259 INFO     [step] 1096400
2017-02-16 10:13:12,260 INFO     [task] make[cloth] 0.0567422341013 0.604760187523
2017-02-16 10:13:12,260 INFO     [task] make[bed] 0.115887192629 0.232222603916
2017-02-16 10:13:12,260 INFO     [task] make[stick] 0.111723166576 0.289341917024
2017-02-16 10:13:12,260 INFO     [task] make[bridge] 0.111066052503 0.139870223504
2017-02-16 10:13:12,260 INFO     [task] make[plank] 0.0671913892298 0.587282896674
2017-02-16 10:13:12,260 INFO     [task] make[axe] 0.123443147678 0.0300887865834
2017-02-16 10:13:12,260 INFO     [task] get[gold] 0.125117180058 0.000159897665494
2017-02-16 10:13:12,260 INFO     [task] make[shears] 0.117597679774 0.112785774767
2017-02-16 10:13:12,260 INFO     [task] get[gem] 0.125117180058 0.0
2017-02-16 10:13:12,260 INFO     [task] make[rope] 0.0461147773935 0.665536244171
2017-02-16 10:13:12,260 INFO     
2017-02-16 10:13:12,260 INFO     [rollout0] [3, 3, 1, 3, 4, 4, 4, 0, 1, 4, 5, 2, 2, 1, 4, 4, 4, 4, 4, 4, 4, 4, 4, 4, 4, 6, 2, 4, 5, 5]
2017-02-16 10:13:12,260 INFO     [rollout1] [0, 2, 0, 4, 5, 3, 3, 3, 4, 3, 4, 5]
2017-02-16 10:13:12,260 INFO     [rollout2] [4, 1, 2, 4, 4, 0, 4, 3, 0, 3, 3, 2, 3, 0, 6, 3, 2, 3, 4, 4, 4, 4, 4, 3, 3, 4, 4, 1, 2, 6, 5, 3, 3, 0, 0, 2, 3, 4, 0, 2, 2, 0, 3, 4, 4, 6, 1, 1, 4, 1, 0, 3, 2, 4, 1, 4, 2, 4, 0, 1, 6]
2017-02-16 10:13:12,260 INFO     [reward] 0.19676
2017-02-16 10:13:12,260 INFO     [error] [ -8.68234291e-05   5.21162950e-05]
2017-02-16 10:13:12,261 INFO     
2017-02-16 10:13:12,261 INFO     [min reward] 0.0
2017-02-16 10:13:12,261 INFO     
2017-02-16 10:13:12,261 INFO     [max steps] 100
2017-02-16 10:22:29,511 INFO     [step] 1146400
2017-02-16 10:22:29,511 INFO     [task] make[cloth] 0.0544827180187 0.658554044381
2017-02-16 10:22:29,511 INFO     [task] make[bed] 0.104568764587 0.399577167019
2017-02-16 10:22:29,511 INFO     [task] make[stick] 0.0968893230965 0.416169512446
2017-02-16 10:22:29,511 INFO     [task] make[bridge] 0.116985137671 0.160753692073
2017-02-16 10:22:29,511 INFO     [task] make[plank] 0.0568324632307 0.667826086957
2017-02-16 10:22:29,511 INFO     [task] make[axe] 0.131744771072 0.0535686638799
2017-02-16 10:22:29,511 INFO     [task] get[gold] 0.135768579112 0.0
2017-02-16 10:22:29,511 INFO     [task] make[shears] 0.120626523186 0.170121750576
2017-02-16 10:22:29,512 INFO     [task] get[gem] 0.135790076652 0.0
2017-02-16 10:22:29,512 INFO     [task] make[rope] 0.0463116433742 0.729955947137
2017-02-16 10:22:29,512 INFO     
2017-02-16 10:22:29,512 INFO     [rollout0] [2, 4, 1, 5, 3, 4, 5, 3, 5, 1, 3, 1, 3, 1, 3, 1, 3, 1, 2, 1, 2, 1, 3, 6, 4, 5]
2017-02-16 10:22:29,512 INFO     [rollout1] [2, 1, 2, 1, 4, 5, 2, 4, 2, 4, 5]
2017-02-16 10:22:29,512 INFO     [rollout2] [3, 3, 5, 0, 1, 4, 4, 4, 4, 3, 4, 0, 1, 3, 1, 4, 5, 2, 0, 2, 2, 0, 2, 0, 2, 4, 5]
2017-02-16 10:22:29,512 INFO     [reward] 0.23692
2017-02-16 10:22:29,512 INFO     [error] [ -3.25008223e-05   1.07410187e-04]
2017-02-16 10:22:29,512 INFO     
2017-02-16 10:22:29,512 INFO     [min reward] 0.0
2017-02-16 10:22:29,512 INFO     
2017-02-16 10:22:29,512 INFO     [max steps] 100
2017-02-16 10:32:12,863 INFO     [step] 1196400
2017-02-16 10:32:12,864 INFO     [task] make[cloth] 0.0513549112649 0.686221536086
2017-02-16 10:32:12,864 INFO     [task] make[bed] 0.0891978124107 0.480531172631
2017-02-16 10:32:12,864 INFO     [task] make[stick] 0.0867732620255 0.474639367148
2017-02-16 10:32:12,864 INFO     [task] make[bridge] 0.124095805026 0.195019404916
2017-02-16 10:32:12,864 INFO     [task] make[plank] 0.0500000374469 0.705395825128
2017-02-16 10:32:12,864 INFO     [task] make[axe] 0.139758177928 0.0767406167155
2017-02-16 10:32:12,864 INFO     [task] get[gold] 0.147585879275 0.0
2017-02-16 10:32:12,864 INFO     [task] make[shears] 0.122726900916 0.194300518135
2017-02-16 10:32:12,864 INFO     [task] get[gem] 0.147585879275 0.0
2017-02-16 10:32:12,864 INFO     [task] make[rope] 0.0409213344332 0.746759720837
2017-02-16 10:32:12,864 INFO     
2017-02-16 10:32:12,864 INFO     [rollout0] [3, 2, 1, 3, 4, 4, 4, 2, 2, 1, 1, 2, 0, 0, 6, 1, 3, 1, 4, 2, 4, 3, 0, 2, 0, 1, 3, 1, 2, 6, 1, 5, 3, 4, 3, 2, 4, 3, 1, 4, 4, 1, 3, 1, 4, 4, 6]
2017-02-16 10:32:12,864 INFO     [rollout1] [4, 0, 5, 3, 4, 4, 4, 4, 0, 4, 5, 0, 4, 4, 0, 3, 0, 4, 4, 0, 4, 4, 4, 4, 4, 6, 1, 3, 1, 4, 5]
2017-02-16 10:32:12,864 INFO     [rollout2] [0, 4, 3, 5, 0, 3, 2, 0, 3, 2, 3, 1, 2, 0, 2, 0, 2, 0, 6]
2017-02-16 10:32:12,864 INFO     [reward] 0.24396
2017-02-16 10:32:12,864 INFO     [error] [ -7.82423763e-05   7.00856398e-05]
2017-02-16 10:32:12,865 INFO     
2017-02-16 10:32:12,865 INFO     [min reward] 0.0
2017-02-16 10:32:12,865 INFO     
2017-02-16 10:32:12,865 INFO     [max steps] 100
2017-02-16 10:41:41,930 INFO     [step] 1246400
2017-02-16 10:41:41,930 INFO     [task] make[cloth] 0.0495044443687 0.72181372549
2017-02-16 10:41:41,930 INFO     [task] make[bed] 0.0809536860254 0.535190615836
2017-02-16 10:41:41,930 INFO     [task] make[stick] 0.0818545197413 0.516921534219
2017-02-16 10:41:41,930 INFO     [task] make[bridge] 0.124607304152 0.215939945696
2017-02-16 10:41:41,930 INFO     [task] make[plank] 0.04657277154 0.740464708461
2017-02-16 10:41:41,931 INFO     [task] make[axe] 0.142691662265 0.0762817840767
2017-02-16 10:41:41,931 INFO     [task] get[gold] 0.154424998525 0.000260314981127
2017-02-16 10:41:41,931 INFO     [task] make[shears] 0.124717219093 0.203209405783
2017-02-16 10:41:41,931 INFO     [task] get[gem] 0.154424998525 0.0
2017-02-16 10:41:41,931 INFO     [task] make[rope] 0.0402483957638 0.758865248227
2017-02-16 10:41:41,931 INFO     
2017-02-16 10:41:41,931 INFO     [rollout0] [2, 4, 5, 0, 0, 0, 0, 4, 0, 3, 4, 5, 1, 2, 4, 5, 3, 0, 3, 4, 3, 3, 3, 3, 4, 4, 3, 3, 4, 3, 6]
2017-02-16 10:41:41,931 INFO     [rollout1] [0, 2, 4, 5, 0, 4, 4, 4, 4, 4, 4, 3, 4, 5, 0, 0, 3, 0, 0, 4, 3, 0, 0, 3, 4, 4, 2, 2, 6]
2017-02-16 10:41:41,931 INFO     [rollout2] [3, 1, 2, 0, 1, 4, 2, 0, 1, 3, 0, 2, 1, 3, 6, 0, 3, 3, 4, 4, 4, 4, 3, 4, 4, 4, 4, 4, 4, 6, 5, 1, 1, 4, 5]
2017-02-16 10:41:41,931 INFO     [reward] 0.24776
2017-02-16 10:41:41,931 INFO     [error] [ -8.60583150e-05   4.85432658e-05]
2017-02-16 10:41:41,931 INFO     
2017-02-16 10:41:41,931 INFO     [min reward] 0.0
2017-02-16 10:41:41,931 INFO     
2017-02-16 10:41:41,932 INFO     [max steps] 100
2017-02-16 10:51:12,572 INFO     [step] 1296400
2017-02-16 10:51:12,573 INFO     [task] make[cloth] 0.0455194874188 0.750777432252
2017-02-16 10:51:12,573 INFO     [task] make[bed] 0.0749969089457 0.558785022257
2017-02-16 10:51:12,573 INFO     [task] make[stick] 0.0778825398877 0.535877862595
2017-02-16 10:51:12,573 INFO     [task] make[bridge] 0.125423067817 0.228003784295
2017-02-16 10:51:12,573 INFO     [task] make[plank] 0.0425735345411 0.74156219865
2017-02-16 10:51:12,573 INFO     [task] make[axe] 0.147482299963 0.0789582472096
2017-02-16 10:51:12,573 INFO     [task] get[gold] 0.159490013765 0.000253421186011
2017-02-16 10:51:12,573 INFO     [task] make[shears] 0.127433877153 0.216721158337
2017-02-16 10:51:12,573 INFO     [task] get[gem] 0.159531130937 0.0
2017-02-16 10:51:12,573 INFO     [task] make[rope] 0.0396671395722 0.765024630542
2017-02-16 10:51:12,573 INFO     
2017-02-16 10:51:12,573 INFO     [rollout0] [0, 2, 4, 5, 1, 1, 4, 5, 5, 0, 0, 0, 3, 3, 0, 4, 0, 4, 4, 0, 4, 4, 4, 6]
2017-02-16 10:51:12,573 INFO     [rollout1] [2, 0, 4, 5, 4, 2, 4, 5, 0, 2, 0, 3, 1, 2, 4, 0, 3, 1, 2, 3, 1, 2, 6, 1, 1, 2, 2, 2, 1, 4, 1, 2, 4, 5]
2017-02-16 10:51:12,573 INFO     [rollout2] [5, 2, 0, 4, 2, 4, 5, 0, 2, 4, 2, 2, 0, 2, 2, 2, 2, 4, 0, 4, 0, 6]
2017-02-16 10:51:12,573 INFO     [reward] 0.24868
2017-02-16 10:51:12,573 INFO     [error] [ -7.12711028e-05   7.20969020e-05]
2017-02-16 10:51:12,574 INFO     
2017-02-16 10:51:12,574 INFO     [min reward] 0.0
2017-02-16 10:51:12,574 INFO     
2017-02-16 10:51:12,574 INFO     [max steps] 100
2017-02-16 11:00:49,734 INFO     [step] 1346400
2017-02-16 11:00:49,734 INFO     [task] make[cloth] 0.0416486276173 0.768401312705
2017-02-16 11:00:49,734 INFO     [task] make[bed] 0.0724955575691 0.600975874221
2017-02-16 11:00:49,734 INFO     [task] make[stick] 0.0761759923816 0.554892291721
2017-02-16 11:00:49,734 INFO     [task] make[bridge] 0.125641333889 0.243111831442
2017-02-16 11:00:49,734 INFO     [task] make[plank] 0.0431292156542 0.75674439872
2017-02-16 11:00:49,734 INFO     [task] make[axe] 0.149588099505 0.0928040361126
2017-02-16 11:00:49,734 INFO     [task] get[gold] 0.162233402802 0.0
2017-02-16 11:00:49,734 INFO     [task] make[shears] 0.127454084574 0.231920199501
2017-02-16 11:00:49,735 INFO     [task] get[gem] 0.162274119337 0.0
2017-02-16 11:00:49,735 INFO     [task] make[rope] 0.0393595666713 0.773445212241
2017-02-16 11:00:49,735 INFO     
2017-02-16 11:00:49,735 INFO     [rollout0] [2, 5, 0, 4, 5, 3, 4, 3, 4, 3, 4, 3, 4, 5, 3, 0, 0, 3, 4, 0, 3, 2, 3, 4, 4, 2, 4, 2, 6]
2017-02-16 11:00:49,735 INFO     [rollout1] [4, 5, 4, 4, 4, 4, 4, 4, 4, 4, 4, 4, 4, 4, 4, 4, 6, 1, 2, 1, 3, 0, 3, 1, 1, 2, 1, 3, 1, 3, 4, 6, 0, 0, 3, 0, 4, 5]
2017-02-16 11:00:49,735 INFO     [rollout2] [4, 5, 4, 4, 4, 4, 4, 4, 4, 4, 2, 4, 5]
2017-02-16 11:00:49,735 INFO     [reward] 0.25806
2017-02-16 11:00:49,735 INFO     [error] [ -6.80131747e-05   8.86227596e-05]
2017-02-16 11:00:49,735 INFO     
2017-02-16 11:00:49,735 INFO     [min reward] 0.0
2017-02-16 11:00:49,735 INFO     
2017-02-16 11:00:49,735 INFO     [max steps] 100
2017-02-16 11:10:49,162 INFO     [step] 1396400
2017-02-16 11:10:49,162 INFO     [task] make[cloth] 0.0397516321576 0.775991963837
2017-02-16 11:10:49,162 INFO     [task] make[bed] 0.0672991098322 0.589519650655
2017-02-16 11:10:49,163 INFO     [task] make[stick] 0.0748815087291 0.547816769354
2017-02-16 11:10:49,163 INFO     [task] make[bridge] 0.12618055472 0.259852410111
2017-02-16 11:10:49,163 INFO     [task] make[plank] 0.041669611771 0.777884155098
2017-02-16 11:10:49,163 INFO     [task] make[axe] 0.150911567365 0.0965608465608
2017-02-16 11:10:49,163 INFO     [task] get[gold] 0.166181153253 0.0
2017-02-16 11:10:49,163 INFO     [task] make[shears] 0.128021978782 0.235062893082
2017-02-16 11:10:49,163 INFO     [task] get[gem] 0.166181153253 0.0
2017-02-16 11:10:49,163 INFO     [task] make[rope] 0.0389217301361 0.78279673234
2017-02-16 11:10:49,163 INFO     
2017-02-16 11:10:49,163 INFO     [rollout0] [1, 1, 4, 1, 1, 3, 1, 5, 5, 4, 2, 4, 5, 4, 0, 4, 0, 4, 0, 1, 1, 0, 2, 3, 2, 2, 1, 6]
2017-02-16 11:10:49,163 INFO     [rollout1] [1, 1, 5, 3, 1, 2, 0, 0, 3, 1, 3, 1, 3, 1, 1, 2, 1, 6, 3, 0, 3, 5, 5]
2017-02-16 11:10:49,163 INFO     [rollout2] [3, 0, 3, 1, 3, 4, 5, 0, 0, 2, 4, 2, 4, 5]
2017-02-16 11:10:49,163 INFO     [reward] 0.25498
2017-02-16 11:10:49,163 INFO     [error] [ -5.42888350e-05   7.18335392e-05]
2017-02-16 11:10:49,163 INFO     
2017-02-16 11:10:49,164 INFO     [min reward] 0.0
2017-02-16 11:10:49,164 INFO     
2017-02-16 11:10:49,164 INFO     [max steps] 100
2017-02-16 11:20:54,358 INFO     [step] 1446400
2017-02-16 11:20:54,359 INFO     [task] make[cloth] 0.038778270083 0.769943386516
2017-02-16 11:20:54,359 INFO     [task] make[bed] 0.0696792333241 0.625281531532
2017-02-16 11:20:54,359 INFO     [task] make[stick] 0.0765899600702 0.544958419958
2017-02-16 11:20:54,359 INFO     [task] make[bridge] 0.124309516544 0.286062378168
2017-02-16 11:20:54,359 INFO     [task] make[plank] 0.0384647086132 0.7835209826
2017-02-16 11:20:54,359 INFO     [task] make[axe] 0.151369118673 0.117702196036
2017-02-16 11:20:54,359 INFO     [task] get[gold] 0.167370546012 0.0
2017-02-16 11:20:54,359 INFO     [task] make[shears] 0.12841747199 0.249844527363
2017-02-16 11:20:54,359 INFO     [task] get[gem] 0.167370546012 0.0
2017-02-16 11:20:54,359 INFO     [task] make[rope] 0.0376506286772 0.799682034976
2017-02-16 11:20:54,359 INFO     
2017-02-16 11:20:54,359 INFO     [rollout0] [5, 2, 0, 1, 2, 4, 5, 1, 3, 4, 4, 4, 4, 0, 3, 1, 4, 5]
2017-02-16 11:20:54,359 INFO     [rollout1] [1, 2, 4, 1, 2, 0, 2, 2, 1, 2, 1, 3, 1, 3, 6, 0, 2, 0, 0, 0, 2, 4, 4, 4, 4, 4, 4, 4, 4, 6, 1, 3, 3, 4, 5, 1, 1, 1, 1, 4, 4, 4, 4, 4, 4, 4, 4, 4, 4, 6]
2017-02-16 11:20:54,359 INFO     [rollout2] [0, 1, 2, 5, 1, 3, 4, 1, 1, 5, 2, 1, 4, 2, 4, 4, 4, 2, 4, 5, 4, 4, 4, 2, 0, 2, 4, 2, 0, 0, 4, 4, 1, 3, 6]
2017-02-16 11:20:54,359 INFO     [reward] 0.26202
2017-02-16 11:20:54,359 INFO     [error] [ -5.80104897e-05   1.05737956e-04]
2017-02-16 11:20:54,360 INFO     
2017-02-16 11:20:54,360 INFO     [min reward] 0.0
2017-02-16 11:20:54,360 INFO     
2017-02-16 11:20:54,360 INFO     [max steps] 100
2017-02-16 11:30:39,269 INFO     [step] 1496400
2017-02-16 11:30:39,270 INFO     [task] make[cloth] 0.0405295339127 0.790476190476
2017-02-16 11:30:39,270 INFO     [task] make[bed] 0.0649532624338 0.636307502316
2017-02-16 11:30:39,270 INFO     [task] make[stick] 0.0785144729634 0.553985872856
2017-02-16 11:30:39,270 INFO     [task] make[bridge] 0.122224728446 0.294213795358
2017-02-16 11:30:39,270 INFO     [task] make[plank] 0.0382371844833 0.777089783282
2017-02-16 11:30:39,270 INFO     [task] make[axe] 0.150649522132 0.105080213904
2017-02-16 11:30:39,270 INFO     [task] get[gold] 0.170521564299 0.000351864883885
2017-02-16 11:30:39,270 INFO     [task] make[shears] 0.128339505252 0.269448818898
2017-02-16 11:30:39,270 INFO     [task] get[gem] 0.170521564299 0.0
2017-02-16 11:30:39,270 INFO     [task] make[rope] 0.0355086617784 0.805445263755
2017-02-16 11:30:39,270 INFO     
2017-02-16 11:30:39,270 INFO     [rollout0] [5, 4, 5, 0, 0, 0, 3, 0, 4, 4, 4, 4, 4, 4, 4, 4, 4, 6]
2017-02-16 11:30:39,270 INFO     [rollout1] [0, 3, 1, 4, 1, 1, 0, 3, 3, 3, 0, 0, 1, 1, 6, 2, 4, 0, 2, 4, 5, 2, 0, 4, 5, 2, 1, 1, 0, 4, 3, 4, 1, 3, 3, 0, 2, 5]
2017-02-16 11:30:39,270 INFO     [rollout2] [0, 2, 0, 2, 4, 5, 0, 3, 3, 4, 1, 3, 0, 3, 3, 0, 4, 5, 5, 2, 1, 4, 5]
2017-02-16 11:30:39,270 INFO     [reward] 0.2612
2017-02-16 11:30:39,270 INFO     [error] [ -5.80754982e-05   7.23756938e-05]
2017-02-16 11:30:39,271 INFO     
2017-02-16 11:30:39,271 INFO     [min reward] 0.0
2017-02-16 11:30:39,271 INFO     
2017-02-16 11:30:39,271 INFO     [max steps] 100
2017-02-16 11:40:25,446 INFO     [step] 1546400
2017-02-16 11:40:25,446 INFO     [task] make[cloth] 0.0374128746931 0.794911734164
2017-02-16 11:40:25,446 INFO     [task] make[bed] 0.0636874452021 0.67542748575
2017-02-16 11:40:25,446 INFO     [task] make[stick] 0.0777173074489 0.560862865948
2017-02-16 11:40:25,446 INFO     [task] make[bridge] 0.121989590284 0.318738768175
2017-02-16 11:40:25,446 INFO     [task] make[plank] 0.039694285425 0.798593671522
2017-02-16 11:40:25,446 INFO     [task] make[axe] 0.154223137062 0.117404600452
2017-02-16 11:40:25,446 INFO     [task] get[gold] 0.172071718531 0.000347987472451
2017-02-16 11:40:25,446 INFO     [task] make[shears] 0.126210221126 0.266041931385
2017-02-16 11:40:25,446 INFO     [task] get[gem] 0.172131685952 0.0
2017-02-16 11:40:25,446 INFO     [task] make[rope] 0.0348617342766 0.821283979179
2017-02-16 11:40:25,447 INFO     
2017-02-16 11:40:25,447 INFO     [rollout0] [3, 2, 0, 2, 4, 2, 4, 5, 0, 0, 0, 0, 0, 4, 0, 0, 0, 0, 0, 4, 0, 0, 6, 0, 1, 3, 3, 4, 0, 3, 3, 1, 2, 0, 1, 1, 3, 6, 5, 1, 4, 3, 3, 1, 1, 2, 5]
2017-02-16 11:40:25,447 INFO     [rollout1] [1, 4, 4, 4, 4, 2, 4, 5, 0, 4, 3, 4, 5, 3, 1, 3, 4, 5, 5]
2017-02-16 11:40:25,447 INFO     [rollout2] [4, 5, 0, 0, 0, 3, 4, 5, 1, 1, 3, 0, 1, 5, 4, 0, 3, 2, 0, 2, 0, 2, 0, 3, 3, 0, 3, 4, 6, 4, 4, 3, 0, 2, 0, 0, 0, 0, 2, 2, 2, 2, 0, 6]
2017-02-16 11:40:25,447 INFO     [reward] 0.2674
2017-02-16 11:40:25,447 INFO     [error] [ -7.00218954e-05   8.54326663e-05]
2017-02-16 11:40:25,447 INFO     
2017-02-16 11:40:25,447 INFO     [min reward] 0.0
2017-02-16 11:40:25,447 INFO     
2017-02-16 11:40:25,447 INFO     [max steps] 100
2017-02-16 11:50:49,238 INFO     [step] 1596400
2017-02-16 11:50:49,238 INFO     [task] make[cloth] 0.0374301742531 0.81086622245
2017-02-16 11:50:49,239 INFO     [task] make[bed] 0.0582231088247 0.678204249486
2017-02-16 11:50:49,239 INFO     [task] make[stick] 0.0781599178635 0.561820480405
2017-02-16 11:50:49,239 INFO     [task] make[bridge] 0.120294932227 0.373206539873
2017-02-16 11:50:49,239 INFO     [task] make[plank] 0.0367894347114 0.831325301205
2017-02-16 11:50:49,239 INFO     [task] make[axe] 0.155331585444 0.187671054346
2017-02-16 11:50:49,239 INFO     [task] get[gold] 0.175702057093 0.000227712626665
2017-02-16 11:50:49,239 INFO     [task] make[shears] 0.129465361753 0.28024691358
2017-02-16 11:50:49,239 INFO     [task] get[gem] 0.175762614705 0.000227972187393
2017-02-16 11:50:49,239 INFO     [task] make[rope] 0.032840813125 0.80935033394
2017-02-16 11:50:49,239 INFO     
2017-02-16 11:50:49,239 INFO     [rollout0] [5, 2, 4, 5, 3, 3, 4, 3, 3, 4, 5]
2017-02-16 11:50:49,239 INFO     [rollout1] [4, 4, 0, 4, 0, 4, 3, 4, 4, 4, 4, 4, 4, 4, 6, 1, 3, 1, 3, 1, 1, 3, 1, 1, 1, 1, 1, 1, 1, 6, 1, 1, 1, 1, 1, 5, 2, 2, 1, 4, 4, 4, 1, 4, 4, 4, 1, 1, 4, 4, 6, 0, 3, 3, 1, 4, 3, 3, 2, 0, 3, 3, 3, 3, 3, 6]
2017-02-16 11:50:49,239 INFO     [rollout2] [2, 4, 5, 0, 0, 4, 0, 0, 2, 0, 1, 2, 4, 2, 0, 4, 0, 6]
2017-02-16 11:50:49,239 INFO     [reward] 0.28262
2017-02-16 11:50:49,239 INFO     [error] [ -7.18660764e-05   1.18115059e-04]
2017-02-16 11:50:49,240 INFO     
2017-02-16 11:50:49,240 INFO     [min reward] 0.000227712626665
2017-02-16 11:50:49,240 INFO     
2017-02-16 11:50:49,240 INFO     [max steps] 100
2017-02-16 12:01:16,744 INFO     [step] 1646400
2017-02-16 12:01:16,744 INFO     [task] make[cloth] 0.0357713361003 0.814098919841
2017-02-16 12:01:16,745 INFO     [task] make[bed] 0.059602029622 0.659694555113
2017-02-16 12:01:16,745 INFO     [task] make[stick] 0.0805085928965 0.563753404308
2017-02-16 12:01:16,745 INFO     [task] make[bridge] 0.114390201245 0.420530367836
2017-02-16 12:01:16,745 INFO     [task] make[plank] 0.0320961756557 0.814485387548
2017-02-16 12:01:16,745 INFO     [task] make[axe] 0.147718812257 0.225285171103
2017-02-16 12:01:16,745 INFO     [task] get[gold] 0.181390140441 0.000335270451498
2017-02-16 12:01:16,745 INFO     [task] make[shears] 0.131088975691 0.270539546291
2017-02-16 12:01:16,745 INFO     [task] get[gem] 0.181390093815 0.000326904217064
2017-02-16 12:01:16,745 INFO     [task] make[rope] 0.0360436422757 0.815699658703
2017-02-16 12:01:16,745 INFO     
2017-02-16 12:01:16,745 INFO     [rollout0] [3, 1, 1, 4, 1, 5, 0, 0, 2, 4, 1, 5, 1, 3, 3, 4, 5, 4, 4, 5]
2017-02-16 12:01:16,745 INFO     [rollout1] [0, 2, 0, 0, 0, 2, 4, 0, 2, 4, 0, 2, 4, 0, 6, 1, 2, 2, 2, 2, 1, 1, 2, 4, 4, 4, 4, 4, 4, 6, 5, 4, 4, 4, 4, 4, 4, 4, 4, 4, 4, 4, 4, 4, 4, 6]
2017-02-16 12:01:16,745 INFO     [rollout2] [3, 2, 4, 5, 0, 4, 5]
2017-02-16 12:01:16,745 INFO     [reward] 0.286
2017-02-16 12:01:16,745 INFO     [error] [ -5.90450548e-05   8.31531946e-05]
2017-02-16 12:01:16,746 INFO     
2017-02-16 12:01:16,746 INFO     [min reward] 0.000326904217064
2017-02-16 12:01:16,746 INFO     
2017-02-16 12:01:16,746 INFO     [max steps] 100
2017-02-16 12:11:49,073 INFO     [step] 1696400
2017-02-16 12:11:49,073 INFO     [task] make[cloth] 0.0355198859934 0.811527377522
2017-02-16 12:11:49,073 INFO     [task] make[bed] 0.0635157777341 0.692971639951
2017-02-16 12:11:49,073 INFO     [task] make[stick] 0.080911387477 0.594789081886
2017-02-16 12:11:49,073 INFO     [task] make[bridge] 0.106879932025 0.480485527544
2017-02-16 12:11:49,074 INFO     [task] make[plank] 0.0354498134401 0.837416481069
2017-02-16 12:11:49,074 INFO     [task] make[axe] 0.142280896242 0.28535669587
2017-02-16 12:11:49,074 INFO     [task] get[gold] 0.183067781229 0.000548245614035
2017-02-16 12:11:49,074 INFO     [task] make[shears] 0.134075580344 0.285904452004
2017-02-16 12:11:49,074 INFO     [task] get[gem] 0.183069298156 0.000441160251461
2017-02-16 12:11:49,074 INFO     [task] make[rope] 0.0352296473595 0.834803057025
2017-02-16 12:11:49,074 INFO     
2017-02-16 12:11:49,074 INFO     [rollout0] [2, 0, 0, 2, 4, 5, 1, 0, 1, 0, 1, 0, 1, 0, 1, 0, 2, 1, 0, 1, 6, 3, 0, 0, 3, 1, 1, 1, 0, 0, 1, 4, 1, 0, 1, 6, 2, 2, 2, 0, 2, 0, 2, 0, 2, 0, 4, 5, 3, 4, 0, 3, 2, 3, 0, 1, 2, 4, 3, 1, 2, 3, 6]
2017-02-16 12:11:49,074 INFO     [rollout1] [5, 3, 4, 5, 2, 2, 2, 4, 2, 4, 2, 2, 0, 4, 5, 1, 0, 3, 2, 0, 0, 0, 1, 3, 3, 4, 4, 3, 1, 6]
2017-02-16 12:11:49,074 INFO     [rollout2] [4, 4, 1, 1, 1, 4, 1, 3, 0, 5, 1, 5, 2, 1, 1, 2, 4, 4, 2, 4, 5, 2, 2, 3, 1, 1, 5]
2017-02-16 12:11:49,074 INFO     [reward] 0.31088
2017-02-16 12:11:49,074 INFO     [error] [ -9.67556455e-05   7.43065147e-05]
2017-02-16 12:11:49,074 INFO     
2017-02-16 12:11:49,074 INFO     [min reward] 0.000441160251461
2017-02-16 12:11:49,075 INFO     
2017-02-16 12:11:49,075 INFO     [max steps] 100
2017-02-16 12:22:21,789 INFO     [step] 1746400
2017-02-16 12:22:21,790 INFO     [task] make[cloth] 0.0376197481266 0.817796610169
2017-02-16 12:22:21,790 INFO     [task] make[bed] 0.0600915476659 0.71002979146
2017-02-16 12:22:21,790 INFO     [task] make[stick] 0.0787016867304 0.59375
2017-02-16 12:22:21,790 INFO     [task] make[bridge] 0.100367500738 0.528030003948
2017-02-16 12:22:21,790 INFO     [task] make[plank] 0.0327125647452 0.83880967142
2017-02-16 12:22:21,790 INFO     [task] make[axe] 0.137353445743 0.314190171562
2017-02-16 12:22:21,790 INFO     [task] get[gold] 0.191337829227 0.000947368421053
2017-02-16 12:22:21,790 INFO     [task] make[shears] 0.137249620603 0.381883537024
2017-02-16 12:22:21,790 INFO     [task] get[gem] 0.191358126859 0.00010496483678
2017-02-16 12:22:21,790 INFO     [task] make[rope] 0.033207929562 0.844660194175
2017-02-16 12:22:21,790 INFO     
2017-02-16 12:22:21,790 INFO     [rollout0] [1, 4, 5, 1, 0, 1, 0, 1, 4, 1, 3, 4, 5, 5, 1, 2, 1, 2, 4, 2, 2, 1, 2, 4, 5, 0, 1, 5]
2017-02-16 12:22:21,790 INFO     [rollout1] [1, 1, 1, 1, 1, 1, 4, 5, 3, 3, 1, 4, 1, 4, 5, 4, 2, 2, 1, 4, 3, 0, 1, 1, 1, 3, 1, 1, 1, 6, 2, 0, 2, 4, 2, 0, 4, 5]
2017-02-16 12:22:21,790 INFO     [rollout2] [3, 0, 4, 5, 2, 2, 0, 4, 0, 0, 0, 5, 1, 4, 4, 1, 3, 4, 1, 5, 2, 4, 4, 4, 4, 4, 4, 4, 4, 4, 4, 4, 4, 4, 6, 1, 1, 1, 2, 2, 2, 5]
2017-02-16 12:22:21,790 INFO     [reward] 0.32508
2017-02-16 12:22:21,790 INFO     [error] [ -7.98543663e-05   7.70609430e-05]
2017-02-16 12:22:21,791 INFO     
2017-02-16 12:22:21,791 INFO     [min reward] 0.00010496483678
2017-02-16 12:22:21,791 INFO     
2017-02-16 12:22:21,791 INFO     [max steps] 100
2017-02-16 12:33:02,878 INFO     [step] 1796400
2017-02-16 12:33:02,878 INFO     [task] make[cloth] 0.0379114516392 0.808870116156
2017-02-16 12:33:02,878 INFO     [task] make[bed] 0.0591680826456 0.718988218988
2017-02-16 12:33:02,878 INFO     [task] make[stick] 0.0821038679844 0.597424684159
2017-02-16 12:33:02,878 INFO     [task] make[bridge] 0.0950669091371 0.630489864865
2017-02-16 12:33:02,878 INFO     [task] make[plank] 0.0337666982293 0.838372093023
2017-02-16 12:33:02,878 INFO     [task] make[axe] 0.137246073985 0.37514863258
2017-02-16 12:33:02,878 INFO     [task] get[gold] 0.199032129856 0.000703376205788
2017-02-16 12:33:02,878 INFO     [task] make[shears] 0.123893792565 0.60063542494
2017-02-16 12:33:02,878 INFO     [task] get[gem] 0.199198291039 0.00029871552325
2017-02-16 12:33:02,879 INFO     [task] make[rope] 0.032612702919 0.819018404908
2017-02-16 12:33:02,879 INFO     
2017-02-16 12:33:02,879 INFO     [rollout0] [1, 4, 5, 4, 1, 3, 1, 4, 1, 3, 1, 3, 1, 4, 5, 5, 0, 2, 0, 3, 3, 0, 4, 4, 4, 4, 4, 4, 4, 4, 6]
2017-02-16 12:33:02,879 INFO     [rollout1] [3, 4, 0, 0, 0, 0, 0, 0, 3, 5, 0, 3, 0, 0, 0, 0, 0, 0, 0, 0, 3, 0, 2, 1, 6, 4, 4, 2, 1, 4, 1, 2, 1, 4, 5, 3, 3, 3, 3, 3, 3, 3, 4, 5, 3, 0, 2, 0, 4, 4, 4, 4, 4, 3, 0, 0, 3, 4, 6]
2017-02-16 12:33:02,879 INFO     [rollout2] [3, 4, 5, 3, 4, 5, 4, 4, 0, 2, 0, 2, 1, 3, 1, 2, 4, 1, 3, 0, 6, 2, 2, 1, 3, 1, 2, 4, 4, 4, 1, 3, 0, 2, 4, 6, 3, 3, 4, 3, 1, 4, 3, 1, 4, 4, 0, 0, 4, 4, 6]
2017-02-16 12:33:02,879 INFO     [reward] 0.36288
2017-02-16 12:33:02,879 INFO     [error] [ -1.11215930e-04   6.87320993e-05]
2017-02-16 12:33:02,879 INFO     
2017-02-16 12:33:02,879 INFO     [min reward] 0.00029871552325
2017-02-16 12:33:02,879 INFO     
2017-02-16 12:33:02,879 INFO     [max steps] 100
2017-02-16 12:43:38,041 INFO     [step] 1846400
2017-02-16 12:43:38,041 INFO     [task] make[cloth] 0.0427022778593 0.811433840479
2017-02-16 12:43:38,041 INFO     [task] make[bed] 0.0617852787244 0.7225950783
2017-02-16 12:43:38,041 INFO     [task] make[stick] 0.0875946698632 0.585517241379
2017-02-16 12:43:38,041 INFO     [task] make[bridge] 0.0805745368677 0.66935078007
2017-02-16 12:43:38,041 INFO     [task] make[plank] 0.0364386556193 0.841964762413
2017-02-16 12:43:38,041 INFO     [task] make[axe] 0.134786531831 0.432632514066
2017-02-16 12:43:38,041 INFO     [task] get[gold] 0.214285734412 0.000280085893007
2017-02-16 12:43:38,041 INFO     [task] make[shears] 0.0869129912268 0.645804357904
2017-02-16 12:43:38,041 INFO     [task] get[gem] 0.214371648711 0.000750891683875
2017-02-16 12:43:38,041 INFO     [task] make[rope] 0.0405476748844 0.84749034749
2017-02-16 12:43:38,041 INFO     
2017-02-16 12:43:38,041 INFO     [rollout0] [1, 4, 5, 0, 3, 4, 3, 0, 0, 0, 4, 4, 5]
2017-02-16 12:43:38,041 INFO     [rollout1] [3, 1, 3, 4, 4, 2, 4, 4, 1, 3, 4, 4, 2, 3, 6, 5, 1, 1, 1, 1, 1, 4, 1, 3, 4, 3, 4, 5, 3, 3, 3, 4, 1, 1, 1, 4, 5]
2017-02-16 12:43:38,042 INFO     [rollout2] [3, 4, 5, 0, 3, 3, 4, 0, 3, 0, 3, 4, 5]
2017-02-16 12:43:38,042 INFO     [reward] 0.3656
2017-02-16 12:43:38,042 INFO     [error] [ -8.46496300e-05   9.87447118e-05]
2017-02-16 12:43:38,042 INFO     
2017-02-16 12:43:38,042 INFO     [min reward] 0.000280085893007
2017-02-16 12:43:38,042 INFO     
2017-02-16 12:43:38,042 INFO     [max steps] 100
2017-02-16 12:54:01,150 INFO     [step] 1896400
2017-02-16 12:54:01,150 INFO     [task] make[cloth] 0.0437160471701 0.821145784816
2017-02-16 12:54:01,150 INFO     [task] make[bed] 0.0632746644458 0.728343949045
2017-02-16 12:54:01,150 INFO     [task] make[stick] 0.0934535287561 0.612562054824
2017-02-16 12:54:01,150 INFO     [task] make[bridge] 0.0749968544632 0.6915541435
2017-02-16 12:54:01,150 INFO     [task] make[plank] 0.03699440222 0.852074235808
2017-02-16 12:54:01,150 INFO     [task] make[axe] 0.127112415885 0.457411764706
2017-02-16 12:54:01,151 INFO     [task] get[gold] 0.222298520051 0.000623552467486
2017-02-16 12:54:01,151 INFO     [task] make[shears] 0.080180801741 0.687032117846
2017-02-16 12:54:01,151 INFO     [task] get[gem] 0.222194868109 0.00027437351381
2017-02-16 12:54:01,151 INFO     [task] make[rope] 0.0357778971596 0.846239554318
2017-02-16 12:54:01,151 INFO     
2017-02-16 12:54:01,151 INFO     [rollout0] [2, 4, 5, 4, 4, 4, 4, 3, 4, 3, 4, 4, 4, 4, 3, 4, 4, 6]
2017-02-16 12:54:01,151 INFO     [rollout1] [3, 1, 4, 5, 2, 4, 4, 0, 4, 5]
2017-02-16 12:54:01,151 INFO     [rollout2] [4, 5, 2, 0, 2, 2, 0, 4, 5]
2017-02-16 12:54:01,151 INFO     [reward] 0.36702
2017-02-16 12:54:01,151 INFO     [error] [ -8.66968880e-05   1.06943519e-04]
2017-02-16 12:54:01,151 INFO     
2017-02-16 12:54:01,151 INFO     [min reward] 0.00027437351381
2017-02-16 12:54:01,151 INFO     
2017-02-16 12:54:01,151 INFO     [max steps] 100
2017-02-16 13:04:28,560 INFO     [step] 1946400
2017-02-16 13:04:28,560 INFO     [task] make[cloth] 0.0428947157563 0.840887629839
2017-02-16 13:04:28,560 INFO     [task] make[bed] 0.0639729234268 0.733662145499
2017-02-16 13:04:28,560 INFO     [task] make[stick] 0.0902706231497 0.647656081227
2017-02-16 13:04:28,560 INFO     [task] make[bridge] 0.0723290421929 0.716286734414
2017-02-16 13:04:28,560 INFO     [task] make[plank] 0.0358698944528 0.851473922902
2017-02-16 13:04:28,560 INFO     [task] make[axe] 0.125510120386 0.490493689088
2017-02-16 13:04:28,560 INFO     [task] get[gold] 0.229261050731 0.000436414419132
2017-02-16 13:04:28,561 INFO     [task] make[shears] 0.0733561360541 0.697285440088
2017-02-16 13:04:28,561 INFO     [task] get[gem] 0.229340360223 0.000264200792602
2017-02-16 13:04:28,561 INFO     [task] make[rope] 0.0371951336264 0.838282078473
2017-02-16 13:04:28,561 INFO     
2017-02-16 13:04:28,561 INFO     [rollout0] [2, 0, 2, 1, 4, 2, 0, 2, 4, 2, 4, 1, 2, 2, 6, 0, 0, 0, 0, 0, 0, 2, 4, 5, 1, 4, 2, 4, 4, 1, 4, 5, 2, 1, 1, 1, 1, 4, 1, 4, 4, 4, 4, 3, 4, 4, 6, 2, 4, 1, 2, 1, 1, 4, 2, 1, 3, 3, 3, 2, 3, 6]
2017-02-16 13:04:28,561 INFO     [rollout1] [4, 5, 1, 2, 2, 1, 2, 4, 2, 1, 2, 4, 2, 4, 5, 0, 4, 3, 4, 5, 4, 1, 4, 4, 3, 1, 0, 2, 1, 3, 0, 2, 1, 4, 6, 5]
2017-02-16 13:04:28,561 INFO     [rollout2] [1, 3, 0, 4, 3, 0, 0, 4, 2, 0, 5, 5, 2, 3, 1, 3, 1, 3, 1, 3, 3, 1, 3, 1, 3, 1, 6, 3, 3, 4, 3, 3, 3, 3, 3, 3, 3, 2, 5]
2017-02-16 13:04:28,561 INFO     [reward] 0.36942
2017-02-16 13:04:28,561 INFO     [error] [ -9.78164030e-05   8.62414277e-05]
2017-02-16 13:04:28,561 INFO     
2017-02-16 13:04:28,561 INFO     [min reward] 0.000264200792602
2017-02-16 13:04:28,561 INFO     
2017-02-16 13:04:28,562 INFO     [max steps] 100
2017-02-16 13:15:00,060 INFO     [step] 1996400
2017-02-16 13:15:00,060 INFO     [task] make[cloth] 0.0394820556471 0.836805555556
2017-02-16 13:15:00,060 INFO     [task] make[bed] 0.0645156030777 0.738185255198
2017-02-16 13:15:00,060 INFO     [task] make[stick] 0.0845951289714 0.649489432439
2017-02-16 13:15:00,060 INFO     [task] make[bridge] 0.0685721776897 0.738344988345
2017-02-16 13:15:00,060 INFO     [task] make[plank] 0.0370105119545 0.849528039978
2017-02-16 13:15:00,060 INFO     [task] make[axe] 0.121287266313 0.507817697937
2017-02-16 13:15:00,060 INFO     [task] get[gold] 0.235699172257 0.000255406095692
2017-02-16 13:15:00,060 INFO     [task] make[shears] 0.0730083414028 0.733206418276
2017-02-16 13:15:00,061 INFO     [task] get[gem] 0.235739378352 0.000336587007742
2017-02-16 13:15:00,061 INFO     [task] make[rope] 0.0400903643353 0.843185148999
2017-02-16 13:15:00,061 INFO     
2017-02-16 13:15:00,061 INFO     [rollout0] [3, 0, 3, 0, 4, 5, 3, 0, 4, 5]
2017-02-16 13:15:00,061 INFO     [rollout1] [1, 4, 5, 2, 0, 4, 5, 3, 1, 3, 1, 4, 2, 1, 2, 4, 4, 1, 4, 5, 3, 0, 0, 0, 0, 4, 0, 0, 3, 4, 5]
2017-02-16 13:15:00,061 INFO     [rollout2] [3, 0, 4, 5, 3, 4, 5, 2, 4, 2, 4, 4, 4, 4, 4, 4, 3, 4, 4, 1, 4, 6, 0, 3, 5]
2017-02-16 13:15:00,061 INFO     [reward] 0.36622
2017-02-16 13:15:00,061 INFO     [error] [ -7.14748537e-05   1.14225659e-04]
2017-02-16 13:15:00,061 INFO     
2017-02-16 13:15:00,061 INFO     [min reward] 0.000255406095692
2017-02-16 13:15:00,061 INFO     
2017-02-16 13:15:00,061 INFO     [max steps] 100
2017-02-16 13:25:38,200 INFO     [step] 2046400
2017-02-16 13:25:38,200 INFO     [task] make[cloth] 0.041208853781 0.844381758345
2017-02-16 13:25:38,200 INFO     [task] make[bed] 0.0646739802191 0.739156994502
2017-02-16 13:25:38,200 INFO     [task] make[stick] 0.0857777356127 0.664700330345
2017-02-16 13:25:38,200 INFO     [task] make[bridge] 0.0646359742663 0.758151313707
2017-02-16 13:25:38,201 INFO     [task] make[plank] 0.0381817416703 0.871362940276
2017-02-16 13:25:38,201 INFO     [task] make[axe] 0.119486263682 0.53322147651
2017-02-16 13:25:38,201 INFO     [task] get[gold] 0.240252610064 0.00210419998317
2017-02-16 13:25:38,201 INFO     [task] make[shears] 0.065858615 0.765868263473
2017-02-16 13:25:38,201 INFO     [task] get[gem] 0.240233294362 0.000248818113959
2017-02-16 13:25:38,201 INFO     [task] make[rope] 0.0396909313429 0.844887780549
2017-02-16 13:25:38,201 INFO     
2017-02-16 13:25:38,201 INFO     [rollout0] [2, 1, 2, 4, 5, 2, 2, 1, 2, 1, 4, 2, 1, 4, 4, 2, 1, 4, 2, 6, 3, 0, 4, 0, 2, 1, 2, 1, 4, 3, 1, 3, 0, 3, 6, 2, 4, 4, 2, 0, 4, 4, 4, 4, 4, 0, 2, 0, 0, 6, 2, 0, 3, 3, 0, 4, 3, 3, 4, 2, 4, 1, 1, 4, 6]
2017-02-16 13:25:38,201 INFO     [rollout1] [1, 3, 1, 3, 0, 3, 1, 3, 0, 4, 5, 3, 4, 3, 4, 5]
2017-02-16 13:25:38,201 INFO     [rollout2] [3, 1, 1, 4, 5, 2, 4, 5, 0, 1, 2, 0, 2, 0, 2, 1, 1, 2, 2, 1, 4, 5]
2017-02-16 13:25:38,201 INFO     [reward] 0.37186
2017-02-16 13:25:38,201 INFO     [error] [ -1.05879849e-04   7.23222557e-05]
2017-02-16 13:25:38,201 INFO     
2017-02-16 13:25:38,202 INFO     [min reward] 0.000248818113959
2017-02-16 13:25:38,202 INFO     
2017-02-16 13:25:38,202 INFO     [max steps] 100
2017-02-16 13:36:25,624 INFO     [step] 2096400
2017-02-16 13:36:25,624 INFO     [task] make[cloth] 0.040633378266 0.839057899902
2017-02-16 13:36:25,625 INFO     [task] make[bed] 0.066449602309 0.751560178306
2017-02-16 13:36:25,625 INFO     [task] make[stick] 0.084717069521 0.690249010938
2017-02-16 13:36:25,625 INFO     [task] make[bridge] 0.0617894673539 0.745507060334
2017-02-16 13:36:25,625 INFO     [task] make[plank] 0.03401371753 0.856559766764
2017-02-16 13:36:25,625 INFO     [task] make[axe] 0.116974566935 0.547804054054
2017-02-16 13:36:25,625 INFO     [task] get[gold] 0.247280800023 0.00414904002603
2017-02-16 13:36:25,625 INFO     [task] make[shears] 0.0598961629945 0.772927241963
2017-02-16 13:36:25,625 INFO     [task] get[gem] 0.247736006119 0.000491199345068
2017-02-16 13:36:25,625 INFO     [task] make[rope] 0.0405092289488 0.857211308098
2017-02-16 13:36:25,625 INFO     
2017-02-16 13:36:25,625 INFO     [rollout0] [3, 0, 3, 3, 4, 5, 1, 3, 0, 3, 1, 4, 5, 2, 0, 2, 0, 2, 2, 4, 5, 3, 3, 3, 1, 3, 4, 5]
2017-02-16 13:36:25,625 INFO     [rollout1] [3, 4, 5, 1, 0, 3, 1, 4, 1, 1, 1, 1, 1, 1, 1, 1, 2, 6, 5, 3, 0, 3, 3, 4, 5, 3, 0, 1, 0, 2, 4, 2, 2, 4, 1, 0, 4, 5]
2017-02-16 13:36:25,625 INFO     [rollout2] [4, 3, 4, 5, 4, 4, 4, 4, 4, 4, 4, 4, 4, 4, 4, 4, 4, 4, 6, 0, 3, 0, 3, 4, 3, 4, 0, 3, 3, 0, 4, 2, 3, 6, 0, 2, 3, 0, 0, 0, 4, 4, 4, 0, 3, 0, 2, 5]
2017-02-16 13:36:25,625 INFO     [reward] 0.3674
2017-02-16 13:36:25,625 INFO     [error] [ -7.55407255e-05   9.97355800e-05]
2017-02-16 13:36:25,626 INFO     
2017-02-16 13:36:25,626 INFO     [min reward] 0.000491199345068
2017-02-16 13:36:25,626 INFO     
2017-02-16 13:36:25,626 INFO     [max steps] 100
2017-02-16 13:47:23,259 INFO     [step] 2146400
2017-02-16 13:47:23,260 INFO     [task] make[cloth] 0.0423702590686 0.83356774496
2017-02-16 13:47:23,260 INFO     [task] make[bed] 0.0640577259348 0.756313131313
2017-02-16 13:47:23,260 INFO     [task] make[stick] 0.0792545091948 0.706574571502
2017-02-16 13:47:23,260 INFO     [task] make[bridge] 0.065558071236 0.768266585142
2017-02-16 13:47:23,260 INFO     [task] make[plank] 0.0380321900224 0.869476891823
2017-02-16 13:47:23,260 INFO     [task] make[axe] 0.114561374635 0.570704422304
2017-02-16 13:47:23,260 INFO     [task] get[gold] 0.249313456042 0.00592236894758
2017-02-16 13:47:23,260 INFO     [task] make[shears] 0.0587616167718 0.806582965728
2017-02-16 13:47:23,260 INFO     [task] get[gem] 0.250220100205 0.000719251977943
2017-02-16 13:47:23,260 INFO     [task] make[rope] 0.0378706968905 0.861259338314
2017-02-16 13:47:23,260 INFO     
2017-02-16 13:47:23,260 INFO     [rollout0] [2, 4, 5, 1, 3, 1, 4, 5, 2, 0, 2, 1, 2, 1, 2, 1, 3, 1, 4, 5, 1, 4, 5]
2017-02-16 13:47:23,260 INFO     [rollout1] [0, 4, 2, 0, 3, 0, 3, 4, 0, 3, 5, 0, 2, 4, 0, 5, 4, 5, 2, 2, 2, 0, 2, 4, 2, 0, 4, 1, 0, 0, 4, 0, 6]
2017-02-16 13:47:23,260 INFO     [rollout2] [0, 3, 4, 5, 1, 2, 4, 4, 5, 0, 1, 1, 4, 3, 0, 3, 3, 0, 3, 4, 5, 2, 2, 1, 1, 1, 1, 4, 1, 2, 4, 5, 5]
2017-02-16 13:47:23,260 INFO     [reward] 0.37
2017-02-16 13:47:23,260 INFO     [error] [ -6.71946637e-05   1.00770505e-04]
2017-02-16 13:47:23,261 INFO     
2017-02-16 13:47:23,261 INFO     [min reward] 0.000719251977943
2017-02-16 13:47:23,261 INFO     
2017-02-16 13:47:23,261 INFO     [max steps] 100
2017-02-16 13:58:33,097 INFO     [step] 2196400
2017-02-16 13:58:33,098 INFO     [task] make[cloth] 0.0450011942726 0.831704207395
2017-02-16 13:58:33,098 INFO     [task] make[bed] 0.0647059238664 0.753631961259
2017-02-16 13:58:33,098 INFO     [task] make[stick] 0.0773923489898 0.705134854772
2017-02-16 13:58:33,098 INFO     [task] make[bridge] 0.0616570499637 0.760130718954
2017-02-16 13:58:33,098 INFO     [task] make[plank] 0.0358421292605 0.873305833824
2017-02-16 13:58:33,098 INFO     [task] make[axe] 0.112047684424 0.576268148414
2017-02-16 13:58:33,098 INFO     [task] get[gold] 0.256102221952 0.0114339415773
2017-02-16 13:58:33,098 INFO     [task] make[shears] 0.0518839906885 0.797831138652
2017-02-16 13:58:33,098 INFO     [task] get[gem] 0.25742934027 0.000465044179197
2017-02-16 13:58:33,098 INFO     [task] make[rope] 0.0379381163114 0.851422550053
2017-02-16 13:58:33,098 INFO     
2017-02-16 13:58:33,098 INFO     [rollout0] [2, 1, 4, 3, 2, 3, 4, 5, 1, 3, 3, 3, 3, 3, 2, 3, 3, 3, 3, 3, 3, 3, 6, 5, 0, 0, 5]
2017-02-16 13:58:33,098 INFO     [rollout1] [2, 4, 4, 4, 4, 4, 4, 4, 4, 4, 4, 4, 4, 4, 6, 3, 3, 1, 3, 0, 1, 3, 3, 0, 4, 0, 4, 5, 2, 2, 0, 2, 1, 2, 2, 0, 1, 0, 2, 0, 5, 2, 4, 4, 3, 2, 1, 0, 3, 4, 1, 4, 4, 4, 4, 6, 4, 0, 2, 3, 1, 3, 0, 1, 1, 3, 0, 3, 0, 4, 6]
2017-02-16 13:58:33,098 INFO     [rollout2] [0, 0, 0, 4, 5, 2, 1, 4, 5, 3, 3, 1, 1, 1, 4, 1, 4, 5, 2, 0, 0, 2, 2, 4, 5]
2017-02-16 13:58:33,098 INFO     [reward] 0.36034
2017-02-16 13:58:33,098 INFO     [error] [ -6.49955025e-05   8.61333983e-05]
2017-02-16 13:58:33,099 INFO     
2017-02-16 13:58:33,099 INFO     [min reward] 0.000465044179197
2017-02-16 13:58:33,099 INFO     
2017-02-16 13:58:33,099 INFO     [max steps] 100
2017-02-16 14:09:51,016 INFO     [step] 2246400
2017-02-16 14:09:51,017 INFO     [task] make[cloth] 0.0452680016693 0.844251626898
2017-02-16 14:09:51,017 INFO     [task] make[bed] 0.0650899756865 0.777777777778
2017-02-16 14:09:51,017 INFO     [task] make[stick] 0.0774030373989 0.693428790591
2017-02-16 14:09:51,017 INFO     [task] make[bridge] 0.0634399884944 0.774341702388
2017-02-16 14:09:51,017 INFO     [task] make[plank] 0.0347056520639 0.879045996593
2017-02-16 14:09:51,017 INFO     [task] make[axe] 0.11012135449 0.583124328198
2017-02-16 14:09:51,017 INFO     [task] get[gold] 0.253528641024 0.0288845401174
2017-02-16 14:09:51,017 INFO     [task] make[shears] 0.053868126832 0.818078237752
2017-02-16 14:09:51,017 INFO     [task] get[gem] 0.256313564092 0.000950720963397
2017-02-16 14:09:51,017 INFO     [task] make[rope] 0.040261658248 0.862417804755
2017-02-16 14:09:51,017 INFO     
2017-02-16 14:09:51,017 INFO     [rollout0] [2, 3, 0, 2, 4, 2, 4, 0, 2, 0, 0, 2, 4, 0, 6, 3, 4, 3, 4, 4, 4, 4, 4, 4, 3, 3, 3, 4, 4, 6, 3, 3, 3, 3, 3, 3, 3, 3, 3, 3, 3, 3, 3, 3, 6, 4, 4, 2, 4, 2, 4, 4, 0, 0, 0, 4, 0, 4, 4, 6]
2017-02-16 14:09:51,017 INFO     [rollout1] [3, 4, 4, 3, 3, 3, 3, 3, 3, 4, 5, 0, 0, 0, 0, 0, 0, 0, 0, 0, 0, 0, 0, 0, 0, 6, 0, 3, 0, 3, 3, 3, 1, 2, 1, 2, 1, 4, 3, 1, 6, 4, 1, 3, 0, 4, 0, 4, 5, 2, 1, 1, 4, 1, 2, 0, 3, 2, 1, 0, 3, 4, 2, 6]
2017-02-16 14:09:51,017 INFO     [rollout2] [3, 1, 1, 1, 1, 4, 2, 1, 2, 1, 1, 1, 4, 5, 4, 4, 3, 1, 3, 4, 1, 0, 1, 0, 0, 1, 1, 2, 6, 4, 1, 2, 2, 4, 5, 0, 2, 0, 4, 4, 0, 4, 0, 4, 4, 4, 4, 4, 4, 6]
2017-02-16 14:09:51,017 INFO     [reward] 0.37388
2017-02-16 14:09:51,017 INFO     [error] [ -7.28284156e-05   1.01759857e-04]
2017-02-16 14:09:51,018 INFO     
2017-02-16 14:09:51,018 INFO     [min reward] 0.000950720963397
2017-02-16 14:09:51,018 INFO     
2017-02-16 14:09:51,018 INFO     [max steps] 100
2017-02-16 14:21:13,296 INFO     [step] 2296400
2017-02-16 14:21:13,296 INFO     [task] make[cloth] 0.0431895247181 0.859122401848
2017-02-16 14:21:13,296 INFO     [task] make[bed] 0.0605108045349 0.762076897798
2017-02-16 14:21:13,296 INFO     [task] make[stick] 0.0824898598878 0.714962121212
2017-02-16 14:21:13,296 INFO     [task] make[bridge] 0.0614061524662 0.792020928712
2017-02-16 14:21:13,296 INFO     [task] make[plank] 0.0341230569039 0.880317640386
2017-02-16 14:21:13,296 INFO     [task] make[axe] 0.111232207193 0.606813996317
2017-02-16 14:21:13,296 INFO     [task] get[gold] 0.255652044197 0.0348837209302
2017-02-16 14:21:13,296 INFO     [task] make[shears] 0.0500095991257 0.809371245495
2017-02-16 14:21:13,296 INFO     [task] get[gem] 0.262930838856 0.00236767738486
2017-02-16 14:21:13,296 INFO     [task] make[rope] 0.0384559121167 0.859905906952
2017-02-16 14:21:13,296 INFO     
2017-02-16 14:21:13,296 INFO     [rollout0] [1, 4, 0, 1, 0, 4, 4, 4, 0, 3, 0, 3, 0, 3, 6, 5, 2, 1, 2, 4, 2, 2, 4, 2, 4, 2, 2, 4, 4, 2, 6, 0, 0, 0, 0, 4, 0, 4, 4, 4, 1, 0, 0, 2, 2, 6]
2017-02-16 14:21:13,296 INFO     [rollout1] [0, 0, 3, 0, 2, 0, 4, 5, 2, 2, 0, 4, 5, 3, 4, 1, 3, 4, 1, 4, 5, 3, 1, 3, 1, 3, 0, 3, 1, 4, 5]
2017-02-16 14:21:13,296 INFO     [rollout2] [0, 0, 0, 3, 4, 0, 0, 0, 0, 2, 5, 0, 0, 0, 0, 0, 0, 0, 0, 0, 0, 0, 0, 0, 0, 6, 2, 4, 4, 4, 3, 1, 3, 1, 4, 1, 2, 1, 4, 2, 6, 4, 2, 1, 2, 2, 3, 2, 2, 3, 2, 3, 2, 2, 2, 6, 0, 0, 0, 0, 2, 0, 0, 0, 4, 2, 4, 0, 2, 2, 6]
2017-02-16 14:21:13,297 INFO     [reward] 0.37224
2017-02-16 14:21:13,297 INFO     [error] [ -7.40059620e-05   8.88088036e-05]
2017-02-16 14:21:13,297 INFO     
2017-02-16 14:21:13,297 INFO     [min reward] 0.00236767738486
2017-02-16 14:21:13,297 INFO     
2017-02-16 14:21:13,297 INFO     [max steps] 100
2017-02-16 14:32:49,338 INFO     [step] 2346400
2017-02-16 14:32:49,338 INFO     [task] make[cloth] 0.0399341741659 0.839233038348
2017-02-16 14:32:49,338 INFO     [task] make[bed] 0.0656201083814 0.778082191781
2017-02-16 14:32:49,338 INFO     [task] make[stick] 0.0780904135627 0.729765357237
2017-02-16 14:32:49,338 INFO     [task] make[bridge] 0.0576945438154 0.798627787307
2017-02-16 14:32:49,338 INFO     [task] make[plank] 0.0343242336735 0.8820861678
2017-02-16 14:32:49,338 INFO     [task] make[axe] 0.106714981478 0.625592417062
2017-02-16 14:32:49,338 INFO     [task] get[gold] 0.258093075428 0.0587962246635
2017-02-16 14:32:49,338 INFO     [task] make[shears] 0.0531022744478 0.83427071616
2017-02-16 14:32:49,338 INFO     [task] get[gem] 0.266699398448 0.00313901345291
2017-02-16 14:32:49,338 INFO     [task] make[rope] 0.0397267965983 0.875573686894
2017-02-16 14:32:49,338 INFO     
2017-02-16 14:32:49,338 INFO     [rollout0] [2, 0, 4, 5, 1, 2, 4, 2, 1, 4, 1, 4, 5]
2017-02-16 14:32:49,338 INFO     [rollout1] [3, 0, 2, 2, 2, 2, 1, 3, 3, 0, 3, 3, 3, 3, 6, 2, 2, 2, 2, 1, 2, 0, 2, 3, 0, 2, 3, 0, 5, 2, 2, 2, 4, 0, 2, 0, 5, 2, 3, 4, 2, 3, 2, 3, 2, 3, 2, 3, 2, 3, 2, 6, 4, 0, 4, 5]
2017-02-16 14:32:49,338 INFO     [rollout2] [0, 0, 3, 0, 2, 4, 2, 0, 4, 5, 3, 3, 3, 0, 0, 0, 0, 0, 0, 3, 0, 4, 0, 2, 6, 1, 1, 1, 1, 4, 1, 1, 1, 1, 1, 1, 1, 1, 1, 6, 0, 2, 0, 0, 4, 0, 4, 0, 4, 0, 4, 4, 4, 2, 6]
2017-02-16 14:32:49,339 INFO     [reward] 0.37918
2017-02-16 14:32:49,339 INFO     [error] [ -9.15452794e-05   7.87248700e-05]
2017-02-16 14:32:49,339 INFO     
2017-02-16 14:32:49,339 INFO     [min reward] 0.00313901345291
2017-02-16 14:32:49,339 INFO     
2017-02-16 14:32:49,339 INFO     [max steps] 100
2017-02-16 14:44:08,887 INFO     [step] 2396400
2017-02-16 14:44:08,887 INFO     [task] make[cloth] 0.046469307067 0.853119584055
2017-02-16 14:44:08,887 INFO     [task] make[bed] 0.0631097475776 0.761919409412
2017-02-16 14:44:08,887 INFO     [task] make[stick] 0.0762577815954 0.717619297326
2017-02-16 14:44:08,887 INFO     [task] make[bridge] 0.0575188558843 0.794889744487
2017-02-16 14:44:08,887 INFO     [task] make[plank] 0.0348080629245 0.866436384571
2017-02-16 14:44:08,887 INFO     [task] make[axe] 0.104605444974 0.602158979392
2017-02-16 14:44:08,887 INFO     [task] get[gold] 0.258842693527 0.0886566008517
2017-02-16 14:44:08,887 INFO     [task] make[shears] 0.047819660035 0.823996655518
2017-02-16 14:44:08,887 INFO     [task] get[gem] 0.273988199503 0.00151756034109
2017-02-16 14:44:08,887 INFO     [task] make[rope] 0.0365802469117 0.865588399331
2017-02-16 14:44:08,887 INFO     
2017-02-16 14:44:08,887 INFO     [rollout0] [3, 1, 4, 3, 5, 1, 3, 3, 3, 1, 1, 3, 4, 5, 0, 2, 0, 2, 2, 1, 2, 4, 5, 3, 0, 3, 4, 5]
2017-02-16 14:44:08,887 INFO     [rollout1] [4, 0, 4, 4, 4, 4, 4, 4, 4, 4, 4, 4, 4, 4, 6, 0, 0, 0, 0, 0, 0, 0, 0, 0, 0, 0, 0, 0, 0, 6, 4, 4, 4, 4, 4, 2, 4, 3, 5, 4, 2, 4, 4, 4, 4, 3, 5, 0, 4, 2, 4, 0, 4, 0, 4, 0, 0, 2, 3, 1, 0, 6]
2017-02-16 14:44:08,888 INFO     [rollout2] [4, 2, 4, 5, 2, 4, 2, 2, 4, 2, 0, 4, 5]
2017-02-16 14:44:08,888 INFO     [reward] 0.37432
2017-02-16 14:44:08,888 INFO     [error] [ -6.77189082e-05   1.15075810e-04]
2017-02-16 14:44:08,888 INFO     
2017-02-16 14:44:08,888 INFO     [min reward] 0.00151756034109
2017-02-16 14:44:08,888 INFO     
2017-02-16 14:44:08,888 INFO     [max steps] 100
2017-02-16 14:55:23,838 INFO     [step] 2446400
2017-02-16 14:55:23,838 INFO     [task] make[cloth] 0.0421257555155 0.863745787193
2017-02-16 14:55:23,838 INFO     [task] make[bed] 0.066614957924 0.774509803922
2017-02-16 14:55:23,838 INFO     [task] make[stick] 0.0785104879036 0.727249618709
2017-02-16 14:55:23,838 INFO     [task] make[bridge] 0.0577617160055 0.788742182071
2017-02-16 14:55:23,838 INFO     [task] make[plank] 0.0385499090379 0.897926634769
2017-02-16 14:55:23,838 INFO     [task] make[axe] 0.109514058972 0.614110201042
2017-02-16 14:55:23,838 INFO     [task] get[gold] 0.247400458143 0.100788922879
2017-02-16 14:55:23,838 INFO     [task] make[shears] 0.0499458862824 0.843526608419
2017-02-16 14:55:23,838 INFO     [task] get[gem] 0.270799158958 0.000958066180264
2017-02-16 14:55:23,838 INFO     [task] make[rope] 0.0387776112574 0.868885526979
2017-02-16 14:55:23,838 INFO     
2017-02-16 14:55:23,839 INFO     [rollout0] [2, 0, 0, 2, 0, 2, 2, 2, 2, 2, 4, 2, 4, 5, 3, 3, 3, 0, 3, 4, 5, 5, 2, 1, 1, 1, 1, 2, 2, 1, 4, 4, 4, 4, 4, 4, 6]
2017-02-16 14:55:23,839 INFO     [rollout1] [1, 3, 1, 3, 1, 4, 5, 3, 3, 0, 4, 0, 4, 5]
2017-02-16 14:55:23,839 INFO     [rollout2] [0, 3, 0, 3, 3, 4, 5, 1, 3, 0, 3, 1, 3, 1, 3, 0, 3, 1, 3, 4, 0, 6]
2017-02-16 14:55:23,839 INFO     [reward] 0.39264
2017-02-16 14:55:23,839 INFO     [error] [ -6.62861866e-05   1.16711706e-04]
2017-02-16 14:55:23,839 INFO     
2017-02-16 14:55:23,839 INFO     [min reward] 0.000958066180264
2017-02-16 14:55:23,839 INFO     
2017-02-16 14:55:23,839 INFO     [max steps] 100
2017-02-16 15:06:51,656 INFO     [step] 2496400
2017-02-16 15:06:51,656 INFO     [task] make[cloth] 0.0404066649694 0.837811431363
2017-02-16 15:06:51,657 INFO     [task] make[bed] 0.0650605085071 0.775348542459
2017-02-16 15:06:51,657 INFO     [task] make[stick] 0.0781174074069 0.737642585551
2017-02-16 15:06:51,657 INFO     [task] make[bridge] 0.06112843076 0.809711286089
2017-02-16 15:06:51,657 INFO     [task] make[plank] 0.0309632853234 0.886828644501
2017-02-16 15:06:51,657 INFO     [task] make[axe] 0.109375218425 0.630471223692
2017-02-16 15:06:51,657 INFO     [task] get[gold] 0.251194045454 0.12144
2017-02-16 15:06:51,657 INFO     [task] make[shears] 0.0459927576158 0.843902439024
2017-02-16 15:06:51,657 INFO     [task] get[gem] 0.2787750081 0.000777275296778
2017-02-16 15:06:51,657 INFO     [task] make[rope] 0.0389866734383 0.863543788187
2017-02-16 15:06:51,657 INFO     
2017-02-16 15:06:51,657 INFO     [rollout0] [0, 4, 4, 4, 0, 4, 4, 4, 4, 0, 4, 4, 1, 1, 6, 2, 1, 2, 1, 0, 2, 2, 0, 0, 2, 1, 0, 4, 2, 6, 2, 3, 1, 3, 4, 2, 5, 1, 2, 1, 4, 4, 4, 1, 2, 4, 4, 4, 1, 4, 4, 6, 4, 2, 0, 3, 3, 2, 3, 1, 2, 1, 3, 3, 3, 3, 6]
2017-02-16 15:06:51,657 INFO     [rollout1] [4, 4, 4, 4, 4, 4, 4, 4, 4, 4, 2, 4, 4, 4, 6, 0, 0, 0, 0, 0, 4, 5, 3, 0, 3, 1, 4, 2, 2, 5, 3, 0, 4, 4, 4, 4, 4, 4, 4, 4, 4, 4, 4, 4, 6, 3, 4, 3, 0, 1, 0, 4, 1, 3, 2, 3, 1, 3, 0, 6]
2017-02-16 15:06:51,657 INFO     [rollout2] [1, 3, 4, 5, 1, 3, 1, 3, 4, 5, 1, 3, 1, 1, 4, 5, 0, 3, 0, 4, 0, 0, 2, 0, 0, 2, 4, 5]
2017-02-16 15:06:51,657 INFO     [reward] 0.3888
2017-02-16 15:06:51,657 INFO     [error] [ -7.49641166e-05   9.37956705e-05]
2017-02-16 15:06:51,658 INFO     
2017-02-16 15:06:51,658 INFO     [min reward] 0.000777275296778
2017-02-16 15:06:51,658 INFO     
2017-02-16 15:06:51,658 INFO     [max steps] 100
2017-02-16 15:18:14,729 INFO     [step] 2546400
2017-02-16 15:18:14,729 INFO     [task] make[cloth] 0.0479297081738 0.856085526316
2017-02-16 15:18:14,729 INFO     [task] make[bed] 0.0653166233481 0.776578863853
2017-02-16 15:18:14,729 INFO     [task] make[stick] 0.075812299834 0.733968580994
2017-02-16 15:18:14,729 INFO     [task] make[bridge] 0.0557515500839 0.793223891023
2017-02-16 15:18:14,729 INFO     [task] make[plank] 0.034285476505 0.882075471698
2017-02-16 15:18:14,729 INFO     [task] make[axe] 0.105644083321 0.628730984017
2017-02-16 15:18:14,729 INFO     [task] get[gold] 0.24733594008 0.141818181818
2017-02-16 15:18:14,729 INFO     [task] make[shears] 0.0462342401064 0.852487890797
2017-02-16 15:18:14,729 INFO     [task] get[gem] 0.280923124341 0.000141693234148
2017-02-16 15:18:14,729 INFO     [task] make[rope] 0.040766954206 0.876793666502
2017-02-16 15:18:14,729 INFO     
2017-02-16 15:18:14,729 INFO     [rollout0] [3, 4, 5, 3, 4, 5, 1, 2, 1, 2, 1, 4, 1, 4, 5, 0, 2, 0, 2, 0, 0, 2, 4, 2, 4, 5]
2017-02-16 15:18:14,730 INFO     [rollout1] [0, 4, 4, 0, 4, 4, 4, 0, 4, 4, 4, 0, 4, 4, 6, 3, 1, 3, 0, 1, 3, 0, 1, 3, 0, 1, 3, 0, 1, 6, 2, 2, 2, 0, 3, 4, 3, 1, 2, 4, 2, 0, 2, 4, 6, 3, 3, 3, 3, 3, 3, 3, 3, 3, 3, 3, 3, 3, 3, 6, 4, 3, 3, 3, 2, 1, 3, 1, 3, 3, 1, 2, 4, 3, 6]
2017-02-16 15:18:14,730 INFO     [rollout2] [4, 4, 4, 3, 0, 3, 1, 0, 3, 1, 0, 3, 4, 0, 6, 5, 2, 2, 2, 0, 2, 1, 1, 1, 1, 1, 1, 1, 1, 1, 6, 0, 0, 0, 0, 0, 2, 0, 0, 2, 0, 0, 0, 0, 0, 6]
2017-02-16 15:18:14,730 INFO     [reward] 0.39752
2017-02-16 15:18:14,730 INFO     [error] [ -7.28242682e-05   8.96707852e-05]
2017-02-16 15:18:14,730 INFO     
2017-02-16 15:18:14,730 INFO     [min reward] 0.000141693234148
2017-02-16 15:18:14,730 INFO     
2017-02-16 15:18:14,730 INFO     [max steps] 100
2017-02-16 15:29:37,395 INFO     [step] 2596400
2017-02-16 15:29:37,395 INFO     [task] make[cloth] 0.0432575473338 0.857074797523
2017-02-16 15:29:37,395 INFO     [task] make[bed] 0.0656028351584 0.771181199753
2017-02-16 15:29:37,395 INFO     [task] make[stick] 0.0775784231818 0.750256937307
2017-02-16 15:29:37,395 INFO     [task] make[bridge] 0.0609247627623 0.808735936466
2017-02-16 15:29:37,395 INFO     [task] make[plank] 0.0359530926866 0.890502793296
2017-02-16 15:29:37,395 INFO     [task] make[axe] 0.107155370843 0.615540789959
2017-02-16 15:29:37,395 INFO     [task] get[gold] 0.244001848529 0.195539334955
2017-02-16 15:29:37,395 INFO     [task] make[shears] 0.0442686600968 0.846503178928
2017-02-16 15:29:37,395 INFO     [task] get[gem] 0.283819919334 7.05119165139e-05
2017-02-16 15:29:37,396 INFO     [task] make[rope] 0.0374375400736 0.871108683779
2017-02-16 15:29:37,396 INFO     
2017-02-16 15:29:37,396 INFO     [rollout0] [2, 0, 4, 5, 4, 4, 4, 4, 4, 4, 4, 4, 4, 4, 4, 4, 4, 4, 6]
2017-02-16 15:29:37,396 INFO     [rollout1] [3, 2, 4, 2, 4, 2, 4, 0, 2, 2, 4, 2, 1, 2, 6, 5, 3, 0, 1, 3, 3, 1, 1, 4, 3, 4, 5, 3, 1, 3, 2, 3, 0, 4, 2, 0, 3, 0, 3, 3, 0, 6]
2017-02-16 15:29:37,396 INFO     [rollout2] [2, 4, 5, 0, 4, 5, 3, 4, 2, 1, 0, 2, 0, 3, 2, 4, 0, 4, 3, 2, 6, 1, 1, 4, 1, 4, 1, 4, 4, 4, 4, 4, 4, 4, 4, 6, 1, 0, 3, 0, 0, 2, 2, 4, 0, 4, 1, 0, 4, 4, 6]
2017-02-16 15:29:37,396 INFO     [reward] 0.40914
2017-02-16 15:29:37,396 INFO     [error] [ -6.40897720e-05   1.28699535e-04]
2017-02-16 15:29:37,396 INFO     
2017-02-16 15:29:37,396 INFO     [min reward] 7.05119165139e-05
2017-02-16 15:29:37,396 INFO     
2017-02-16 15:29:37,396 INFO     [max steps] 100
2017-02-16 15:40:55,482 INFO     [step] 2646400
2017-02-16 15:40:55,482 INFO     [task] make[cloth] 0.0437743874317 0.865127020785
2017-02-16 15:40:55,482 INFO     [task] make[bed] 0.0683611760433 0.77908025248
2017-02-16 15:40:55,482 INFO     [task] make[stick] 0.074350684353 0.752139037433
2017-02-16 15:40:55,482 INFO     [task] make[bridge] 0.0576112436047 0.818340306834
2017-02-16 15:40:55,482 INFO     [task] make[plank] 0.0342057223958 0.889515219842
2017-02-16 15:40:55,482 INFO     [task] make[axe] 0.112912783548 0.647757025659
2017-02-16 15:40:55,482 INFO     [task] get[gold] 0.233136959258 0.255438955721
2017-02-16 15:40:55,482 INFO     [task] make[shears] 0.0468004820233 0.845383275261
2017-02-16 15:40:55,482 INFO     [task] get[gem] 0.289089332392 0.0
2017-02-16 15:40:55,482 INFO     [task] make[rope] 0.0397572289502 0.875127420999
2017-02-16 15:40:55,482 INFO     
2017-02-16 15:40:55,482 INFO     [rollout0] [2, 2, 2, 3, 3, 3, 1, 4, 5, 1, 2, 1, 1, 2, 2, 2, 4, 5, 0, 3, 4, 5, 0, 3, 0, 0, 2, 0, 2, 0, 2, 0, 4, 0, 4, 0, 6]
2017-02-16 15:40:55,483 INFO     [rollout1] [2, 4, 3, 0, 4, 5, 2, 2, 1, 2, 4, 4, 2, 1, 2, 1, 0, 1, 0, 1, 6, 3, 0, 3, 1, 3, 0, 3, 4, 5, 0, 4, 0, 1, 0, 1, 0, 1, 0, 1, 0, 1, 0, 1, 6, 3, 0, 3, 1, 2, 2, 1, 0, 1, 4, 0, 3, 0, 3, 6]
2017-02-16 15:40:55,483 INFO     [rollout2] [2, 2, 4, 5, 1, 1, 1, 1, 1, 1, 1, 1, 1, 1, 1, 1, 1, 1, 6, 3, 0, 3, 0, 3, 0, 0, 0, 1, 0, 0, 4, 2, 5, 3, 1, 2, 2, 4, 5, 3, 1, 1, 1, 1, 3, 4, 4, 4, 4, 2, 4, 4, 1, 6]
2017-02-16 15:40:55,483 INFO     [reward] 0.43132
2017-02-16 15:40:55,483 INFO     [error] [ -8.37130821e-05   8.18186732e-05]
2017-02-16 15:40:55,483 INFO     
2017-02-16 15:40:55,483 INFO     [min reward] 0.0
2017-02-16 15:40:55,483 INFO     
2017-02-16 15:40:55,483 INFO     [max steps] 100
2017-02-16 15:52:19,576 INFO     [step] 2696400
2017-02-16 15:52:19,576 INFO     [task] make[cloth] 0.0429623513656 0.861097852029
2017-02-16 15:52:19,576 INFO     [task] make[bed] 0.0684796805035 0.767868051313
2017-02-16 15:52:19,576 INFO     [task] make[stick] 0.0764691479205 0.744570837642
2017-02-16 15:52:19,576 INFO     [task] make[bridge] 0.0568370383838 0.830616583983
2017-02-16 15:52:19,576 INFO     [task] make[plank] 0.0357299855874 0.880820399113
2017-02-16 15:52:19,576 INFO     [task] make[axe] 0.107423827602 0.638786084382
2017-02-16 15:52:19,576 INFO     [task] get[gold] 0.223766480725 0.286285663497
2017-02-16 15:52:19,576 INFO     [task] make[shears] 0.0488173958125 0.834761321909
2017-02-16 15:52:19,576 INFO     [task] get[gem] 0.299517378012 0.0
2017-02-16 15:52:19,577 INFO     [task] make[rope] 0.0399967140872 0.866273352999
2017-02-16 15:52:19,577 INFO     
2017-02-16 15:52:19,577 INFO     [rollout0] [4, 4, 4, 0, 4, 5, 1, 2, 1, 1, 1, 1, 1, 1, 1, 1, 1, 1, 1, 1, 6, 4, 3, 0, 3, 0, 3, 0, 1, 2, 1, 3, 1, 4, 3, 6, 0, 2, 3, 3, 0, 2, 1, 3, 0, 2, 1, 3, 0, 2, 6, 3, 5]
2017-02-16 15:52:19,577 INFO     [rollout1] [1, 4, 1, 3, 1, 4, 2, 2, 1, 2, 3, 3, 3, 4, 6, 1, 4, 1, 2, 4, 4, 4, 4, 4, 4, 4, 4, 4, 4, 6, 5, 4, 4, 4, 4, 4, 4, 4, 4, 4, 4, 4, 4, 4, 4, 6]
2017-02-16 15:52:19,577 INFO     [rollout2] [3, 4, 5, 1, 3, 4, 3, 0, 4, 4, 4, 4, 4, 4, 4, 4, 4, 6, 5, 3, 4, 5]
2017-02-16 15:52:19,577 INFO     [reward] 0.43224
2017-02-16 15:52:19,577 INFO     [error] [ -8.76073908e-05   1.01050944e-04]
2017-02-16 15:52:19,577 INFO     
2017-02-16 15:52:19,577 INFO     [min reward] 0.0
2017-02-16 15:52:19,577 INFO     
2017-02-16 15:52:19,577 INFO     [max steps] 100
2017-02-16 16:03:23,913 INFO     [step] 2746400
2017-02-16 16:03:23,914 INFO     [task] make[cloth] 0.0439379372852 0.881348314607
2017-02-16 16:03:23,914 INFO     [task] make[bed] 0.0714481189228 0.773542600897
2017-02-16 16:03:23,914 INFO     [task] make[stick] 0.0783226437511 0.768980205462
2017-02-16 16:03:23,914 INFO     [task] make[bridge] 0.0529323276416 0.807275541796
2017-02-16 16:03:23,914 INFO     [task] make[plank] 0.0381182224677 0.870588235294
2017-02-16 16:03:23,914 INFO     [task] make[axe] 0.109537531634 0.65985643291
2017-02-16 16:03:23,914 INFO     [task] get[gold] 0.213553098883 0.322307039864
2017-02-16 16:03:23,914 INFO     [task] make[shears] 0.0517093013954 0.846037163443
2017-02-16 16:03:23,914 INFO     [task] get[gem] 0.298030063788 6.72540184276e-05
2017-02-16 16:03:23,914 INFO     [task] make[rope] 0.0424107542314 0.873417721519
2017-02-16 16:03:23,914 INFO     
2017-02-16 16:03:23,914 INFO     [rollout0] [1, 4, 5, 2, 1, 1, 2, 4, 5, 0, 3, 0, 0, 2, 0, 0, 3, 0, 4, 2, 4, 2, 5, 1, 3, 4, 5]
2017-02-16 16:03:23,914 INFO     [rollout1] [4, 4, 4, 5, 3, 1, 3, 3, 1, 3, 1, 0, 3, 4, 5, 1, 2, 1, 1, 1, 1, 0, 1, 1, 2, 1, 3, 3, 3, 6, 0, 3, 2, 3, 2, 3, 2, 3, 2, 3, 2, 3, 4, 2, 6, 0, 2, 0, 0, 1, 4, 1, 1, 1, 1, 4, 2, 2, 0, 6]
2017-02-16 16:03:23,914 INFO     [rollout2] [3, 0, 1, 0, 3, 0, 3, 0, 3, 0, 4, 5, 0, 3, 4, 5, 2, 2, 2, 2, 4, 5, 0, 2, 4, 4, 4, 2, 4, 4, 4, 2, 4, 4, 4, 4, 6]
2017-02-16 16:03:23,914 INFO     [reward] 0.45346
2017-02-16 16:03:23,914 INFO     [error] [ -6.94177098e-05   1.25337088e-04]
2017-02-16 16:03:23,915 INFO     
2017-02-16 16:03:23,915 INFO     [min reward] 6.72540184276e-05
2017-02-16 16:03:23,915 INFO     
2017-02-16 16:03:23,915 INFO     [max steps] 100
2017-02-16 16:14:31,796 INFO     [step] 2796400
2017-02-16 16:14:31,796 INFO     [task] make[cloth] 0.0390258101696 0.875718015666
2017-02-16 16:14:31,796 INFO     [task] make[bed] 0.0717281047846 0.799022270505
2017-02-16 16:14:31,796 INFO     [task] make[stick] 0.0731120833746 0.768119891008
2017-02-16 16:14:31,797 INFO     [task] make[bridge] 0.0614953950929 0.818151373074
2017-02-16 16:14:31,797 INFO     [task] make[plank] 0.0422898234733 0.886289190454
2017-02-16 16:14:31,797 INFO     [task] make[axe] 0.106214204187 0.666603844704
2017-02-16 16:14:31,797 INFO     [task] get[gold] 0.208608032108 0.332733642647
2017-02-16 16:14:31,797 INFO     [task] make[shears] 0.0497372616206 0.860789788592
2017-02-16 16:14:31,797 INFO     [task] get[gem] 0.306357771438 0.0
2017-02-16 16:14:31,797 INFO     [task] make[rope] 0.0414315137516 0.869737493809
2017-02-16 16:14:31,797 INFO     
2017-02-16 16:14:31,797 INFO     [rollout0] [0, 2, 4, 5, 3, 0, 4, 0, 4, 5]
2017-02-16 16:14:31,797 INFO     [rollout1] [2, 2, 0, 3, 0, 2, 3, 2, 2, 2, 2, 0, 2, 0, 6, 0, 3, 4, 2, 4, 1, 4, 4, 4, 4, 4, 4, 4, 1, 6, 0, 0, 3, 4, 3, 0, 4, 4, 4, 4, 4, 4, 4, 4, 6, 3, 3, 3, 3, 3, 3, 3, 3, 3, 3, 3, 3, 3, 3, 6]
2017-02-16 16:14:31,797 INFO     [rollout2] [2, 2, 0, 2, 2, 2, 0, 2, 0, 2, 2, 2, 0, 2, 6, 4, 4, 4, 1, 4, 3, 1, 4, 5, 3, 3, 3, 0, 3, 4, 4, 4, 4, 4, 4, 4, 4, 4, 6, 0, 2, 0, 2, 0, 0, 2, 0, 0, 0, 0, 0, 0, 0, 6]
2017-02-16 16:14:31,797 INFO     [reward] 0.4548
2017-02-16 16:14:31,797 INFO     [error] [ -9.94780065e-05   9.63458809e-05]
2017-02-16 16:14:31,797 INFO     
2017-02-16 16:14:31,798 INFO     [min reward] 0.0
2017-02-16 16:14:31,798 INFO     
2017-02-16 16:14:31,798 INFO     [max steps] 100
2017-02-16 16:25:43,080 INFO     [step] 2846400
2017-02-16 16:25:43,080 INFO     [task] make[cloth] 0.0416658021906 0.877744510978
2017-02-16 16:25:43,080 INFO     [task] make[bed] 0.0654634081209 0.793061840121
2017-02-16 16:25:43,080 INFO     [task] make[stick] 0.0750519797951 0.766621803499
2017-02-16 16:25:43,080 INFO     [task] make[bridge] 0.0595279179084 0.821746293245
2017-02-16 16:25:43,080 INFO     [task] make[plank] 0.0383857160359 0.88152173913
2017-02-16 16:25:43,080 INFO     [task] make[axe] 0.106550974433 0.68322172619
2017-02-16 16:25:43,080 INFO     [task] get[gold] 0.210146180187 0.353366298973
2017-02-16 16:25:43,081 INFO     [task] make[shears] 0.0462978200998 0.862820512821
2017-02-16 16:25:43,081 INFO     [task] get[gem] 0.313388727618 6.36618283677e-05
2017-02-16 16:25:43,081 INFO     [task] make[rope] 0.0435214736116 0.876336587634
2017-02-16 16:25:43,081 INFO     
2017-02-16 16:25:43,081 INFO     [rollout0] [2, 4, 5, 0, 3, 1, 3, 1, 0, 1, 0, 1, 0, 1, 0, 1, 0, 6, 2, 1, 3, 2, 3, 1, 3, 0, 2, 3, 2, 3, 3, 3, 6, 1, 2, 4, 2, 2, 2, 2, 4, 4, 4, 4, 4, 4, 4, 6, 2, 2, 1, 0, 1, 3, 0, 1, 1, 3, 4, 4, 1, 0, 6]
2017-02-16 16:25:43,081 INFO     [rollout1] [3, 4, 5, 0, 3, 0, 3, 0, 2, 1, 2, 0, 3, 0, 2, 1, 2, 6]
2017-02-16 16:25:43,081 INFO     [rollout2] [1, 3, 4, 5, 1, 1, 3, 1, 4, 5]
2017-02-16 16:25:43,081 INFO     [reward] 0.45292
2017-02-16 16:25:43,081 INFO     [error] [ -1.00722668e-04   9.13425153e-05]
2017-02-16 16:25:43,081 INFO     
2017-02-16 16:25:43,081 INFO     [min reward] 6.36618283677e-05
2017-02-16 16:25:43,081 INFO     
2017-02-16 16:25:43,081 INFO     [max steps] 100
2017-02-16 16:36:55,643 INFO     [step] 2896400
2017-02-16 16:36:55,643 INFO     [task] make[cloth] 0.041544116752 0.872736172296
2017-02-16 16:36:55,643 INFO     [task] make[bed] 0.0681446517542 0.805317577548
2017-02-16 16:36:55,644 INFO     [task] make[stick] 0.0764500005639 0.777056838827
2017-02-16 16:36:55,644 INFO     [task] make[bridge] 0.0591342864499 0.830305107988
2017-02-16 16:36:55,644 INFO     [task] make[plank] 0.040357613201 0.900237529691
2017-02-16 16:36:55,644 INFO     [task] make[axe] 0.102647647062 0.688932038835
2017-02-16 16:36:55,644 INFO     [task] get[gold] 0.206261890077 0.396070421165
2017-02-16 16:36:55,644 INFO     [task] make[shears] 0.0462320455967 0.859560067682
2017-02-16 16:36:55,644 INFO     [task] get[gem] 0.31724137467 0.0001269357705
2017-02-16 16:36:55,644 INFO     [task] make[rope] 0.0419863738728 0.873718546132
2017-02-16 16:36:55,644 INFO     
2017-02-16 16:36:55,644 INFO     [rollout0] [0, 3, 0, 2, 0, 3, 0, 2, 1, 1, 3, 0, 3, 3, 6, 1, 1, 2, 4, 5, 0, 0, 4, 5, 2, 4, 4, 4, 4, 4, 4, 4, 4, 4, 4, 4, 4, 4, 6]
2017-02-16 16:36:55,644 INFO     [rollout1] [1, 4, 2, 5, 1, 4, 5, 3, 1, 1, 1, 1, 1, 1, 1, 1, 1, 1, 1, 1, 1, 6, 0, 2, 2, 2, 4, 1, 1, 3, 0, 1, 3, 3, 3, 0, 6]
2017-02-16 16:36:55,644 INFO     [rollout2] [2, 0, 3, 0, 0, 3, 4, 5, 0, 0, 3, 0, 4, 0, 4, 5]
2017-02-16 16:36:55,644 INFO     [reward] 0.46698
2017-02-16 16:36:55,644 INFO     [error] [ -1.02433991e-04   8.65394868e-05]
2017-02-16 16:36:55,645 INFO     
2017-02-16 16:36:55,645 INFO     [min reward] 0.0001269357705
2017-02-16 16:36:55,645 INFO     
2017-02-16 16:36:55,645 INFO     [max steps] 100
2017-02-16 16:48:14,797 INFO     [step] 2946400
2017-02-16 16:48:14,797 INFO     [task] make[cloth] 0.0443367386001 0.877828054299
2017-02-16 16:48:14,798 INFO     [task] make[bed] 0.0661132012131 0.802191113816
2017-02-16 16:48:14,798 INFO     [task] make[stick] 0.0752415273444 0.776080084299
2017-02-16 16:48:14,798 INFO     [task] make[bridge] 0.0580421338103 0.834452652787
2017-02-16 16:48:14,798 INFO     [task] make[plank] 0.0354536955261 0.895963615691
2017-02-16 16:48:14,798 INFO     [task] make[axe] 0.103706173033 0.698947778644
2017-02-16 16:48:14,798 INFO     [task] get[gold] 0.198301589799 0.388598956242
2017-02-16 16:48:14,798 INFO     [task] make[shears] 0.0485926705219 0.864898989899
2017-02-16 16:48:14,798 INFO     [task] get[gem] 0.326192842039 0.000184037789093
2017-02-16 16:48:14,798 INFO     [task] make[rope] 0.0440194281132 0.884895359418
2017-02-16 16:48:14,798 INFO     
2017-02-16 16:48:14,798 INFO     [rollout0] [0, 0, 0, 3, 4, 5, 1, 2, 1, 2, 1, 2, 4, 5, 3, 1, 2, 4, 5, 3, 0, 3, 0, 3, 4, 3, 3, 0, 3, 0, 4, 3, 4, 6]
2017-02-16 16:48:14,798 INFO     [rollout1] [3, 1, 4, 5, 3, 1, 3, 4, 3, 1, 3, 0, 4, 4, 4, 4, 4, 3, 6, 4, 0, 1, 2, 2, 1, 3, 2, 1, 5, 2, 1, 1, 1, 4, 1, 1, 1, 1, 1, 1, 1, 1, 1, 6, 4, 4, 1, 4, 4, 1, 2, 1, 1, 4, 4, 4, 4, 4, 6]
2017-02-16 16:48:14,798 INFO     [rollout2] [0, 2, 4, 5, 1, 3, 1, 2, 2, 1, 4, 5, 3, 0, 3, 0, 3, 0, 4, 0, 4, 2, 5, 2, 2, 4, 5]
2017-02-16 16:48:14,798 INFO     [reward] 0.4609
2017-02-16 16:48:14,798 INFO     [error] [ -7.80666876e-05   1.16189073e-04]
2017-02-16 16:48:14,799 INFO     
2017-02-16 16:48:14,799 INFO     [min reward] 0.000184037789093
2017-02-16 16:48:14,799 INFO     
2017-02-16 16:48:14,799 INFO     [max steps] 100
2017-02-16 16:59:39,654 INFO     [step] 2996400
2017-02-16 16:59:39,654 INFO     [task] make[cloth] 0.0429693407345 0.888838475499
2017-02-16 16:59:39,654 INFO     [task] make[bed] 0.0675590481074 0.795159386068
2017-02-16 16:59:39,654 INFO     [task] make[stick] 0.0760477914507 0.784008307373
2017-02-16 16:59:39,654 INFO     [task] make[bridge] 0.0570707629172 0.841534008683
2017-02-16 16:59:39,654 INFO     [task] make[plank] 0.0370734366322 0.896532746285
2017-02-16 16:59:39,654 INFO     [task] make[axe] 0.10112364477 0.70119913505
2017-02-16 16:59:39,654 INFO     [task] get[gold] 0.202018613256 0.427422557585
2017-02-16 16:59:39,654 INFO     [task] make[shears] 0.0471726031637 0.866918555835
2017-02-16 16:59:39,654 INFO     [task] get[gem] 0.328293012024 0.0
2017-02-16 16:59:39,654 INFO     [task] make[rope] 0.0406717469439 0.87487636004
2017-02-16 16:59:39,654 INFO     
2017-02-16 16:59:39,654 INFO     [rollout0] [4, 2, 5, 4, 0, 3, 1, 2, 4, 3, 1, 1, 2, 4, 3, 3, 3, 6, 2, 1, 4, 1, 2, 2, 1, 4, 5, 0, 3, 0, 3, 3, 0, 3, 0, 3, 3, 3, 3, 3, 3, 6]
2017-02-16 16:59:39,655 INFO     [rollout1] [2, 0, 4, 5, 3, 0, 3, 1, 3, 4, 3, 3, 1, 4, 5, 2, 1, 2, 2, 1, 4, 5, 3, 3, 4, 5]
2017-02-16 16:59:39,655 INFO     [rollout2] [3, 0, 3, 4, 5, 0, 0, 4, 5, 3, 1, 1, 1, 4, 2, 1, 2, 2, 2, 2, 2, 4, 5, 1, 2, 1, 2, 2, 2, 3, 2, 2, 2, 2, 4, 5, 1, 2, 4, 3, 3, 0, 1, 0, 2, 0, 4, 0, 2, 2, 6]
2017-02-16 16:59:39,655 INFO     [reward] 0.46668
2017-02-16 16:59:39,655 INFO     [error] [ -9.96493913e-05   9.10837203e-05]
2017-02-16 16:59:39,655 INFO     
2017-02-16 16:59:39,655 INFO     [min reward] 0.0
2017-02-16 16:59:39,655 INFO     
2017-02-16 16:59:39,655 INFO     [max steps] 100
2017-02-16 17:11:03,257 INFO     [step] 3046400
2017-02-16 17:11:03,257 INFO     [task] make[cloth] 0.0400731288349 0.894441611423
2017-02-16 17:11:03,257 INFO     [task] make[bed] 0.0710566793914 0.803515735753
2017-02-16 17:11:03,257 INFO     [task] make[stick] 0.0747448024574 0.78383359663
2017-02-16 17:11:03,257 INFO     [task] make[bridge] 0.0557186730866 0.836
2017-02-16 17:11:03,257 INFO     [task] make[plank] 0.0375283151593 0.892508143322
2017-02-16 17:11:03,257 INFO     [task] make[axe] 0.102133221717 0.677525057826
2017-02-16 17:11:03,257 INFO     [task] get[gold] 0.192682462542 0.445333333333
2017-02-16 17:11:03,258 INFO     [task] make[shears] 0.0473229531363 0.869407496977
2017-02-16 17:11:03,258 INFO     [task] get[gem] 0.334048785618 0.000121190086651
2017-02-16 17:11:03,258 INFO     [task] make[rope] 0.0446909780566 0.890454545455
2017-02-16 17:11:03,258 INFO     
2017-02-16 17:11:03,258 INFO     [rollout0] [0, 2, 4, 5, 3, 1, 4, 5, 3, 4, 5, 0, 2, 2, 1, 2, 1, 1, 2, 4, 5]
2017-02-16 17:11:03,258 INFO     [rollout1] [4, 2, 0, 2, 2, 1, 2, 1, 2, 0, 4, 2, 1, 0, 6, 1, 4, 5, 1, 1, 3, 4, 4, 4, 4, 1, 4, 4, 4, 4, 1, 3, 6, 0, 3, 0, 3, 3, 3, 3, 0, 3, 3, 3, 3, 1, 0, 6]
2017-02-16 17:11:03,258 INFO     [rollout2] [0, 0, 0, 0, 0, 0, 0, 0, 0, 3, 2, 0, 0, 0, 6, 4, 3, 2, 4, 4, 1, 4, 0, 3, 2, 4, 4, 4, 4, 6, 4, 1, 3, 3, 4, 2, 0, 2, 2, 2, 2, 2, 2, 2, 6, 4, 4, 4, 4, 4, 4, 4, 4, 4, 4, 4, 4, 4, 4, 6, 2, 0, 2, 4, 2, 4, 4, 0, 4, 4, 2, 2, 0, 4, 6]
2017-02-16 17:11:03,258 INFO     [reward] 0.46966
2017-02-16 17:11:03,258 INFO     [error] [-0.00010667  0.00010461]
2017-02-16 17:11:03,258 INFO     
2017-02-16 17:11:03,258 INFO     [min reward] 0.000121190086651
2017-02-16 17:11:03,258 INFO     
