2017-08-17 00:50:12,966 INFO     BEGIN
2017-08-17 00:50:12,966 INFO     struct {
    trainer:
        improvement_threshold: 0.8
        use_curriculum: True
        name: 'CurriculumTrainer'
        max_timesteps: 100
        hints: 'resources/light/hints.yaml'
    name: 'light_joint-feat-plan__1'
    recipes: 'resources/light/recipes.yaml'
    world:
        name: 'LightWorld'
    model:
        seed: 1
        baseline: 'state'
        featurize_plan: True
        use_args: False
        max_subtask_timesteps: 15
        name: 'ModularACModel'
    experiment_dir: 'experiments/light_joint-feat-plan__1'
}
2017-08-17 00:50:41,195 INFO     [max steps] 1
2017-08-17 00:50:41,195 INFO     [min reward] inf
2017-08-17 00:50:41,195 INFO     
2017-08-17 00:50:55,328 INFO     [max steps] 2
2017-08-17 00:55:11,390 INFO     [step] 50000
2017-08-17 00:55:11,390 INFO     [task] go[LL] 0.2 0.00108097484277
2017-08-17 00:55:11,390 INFO     [task] go[LD] 0.2 0.0
2017-08-17 00:55:11,390 INFO     [task] go[UL] 0.2 0.00548911978044
2017-08-17 00:55:11,390 INFO     [task] go[RD] 0.2 0.0
2017-08-17 00:55:11,390 INFO     [task] go[UR] 0.2 0.000100512614333
2017-08-17 00:55:11,390 INFO     
2017-08-17 00:55:11,390 INFO     [rollout0] [2, 1, 3, 3, 1, 4, 0, 0, 0, 0, 4, 2, 3, 5, 4, 2, 3, 5]
2017-08-17 00:55:11,390 INFO     [rollout1] [4, 0, 0, 4, 3, 4, 4, 4, 4, 4, 4, 4, 4, 3, 6, 0, 2, 3, 2, 3, 4, 2, 4, 1, 4, 4, 4, 3, 4, 6]
2017-08-17 00:55:11,390 INFO     [rollout2] [4, 4, 2, 1, 2, 5, 5]
2017-08-17 00:55:11,390 INFO     [reward] 0.00136
2017-08-17 00:55:11,391 INFO     [error] [ -7.62744495e-06   3.15996914e-06]
2017-08-17 00:55:11,391 INFO     
2017-08-17 00:55:11,391 INFO     [min reward] 0.0
2017-08-17 00:55:11,391 INFO     
2017-08-17 00:55:11,391 INFO     [max steps] 2
2017-08-17 01:02:32,019 INFO     [step] 161200
2017-08-17 01:02:32,020 INFO     [task] go[LL] 0.200050194343 0.18929651189
2017-08-17 01:02:32,020 INFO     [task] go[LD] 0.200264531888 0.0
2017-08-17 01:02:32,020 INFO     [task] go[UL] 0.199176139806 0.000679809653297
2017-08-17 01:02:32,020 INFO     [task] go[RD] 0.200264531888 0.0
2017-08-17 01:02:32,020 INFO     [task] go[UR] 0.200244602075 0.0
2017-08-17 01:02:32,020 INFO     
2017-08-17 01:02:32,020 INFO     [rollout0] [4, 4, 0, 1, 1, 1, 2, 3, 1, 0, 1, 1, 4, 3, 6, 2, 3, 0, 3, 4, 4, 5]
2017-08-17 01:02:32,020 INFO     [rollout1] [2, 0, 1, 3, 4, 4, 2, 3, 2, 0, 0, 1, 5, 0, 3, 1, 4, 5]
2017-08-17 01:02:32,020 INFO     [rollout2] [3, 0, 2, 4, 3, 0, 4, 1, 4, 4, 3, 3, 0, 1, 6, 5]
2017-08-17 01:02:32,020 INFO     [reward] 0.0378597122302
2017-08-17 01:02:32,020 INFO     [error] [ -1.40273178e-05   1.25536396e-05]
2017-08-17 01:02:32,021 INFO     
2017-08-17 01:02:32,021 INFO     [min reward] 0.0
2017-08-17 01:02:32,021 INFO     
2017-08-17 01:02:32,021 INFO     [max steps] 2
2017-08-17 01:09:16,147 INFO     [step] 261800
2017-08-17 01:09:16,147 INFO     [task] go[LL] 0.168868207731 0.310766337565
2017-08-17 01:09:16,147 INFO     [task] go[LD] 0.207817917529 0.0
2017-08-17 01:09:16,147 INFO     [task] go[UL] 0.207678039681 0.000288558649546
2017-08-17 01:09:16,147 INFO     [task] go[RD] 0.207817917529 4.74405806727e-05
2017-08-17 01:09:16,147 INFO     [task] go[UR] 0.207817917529 4.79777383294e-05
2017-08-17 01:09:16,148 INFO     
2017-08-17 01:09:16,148 INFO     [rollout0] [1, 3, 4, 5, 3, 4, 5]
2017-08-17 01:09:16,148 INFO     [rollout1] [4, 2, 2, 0, 4, 0, 2, 2, 5, 0, 5]
2017-08-17 01:09:16,148 INFO     [rollout2] [2, 3, 2, 4, 3, 4, 5, 3, 5]
2017-08-17 01:09:16,148 INFO     [reward] 0.0526441351889
2017-08-17 01:09:16,148 INFO     [error] [ -1.13190786e-05   1.61319119e-05]
2017-08-17 01:09:16,148 INFO     
2017-08-17 01:09:16,148 INFO     [min reward] 0.0
2017-08-17 01:09:16,148 INFO     
2017-08-17 01:09:16,148 INFO     [max steps] 2
2017-08-17 01:16:04,873 INFO     [step] 362700
2017-08-17 01:16:04,873 INFO     [task] go[LL] 0.147553458929 0.34713187463
2017-08-17 01:16:04,873 INFO     [task] go[LD] 0.213131892134 0.0
2017-08-17 01:16:04,873 INFO     [task] go[UL] 0.213071000004 0.266620209059
2017-08-17 01:16:04,873 INFO     [task] go[RD] 0.213121881143 0.0
2017-08-17 01:16:04,873 INFO     [task] go[UR] 0.213121767791 0.000187546886722
2017-08-17 01:16:04,873 INFO     
2017-08-17 01:16:04,873 INFO     [rollout0] [0, 4, 3, 4, 5, 3, 4, 4, 3, 1, 4, 4, 1, 0, 5]
2017-08-17 01:16:04,873 INFO     [rollout1] [1, 0, 2, 1, 4, 0, 1, 3, 1, 5, 3, 0, 0, 3, 1, 0, 2, 1, 3, 1, 0, 4, 1, 5]
2017-08-17 01:16:04,874 INFO     [rollout2] [1, 4, 0, 5, 2, 5]
2017-08-17 01:16:04,874 INFO     [reward] 0.109276511397
2017-08-17 01:16:04,874 INFO     [error] [ -1.21878492e-05   4.37791288e-05]
2017-08-17 01:16:04,874 INFO     
2017-08-17 01:16:04,874 INFO     [min reward] 0.0
2017-08-17 01:16:04,874 INFO     
2017-08-17 01:16:04,874 INFO     [max steps] 2
2017-08-17 01:23:07,820 INFO     [step] 462700
2017-08-17 01:23:07,820 INFO     [task] go[LL] 0.14942721022 0.580968835139
2017-08-17 01:23:07,820 INFO     [task] go[LD] 0.227679498449 8.88770386171e-05
2017-08-17 01:23:07,820 INFO     [task] go[UL] 0.167576572236 0.558332346322
2017-08-17 01:23:07,820 INFO     [task] go[RD] 0.227679498449 4.38885231512e-05
2017-08-17 01:23:07,821 INFO     [task] go[UR] 0.227637220646 8.78078763665e-05
2017-08-17 01:23:07,821 INFO     
2017-08-17 01:23:07,821 INFO     [rollout0] [5, 1, 0, 3, 1, 3, 0, 4, 5]
2017-08-17 01:23:07,821 INFO     [rollout1] [2, 5, 5]
2017-08-17 01:23:07,821 INFO     [rollout2] [0, 3, 0, 2, 0, 2, 5, 3, 2, 4, 5]
2017-08-17 01:23:07,821 INFO     [reward] 0.18176
2017-08-17 01:23:07,821 INFO     [error] [ -2.98319239e-05   4.46841754e-05]
2017-08-17 01:23:07,821 INFO     
2017-08-17 01:23:07,822 INFO     [min reward] 4.38885231512e-05
2017-08-17 01:23:07,822 INFO     
2017-08-17 01:23:07,822 INFO     [max steps] 2
2017-08-17 01:29:58,477 INFO     [step] 562700
2017-08-17 01:29:58,477 INFO     [task] go[LL] 0.109713221241 0.864389707902
2017-08-17 01:29:58,477 INFO     [task] go[LD] 0.258257701402 0.000232234091965
2017-08-17 01:29:58,477 INFO     [task] go[UL] 0.115501896537 0.648490664805
2017-08-17 01:29:58,477 INFO     [task] go[RD] 0.258269206009 0.000116554644703
2017-08-17 01:29:58,478 INFO     [task] go[UR] 0.258257974811 7.67990169726e-05
2017-08-17 01:29:58,478 INFO     
2017-08-17 01:29:58,478 INFO     [rollout0] [2, 5, 1, 0, 2, 2, 5]
2017-08-17 01:29:58,478 INFO     [rollout1] [5, 1, 3, 4, 2, 0, 0, 0, 0, 0, 0, 0, 0, 3, 4, 6]
2017-08-17 01:29:58,478 INFO     [rollout2] [2, 5, 5]
2017-08-17 01:29:58,478 INFO     [reward] 0.16884
2017-08-17 01:29:58,478 INFO     [error] [ -9.48295841e-06   2.35771203e-05]
2017-08-17 01:29:58,478 INFO     
2017-08-17 01:29:58,478 INFO     [min reward] 7.67990169726e-05
2017-08-17 01:29:58,478 INFO     
2017-08-17 01:29:58,478 INFO     [max steps] 2
2017-08-17 01:36:40,954 INFO     [step] 662900
2017-08-17 01:36:40,954 INFO     [task] go[LL] 0.0411713002227 0.873386900414
2017-08-17 01:36:40,954 INFO     [task] go[LD] 0.285511767379 0.0
2017-08-17 01:36:40,954 INFO     [task] go[UL] 0.102216740027 0.685868498528
2017-08-17 01:36:40,954 INFO     [task] go[RD] 0.285544475735 0.000208623087622
2017-08-17 01:36:40,955 INFO     [task] go[UR] 0.285555716636 6.98592336442e-05
2017-08-17 01:36:40,955 INFO     
2017-08-17 01:36:40,955 INFO     [rollout0] [4, 2, 5, 5]
2017-08-17 01:36:40,955 INFO     [rollout1] [1, 1, 4, 4, 3, 0, 0, 5, 5]
2017-08-17 01:36:40,955 INFO     [rollout2] [2, 0, 5, 1, 5]
2017-08-17 01:36:40,955 INFO     [reward] 0.105628742515
2017-08-17 01:36:40,955 INFO     [error] [  1.52920946e-06   2.20001970e-05]
2017-08-17 01:36:40,955 INFO     
2017-08-17 01:36:40,955 INFO     [min reward] 0.0
2017-08-17 01:36:40,955 INFO     
2017-08-17 01:36:40,955 INFO     [max steps] 2
2017-08-17 01:43:21,055 INFO     [step] 763000
2017-08-17 01:43:21,056 INFO     [task] go[LL] 0.0391389272776 0.888300688195
2017-08-17 01:43:21,056 INFO     [task] go[LD] 0.289359634399 3.46200450061e-05
2017-08-17 01:43:21,056 INFO     [task] go[UL] 0.0928619532309 0.724279391126
2017-08-17 01:43:21,056 INFO     [task] go[RD] 0.289299864993 0.000312836733984
2017-08-17 01:43:21,056 INFO     [task] go[UR] 0.2893396201 0.0
2017-08-17 01:43:21,056 INFO     
2017-08-17 01:43:21,056 INFO     [rollout0] [0, 3, 2, 3, 4, 1, 2, 4, 1, 1, 3, 0, 0, 4, 6, 4, 4, 2, 2, 5]
2017-08-17 01:43:21,056 INFO     [rollout1] [3, 5, 1, 1, 1, 3, 1, 5]
2017-08-17 01:43:21,056 INFO     [rollout2] [0, 1, 3, 1, 4, 5, 4, 1, 0, 0, 2, 4, 3, 2, 1, 3, 0, 1, 3, 3, 6]
2017-08-17 01:43:21,056 INFO     [reward] 0.100649350649
2017-08-17 01:43:21,056 INFO     [error] [ -2.63215387e-05   3.05106659e-05]
2017-08-17 01:43:21,056 INFO     
2017-08-17 01:43:21,057 INFO     [min reward] 0.0
2017-08-17 01:43:21,057 INFO     
2017-08-17 01:43:21,057 INFO     [max steps] 2
2017-08-17 01:50:00,988 INFO     [step] 863100
2017-08-17 01:50:00,988 INFO     [task] go[LL] 0.0354078399811 0.896800230614
2017-08-17 01:50:00,988 INFO     [task] go[LD] 0.293844657208 0.0
2017-08-17 01:50:00,988 INFO     [task] go[UL] 0.0831290616869 0.74173151751
2017-08-17 01:50:00,988 INFO     [task] go[RD] 0.293763711377 0.000848521874894
2017-08-17 01:50:00,988 INFO     [task] go[UR] 0.293854729747 0.000135625402638
2017-08-17 01:50:00,988 INFO     
2017-08-17 01:50:00,988 INFO     [rollout0] [1, 2, 1, 4, 2, 2, 2, 0, 0, 2, 2, 2, 2, 2, 6, 2, 2, 2, 2, 2, 2, 5]
2017-08-17 01:50:00,988 INFO     [rollout1] [4, 4, 3, 4, 2, 5, 5]
2017-08-17 01:50:00,988 INFO     [rollout2] [2, 5, 5]
2017-08-17 01:50:00,988 INFO     [reward] 0.0923076923077
2017-08-17 01:50:00,988 INFO     [error] [ -2.47630851e-05   1.77370864e-05]
2017-08-17 01:50:00,989 INFO     
2017-08-17 01:50:00,989 INFO     [min reward] 0.0
2017-08-17 01:50:00,989 INFO     
2017-08-17 01:50:00,989 INFO     [max steps] 2
2017-08-17 01:56:39,370 INFO     [step] 963300
2017-08-17 01:56:39,371 INFO     [task] go[LL] 0.0331917012114 0.90284503632
2017-08-17 01:56:39,371 INFO     [task] go[LD] 0.296145640626 0.0
2017-08-17 01:56:39,371 INFO     [task] go[UL] 0.0786599421849 0.749331976078
2017-08-17 01:56:39,371 INFO     [task] go[RD] 0.295896842552 0.109940063304
2017-08-17 01:56:39,371 INFO     [task] go[UR] 0.296105873426 0.000100830168386
2017-08-17 01:56:39,371 INFO     
2017-08-17 01:56:39,371 INFO     [rollout0] [0, 4, 1, 5, 5]
2017-08-17 01:56:39,371 INFO     [rollout1] [0, 1, 0, 1, 0, 5, 1, 4, 3, 4, 3, 2, 3, 4, 0, 5]
2017-08-17 01:56:39,371 INFO     [rollout2] [5, 1, 3, 5]
2017-08-17 01:56:39,371 INFO     [reward] 0.121157684631
2017-08-17 01:56:39,371 INFO     [error] [  1.66184819e-05   4.46441463e-05]
2017-08-17 01:56:39,372 INFO     
2017-08-17 01:56:39,372 INFO     [min reward] 0.0
2017-08-17 01:56:39,372 INFO     
2017-08-17 01:56:39,372 INFO     [max steps] 2
2017-08-17 02:03:24,036 INFO     [step] 1063300
2017-08-17 02:03:24,037 INFO     [task] go[LL] 0.0325918691119 0.894555694618
2017-08-17 02:03:24,037 INFO     [task] go[LD] 0.307197974526 0.00198270818436
2017-08-17 02:03:24,037 INFO     [task] go[UL] 0.0792838504678 0.755676772802
2017-08-17 02:03:24,037 INFO     [task] go[RD] 0.27375899951 0.417227060596
2017-08-17 02:03:24,037 INFO     [task] go[UR] 0.307167306384 0.00016159265723
2017-08-17 02:03:24,037 INFO     
2017-08-17 02:03:24,037 INFO     [rollout0] [1, 4, 0, 1, 0, 4, 2, 3, 0, 3, 5, 2, 0, 0, 1, 2, 3, 0, 5]
2017-08-17 02:03:24,037 INFO     [rollout1] [0, 3, 0, 2, 5, 5]
2017-08-17 02:03:24,037 INFO     [rollout2] [2, 4, 3, 2, 3, 2, 1, 1, 4, 0, 5, 5]
2017-08-17 02:03:24,037 INFO     [reward] 0.20236
2017-08-17 02:03:24,037 INFO     [error] [ -1.39029014e-05   5.00364215e-05]
2017-08-17 02:03:24,037 INFO     
2017-08-17 02:03:24,037 INFO     [min reward] 0.00016159265723
2017-08-17 02:03:24,037 INFO     
2017-08-17 02:03:24,038 INFO     [max steps] 2
2017-08-17 02:10:19,625 INFO     [step] 1163300
2017-08-17 02:10:19,625 INFO     [task] go[LL] 0.0387345502922 0.891628145865
2017-08-17 02:10:19,625 INFO     [task] go[LD] 0.338215872633 0.452623173833
2017-08-17 02:10:19,625 INFO     [task] go[UL] 0.085332020508 0.733449680047
2017-08-17 02:10:19,625 INFO     [task] go[RD] 0.198890652573 0.499293286219
2017-08-17 02:10:19,625 INFO     [task] go[UR] 0.338826903994 5.90196830643e-05
2017-08-17 02:10:19,625 INFO     
2017-08-17 02:10:19,625 INFO     [rollout0] [5, 2, 5]
2017-08-17 02:10:19,625 INFO     [rollout1] [2, 1, 1, 4, 5, 2, 2, 2, 2, 2, 2, 2, 5]
2017-08-17 02:10:19,625 INFO     [rollout2] [2, 3, 2, 4, 4, 5, 1, 1, 1, 0, 2, 3, 5]
2017-08-17 02:10:19,625 INFO     [reward] 0.34974
2017-08-17 02:10:19,626 INFO     [error] [ -2.29769534e-05   8.42888963e-05]
2017-08-17 02:10:19,626 INFO     
2017-08-17 02:10:19,626 INFO     [min reward] 5.90196830643e-05
2017-08-17 02:10:19,626 INFO     
2017-08-17 02:10:19,626 INFO     [max steps] 2
2017-08-17 02:17:16,903 INFO     [step] 1263300
2017-08-17 02:17:16,904 INFO     [task] go[LL] 0.0478667228877 0.902105263158
2017-08-17 02:17:16,904 INFO     [task] go[LD] 0.225389745537 0.555258824053
2017-08-17 02:17:16,904 INFO     [task] go[UL] 0.111830279474 0.756510067114
2017-08-17 02:17:16,904 INFO     [task] go[RD] 0.206517477691 0.520826343287
2017-08-17 02:17:16,904 INFO     [task] go[UR] 0.408395774411 0.176586084182
2017-08-17 02:17:16,904 INFO     
2017-08-17 02:17:16,904 INFO     [rollout0] [5, 4, 5]
2017-08-17 02:17:16,904 INFO     [rollout1] [3, 2, 4, 3, 3, 3, 1, 1, 3, 1, 3, 3, 1, 1, 6, 1, 5]
2017-08-17 02:17:16,904 INFO     [rollout2] [0, 0, 0, 0, 0, 0, 0, 0, 1, 0, 0, 3, 0, 0, 6, 0, 1, 3, 0, 3, 3, 3, 5]
2017-08-17 02:17:16,904 INFO     [reward] 0.43275
2017-08-17 02:17:16,904 INFO     [error] [ -3.31950753e-05   1.21668035e-04]
2017-08-17 02:17:16,905 INFO     
2017-08-17 02:17:16,905 INFO     [min reward] 0.176586084182
2017-08-17 02:17:16,905 INFO     
2017-08-17 02:17:16,905 INFO     [max steps] 2
2017-08-17 02:24:19,889 INFO     [step] 1363300
2017-08-17 02:24:19,890 INFO     [task] go[LL] 0.0504484312501 0.890655292749
2017-08-17 02:24:19,890 INFO     [task] go[LD] 0.212623707354 0.566643405443
2017-08-17 02:24:19,890 INFO     [task] go[UL] 0.118524497358 0.762093710426
2017-08-17 02:24:19,890 INFO     [task] go[RD] 0.228723330835 0.545069116283
2017-08-17 02:24:19,890 INFO     [task] go[UR] 0.389680033203 0.577909879307
2017-08-17 02:24:19,890 INFO     
2017-08-17 02:24:19,890 INFO     [rollout0] [0, 0, 0, 0, 0, 0, 3, 3, 3, 5, 0, 5]
2017-08-17 02:24:19,890 INFO     [rollout1] [0, 0, 0, 2, 2, 0, 4, 0, 0, 2, 2, 2, 2, 5, 5]
2017-08-17 02:24:19,890 INFO     [rollout2] [2, 2, 2, 2, 2, 2, 2, 1, 4, 1, 3, 1, 1, 5, 5]
2017-08-17 02:24:19,890 INFO     [reward] 0.606
2017-08-17 02:24:19,890 INFO     [error] [ -7.67836481e-05   1.16920552e-04]
2017-08-17 02:24:19,891 INFO     
2017-08-17 02:24:19,891 INFO     [min reward] 0.545069116283
2017-08-17 02:24:19,891 INFO     
2017-08-17 02:24:19,891 INFO     [max steps] 2
2017-08-17 02:31:24,850 INFO     [step] 1463300
2017-08-17 02:31:24,850 INFO     [task] go[LL] 0.0698891477603 0.895126816757
2017-08-17 02:31:24,851 INFO     [task] go[LD] 0.259632917632 0.601260504202
2017-08-17 02:31:24,851 INFO     [task] go[UL] 0.14517576608 0.775612124575
2017-08-17 02:31:24,851 INFO     [task] go[RD] 0.272266981745 0.570884625337
2017-08-17 02:31:24,851 INFO     [task] go[UR] 0.253035186783 0.707231388648
2017-08-17 02:31:24,851 INFO     
2017-08-17 02:31:24,851 INFO     [rollout0] [0, 0, 0, 0, 2, 4, 0, 0, 2, 2, 2, 5, 5]
2017-08-17 02:31:24,851 INFO     [rollout1] [0, 0, 0, 0, 0, 0, 0, 4, 3, 1, 3, 3, 0, 3, 6, 5]
2017-08-17 02:31:24,851 INFO     [rollout2] [3, 3, 3, 3, 3, 3, 1, 5, 0, 1, 0, 3, 2, 1, 0, 1, 1, 1, 1, 5]
2017-08-17 02:31:24,851 INFO     [reward] 0.66565
2017-08-17 02:31:24,851 INFO     [error] [ -5.91419424e-05   1.17911171e-04]
2017-08-17 02:31:24,851 INFO     
2017-08-17 02:31:24,851 INFO     [min reward] 0.570884625337
2017-08-17 02:31:24,851 INFO     
2017-08-17 02:31:24,852 INFO     [max steps] 2
2017-08-17 02:38:29,733 INFO     [step] 1563300
2017-08-17 02:38:29,734 INFO     [task] go[LL] 0.0765880173725 0.899312313481
2017-08-17 02:38:29,734 INFO     [task] go[LD] 0.27251397342 0.616585437356
2017-08-17 02:38:29,734 INFO     [task] go[UL] 0.156270612236 0.776009469946
2017-08-17 02:38:29,734 INFO     [task] go[RD] 0.292766118199 0.592913145301
2017-08-17 02:38:29,734 INFO     [task] go[UR] 0.201861278772 0.77983771822
2017-08-17 02:38:29,734 INFO     
2017-08-17 02:38:29,734 INFO     [rollout0] [2, 2, 2, 1, 1, 1, 1, 2, 2, 2, 1, 1, 1, 2, 6, 1, 5]
2017-08-17 02:38:29,734 INFO     [rollout1] [0, 4, 1, 3, 3, 3, 1, 3, 1, 3, 3, 4, 1, 1, 6, 1, 5]
2017-08-17 02:38:29,734 INFO     [rollout2] [1, 4, 2, 2, 2, 2, 2, 2, 2, 2, 2, 1, 2, 2, 6, 2, 1, 2, 2, 2, 1, 2, 1, 1, 2, 5]
2017-08-17 02:38:29,734 INFO     [reward] 0.68884
2017-08-17 02:38:29,734 INFO     [error] [ -3.84018244e-05   1.21192457e-04]
2017-08-17 02:38:29,735 INFO     
2017-08-17 02:38:29,735 INFO     [min reward] 0.592913145301
2017-08-17 02:38:29,735 INFO     
2017-08-17 02:38:29,735 INFO     [max steps] 2
2017-08-17 02:45:34,510 INFO     [step] 1663300
2017-08-17 02:45:34,510 INFO     [task] go[LL] 0.0798991824795 0.905378235738
2017-08-17 02:45:34,510 INFO     [task] go[LD] 0.283983728628 0.634836551195
2017-08-17 02:45:34,510 INFO     [task] go[UL] 0.168904533533 0.790754402665
2017-08-17 02:45:34,510 INFO     [task] go[RD] 0.301071417802 0.619784544575
2017-08-17 02:45:34,510 INFO     [task] go[UR] 0.166141137558 0.810110527269
2017-08-17 02:45:34,510 INFO     
2017-08-17 02:45:34,511 INFO     [rollout0] [0, 0, 0, 2, 2, 0, 0, 0, 2, 2, 2, 0, 0, 2, 6, 5]
2017-08-17 02:45:34,511 INFO     [rollout1] [0, 0, 0, 0, 0, 0, 0, 2, 4, 1, 2, 2, 0, 0, 6, 2, 5]
2017-08-17 02:45:34,511 INFO     [rollout2] [3, 3, 4, 2, 2, 2, 2, 2, 2, 2, 2, 1, 1, 1, 6, 1, 5]
2017-08-17 02:45:34,511 INFO     [reward] 0.70708
2017-08-17 02:45:34,511 INFO     [error] [ -3.78612909e-05   1.16692736e-04]
2017-08-17 02:45:34,511 INFO     
2017-08-17 02:45:34,511 INFO     [min reward] 0.619784544575
2017-08-17 02:45:34,511 INFO     
2017-08-17 02:45:34,511 INFO     [max steps] 2
2017-08-17 02:52:39,180 INFO     [step] 1763300
2017-08-17 02:52:39,180 INFO     [task] go[LL] 0.0811565152786 0.908194701171
2017-08-17 02:52:39,180 INFO     [task] go[LD] 0.291019353187 0.647284170201
2017-08-17 02:52:39,180 INFO     [task] go[UL] 0.170071770394 0.795563442768
2017-08-17 02:52:39,180 INFO     [task] go[RD] 0.302695397974 0.633853183669
2017-08-17 02:52:39,180 INFO     [task] go[UR] 0.155056963167 0.821270025092
2017-08-17 02:52:39,180 INFO     
2017-08-17 02:52:39,180 INFO     [rollout0] [3, 3, 3, 1, 3, 3, 3, 1, 4, 1, 1, 1, 5, 5]
2017-08-17 02:52:39,180 INFO     [rollout1] [2, 2, 2, 1, 1, 2, 1, 2, 2, 1, 1, 2, 2, 1, 6, 5]
2017-08-17 02:52:39,181 INFO     [rollout2] [3, 1, 1, 4, 1, 3, 3, 3, 3, 5, 5]
2017-08-17 02:52:39,181 INFO     [reward] 0.71651
2017-08-17 02:52:39,181 INFO     [error] [ -2.30712045e-05   9.89816473e-05]
2017-08-17 02:52:39,181 INFO     
2017-08-17 02:52:39,181 INFO     [min reward] 0.633853183669
2017-08-17 02:52:39,181 INFO     
2017-08-17 02:52:39,181 INFO     [max steps] 2
2017-08-17 02:59:40,658 INFO     [step] 1863300
2017-08-17 02:59:40,658 INFO     [task] go[LL] 0.0818479473787 0.909303182991
2017-08-17 02:59:40,658 INFO     [task] go[LD] 0.291611011334 0.65341418039
2017-08-17 02:59:40,658 INFO     [task] go[UL] 0.172399592695 0.801219655213
2017-08-17 02:59:40,658 INFO     [task] go[RD] 0.302409061058 0.640883433972
2017-08-17 02:59:40,658 INFO     [task] go[UR] 0.151732387535 0.843837763699
2017-08-17 02:59:40,658 INFO     
2017-08-17 02:59:40,658 INFO     [rollout0] [1, 1, 2, 4, 0, 0, 2, 2, 2, 2, 2, 2, 2, 2, 6, 2, 4, 2, 2, 2, 5]
2017-08-17 02:59:40,658 INFO     [rollout1] [0, 2, 3, 3, 2, 2, 4, 5, 3, 3, 3, 3, 1, 3, 3, 1, 3, 5]
2017-08-17 02:59:40,658 INFO     [rollout2] [0, 0, 0, 0, 0, 0, 0, 3, 3, 3, 3, 3, 3, 3, 6, 3, 3, 3, 3, 3, 3, 3, 3, 3, 3, 3, 3, 3, 3, 6]
2017-08-17 02:59:40,658 INFO     [reward] 0.72478
2017-08-17 02:59:40,659 INFO     [error] [ -6.28550942e-05   1.12766073e-04]
2017-08-17 02:59:40,659 INFO     
2017-08-17 02:59:40,659 INFO     [min reward] 0.640883433972
2017-08-17 02:59:40,659 INFO     
2017-08-17 02:59:40,659 INFO     [max steps] 2
2017-08-17 03:06:42,717 INFO     [step] 1963300
2017-08-17 03:06:42,718 INFO     [task] go[LL] 0.0838202902555 0.908261230295
2017-08-17 03:06:42,718 INFO     [task] go[LD] 0.296822956163 0.662293651859
2017-08-17 03:06:42,718 INFO     [task] go[UL] 0.173789297612 0.807931254718
2017-08-17 03:06:42,718 INFO     [task] go[RD] 0.307253581808 0.648952411889
2017-08-17 03:06:42,718 INFO     [task] go[UR] 0.138313874162 0.856883135772
2017-08-17 03:06:42,718 INFO     
2017-08-17 03:06:42,718 INFO     [rollout0] [3, 3, 3, 1, 1, 1, 1, 1, 1, 3, 3, 3, 1, 1, 6, 1, 1, 5]
2017-08-17 03:06:42,718 INFO     [rollout1] [3, 3, 3, 1, 3, 3, 0, 4, 1, 3, 1, 1, 1, 1, 6, 5]
2017-08-17 03:06:42,718 INFO     [rollout2] [0, 0, 0, 5, 3, 3, 3, 0, 0, 0, 3, 3, 3, 3, 5]
2017-08-17 03:06:42,718 INFO     [reward] 0.73078
2017-08-17 03:06:42,718 INFO     [error] [ -6.79625537e-05   1.18564313e-04]
2017-08-17 03:06:42,719 INFO     
2017-08-17 03:06:42,719 INFO     [min reward] 0.648952411889
2017-08-17 03:06:42,719 INFO     
2017-08-17 03:06:42,719 INFO     [max steps] 2
2017-08-17 03:13:42,258 INFO     [step] 2063300
2017-08-17 03:13:42,259 INFO     [task] go[LL] 0.0872785985249 0.905978076619
2017-08-17 03:13:42,259 INFO     [task] go[LD] 0.298286708715 0.669348865396
2017-08-17 03:13:42,259 INFO     [task] go[UL] 0.173348635384 0.806522620634
2017-08-17 03:13:42,259 INFO     [task] go[RD] 0.309731753023 0.655555200102
2017-08-17 03:13:42,259 INFO     [task] go[UR] 0.131354304353 0.86114334339
2017-08-17 03:13:42,259 INFO     
2017-08-17 03:13:42,259 INFO     [rollout0] [0, 0, 0, 2, 2, 0, 0, 3, 3, 0, 0, 4, 1, 2, 6, 2, 2, 2, 2, 2, 5]
2017-08-17 03:13:42,259 INFO     [rollout1] [2, 4, 2, 2, 1, 1, 1, 1, 1, 2, 2, 2, 1, 1, 6, 1, 1, 5]
2017-08-17 03:13:42,259 INFO     [rollout2] [3, 3, 3, 1, 1, 3, 3, 3, 3, 1, 4, 2, 1, 1, 6, 1, 5]
2017-08-17 03:13:42,259 INFO     [reward] 0.73445
2017-08-17 03:13:42,259 INFO     [error] [ -3.31733455e-05   1.04699747e-04]
2017-08-17 03:13:42,260 INFO     
2017-08-17 03:13:42,260 INFO     [min reward] 0.655555200102
2017-08-17 03:13:42,260 INFO     
2017-08-17 03:13:42,260 INFO     [max steps] 2
2017-08-17 03:20:41,489 INFO     [step] 2163300
2017-08-17 03:20:41,489 INFO     [task] go[LL] 0.0903397909508 0.906785243742
2017-08-17 03:20:41,489 INFO     [task] go[LD] 0.295844868918 0.678367897488
2017-08-17 03:20:41,490 INFO     [task] go[UL] 0.176713747619 0.808521473434
2017-08-17 03:20:41,490 INFO     [task] go[RD] 0.30782423633 0.661753700992
2017-08-17 03:20:41,490 INFO     [task] go[UR] 0.129277356183 0.868033361914
2017-08-17 03:20:41,490 INFO     
2017-08-17 03:20:41,490 INFO     [rollout0] [2, 2, 2, 1, 1, 1, 1, 1, 1, 1, 1, 1, 1, 1, 6, 1, 1, 2, 2, 2, 1, 1, 1, 2, 1, 5]
2017-08-17 03:20:41,490 INFO     [rollout1] [0, 0, 0, 3, 3, 0, 3, 4, 0, 0, 3, 3, 0, 3, 6, 5]
2017-08-17 03:20:41,490 INFO     [rollout2] [2, 2, 2, 1, 1, 1, 1, 2, 2, 2, 1, 1, 1, 2, 6, 1, 5]
2017-08-17 03:20:41,490 INFO     [reward] 0.7414
2017-08-17 03:20:41,490 INFO     [error] [ -5.44486337e-05   9.82649903e-05]
2017-08-17 03:20:41,490 INFO     
2017-08-17 03:20:41,490 INFO     [min reward] 0.661753700992
2017-08-17 03:20:41,490 INFO     
2017-08-17 03:20:41,490 INFO     [max steps] 2
2017-08-17 03:27:39,873 INFO     [step] 2263300
2017-08-17 03:27:39,874 INFO     [task] go[LL] 0.0916211674323 0.913253270427
2017-08-17 03:27:39,874 INFO     [task] go[LD] 0.294381554457 0.682106123561
2017-08-17 03:27:39,874 INFO     [task] go[UL] 0.178847467995 0.805959382976
2017-08-17 03:27:39,874 INFO     [task] go[RD] 0.309129562727 0.663810173013
2017-08-17 03:27:39,874 INFO     [task] go[UR] 0.126020247389 0.876712328767
2017-08-17 03:27:39,874 INFO     
2017-08-17 03:27:39,874 INFO     [rollout0] [1, 1, 4, 0, 0, 0, 0, 0, 2, 2, 0, 3, 3, 4, 6, 0, 0, 2, 2, 2, 2, 2, 2, 5]
2017-08-17 03:27:39,874 INFO     [rollout1] [2, 0, 4, 2, 2, 2, 2, 2, 1, 2, 1, 1, 2, 0, 6, 4, 1, 2, 1, 2, 1, 1, 2, 1, 5]
2017-08-17 03:27:39,874 INFO     [rollout2] [0, 0, 0, 2, 0, 0, 0, 0, 2, 4, 1, 2, 2, 2, 6, 5]
2017-08-17 03:27:39,874 INFO     [reward] 0.74464
2017-08-17 03:27:39,874 INFO     [error] [ -3.48056655e-05   1.12406921e-04]
2017-08-17 03:27:39,874 INFO     
2017-08-17 03:27:39,874 INFO     [min reward] 0.663810173013
2017-08-17 03:27:39,875 INFO     
2017-08-17 03:27:39,875 INFO     [max steps] 2
2017-08-17 03:34:40,898 INFO     [step] 2363300
2017-08-17 03:34:40,898 INFO     [task] go[LL] 0.0873040366127 0.919809717975
2017-08-17 03:34:40,898 INFO     [task] go[LD] 0.295890715066 0.691824326619
2017-08-17 03:34:40,899 INFO     [task] go[UL] 0.184125805365 0.808765585362
2017-08-17 03:34:40,899 INFO     [task] go[RD] 0.31240094072 0.672724358974
2017-08-17 03:34:40,899 INFO     [task] go[UR] 0.120278502236 0.868949429309
2017-08-17 03:34:40,899 INFO     
2017-08-17 03:34:40,899 INFO     [rollout0] [1, 3, 4, 3, 5, 5]
2017-08-17 03:34:40,899 INFO     [rollout1] [1, 1, 2, 4, 0, 5, 5]
2017-08-17 03:34:40,899 INFO     [rollout2] [3, 1, 1, 3, 4, 3, 5, 5]
2017-08-17 03:34:40,899 INFO     [reward] 0.74892
2017-08-17 03:34:40,899 INFO     [error] [ -3.53915173e-05   1.17621720e-04]
2017-08-17 03:34:40,899 INFO     
2017-08-17 03:34:40,899 INFO     [min reward] 0.672724358974
2017-08-17 03:34:40,899 INFO     
2017-08-17 03:34:40,899 INFO     [max steps] 2
2017-08-17 03:41:39,077 INFO     [step] 2463300
2017-08-17 03:41:39,078 INFO     [task] go[LL] 0.082901073967 0.920128939828
2017-08-17 03:41:39,078 INFO     [task] go[LD] 0.292460611511 0.689685883602
2017-08-17 03:41:39,078 INFO     [task] go[UL] 0.184970583504 0.810567218954
2017-08-17 03:41:39,078 INFO     [task] go[RD] 0.310016913531 0.673873873874
2017-08-17 03:41:39,078 INFO     [task] go[UR] 0.129650817487 0.864217750741
2017-08-17 03:41:39,078 INFO     
2017-08-17 03:41:39,078 INFO     [rollout0] [3, 3, 3, 3, 3, 0, 4, 1, 3, 1, 1, 1, 1, 5, 5]
2017-08-17 03:41:39,078 INFO     [rollout1] [3, 3, 3, 1, 1, 1, 3, 3, 1, 3, 1, 1, 1, 5, 5]
2017-08-17 03:41:39,078 INFO     [rollout2] [3, 3, 4, 0, 0, 2, 2, 0, 0, 0, 0, 4, 3, 3, 6, 3, 0, 3, 5]
2017-08-17 03:41:39,078 INFO     [reward] 0.74885
2017-08-17 03:41:39,078 INFO     [error] [ -2.99918128e-05   1.04982289e-04]
2017-08-17 03:41:39,078 INFO     
2017-08-17 03:41:39,078 INFO     [min reward] 0.673873873874
2017-08-17 03:41:39,079 INFO     
2017-08-17 03:41:39,079 INFO     [max steps] 2
2017-08-17 03:48:36,011 INFO     [step] 2563300
2017-08-17 03:48:36,012 INFO     [task] go[LL] 0.0823352194581 0.928457479445
2017-08-17 03:48:36,012 INFO     [task] go[LD] 0.293455234852 0.700954400848
2017-08-17 03:48:36,012 INFO     [task] go[UL] 0.182710004346 0.813117798045
2017-08-17 03:48:36,012 INFO     [task] go[RD] 0.307941380765 0.67817505258
2017-08-17 03:48:36,012 INFO     [task] go[UR] 0.133558160579 0.878749440382
2017-08-17 03:48:36,012 INFO     
2017-08-17 03:48:36,012 INFO     [rollout0] [2, 4, 2, 2, 2, 1, 4, 0, 2, 2, 2, 2, 2, 2, 6, 5]
2017-08-17 03:48:36,012 INFO     [rollout1] [3, 4, 3, 4, 3, 1, 1, 1, 1, 3, 3, 3, 3, 1, 6, 4, 2, 1, 1, 1, 5]
2017-08-17 03:48:36,012 INFO     [rollout2] [2, 4, 1, 4, 3, 3, 1, 1, 1, 1, 1, 1, 3, 3, 6, 3, 5]
2017-08-17 03:48:36,012 INFO     [reward] 0.75682
2017-08-17 03:48:36,012 INFO     [error] [ -3.52906141e-05   9.37614274e-05]
2017-08-17 03:48:36,012 INFO     
2017-08-17 03:48:36,012 INFO     [min reward] 0.67817505258
2017-08-17 03:48:36,013 INFO     
2017-08-17 03:48:36,013 INFO     [max steps] 2
2017-08-17 03:55:34,549 INFO     [step] 2663300
2017-08-17 03:55:34,550 INFO     [task] go[LL] 0.0776191940676 0.927669647554
2017-08-17 03:55:34,550 INFO     [task] go[LD] 0.294176218409 0.694211224039
2017-08-17 03:55:34,550 INFO     [task] go[UL] 0.187409436673 0.811080595754
2017-08-17 03:55:34,550 INFO     [task] go[RD] 0.315859564004 0.685780251755
2017-08-17 03:55:34,550 INFO     [task] go[UR] 0.124935586847 0.878551307847
2017-08-17 03:55:34,550 INFO     
2017-08-17 03:55:34,550 INFO     [rollout0] [2, 2, 2, 2, 2, 2, 1, 1, 1, 1, 5, 5]
2017-08-17 03:55:34,550 INFO     [rollout1] [1, 1, 4, 3, 5, 3, 3, 3, 3, 3, 3, 3, 3, 3, 3, 3, 3, 3, 3, 6]
2017-08-17 03:55:34,550 INFO     [rollout2] [0, 4, 0, 0, 2, 2, 2, 2, 2, 0, 0, 0, 0, 2, 6, 4, 1, 2, 2, 0, 2, 5]
2017-08-17 03:55:34,550 INFO     [reward] 0.75433
2017-08-17 03:55:34,550 INFO     [error] [ -4.67331339e-05   1.09684603e-04]
2017-08-17 03:55:34,551 INFO     
2017-08-17 03:55:34,551 INFO     [min reward] 0.685780251755
2017-08-17 03:55:34,551 INFO     
2017-08-17 03:55:34,551 INFO     [max steps] 2
2017-08-17 04:02:36,148 INFO     [step] 2763300
2017-08-17 04:02:36,148 INFO     [task] go[LL] 0.0782082332061 0.914564369311
2017-08-17 04:02:36,148 INFO     [task] go[LD] 0.29997785143 0.793652905758
2017-08-17 04:02:36,149 INFO     [task] go[UL] 0.188959899895 0.813105896064
2017-08-17 04:02:36,149 INFO     [task] go[RD] 0.30798670147 0.705941363019
2017-08-17 04:02:36,149 INFO     [task] go[UR] 0.124867313999 0.890617481957
2017-08-17 04:02:36,149 INFO     
2017-08-17 04:02:36,149 INFO     [rollout0] [1, 1, 3, 4, 2, 0, 0, 0, 0, 0, 0, 3, 0, 0, 6, 3, 3, 3, 3, 3, 3, 5]
2017-08-17 04:02:36,149 INFO     [rollout1] [2, 2, 2, 2, 2, 2, 1, 1, 1, 1, 5, 5]
2017-08-17 04:02:36,149 INFO     [rollout2] [2, 4, 3, 3, 3, 3, 3, 3, 3, 1, 1, 1, 1, 5, 5]
2017-08-17 04:02:36,149 INFO     [reward] 0.79161
2017-08-17 04:02:36,149 INFO     [error] [ -3.95326415e-05   1.01240077e-04]
2017-08-17 04:02:36,149 INFO     
2017-08-17 04:02:36,149 INFO     [min reward] 0.705941363019
2017-08-17 04:02:36,149 INFO     
2017-08-17 04:02:36,149 INFO     [max steps] 2
2017-08-17 04:09:38,701 INFO     [step] 2863300
2017-08-17 04:09:38,702 INFO     [task] go[LL] 0.102385784137 0.918198618811
2017-08-17 04:09:38,702 INFO     [task] go[LD] 0.232102692986 0.866850281878
2017-08-17 04:09:38,702 INFO     [task] go[UL] 0.211233027727 0.812737101669
2017-08-17 04:09:38,702 INFO     [task] go[RD] 0.326201878127 0.730411930082
2017-08-17 04:09:38,702 INFO     [task] go[UR] 0.128076617023 0.886029992107
2017-08-17 04:09:38,702 INFO     
2017-08-17 04:09:38,702 INFO     [rollout0] [3, 3, 3, 1, 3, 3, 3, 1, 1, 1, 1, 5, 5]
2017-08-17 04:09:38,702 INFO     [rollout1] [3, 3, 3, 1, 3, 3, 3, 1, 1, 1, 1, 5, 5]
2017-08-17 04:09:38,702 INFO     [rollout2] [0, 0, 0, 3, 3, 3, 3, 0, 0, 0, 3, 3, 3, 3, 6, 5]
2017-08-17 04:09:38,702 INFO     [reward] 0.8185
2017-08-17 04:09:38,702 INFO     [error] [ -3.80133248e-05   9.30310199e-05]
2017-08-17 04:09:38,703 INFO     
2017-08-17 04:09:38,703 INFO     [min reward] 0.730411930082
2017-08-17 04:09:38,703 INFO     
2017-08-17 04:09:38,703 INFO     [max steps] 2
2017-08-17 04:16:44,604 INFO     [step] 2963300
2017-08-17 04:16:44,604 INFO     [task] go[LL] 0.109840211087 0.917262887544
2017-08-17 04:16:44,604 INFO     [task] go[LD] 0.171278417079 0.877799104287
2017-08-17 04:16:44,604 INFO     [task] go[UL] 0.236024753787 0.816713869045
2017-08-17 04:16:44,604 INFO     [task] go[RD] 0.334526694693 0.817956378847
2017-08-17 04:16:44,604 INFO     [task] go[UR] 0.148329923353 0.887197185005
2017-08-17 04:16:44,604 INFO     
2017-08-17 04:16:44,604 INFO     [rollout0] [1, 4, 0, 2, 2, 2, 2, 2, 2, 2, 2, 2, 2, 5, 5]
2017-08-17 04:16:44,604 INFO     [rollout1] [2, 0, 4, 1, 3, 3, 3, 3, 3, 3, 1, 4, 0, 0, 6, 4, 1, 3, 1, 1, 1, 3, 3, 3, 3, 3, 3, 3, 1, 6]
2017-08-17 04:16:44,604 INFO     [rollout2] [3, 3, 3, 3, 1, 3, 1, 3, 1, 1, 5, 5]
2017-08-17 04:16:44,604 INFO     [reward] 0.84901
2017-08-17 04:16:44,604 INFO     [error] [ -2.34716972e-05   1.12345501e-04]
2017-08-17 04:16:44,605 INFO     
2017-08-17 04:16:44,605 INFO     [min reward] 0.816713869045
2017-08-17 04:16:44,605 INFO     
2017-08-17 04:16:59,028 INFO     [max steps] 3
2017-08-17 04:22:15,279 INFO     [step] 3014100
2017-08-17 04:22:15,280 INFO     [task] go[LL] 0.1 0.915361744301
2017-08-17 04:22:15,280 INFO     [task] go[URU] 0.1 0.152713178295
2017-08-17 04:22:15,280 INFO     [task] go[LLD] 0.1 0.487838367987
2017-08-17 04:22:15,280 INFO     [task] go[LD] 0.1 0.864970645793
2017-08-17 04:22:15,280 INFO     [task] go[UL] 0.1 0.814779453886
2017-08-17 04:22:15,280 INFO     [task] go[DRU] 0.1 0.308130400628
2017-08-17 04:22:15,280 INFO     [task] go[RD] 0.1 0.821027287319
2017-08-17 04:22:15,280 INFO     [task] go[LUR] 0.1 0.0
2017-08-17 04:22:15,280 INFO     [task] go[RDD] 0.1 0.269882922891
2017-08-17 04:22:15,280 INFO     [task] go[UR] 0.1 0.87780843516
2017-08-17 04:22:15,280 INFO     
2017-08-17 04:22:15,280 INFO     [rollout0] [3, 1, 4, 0, 2, 0, 0, 0, 2, 0, 0, 0, 2, 2, 6, 2, 2, 5]
2017-08-17 04:22:15,280 INFO     [rollout1] [1, 1, 3, 3, 4, 0, 0, 2, 2, 2, 2, 2, 2, 0, 6, 2, 2, 2, 4, 1, 2, 2, 2, 5, 2, 2, 0, 4, 1, 1, 1, 1, 1, 0, 1, 0, 1, 0, 6]
2017-08-17 04:22:15,280 INFO     [rollout2] [4, 2, 2, 2, 2, 0, 4, 1, 2, 1, 2, 1, 1, 1, 6, 5]
2017-08-17 04:22:15,280 INFO     [reward] 0.551811023622
2017-08-17 04:22:15,280 INFO     [error] [ -7.20582844e-06   9.07232916e-05]
2017-08-17 04:22:15,281 INFO     
2017-08-17 04:22:15,281 INFO     [min reward] 0.0
2017-08-17 04:22:15,281 INFO     
