2016-10-28 22:16:50,904 INFO     BEGIN
2016-10-28 22:16:50,904 INFO     struct {
    trainer:
        improvement_threshold: 0.8
        use_curriculum: True
        name: 'CurriculumTrainer'
        max_timesteps: 100
        hints: 'resources/craft/hints.yaml'
    name: 'craft_modular_no-curriculum-lmax'
    recipes: 'resources/craft/recipes.yaml'
    world:
        name: 'CraftWorld'
    model:
        use_args: False
        name: 'ModularACModel'
        max_subtask_timesteps: 15
        baseline: 'state'
    experiment_dir: 'experiments/craft_modular_no-curriculum-lmax'
}
2016-10-28 22:17:42,365 INFO     [max steps] 100
2016-10-28 22:31:04,999 INFO     [step] 50000
2016-10-28 22:31:05,000 INFO     [task] make[cloth] 0.1 0.00916894264534
2016-10-28 22:31:05,000 INFO     [task] make[bed] 0.1 0.00019801980198
2016-10-28 22:31:05,000 INFO     [task] make[stick] 0.1 0.0064620355412
2016-10-28 22:31:05,000 INFO     [task] make[bridge] 0.1 0.00266175266175
2016-10-28 22:31:05,000 INFO     [task] make[plank] 0.1 0.00750098697197
2016-10-28 22:31:05,000 INFO     [task] make[axe] 0.1 0.000194704049844
2016-10-28 22:31:05,000 INFO     [task] get[gold] 0.1 0.000204039991838
2016-10-28 22:31:05,000 INFO     [task] make[shears] 0.1 0.00952188006483
2016-10-28 22:31:05,000 INFO     [task] get[gem] 0.1 0.0
2016-10-28 22:31:05,000 INFO     [task] make[rope] 0.1 0.013429544999
2016-10-28 22:31:05,000 INFO     
2016-10-28 22:31:05,000 INFO     [rollout0] [3, 2, 4, 4, 2, 4, 0, 0, 0, 0, 4, 2, 4, 5, 5, 3, 3, 5, 1, 3, 1, 1, 3, 1, 4, 1, 5]
2016-10-28 22:31:05,000 INFO     [rollout1] [4, 0, 0, 3, 2, 4, 4, 4, 4, 4, 4, 4, 5, 3, 0, 1, 2, 1, 1, 3, 1, 5, 0, 3, 3, 4, 2, 3, 0, 0, 2, 4, 0, 0, 0, 3, 6, 3, 1, 4, 3, 0, 3, 1, 1, 1, 3, 1, 0, 0, 5, 4, 4, 2, 2, 2, 0, 3, 2, 0, 4, 2, 3, 1, 0, 6]
2016-10-28 22:31:05,000 INFO     [rollout2] [4, 4, 2, 1, 0, 5, 4, 0, 1, 1, 4, 4, 1, 0, 1, 1, 0, 0, 0, 0, 6, 4, 3, 1, 4, 4, 0, 1, 4, 5, 0, 3, 3, 4, 3, 3, 1, 0, 0, 0, 1, 3, 4, 3, 6]
2016-10-28 22:31:05,000 INFO     [reward] 0.00494
2016-10-28 22:31:05,000 INFO     [error] [  1.25799405e-06   8.33591482e-07]
2016-10-28 22:31:05,001 INFO     
2016-10-28 22:31:05,001 INFO     [min reward] 0.0
2016-10-28 22:31:05,001 INFO     
2016-10-28 22:31:05,001 INFO     [max steps] 100
2016-10-28 22:40:42,009 INFO     [step] 100400
2016-10-28 22:40:42,009 INFO     [task] make[cloth] 0.0995786592347 0.0070323488045
2016-10-28 22:40:42,009 INFO     [task] make[bed] 0.100471229926 0.0
2016-10-28 22:40:42,009 INFO     [task] make[stick] 0.0998479855892 0.00198925800676
2016-10-28 22:40:42,009 INFO     [task] make[bridge] 0.10022609843 0.00277392510402
2016-10-28 22:40:42,009 INFO     [task] make[plank] 0.0997446141063 0.00734564224737
2016-10-28 22:40:42,009 INFO     [task] make[axe] 0.10047155983 0.0
2016-10-28 22:40:42,009 INFO     [task] get[gold] 0.100470630941 0.0
2016-10-28 22:40:42,009 INFO     [task] make[shears] 0.099543543383 0.00138094298678
2016-10-28 22:40:42,009 INFO     [task] get[gem] 0.100490932099 0.0
2016-10-28 22:40:42,009 INFO     [task] make[rope] 0.0991547464606 0.00795228628231
2016-10-28 22:40:42,009 INFO     
2016-10-28 22:40:42,009 INFO     [rollout0] [0, 3, 3, 2, 0, 2, 5, 5, 4, 4, 1, 4, 3, 5, 2, 3, 4, 2, 1, 2, 3, 1, 0, 4, 2, 3, 3, 3, 6]
2016-10-28 22:40:42,009 INFO     [rollout1] [2, 5, 5]
2016-10-28 22:40:42,010 INFO     [rollout2] [1, 1, 0, 3, 4, 3, 5, 3, 1, 0, 1, 3, 0, 4, 2, 0, 1, 5, 2, 2, 4, 3, 2, 4, 2, 1, 3, 1, 0, 4, 4, 2, 6]
2016-10-28 22:40:42,010 INFO     [reward] 0.0028373015873
2016-10-28 22:40:42,010 INFO     [error] [  3.28713136e-06   4.79367918e-06]
2016-10-28 22:40:42,010 INFO     
2016-10-28 22:40:42,010 INFO     [min reward] 0.0
2016-10-28 22:40:42,010 INFO     
2016-10-28 22:40:42,010 INFO     [max steps] 100
2016-10-28 22:50:12,461 INFO     [step] 158900
2016-10-28 22:50:12,461 INFO     [task] make[cloth] 0.099584481177 0.00667922589485
2016-10-28 22:50:12,461 INFO     [task] make[bed] 0.100282721849 0.0
2016-10-28 22:50:12,461 INFO     [task] make[stick] 0.100085208773 0.00189068408388
2016-10-28 22:50:12,461 INFO     [task] make[bridge] 0.100007299315 0.00121338186861
2016-10-28 22:50:12,461 INFO     [task] make[plank] 0.0995533743264 0.00447504302926
2016-10-28 22:50:12,461 INFO     [task] make[axe] 0.100282721849 0.0
2016-10-28 22:50:12,461 INFO     [task] get[gold] 0.100282721849 0.0
2016-10-28 22:50:12,461 INFO     [task] make[shears] 0.100145608264 0.00119007140428
2016-10-28 22:50:12,461 INFO     [task] get[gem] 0.100282721849 0.0
2016-10-28 22:50:12,461 INFO     [task] make[rope] 0.0994931407471 0.00544402858115
2016-10-28 22:50:12,461 INFO     
2016-10-28 22:50:12,461 INFO     [rollout0] [0, 0, 5, 5, 0, 0, 4, 0, 3, 2, 1, 0, 4, 2, 3, 4, 2, 3, 6, 0, 2, 5, 4, 1, 0, 0, 2, 3, 4, 2, 0, 3, 1, 3, 0, 1, 6]
2016-10-28 22:50:12,461 INFO     [rollout1] [5, 3, 5]
2016-10-28 22:50:12,461 INFO     [rollout2] [5, 5, 1, 1, 0, 0, 1, 1, 2, 1, 1, 4, 1, 0, 3, 1, 6]
2016-10-28 22:50:12,462 INFO     [reward] 0.00208547008547
2016-10-28 22:50:12,462 INFO     [error] [ -3.38793804e-05   9.24494260e-07]
2016-10-28 22:50:12,462 INFO     
2016-10-28 22:50:12,462 INFO     [min reward] 0.0
2016-10-28 22:50:12,462 INFO     
2016-10-28 22:50:12,462 INFO     [max steps] 100
2016-10-28 23:01:58,849 INFO     [step] 239700
2016-10-28 23:01:58,849 INFO     [task] make[cloth] 0.0995446042838 0.00382716049383
2016-10-28 23:01:58,849 INFO     [task] make[bed] 0.100207284571 0.0
2016-10-28 23:01:58,849 INFO     [task] make[stick] 0.100019700098 0.00210604558969
2016-10-28 23:01:58,849 INFO     [task] make[bridge] 0.100086898727 0.0015026296018
2016-10-28 23:01:58,849 INFO     [task] make[plank] 0.0997632925805 0.00477386934673
2016-10-28 23:01:58,849 INFO     [task] make[axe] 0.100207284571 0.0
2016-10-28 23:01:58,849 INFO     [task] get[gold] 0.100207284571 0.000123289360128
2016-10-28 23:01:58,849 INFO     [task] make[shears] 0.100089211478 0.00220453153705
2016-10-28 23:01:58,849 INFO     [task] get[gem] 0.100207284571 0.0
2016-10-28 23:01:58,849 INFO     [task] make[rope] 0.0996671545498 0.00558728582071
2016-10-28 23:01:58,849 INFO     
2016-10-28 23:01:58,849 INFO     [rollout0] [3, 2, 0, 0, 5, 2, 1, 5]
2016-10-28 23:01:58,849 INFO     [rollout1] [2, 2, 2, 4, 5, 1, 2, 2, 2, 3, 2, 0, 1, 2, 2, 4, 2, 5, 2, 3, 3, 5, 4, 5, 4, 3, 4, 0, 1, 5]
2016-10-28 23:01:58,849 INFO     [rollout2] [3, 4, 0, 5, 0, 2, 5, 0, 0, 2, 1, 3, 1, 0, 4, 0, 2, 5]
2016-10-28 23:01:58,849 INFO     [reward] 0.00200495049505
2016-10-28 23:01:58,850 INFO     [error] [ -1.54540402e-05   2.02312488e-07]
2016-10-28 23:01:58,850 INFO     
2016-10-28 23:01:58,850 INFO     [min reward] 0.0
2016-10-28 23:01:58,850 INFO     
2016-10-28 23:01:58,850 INFO     [max steps] 100
2016-10-28 23:14:07,485 INFO     [step] 321300
2016-10-28 23:14:07,485 INFO     [task] make[cloth] 0.0998199700606 0.00641025641026
2016-10-28 23:14:07,485 INFO     [task] make[bed] 0.100199653382 0.0
2016-10-28 23:14:07,485 INFO     [task] make[stick] 0.0999907177011 0.00315725561627
2016-10-28 23:14:07,485 INFO     [task] make[bridge] 0.10005058114 0.000736377025037
2016-10-28 23:14:07,485 INFO     [task] make[plank] 0.0997260493687 0.00578176897527
2016-10-28 23:14:07,485 INFO     [task] make[axe] 0.100199653382 0.0
2016-10-28 23:14:07,485 INFO     [task] get[gold] 0.100187422144 0.0
2016-10-28 23:14:07,485 INFO     [task] make[shears] 0.0999809471488 0.00222937825118
2016-10-28 23:14:07,485 INFO     [task] get[gem] 0.100199653382 0.0
2016-10-28 23:14:07,485 INFO     [task] make[rope] 0.0996453522907 0.00979899497487
2016-10-28 23:14:07,486 INFO     
2016-10-28 23:14:07,486 INFO     [rollout0] [0, 5, 4, 4, 4, 5]
2016-10-28 23:14:07,486 INFO     [rollout1] [3, 4, 4, 4, 1, 0, 3, 0, 4, 1, 4, 3, 3, 4, 6, 3, 5]
2016-10-28 23:14:07,486 INFO     [rollout2] [3, 4, 1, 0, 4, 1, 2, 2, 1, 5, 2, 2, 2, 0, 4, 3, 1, 5, 0, 2, 2, 4, 3, 4, 1, 0, 2, 4, 2, 1, 2, 3, 6, 5]
2016-10-28 23:14:07,486 INFO     [reward] 0.00279411764706
2016-10-28 23:14:07,486 INFO     [error] [  1.25730275e-06   2.19254188e-06]
2016-10-28 23:14:07,486 INFO     
2016-10-28 23:14:07,486 INFO     [min reward] 0.0
2016-10-28 23:14:07,486 INFO     
2016-10-28 23:14:07,486 INFO     [max steps] 100
2016-10-28 23:25:05,395 INFO     [step] 391800
2016-10-28 23:25:05,395 INFO     [task] make[cloth] 0.0996426832774 0.00555401277423
2016-10-28 23:25:05,395 INFO     [task] make[bed] 0.100279133733 0.0
2016-10-28 23:25:05,395 INFO     [task] make[stick] 0.0999656615958 0.00390117035111
2016-10-28 23:25:05,396 INFO     [task] make[bridge] 0.100206021604 0.00127244450728
2016-10-28 23:25:05,396 INFO     [task] make[plank] 0.0997050834512 0.0094220222191
2016-10-28 23:25:05,396 INFO     [task] make[axe] 0.100279133733 0.000139470013947
2016-10-28 23:25:05,396 INFO     [task] get[gold] 0.100279133733 0.0
2016-10-28 23:25:05,396 INFO     [task] make[shears] 0.100057787079 0.00227887765276
2016-10-28 23:25:05,396 INFO     [task] get[gem] 0.100279133733 0.0
2016-10-28 23:25:05,396 INFO     [task] make[rope] 0.0993062280618 0.00818495117748
2016-10-28 23:25:05,396 INFO     
2016-10-28 23:25:05,396 INFO     [rollout0] [0, 3, 3, 3, 1, 5, 3, 4, 1, 3, 4, 2, 3, 1, 0, 4, 2, 0, 0, 1, 6]
2016-10-28 23:25:05,396 INFO     [rollout1] [5, 0, 1, 4, 3, 3, 3, 3, 4, 4, 0, 2, 2, 1, 0, 6]
2016-10-28 23:25:05,396 INFO     [rollout2] [3, 3, 5, 2, 0, 3, 4, 1, 0, 4, 0, 0, 4, 5, 1, 4, 1, 4, 2, 3, 0, 0, 4, 2, 0, 2, 1, 2, 6, 5]
2016-10-28 23:25:05,396 INFO     [reward] 0.0030780141844
2016-10-28 23:25:05,396 INFO     [error] [  4.91026947e-06   6.65106087e-07]
2016-10-28 23:25:05,396 INFO     
2016-10-28 23:25:05,397 INFO     [min reward] 0.0
2016-10-28 23:25:05,397 INFO     
2016-10-28 23:25:05,397 INFO     [max steps] 100
2016-10-28 23:37:19,401 INFO     [step] 475100
2016-10-28 23:37:19,401 INFO     [task] make[cloth] 0.0997538328445 0.00798451488023
2016-10-28 23:37:19,401 INFO     [task] make[bed] 0.100305414581 0.0
2016-10-28 23:37:19,401 INFO     [task] make[stick] 0.0999179804133 0.00385681571652
2016-10-28 23:37:19,401 INFO     [task] make[bridge] 0.100179045201 0.00132705995898
2016-10-28 23:37:19,401 INFO     [task] make[plank] 0.0993696919624 0.0057922046579
2016-10-28 23:37:19,401 INFO     [task] make[axe] 0.100291563494 0.0
2016-10-28 23:37:19,402 INFO     [task] get[gold] 0.100305414581 0.0
2016-10-28 23:37:19,402 INFO     [task] make[shears] 0.100079094019 0.00276110444178
2016-10-28 23:37:19,402 INFO     [task] get[gem] 0.100305414581 0.0
2016-10-28 23:37:19,402 INFO     [task] make[rope] 0.0994925483224 0.0104724792986
2016-10-28 23:37:19,402 INFO     
2016-10-28 23:37:19,402 INFO     [rollout0] [5, 5]
2016-10-28 23:37:19,402 INFO     [rollout1] [5, 2, 3, 2, 0, 3, 4, 4, 4, 1, 0, 4, 3, 1, 5]
2016-10-28 23:37:19,402 INFO     [rollout2] [2, 4, 1, 3, 2, 5, 3, 1, 1, 1, 5]
2016-10-28 23:37:19,402 INFO     [reward] 0.00319327731092
2016-10-28 23:37:19,402 INFO     [error] [ -1.57982236e-05   1.96803734e-07]
2016-10-28 23:37:19,402 INFO     
2016-10-28 23:37:19,402 INFO     [min reward] 0.0
2016-10-28 23:37:19,402 INFO     
2016-10-28 23:37:19,402 INFO     [max steps] 100
2016-10-28 23:48:31,283 INFO     [step] 548200
2016-10-28 23:48:31,284 INFO     [task] make[cloth] 0.0995266995541 0.00830794793686
2016-10-28 23:48:31,284 INFO     [task] make[bed] 0.100319773539 0.000138850319356
2016-10-28 23:48:31,284 INFO     [task] make[stick] 0.0999366894999 0.00463404661306
2016-10-28 23:48:31,284 INFO     [task] make[bridge] 0.100187961307 0.00135795763172
2016-10-28 23:48:31,284 INFO     [task] make[plank] 0.0997444540739 0.00799338478501
2016-10-28 23:48:31,284 INFO     [task] make[axe] 0.100319773539 0.0
2016-10-28 23:48:31,284 INFO     [task] get[gold] 0.100319773539 0.0
2016-10-28 23:48:31,284 INFO     [task] make[shears] 0.100045522675 0.00285947712418
2016-10-28 23:48:31,284 INFO     [task] get[gem] 0.100319773539 0.0
2016-10-28 23:48:31,284 INFO     [task] make[rope] 0.0992795787352 0.0100648007721
2016-10-28 23:48:31,284 INFO     
2016-10-28 23:48:31,284 INFO     [rollout0] [4, 4, 2, 0, 0, 2, 0, 5, 2, 1, 1, 1, 4, 2, 3, 1, 4, 5, 0, 0, 1, 2, 4, 4, 4, 5, 0, 3, 3, 4, 3, 5]
2016-10-28 23:48:31,284 INFO     [rollout1] [4, 0, 1, 1, 0, 5, 1, 3, 5, 4, 2, 4, 3, 0, 4, 0, 5]
2016-10-28 23:48:31,285 INFO     [rollout2] [0, 4, 3, 5, 2, 2, 3, 3, 4, 0, 2, 4, 0, 1, 0, 0, 5, 0, 0, 2, 3, 1, 1, 5, 2, 0, 4, 1, 0, 5]
2016-10-28 23:48:31,285 INFO     [reward] 0.00351573187414
2016-10-28 23:48:31,285 INFO     [error] [  2.00781155e-06   4.19079599e-07]
2016-10-28 23:48:31,285 INFO     
2016-10-28 23:48:31,285 INFO     [min reward] 0.0
2016-10-28 23:48:31,285 INFO     
2016-10-28 23:48:31,285 INFO     [max steps] 100
2016-10-29 00:00:04,075 INFO     [step] 624500
2016-10-29 00:00:04,075 INFO     [task] make[cloth] 0.0995258350281 0.0127330007876
2016-10-29 00:00:04,076 INFO     [task] make[bed] 0.100337497914 0.0
2016-10-29 00:00:04,076 INFO     [task] make[stick] 0.0998908654747 0.00521580388577
2016-10-29 00:00:04,076 INFO     [task] make[bridge] 0.100216370195 0.0014546416292
2016-10-29 00:00:04,076 INFO     [task] make[plank] 0.0995570893046 0.0116741841337
2016-10-29 00:00:04,076 INFO     [task] make[axe] 0.100351293765 0.000127665007022
2016-10-29 00:00:04,076 INFO     [task] get[gold] 0.100351293765 0.0
2016-10-29 00:00:04,076 INFO     [task] make[shears] 0.100067182647 0.00498949579832
2016-10-29 00:00:04,076 INFO     [task] get[gem] 0.100351293765 0.0
2016-10-29 00:00:04,076 INFO     [task] make[rope] 0.099351278142 0.0192610062893
2016-10-29 00:00:04,076 INFO     
2016-10-29 00:00:04,076 INFO     [rollout0] [4, 3, 2, 1, 4, 4, 4, 1, 1, 2, 2, 2, 3, 0, 6, 3, 5, 2, 5, 0, 5]
2016-10-29 00:00:04,076 INFO     [rollout1] [5, 2, 1, 5, 0, 0, 1, 0, 3, 0, 2, 1, 0, 3, 1, 1, 4, 3, 6, 2, 1, 4, 2, 5]
2016-10-29 00:00:04,076 INFO     [rollout2] [1, 5, 5, 4, 2, 1, 4, 1, 4, 4, 1, 4, 1, 4, 1, 4, 4, 6]
2016-10-29 00:00:04,076 INFO     [reward] 0.00553079947575
2016-10-29 00:00:04,076 INFO     [error] [  1.19316238e-05   2.23991706e-06]
2016-10-29 00:00:04,077 INFO     
2016-10-29 00:00:04,077 INFO     [min reward] 0.0
2016-10-29 00:00:04,077 INFO     
2016-10-29 00:00:04,077 INFO     [max steps] 100
2016-10-29 00:10:10,006 INFO     [step] 687400
2016-10-29 00:10:10,006 INFO     [task] make[cloth] 0.099284445278 0.0155839895013
2016-10-29 00:10:10,006 INFO     [task] make[bed] 0.100552098696 0.000160668380463
2016-10-29 00:10:10,006 INFO     [task] make[stick] 0.100032831342 0.00521491782554
2016-10-29 00:10:10,006 INFO     [task] make[bridge] 0.100407279618 0.00111181702668
2016-10-29 00:10:10,006 INFO     [task] make[plank] 0.0993898573935 0.0169274992015
2016-10-29 00:10:10,006 INFO     [task] make[axe] 0.10053938881 0.000157257430414
2016-10-29 00:10:10,006 INFO     [task] get[gold] 0.100552098696 0.000157703832203
2016-10-29 00:10:10,006 INFO     [task] make[shears] 0.100055361791 0.003457488606
2016-10-29 00:10:10,006 INFO     [task] get[gem] 0.100552098696 0.0
2016-10-29 00:10:10,006 INFO     [task] make[rope] 0.0986345396805 0.0345757335448
2016-10-29 00:10:10,006 INFO     
2016-10-29 00:10:10,006 INFO     [rollout0] [5, 1, 5, 2, 5, 2, 2, 3, 4, 2, 4, 0, 2, 3, 5]
2016-10-29 00:10:10,007 INFO     [rollout1] [4, 3, 2, 0, 1, 4, 1, 4, 0, 3, 2, 2, 0, 2, 6, 3, 1, 2, 0, 2, 2, 5, 5, 5, 4, 0, 1, 1, 4, 5]
2016-10-29 00:10:10,007 INFO     [rollout2] [0, 0, 4, 1, 2, 2, 5, 4, 5]
2016-10-29 00:10:10,007 INFO     [reward] 0.00769475357711
2016-10-29 00:10:10,007 INFO     [error] [  2.79737658e-06   3.34171872e-07]
2016-10-29 00:10:10,007 INFO     
2016-10-29 00:10:10,007 INFO     [min reward] 0.0
2016-10-29 00:10:10,007 INFO     
2016-10-29 00:10:10,007 INFO     [max steps] 100
2016-10-29 00:20:00,221 INFO     [step] 748900
2016-10-29 00:20:00,222 INFO     [task] make[cloth] 0.0992168458765 0.0193494578816
2016-10-29 00:20:00,222 INFO     [task] make[bed] 0.100755692052 0.000162813415825
2016-10-29 00:20:00,222 INFO     [task] make[stick] 0.100251409455 0.00418208138974
2016-10-29 00:20:00,222 INFO     [task] make[bridge] 0.100660792163 0.0024077046549
2016-10-29 00:20:00,222 INFO     [task] make[plank] 0.0990827985628 0.0259380097879
2016-10-29 00:20:00,222 INFO     [task] make[axe] 0.100756032376 0.00016318537859
2016-10-29 00:20:00,222 INFO     [task] get[gold] 0.100755987837 0.0
2016-10-29 00:20:00,222 INFO     [task] make[shears] 0.100426755168 0.00272087067862
2016-10-29 00:20:00,222 INFO     [task] get[gem] 0.100771722576 0.0
2016-10-29 00:20:00,222 INFO     [task] make[rope] 0.0973219639339 0.0381236532405
2016-10-29 00:20:00,222 INFO     
2016-10-29 00:20:00,222 INFO     [rollout0] [4, 5, 3, 1, 5]
2016-10-29 00:20:00,222 INFO     [rollout1] [4, 2, 5, 0, 0, 2, 0, 5, 3, 3, 0, 3, 4, 1, 3, 4, 4, 0, 4, 0, 2, 2, 6, 3, 1, 1, 1, 0, 0, 3, 1, 1, 1, 4, 1, 3, 3, 6]
2016-10-29 00:20:00,222 INFO     [rollout2] [5, 4, 4, 2, 3, 5, 4, 5, 0, 1, 2, 1, 5]
2016-10-29 00:20:00,222 INFO     [reward] 0.00918699186992
2016-10-29 00:20:00,222 INFO     [error] [ -4.15374975e-05   6.27192947e-06]
2016-10-29 00:20:00,223 INFO     
2016-10-29 00:20:00,223 INFO     [min reward] 0.0
2016-10-29 00:20:00,223 INFO     
2016-10-29 00:20:00,223 INFO     [max steps] 100
2016-10-29 00:29:30,410 INFO     [step] 808200
2016-10-29 00:29:30,410 INFO     [task] make[cloth] 0.0989962298196 0.0263522884882
2016-10-29 00:29:30,410 INFO     [task] make[bed] 0.100913561294 0.0
2016-10-29 00:29:30,410 INFO     [task] make[stick] 0.100511913731 0.00647302904564
2016-10-29 00:29:30,410 INFO     [task] make[bridge] 0.100689228132 0.00186125211506
2016-10-29 00:29:30,410 INFO     [task] make[plank] 0.0983378323616 0.055479216764
2016-10-29 00:29:30,410 INFO     [task] make[axe] 0.100913524124 0.000664451827243
2016-10-29 00:29:30,410 INFO     [task] get[gold] 0.100929831325 0.0
2016-10-29 00:29:30,410 INFO     [task] make[shears] 0.100657933286 0.00523206751055
2016-10-29 00:29:30,410 INFO     [task] get[gem] 0.100929831325 0.0
2016-10-29 00:29:30,410 INFO     [task] make[rope] 0.0971201146009 0.0599757323626
2016-10-29 00:29:30,410 INFO     
2016-10-29 00:29:30,410 INFO     [rollout0] [4, 1, 3, 0, 1, 5, 1, 5, 4, 3, 3, 0, 5, 5]
2016-10-29 00:29:30,410 INFO     [rollout1] [3, 3, 5, 0, 2, 2, 2, 2, 1, 4, 4, 2, 4, 0, 2, 4, 4, 6]
2016-10-29 00:29:30,410 INFO     [rollout2] [4, 1, 2, 0, 2, 3, 2, 2, 1, 4, 0, 2, 4, 2, 6, 4, 2, 2, 3, 3, 0, 4, 2, 3, 1, 0, 3, 0, 1, 6, 1, 3, 0, 1, 1, 1, 5, 4, 1, 1, 5]
2016-10-29 00:29:30,410 INFO     [reward] 0.0152782462057
2016-10-29 00:29:30,410 INFO     [error] [  2.65874499e-05   1.10527155e-05]
2016-10-29 00:29:30,411 INFO     
2016-10-29 00:29:30,411 INFO     [min reward] 0.0
2016-10-29 00:29:30,411 INFO     
2016-10-29 00:29:30,411 INFO     [max steps] 100
2016-10-29 00:39:00,494 INFO     [step] 866100
2016-10-29 00:39:00,494 INFO     [task] make[cloth] 0.0989190943491 0.0429523141655
2016-10-29 00:39:00,494 INFO     [task] make[bed] 0.101569173723 0.000169750466814
2016-10-29 00:39:00,494 INFO     [task] make[stick] 0.100918223018 0.00547382825864
2016-10-29 00:39:00,494 INFO     [task] make[bridge] 0.101381999624 0.00416449765747
2016-10-29 00:39:00,494 INFO     [task] make[plank] 0.0959899873807 0.0753706018932
2016-10-29 00:39:00,494 INFO     [task] make[axe] 0.101502354096 0.000509770603229
2016-10-29 00:39:00,494 INFO     [task] get[gold] 0.101569173723 0.0
2016-10-29 00:39:00,494 INFO     [task] make[shears] 0.101043018501 0.00578526459078
2016-10-29 00:39:00,494 INFO     [task] get[gem] 0.101569173723 0.0
2016-10-29 00:39:00,494 INFO     [task] make[rope] 0.0955378018619 0.129919825073
2016-10-29 00:39:00,494 INFO     
2016-10-29 00:39:00,494 INFO     [rollout0] [1, 0, 3, 4, 0, 0, 4, 4, 4, 4, 3, 2, 3, 1, 6, 4, 1, 0, 0, 0, 3, 4, 2, 2, 0, 3, 5]
2016-10-29 00:39:00,494 INFO     [rollout1] [2, 3, 4, 0, 4, 5, 4, 4, 4, 0, 4, 4, 4, 4, 4, 4, 4, 4, 4, 4, 6]
2016-10-29 00:39:00,494 INFO     [rollout2] [4, 3, 3, 2, 1, 3, 3, 4, 1, 4, 3, 4, 4, 1, 6, 4, 4, 4, 0, 1, 3, 0, 2, 4, 0, 4, 2, 2, 4, 6]
2016-10-29 00:39:00,494 INFO     [reward] 0.0254576856649
2016-10-29 00:39:00,494 INFO     [error] [  1.19556597e-05   1.30590893e-05]
2016-10-29 00:39:00,495 INFO     
2016-10-29 00:39:00,495 INFO     [min reward] 0.0
2016-10-29 00:39:00,495 INFO     
2016-10-29 00:39:00,495 INFO     [max steps] 100
2016-10-29 00:47:42,749 INFO     [step] 917800
2016-10-29 00:47:42,749 INFO     [task] make[cloth] 0.098320627317 0.0936579619085
2016-10-29 00:47:42,749 INFO     [task] make[bed] 0.102670369902 0.000580495356037
2016-10-29 00:47:42,749 INFO     [task] make[stick] 0.102131099437 0.00997928826963
2016-10-29 00:47:42,749 INFO     [task] make[bridge] 0.102264220283 0.00520030816641
2016-10-29 00:47:42,749 INFO     [task] make[plank] 0.0950246301985 0.120368474923
2016-10-29 00:47:42,749 INFO     [task] make[axe] 0.102635799742 0.0011273957159
2016-10-29 00:47:42,750 INFO     [task] get[gold] 0.102687628588 0.0
2016-10-29 00:47:42,750 INFO     [task] make[shears] 0.102099435418 0.00362872421696
2016-10-29 00:47:42,750 INFO     [task] get[gem] 0.102687628588 0.0
2016-10-29 00:47:42,750 INFO     [task] make[rope] 0.0894785605256 0.228021390374
2016-10-29 00:47:42,750 INFO     
2016-10-29 00:47:42,750 INFO     [rollout0] [5, 0, 4, 4, 4, 2, 1, 3, 3, 3, 3, 3, 3, 4, 1, 6]
2016-10-29 00:47:42,750 INFO     [rollout1] [0, 0, 3, 1, 1, 4, 5, 2, 1, 2, 4, 4, 4, 4, 4, 4, 4, 4, 4, 4, 4, 6]
2016-10-29 00:47:42,750 INFO     [rollout2] [2, 5, 2, 2, 2, 2, 2, 4, 4, 0, 3, 2, 0, 4, 2, 5, 3, 1, 5, 0, 4, 1, 0, 0, 4, 0, 1, 1, 2, 3, 3, 2, 5]
2016-10-29 00:47:42,750 INFO     [reward] 0.0433075435203
2016-10-29 00:47:42,750 INFO     [error] [ -3.28130651e-05   5.52389797e-06]
2016-10-29 00:47:42,750 INFO     
2016-10-29 00:47:42,750 INFO     [min reward] 0.0
2016-10-29 00:47:42,750 INFO     
2016-10-29 00:47:42,750 INFO     [max steps] 100
2016-10-29 00:56:35,457 INFO     [step] 967900
2016-10-29 00:56:35,457 INFO     [task] make[cloth] 0.0950815177183 0.22474533107
2016-10-29 00:56:35,457 INFO     [task] make[bed] 0.104739425374 0.00226714528623
2016-10-29 00:56:35,457 INFO     [task] make[stick] 0.103764187463 0.00908746686861
2016-10-29 00:56:35,457 INFO     [task] make[bridge] 0.10426006418 0.0135781220119
2016-10-29 00:56:35,457 INFO     [task] make[plank] 0.0923099804419 0.180338541667
2016-10-29 00:56:35,458 INFO     [task] make[axe] 0.104682677878 0.000568181818182
2016-10-29 00:56:35,458 INFO     [task] get[gold] 0.104799658756 0.0
2016-10-29 00:56:35,458 INFO     [task] make[shears] 0.104423134934 0.00676982591876
2016-10-29 00:56:35,458 INFO     [task] get[gem] 0.104799658756 0.0
2016-10-29 00:56:35,458 INFO     [task] make[rope] 0.0811396944981 0.382197636409
2016-10-29 00:56:35,458 INFO     
2016-10-29 00:56:35,458 INFO     [rollout0] [3, 1, 4, 3, 5, 0, 4, 4, 4, 2, 4, 2, 4, 5]
2016-10-29 00:56:35,458 INFO     [rollout1] [2, 1, 0, 1, 0, 1, 1, 0, 1, 0, 1, 2, 4, 1, 6, 3, 4, 4, 4, 4, 4, 4, 4, 4, 4, 4, 3, 3, 1, 6]
2016-10-29 00:56:35,458 INFO     [rollout2] [0, 5, 4, 5, 2, 0, 4, 3, 4, 3, 0, 2, 4, 5, 1, 2, 5]
2016-10-29 00:56:35,458 INFO     [reward] 0.0714371257485
2016-10-29 00:56:35,458 INFO     [error] [  1.12683252e-08   2.29756075e-05]
2016-10-29 00:56:35,458 INFO     
2016-10-29 00:56:35,458 INFO     [min reward] 0.0
2016-10-29 00:56:35,458 INFO     
2016-10-29 00:56:35,458 INFO     [max steps] 100
2016-10-29 01:05:42,396 INFO     [step] 1017900
2016-10-29 01:05:42,396 INFO     [task] make[cloth] 0.0846138774952 0.384905660377
2016-10-29 01:05:42,396 INFO     [task] make[bed] 0.10858666327 0.0075004687793
2016-10-29 01:05:42,396 INFO     [task] make[stick] 0.107851750283 0.018268176836
2016-10-29 01:05:42,396 INFO     [task] make[bridge] 0.107367866825 0.031834166204
2016-10-29 01:05:42,396 INFO     [task] make[plank] 0.0893988610008 0.232626353791
2016-10-29 01:05:42,396 INFO     [task] make[axe] 0.108769732397 0.00131702728128
2016-10-29 01:05:42,396 INFO     [task] get[gold] 0.108830955933 0.0
2016-10-29 01:05:42,397 INFO     [task] make[shears] 0.108101484025 0.0134785819793
2016-10-29 01:05:42,397 INFO     [task] get[gem] 0.108830955933 0.0
2016-10-29 01:05:42,397 INFO     [task] make[rope] 0.0676478528379 0.479208488672
2016-10-29 01:05:42,397 INFO     
2016-10-29 01:05:42,397 INFO     [rollout0] [0, 1, 3, 3, 1, 2, 3, 4, 1, 2, 3, 2, 4, 2, 6, 5, 5, 4, 1, 3, 3, 3, 0, 0, 3, 5]
2016-10-29 01:05:42,397 INFO     [rollout1] [0, 4, 4, 0, 0, 0, 3, 1, 2, 4, 4, 4, 4, 4, 6, 0, 3, 3, 0, 0, 0, 4, 5, 4, 3, 4, 5, 2, 4, 4, 2, 2, 5]
2016-10-29 01:05:42,397 INFO     [rollout2] [3, 4, 4, 0, 2, 1, 0, 0, 0, 4, 3, 0, 0, 0, 6, 3, 0, 5, 2, 1, 4, 4, 5, 3, 3, 5, 5]
2016-10-29 01:05:42,397 INFO     [reward] 0.09452
2016-10-29 01:05:42,397 INFO     [error] [ -6.59480691e-07   1.90542617e-05]
2016-10-29 01:05:42,397 INFO     
2016-10-29 01:05:42,397 INFO     [min reward] 0.0
2016-10-29 01:05:42,397 INFO     
2016-10-29 01:05:42,397 INFO     [max steps] 100
2016-10-29 01:15:13,931 INFO     [step] 1067900
2016-10-29 01:15:13,931 INFO     [task] make[cloth] 0.0699926170945 0.47342143906
2016-10-29 01:15:13,931 INFO     [task] make[bed] 0.11225116175 0.025021872266
2016-10-29 01:15:13,931 INFO     [task] make[stick] 0.111045487632 0.0470420527441
2016-10-29 01:15:13,931 INFO     [task] make[bridge] 0.109526486356 0.0612093023256
2016-10-29 01:15:13,931 INFO     [task] make[plank] 0.0870435268881 0.332790697674
2016-10-29 01:15:13,931 INFO     [task] make[axe] 0.112943529647 0.00510024621878
2016-10-29 01:15:13,931 INFO     [task] get[gold] 0.113090998885 0.0
2016-10-29 01:15:13,931 INFO     [task] make[shears] 0.111581784727 0.0310283687943
2016-10-29 01:15:13,931 INFO     [task] get[gem] 0.113090998885 0.0
2016-10-29 01:15:13,932 INFO     [task] make[rope] 0.0594334081346 0.572697368421
2016-10-29 01:15:13,932 INFO     
2016-10-29 01:15:13,932 INFO     [rollout0] [5, 0, 5, 4, 2, 3, 1, 1, 5, 2, 0, 0, 0, 4, 5]
2016-10-29 01:15:13,932 INFO     [rollout1] [3, 4, 3, 0, 4, 3, 3, 3, 0, 3, 5, 2, 1, 3, 3, 3, 2, 3, 4, 0, 3, 3, 4, 3, 3, 6, 5, 4, 2, 4, 4, 4, 0, 1, 2, 4, 0, 2, 2, 1, 3, 6]
2016-10-29 01:15:13,932 INFO     [rollout2] [3, 5, 3, 1, 5, 1, 1, 1, 4, 1, 4, 1, 1, 1, 4, 4, 4, 1, 1, 6, 1, 5]
2016-10-29 01:15:13,932 INFO     [reward] 0.11448
2016-10-29 01:15:13,932 INFO     [error] [  2.70078394e-05   2.31754827e-05]
2016-10-29 01:15:13,932 INFO     
2016-10-29 01:15:13,932 INFO     [min reward] 0.0
2016-10-29 01:15:13,932 INFO     
2016-10-29 01:15:13,932 INFO     [max steps] 100
2016-10-29 01:24:40,361 INFO     [step] 1117900
2016-10-29 01:24:40,361 INFO     [task] make[cloth] 0.0627453340205 0.562400255346
2016-10-29 01:24:40,361 INFO     [task] make[bed] 0.115179371906 0.0878872258963
2016-10-29 01:24:40,361 INFO     [task] make[stick] 0.112604420763 0.127250044555
2016-10-29 01:24:40,361 INFO     [task] make[bridge] 0.110947759703 0.0925394548063
2016-10-29 01:24:40,361 INFO     [task] make[plank] 0.0791901260493 0.430573248408
2016-10-29 01:24:40,361 INFO     [task] make[axe] 0.117508926554 0.0120316259883
2016-10-29 01:24:40,361 INFO     [task] get[gold] 0.118105328789 0.0
2016-10-29 01:24:40,361 INFO     [task] make[shears] 0.114476996414 0.0655142610199
2016-10-29 01:24:40,361 INFO     [task] get[gem] 0.118105328789 0.0
2016-10-29 01:24:40,361 INFO     [task] make[rope] 0.0511364070126 0.634858044164
2016-10-29 01:24:40,361 INFO     
2016-10-29 01:24:40,361 INFO     [rollout0] [5, 1, 2, 4, 4, 4, 4, 4, 4, 4, 4, 4, 4, 4, 4, 6, 1, 3, 4, 1, 1, 1, 4, 5, 0, 1, 2, 2, 1, 0, 3, 3, 0, 5]
2016-10-29 01:24:40,361 INFO     [rollout1] [3, 1, 2, 3, 3, 0, 0, 1, 2, 3, 0, 5, 3, 0, 4, 0, 2, 0, 0, 4, 3, 1, 0, 2, 3, 0, 6, 0, 2, 0, 2, 1, 0, 4, 2, 2, 4, 1, 4, 1, 4, 6]
2016-10-29 01:24:40,362 INFO     [rollout2] [1, 0, 3, 2, 0, 3, 0, 0, 0, 4, 0, 4, 5, 0, 3, 4, 5, 5, 1, 4, 3, 1, 4, 4, 4, 4, 4, 4, 4, 4, 4, 4, 6]
2016-10-29 01:24:40,362 INFO     [reward] 0.14492
2016-10-29 01:24:40,362 INFO     [error] [ -5.40245435e-05   2.44916558e-05]
2016-10-29 01:24:40,362 INFO     
2016-10-29 01:24:40,362 INFO     [min reward] 0.0
2016-10-29 01:24:40,362 INFO     
2016-10-29 01:24:40,362 INFO     [max steps] 100
2016-10-29 01:33:52,224 INFO     [step] 1167900
2016-10-29 01:33:52,224 INFO     [task] make[cloth] 0.0553484286305 0.632311977716
2016-10-29 01:33:52,224 INFO     [task] make[bed] 0.114024848487 0.265088125334
2016-10-29 01:33:52,224 INFO     [task] make[stick] 0.109157396739 0.314285714286
2016-10-29 01:33:52,224 INFO     [task] make[bridge] 0.113449572109 0.125944141929
2016-10-29 01:33:52,224 INFO     [task] make[plank] 0.0716496391925 0.5770609319
2016-10-29 01:33:52,224 INFO     [task] make[axe] 0.123404854413 0.0350848827809
2016-10-29 01:33:52,224 INFO     [task] get[gold] 0.124892638087 0.0
2016-10-29 01:33:52,224 INFO     [task] make[shears] 0.116791401561 0.133994189028
2016-10-29 01:33:52,224 INFO     [task] get[gem] 0.124892638087 0.0
2016-10-29 01:33:52,224 INFO     [task] make[rope] 0.0463885826945 0.696754112939
2016-10-29 01:33:52,224 INFO     
2016-10-29 01:33:52,224 INFO     [rollout0] [4, 4, 4, 4, 5, 2, 1, 4, 1, 2, 2, 4, 5]
2016-10-29 01:33:52,224 INFO     [rollout1] [5, 4, 4, 4, 4, 3, 1, 4, 2, 1, 0, 4, 2, 4, 1, 6, 3, 3, 4, 3, 4, 3, 3, 0, 4, 5, 1, 5]
2016-10-29 01:33:52,225 INFO     [rollout2] [5, 3, 0, 3, 0, 3, 3, 4, 1, 5, 3, 4, 3, 3, 0, 4, 5, 1, 5]
2016-10-29 01:33:52,225 INFO     [reward] 0.20798
2016-10-29 01:33:52,225 INFO     [error] [ -1.72762399e-05   3.12161001e-05]
2016-10-29 01:33:52,225 INFO     
2016-10-29 01:33:52,225 INFO     [min reward] 0.0
2016-10-29 01:33:52,225 INFO     
2016-10-29 01:33:52,225 INFO     [max steps] 100
2016-10-29 01:42:42,985 INFO     [step] 1217900
2016-10-29 01:42:42,985 INFO     [task] make[cloth] 0.0516004186913 0.663533098316
2016-10-29 01:42:42,986 INFO     [task] make[bed] 0.101771203621 0.405697445972
2016-10-29 01:42:42,986 INFO     [task] make[stick] 0.0950497402997 0.427487352445
2016-10-29 01:42:42,986 INFO     [task] make[bridge] 0.120781305552 0.160906423215
2016-10-29 01:42:42,986 INFO     [task] make[plank] 0.0591489162053 0.665110073382
2016-10-29 01:42:42,986 INFO     [task] make[axe] 0.133194661384 0.0511910045865
2016-10-29 01:42:42,986 INFO     [task] get[gold] 0.137988021339 0.0
2016-10-29 01:42:42,986 INFO     [task] make[shears] 0.119681493601 0.178250748254
2016-10-29 01:42:42,986 INFO     [task] get[gem] 0.137988021339 0.0
2016-10-29 01:42:42,986 INFO     [task] make[rope] 0.0427962179683 0.731856738926
2016-10-29 01:42:42,986 INFO     
2016-10-29 01:42:42,986 INFO     [rollout0] [3, 5, 4, 0, 4, 3, 1, 4, 2, 1, 4, 2, 4, 1, 2, 4, 6, 2, 2, 2, 2, 2, 2, 2, 2, 2, 2, 2, 2, 2, 2, 6, 5]
2016-10-29 01:42:42,986 INFO     [rollout1] [4, 4, 4, 2, 4, 5, 2, 2, 0, 3, 1, 2, 2, 4, 5, 5, 5]
2016-10-29 01:42:42,986 INFO     [rollout2] [4, 4, 4, 4, 3, 4, 5, 0, 0, 2, 2, 4, 2, 4, 5]
2016-10-29 01:42:42,986 INFO     [reward] 0.23478
2016-10-29 01:42:42,986 INFO     [error] [ -4.45583977e-05   4.24872133e-05]
2016-10-29 01:42:42,986 INFO     
2016-10-29 01:42:42,987 INFO     [min reward] 0.0
2016-10-29 01:42:42,987 INFO     
2016-10-29 01:42:42,987 INFO     [max steps] 100
2016-10-29 01:51:26,275 INFO     [step] 1267900
2016-10-29 01:51:26,275 INFO     [task] make[cloth] 0.0508316568791 0.700923323966
2016-10-29 01:51:26,275 INFO     [task] make[bed] 0.0886598400257 0.491711469534
2016-10-29 01:51:26,275 INFO     [task] make[stick] 0.085462948652 0.482254196643
2016-10-29 01:51:26,275 INFO     [task] make[bridge] 0.124574189175 0.192732511606
2016-10-29 01:51:26,275 INFO     [task] make[plank] 0.0506002920501 0.705594120049
2016-10-29 01:51:26,275 INFO     [task] make[axe] 0.140671012528 0.0646171363507
2016-10-29 01:51:26,275 INFO     [task] get[gold] 0.148181466104 0.0
2016-10-29 01:51:26,275 INFO     [task] make[shears] 0.122029528272 0.221959672338
2016-10-29 01:51:26,275 INFO     [task] get[gem] 0.148181466104 0.0
2016-10-29 01:51:26,276 INFO     [task] make[rope] 0.0408076002107 0.744096385542
2016-10-29 01:51:26,276 INFO     
2016-10-29 01:51:26,276 INFO     [rollout0] [1, 4, 5, 0, 3, 0, 0, 3, 3, 0, 4, 5, 2, 1, 1, 4, 5, 2, 1, 1, 2, 4, 5]
2016-10-29 01:51:26,276 INFO     [rollout1] [2, 4, 4, 0, 3, 4, 5, 0, 2, 2, 4, 5, 2, 5, 0, 4, 5]
2016-10-29 01:51:26,276 INFO     [rollout2] [2, 4, 5, 0, 4, 5, 0, 5, 3, 4, 3, 3, 4, 3, 3, 4, 4, 4, 3, 3, 4, 3, 6]
2016-10-29 01:51:26,276 INFO     [reward] 0.24582
2016-10-29 01:51:26,276 INFO     [error] [ -7.01068265e-06   3.87997977e-05]
2016-10-29 01:51:26,276 INFO     
2016-10-29 01:51:26,276 INFO     [min reward] 0.0
2016-10-29 01:51:26,276 INFO     
2016-10-29 01:51:26,276 INFO     [max steps] 100
2016-10-29 02:00:18,721 INFO     [step] 1317900
2016-10-29 02:00:18,722 INFO     [task] make[cloth] 0.0475787232208 0.720968403775
2016-10-29 02:00:18,722 INFO     [task] make[bed] 0.079784430375 0.546323529412
2016-10-29 02:00:18,722 INFO     [task] make[stick] 0.0812402664319 0.521456123433
2016-10-29 02:00:18,722 INFO     [task] make[bridge] 0.125808728522 0.217433103669
2016-10-29 02:00:18,722 INFO     [task] make[plank] 0.0468597090367 0.750104821803
2016-10-29 02:00:18,722 INFO     [task] make[axe] 0.145530585434 0.0779543883898
2016-10-29 02:00:18,722 INFO     [task] get[gold] 0.155477634449 0.0
2016-10-29 02:00:18,722 INFO     [task] make[shears] 0.12130955049 0.22030810005
2016-10-29 02:00:18,722 INFO     [task] get[gem] 0.155477634449 0.0
2016-10-29 02:00:18,722 INFO     [task] make[rope] 0.0409327375914 0.781130268199
2016-10-29 02:00:18,722 INFO     
2016-10-29 02:00:18,722 INFO     [rollout0] [0, 4, 5, 3, 3, 0, 0, 2, 3, 0, 4, 0, 3, 3, 3, 3, 3, 6]
2016-10-29 02:00:18,722 INFO     [rollout1] [4, 4, 4, 4, 4, 4, 4, 4, 4, 4, 4, 4, 4, 4, 6, 3, 1, 4, 2, 4, 2, 2, 2, 4, 2, 2, 2, 2, 1, 6]
2016-10-29 02:00:18,722 INFO     [rollout2] [2, 0, 0, 0, 1, 3, 4, 3, 3, 0, 3, 1, 3, 1, 6, 4, 2, 0, 4, 0, 3, 3, 4, 3, 0, 4, 5, 5, 2, 4, 0, 4, 0, 4, 5]
2016-10-29 02:00:18,722 INFO     [reward] 0.2564
2016-10-29 02:00:18,722 INFO     [error] [ -2.09661726e-05   3.75630957e-05]
2016-10-29 02:00:18,723 INFO     
2016-10-29 02:00:18,723 INFO     [min reward] 0.0
2016-10-29 02:00:18,723 INFO     
2016-10-29 02:00:18,723 INFO     [max steps] 100
2016-10-29 02:09:05,702 INFO     [step] 1367900
2016-10-29 02:09:05,702 INFO     [task] make[cloth] 0.0461393316482 0.737089201878
2016-10-29 02:09:05,702 INFO     [task] make[bed] 0.0740186288745 0.575593952484
2016-10-29 02:09:05,702 INFO     [task] make[stick] 0.077988317679 0.547319825596
2016-10-29 02:09:05,702 INFO     [task] make[bridge] 0.126520793439 0.225730442978
2016-10-29 02:09:05,702 INFO     [task] make[plank] 0.0414881624613 0.753477218225
2016-10-29 02:09:05,702 INFO     [task] make[axe] 0.148786368505 0.0900804289544
2016-10-29 02:09:05,702 INFO     [task] get[gold] 0.161230556013 0.000250815149235
2016-10-29 02:09:05,702 INFO     [task] make[shears] 0.126061845652 0.22521381058
2016-10-29 02:09:05,702 INFO     [task] get[gem] 0.161230556013 0.0
2016-10-29 02:09:05,702 INFO     [task] make[rope] 0.0365354397157 0.780849974398
2016-10-29 02:09:05,702 INFO     
2016-10-29 02:09:05,702 INFO     [rollout0] [2, 1, 5, 3, 0, 1, 1, 1, 3, 0, 0, 0, 1, 3, 0, 3, 4, 6, 1, 3, 3, 3, 3, 0, 4, 5, 3, 3, 1, 1, 1, 5]
2016-10-29 02:09:05,703 INFO     [rollout1] [5, 0, 0, 3, 0, 2, 0, 4, 5, 3, 4, 0, 4, 0, 0, 4, 4, 2, 4, 1, 0, 2, 0, 6]
2016-10-29 02:09:05,703 INFO     [rollout2] [4, 3, 2, 3, 4, 5, 0, 2, 0, 2, 4, 1, 2, 2, 0, 2, 1, 2, 0, 2, 6, 5, 1, 1, 4, 5, 5]
2016-10-29 02:09:05,703 INFO     [reward] 0.25244
2016-10-29 02:09:05,703 INFO     [error] [ -3.74398079e-05   3.61936455e-05]
2016-10-29 02:09:05,703 INFO     
2016-10-29 02:09:05,703 INFO     [min reward] 0.0
2016-10-29 02:09:05,703 INFO     
2016-10-29 02:09:05,703 INFO     [max steps] 100
2016-10-29 02:17:55,821 INFO     [step] 1417900
2016-10-29 02:17:55,821 INFO     [task] make[cloth] 0.0442721188041 0.777089783282
2016-10-29 02:17:55,821 INFO     [task] make[bed] 0.0704701912756 0.618862690707
2016-10-29 02:17:55,821 INFO     [task] make[stick] 0.0750568749585 0.570483998942
2016-10-29 02:17:55,821 INFO     [task] make[bridge] 0.12722572812 0.242096902303
2016-10-29 02:17:55,821 INFO     [task] make[plank] 0.0416136230183 0.796927508401
2016-10-29 02:17:55,821 INFO     [task] make[axe] 0.1492311364 0.0989428029276
2016-10-29 02:17:55,821 INFO     [task] get[gold] 0.163803470517 0.0
2016-10-29 02:17:55,821 INFO     [task] make[shears] 0.127309537229 0.24213984045
2016-10-29 02:17:55,821 INFO     [task] get[gem] 0.163844158237 0.0
2016-10-29 02:17:55,821 INFO     [task] make[rope] 0.0371731614403 0.817148760331
2016-10-29 02:17:55,821 INFO     
2016-10-29 02:17:55,821 INFO     [rollout0] [1, 2, 0, 2, 4, 5, 1, 3, 3, 1, 4, 5, 5, 5]
2016-10-29 02:17:55,821 INFO     [rollout1] [4, 3, 5, 1, 3, 0, 4, 5, 3, 1, 3, 4, 5]
2016-10-29 02:17:55,821 INFO     [rollout2] [5, 4, 2, 2, 4, 5, 5, 1, 4, 0, 4, 3, 3, 3, 3, 2, 0, 1, 0, 1, 4, 6]
2016-10-29 02:17:55,821 INFO     [reward] 0.26378
2016-10-29 02:17:55,822 INFO     [error] [  4.50686258e-06   3.62654923e-05]
2016-10-29 02:17:55,822 INFO     
2016-10-29 02:17:55,822 INFO     [min reward] 0.0
2016-10-29 02:17:55,822 INFO     
2016-10-29 02:17:55,822 INFO     [max steps] 100
2016-10-29 02:26:22,102 INFO     [step] 1467900
2016-10-29 02:26:22,102 INFO     [task] make[cloth] 0.0392348624755 0.772536687631
2016-10-29 02:26:22,102 INFO     [task] make[bed] 0.0658889882778 0.636527485731
2016-10-29 02:26:22,102 INFO     [task] make[stick] 0.0740386149662 0.568237537456
2016-10-29 02:26:22,102 INFO     [task] make[bridge] 0.129357023737 0.250344510795
2016-10-29 02:26:22,102 INFO     [task] make[plank] 0.0358931008823 0.815351583468
2016-10-29 02:26:22,102 INFO     [task] make[axe] 0.153472030287 0.0996986767981
2016-10-29 02:26:22,102 INFO     [task] get[gold] 0.170139428225 0.0
2016-10-29 02:26:22,102 INFO     [task] make[shears] 0.129349790597 0.25702247191
2016-10-29 02:26:22,102 INFO     [task] get[gem] 0.170139428225 0.0
2016-10-29 02:26:22,102 INFO     [task] make[rope] 0.0324867323266 0.820689655172
2016-10-29 02:26:22,102 INFO     
2016-10-29 02:26:22,102 INFO     [rollout0] [0, 2, 4, 5, 0, 3, 0, 0, 0, 3, 0, 3, 0, 3, 0, 4, 3, 0, 6]
2016-10-29 02:26:22,102 INFO     [rollout1] [0, 2, 4, 5, 0, 2, 2, 0, 2, 2, 2, 0, 4, 4, 2, 4, 2, 4, 6, 5, 0, 5]
2016-10-29 02:26:22,102 INFO     [rollout2] [5, 2, 1, 4, 5, 3, 0, 3, 0, 0, 4, 5, 5]
2016-10-29 02:26:22,102 INFO     [reward] 0.251
2016-10-29 02:26:22,102 INFO     [error] [ -2.36273986e-05   3.31735376e-05]
2016-10-29 02:26:22,103 INFO     
2016-10-29 02:26:22,103 INFO     [min reward] 0.0
2016-10-29 02:26:22,103 INFO     
2016-10-29 02:26:22,103 INFO     [max steps] 100
2016-10-29 02:34:45,908 INFO     [step] 1518000
2016-10-29 02:34:45,908 INFO     [task] make[cloth] 0.0403877236658 0.778700537372
2016-10-29 02:34:45,908 INFO     [task] make[bed] 0.0635201478181 0.647794807632
2016-10-29 02:34:45,908 INFO     [task] make[stick] 0.0751348917235 0.562814070352
2016-10-29 02:34:45,908 INFO     [task] make[bridge] 0.129202088833 0.25953125
2016-10-29 02:34:45,908 INFO     [task] make[plank] 0.0331057727632 0.804583835947
2016-10-29 02:34:45,908 INFO     [task] make[axe] 0.154823909122 0.106882168926
2016-10-29 02:34:45,908 INFO     [task] get[gold] 0.171780644747 0.000116279069767
2016-10-29 02:34:45,908 INFO     [task] make[shears] 0.128066302233 0.263067561242
2016-10-29 02:34:45,908 INFO     [task] get[gem] 0.171780644747 0.0
2016-10-29 02:34:45,908 INFO     [task] make[rope] 0.0321978743482 0.815950920245
2016-10-29 02:34:45,908 INFO     
2016-10-29 02:34:45,908 INFO     [rollout0] [3, 5, 3, 1, 3, 4, 5, 3, 0, 5, 2, 5]
2016-10-29 02:34:45,908 INFO     [rollout1] [3, 4, 5, 3, 0, 0, 3, 4, 5, 5, 1, 2, 1, 2, 4, 4, 4, 2, 1, 4, 5]
2016-10-29 02:34:45,908 INFO     [rollout2] [2, 1, 3, 1, 3, 4, 4, 4, 4, 4, 4, 1, 4, 5, 4, 4, 4, 4, 4, 4, 4, 4, 4, 4, 4, 4, 4, 4, 6]
2016-10-29 02:34:45,908 INFO     [reward] 0.251996007984
2016-10-29 02:34:45,908 INFO     [error] [ -1.03237661e-05   5.45338650e-05]
2016-10-29 02:34:45,909 INFO     
2016-10-29 02:34:45,909 INFO     [min reward] 0.0
2016-10-29 02:34:45,909 INFO     
2016-10-29 02:34:45,909 INFO     [max steps] 100
2016-10-29 02:43:05,838 INFO     [step] 1568000
2016-10-29 02:43:05,838 INFO     [task] make[cloth] 0.0394671360923 0.76967648479
2016-10-29 02:43:05,838 INFO     [task] make[bed] 0.0618038687081 0.662936142199
2016-10-29 02:43:05,838 INFO     [task] make[stick] 0.0763043188404 0.579405737705
2016-10-29 02:43:05,839 INFO     [task] make[bridge] 0.128054133601 0.278544542033
2016-10-29 02:43:05,839 INFO     [task] make[plank] 0.0350506119216 0.803288314739
2016-10-29 02:43:05,839 INFO     [task] make[axe] 0.154100982084 0.104638762997
2016-10-29 02:43:05,839 INFO     [task] get[gold] 0.17231868072 0.000115513457318
2016-10-29 02:43:05,839 INFO     [task] make[shears] 0.127450725035 0.273387969692
2016-10-29 02:43:05,839 INFO     [task] get[gem] 0.172338521674 0.0
2016-10-29 02:43:05,839 INFO     [task] make[rope] 0.0331110213238 0.821123321123
2016-10-29 02:43:05,839 INFO     
2016-10-29 02:43:05,839 INFO     [rollout0] [0, 4, 5, 1, 4, 5, 0, 4, 5, 5, 0, 1, 0, 0, 0, 3, 4, 0, 5]
2016-10-29 02:43:05,839 INFO     [rollout1] [1, 4, 5, 2, 0, 2, 0, 0, 2, 4, 5, 5, 5]
2016-10-29 02:43:05,839 INFO     [rollout2] [1, 4, 3, 0, 0, 4, 5, 3, 1, 3, 4, 5, 5, 1, 5, 5]
2016-10-29 02:43:05,839 INFO     [reward] 0.25826
2016-10-29 02:43:05,839 INFO     [error] [  1.84217464e-06   4.08319112e-05]
2016-10-29 02:43:05,839 INFO     
2016-10-29 02:43:05,839 INFO     [min reward] 0.0
2016-10-29 02:43:05,840 INFO     
2016-10-29 02:43:05,840 INFO     [max steps] 100
2016-10-29 02:51:34,036 INFO     [step] 1618000
2016-10-29 02:51:34,036 INFO     [task] make[cloth] 0.041385973588 0.800380228137
2016-10-29 02:51:34,036 INFO     [task] make[bed] 0.0597676662634 0.69909426367
2016-10-29 02:51:34,036 INFO     [task] make[stick] 0.0741523889201 0.574946466809
2016-10-29 02:51:34,036 INFO     [task] make[bridge] 0.125963521455 0.312944523471
2016-10-29 02:51:34,036 INFO     [task] make[plank] 0.0355976997885 0.831024930748
2016-10-29 02:51:34,036 INFO     [task] make[axe] 0.155911735102 0.115998442974
2016-10-29 02:51:34,036 INFO     [task] get[gold] 0.173911623465 0.000115233924867
2016-10-29 02:51:34,036 INFO     [task] make[shears] 0.126851531796 0.279719163874
2016-10-29 02:51:34,036 INFO     [task] get[gem] 0.173931515971 0.0
2016-10-29 02:51:34,036 INFO     [task] make[rope] 0.032526343652 0.842137973897
2016-10-29 02:51:34,036 INFO     
2016-10-29 02:51:34,036 INFO     [rollout0] [1, 0, 1, 2, 1, 3, 1, 4, 3, 1, 3, 4, 5, 1, 3, 4, 5, 5, 5, 2, 4, 5]
2016-10-29 02:51:34,036 INFO     [rollout1] [0, 1, 0, 4, 0, 3, 4, 1, 1, 3, 4, 5, 2, 1, 4, 5, 3, 5, 1, 3, 4, 5]
2016-10-29 02:51:34,036 INFO     [rollout2] [0, 3, 0, 4, 2, 0, 2, 4, 5, 1, 4, 4, 3, 1, 1, 1, 4, 3, 5, 0, 0, 0, 2, 2, 0, 4, 5, 0, 3, 2, 5]
2016-10-29 02:51:34,037 INFO     [reward] 0.26798
2016-10-29 02:51:34,037 INFO     [error] [  8.21733844e-06   4.51220685e-05]
2016-10-29 02:51:34,037 INFO     
2016-10-29 02:51:34,037 INFO     [min reward] 0.0
2016-10-29 02:51:34,037 INFO     
2016-10-29 02:51:34,037 INFO     [max steps] 100
2016-10-29 03:00:02,020 INFO     [step] 1668000
2016-10-29 03:00:02,020 INFO     [task] make[cloth] 0.0371426627949 0.813180827887
2016-10-29 03:00:02,020 INFO     [task] make[bed] 0.0550895882715 0.69407540395
2016-10-29 03:00:02,020 INFO     [task] make[stick] 0.0770874165992 0.566570755951
2016-10-29 03:00:02,020 INFO     [task] make[bridge] 0.123511710198 0.315260097438
2016-10-29 03:00:02,020 INFO     [task] make[plank] 0.0317127081422 0.847770700637
2016-10-29 03:00:02,020 INFO     [task] make[axe] 0.158408713432 0.1230248307
2016-10-29 03:00:02,020 INFO     [task] get[gold] 0.178942134106 0.0
2016-10-29 03:00:02,020 INFO     [task] make[shears] 0.129398933129 0.292595479345
2016-10-29 03:00:02,020 INFO     [task] get[gem] 0.17896255248 0.0
2016-10-29 03:00:02,020 INFO     [task] make[rope] 0.0297435808474 0.836918806384
2016-10-29 03:00:02,020 INFO     
2016-10-29 03:00:02,020 INFO     [rollout0] [0, 3, 3, 4, 5, 3, 4, 3, 4, 5, 5, 5]
2016-10-29 03:00:02,020 INFO     [rollout1] [3, 0, 3, 1, 3, 4, 5, 0, 0, 0, 4, 0, 3, 4, 5]
2016-10-29 03:00:02,020 INFO     [rollout2] [0, 3, 5, 4, 1, 5, 4, 1, 3, 4, 1, 3, 1, 4, 4, 4, 4, 4, 4, 4, 6]
2016-10-29 03:00:02,020 INFO     [reward] 0.25986
2016-10-29 03:00:02,020 INFO     [error] [ -1.11946999e-05   3.08492170e-05]
2016-10-29 03:00:02,021 INFO     
2016-10-29 03:00:02,021 INFO     [min reward] 0.0
2016-10-29 03:00:02,021 INFO     
2016-10-29 03:00:02,021 INFO     [max steps] 100
2016-10-29 03:08:33,330 INFO     [step] 1718000
2016-10-29 03:08:33,331 INFO     [task] make[cloth] 0.0350798601658 0.799543118218
2016-10-29 03:08:33,331 INFO     [task] make[bed] 0.0563084913597 0.716407355021
2016-10-29 03:08:33,331 INFO     [task] make[stick] 0.0790341495071 0.570740365112
2016-10-29 03:08:33,331 INFO     [task] make[bridge] 0.123826243001 0.328666775191
2016-10-29 03:08:33,331 INFO     [task] make[plank] 0.0289147702195 0.844042838019
2016-10-29 03:08:33,331 INFO     [task] make[axe] 0.158089095567 0.123741188318
2016-10-29 03:08:33,331 INFO     [task] get[gold] 0.180016298143 0.0
2016-10-29 03:08:33,331 INFO     [task] make[shears] 0.127865847603 0.300078431373
2016-10-29 03:08:33,331 INFO     [task] get[gem] 0.180016298143 0.0
2016-10-29 03:08:33,331 INFO     [task] make[rope] 0.03084894629 0.841558441558
2016-10-29 03:08:33,331 INFO     
2016-10-29 03:08:33,331 INFO     [rollout0] [3, 4, 5, 0, 3, 3, 4, 5, 4, 5, 1, 3, 3, 1, 4, 4, 4, 4, 4, 4, 4, 4, 4, 4, 6]
2016-10-29 03:08:33,331 INFO     [rollout1] [2, 4, 1, 4, 5, 2, 4, 2, 1, 4, 5, 5, 5]
2016-10-29 03:08:33,331 INFO     [rollout2] [4, 5, 0, 0, 0, 4, 5, 3, 5, 5]
2016-10-29 03:08:33,331 INFO     [reward] 0.26298
2016-10-29 03:08:33,331 INFO     [error] [ -2.06702253e-05   4.86453883e-05]
2016-10-29 03:08:33,332 INFO     
2016-10-29 03:08:33,332 INFO     [min reward] 0.0
2016-10-29 03:08:33,332 INFO     
2016-10-29 03:08:33,332 INFO     [max steps] 100
2016-10-29 03:16:51,552 INFO     [step] 1768100
2016-10-29 03:16:51,552 INFO     [task] make[cloth] 0.0377486136229 0.803495762712
2016-10-29 03:16:51,552 INFO     [task] make[bed] 0.0526602657228 0.718937125749
2016-10-29 03:16:51,552 INFO     [task] make[stick] 0.0787878357654 0.563291139241
2016-10-29 03:16:51,552 INFO     [task] make[bridge] 0.1222073825 0.344704353476
2016-10-29 03:16:51,552 INFO     [task] make[plank] 0.0297669182045 0.848891873741
2016-10-29 03:16:51,552 INFO     [task] make[axe] 0.158963875017 0.135522312373
2016-10-29 03:16:51,552 INFO     [task] get[gold] 0.181158722092 0.000109505037232
2016-10-29 03:16:51,552 INFO     [task] make[shears] 0.12733513283 0.324091478697
2016-10-29 03:16:51,552 INFO     [task] get[gem] 0.181158722092 0.0
2016-10-29 03:16:51,553 INFO     [task] make[rope] 0.030212532153 0.850948509485
2016-10-29 03:16:51,553 INFO     
2016-10-29 03:16:51,553 INFO     [rollout0] [4, 1, 4, 5, 1, 1, 1, 3, 1, 1, 3, 1, 4, 5, 0, 0, 0, 0, 0, 4, 0, 4, 1, 0, 0, 5, 5]
2016-10-29 03:16:51,553 INFO     [rollout1] [4, 3, 1, 4, 3, 1, 2, 1, 3, 1, 1, 4, 5, 3, 5, 0, 4, 0, 3, 4, 0, 3, 5, 5, 2, 5]
2016-10-29 03:16:51,553 INFO     [rollout2] [3, 4, 5, 1, 2, 3, 4, 5, 0, 2, 3, 1, 5, 5]
2016-10-29 03:16:51,553 INFO     [reward] 0.268343313373
2016-10-29 03:16:51,553 INFO     [error] [ -3.56355880e-05   3.01011717e-05]
2016-10-29 03:16:51,553 INFO     
2016-10-29 03:16:51,553 INFO     [min reward] 0.0
2016-10-29 03:16:51,553 INFO     
2016-10-29 03:16:51,553 INFO     [max steps] 100
2016-10-29 03:25:25,025 INFO     [step] 1818100
2016-10-29 03:25:25,025 INFO     [task] make[cloth] 0.0374780289894 0.826645264848
2016-10-29 03:25:25,025 INFO     [task] make[bed] 0.0528244019696 0.735769230769
2016-10-29 03:25:25,025 INFO     [task] make[stick] 0.0810722717036 0.575847562485
2016-10-29 03:25:25,026 INFO     [task] make[bridge] 0.120743137547 0.386912751678
2016-10-29 03:25:25,026 INFO     [task] make[plank] 0.029239182235 0.867166212534
2016-10-29 03:25:25,026 INFO     [task] make[axe] 0.158707155639 0.168803147608
2016-10-29 03:25:25,026 INFO     [task] get[gold] 0.18328294733 0.0
2016-10-29 03:25:25,026 INFO     [task] make[shears] 0.124484125765 0.330235539176
2016-10-29 03:25:25,026 INFO     [task] get[gem] 0.183302821174 0.000108424590697
2016-10-29 03:25:25,026 INFO     [task] make[rope] 0.0288659276469 0.85753613214
2016-10-29 03:25:25,026 INFO     
2016-10-29 03:25:25,026 INFO     [rollout0] [4, 0, 0, 4, 5, 2, 1, 4, 5, 3, 3, 5, 4, 1, 1, 1, 2, 1, 1, 4, 1, 1, 4, 4, 1, 1, 6]
2016-10-29 03:25:25,026 INFO     [rollout1] [1, 3, 2, 5, 0, 2, 4, 5, 3, 3, 1, 5, 1, 4, 3, 0, 2, 3, 4, 3, 0, 3, 2, 0, 5]
2016-10-29 03:25:25,026 INFO     [rollout2] [1, 4, 5, 2, 0, 2, 0, 2, 1, 1, 1, 1, 2, 2, 1, 4, 5, 3, 3, 0, 3, 2, 0, 0, 3, 1, 4, 4, 3, 2, 3, 6, 4, 4, 0, 4, 0, 0, 0, 4, 5]
2016-10-29 03:25:25,026 INFO     [reward] 0.28004
2016-10-29 03:25:25,026 INFO     [error] [  9.96833324e-07   3.54012897e-05]
2016-10-29 03:25:25,026 INFO     
2016-10-29 03:25:25,026 INFO     [min reward] 0.0
2016-10-29 03:25:25,027 INFO     
2016-10-29 03:25:25,027 INFO     [max steps] 100
2016-10-29 03:34:12,789 INFO     [step] 1868100
2016-10-29 03:34:12,789 INFO     [task] make[cloth] 0.0342656637334 0.831952662722
2016-10-29 03:34:12,789 INFO     [task] make[bed] 0.0512487409501 0.748328745576
2016-10-29 03:34:12,789 INFO     [task] make[stick] 0.0811351908668 0.564204263758
2016-10-29 03:34:12,789 INFO     [task] make[bridge] 0.116443669207 0.424669450244
2016-10-29 03:34:12,789 INFO     [task] make[plank] 0.0266930359175 0.868531468531
2016-10-29 03:34:12,789 INFO     [task] make[axe] 0.157204385552 0.216515865936
2016-10-29 03:34:12,790 INFO     [task] get[gold] 0.188750622349 0.0
2016-10-29 03:34:12,790 INFO     [task] make[shears] 0.127035608942 0.346159837981
2016-10-29 03:34:12,790 INFO     [task] get[gem] 0.188730359766 0.000106780565937
2016-10-29 03:34:12,790 INFO     [task] make[rope] 0.0284927227171 0.830136986301
2016-10-29 03:34:12,790 INFO     
2016-10-29 03:34:12,790 INFO     [rollout0] [3, 3, 1, 4, 5, 3, 4, 0, 3, 1, 4, 4, 2, 3, 1, 3, 1, 0, 3, 6, 4, 5, 1, 3, 4, 3, 1, 4, 5]
2016-10-29 03:34:12,790 INFO     [rollout1] [0, 4, 4, 5, 2, 4, 4, 1, 2, 3, 0, 4, 2, 4, 5, 0, 4, 0, 0, 0, 3, 4, 5, 5]
2016-10-29 03:34:12,790 INFO     [rollout2] [0, 3, 4, 5, 3, 4, 5, 4, 0, 2, 0, 4, 3, 4, 5, 5]
2016-10-29 03:34:12,790 INFO     [reward] 0.28804
2016-10-29 03:34:12,790 INFO     [error] [ -1.36918686e-05   3.35214505e-05]
2016-10-29 03:34:12,790 INFO     
2016-10-29 03:34:12,790 INFO     [min reward] 0.0
2016-10-29 03:34:12,790 INFO     
2016-10-29 03:34:12,790 INFO     [max steps] 100
2016-10-29 03:43:11,445 INFO     [step] 1918100
2016-10-29 03:43:11,445 INFO     [task] make[cloth] 0.0337889592921 0.826967592593
2016-10-29 03:43:11,445 INFO     [task] make[bed] 0.0496587003142 0.742788461538
2016-10-29 03:43:11,445 INFO     [task] make[stick] 0.0846009505941 0.589336492891
2016-10-29 03:43:11,445 INFO     [task] make[bridge] 0.111081190095 0.488723139762
2016-10-29 03:43:11,445 INFO     [task] make[plank] 0.0268472111068 0.866118175019
2016-10-29 03:43:11,445 INFO     [task] make[axe] 0.15058356679 0.27139959432
2016-10-29 03:43:11,445 INFO     [task] get[gold] 0.191672896696 0.000205697829888
2016-10-29 03:43:11,445 INFO     [task] make[shears] 0.125980363165 0.341360437842
2016-10-29 03:43:11,445 INFO     [task] get[gem] 0.191652632398 0.0
2016-10-29 03:43:11,445 INFO     [task] make[rope] 0.0341335295485 0.867483946293
2016-10-29 03:43:11,445 INFO     
2016-10-29 03:43:11,445 INFO     [rollout0] [3, 3, 0, 3, 4, 5, 0, 4, 5, 3, 1, 4, 1, 4, 5, 1, 3, 1, 4, 1, 4, 5]
2016-10-29 03:43:11,446 INFO     [rollout1] [4, 2, 0, 3, 0, 3, 4, 0, 2, 0, 4, 0, 5, 4, 2, 5, 0, 5, 2, 1, 1, 0, 2, 1, 0, 5]
2016-10-29 03:43:11,446 INFO     [rollout2] [2, 0, 0, 2, 4, 5, 2, 4, 5]
2016-10-29 03:43:11,446 INFO     [reward] 0.30716
2016-10-29 03:43:11,446 INFO     [error] [ -7.38640500e-06   2.98666175e-05]
2016-10-29 03:43:11,446 INFO     
2016-10-29 03:43:11,446 INFO     [min reward] 0.0
2016-10-29 03:43:11,446 INFO     
2016-10-29 03:43:11,446 INFO     [max steps] 100
2016-10-29 03:52:08,396 INFO     [step] 1968100
2016-10-29 03:52:08,396 INFO     [task] make[cloth] 0.0358492277618 0.830829159711
2016-10-29 03:52:08,396 INFO     [task] make[bed] 0.0523367825325 0.740023246804
2016-10-29 03:52:08,397 INFO     [task] make[stick] 0.08239230468 0.581770709708
2016-10-29 03:52:08,397 INFO     [task] make[bridge] 0.102098711121 0.573676962424
2016-10-29 03:52:08,397 INFO     [task] make[plank] 0.0281810876423 0.888644688645
2016-10-29 03:52:08,397 INFO     [task] make[axe] 0.144664294937 0.335064225198
2016-10-29 03:52:08,397 INFO     [task] get[gold] 0.197781073001 0.000102438024995
2016-10-29 03:52:08,397 INFO     [task] make[shears] 0.130961572838 0.361638060825
2016-10-29 03:52:08,397 INFO     [task] get[gem] 0.197821361541 0.0
2016-10-29 03:52:08,397 INFO     [task] make[rope] 0.0279135839463 0.874647887324
2016-10-29 03:52:08,397 INFO     
2016-10-29 03:52:08,397 INFO     [rollout0] [3, 1, 2, 1, 1, 1, 4, 5, 2, 0, 2, 0, 4, 5, 3, 4, 3, 0, 4, 3, 1, 3, 3, 3, 4, 5, 1, 2, 4, 5]
2016-10-29 03:52:08,397 INFO     [rollout1] [3, 0, 4, 3, 0, 5, 4, 3, 4, 5, 0, 4, 0, 4, 0, 3, 3, 3, 3, 3, 4, 3, 0, 4, 6]
2016-10-29 03:52:08,397 INFO     [rollout2] [1, 4, 4, 1, 2, 4, 5, 2, 4, 2, 1, 4, 1, 2, 4, 4, 5, 5, 5]
2016-10-29 03:52:08,397 INFO     [reward] 0.3216
2016-10-29 03:52:08,397 INFO     [error] [ -9.66629791e-06   5.04739640e-05]
2016-10-29 03:52:08,397 INFO     
2016-10-29 03:52:08,398 INFO     [min reward] 0.0
2016-10-29 03:52:08,398 INFO     
2016-10-29 03:52:08,398 INFO     [max steps] 100
2016-10-29 04:01:15,148 INFO     [step] 2018100
2016-10-29 04:01:15,148 INFO     [task] make[cloth] 0.0364642512016 0.840043525571
2016-10-29 04:01:15,148 INFO     [task] make[bed] 0.0549447674145 0.776629853937
2016-10-29 04:01:15,149 INFO     [task] make[stick] 0.0871517953919 0.58050255933
2016-10-29 04:01:15,149 INFO     [task] make[bridge] 0.0887990078159 0.661316211878
2016-10-29 04:01:15,149 INFO     [task] make[plank] 0.024697827787 0.867355043685
2016-10-29 04:01:15,149 INFO     [task] make[axe] 0.137360675418 0.408781785925
2016-10-29 04:01:15,149 INFO     [task] get[gold] 0.205530979976 9.64227171922e-05
2016-10-29 04:01:15,149 INFO     [task] make[shears] 0.131952457116 0.355572065379
2016-10-29 04:01:15,149 INFO     [task] get[gem] 0.205551827821 0.0
2016-10-29 04:01:15,149 INFO     [task] make[rope] 0.0275464100594 0.857357357357
2016-10-29 04:01:15,149 INFO     
2016-10-29 04:01:15,149 INFO     [rollout0] [2, 4, 5, 1, 3, 3, 1, 3, 1, 3, 4, 5]
2016-10-29 04:01:15,149 INFO     [rollout1] [2, 0, 4, 5, 1, 1, 4, 1, 3, 3, 1, 4, 5, 3, 0, 0, 4, 5, 2, 0, 4, 5]
2016-10-29 04:01:15,149 INFO     [rollout2] [3, 4, 5, 0, 3, 1, 3, 4, 3, 0, 0, 0, 0, 0, 0, 0, 4, 6]
2016-10-29 04:01:15,149 INFO     [reward] 0.32992
2016-10-29 04:01:15,149 INFO     [error] [  7.56134989e-06   4.68088729e-05]
2016-10-29 04:01:15,149 INFO     
2016-10-29 04:01:15,150 INFO     [min reward] 0.0
2016-10-29 04:01:15,150 INFO     
2016-10-29 04:01:15,150 INFO     [max steps] 100
2016-10-29 04:10:23,281 INFO     [step] 2068100
2016-10-29 04:10:23,281 INFO     [task] make[cloth] 0.0357626536369 0.85447761194
2016-10-29 04:10:23,281 INFO     [task] make[bed] 0.0491063122539 0.767849857201
2016-10-29 04:10:23,281 INFO     [task] make[stick] 0.0903758933589 0.614011896894
2016-10-29 04:10:23,281 INFO     [task] make[bridge] 0.0733708885486 0.750408719346
2016-10-29 04:10:23,282 INFO     [task] make[plank] 0.0300156977419 0.885450954575
2016-10-29 04:10:23,282 INFO     [task] make[axe] 0.126509795066 0.466428903706
2016-10-29 04:10:23,282 INFO     [task] get[gold] 0.212506360599 0.000384837406196
2016-10-29 04:10:23,282 INFO     [task] make[shears] 0.137706313542 0.385724797645
2016-10-29 04:10:23,282 INFO     [task] get[gem] 0.212526650101 0.0
2016-10-29 04:10:23,282 INFO     [task] make[rope] 0.0321194351519 0.881720430108
2016-10-29 04:10:23,282 INFO     
2016-10-29 04:10:23,282 INFO     [rollout0] [3, 4, 5, 1, 3, 4, 3, 4, 5, 0, 2, 0, 4, 5, 3, 3, 1, 1, 4, 5]
2016-10-29 04:10:23,282 INFO     [rollout1] [4, 4, 1, 4, 5, 4, 4, 4, 2, 4, 1, 5, 3, 1, 5, 0, 2, 1, 4, 3, 4, 0, 2, 5]
2016-10-29 04:10:23,282 INFO     [rollout2] [3, 4, 0, 0, 3, 4, 3, 4, 5, 1, 3, 1, 1, 3, 4, 0, 5, 2, 5, 4, 4, 4, 2, 0, 3, 3, 0, 3, 2, 1, 4, 5]
2016-10-29 04:10:23,282 INFO     [reward] 0.3496
2016-10-29 04:10:23,282 INFO     [error] [  1.98498152e-05   4.96288390e-05]
2016-10-29 04:10:23,282 INFO     
2016-10-29 04:10:23,282 INFO     [min reward] 0.0
2016-10-29 04:10:23,282 INFO     
2016-10-29 04:10:23,283 INFO     [max steps] 100
2016-10-29 04:19:37,274 INFO     [step] 2118100
2016-10-29 04:19:37,274 INFO     [task] make[cloth] 0.0346102002307 0.842636579572
2016-10-29 04:19:37,274 INFO     [task] make[bed] 0.0538884789047 0.776301218162
2016-10-29 04:19:37,274 INFO     [task] make[stick] 0.0881238238975 0.63184079602
2016-10-29 04:19:37,274 INFO     [task] make[bridge] 0.0577698575341 0.766666666667
2016-10-29 04:19:37,274 INFO     [task] make[plank] 0.0277173431714 0.881606765328
2016-10-29 04:19:37,274 INFO     [task] make[axe] 0.120967178533 0.494376447238
2016-10-29 04:19:37,274 INFO     [task] get[gold] 0.224681368189 0.0
2016-10-29 04:19:37,274 INFO     [task] make[shears] 0.138927198985 0.736285714286
2016-10-29 04:19:37,274 INFO     [task] get[gem] 0.224767010519 0.0
2016-10-29 04:19:37,274 INFO     [task] make[rope] 0.0285475400351 0.866391184573
2016-10-29 04:19:37,275 INFO     
2016-10-29 04:19:37,275 INFO     [rollout0] [2, 4, 5, 1, 2, 1, 1, 1, 1, 2, 4, 5, 0, 4, 2, 0, 4, 2, 5, 0, 2, 4, 5, 4, 4, 0, 3, 4, 3, 1, 2, 4, 1, 3, 1, 4, 1, 6]
2016-10-29 04:19:37,275 INFO     [rollout1] [3, 4, 5, 2, 1, 2, 4, 2, 4, 5, 1, 3, 0, 0, 3, 0, 0, 4, 5, 2, 1, 1, 2, 4, 1, 2, 1, 2, 2, 2, 4, 5]
2016-10-29 04:19:37,275 INFO     [rollout2] [2, 4, 2, 2, 2, 2, 2, 4, 5, 3, 3, 1, 4, 5, 5, 2, 1, 1, 2, 4, 3, 0, 0, 5]
2016-10-29 04:19:37,275 INFO     [reward] 0.38444
2016-10-29 04:19:37,275 INFO     [error] [ -3.74375185e-05   4.61844387e-05]
2016-10-29 04:19:37,275 INFO     
2016-10-29 04:19:37,275 INFO     [min reward] 0.0
2016-10-29 04:19:37,275 INFO     
2016-10-29 04:19:37,275 INFO     [max steps] 100
2016-10-29 04:28:55,890 INFO     [step] 2168100
2016-10-29 04:28:55,890 INFO     [task] make[cloth] 0.0407816076172 0.849431818182
2016-10-29 04:28:55,890 INFO     [task] make[bed] 0.0569456097228 0.793459552496
2016-10-29 04:28:55,891 INFO     [task] make[stick] 0.092146421447 0.645326790096
2016-10-29 04:28:55,891 INFO     [task] make[bridge] 0.0592932702667 0.789965397924
2016-10-29 04:28:55,891 INFO     [task] make[plank] 0.0312857045089 0.905133203379
2016-10-29 04:28:55,891 INFO     [task] make[axe] 0.125642493164 0.53210865128
2016-10-29 04:28:55,891 INFO     [task] get[gold] 0.246107683436 0.000243763711709
2016-10-29 04:28:55,891 INFO     [task] make[shears] 0.0666962265153 0.761806375443
2016-10-29 04:28:55,891 INFO     [task] get[gem] 0.246107683436 0.0
2016-10-29 04:28:55,891 INFO     [task] make[rope] 0.0349932998868 0.8884572697
2016-10-29 04:28:55,891 INFO     
2016-10-29 04:28:55,891 INFO     [rollout0] [0, 4, 5, 4, 2, 0, 2, 2, 0, 4, 5]
2016-10-29 04:28:55,891 INFO     [rollout1] [3, 3, 3, 4, 0, 4, 3, 0, 4, 5, 1, 3, 4, 5, 5, 0, 3, 4, 3, 0, 4, 5]
2016-10-29 04:28:55,891 INFO     [rollout2] [0, 2, 4, 5, 1, 1, 2, 1, 4, 5, 3, 0, 0, 0, 4, 5, 1, 1, 2, 1, 4, 5]
2016-10-29 04:28:55,891 INFO     [reward] 0.36484
2016-10-29 04:28:55,891 INFO     [error] [  1.79383163e-06   3.06141560e-05]
2016-10-29 04:28:55,891 INFO     
2016-10-29 04:28:55,892 INFO     [min reward] 0.0
2016-10-29 04:28:55,892 INFO     
2016-10-29 04:28:55,892 INFO     [max steps] 100
2016-10-29 04:38:10,945 INFO     [step] 2218100
2016-10-29 04:38:10,945 INFO     [task] make[cloth] 0.0408148042628 0.87345971564
2016-10-29 04:38:10,945 INFO     [task] make[bed] 0.0550423868527 0.796116504854
2016-10-29 04:38:10,945 INFO     [task] make[stick] 0.0926962335475 0.673779146502
2016-10-29 04:38:10,945 INFO     [task] make[bridge] 0.0559305655273 0.804264243272
2016-10-29 04:38:10,945 INFO     [task] make[plank] 0.0266560767476 0.88320610687
2016-10-29 04:38:10,945 INFO     [task] make[axe] 0.12147513683 0.570065293822
2016-10-29 04:38:10,946 INFO     [task] get[gold] 0.256669800147 0.0
2016-10-29 04:38:10,946 INFO     [task] make[shears] 0.0630883036158 0.809337251061
2016-10-29 04:38:10,946 INFO     [task] get[gem] 0.256731762412 0.0
2016-10-29 04:38:10,946 INFO     [task] make[rope] 0.0308949300576 0.880370125578
2016-10-29 04:38:10,946 INFO     
2016-10-29 04:38:10,946 INFO     [rollout0] [2, 4, 1, 2, 4, 5, 0, 2, 1, 0, 2, 1, 0, 4, 2, 0, 2, 0, 2, 4, 6, 5, 5]
2016-10-29 04:38:10,946 INFO     [rollout1] [2, 0, 0, 2, 0, 4, 5, 1, 2, 2, 1, 1, 2, 4, 5]
2016-10-29 04:38:10,946 INFO     [rollout2] [1, 1, 1, 3, 1, 4, 5, 2, 0, 2, 2, 0, 4, 0, 4, 5, 5, 5]
2016-10-29 04:38:10,946 INFO     [reward] 0.35588
2016-10-29 04:38:10,946 INFO     [error] [ -3.90099200e-05   2.79648443e-05]
2016-10-29 04:38:10,946 INFO     
2016-10-29 04:38:10,946 INFO     [min reward] 0.0
2016-10-29 04:38:10,946 INFO     
2016-10-29 04:38:10,946 INFO     [max steps] 100
2016-10-29 04:47:29,390 INFO     [step] 2268100
2016-10-29 04:47:29,391 INFO     [task] make[cloth] 0.0358429743705 0.851545253863
2016-10-29 04:47:29,391 INFO     [task] make[bed] 0.0561462184637 0.797147950089
2016-10-29 04:47:29,391 INFO     [task] make[stick] 0.0882608051625 0.697998650776
2016-10-29 04:47:29,391 INFO     [task] make[bridge] 0.0540073685218 0.815636363636
2016-10-29 04:47:29,391 INFO     [task] make[plank] 0.0332844646038 0.884167636787
2016-10-29 04:47:29,391 INFO     [task] make[axe] 0.115486564805 0.596285263711
2016-10-29 04:47:29,391 INFO     [task] get[gold] 0.26513350462 0.0
2016-10-29 04:47:29,391 INFO     [task] make[shears] 0.0526756612602 0.830632716049
2016-10-29 04:47:29,391 INFO     [task] get[gem] 0.26513350462 7.61440645702e-05
2016-10-29 04:47:29,391 INFO     [task] make[rope] 0.0340289335731 0.879596678529
2016-10-29 04:47:29,391 INFO     
2016-10-29 04:47:29,391 INFO     [rollout0] [1, 2, 1, 2, 4, 1, 4, 5, 3, 4, 5, 1, 1, 2, 4, 5, 3, 0, 3, 3, 0, 4, 0, 4, 5]
2016-10-29 04:47:29,391 INFO     [rollout1] [3, 0, 2, 0, 3, 0, 0, 3, 1, 1, 1, 2, 3, 0, 6, 3, 4, 5, 5, 4, 2, 2, 5]
2016-10-29 04:47:29,391 INFO     [rollout2] [2, 4, 5, 1, 4, 5]
2016-10-29 04:47:29,391 INFO     [reward] 0.3537
2016-10-29 04:47:29,391 INFO     [error] [ -1.81275220e-05   2.95360054e-05]
2016-10-29 04:47:29,392 INFO     
2016-10-29 04:47:29,392 INFO     [min reward] 0.0
2016-10-29 04:47:29,392 INFO     
2016-10-29 04:47:29,392 INFO     [max steps] 100
2016-10-29 04:56:46,453 INFO     [step] 2318100
2016-10-29 04:56:46,454 INFO     [task] make[cloth] 0.0422894077479 0.875816993464
2016-10-29 04:56:46,454 INFO     [task] make[bed] 0.0568073052282 0.791376912378
2016-10-29 04:56:46,454 INFO     [task] make[stick] 0.0832688991458 0.728030483448
2016-10-29 04:56:46,454 INFO     [task] make[bridge] 0.0518730001464 0.811450381679
2016-10-29 04:56:46,454 INFO     [task] make[plank] 0.0335829392652 0.903879559931
2016-10-29 04:56:46,454 INFO     [task] make[axe] 0.110414813067 0.632183908046
2016-10-29 04:56:46,454 INFO     [task] get[gold] 0.26955520656 0.0
2016-10-29 04:56:46,454 INFO     [task] make[shears] 0.0478706784906 0.835289186924
2016-10-29 04:56:46,454 INFO     [task] get[gem] 0.269534884749 7.47272455537e-05
2016-10-29 04:56:46,454 INFO     [task] make[rope] 0.0348028655993 0.897146254459
2016-10-29 04:56:46,454 INFO     
2016-10-29 04:56:46,454 INFO     [rollout0] [3, 1, 3, 4, 5, 3, 3, 4, 3, 0, 4, 0, 4, 5]
2016-10-29 04:56:46,454 INFO     [rollout1] [2, 4, 2, 4, 2, 2, 4, 1, 5, 3, 1, 3, 4, 5, 1, 2, 1, 0, 3, 1, 4, 2, 1, 1, 2, 0, 1, 2, 6, 1, 4, 5, 4, 5]
2016-10-29 04:56:46,454 INFO     [rollout2] [2, 0, 4, 5, 2, 2, 4, 2, 2, 2, 0, 4, 5]
2016-10-29 04:56:46,454 INFO     [reward] 0.35728
2016-10-29 04:56:46,454 INFO     [error] [ -3.17142629e-05   2.88144423e-05]
2016-10-29 04:56:46,455 INFO     
2016-10-29 04:56:46,455 INFO     [min reward] 0.0
2016-10-29 04:56:46,455 INFO     
2016-10-29 04:56:46,455 INFO     [max steps] 100
2016-10-29 05:06:02,078 INFO     [step] 2368100
2016-10-29 05:06:02,078 INFO     [task] make[cloth] 0.0370185385438 0.865800865801
2016-10-29 05:06:02,078 INFO     [task] make[bed] 0.0603139503624 0.786693413574
2016-10-29 05:06:02,078 INFO     [task] make[stick] 0.0777900248781 0.744008427706
2016-10-29 05:06:02,078 INFO     [task] make[bridge] 0.0547760620991 0.820050486837
2016-10-29 05:06:02,078 INFO     [task] make[plank] 0.0292766103728 0.903248099516
2016-10-29 05:06:02,078 INFO     [task] make[axe] 0.104232271459 0.642967542504
2016-10-29 05:06:02,078 INFO     [task] get[gold] 0.278639783788 7.1833919977e-05
2016-10-29 05:06:02,078 INFO     [task] make[shears] 0.0481993892882 0.834632745178
2016-10-29 05:06:02,079 INFO     [task] get[gem] 0.278619167963 0.0
2016-10-29 05:06:02,079 INFO     [task] make[rope] 0.0311342012448 0.884438608011
2016-10-29 05:06:02,079 INFO     
2016-10-29 05:06:02,079 INFO     [rollout0] [0, 3, 0, 1, 0, 0, 1, 0, 1, 0, 0, 4, 0, 5, 1, 2, 3, 4, 5, 0, 3, 4, 2, 3, 2, 2, 2, 4, 0, 2, 0, 0, 4, 6, 0, 3, 1, 0, 5, 0, 4, 5]
2016-10-29 05:06:02,079 INFO     [rollout1] [1, 4, 5, 1, 1, 4, 1, 2, 2, 1, 4, 5]
2016-10-29 05:06:02,079 INFO     [rollout2] [2, 4, 5, 3, 4, 5, 2, 1, 4, 5]
2016-10-29 05:06:02,079 INFO     [reward] 0.34138
2016-10-29 05:06:02,079 INFO     [error] [ -1.84854966e-05   2.67958329e-05]
2016-10-29 05:06:02,079 INFO     
2016-10-29 05:06:02,079 INFO     [min reward] 0.0
2016-10-29 05:06:02,079 INFO     
2016-10-29 05:06:02,079 INFO     [max steps] 100
2016-10-29 05:15:21,463 INFO     [step] 2418100
2016-10-29 05:15:21,463 INFO     [task] make[cloth] 0.0398550657468 0.853537852548
2016-10-29 05:15:21,463 INFO     [task] make[bed] 0.0617195015291 0.804908356632
2016-10-29 05:15:21,463 INFO     [task] make[stick] 0.0735171654167 0.74851109908
2016-10-29 05:15:21,463 INFO     [task] make[bridge] 0.0524999708057 0.839058278657
2016-10-29 05:15:21,463 INFO     [task] make[plank] 0.0295050593473 0.898421413864
2016-10-29 05:15:21,463 INFO     [task] make[axe] 0.101443762516 0.661115569823
2016-10-29 05:15:21,463 INFO     [task] get[gold] 0.279133114649 0.0002158118121
2016-10-29 05:15:21,463 INFO     [task] make[shears] 0.048469593868 0.844856661046
2016-10-29 05:15:21,463 INFO     [task] get[gem] 0.27915296876 7.13521227257e-05
2016-10-29 05:15:21,463 INFO     [task] make[rope] 0.0347037973618 0.889461626575
2016-10-29 05:15:21,463 INFO     
2016-10-29 05:15:21,463 INFO     [rollout0] [2, 4, 5, 0, 0, 4, 5, 0, 3, 0, 4, 5]
2016-10-29 05:15:21,463 INFO     [rollout1] [4, 5, 0, 0, 2, 0, 4, 0, 4, 5]
2016-10-29 05:15:21,464 INFO     [rollout2] [1, 1, 2, 1, 2, 2, 1, 4, 4, 4, 4, 4, 4, 4, 6, 3, 1, 1, 3, 5, 2, 4, 5, 0, 0, 2, 4, 4, 4, 4, 4, 4, 4, 4, 4, 4, 4, 6]
2016-10-29 05:15:21,464 INFO     [reward] 0.3484
2016-10-29 05:15:21,464 INFO     [error] [  1.40390884e-05   2.00515102e-05]
2016-10-29 05:15:21,464 INFO     
2016-10-29 05:15:21,464 INFO     [min reward] 7.13521227257e-05
2016-10-29 05:15:21,464 INFO     
2016-10-29 05:15:21,464 INFO     [max steps] 100
2016-10-29 05:24:50,171 INFO     [step] 2468100
2016-10-29 05:24:50,171 INFO     [task] make[cloth] 0.0439519923709 0.867212369259
2016-10-29 05:24:50,171 INFO     [task] make[bed] 0.0576125695029 0.812108559499
2016-10-29 05:24:50,171 INFO     [task] make[stick] 0.0734551990083 0.764416507242
2016-10-29 05:24:50,171 INFO     [task] make[bridge] 0.048019468956 0.837122778007
2016-10-29 05:24:50,171 INFO     [task] make[plank] 0.0313436907679 0.89957134109
2016-10-29 05:24:50,171 INFO     [task] make[axe] 0.0980055947282 0.672941663219
2016-10-29 05:24:50,171 INFO     [task] get[gold] 0.283659835036 0.000283848992336
2016-10-29 05:24:50,171 INFO     [task] make[shears] 0.0463906375571 0.865360034086
2016-10-29 05:24:50,171 INFO     [task] get[gem] 0.283700415402 0.0
2016-10-29 05:24:50,171 INFO     [task] make[rope] 0.0338605966712 0.896226415094
2016-10-29 05:24:50,171 INFO     
2016-10-29 05:24:50,171 INFO     [rollout0] [2, 0, 0, 2, 4, 5, 2, 2, 2, 1, 1, 2, 4, 2, 4, 5]
2016-10-29 05:24:50,172 INFO     [rollout1] [3, 1, 2, 1, 2, 4, 4, 1, 2, 4, 5, 3, 1, 0, 3, 2, 1, 1, 2, 4, 3, 4, 0, 1, 3, 6, 5, 2, 2, 0, 4, 5]
2016-10-29 05:24:50,172 INFO     [rollout2] [1, 2, 2, 2, 4, 2, 5, 4, 4, 4, 2, 1, 2, 5, 1, 4, 1, 4, 0, 3, 0, 2, 0, 3, 4, 4, 0, 3, 6, 3, 1, 4, 5, 5]
2016-10-29 05:24:50,172 INFO     [reward] 0.3468
2016-10-29 05:24:50,172 INFO     [error] [ -2.62927765e-05   3.20402987e-05]
2016-10-29 05:24:50,172 INFO     
2016-10-29 05:24:50,172 INFO     [min reward] 0.0
2016-10-29 05:24:50,172 INFO     
2016-10-29 05:24:50,172 INFO     [max steps] 100
2016-10-29 05:34:23,598 INFO     [step] 2518100
2016-10-29 05:34:23,598 INFO     [task] make[cloth] 0.0409749236186 0.884799235182
2016-10-29 05:34:23,598 INFO     [task] make[bed] 0.0567877386662 0.807396558037
2016-10-29 05:34:23,598 INFO     [task] make[stick] 0.0704736454096 0.770715096481
2016-10-29 05:34:23,598 INFO     [task] make[bridge] 0.0496095560222 0.828889773179
2016-10-29 05:34:23,598 INFO     [task] make[plank] 0.0316890604645 0.911001236094
2016-10-29 05:34:23,598 INFO     [task] make[axe] 0.0967236414872 0.686374231829
2016-10-29 05:34:23,598 INFO     [task] get[gold] 0.289752284209 6.89322396085e-05
2016-10-29 05:34:23,598 INFO     [task] make[shears] 0.0415064773101 0.854317414375
2016-10-29 05:34:23,598 INFO     [task] get[gem] 0.289833738678 0.0
2016-10-29 05:34:23,598 INFO     [task] make[rope] 0.0326489341347 0.882603406326
2016-10-29 05:34:23,599 INFO     
2016-10-29 05:34:23,599 INFO     [rollout0] [3, 0, 4, 5, 0, 4, 5, 1, 1, 5, 0, 2, 3, 5]
2016-10-29 05:34:23,599 INFO     [rollout1] [2, 1, 1, 3, 1, 2, 4, 5, 0, 0, 0, 3, 4, 5, 1, 3, 2, 0, 2, 1, 1, 3, 5, 4, 0, 4, 1, 5]
2016-10-29 05:34:23,599 INFO     [rollout2] [1, 2, 3, 1, 1, 4, 2, 4, 5, 1, 4, 4, 3, 1, 0, 3, 1, 3, 0, 4, 1, 0, 1, 6, 2, 0, 3, 0, 1, 3, 4, 3, 0, 4, 3, 4, 1, 2, 6, 5, 2, 3, 1, 4, 0, 4, 2, 2, 3, 3, 1, 3, 2, 4, 6]
2016-10-29 05:34:23,599 INFO     [reward] 0.33582
2016-10-29 05:34:23,599 INFO     [error] [ -7.56942013e-06   4.21537551e-05]
2016-10-29 05:34:23,599 INFO     
2016-10-29 05:34:23,599 INFO     [min reward] 0.0
2016-10-29 05:34:23,599 INFO     
2016-10-29 05:34:23,599 INFO     [max steps] 100
2016-10-29 05:43:46,038 INFO     [step] 2568100
2016-10-29 05:43:46,038 INFO     [task] make[cloth] 0.0360410890757 0.867831785909
2016-10-29 05:43:46,038 INFO     [task] make[bed] 0.0583227163941 0.793141189347
2016-10-29 05:43:46,038 INFO     [task] make[stick] 0.0688820753987 0.77233921457
2016-10-29 05:43:46,038 INFO     [task] make[bridge] 0.0521355426769 0.832572298326
2016-10-29 05:43:46,038 INFO     [task] make[plank] 0.0284984143148 0.903247631935
2016-10-29 05:43:46,038 INFO     [task] make[axe] 0.0931609735355 0.683817062445
2016-10-29 05:43:46,039 INFO     [task] get[gold] 0.290725185476 0.0
2016-10-29 05:43:46,039 INFO     [task] make[shears] 0.0448157800328 0.866011612327
2016-10-29 05:43:46,039 INFO     [task] get[gem] 0.290745028749 6.86153423906e-05
2016-10-29 05:43:46,039 INFO     [task] make[rope] 0.0366731943468 0.894765245548
2016-10-29 05:43:46,039 INFO     
2016-10-29 05:43:46,039 INFO     [rollout0] [1, 1, 1, 2, 1, 2, 4, 5, 2, 2, 1, 0, 2, 1, 0, 4, 4, 2, 1, 0, 2, 1, 6, 5, 0, 2, 1, 0, 2, 1, 0, 2, 1, 0, 2, 2, 1, 0, 6]
2016-10-29 05:43:46,039 INFO     [rollout1] [0, 0, 1, 2, 1, 0, 3, 4, 4, 2, 3, 0, 4, 3, 6, 3, 2, 2, 1, 1, 1, 0, 3, 1, 4, 1, 2, 4, 1, 6, 0, 5, 3, 0, 1, 0, 1, 1, 5]
2016-10-29 05:43:46,039 INFO     [rollout2] [4, 4, 4, 4, 4, 4, 4, 3, 4, 5, 3, 1, 4, 5, 3, 1, 2, 4, 5]
2016-10-29 05:43:46,039 INFO     [reward] 0.33416
2016-10-29 05:43:46,039 INFO     [error] [ -2.57324101e-05   3.08198198e-05]
2016-10-29 05:43:46,039 INFO     
2016-10-29 05:43:46,039 INFO     [min reward] 0.0
2016-10-29 05:43:46,039 INFO     
2016-10-29 05:43:46,039 INFO     [max steps] 100
2016-10-29 05:53:01,569 INFO     [step] 2618100
2016-10-29 05:53:01,569 INFO     [task] make[cloth] 0.0407802180457 0.882142857143
2016-10-29 05:53:01,569 INFO     [task] make[bed] 0.0622048299624 0.805806451613
2016-10-29 05:53:01,569 INFO     [task] make[stick] 0.0681717690043 0.781998831093
2016-10-29 05:53:01,569 INFO     [task] make[bridge] 0.0508942199767 0.854265402844
2016-10-29 05:53:01,569 INFO     [task] make[plank] 0.030621365503 0.904180064309
2016-10-29 05:53:01,569 INFO     [task] make[axe] 0.0935638912071 0.694515852614
2016-10-29 05:53:01,569 INFO     [task] get[gold] 0.289713284292 0.0
2016-10-29 05:53:01,569 INFO     [task] make[shears] 0.0413023254383 0.861870503597
2016-10-29 05:53:01,569 INFO     [task] get[gem] 0.289693602336 0.0
2016-10-29 05:53:01,569 INFO     [task] make[rope] 0.0330544942346 0.894736842105
2016-10-29 05:53:01,569 INFO     
2016-10-29 05:53:01,569 INFO     [rollout0] [4, 0, 3, 3, 4, 0, 3, 5, 2, 2, 1, 2, 3, 4, 3, 1, 2, 1, 0, 3, 0, 1, 6, 5, 4, 3, 1, 1, 4, 1, 0, 2, 0, 4, 1, 1, 3, 1, 6]
2016-10-29 05:53:01,570 INFO     [rollout1] [0, 2, 0, 4, 5, 0, 3, 4, 3, 4, 4, 5]
2016-10-29 05:53:01,570 INFO     [rollout2] [3, 0, 4, 5, 3, 4, 3, 3, 3, 0, 3, 4, 4, 5, 2, 1, 2, 1, 2, 4, 5, 1, 3, 3, 1, 1, 4, 1, 4, 4, 1, 4, 4, 1, 4, 6]
2016-10-29 05:53:01,570 INFO     [reward] 0.33912
2016-10-29 05:53:01,570 INFO     [error] [  7.34713511e-06   3.78550731e-05]
2016-10-29 05:53:01,570 INFO     
2016-10-29 05:53:01,570 INFO     [min reward] 0.0
2016-10-29 05:53:01,570 INFO     
2016-10-29 05:53:01,570 INFO     [max steps] 100
2016-10-29 06:02:26,851 INFO     [step] 2668100
2016-10-29 06:02:26,851 INFO     [task] make[cloth] 0.0373798482787 0.878205128205
2016-10-29 06:02:26,851 INFO     [task] make[bed] 0.0596972815725 0.828049620951
2016-10-29 06:02:26,851 INFO     [task] make[stick] 0.066657590735 0.78813559322
2016-10-29 06:02:26,851 INFO     [task] make[bridge] 0.0455299992114 0.831288343558
2016-10-29 06:02:26,851 INFO     [task] make[plank] 0.0309371307118 0.907681940701
2016-10-29 06:02:26,851 INFO     [task] make[axe] 0.0922337954699 0.716019943638
2016-10-29 06:02:26,851 INFO     [task] get[gold] 0.295279918805 0.0
2016-10-29 06:02:26,851 INFO     [task] make[shears] 0.0433065996737 0.870548604427
2016-10-29 06:02:26,852 INFO     [task] get[gem] 0.295279918805 0.0
2016-10-29 06:02:26,852 INFO     [task] make[rope] 0.033697916737 0.892215568862
2016-10-29 06:02:26,852 INFO     
2016-10-29 06:02:26,852 INFO     [rollout0] [1, 4, 0, 3, 3, 0, 3, 0, 0, 3, 4, 0, 3, 4, 6, 1, 4, 4, 4, 0, 1, 4, 4, 4, 4, 4, 4, 4, 3, 6, 2, 4, 3, 2, 0, 3, 1, 2, 0, 2, 4, 3, 2, 1, 6, 1, 5, 4, 1, 3, 4, 5]
2016-10-29 06:02:26,852 INFO     [rollout1] [4, 4, 0, 4, 2, 2, 2, 2, 3, 1, 3, 1, 0, 0, 6, 3, 1, 4, 3, 2, 1, 0, 0, 1, 1, 4, 4, 2, 2, 6, 5, 1, 3, 3, 5]
2016-10-29 06:02:26,852 INFO     [rollout2] [0, 4, 0, 1, 4, 0, 0, 3, 4, 5, 0, 3, 4, 5, 1, 5, 5, 0, 2, 1, 0, 1, 2, 4, 1, 5]
2016-10-29 06:02:26,852 INFO     [reward] 0.32994
2016-10-29 06:02:26,852 INFO     [error] [ -4.85814641e-06   2.80761051e-05]
2016-10-29 06:02:26,852 INFO     
2016-10-29 06:02:26,852 INFO     [min reward] 0.0
2016-10-29 06:02:26,852 INFO     
2016-10-29 06:02:26,852 INFO     [max steps] 100
2016-10-29 06:11:56,370 INFO     [step] 2718100
2016-10-29 06:11:56,370 INFO     [task] make[cloth] 0.0389021554402 0.886351566649
2016-10-29 06:11:56,370 INFO     [task] make[bed] 0.0537066566534 0.818043395508
2016-10-29 06:11:56,370 INFO     [task] make[stick] 0.0654881599083 0.782490154499
2016-10-29 06:11:56,370 INFO     [task] make[bridge] 0.0527506764352 0.840397098129
2016-10-29 06:11:56,370 INFO     [task] make[plank] 0.0302014258445 0.903630363036
2016-10-29 06:11:56,370 INFO     [task] make[axe] 0.0867746801767 0.709448638755
2016-10-29 06:11:56,370 INFO     [task] get[gold] 0.298123716496 6.71140939597e-05
2016-10-29 06:11:56,370 INFO     [task] make[shears] 0.0411621468502 0.854885057471
2016-10-29 06:11:56,370 INFO     [task] get[gem] 0.298123716496 6.69075337883e-05
2016-10-29 06:11:56,370 INFO     [task] make[rope] 0.0347666656992 0.894857142857
2016-10-29 06:11:56,370 INFO     
2016-10-29 06:11:56,371 INFO     [rollout0] [4, 3, 4, 0, 1, 2, 2, 3, 4, 4, 1, 3, 2, 1, 6, 3, 4, 1, 1, 2, 0, 3, 1, 3, 1, 0, 3, 4, 2, 6, 0, 2, 1, 5, 4, 2, 3, 0, 5]
2016-10-29 06:11:56,371 INFO     [rollout1] [3, 0, 1, 0, 0, 4, 1, 5, 0, 5, 1, 3, 0, 1, 0, 0, 0, 2, 1, 3, 0, 2, 0, 3, 6, 5, 1, 0, 4, 2, 5]
2016-10-29 06:11:56,371 INFO     [rollout2] [2, 0, 3, 2, 2, 2, 2, 4, 5, 0, 0, 2, 0, 1, 0, 4, 5, 3, 1, 3, 4, 3, 2, 3, 2, 1, 4, 0, 2, 3, 4, 6, 5, 4, 5]
2016-10-29 06:11:56,371 INFO     [reward] 0.3285
2016-10-29 06:11:56,371 INFO     [error] [  2.20716023e-05   2.90979276e-05]
2016-10-29 06:11:56,371 INFO     
2016-10-29 06:11:56,371 INFO     [min reward] 6.69075337883e-05
2016-10-29 06:11:56,371 INFO     
2016-10-29 06:11:56,371 INFO     [max steps] 100
2016-10-29 06:21:24,035 INFO     [step] 2768100
2016-10-29 06:21:24,036 INFO     [task] make[cloth] 0.0362630626391 0.883351588171
2016-10-29 06:21:24,036 INFO     [task] make[bed] 0.0562961792886 0.797326589595
2016-10-29 06:21:24,036 INFO     [task] make[stick] 0.0667230756981 0.787258575958
2016-10-29 06:21:24,036 INFO     [task] make[bridge] 0.0497403847962 0.84968847352
2016-10-29 06:21:24,036 INFO     [task] make[plank] 0.0311956140776 0.909150757077
2016-10-29 06:21:24,036 INFO     [task] make[axe] 0.0881443666022 0.70628383149
2016-10-29 06:21:24,036 INFO     [task] get[gold] 0.296188625366 6.7732321864e-05
2016-10-29 06:21:24,036 INFO     [task] make[shears] 0.0454914205117 0.885926573427
2016-10-29 06:21:24,036 INFO     [task] get[gem] 0.296188685945 0.0
2016-10-29 06:21:24,036 INFO     [task] make[rope] 0.0337685850751 0.909356725146
2016-10-29 06:21:24,036 INFO     
2016-10-29 06:21:24,036 INFO     [rollout0] [3, 0, 4, 4, 2, 5, 1, 1, 1, 4, 1, 5, 2, 3, 2, 3, 2, 4, 3, 2, 3, 0, 4, 5, 2, 3, 4, 0, 5]
2016-10-29 06:21:24,036 INFO     [rollout1] [3, 4, 5, 2, 4, 5]
2016-10-29 06:21:24,036 INFO     [rollout2] [3, 0, 4, 5, 3, 1, 4, 5]
2016-10-29 06:21:24,036 INFO     [reward] 0.33396
2016-10-29 06:21:24,036 INFO     [error] [ -2.07601833e-05   1.40024765e-05]
2016-10-29 06:21:24,037 INFO     
2016-10-29 06:21:24,037 INFO     [min reward] 0.0
2016-10-29 06:21:24,037 INFO     
2016-10-29 06:21:24,037 INFO     [max steps] 100
2016-10-29 06:30:53,064 INFO     [step] 2818100
2016-10-29 06:30:53,064 INFO     [task] make[cloth] 0.0375634177448 0.892391304348
2016-10-29 06:30:53,064 INFO     [task] make[bed] 0.0630780918834 0.820030816641
2016-10-29 06:30:53,064 INFO     [task] make[stick] 0.0660642248846 0.793124806442
2016-10-29 06:30:53,064 INFO     [task] make[bridge] 0.0475477643304 0.841714035855
2016-10-29 06:30:53,064 INFO     [task] make[plank] 0.029911486346 0.908914728682
2016-10-29 06:30:53,064 INFO     [task] make[axe] 0.0900810136412 0.725150100067
2016-10-29 06:30:53,064 INFO     [task] get[gold] 0.299541913845 0.0
2016-10-29 06:30:53,064 INFO     [task] make[shears] 0.0367996873083 0.880862533693
2016-10-29 06:30:53,064 INFO     [task] get[gem] 0.299562002984 0.0
2016-10-29 06:30:53,064 INFO     [task] make[rope] 0.0298503970318 0.912361020275
2016-10-29 06:30:53,064 INFO     
2016-10-29 06:30:53,064 INFO     [rollout0] [2, 0, 1, 0, 3, 1, 4, 1, 3, 3, 3, 1, 2, 1, 6, 1, 2, 1, 1, 1, 0, 1, 4, 3, 4, 4, 3, 4, 4, 6, 5, 2, 5]
2016-10-29 06:30:53,065 INFO     [rollout1] [3, 0, 4, 5, 0, 4, 0, 0, 3, 3, 0, 4, 5]
2016-10-29 06:30:53,065 INFO     [rollout2] [1, 2, 4, 5, 3, 0, 0, 0, 3, 3, 0, 3, 2, 3, 2, 3, 2, 0, 6]
2016-10-29 06:30:53,065 INFO     [reward] 0.32972
2016-10-29 06:30:53,065 INFO     [error] [ -1.44734718e-05   3.83501996e-05]
2016-10-29 06:30:53,065 INFO     
2016-10-29 06:30:53,065 INFO     [min reward] 0.0
2016-10-29 06:30:53,065 INFO     
2016-10-29 06:30:53,065 INFO     [max steps] 100
2016-10-29 06:40:20,328 INFO     [step] 2868100
2016-10-29 06:40:20,328 INFO     [task] make[cloth] 0.0353662429213 0.890898483081
2016-10-29 06:40:20,328 INFO     [task] make[bed] 0.0571258464264 0.833392539964
2016-10-29 06:40:20,328 INFO     [task] make[stick] 0.0652167829637 0.805084745763
2016-10-29 06:40:20,329 INFO     [task] make[bridge] 0.0506054612306 0.838983050847
2016-10-29 06:40:20,329 INFO     [task] make[plank] 0.0303974654371 0.916720884841
2016-10-29 06:40:20,329 INFO     [task] make[axe] 0.0856575332401 0.730839834787
2016-10-29 06:40:20,329 INFO     [task] get[gold] 0.303718234034 0.0
2016-10-29 06:40:20,329 INFO     [task] make[shears] 0.0388330724896 0.886386898669
2016-10-29 06:40:20,329 INFO     [task] get[gem] 0.303718234034 0.0
2016-10-29 06:40:20,329 INFO     [task] make[rope] 0.0293611272228 0.91816223977
2016-10-29 06:40:20,329 INFO     
2016-10-29 06:40:20,329 INFO     [rollout0] [1, 4, 5, 2, 0, 2, 4, 5]
2016-10-29 06:40:20,329 INFO     [rollout1] [1, 4, 5, 2, 0, 2, 4, 5, 0, 4, 0, 0, 3, 3, 0, 4, 5]
2016-10-29 06:40:20,329 INFO     [rollout2] [4, 1, 4, 2, 1, 4, 1, 1, 5, 5, 0, 2, 0, 2, 4, 5, 1, 5, 1, 3, 0, 3, 5]
2016-10-29 06:40:20,329 INFO     [reward] 0.32632
2016-10-29 06:40:20,329 INFO     [error] [ -1.56361541e-05   2.37071397e-05]
2016-10-29 06:40:20,329 INFO     
2016-10-29 06:40:20,330 INFO     [min reward] 0.0
2016-10-29 06:40:20,330 INFO     
2016-10-29 06:40:20,330 INFO     [max steps] 100
2016-10-29 06:50:17,673 INFO     [step] 2918100
2016-10-29 06:50:17,673 INFO     [task] make[cloth] 0.0363166273517 0.883667621777
2016-10-29 06:50:17,673 INFO     [task] make[bed] 0.0538514326227 0.817939946788
2016-10-29 06:50:17,673 INFO     [task] make[stick] 0.0624830910579 0.812520064205
2016-10-29 06:50:17,673 INFO     [task] make[bridge] 0.0521467649938 0.850436681223
2016-10-29 06:50:17,673 INFO     [task] make[plank] 0.0284428188033 0.914244186047
2016-10-29 06:50:17,673 INFO     [task] make[axe] 0.0851219695074 0.745420385157
2016-10-29 06:50:17,673 INFO     [task] get[gold] 0.307970835082 0.0
2016-10-29 06:50:17,673 INFO     [task] make[shears] 0.0376923069741 0.887265135699
2016-10-29 06:50:17,673 INFO     [task] get[gem] 0.307970835082 0.00013141467902
2016-10-29 06:50:17,673 INFO     [task] make[rope] 0.0280033185248 0.917835671343
2016-10-29 06:50:17,674 INFO     
2016-10-29 06:50:17,674 INFO     [rollout0] [4, 3, 4, 0, 3, 0, 4, 2, 0, 2, 4, 3, 3, 3, 6, 1, 5, 3, 3, 0, 3, 2, 4, 3, 3, 3, 1, 3, 1, 2, 0, 6, 1, 5, 1, 1, 1, 3, 2, 0, 0, 0, 2, 4, 2, 4, 5]
2016-10-29 06:50:17,674 INFO     [rollout1] [4, 1, 4, 4, 3, 4, 1, 0, 3, 2, 4, 4, 0, 0, 6, 1, 0, 1, 0, 4, 1, 0, 1, 3, 0, 1, 0, 0, 3, 6, 4, 0, 1, 0, 0, 0, 1, 2, 2, 0, 4, 3, 1, 1, 6, 5, 1, 3, 4, 5]
2016-10-29 06:50:17,674 INFO     [rollout2] [0, 3, 2, 2, 4, 3, 1, 2, 2, 4, 5, 2, 0, 4, 1, 0, 0, 1, 4, 3, 1, 3, 3, 4, 1, 6, 4, 4, 2, 1, 2, 1, 1, 2, 1, 2, 4, 5, 2, 4, 0, 2, 2, 3, 2, 3, 3, 1, 2, 2, 0, 4, 6]
2016-10-29 06:50:17,674 INFO     [reward] 0.3214
2016-10-29 06:50:17,674 INFO     [error] [ -2.27728379e-05   1.17509236e-05]
2016-10-29 06:50:17,674 INFO     
2016-10-29 06:50:17,674 INFO     [min reward] 0.0
2016-10-29 06:50:17,674 INFO     
2016-10-29 06:50:17,674 INFO     [max steps] 100
2016-10-29 06:59:58,438 INFO     [step] 2968100
2016-10-29 06:59:58,438 INFO     [task] make[cloth] 0.0386273890492 0.894791129448
2016-10-29 06:59:58,438 INFO     [task] make[bed] 0.0587242835173 0.816319677636
2016-10-29 06:59:58,438 INFO     [task] make[stick] 0.0603814668623 0.789369428854
2016-10-29 06:59:58,438 INFO     [task] make[bridge] 0.0487880817179 0.85296506905
2016-10-29 06:59:58,438 INFO     [task] make[plank] 0.0292782984957 0.914819944598
2016-10-29 06:59:58,438 INFO     [task] make[axe] 0.0808978653036 0.735443037975
2016-10-29 06:59:58,438 INFO     [task] get[gold] 0.308817608663 6.49434991557e-05
2016-10-29 06:59:58,438 INFO     [task] make[shears] 0.0375274131612 0.875516528926
2016-10-29 06:59:58,438 INFO     [task] get[gem] 0.308777427309 0.0
2016-10-29 06:59:58,438 INFO     [task] make[rope] 0.0281801659207 0.915453915454
2016-10-29 06:59:58,438 INFO     
2016-10-29 06:59:58,438 INFO     [rollout0] [2, 0, 3, 3, 1, 1, 3, 0, 2, 4, 1, 3, 0, 4, 6, 2, 5, 1, 2, 1, 3, 1, 2, 3, 0, 1, 2, 2, 2, 3, 0, 6, 5, 3, 4, 2, 3, 0, 1, 1, 0, 4, 5]
2016-10-29 06:59:58,438 INFO     [rollout1] [4, 3, 2, 4, 4, 0, 3, 0, 0, 1, 3, 3, 1, 4, 6, 0, 3, 4, 0, 2, 3, 0, 2, 3, 0, 2, 3, 0, 2, 6, 1, 4, 4, 2, 5, 1, 3, 3, 0, 5, 5]
2016-10-29 06:59:58,438 INFO     [rollout2] [2, 4, 5, 1, 2, 4, 5]
2016-10-29 06:59:58,438 INFO     [reward] 0.318
2016-10-29 06:59:58,439 INFO     [error] [  3.78231521e-05   1.39539331e-05]
2016-10-29 06:59:58,439 INFO     
2016-10-29 06:59:58,439 INFO     [min reward] 0.0
2016-10-29 06:59:58,439 INFO     
2016-10-29 06:59:58,439 INFO     [max steps] 100
2016-10-29 07:09:30,663 INFO     [step] 3018100
2016-10-29 07:09:30,663 INFO     [task] make[cloth] 0.0348562590126 0.889015367103
2016-10-29 07:09:30,663 INFO     [task] make[bed] 0.0585976709052 0.819609211445
2016-10-29 07:09:30,663 INFO     [task] make[stick] 0.0667514254511 0.797716627635
2016-10-29 07:09:30,663 INFO     [task] make[bridge] 0.0475106665052 0.848670756646
2016-10-29 07:09:30,663 INFO     [task] make[plank] 0.0287965731113 0.902737752161
2016-10-29 07:09:30,663 INFO     [task] make[axe] 0.0830667685242 0.722562411682
2016-10-29 07:09:30,663 INFO     [task] get[gold] 0.305554231603 6.47458724506e-05
2016-10-29 07:09:30,663 INFO     [task] make[shears] 0.0406877584879 0.899159663866
2016-10-29 07:09:30,663 INFO     [task] get[gem] 0.305573880154 0.0
2016-10-29 07:09:30,663 INFO     [task] make[rope] 0.0286047662457 0.905797101449
2016-10-29 07:09:30,664 INFO     
2016-10-29 07:09:30,664 INFO     [rollout0] [3, 1, 4, 5, 0, 1, 2, 1, 2, 3, 2, 1, 3, 1, 3, 4, 4, 3, 6, 1, 5, 2, 4, 2, 2, 0, 2, 4, 5, 1, 5]
2016-10-29 07:09:30,664 INFO     [rollout1] [0, 0, 0, 3, 0, 0, 0, 4, 2, 3, 0, 0, 4, 3, 6, 1, 3, 1, 4, 5, 3, 4, 5, 3, 1, 1, 3, 4, 3, 1, 4, 5]
2016-10-29 07:09:30,664 INFO     [rollout2] [1, 1, 2, 3, 4, 2, 0, 0, 0, 0, 5, 3, 0, 1, 4, 4, 4, 5, 4, 4, 2, 1, 2, 1, 1, 2, 4, 4, 4, 4, 4, 4, 6, 1, 0, 2, 0, 2, 5]
2016-10-29 07:09:30,664 INFO     [reward] 0.32204
2016-10-29 07:09:30,664 INFO     [error] [ -3.50150454e-05   2.83973440e-05]
2016-10-29 07:09:30,664 INFO     
2016-10-29 07:09:30,664 INFO     [min reward] 0.0
2016-10-29 07:09:30,664 INFO     
