2017-08-17 23:13:58,343 INFO     BEGIN
2017-08-17 23:13:58,343 INFO     struct {
    trainer:
        improvement_threshold: 0.8
        use_curriculum: True
        name: 'CurriculumTrainer'
        max_timesteps: 100
        hints: 'resources/light/hints.yaml'
    name: 'light_joint-feat-plan__4'
    recipes: 'resources/light/recipes.yaml'
    world:
        name: 'LightWorld'
    model:
        seed: 4
        baseline: 'state'
        featurize_plan: True
        use_args: False
        max_subtask_timesteps: 15
        name: 'ModularACModel'
    experiment_dir: 'experiments/light_joint-feat-plan__4'
}
2017-08-17 23:14:27,586 INFO     [max steps] 1
2017-08-17 23:14:27,586 INFO     [min reward] inf
2017-08-17 23:14:27,586 INFO     
2017-08-17 23:14:42,078 INFO     [max steps] 2
2017-08-17 23:18:50,119 INFO     [step] 50000
2017-08-17 23:18:50,119 INFO     [task] go[LL] 0.2 0.0
2017-08-17 23:18:50,119 INFO     [task] go[LD] 0.2 0.0
2017-08-17 23:18:50,119 INFO     [task] go[UL] 0.2 0.0
2017-08-17 23:18:50,119 INFO     [task] go[RD] 0.2 0.00101657009251
2017-08-17 23:18:50,119 INFO     [task] go[UR] 0.2 0.00110563875766
2017-08-17 23:18:50,119 INFO     
2017-08-17 23:18:50,119 INFO     [rollout0] [2, 1, 3, 3, 1, 3, 0, 0, 0, 0, 4, 1, 3, 5, 4, 2, 3, 5]
2017-08-17 23:18:50,119 INFO     [rollout1] [4, 0, 0, 3, 1, 3, 2, 3, 3, 3, 4, 2, 4, 1, 6, 0, 1, 2, 1, 1, 4, 1, 4, 1, 2, 3, 4, 1, 3, 6]
2017-08-17 23:18:50,120 INFO     [rollout2] [4, 4, 1, 1, 1, 4, 4, 0, 1, 1, 4, 4, 1, 0, 6, 1, 1, 0, 0, 1, 0, 4, 4, 1, 4, 4, 0, 1, 4, 6]
2017-08-17 23:18:50,120 INFO     [reward] 0.00042
2017-08-17 23:18:50,120 INFO     [error] [ -1.15598417e-05   5.18782721e-06]
2017-08-17 23:18:50,120 INFO     
2017-08-17 23:18:50,120 INFO     [min reward] 0.0
2017-08-17 23:18:50,120 INFO     
2017-08-17 23:18:50,120 INFO     [max steps] 2
2017-08-17 23:25:08,767 INFO     [step] 144600
2017-08-17 23:25:08,767 INFO     [task] go[LL] 0.20008408321 0.0
2017-08-17 23:25:08,767 INFO     [task] go[LD] 0.20008408321 0.0
2017-08-17 23:25:08,767 INFO     [task] go[UL] 0.20008408321 0.0
2017-08-17 23:25:08,767 INFO     [task] go[RD] 0.199882697572 0.000157952930027
2017-08-17 23:25:08,767 INFO     [task] go[UR] 0.199865052797 5.2380702949e-05
2017-08-17 23:25:08,767 INFO     
2017-08-17 23:25:08,767 INFO     [rollout0] [2, 5, 2, 2, 1, 4, 4, 3, 4, 0, 3, 4, 4, 2, 4, 0, 6]
2017-08-17 23:25:08,767 INFO     [rollout1] [4, 4, 2, 4, 0, 4, 0, 4, 3, 3, 1, 2, 2, 3, 6, 3, 2, 2, 5]
2017-08-17 23:25:08,768 INFO     [rollout2] [5, 2, 5]
2017-08-17 23:25:08,768 INFO     [reward] 4.22832980973e-05
2017-08-17 23:25:08,768 INFO     [error] [ -2.56275645e-06   2.46987224e-08]
2017-08-17 23:25:08,768 INFO     
2017-08-17 23:25:08,768 INFO     [min reward] 0.0
2017-08-17 23:25:08,768 INFO     
2017-08-17 23:25:08,768 INFO     [max steps] 2
2017-08-17 23:31:26,119 INFO     [step] 245900
2017-08-17 23:31:26,119 INFO     [task] go[LL] 0.200008330392 0.0
2017-08-17 23:31:26,119 INFO     [task] go[LD] 0.200008330392 4.96302546032e-05
2017-08-17 23:31:26,119 INFO     [task] go[UL] 0.200008330392 0.0
2017-08-17 23:31:26,119 INFO     [task] go[RD] 0.199977051281 4.89476260401e-05
2017-08-17 23:31:26,119 INFO     [task] go[UR] 0.199997957543 0.0
2017-08-17 23:31:26,119 INFO     
2017-08-17 23:31:26,119 INFO     [rollout0] [1, 4, 1, 1, 1, 5, 2, 2, 2, 4, 1, 1, 4, 4, 4, 3, 1, 0, 3, 0, 6]
2017-08-17 23:31:26,120 INFO     [rollout1] [2, 2, 1, 1, 1, 2, 0, 0, 3, 0, 4, 0, 4, 5, 1, 4, 3, 0, 3, 5]
2017-08-17 23:31:26,120 INFO     [rollout2] [5, 5]
2017-08-17 23:31:26,120 INFO     [reward] 1.97433366239e-05
2017-08-17 23:31:26,120 INFO     [error] [ -1.01321729e-05   2.48963853e-08]
2017-08-17 23:31:26,120 INFO     
2017-08-17 23:31:26,120 INFO     [min reward] 0.0
2017-08-17 23:31:26,120 INFO     
2017-08-17 23:31:26,120 INFO     [max steps] 2
2017-08-17 23:37:41,307 INFO     [step] 346600
2017-08-17 23:37:41,307 INFO     [task] go[LL] 0.200003904151 0.0
2017-08-17 23:37:41,307 INFO     [task] go[LD] 0.199994076186 0.000148676776687
2017-08-17 23:37:41,307 INFO     [task] go[UL] 0.200003904151 0.0
2017-08-17 23:37:41,307 INFO     [task] go[RD] 0.199994211362 0.0
2017-08-17 23:37:41,307 INFO     [task] go[UR] 0.200003904151 5.03752959549e-05
2017-08-17 23:37:41,307 INFO     
2017-08-17 23:37:41,307 INFO     [rollout0] [0, 0, 3, 3, 4, 1, 4, 4, 1, 1, 0, 0, 0, 0, 6, 3, 1, 3, 0, 0, 0, 2, 0, 4, 2, 1, 3, 4, 4, 6]
2017-08-17 23:37:41,307 INFO     [rollout1] [3, 3, 0, 0, 1, 1, 5, 3, 1, 1, 1, 0, 2, 2, 5]
2017-08-17 23:37:41,308 INFO     [rollout2] [3, 1, 0, 2, 2, 4, 1, 0, 3, 4, 4, 0, 5, 5]
2017-08-17 23:37:41,308 INFO     [reward] 3.97219463754e-05
2017-08-17 23:37:41,308 INFO     [error] [  3.03607672e-07   3.59482225e-09]
2017-08-17 23:37:41,308 INFO     
2017-08-17 23:37:41,308 INFO     [min reward] 0.0
2017-08-17 23:37:41,308 INFO     
2017-08-17 23:37:41,308 INFO     [max steps] 2
2017-08-17 23:43:57,241 INFO     [step] 447800
2017-08-17 23:43:57,242 INFO     [task] go[LL] 0.200007883561 0.0
2017-08-17 23:43:57,242 INFO     [task] go[LD] 0.199978441455 0.0
2017-08-17 23:43:57,242 INFO     [task] go[UL] 0.200007883561 4.89380444357e-05
2017-08-17 23:43:57,242 INFO     [task] go[RD] 0.200007883561 0.0
2017-08-17 23:43:57,242 INFO     [task] go[UR] 0.199997907862 9.90982063225e-05
2017-08-17 23:43:57,242 INFO     
2017-08-17 23:43:57,242 INFO     [rollout0] [1, 4, 3, 2, 2, 5, 5]
2017-08-17 23:43:57,242 INFO     [rollout1] [1, 4, 4, 5, 2, 4, 4, 2, 2, 2, 3, 4, 1, 3, 2, 1, 1, 5]
2017-08-17 23:43:57,242 INFO     [rollout2] [2, 5, 3, 5]
2017-08-17 23:43:57,242 INFO     [reward] 2.96442687747e-05
2017-08-17 23:43:57,242 INFO     [error] [ -1.31807646e-05   2.75940925e-08]
2017-08-17 23:43:57,243 INFO     
2017-08-17 23:43:57,243 INFO     [min reward] 0.0
2017-08-17 23:43:57,243 INFO     
2017-08-17 23:43:57,243 INFO     [max steps] 2
2017-08-17 23:50:12,122 INFO     [step] 548300
2017-08-17 23:50:12,122 INFO     [task] go[LL] 0.200005862994 0.0
2017-08-17 23:50:12,122 INFO     [task] go[LD] 0.200005862994 0.0
2017-08-17 23:50:12,122 INFO     [task] go[UL] 0.199996172008 0.0
2017-08-17 23:50:12,122 INFO     [task] go[RD] 0.200005862994 4.96376451901e-05
2017-08-17 23:50:12,122 INFO     [task] go[UR] 0.199986239011 9.9285146942e-05
2017-08-17 23:50:12,122 INFO     
2017-08-17 23:50:12,122 INFO     [rollout0] [1, 0, 4, 5, 3, 0, 0, 1, 4, 2, 2, 4, 4, 3, 3, 4, 1, 4, 6]
2017-08-17 23:50:12,122 INFO     [rollout1] [4, 0, 4, 5, 3, 5]
2017-08-17 23:50:12,122 INFO     [rollout2] [3, 1, 3, 5, 5]
2017-08-17 23:50:12,123 INFO     [reward] 2.98507462687e-05
2017-08-17 23:50:12,123 INFO     [error] [ -9.53770950e-06   2.34011857e-08]
2017-08-17 23:50:12,123 INFO     
2017-08-17 23:50:12,123 INFO     [min reward] 0.0
2017-08-17 23:50:12,123 INFO     
2017-08-17 23:50:12,123 INFO     [max steps] 2
2017-08-17 23:56:26,263 INFO     [step] 648800
2017-08-17 23:56:26,264 INFO     [task] go[LL] 0.200005898106 0.0
2017-08-17 23:56:26,264 INFO     [task] go[LD] 0.200005898106 4.97462939011e-05
2017-08-17 23:56:26,264 INFO     [task] go[UL] 0.200005898106 4.96376451901e-05
2017-08-17 23:56:26,264 INFO     [task] go[RD] 0.19999606858 0.0
2017-08-17 23:56:26,264 INFO     [task] go[UR] 0.199986237101 9.89266458921e-05
2017-08-17 23:56:26,264 INFO     
2017-08-17 23:56:26,264 INFO     [rollout0] [4, 4, 5, 1, 3, 3, 1, 1, 0, 4, 1, 5]
2017-08-17 23:56:26,264 INFO     [rollout1] [4, 4, 3, 4, 1, 2, 2, 2, 5, 5]
2017-08-17 23:56:26,264 INFO     [rollout2] [1, 1, 0, 5, 5]
2017-08-17 23:56:26,264 INFO     [reward] 3.98009950249e-05
2017-08-17 23:56:26,264 INFO     [error] [  1.14853966e-06   1.87263838e-08]
2017-08-17 23:56:26,264 INFO     
2017-08-17 23:56:26,264 INFO     [min reward] 0.0
2017-08-17 23:56:26,264 INFO     
2017-08-17 23:56:26,265 INFO     [max steps] 2
2017-08-18 00:02:42,076 INFO     [step] 750000
2017-08-18 00:02:42,076 INFO     [task] go[LL] 0.200007854193 0.0
2017-08-18 00:02:42,076 INFO     [task] go[LD] 0.199998003055 0.0
2017-08-18 00:02:42,076 INFO     [task] go[UL] 0.19999802457 0.0
2017-08-18 00:02:42,077 INFO     [task] go[RD] 0.200007854193 0.0
2017-08-18 00:02:42,077 INFO     [task] go[UR] 0.199988263989 0.0
2017-08-18 00:02:42,077 INFO     
2017-08-18 00:02:42,077 INFO     [rollout0] [2, 3, 4, 0, 3, 5, 2, 0, 0, 3, 5]
2017-08-18 00:02:42,077 INFO     [rollout1] [2, 3, 0, 0, 1, 0, 4, 4, 3, 1, 0, 2, 1, 3, 6, 1, 0, 0, 3, 0, 5]
2017-08-18 00:02:42,077 INFO     [rollout2] [2, 2, 1, 4, 2, 4, 0, 4, 0, 3, 1, 2, 0, 4, 6, 1, 4, 4, 3, 2, 3, 2, 0, 5]
2017-08-18 00:02:42,077 INFO     [reward] 0.0
2017-08-18 00:02:42,077 INFO     [error] [ -2.14678636e-06   2.09705635e-08]
2017-08-18 00:02:42,077 INFO     
2017-08-18 00:02:42,077 INFO     [min reward] 0.0
2017-08-18 00:02:42,077 INFO     
2017-08-18 00:02:42,077 INFO     [max steps] 2
2017-08-18 00:08:56,950 INFO     [step] 851300
2017-08-18 00:08:56,950 INFO     [task] go[LL] 0.2 0.0
2017-08-18 00:08:56,950 INFO     [task] go[LD] 0.2 9.88777376774e-05
2017-08-18 00:08:56,950 INFO     [task] go[UL] 0.2 0.0
2017-08-18 00:08:56,950 INFO     [task] go[RD] 0.2 0.0
2017-08-18 00:08:56,950 INFO     [task] go[UR] 0.2 4.89907897315e-05
2017-08-18 00:08:56,950 INFO     
2017-08-18 00:08:56,950 INFO     [rollout0] [5, 0, 3, 0, 3, 3, 0, 5]
2017-08-18 00:08:56,951 INFO     [rollout1] [2, 1, 2, 3, 2, 0, 5, 3, 2, 2, 2, 5]
2017-08-18 00:08:56,951 INFO     [rollout2] [0, 3, 3, 4, 4, 4, 1, 0, 0, 2, 3, 3, 5, 5]
2017-08-18 00:08:56,951 INFO     [reward] 2.96150049358e-05
2017-08-18 00:08:56,951 INFO     [error] [  1.54703692e-06   1.36145269e-08]
2017-08-18 00:08:56,951 INFO     
2017-08-18 00:08:56,951 INFO     [min reward] 0.0
2017-08-18 00:08:56,951 INFO     
2017-08-18 00:08:56,951 INFO     [max steps] 2
2017-08-18 00:15:13,980 INFO     [step] 952800
2017-08-18 00:15:13,981 INFO     [task] go[LL] 0.200005856351 0.0
2017-08-18 00:15:13,981 INFO     [task] go[LD] 0.199986276027 4.93048022877e-05
2017-08-18 00:15:13,981 INFO     [task] go[UL] 0.200005856351 0.0
2017-08-18 00:15:13,981 INFO     [task] go[RD] 0.200005856351 0.0
2017-08-18 00:15:13,981 INFO     [task] go[UR] 0.19999615492 9.78952520803e-05
2017-08-18 00:15:13,981 INFO     
2017-08-18 00:15:13,981 INFO     [rollout0] [4, 4, 5, 2, 1, 5]
2017-08-18 00:15:13,981 INFO     [rollout1] [2, 4, 4, 4, 3, 1, 4, 5, 1, 0, 3, 3, 3, 4, 0, 0, 1, 5]
2017-08-18 00:15:13,981 INFO     [rollout2] [0, 2, 0, 0, 0, 5, 2, 3, 2, 4, 5]
2017-08-18 00:15:13,981 INFO     [reward] 2.95566502463e-05
2017-08-18 00:15:13,981 INFO     [error] [ -4.51243609e-06   3.62241524e-08]
2017-08-18 00:15:13,982 INFO     
2017-08-18 00:15:13,982 INFO     [min reward] 0.0
2017-08-18 00:15:13,982 INFO     
2017-08-18 00:15:13,982 INFO     [max steps] 2
2017-08-18 00:21:30,223 INFO     [step] 1054100
2017-08-18 00:21:30,223 INFO     [task] go[LL] 0.200005829875 0.0
2017-08-18 00:21:30,223 INFO     [task] go[LD] 0.199996066263 4.92150204242e-05
2017-08-18 00:21:30,223 INFO     [task] go[UL] 0.200005829875 0.000148507499629
2017-08-18 00:21:30,223 INFO     [task] go[RD] 0.200005829875 0.000198757763975
2017-08-18 00:21:30,223 INFO     [task] go[UR] 0.199986444112 4.87828674569e-05
2017-08-18 00:21:30,223 INFO     
2017-08-18 00:21:30,224 INFO     [rollout0] [3, 0, 2, 4, 1, 3, 3, 5, 1, 3, 3, 5]
2017-08-18 00:21:30,224 INFO     [rollout1] [5, 2, 5]
2017-08-18 00:21:30,224 INFO     [rollout2] [1, 1, 4, 2, 3, 1, 4, 3, 5, 1, 0, 3, 2, 1, 4, 1, 3, 3, 5]
2017-08-18 00:21:30,224 INFO     [reward] 8.88450148075e-05
2017-08-18 00:21:30,224 INFO     [error] [ -1.65563583e-07   2.87825671e-08]
2017-08-18 00:21:30,224 INFO     
2017-08-18 00:21:30,224 INFO     [min reward] 0.0
2017-08-18 00:21:30,224 INFO     
2017-08-18 00:21:30,224 INFO     [max steps] 2
2017-08-18 00:27:43,577 INFO     [step] 1155000
2017-08-18 00:27:43,578 INFO     [task] go[LL] 0.200017635739 0.0
2017-08-18 00:27:43,578 INFO     [task] go[LD] 0.200007889331 0.0
2017-08-18 00:27:43,578 INFO     [task] go[UL] 0.19998822572 0.0
2017-08-18 00:27:43,578 INFO     [task] go[RD] 0.199978274296 0.0
2017-08-18 00:27:43,578 INFO     [task] go[UR] 0.200007974914 0.0
2017-08-18 00:27:43,578 INFO     
2017-08-18 00:27:43,578 INFO     [rollout0] [5, 5]
2017-08-18 00:27:43,578 INFO     [rollout1] [0, 0, 5, 3, 5]
2017-08-18 00:27:43,578 INFO     [rollout2] [3, 2, 4, 1, 0, 2, 0, 4, 5, 3, 5]
2017-08-18 00:27:43,578 INFO     [reward] 0.0
2017-08-18 00:27:43,578 INFO     [error] [ -2.13822126e-06   1.02666695e-08]
2017-08-18 00:27:43,578 INFO     
2017-08-18 00:27:43,579 INFO     [min reward] 0.0
2017-08-18 00:27:43,579 INFO     
2017-08-18 00:27:43,579 INFO     [max steps] 2
2017-08-18 00:34:05,050 INFO     [step] 1258600
2017-08-18 00:34:05,050 INFO     [task] go[LL] 0.2 0.0
2017-08-18 00:34:05,050 INFO     [task] go[LD] 0.2 0.0
2017-08-18 00:34:05,050 INFO     [task] go[UL] 0.2 0.0
2017-08-18 00:34:05,050 INFO     [task] go[RD] 0.2 4.8248576667e-05
2017-08-18 00:34:05,050 INFO     [task] go[UR] 0.2 0.0
2017-08-18 00:34:05,050 INFO     
2017-08-18 00:34:05,050 INFO     [rollout0] [1, 0, 4, 4, 0, 4, 4, 2, 1, 0, 3, 4, 5, 0, 2, 2, 5]
2017-08-18 00:34:05,050 INFO     [rollout1] [3, 1, 0, 2, 3, 1, 3, 5, 4, 4, 1, 0, 0, 2, 2, 5]
2017-08-18 00:34:05,051 INFO     [rollout2] [0, 4, 3, 4, 5, 2, 0, 5]
2017-08-18 00:34:05,051 INFO     [reward] 9.65250965251e-06
2017-08-18 00:34:05,051 INFO     [error] [ -7.01447105e-06   1.33745035e-08]
2017-08-18 00:34:05,051 INFO     
2017-08-18 00:34:05,051 INFO     [min reward] 0.0
2017-08-18 00:34:05,051 INFO     
2017-08-18 00:34:05,051 INFO     [max steps] 2
2017-08-18 00:40:22,713 INFO     [step] 1360300
2017-08-18 00:40:22,714 INFO     [task] go[LL] 0.200001910853 0.0
2017-08-18 00:40:22,714 INFO     [task] go[LD] 0.200001910853 0.0
2017-08-18 00:40:22,714 INFO     [task] go[UL] 0.200001910853 4.96573641871e-05
2017-08-18 00:40:22,714 INFO     [task] go[RD] 0.199992356588 0.000147885241053
2017-08-18 00:40:22,714 INFO     [task] go[UR] 0.200001910853 0.0
2017-08-18 00:40:22,714 INFO     
2017-08-18 00:40:22,714 INFO     [rollout0] [1, 2, 5, 2, 2, 5]
2017-08-18 00:40:22,714 INFO     [rollout1] [0, 4, 4, 5, 1, 2, 2, 5]
2017-08-18 00:40:22,714 INFO     [rollout2] [5, 5]
2017-08-18 00:40:22,714 INFO     [reward] 3.9331366765e-05
2017-08-18 00:40:22,714 INFO     [error] [ -1.60283680e-06   5.65436364e-09]
2017-08-18 00:40:22,715 INFO     
2017-08-18 00:40:22,715 INFO     [min reward] 0.0
2017-08-18 00:40:22,715 INFO     
2017-08-18 00:40:22,715 INFO     [max steps] 2
2017-08-18 00:46:39,206 INFO     [step] 1461300
2017-08-18 00:46:39,207 INFO     [task] go[LL] 0.200007823776 0.0
2017-08-18 00:46:39,207 INFO     [task] go[LD] 0.200007823776 4.8906930112e-05
2017-08-18 00:46:39,207 INFO     [task] go[UL] 0.199997990249 0.0
2017-08-18 00:46:39,207 INFO     [task] go[RD] 0.199978538424 0.0
2017-08-18 00:46:39,207 INFO     [task] go[UR] 0.200007823776 4.93997925209e-05
2017-08-18 00:46:39,207 INFO     
2017-08-18 00:46:39,207 INFO     [rollout0] [3, 0, 3, 4, 4, 4, 3, 1, 2, 3, 1, 1, 5, 1, 2, 4, 3, 5]
2017-08-18 00:46:39,207 INFO     [rollout1] [4, 4, 5, 1, 1, 3, 1, 0, 0, 1, 3, 5]
2017-08-18 00:46:39,207 INFO     [rollout2] [4, 3, 2, 0, 1, 0, 4, 4, 0, 1, 5, 0, 0, 0, 4, 3, 2, 4, 0, 5]
2017-08-18 00:46:39,207 INFO     [reward] 1.9801980198e-05
2017-08-18 00:46:39,207 INFO     [error] [ -1.04755141e-05   2.57219176e-08]
2017-08-18 00:46:39,207 INFO     
2017-08-18 00:46:39,208 INFO     [min reward] 0.0
2017-08-18 00:46:39,208 INFO     
2017-08-18 00:46:39,208 INFO     [max steps] 2
2017-08-18 00:52:54,260 INFO     [step] 1562100
2017-08-18 00:52:54,260 INFO     [task] go[LL] 0.200003893411 4.94022329809e-05
2017-08-18 00:52:54,261 INFO     [task] go[LD] 0.199994208682 0.0
2017-08-18 00:52:54,261 INFO     [task] go[UL] 0.200003893411 0.0
2017-08-18 00:52:54,261 INFO     [task] go[RD] 0.200003893411 0.0
2017-08-18 00:52:54,261 INFO     [task] go[UR] 0.199994111084 0.000196947316593
2017-08-18 00:52:54,261 INFO     
2017-08-18 00:52:54,261 INFO     [rollout0] [2, 3, 4, 2, 2, 5, 0, 0, 5]
2017-08-18 00:52:54,261 INFO     [rollout1] [1, 1, 3, 1, 1, 5, 1, 5]
2017-08-18 00:52:54,261 INFO     [rollout2] [5, 4, 5]
2017-08-18 00:52:54,261 INFO     [reward] 4.96031746032e-05
2017-08-18 00:52:54,261 INFO     [error] [ -6.66700625e-06   1.06005471e-08]
2017-08-18 00:52:54,261 INFO     
2017-08-18 00:52:54,261 INFO     [min reward] 0.0
2017-08-18 00:52:54,262 INFO     
2017-08-18 00:52:54,262 INFO     [max steps] 2
2017-08-18 00:59:09,180 INFO     [step] 1662900
2017-08-18 00:59:09,180 INFO     [task] go[LL] 0.199999973796 4.93315573973e-05
2017-08-18 00:59:09,181 INFO     [task] go[LD] 0.200009756894 4.92805046324e-05
2017-08-18 00:59:09,181 INFO     [task] go[UL] 0.200009756894 0.0
2017-08-18 00:59:09,181 INFO     [task] go[RD] 0.200009756894 4.97735304365e-05
2017-08-18 00:59:09,181 INFO     [task] go[UR] 0.199970755523 0.0
2017-08-18 00:59:09,181 INFO     
2017-08-18 00:59:09,181 INFO     [rollout0] [0, 5, 3, 0, 1, 5]
2017-08-18 00:59:09,181 INFO     [rollout1] [2, 2, 2, 3, 3, 5, 3, 2, 3, 2, 3, 2, 3, 5]
2017-08-18 00:59:09,181 INFO     [rollout2] [3, 4, 3, 0, 5, 1, 5]
2017-08-18 00:59:09,181 INFO     [reward] 2.97619047619e-05
2017-08-18 00:59:09,181 INFO     [error] [ -2.22945705e-07   4.20701807e-08]
2017-08-18 00:59:09,181 INFO     
2017-08-18 00:59:09,181 INFO     [min reward] 0.0
2017-08-18 00:59:09,181 INFO     
2017-08-18 00:59:09,181 INFO     [max steps] 2
2017-08-18 01:05:25,552 INFO     [step] 1764200
2017-08-18 01:05:25,552 INFO     [task] go[LL] 0.199996107918 0.0
2017-08-18 01:05:25,552 INFO     [task] go[LD] 0.199996118027 0.0
2017-08-18 01:05:25,552 INFO     [task] go[UL] 0.20000587683 0.0
2017-08-18 01:05:25,552 INFO     [task] go[RD] 0.199996020396 4.91062659595e-05
2017-08-18 01:05:25,552 INFO     [task] go[UR] 0.20000587683 0.0
2017-08-18 01:05:25,552 INFO     
2017-08-18 01:05:25,552 INFO     [rollout0] [4, 2, 0, 5, 4, 0, 5]
2017-08-18 01:05:25,552 INFO     [rollout1] [3, 0, 2, 4, 3, 2, 1, 2, 5, 1, 3, 2, 5]
2017-08-18 01:05:25,553 INFO     [rollout2] [4, 0, 2, 3, 1, 4, 2, 3, 3, 1, 3, 4, 0, 2, 6, 1, 3, 0, 3, 3, 5]
2017-08-18 01:05:25,553 INFO     [reward] 9.87166831194e-06
2017-08-18 01:05:25,553 INFO     [error] [  7.23175278e-06   4.62778284e-08]
2017-08-18 01:05:25,553 INFO     
2017-08-18 01:05:25,553 INFO     [min reward] 0.0
2017-08-18 01:05:25,553 INFO     
2017-08-18 01:05:25,553 INFO     [max steps] 2
2017-08-18 01:11:44,589 INFO     [step] 1866300
2017-08-18 01:11:44,590 INFO     [task] go[LL] 0.200001944822 0.0
2017-08-18 01:11:44,590 INFO     [task] go[LD] 0.200001944822 0.000147369455224
2017-08-18 01:11:44,590 INFO     [task] go[UL] 0.200001944822 0.0
2017-08-18 01:11:44,590 INFO     [task] go[RD] 0.199992220714 9.67585873246e-05
2017-08-18 01:11:44,590 INFO     [task] go[UR] 0.200001944822 0.0
2017-08-18 01:11:44,590 INFO     
2017-08-18 01:11:44,590 INFO     [rollout0] [1, 0, 2, 5, 4, 4, 2, 0, 0, 5]
2017-08-18 01:11:44,590 INFO     [rollout1] [5, 5]
2017-08-18 01:11:44,590 INFO     [rollout2] [5, 1, 5]
2017-08-18 01:11:44,590 INFO     [reward] 4.8971596474e-05
2017-08-18 01:11:44,590 INFO     [error] [  1.39410219e-06   3.46985405e-08]
2017-08-18 01:11:44,591 INFO     
2017-08-18 01:11:44,591 INFO     [min reward] 0.0
2017-08-18 01:11:44,591 INFO     
2017-08-18 01:11:44,591 INFO     [max steps] 2
2017-08-18 01:17:59,754 INFO     [step] 1967800
2017-08-18 01:17:59,754 INFO     [task] go[LL] 0.200009668905 0.0
2017-08-18 01:17:59,754 INFO     [task] go[LD] 0.199980485424 0.0
2017-08-18 01:17:59,754 INFO     [task] go[UL] 0.200009668905 0.0
2017-08-18 01:17:59,754 INFO     [task] go[RD] 0.199990507862 0.0
2017-08-18 01:17:59,754 INFO     [task] go[UR] 0.200009668905 4.9885263893e-05
2017-08-18 01:17:59,755 INFO     
2017-08-18 01:17:59,755 INFO     [rollout0] [5, 0, 1, 2, 0, 0, 2, 0, 4, 4, 5]
2017-08-18 01:17:59,755 INFO     [rollout1] [1, 4, 5, 0, 1, 5]
2017-08-18 01:17:59,755 INFO     [rollout2] [1, 2, 5, 3, 0, 1, 2, 5]
2017-08-18 01:17:59,755 INFO     [reward] 9.85221674877e-06
2017-08-18 01:17:59,755 INFO     [error] [ -2.15619084e-06   3.56495615e-08]
2017-08-18 01:17:59,755 INFO     
2017-08-18 01:17:59,755 INFO     [min reward] 0.0
2017-08-18 01:17:59,755 INFO     
2017-08-18 01:17:59,755 INFO     [max steps] 2
2017-08-18 01:24:13,373 INFO     [step] 2068200
2017-08-18 01:24:13,373 INFO     [task] go[LL] 0.200001975674 0.0
2017-08-18 01:24:13,374 INFO     [task] go[LD] 0.200001975674 0.0
2017-08-18 01:24:13,374 INFO     [task] go[UL] 0.200001975674 0.0
2017-08-18 01:24:13,374 INFO     [task] go[RD] 0.200001975674 4.96696965182e-05
2017-08-18 01:24:13,374 INFO     [task] go[UR] 0.199992097306 4.99375780275e-05
2017-08-18 01:24:13,374 INFO     
2017-08-18 01:24:13,374 INFO     [rollout0] [5, 4, 4, 1, 5]
2017-08-18 01:24:13,374 INFO     [rollout1] [3, 2, 2, 5, 2, 3, 1, 3, 4, 2, 3, 5]
2017-08-18 01:24:13,374 INFO     [rollout2] [4, 5, 4, 4, 1, 3, 1, 3, 5]
2017-08-18 01:24:13,374 INFO     [reward] 1.99203187251e-05
2017-08-18 01:24:13,374 INFO     [error] [ -3.99202234e-06   1.28443203e-08]
2017-08-18 01:24:13,374 INFO     
2017-08-18 01:24:13,374 INFO     [min reward] 0.0
2017-08-18 01:24:13,374 INFO     
2017-08-18 01:24:13,374 INFO     [max steps] 2
2017-08-18 01:30:27,531 INFO     [step] 2169000
2017-08-18 01:30:27,532 INFO     [task] go[LL] 0.20000394492 0.0
2017-08-18 01:30:27,532 INFO     [task] go[LD] 0.20000394492 0.000148419334092
2017-08-18 01:30:27,532 INFO     [task] go[UL] 0.20000394492 0.0
2017-08-18 01:30:27,532 INFO     [task] go[RD] 0.199994109143 4.93096646943e-05
2017-08-18 01:30:27,532 INFO     [task] go[UR] 0.199994056096 0.0
2017-08-18 01:30:27,532 INFO     
2017-08-18 01:30:27,532 INFO     [rollout0] [5, 3, 4, 3, 4, 5]
2017-08-18 01:30:27,532 INFO     [rollout1] [3, 2, 1, 2, 5, 2, 1, 0, 4, 1, 4, 1, 3, 0, 3, 4, 3, 0, 2, 6]
2017-08-18 01:30:27,532 INFO     [rollout2] [2, 4, 0, 3, 2, 1, 3, 4, 3, 1, 0, 4, 0, 4, 6, 3, 2, 4, 3, 2, 3, 1, 5]
2017-08-18 01:30:27,532 INFO     [reward] 3.96825396825e-05
2017-08-18 01:30:27,532 INFO     [error] [ -4.48433310e-06   1.26383579e-08]
2017-08-18 01:30:27,532 INFO     
2017-08-18 01:30:27,532 INFO     [min reward] 0.0
2017-08-18 01:30:27,532 INFO     
2017-08-18 01:30:27,532 INFO     [max steps] 2
2017-08-18 01:36:43,979 INFO     [step] 2270100
2017-08-18 01:36:43,979 INFO     [task] go[LL] 0.200007831158 0.0
2017-08-18 01:36:43,979 INFO     [task] go[LD] 0.19997844004 0.000148735746158
2017-08-18 01:36:43,979 INFO     [task] go[UL] 0.200007831158 4.90918016691e-05
2017-08-18 01:36:43,979 INFO     [task] go[RD] 0.199998066486 4.98753117207e-05
2017-08-18 01:36:43,979 INFO     [task] go[UR] 0.200007831158 0.0
2017-08-18 01:36:43,979 INFO     
2017-08-18 01:36:43,979 INFO     [rollout0] [4, 1, 1, 5, 2, 4, 1, 1, 2, 0, 3, 3, 5]
2017-08-18 01:36:43,979 INFO     [rollout1] [3, 5, 0, 1, 2, 4, 0, 1, 4, 4, 1, 0, 1, 1, 4, 4, 6]
2017-08-18 01:36:43,979 INFO     [rollout2] [4, 3, 4, 1, 0, 1, 3, 3, 5, 3, 4, 4, 2, 3, 2, 5]
2017-08-18 01:36:43,979 INFO     [reward] 4.94559841741e-05
2017-08-18 01:36:43,979 INFO     [error] [  2.33699292e-06   1.59873686e-08]
2017-08-18 01:36:43,980 INFO     
2017-08-18 01:36:43,980 INFO     [min reward] 0.0
2017-08-18 01:36:43,980 INFO     
2017-08-18 01:36:43,980 INFO     [max steps] 2
2017-08-18 01:43:01,465 INFO     [step] 2372000
2017-08-18 01:43:01,466 INFO     [task] go[LL] 0.200009810495 0.0
2017-08-18 01:43:01,466 INFO     [task] go[LD] 0.199980356428 0.000147877951397
2017-08-18 01:43:01,466 INFO     [task] go[UL] 0.20000008887 0.0
2017-08-18 01:43:01,466 INFO     [task] go[RD] 0.199999933712 0.0
2017-08-18 01:43:01,466 INFO     [task] go[UR] 0.200009810495 0.0
2017-08-18 01:43:01,466 INFO     
2017-08-18 01:43:01,466 INFO     [rollout0] [5, 0, 3, 0, 0, 4, 0, 4, 2, 5]
2017-08-18 01:43:01,466 INFO     [rollout1] [2, 3, 3, 1, 3, 2, 4, 5, 3, 4, 3, 4, 1, 0, 4, 0, 0, 3, 0, 2, 1, 4, 6]
2017-08-18 01:43:01,466 INFO     [rollout2] [3, 4, 1, 1, 3, 4, 3, 5, 2, 5]
2017-08-18 01:43:01,466 INFO     [reward] 2.94406280667e-05
2017-08-18 01:43:01,466 INFO     [error] [ -7.89728151e-06   1.61114266e-08]
2017-08-18 01:43:01,466 INFO     
2017-08-18 01:43:01,466 INFO     [min reward] 0.0
2017-08-18 01:43:01,467 INFO     
2017-08-18 01:43:01,467 INFO     [max steps] 2
2017-08-18 01:49:29,741 INFO     [step] 2473600
2017-08-18 01:49:29,741 INFO     [task] go[LL] 0.200005856724 0.0
2017-08-18 01:49:29,741 INFO     [task] go[LD] 0.199976573104 9.99500249875e-05
2017-08-18 01:49:29,741 INFO     [task] go[UL] 0.200005856724 0.0
2017-08-18 01:49:29,741 INFO     [task] go[RD] 0.200005856724 9.78282136568e-05
2017-08-18 01:49:29,741 INFO     [task] go[UR] 0.200005856724 0.0
2017-08-18 01:49:29,741 INFO     
2017-08-18 01:49:29,741 INFO     [rollout0] [0, 3, 1, 4, 3, 4, 5, 0, 4, 5]
2017-08-18 01:49:29,741 INFO     [rollout1] [5, 3, 1, 4, 1, 1, 4, 1, 2, 0, 0, 5]
2017-08-18 01:49:29,742 INFO     [rollout2] [5, 4, 0, 1, 1, 3, 2, 2, 4, 3, 1, 1, 1, 0, 2, 6]
2017-08-18 01:49:29,742 INFO     [reward] 3.93700787402e-05
2017-08-18 01:49:29,742 INFO     [error] [ -3.58940919e-06   1.11640846e-08]
2017-08-18 01:49:29,742 INFO     
2017-08-18 01:49:29,742 INFO     [min reward] 0.0
2017-08-18 01:49:29,742 INFO     
2017-08-18 01:49:29,742 INFO     [max steps] 2
2017-08-18 01:55:52,490 INFO     [step] 2574200
2017-08-18 01:55:52,491 INFO     [task] go[LL] 0.200007833108 0.0
2017-08-18 01:55:52,491 INFO     [task] go[LD] 0.199988040249 4.98256103637e-05
2017-08-18 01:55:52,491 INFO     [task] go[UL] 0.200007833108 0.0
2017-08-18 01:55:52,491 INFO     [task] go[RD] 0.199988460426 9.8643649815e-05
2017-08-18 01:55:52,491 INFO     [task] go[UR] 0.200007833108 0.0
2017-08-18 01:55:52,491 INFO     
2017-08-18 01:55:52,491 INFO     [rollout0] [0, 5, 3, 5]
2017-08-18 01:55:52,491 INFO     [rollout1] [2, 0, 1, 3, 0, 1, 4, 4, 5, 2, 3, 2, 2, 3, 1, 2, 1, 2, 3, 1, 0, 1, 2, 6]
2017-08-18 01:55:52,491 INFO     [rollout2] [1, 2, 4, 3, 5, 5]
2017-08-18 01:55:52,491 INFO     [reward] 2.98210735586e-05
2017-08-18 01:55:52,491 INFO     [error] [ -1.99258208e-06   1.60830203e-08]
2017-08-18 01:55:52,491 INFO     
2017-08-18 01:55:52,492 INFO     [min reward] 0.0
2017-08-18 01:55:52,492 INFO     
2017-08-18 01:55:52,492 INFO     [max steps] 2
2017-08-18 02:02:12,130 INFO     [step] 2675400
2017-08-18 02:02:12,130 INFO     [task] go[LL] 0.200005880144 0.0
2017-08-18 02:02:12,130 INFO     [task] go[LD] 0.199996013396 9.85707244948e-05
2017-08-18 02:02:12,131 INFO     [task] go[UL] 0.200005880144 0.0
2017-08-18 02:02:12,131 INFO     [task] go[RD] 0.199986346173 0.00014744913005
2017-08-18 02:02:12,131 INFO     [task] go[UR] 0.200005880144 4.9748768718e-05
2017-08-18 02:02:12,131 INFO     
2017-08-18 02:02:12,131 INFO     [rollout0] [3, 2, 0, 0, 5, 2, 2, 1, 2, 0, 2, 0, 4, 3, 0, 5]
2017-08-18 02:02:12,131 INFO     [rollout1] [2, 5, 4, 2, 4, 2, 1, 0, 4, 1, 3, 0, 1, 3, 3, 3, 6]
2017-08-18 02:02:12,131 INFO     [rollout2] [5, 5]
2017-08-18 02:02:12,131 INFO     [reward] 5.92885375494e-05
2017-08-18 02:02:12,131 INFO     [error] [  1.00734349e-06   1.32479198e-08]
2017-08-18 02:02:12,131 INFO     
2017-08-18 02:02:12,131 INFO     [min reward] 0.0
2017-08-18 02:02:12,131 INFO     
2017-08-18 02:02:12,131 INFO     [max steps] 2
2017-08-18 02:08:30,195 INFO     [step] 2776700
2017-08-18 02:08:30,195 INFO     [task] go[LL] 0.200011714295 0.0
2017-08-18 02:08:30,195 INFO     [task] go[LD] 0.199992194196 4.97017892644e-05
2017-08-18 02:08:30,195 INFO     [task] go[UL] 0.200011714295 0.0
2017-08-18 02:08:30,195 INFO     [task] go[RD] 0.199982514737 9.85415845487e-05
2017-08-18 02:08:30,196 INFO     [task] go[UR] 0.200001862477 4.93973523019e-05
2017-08-18 02:08:30,196 INFO     
2017-08-18 02:08:30,196 INFO     [rollout0] [3, 4, 5, 3, 3, 3, 2, 1, 1, 1, 3, 0, 0, 2, 3, 1, 5]
2017-08-18 02:08:30,196 INFO     [rollout1] [3, 1, 4, 2, 0, 0, 1, 5, 5]
2017-08-18 02:08:30,196 INFO     [rollout2] [3, 0, 5, 5]
2017-08-18 02:08:30,196 INFO     [reward] 3.94866732478e-05
2017-08-18 02:08:30,196 INFO     [error] [ -5.31710431e-06   5.05928152e-09]
2017-08-18 02:08:30,196 INFO     
2017-08-18 02:08:30,196 INFO     [min reward] 0.0
2017-08-18 02:08:30,196 INFO     
2017-08-18 02:08:30,196 INFO     [max steps] 2
2017-08-18 02:14:46,741 INFO     [step] 2877700
2017-08-18 02:14:46,741 INFO     [task] go[LL] 0.200007827662 0.0
2017-08-18 02:14:46,741 INFO     [task] go[LD] 0.199997985338 0.0
2017-08-18 02:14:46,741 INFO     [task] go[UL] 0.200007827662 0.0
2017-08-18 02:14:46,741 INFO     [task] go[RD] 0.199988313713 4.89620054837e-05
2017-08-18 02:14:46,741 INFO     [task] go[UR] 0.199998045625 0.0
2017-08-18 02:14:46,741 INFO     
2017-08-18 02:14:46,741 INFO     [rollout0] [0, 4, 2, 3, 3, 0, 3, 0, 3, 3, 4, 3, 0, 5, 0, 5]
2017-08-18 02:14:46,741 INFO     [rollout1] [0, 4, 5, 0, 0, 4, 1, 5]
2017-08-18 02:14:46,742 INFO     [rollout2] [4, 2, 4, 1, 5, 0, 0, 5]
2017-08-18 02:14:46,742 INFO     [reward] 9.90099009901e-06
2017-08-18 02:14:46,742 INFO     [error] [ -8.06024104e-06   2.03144335e-08]
2017-08-18 02:14:46,742 INFO     
2017-08-18 02:14:46,742 INFO     [min reward] 0.0
2017-08-18 02:14:46,742 INFO     
2017-08-18 02:14:46,742 INFO     [max steps] 2
2017-08-18 02:21:12,166 INFO     [step] 2978500
2017-08-18 02:21:12,166 INFO     [task] go[LL] 0.200001939108 0.0
2017-08-18 02:21:12,166 INFO     [task] go[LD] 0.200001939108 0.0
2017-08-18 02:21:12,166 INFO     [task] go[UL] 0.200001939108 0.0
2017-08-18 02:21:12,166 INFO     [task] go[RD] 0.199992243567 4.94926998268e-05
2017-08-18 02:21:12,166 INFO     [task] go[UR] 0.200001939108 4.9788399303e-05
2017-08-18 02:21:12,166 INFO     
2017-08-18 02:21:12,166 INFO     [rollout0] [0, 1, 5, 1, 4, 3, 1, 5]
2017-08-18 02:21:12,166 INFO     [rollout1] [4, 0, 1, 3, 1, 3, 4, 5, 4, 5]
2017-08-18 02:21:12,167 INFO     [rollout2] [1, 3, 3, 5, 2, 5]
2017-08-18 02:21:12,167 INFO     [reward] 1.98412698413e-05
2017-08-18 02:21:12,167 INFO     [error] [ -3.71957719e-08   2.43572299e-08]
2017-08-18 02:21:12,167 INFO     
2017-08-18 02:21:12,167 INFO     [min reward] 0.0
2017-08-18 02:21:12,167 INFO     
2017-08-18 02:21:12,167 INFO     [max steps] 2
2017-08-18 02:27:34,351 INFO     [step] 3079400
2017-08-18 02:27:34,352 INFO     [task] go[LL] 0.200003932002 0.0
2017-08-18 02:27:34,352 INFO     [task] go[LD] 0.200003932002 0.000148389968838
2017-08-18 02:27:34,352 INFO     [task] go[UL] 0.200003932002 0.0
2017-08-18 02:27:34,352 INFO     [task] go[RD] 0.199994131275 9.9299935455e-05
2017-08-18 02:27:34,352 INFO     [task] go[UR] 0.199994072719 0.0
2017-08-18 02:27:34,352 INFO     
2017-08-18 02:27:34,352 INFO     [rollout0] [1, 2, 3, 3, 0, 4, 2, 3, 2, 5, 2, 1, 5]
2017-08-18 02:27:34,352 INFO     [rollout1] [3, 0, 4, 1, 3, 1, 4, 2, 5, 4, 2, 5]
2017-08-18 02:27:34,352 INFO     [rollout2] [5, 2, 3, 5]
2017-08-18 02:27:34,352 INFO     [reward] 4.95540138751e-05
2017-08-18 02:27:34,352 INFO     [error] [ -6.53540444e-06   6.71998892e-09]
2017-08-18 02:27:34,352 INFO     
2017-08-18 02:27:34,352 INFO     [min reward] 0.0
2017-08-18 02:27:34,352 INFO     
