2017-02-16 07:17:25,189 INFO     BEGIN
2017-02-16 07:17:25,189 INFO     struct {
    trainer:
        improvement_threshold: 0.8
        use_curriculum: True
        name: 'CurriculumTrainer'
        max_timesteps: 100
        hints: 'resources/craft/hints.yaml'
    name: 'craft_modular_task-baseline_unordered'
    recipes: 'resources/craft/recipes.yaml'
    world:
        name: 'CraftWorld'
    model:
        baseline: 'task'
        use_args: False
        name: 'ModularACModel'
        max_subtask_timesteps: 15
        featurize_plan: False
    experiment_dir: 'experiments/craft_modular_task-baseline_unordered'
}
2017-02-16 07:18:04,953 INFO     [max steps] 100
2017-02-16 07:30:38,586 INFO     [step] 50000
2017-02-16 07:30:38,586 INFO     [task] make[cloth] 0.1 0.0124853687085
2017-02-16 07:30:38,586 INFO     [task] make[bed] 0.1 0.0
2017-02-16 07:30:38,586 INFO     [task] make[stick] 0.1 0.00787560581583
2017-02-16 07:30:38,587 INFO     [task] make[bridge] 0.1 0.004914004914
2017-02-16 07:30:38,587 INFO     [task] make[plank] 0.1 0.012435846822
2017-02-16 07:30:38,587 INFO     [task] make[axe] 0.1 0.000194704049844
2017-02-16 07:30:38,587 INFO     [task] get[gold] 0.1 0.000204039991838
2017-02-16 07:30:38,587 INFO     [task] make[shears] 0.1 0.00850891410049
2017-02-16 07:30:38,587 INFO     [task] get[gem] 0.1 0.0
2017-02-16 07:30:38,587 INFO     [task] make[rope] 0.1 0.00942072559631
2017-02-16 07:30:38,587 INFO     
2017-02-16 07:30:38,587 INFO     [rollout0] [2, 1, 4, 4, 1, 4, 0, 0, 0, 0, 5, 2, 4, 5, 5, 3, 3, 5]
2017-02-16 07:30:38,587 INFO     [rollout1] [5, 0, 0, 3, 2, 4, 3, 3, 4, 3, 4, 3, 4, 2, 0, 6, 1, 2, 1, 2, 4, 2, 5, 0, 3, 3, 4, 2, 3, 0, 0, 2, 4, 0, 0, 0, 3, 6, 4, 1, 4, 3, 0, 4, 1, 1, 2, 4, 1, 0, 0, 5]
2017-02-16 07:30:38,587 INFO     [rollout2] [4, 4, 2, 1, 1, 5, 5, 0, 2, 1, 4, 5, 1, 0, 1, 2, 0, 0, 0, 0, 4, 4, 1, 4, 4, 0, 6]
2017-02-16 07:30:38,587 INFO     [reward] 0.00562
2017-02-16 07:30:38,587 INFO     [error] [  5.93424183e-06   4.21089415e-06]
2017-02-16 07:30:38,588 INFO     
2017-02-16 07:30:38,588 INFO     [min reward] 0.0
2017-02-16 07:30:38,588 INFO     
2017-02-16 07:30:38,588 INFO     [max steps] 100
2017-02-16 07:40:00,524 INFO     [step] 109100
2017-02-16 07:40:00,525 INFO     [task] make[cloth] 0.0993148671274 0.00701574264203
2017-02-16 07:40:00,525 INFO     [task] make[bed] 0.100557939355 0.0
2017-02-16 07:40:00,525 INFO     [task] make[stick] 0.0997738257981 0.00274254370929
2017-02-16 07:40:00,525 INFO     [task] make[bridge] 0.100068689643 0.00118063754427
2017-02-16 07:40:00,525 INFO     [task] make[plank] 0.0993197976411 0.00255275697754
2017-02-16 07:40:00,525 INFO     [task] make[axe] 0.100538554168 0.0
2017-02-16 07:40:00,525 INFO     [task] get[gold] 0.10053762466 0.0
2017-02-16 07:40:00,525 INFO     [task] make[shears] 0.0997107721584 0.00117607526882
2017-02-16 07:40:00,525 INFO     [task] get[gem] 0.100557939355 0.0
2017-02-16 07:40:00,525 INFO     [task] make[rope] 0.0996199900939 0.00369375419745
2017-02-16 07:40:00,525 INFO     
2017-02-16 07:40:00,525 INFO     [rollout0] [3, 2, 3, 2, 3, 1, 2, 1, 5, 1, 3, 5, 0, 2, 2, 3, 2, 5]
2017-02-16 07:40:00,525 INFO     [rollout1] [2, 0, 2, 3, 0, 0, 5, 5, 5, 2, 1, 2, 3, 4, 1, 2, 1, 3, 1, 4, 2, 4, 4, 6, 1, 3, 2, 0, 1, 3, 2, 5]
2017-02-16 07:40:00,525 INFO     [rollout2] [3, 5, 4, 1, 5, 2, 4, 1, 4, 1, 0, 2, 0, 3, 2, 3, 4, 2, 3, 6]
2017-02-16 07:40:00,525 INFO     [reward] 0.00182741116751
2017-02-16 07:40:00,525 INFO     [error] [ -5.53881281e-06   3.34009522e-09]
2017-02-16 07:40:00,526 INFO     
2017-02-16 07:40:00,526 INFO     [min reward] 0.0
2017-02-16 07:40:00,526 INFO     
2017-02-16 07:40:00,526 INFO     [max steps] 100
2017-02-16 07:52:49,883 INFO     [step] 203500
2017-02-16 07:52:49,883 INFO     [task] make[cloth] 0.0994862351379 0.00320889934752
2017-02-16 07:52:49,884 INFO     [task] make[bed] 0.100182128236 0.0
2017-02-16 07:52:49,884 INFO     [task] make[stick] 0.0999100947057 0.00180754917597
2017-02-16 07:52:49,884 INFO     [task] make[bridge] 0.100065020531 0.000857632933105
2017-02-16 07:52:49,884 INFO     [task] make[plank] 0.0999289196945 0.0031887755102
2017-02-16 07:52:49,884 INFO     [task] make[axe] 0.100182128236 0.0
2017-02-16 07:52:49,884 INFO     [task] get[gold] 0.100182128236 0.0
2017-02-16 07:52:49,884 INFO     [task] make[shears] 0.100065473064 0.00177490081437
2017-02-16 07:52:49,884 INFO     [task] get[gem] 0.100182128236 0.0
2017-02-16 07:52:49,884 INFO     [task] make[rope] 0.0998157439224 0.00443786982249
2017-02-16 07:52:49,884 INFO     
2017-02-16 07:52:49,884 INFO     [rollout0] [4, 4, 1, 2, 1, 4, 1, 0, 0, 0, 3, 4, 4, 1, 6, 3, 5]
2017-02-16 07:52:49,884 INFO     [rollout1] [3, 4, 3, 3, 1, 2, 4, 0, 4, 1, 2, 4, 3, 1, 6, 3, 1, 4, 3, 2, 1, 4, 2, 0, 5]
2017-02-16 07:52:49,884 INFO     [rollout2] [0, 3, 4, 0, 5, 0, 1, 1, 4, 2, 1, 5, 4, 2, 5, 4, 5]
2017-02-16 07:52:49,884 INFO     [reward] 0.00152542372881
2017-02-16 07:52:49,884 INFO     [error] [  6.25288755e-06   4.12655824e-06]
2017-02-16 07:52:49,885 INFO     
2017-02-16 07:52:49,885 INFO     [min reward] 0.0
2017-02-16 07:52:49,885 INFO     
2017-02-16 07:52:49,885 INFO     [max steps] 100
2017-02-16 08:05:23,180 INFO     [step] 295600
2017-02-16 08:05:23,180 INFO     [task] make[cloth] 0.0998332788755 0.00505974808914
2017-02-16 08:05:23,180 INFO     [task] make[bed] 0.100151472931 0.0
2017-02-16 08:05:23,180 INFO     [task] make[stick] 0.0999722365823 0.00312803365333
2017-02-16 08:05:23,180 INFO     [task] make[bridge] 0.100066430157 0.000217037438958
2017-02-16 08:05:23,180 INFO     [task] make[plank] 0.0998352743527 0.00498007968127
2017-02-16 08:05:23,180 INFO     [task] make[axe] 0.100151472931 0.0
2017-02-16 08:05:23,180 INFO     [task] get[gold] 0.100151472931 0.0
2017-02-16 08:05:23,181 INFO     [task] make[shears] 0.0999754739897 0.00242638138304
2017-02-16 08:05:23,181 INFO     [task] get[gem] 0.100151472931 0.0
2017-02-16 08:05:23,181 INFO     [task] make[rope] 0.0997114143179 0.00584666298952
2017-02-16 08:05:23,181 INFO     
2017-02-16 08:05:23,181 INFO     [rollout0] [1, 5, 0, 0, 2, 3, 0, 2, 1, 5]
2017-02-16 08:05:23,181 INFO     [rollout1] [0, 3, 2, 1, 5, 5, 3, 2, 0, 2, 0, 1, 1, 3, 3, 2, 5]
2017-02-16 08:05:23,181 INFO     [rollout2] [2, 1, 2, 0, 5, 2, 3, 0, 2, 1, 2, 5, 1, 4, 0, 2, 3, 5, 0, 2, 2, 5]
2017-02-16 08:05:23,181 INFO     [reward] 0.00214983713355
2017-02-16 08:05:23,181 INFO     [error] [  7.66575389e-06   4.17231556e-06]
2017-02-16 08:05:23,181 INFO     
2017-02-16 08:05:23,181 INFO     [min reward] 0.0
2017-02-16 08:05:23,181 INFO     
2017-02-16 08:05:23,181 INFO     [max steps] 100
2017-02-16 08:17:49,134 INFO     [step] 386500
2017-02-16 08:17:49,135 INFO     [task] make[cloth] 0.0997128541828 0.00696602722109
2017-02-16 08:17:49,135 INFO     [task] make[bed] 0.100214895894 0.0
2017-02-16 08:17:49,135 INFO     [task] make[stick] 0.0999045240453 0.00321329639889
2017-02-16 08:17:49,135 INFO     [task] make[bridge] 0.10019336086 0.000888494002665
2017-02-16 08:17:49,135 INFO     [task] make[plank] 0.0997207590949 0.0059704732957
2017-02-16 08:17:49,135 INFO     [task] make[axe] 0.100214895894 0.0
2017-02-16 08:17:49,135 INFO     [task] get[gold] 0.100214895894 0.0
2017-02-16 08:17:49,135 INFO     [task] make[shears] 0.0999741438564 0.00209528010587
2017-02-16 08:17:49,135 INFO     [task] get[gem] 0.100214895894 0.0
2017-02-16 08:17:49,135 INFO     [task] make[rope] 0.099634774386 0.00712456862963
2017-02-16 08:17:49,135 INFO     
2017-02-16 08:17:49,135 INFO     [rollout0] [0, 3, 2, 5, 5]
2017-02-16 08:17:49,135 INFO     [rollout1] [0, 0, 5, 5]
2017-02-16 08:17:49,135 INFO     [rollout2] [3, 3, 1, 0, 5, 1, 1, 4, 5]
2017-02-16 08:17:49,135 INFO     [reward] 0.0026402640264
2017-02-16 08:17:49,136 INFO     [error] [ -6.99608761e-06   6.84415495e-09]
2017-02-16 08:17:49,136 INFO     
2017-02-16 08:17:49,136 INFO     [min reward] 0.0
2017-02-16 08:17:49,136 INFO     
2017-02-16 08:17:49,136 INFO     [max steps] 100
2017-02-16 08:29:59,243 INFO     [step] 475200
2017-02-16 08:29:59,244 INFO     [task] make[cloth] 0.0995691557997 0.0093002154928
2017-02-16 08:29:59,244 INFO     [task] make[bed] 0.100260659247 0.0
2017-02-16 08:29:59,244 INFO     [task] make[stick] 0.0999416818059 0.0026100771675
2017-02-16 08:29:59,244 INFO     [task] make[bridge] 0.100172460242 0.000904363554149
2017-02-16 08:29:59,244 INFO     [task] make[plank] 0.0996679824263 0.00655145148537
2017-02-16 08:29:59,244 INFO     [task] make[axe] 0.100260659247 0.000111308993767
2017-02-16 08:29:59,244 INFO     [task] get[gold] 0.100260659247 0.0
2017-02-16 08:29:59,244 INFO     [task] make[shears] 0.100052665024 0.00225428313796
2017-02-16 08:29:59,244 INFO     [task] get[gem] 0.100260659247 0.0
2017-02-16 08:29:59,244 INFO     [task] make[rope] 0.0995534177144 0.00641686719377
2017-02-16 08:29:59,244 INFO     
2017-02-16 08:29:59,244 INFO     [rollout0] [3, 5, 5]
2017-02-16 08:29:59,244 INFO     [rollout1] [3, 4, 5, 2, 4, 1, 2, 1, 4, 3, 4, 2, 1, 4, 1, 1, 0, 6]
2017-02-16 08:29:59,244 INFO     [rollout2] [4, 4, 2, 4, 0, 3, 4, 5, 3, 0, 3, 2, 0, 1, 5, 2, 5, 4, 5]
2017-02-16 08:29:59,244 INFO     [reward] 0.00279594137542
2017-02-16 08:29:59,244 INFO     [error] [  7.32407350e-06   4.99573720e-06]
2017-02-16 08:29:59,245 INFO     
2017-02-16 08:29:59,245 INFO     [min reward] 0.0
2017-02-16 08:29:59,245 INFO     
2017-02-16 08:29:59,245 INFO     [max steps] 100
2017-02-16 08:42:36,607 INFO     [step] 568700
2017-02-16 08:42:36,607 INFO     [task] make[cloth] 0.0993560907016 0.0114076625054
2017-02-16 08:42:36,608 INFO     [task] make[bed] 0.100279477584 0.000108225108225
2017-02-16 08:42:36,608 INFO     [task] make[stick] 0.100020331866 0.00461422899453
2017-02-16 08:42:36,608 INFO     [task] make[bridge] 0.100189686391 0.00149190110827
2017-02-16 08:42:36,608 INFO     [task] make[plank] 0.0996290061656 0.00768148869415
2017-02-16 08:42:36,608 INFO     [task] make[axe] 0.100268426091 0.0
2017-02-16 08:42:36,608 INFO     [task] get[gold] 0.100279477584 0.0
2017-02-16 08:42:36,608 INFO     [task] make[shears] 0.10005565745 0.00268067767532
2017-02-16 08:42:36,608 INFO     [task] get[gem] 0.100279477584 0.0
2017-02-16 08:42:36,608 INFO     [task] make[rope] 0.0996423685838 0.0116104063642
2017-02-16 08:42:36,608 INFO     
2017-02-16 08:42:36,608 INFO     [rollout0] [5, 4, 5, 5, 5, 0, 5]
2017-02-16 08:42:36,608 INFO     [rollout1] [1, 5, 2, 2, 1, 4, 5, 2, 1, 2, 1, 2, 3, 4, 0, 4, 3, 1, 4, 4, 1, 6]
2017-02-16 08:42:36,608 INFO     [rollout2] [2, 1, 1, 5, 4, 0, 4, 2, 0, 5, 4, 2, 0, 1, 2, 1, 4, 0, 3, 1, 2, 1, 5]
2017-02-16 08:42:36,608 INFO     [reward] 0.00393582887701
2017-02-16 08:42:36,608 INFO     [error] [  1.83865435e-05   9.40203619e-06]
2017-02-16 08:42:36,608 INFO     
2017-02-16 08:42:36,609 INFO     [min reward] 0.0
2017-02-16 08:42:36,609 INFO     
2017-02-16 08:42:36,609 INFO     [max steps] 100
2017-02-16 08:54:59,279 INFO     [step] 658900
2017-02-16 08:54:59,279 INFO     [task] make[cloth] 0.0992596517578 0.00992667794698
2017-02-16 08:54:59,279 INFO     [task] make[bed] 0.100382811008 0.0
2017-02-16 08:54:59,280 INFO     [task] make[stick] 0.0999349161467 0.0048103203236
2017-02-16 08:54:59,280 INFO     [task] make[bridge] 0.100245274205 0.00111061750333
2017-02-16 08:54:59,280 INFO     [task] make[plank] 0.0996300318429 0.00952914798206
2017-02-16 08:54:59,280 INFO     [task] make[axe] 0.100393568538 0.0
2017-02-16 08:54:59,280 INFO     [task] get[gold] 0.100393568538 0.0
2017-02-16 08:54:59,280 INFO     [task] make[shears] 0.100127110322 0.00242906039527
2017-02-16 08:54:59,280 INFO     [task] get[gem] 0.100393568538 0.0
2017-02-16 08:54:59,280 INFO     [task] make[rope] 0.0992394991049 0.0149647887324
2017-02-16 08:54:59,280 INFO     
2017-02-16 08:54:59,280 INFO     [rollout0] [0, 3, 4, 2, 5, 2, 5, 2, 1, 5]
2017-02-16 08:54:59,280 INFO     [rollout1] [5, 3, 0, 2, 0, 5]
2017-02-16 08:54:59,280 INFO     [rollout2] [0, 5, 3, 3, 3, 2, 2, 3, 4, 3, 2, 4, 5, 2, 2, 4, 0, 4, 3, 1, 3, 5, 3, 1, 0, 3, 4, 4, 5]
2017-02-16 08:54:59,280 INFO     [reward] 0.00426829268293
2017-02-16 08:54:59,280 INFO     [error] [  3.88606530e-06   4.69035613e-06]
2017-02-16 08:54:59,280 INFO     
2017-02-16 08:54:59,281 INFO     [min reward] 0.0
2017-02-16 08:54:59,281 INFO     
2017-02-16 08:54:59,281 INFO     [max steps] 100
2017-02-16 09:06:17,944 INFO     [step] 739200
2017-02-16 09:06:17,945 INFO     [task] make[cloth] 0.0994382531768 0.0151573048019
2017-02-16 09:06:17,945 INFO     [task] make[bed] 0.100425272321 0.0
2017-02-16 09:06:17,945 INFO     [task] make[stick] 0.0999469775408 0.00458090875325
2017-02-16 09:06:17,945 INFO     [task] make[bridge] 0.100314842554 0.00161090458488
2017-02-16 09:06:17,945 INFO     [task] make[plank] 0.0994777799639 0.0188937228092
2017-02-16 09:06:17,945 INFO     [task] make[axe] 0.100425272321 0.0
2017-02-16 09:06:17,945 INFO     [task] get[gold] 0.100425272321 0.0
2017-02-16 09:06:17,945 INFO     [task] make[shears] 0.100183748508 0.00378325604101
2017-02-16 09:06:17,945 INFO     [task] get[gem] 0.100425272321 0.0
2017-02-16 09:06:17,945 INFO     [task] make[rope] 0.0989373089712 0.027989503936
2017-02-16 09:06:17,945 INFO     
2017-02-16 09:06:17,945 INFO     [rollout0] [4, 3, 0, 0, 0, 4, 3, 4, 5, 5, 2, 2, 3, 2, 3, 3, 4, 2, 0, 0, 1, 4, 2, 2, 6, 2, 3, 1, 5]
2017-02-16 09:06:17,945 INFO     [rollout1] [3, 2, 4, 5, 0, 3, 3, 0, 3, 2, 4, 0, 4, 2, 1, 2, 1, 3, 6]
2017-02-16 09:06:17,946 INFO     [rollout2] [1, 1, 0, 1, 0, 2, 2, 3, 0, 0, 4, 5, 2, 4, 3, 0, 1, 5]
2017-02-16 09:06:17,946 INFO     [reward] 0.00717310087173
2017-02-16 09:06:17,946 INFO     [error] [  1.41107789e-06   4.03746388e-06]
2017-02-16 09:06:17,946 INFO     
2017-02-16 09:06:17,946 INFO     [min reward] 0.0
2017-02-16 09:06:17,946 INFO     
2017-02-16 09:06:17,946 INFO     [max steps] 100
2017-02-16 09:16:20,278 INFO     [step] 806700
2017-02-16 09:16:20,279 INFO     [task] make[cloth] 0.0992066456834 0.0224222086638
2017-02-16 09:16:20,279 INFO     [task] make[bed] 0.10071814632 0.0
2017-02-16 09:16:20,279 INFO     [task] make[stick] 0.100261333807 0.00437764482708
2017-02-16 09:16:20,279 INFO     [task] make[bridge] 0.100557505405 0.00238663484487
2017-02-16 09:16:20,279 INFO     [task] make[plank] 0.0988340465789 0.0316341829085
2017-02-16 09:16:20,279 INFO     [task] make[axe] 0.10071814632 0.000147015583652
2017-02-16 09:16:20,279 INFO     [task] get[gold] 0.10071814632 0.0
2017-02-16 09:16:20,279 INFO     [task] make[shears] 0.100340876483 0.003564003564
2017-02-16 09:16:20,279 INFO     [task] get[gem] 0.10071814632 0.0
2017-02-16 09:16:20,279 INFO     [task] make[rope] 0.0979270067627 0.0546875
2017-02-16 09:16:20,279 INFO     
2017-02-16 09:16:20,280 INFO     [rollout0] [2, 1, 1, 4, 1, 1, 4, 0, 4, 4, 5, 5, 3, 5, 4, 0, 1, 0, 4, 3, 5]
2017-02-16 09:16:20,280 INFO     [rollout1] [3, 1, 3, 5, 4, 4, 4, 4, 4, 0, 4, 4, 4, 1, 4, 4, 0, 4, 6]
2017-02-16 09:16:20,280 INFO     [rollout2] [0, 3, 0, 5, 5]
2017-02-16 09:16:20,280 INFO     [reward] 0.0117481481481
2017-02-16 09:16:20,280 INFO     [error] [ -4.51546943e-06   5.10855816e-06]
2017-02-16 09:16:20,280 INFO     
2017-02-16 09:16:20,280 INFO     [min reward] 0.0
2017-02-16 09:16:20,280 INFO     
2017-02-16 09:16:20,280 INFO     [max steps] 100
2017-02-16 09:25:57,125 INFO     [step] 870800
2017-02-16 09:25:57,125 INFO     [task] make[cloth] 0.0989479490808 0.0380562981601
2017-02-16 09:25:57,125 INFO     [task] make[bed] 0.101194487612 0.000155860349127
2017-02-16 09:25:57,125 INFO     [task] make[stick] 0.100755880162 0.00725308641975
2017-02-16 09:25:57,126 INFO     [task] make[bridge] 0.100955364553 0.00311623558741
2017-02-16 09:25:57,126 INFO     [task] make[plank] 0.0980249777803 0.0577105014191
2017-02-16 09:25:57,126 INFO     [task] make[axe] 0.101179757744 0.000462392108508
2017-02-16 09:25:57,126 INFO     [task] get[gold] 0.101194487612 0.0
2017-02-16 09:25:57,126 INFO     [task] make[shears] 0.100837400964 0.00649551500155
2017-02-16 09:25:57,126 INFO     [task] get[gem] 0.101194487612 0.0
2017-02-16 09:25:57,126 INFO     [task] make[rope] 0.0957152068784 0.0995727900099
2017-02-16 09:25:57,126 INFO     
2017-02-16 09:25:57,126 INFO     [rollout0] [2, 2, 2, 4, 4, 1, 4, 4, 4, 2, 5, 3, 1, 2, 1, 0, 1, 2, 5, 4, 2, 5, 4, 2, 2, 1, 5]
2017-02-16 09:25:57,126 INFO     [rollout1] [0, 2, 4, 4, 4, 4, 5, 1, 3, 4, 3, 0, 3, 2, 3, 2, 2, 3, 2, 3, 1, 6]
2017-02-16 09:25:57,126 INFO     [rollout2] [2, 1, 0, 4, 2, 5, 4, 4, 0, 0, 4, 3, 4, 2, 0, 4, 0, 3, 4, 5]
2017-02-16 09:25:57,126 INFO     [reward] 0.0207020280811
2017-02-16 09:25:57,126 INFO     [error] [  1.62860496e-05   3.05007609e-05]
2017-02-16 09:25:57,126 INFO     
2017-02-16 09:25:57,127 INFO     [min reward] 0.0
2017-02-16 09:25:57,127 INFO     
2017-02-16 09:25:57,127 INFO     [max steps] 100
2017-02-16 09:34:38,038 INFO     [step] 923000
2017-02-16 09:34:38,038 INFO     [task] make[cloth] 0.0983034561119 0.0931652550719
2017-02-16 09:34:38,038 INFO     [task] make[bed] 0.10213674812 0.00151371807001
2017-02-16 09:34:38,038 INFO     [task] make[stick] 0.101418926862 0.0133158289572
2017-02-16 09:34:38,038 INFO     [task] make[bridge] 0.101837332509 0.00863889422154
2017-02-16 09:34:38,038 INFO     [task] make[plank] 0.096315608355 0.13406374502
2017-02-16 09:34:38,038 INFO     [task] make[axe] 0.102105745161 0.000567107750473
2017-02-16 09:34:38,038 INFO     [task] get[gold] 0.102152512008 0.0
2017-02-16 09:34:38,038 INFO     [task] make[shears] 0.101495548469 0.00855513307985
2017-02-16 09:34:38,038 INFO     [task] get[gem] 0.102152512008 0.0
2017-02-16 09:34:38,038 INFO     [task] make[rope] 0.0920816103967 0.233621755253
2017-02-16 09:34:38,039 INFO     
2017-02-16 09:34:38,039 INFO     [rollout0] [4, 4, 4, 3, 5, 5, 5, 1, 4, 4, 2, 4, 5]
2017-02-16 09:34:38,039 INFO     [rollout1] [2, 4, 5, 2, 4, 3, 0, 3, 0, 3, 4, 1, 2, 3, 3, 4, 4, 6, 5, 1, 4, 4, 4, 1, 2, 1, 2, 2, 4, 4, 4, 4, 4, 6]
2017-02-16 09:34:38,039 INFO     [rollout2] [3, 2, 0, 4, 5, 1, 2, 4, 4, 4, 1, 4, 3, 5, 1, 2, 3, 1, 4, 1, 2, 0, 5, 3, 4, 5, 1, 1, 4, 5]
2017-02-16 09:34:38,039 INFO     [reward] 0.0469731800766
2017-02-16 09:34:38,039 INFO     [error] [ -1.73492042e-05   1.73776958e-05]
2017-02-16 09:34:38,039 INFO     
2017-02-16 09:34:38,039 INFO     [min reward] 0.0
2017-02-16 09:34:38,039 INFO     
2017-02-16 09:34:38,039 INFO     [max steps] 100
2017-02-16 09:43:12,545 INFO     [step] 973200
2017-02-16 09:43:12,545 INFO     [task] make[cloth] 0.0954384173017 0.225346202266
2017-02-16 09:43:12,545 INFO     [task] make[bed] 0.104978934481 0.0060218291306
2017-02-16 09:43:12,545 INFO     [task] make[stick] 0.103750387254 0.0172479150872
2017-02-16 09:43:12,545 INFO     [task] make[bridge] 0.104237235349 0.016766236269
2017-02-16 09:43:12,545 INFO     [task] make[plank] 0.0911810664844 0.205088495575
2017-02-16 09:43:12,545 INFO     [task] make[axe] 0.105077472403 0.00185425551641
2017-02-16 09:43:12,545 INFO     [task] get[gold] 0.105136505797 0.0
2017-02-16 09:43:12,546 INFO     [task] make[shears] 0.104245954511 0.0128549501151
2017-02-16 09:43:12,546 INFO     [task] get[gem] 0.105136505797 0.0
2017-02-16 09:43:12,546 INFO     [task] make[rope] 0.080817520623 0.410799899066
2017-02-16 09:43:12,546 INFO     
2017-02-16 09:43:12,546 INFO     [rollout0] [2, 3, 0, 4, 5, 0, 0, 0, 4, 0, 3, 4, 4, 4, 2, 0, 4, 3, 4, 6]
2017-02-16 09:43:12,546 INFO     [rollout1] [3, 1, 4, 3, 1, 2, 3, 4, 3, 1, 2, 4, 1, 1, 6, 3, 3, 3, 3, 3, 0, 3, 3, 3, 3, 3, 3, 0, 4, 6]
2017-02-16 09:43:12,546 INFO     [rollout2] [4, 2, 5, 1, 0, 4, 4, 5, 5, 4, 1, 4, 2, 4, 4, 2, 4, 5]
2017-02-16 09:43:12,546 INFO     [reward] 0.0780079681275
2017-02-16 09:43:12,546 INFO     [error] [  1.86948431e-06   4.65852484e-05]
2017-02-16 09:43:12,546 INFO     
2017-02-16 09:43:12,546 INFO     [min reward] 0.0
2017-02-16 09:43:12,546 INFO     
2017-02-16 09:43:12,546 INFO     [max steps] 100
2017-02-16 09:52:10,329 INFO     [step] 1023200
2017-02-16 09:52:10,329 INFO     [task] make[cloth] 0.0852512031956 0.399531615925
2017-02-16 09:52:10,329 INFO     [task] make[bed] 0.109080396088 0.0139768915393
2017-02-16 09:52:10,329 INFO     [task] make[stick] 0.107860702335 0.0405281496424
2017-02-16 09:52:10,329 INFO     [task] make[bridge] 0.10791303586 0.0491803278689
2017-02-16 09:52:10,329 INFO     [task] make[plank] 0.087452166059 0.309855880986
2017-02-16 09:52:10,329 INFO     [task] make[axe] 0.109533195356 0.00318531009931
2017-02-16 09:52:10,329 INFO     [task] get[gold] 0.109734656834 0.000182381907715
2017-02-16 09:52:10,329 INFO     [task] make[shears] 0.108337989963 0.0278745644599
2017-02-16 09:52:10,330 INFO     [task] get[gem] 0.109734656834 0.0
2017-02-16 09:52:10,330 INFO     [task] make[rope] 0.0651019974759 0.520641520642
2017-02-16 09:52:10,330 INFO     
2017-02-16 09:52:10,330 INFO     [rollout0] [4, 3, 1, 3, 2, 1, 3, 4, 3, 2, 4, 3, 2, 4, 6, 0, 3, 4, 3, 0, 4, 4, 4, 4, 4, 4, 4, 4, 4, 6]
2017-02-16 09:52:10,330 INFO     [rollout1] [4, 4, 4, 4, 4, 3, 3, 2, 0, 2, 4, 0, 4, 3, 6, 2, 4, 3, 3, 0, 2, 4, 0, 3, 4, 5, 0, 4, 1, 5, 4, 4, 4, 2, 4, 4, 2, 2, 4, 4, 4, 4, 2, 4, 6]
2017-02-16 09:52:10,330 INFO     [rollout2] [0, 4, 4, 4, 4, 2, 4, 2, 5, 3, 1, 0, 0, 0, 2, 3, 2, 0, 4, 4, 4, 4, 0, 6, 3, 5, 1, 1, 1, 1, 1, 1, 2, 1, 3, 3, 4, 4, 3, 3, 6, 3, 0, 0, 1, 2, 2, 3, 4, 0, 4, 5]
2017-02-16 09:52:10,330 INFO     [reward] 0.1105
2017-02-16 09:52:10,330 INFO     [error] [  3.03580376e-06   3.81677765e-05]
2017-02-16 09:52:10,330 INFO     
2017-02-16 09:52:10,330 INFO     [min reward] 0.0
2017-02-16 09:52:10,330 INFO     
2017-02-16 09:52:10,330 INFO     [max steps] 100
2017-02-16 10:01:22,472 INFO     [step] 1073200
2017-02-16 10:01:22,472 INFO     [task] make[cloth] 0.0698872757845 0.521023228462
2017-02-16 10:01:22,472 INFO     [task] make[bed] 0.114026120737 0.0943623238226
2017-02-16 10:01:22,472 INFO     [task] make[stick] 0.110986495515 0.141453831041
2017-02-16 10:01:22,472 INFO     [task] make[bridge] 0.109995982031 0.0936516749954
2017-02-16 10:01:22,472 INFO     [task] make[plank] 0.0801534795427 0.44702320888
2017-02-16 10:01:22,472 INFO     [task] make[axe] 0.115261556098 0.0127630217316
2017-02-16 10:01:22,472 INFO     [task] get[gold] 0.115605335524 0.0
2017-02-16 10:01:22,472 INFO     [task] make[shears] 0.112435095673 0.0724459293125
2017-02-16 10:01:22,472 INFO     [task] get[gem] 0.11562621486 0.0
2017-02-16 10:01:22,472 INFO     [task] make[rope] 0.0560224442355 0.57248416608
2017-02-16 10:01:22,472 INFO     
2017-02-16 10:01:22,472 INFO     [rollout0] [2, 0, 0, 2, 4, 5, 1, 1, 1, 1, 1, 1, 1, 1, 1, 1, 4, 1, 1, 1, 6, 5, 3, 3, 3, 1, 3, 4, 5, 3, 0, 2, 5]
2017-02-16 10:01:22,472 INFO     [rollout1] [3, 3, 4, 5, 1, 2, 2, 1, 1, 3, 1, 5, 3, 0, 4, 0, 5, 2, 1, 5, 2, 5]
2017-02-16 10:01:22,473 INFO     [rollout2] [4, 5, 2, 2, 4, 2, 2, 0, 4, 5]
2017-02-16 10:01:22,473 INFO     [reward] 0.15008
2017-02-16 10:01:22,473 INFO     [error] [ -4.56565171e-05   2.54060454e-05]
2017-02-16 10:01:22,473 INFO     
2017-02-16 10:01:22,473 INFO     [min reward] 0.0
2017-02-16 10:01:22,473 INFO     
2017-02-16 10:01:22,473 INFO     [max steps] 100
2017-02-16 10:10:11,607 INFO     [step] 1123200
2017-02-16 10:10:11,607 INFO     [task] make[cloth] 0.060035509142 0.567237969677
2017-02-16 10:10:11,607 INFO     [task] make[bed] 0.11242001109 0.254880888411
2017-02-16 10:10:11,607 INFO     [task] make[stick] 0.106638217809 0.320645040315
2017-02-16 10:10:11,607 INFO     [task] make[bridge] 0.112507263014 0.132347764872
2017-02-16 10:10:11,608 INFO     [task] make[plank] 0.069121071301 0.576657060519
2017-02-16 10:10:11,608 INFO     [task] make[axe] 0.122438596699 0.0322634570378
2017-02-16 10:10:11,608 INFO     [task] get[gold] 0.124005612869 0.0
2017-02-16 10:10:11,608 INFO     [task] make[shears] 0.115110858548 0.149715075117
2017-02-16 10:10:11,608 INFO     [task] get[gem] 0.124005612869 0.0
2017-02-16 10:10:11,608 INFO     [task] make[rope] 0.0537172466587 0.647608370703
2017-02-16 10:10:11,608 INFO     
2017-02-16 10:10:11,608 INFO     [rollout0] [3, 3, 3, 1, 3, 1, 4, 5, 1, 2, 2, 2, 2, 2, 2, 0, 1, 4, 2, 2, 2, 2, 6, 5, 0, 0, 5, 1, 2, 2, 2, 5]
2017-02-16 10:10:11,608 INFO     [rollout1] [2, 4, 1, 2, 1, 2, 0, 4, 2, 4, 0, 2, 2, 1, 6, 2, 4, 0, 4, 2, 1, 2, 2, 5]
2017-02-16 10:10:11,608 INFO     [rollout2] [0, 4, 0, 1, 0, 3, 4, 0, 5, 2, 4, 4, 4, 4, 4, 1, 1, 2, 3, 2, 4, 5]
2017-02-16 10:10:11,608 INFO     [reward] 0.208
2017-02-16 10:10:11,608 INFO     [error] [ -6.65138380e-05   5.85672089e-05]
2017-02-16 10:10:11,608 INFO     
2017-02-16 10:10:11,608 INFO     [min reward] 0.0
2017-02-16 10:10:11,608 INFO     
2017-02-16 10:10:11,609 INFO     [max steps] 100
2017-02-16 10:18:53,488 INFO     [step] 1173200
2017-02-16 10:18:53,488 INFO     [task] make[cloth] 0.0596823365619 0.628347485304
2017-02-16 10:18:53,488 INFO     [task] make[bed] 0.101786670662 0.371209137456
2017-02-16 10:18:53,488 INFO     [task] make[stick] 0.0929219578393 0.447928085946
2017-02-16 10:18:53,488 INFO     [task] make[bridge] 0.118303586337 0.173514431239
2017-02-16 10:18:53,488 INFO     [task] make[plank] 0.0584126853469 0.639918395104
2017-02-16 10:18:53,488 INFO     [task] make[axe] 0.131794502305 0.0531561461794
2017-02-16 10:18:53,488 INFO     [task] get[gold] 0.13614347166 0.0
2017-02-16 10:18:53,488 INFO     [task] make[shears] 0.115962550783 0.176470588235
2017-02-16 10:18:53,488 INFO     [task] get[gem] 0.13614347166 0.0
2017-02-16 10:18:53,488 INFO     [task] make[rope] 0.0488487668447 0.704410517388
2017-02-16 10:18:53,488 INFO     
2017-02-16 10:18:53,489 INFO     [rollout0] [1, 1, 1, 1, 1, 1, 1, 1, 1, 1, 1, 1, 1, 3, 6, 4, 0, 5, 5, 2, 0, 5, 0, 2, 1, 5]
2017-02-16 10:18:53,489 INFO     [rollout1] [1, 1, 3, 1, 2, 3, 1, 3, 4, 5, 2, 2, 0, 2, 4, 5, 5, 5]
2017-02-16 10:18:53,489 INFO     [rollout2] [3, 1, 3, 4, 1, 4, 0, 3, 0, 3, 0, 4, 5, 3, 3, 0, 1, 3, 3, 4, 3, 1, 1, 4, 5, 5, 2, 1, 1, 1, 1, 1, 1, 5]
2017-02-16 10:18:53,489 INFO     [reward] 0.23608
2017-02-16 10:18:53,489 INFO     [error] [ -6.91952827e-05   5.11036742e-05]
2017-02-16 10:18:53,489 INFO     
2017-02-16 10:18:53,489 INFO     [min reward] 0.0
2017-02-16 10:18:53,489 INFO     
2017-02-16 10:18:53,489 INFO     [max steps] 100
2017-02-16 10:27:28,628 INFO     [step] 1223200
2017-02-16 10:27:28,628 INFO     [task] make[cloth] 0.0552715446337 0.66974852071
2017-02-16 10:27:28,628 INFO     [task] make[bed] 0.0925107429171 0.466940363008
2017-02-16 10:27:28,628 INFO     [task] make[stick] 0.081400178667 0.500491400491
2017-02-16 10:27:28,628 INFO     [task] make[bridge] 0.121141215291 0.206935851514
2017-02-16 10:27:28,628 INFO     [task] make[plank] 0.0535958264533 0.688929219601
2017-02-16 10:27:28,628 INFO     [task] make[axe] 0.138571700008 0.0687589158345
2017-02-16 10:27:28,628 INFO     [task] get[gold] 0.146269860489 0.0
2017-02-16 10:27:28,628 INFO     [task] make[shears] 0.120713099775 0.205676126878
2017-02-16 10:27:28,628 INFO     [task] get[gem] 0.146269860489 0.0
2017-02-16 10:27:28,629 INFO     [task] make[rope] 0.044255971276 0.729754322111
2017-02-16 10:27:28,629 INFO     
2017-02-16 10:27:28,629 INFO     [rollout0] [3, 4, 5, 4, 1, 3, 4, 5, 1, 4, 1, 3, 2, 3, 4, 4, 0, 2, 1, 3, 3, 4, 6, 2, 5]
2017-02-16 10:27:28,629 INFO     [rollout1] [4, 4, 1, 3, 0, 2, 4, 4, 5, 5, 1, 4, 1, 4, 1, 3, 1, 3, 4, 0, 1, 3, 4, 4, 6, 0, 3, 5]
2017-02-16 10:27:28,629 INFO     [rollout2] [4, 3, 1, 2, 0, 1, 2, 4, 3, 3, 5, 0, 0, 2, 0, 4, 5, 2, 1, 1, 2, 1, 3, 2, 0, 3, 1, 2, 1, 3, 1, 6, 0, 2, 3, 5]
2017-02-16 10:27:28,629 INFO     [reward] 0.24992
2017-02-16 10:27:28,629 INFO     [error] [ -1.57048966e-05   5.23902011e-05]
2017-02-16 10:27:28,629 INFO     
2017-02-16 10:27:28,629 INFO     [min reward] 0.0
2017-02-16 10:27:28,629 INFO     
2017-02-16 10:27:28,629 INFO     [max steps] 100
2017-02-16 10:36:32,673 INFO     [step] 1273200
2017-02-16 10:36:32,673 INFO     [task] make[cloth] 0.0518457486716 0.694815396701
2017-02-16 10:36:32,673 INFO     [task] make[bed] 0.0827485996885 0.514702366722
2017-02-16 10:36:32,673 INFO     [task] make[stick] 0.0776362673023 0.534950443401
2017-02-16 10:36:32,673 INFO     [task] make[bridge] 0.122366733266 0.27320347029
2017-02-16 10:36:32,673 INFO     [task] make[plank] 0.0489230936515 0.696819496076
2017-02-16 10:36:32,673 INFO     [task] make[axe] 0.143421415216 0.0941407896586
2017-02-16 10:36:32,673 INFO     [task] get[gold] 0.153898540772 0.0
2017-02-16 10:36:32,673 INFO     [task] make[shears] 0.122558683546 0.216327175114
2017-02-16 10:36:32,673 INFO     [task] get[gem] 0.153898540772 0.0
2017-02-16 10:36:32,674 INFO     [task] make[rope] 0.0427023771137 0.73032673723
2017-02-16 10:36:32,674 INFO     
2017-02-16 10:36:32,674 INFO     [rollout0] [2, 1, 2, 1, 2, 2, 0, 2, 4, 1, 1, 4, 5, 2, 4, 5, 4, 4, 0, 3, 4, 3, 4, 4, 4, 4, 4, 4, 4, 4, 6, 1, 1, 4, 1, 1, 4, 4, 4, 4, 4, 4, 4, 4, 4, 6]
2017-02-16 10:36:32,674 INFO     [rollout1] [1, 4, 4, 4, 1, 1, 3, 3, 4, 3, 4, 5, 0, 3, 1, 3, 4, 2, 0, 3, 4, 3, 3, 3, 3, 3, 6, 5, 1, 4, 4, 4, 4, 4, 4, 4, 2, 4, 4, 5]
2017-02-16 10:36:32,674 INFO     [rollout2] [2, 2, 4, 5, 2, 0, 2, 4, 5, 1, 5, 0, 5, 4, 1, 4, 3, 4, 5]
2017-02-16 10:36:32,674 INFO     [reward] 0.25912
2017-02-16 10:36:32,674 INFO     [error] [ -4.49615107e-05   6.77200549e-05]
2017-02-16 10:36:32,674 INFO     
2017-02-16 10:36:32,674 INFO     [min reward] 0.0
2017-02-16 10:36:32,674 INFO     
2017-02-16 10:36:32,674 INFO     [max steps] 100
2017-02-16 10:45:45,389 INFO     [step] 1323200
2017-02-16 10:45:45,389 INFO     [task] make[cloth] 0.0496767225598 0.729976209358
2017-02-16 10:45:45,389 INFO     [task] make[bed] 0.0780646099311 0.567391847962
2017-02-16 10:45:45,389 INFO     [task] make[stick] 0.0748732799074 0.56992639327
2017-02-16 10:45:45,389 INFO     [task] make[bridge] 0.116127616661 0.336625086625
2017-02-16 10:45:45,389 INFO     [task] make[plank] 0.0493608534228 0.74871592256
2017-02-16 10:45:45,389 INFO     [task] make[axe] 0.144349956882 0.153953813856
2017-02-16 10:45:45,389 INFO     [task] get[gold] 0.159187629282 0.0
2017-02-16 10:45:45,389 INFO     [task] make[shears] 0.125091975662 0.224176888315
2017-02-16 10:45:45,389 INFO     [task] get[gem] 0.159187629282 0.0
2017-02-16 10:45:45,389 INFO     [task] make[rope] 0.0440797264099 0.764812302126
2017-02-16 10:45:45,390 INFO     
2017-02-16 10:45:45,390 INFO     [rollout0] [0, 2, 4, 5, 2, 4, 5, 4, 3, 1, 4, 2, 0, 3, 4, 3, 5, 4, 4, 4, 4, 4, 4, 4, 4, 4, 4, 4, 4, 4, 4, 6]
2017-02-16 10:45:45,390 INFO     [rollout1] [3, 4, 5, 1, 1, 1, 1, 1, 4, 5, 0, 4, 2, 0, 0, 3, 2, 3, 4, 2, 3, 1, 0, 2, 6, 5, 4, 3, 4, 0, 2, 2, 2, 1, 1, 5]
2017-02-16 10:45:45,390 INFO     [rollout2] [0, 1, 0, 4, 5, 0, 0, 0, 4, 5, 0, 0, 4, 4, 4, 4, 4, 4, 4, 4, 4, 4, 4, 4, 6]
2017-02-16 10:45:45,390 INFO     [reward] 0.28592
2017-02-16 10:45:45,390 INFO     [error] [ -2.27590601e-05   7.92163515e-05]
2017-02-16 10:45:45,390 INFO     
2017-02-16 10:45:45,390 INFO     [min reward] 0.0
2017-02-16 10:45:45,390 INFO     
2017-02-16 10:45:45,390 INFO     [max steps] 100
2017-02-16 10:55:14,257 INFO     [step] 1373200
2017-02-16 10:55:14,258 INFO     [task] make[cloth] 0.0466362644539 0.737063525452
2017-02-16 10:55:14,258 INFO     [task] make[bed] 0.0737137040412 0.597176981542
2017-02-16 10:55:14,258 INFO     [task] make[stick] 0.0732915908879 0.583310755893
2017-02-16 10:55:14,258 INFO     [task] make[bridge] 0.112146508926 0.428545941124
2017-02-16 10:55:14,258 INFO     [task] make[plank] 0.0435152788452 0.763337893297
2017-02-16 10:55:14,258 INFO     [task] make[axe] 0.142569301809 0.233319403817
2017-02-16 10:55:14,258 INFO     [task] get[gold] 0.168209376033 0.0
2017-02-16 10:55:14,258 INFO     [task] make[shears] 0.130874074544 0.241004440361
2017-02-16 10:55:14,258 INFO     [task] get[gem] 0.168209376033 0.0
2017-02-16 10:55:14,258 INFO     [task] make[rope] 0.0408345244262 0.796067672611
2017-02-16 10:55:14,258 INFO     
2017-02-16 10:55:14,258 INFO     [rollout0] [3, 4, 3, 1, 4, 3, 3, 1, 4, 3, 0, 4, 2, 2, 6, 5, 5, 5]
2017-02-16 10:55:14,258 INFO     [rollout1] [2, 0, 4, 5, 0, 3, 4, 5, 0, 4, 5, 0, 2, 0, 2, 0, 4, 5]
2017-02-16 10:55:14,258 INFO     [rollout2] [4, 3, 0, 3, 5, 1, 1, 1, 4, 5, 1, 3, 2, 0, 3, 2, 4, 4, 0, 0, 4, 3, 4, 1, 6, 0, 0, 0, 0, 0, 4, 5, 0, 0, 3, 3, 2, 1, 1, 1, 3, 0, 2, 4, 2, 2, 6]
2017-02-16 10:55:14,258 INFO     [reward] 0.30342
2017-02-16 10:55:14,258 INFO     [error] [ -6.29464244e-05   6.11772272e-05]
2017-02-16 10:55:14,259 INFO     
2017-02-16 10:55:14,259 INFO     [min reward] 0.0
2017-02-16 10:55:14,259 INFO     
2017-02-16 10:55:14,259 INFO     [max steps] 100
2017-02-16 11:04:33,652 INFO     [step] 1423200
2017-02-16 11:04:33,652 INFO     [task] make[cloth] 0.0477147205398 0.764585045193
2017-02-16 11:04:33,652 INFO     [task] make[bed] 0.0721696687509 0.596200814111
2017-02-16 11:04:33,652 INFO     [task] make[stick] 0.0745937605945 0.56692492653
2017-02-16 11:04:33,652 INFO     [task] make[bridge] 0.101649726267 0.533465739821
2017-02-16 11:04:33,652 INFO     [task] make[plank] 0.0431214388205 0.777360263034
2017-02-16 11:04:33,652 INFO     [task] make[axe] 0.135779205242 0.307040998217
2017-02-16 11:04:33,653 INFO     [task] get[gold] 0.176568074403 0.0
2017-02-16 11:04:33,653 INFO     [task] make[shears] 0.134435708109 0.275112443778
2017-02-16 11:04:33,653 INFO     [task] get[gem] 0.176568074403 0.0
2017-02-16 11:04:33,653 INFO     [task] make[rope] 0.0373996228709 0.769509043928
2017-02-16 11:04:33,653 INFO     
2017-02-16 11:04:33,653 INFO     [rollout0] [2, 4, 0, 0, 0, 0, 2, 0, 4, 3, 0, 3, 4, 0, 6, 5, 4, 3, 0, 3, 3, 0, 4, 5]
2017-02-16 11:04:33,653 INFO     [rollout1] [3, 3, 0, 3, 0, 3, 4, 4, 4, 3, 3, 4, 1, 5, 3, 1, 3, 1, 4, 5, 0, 3, 0, 0, 0, 2, 0, 4, 0, 4, 5, 1, 1, 5]
2017-02-16 11:04:33,653 INFO     [rollout2] [2, 4, 0, 4, 1, 2, 0, 4, 4, 4, 4, 1, 2, 2, 6, 1, 2, 0, 3, 0, 2, 0, 3, 1, 1, 2, 0, 3, 0, 6, 2, 4, 2, 2, 2, 1, 2, 2, 0, 4, 5]
2017-02-16 11:04:33,653 INFO     [reward] 0.31824
2017-02-16 11:04:33,653 INFO     [error] [ -1.44876696e-05   6.52006125e-05]
2017-02-16 11:04:33,653 INFO     
2017-02-16 11:04:33,653 INFO     [min reward] 0.0
2017-02-16 11:04:33,653 INFO     
2017-02-16 11:04:33,653 INFO     [max steps] 100
2017-02-16 11:14:01,502 INFO     [step] 1473200
2017-02-16 11:14:01,502 INFO     [task] make[cloth] 0.0445415300913 0.7832263978
2017-02-16 11:14:01,502 INFO     [task] make[bed] 0.0751023869125 0.628325718893
2017-02-16 11:14:01,502 INFO     [task] make[stick] 0.0804158073139 0.605296027979
2017-02-16 11:14:01,502 INFO     [task] make[bridge] 0.0864884746163 0.617422541536
2017-02-16 11:14:01,502 INFO     [task] make[plank] 0.0422228949032 0.788706739526
2017-02-16 11:14:01,503 INFO     [task] make[axe] 0.127583380383 0.402650038971
2017-02-16 11:14:01,503 INFO     [task] get[gold] 0.183309714877 0.000219828533744
2017-02-16 11:14:01,503 INFO     [task] make[shears] 0.133378245938 0.521489104116
2017-02-16 11:14:01,503 INFO     [task] get[gem] 0.183309714877 0.0
2017-02-16 11:14:01,503 INFO     [task] make[rope] 0.0436478500873 0.781667434362
2017-02-16 11:14:01,503 INFO     
2017-02-16 11:14:01,503 INFO     [rollout0] [3, 4, 3, 0, 3, 0, 4, 5, 2, 4, 5, 3, 1, 1, 3, 3, 3, 4, 5, 0, 0, 2, 5]
2017-02-16 11:14:01,503 INFO     [rollout1] [0, 3, 4, 5, 0, 0, 2, 2, 0, 4, 4, 5, 3, 1, 3, 4, 0, 0, 0, 0, 5, 4, 4, 0, 4, 0, 4, 4, 5]
2017-02-16 11:14:01,503 INFO     [rollout2] [2, 2, 4, 2, 2, 2, 2, 2, 4, 2, 2, 2, 4, 2, 6, 4, 4, 4, 4, 1, 3, 1, 4, 4, 4, 4, 4, 4, 4, 6]
2017-02-16 11:14:01,503 INFO     [reward] 0.3736
2017-02-16 11:14:01,503 INFO     [error] [ -9.63590267e-05   7.67037483e-05]
2017-02-16 11:14:01,503 INFO     
2017-02-16 11:14:01,503 INFO     [min reward] 0.0
2017-02-16 11:14:01,503 INFO     
2017-02-16 11:14:01,504 INFO     [max steps] 100
2017-02-16 11:23:17,963 INFO     [step] 1523200
2017-02-16 11:23:17,963 INFO     [task] make[cloth] 0.0456193476162 0.793252595156
2017-02-16 11:23:17,963 INFO     [task] make[bed] 0.0767802404561 0.641261498029
2017-02-16 11:23:17,963 INFO     [task] make[stick] 0.0814130524991 0.630784218217
2017-02-16 11:23:17,963 INFO     [task] make[bridge] 0.0789735990885 0.666495901639
2017-02-16 11:23:17,963 INFO     [task] make[plank] 0.0445168841379 0.790057700843
2017-02-16 11:23:17,963 INFO     [task] make[axe] 0.122178722427 0.455796981257
2017-02-16 11:23:17,963 INFO     [task] get[gold] 0.203134369306 9.94925878022e-05
2017-02-16 11:23:17,963 INFO     [task] make[shears] 0.098272233441 0.655944625407
2017-02-16 11:23:17,963 INFO     [task] get[gem] 0.203178591535 0.0
2017-02-16 11:23:17,963 INFO     [task] make[rope] 0.0459329594931 0.782664389411
2017-02-16 11:23:17,964 INFO     
2017-02-16 11:23:17,964 INFO     [rollout0] [0, 0, 4, 5, 2, 1, 2, 1, 1, 2, 1, 1, 2, 2, 2, 2, 2, 2, 6]
2017-02-16 11:23:17,964 INFO     [rollout1] [2, 1, 2, 1, 2, 4, 1, 5, 4, 4, 0, 0, 2, 4, 5, 0, 3, 4, 5, 2, 3, 2, 1, 3, 5]
2017-02-16 11:23:17,964 INFO     [rollout2] [2, 4, 1, 2, 3, 1, 2, 1, 1, 0, 1, 2, 1, 3, 6, 0, 3, 3, 5, 0, 4, 3, 0, 5, 5, 0, 4, 2, 2, 0, 2, 2, 4, 4, 0, 1, 3, 2, 2, 6]
2017-02-16 11:23:17,964 INFO     [reward] 0.381
2017-02-16 11:23:17,964 INFO     [error] [ -2.14371077e-05   7.82571205e-05]
2017-02-16 11:23:17,964 INFO     
2017-02-16 11:23:17,964 INFO     [min reward] 0.0
2017-02-16 11:23:17,964 INFO     
2017-02-16 11:23:17,964 INFO     [max steps] 100
2017-02-16 11:32:28,611 INFO     [step] 1573200
2017-02-16 11:32:28,611 INFO     [task] make[cloth] 0.0462775287257 0.799073294019
2017-02-16 11:32:28,611 INFO     [task] make[bed] 0.0787290008362 0.666666666667
2017-02-16 11:32:28,611 INFO     [task] make[stick] 0.080965994713 0.650975609756
2017-02-16 11:32:28,611 INFO     [task] make[bridge] 0.0733412277332 0.694316018493
2017-02-16 11:32:28,611 INFO     [task] make[plank] 0.0469596675195 0.807100085543
2017-02-16 11:32:28,611 INFO     [task] make[axe] 0.118327350393 0.497940267765
2017-02-16 11:32:28,611 INFO     [task] get[gold] 0.215622880354 0.000185168039996
2017-02-16 11:32:28,611 INFO     [task] make[shears] 0.0755940205142 0.71635236373
2017-02-16 11:32:28,612 INFO     [task] get[gem] 0.21564412292 0.000186167737131
2017-02-16 11:32:28,612 INFO     [task] make[rope] 0.0485382062912 0.8111946533
2017-02-16 11:32:28,612 INFO     
2017-02-16 11:32:28,612 INFO     [rollout0] [2, 2, 2, 4, 3, 0, 0, 2, 5, 1, 1, 3, 4, 5, 0, 0, 4, 2, 0, 0, 0, 4, 5, 2, 2, 2, 1, 2, 2, 4, 2, 0, 4, 0, 2, 4, 5, 1, 1, 1, 4, 3, 5]
2017-02-16 11:32:28,612 INFO     [rollout1] [1, 3, 0, 3, 3, 4, 5, 1, 1, 4, 4, 4, 3, 0, 1, 4, 1, 1, 2, 2, 1, 6, 5, 3, 0, 5]
2017-02-16 11:32:28,612 INFO     [rollout2] [2, 4, 5, 1, 3, 1, 1, 1, 1, 1, 1, 3, 4, 4, 4, 4, 4, 6]
2017-02-16 11:32:28,612 INFO     [reward] 0.3842
2017-02-16 11:32:28,612 INFO     [error] [ -5.85278607e-05   8.50232074e-05]
2017-02-16 11:32:28,612 INFO     
2017-02-16 11:32:28,612 INFO     [min reward] 0.000185168039996
2017-02-16 11:32:28,612 INFO     
2017-02-16 11:32:28,612 INFO     [max steps] 100
2017-02-16 11:41:43,701 INFO     [step] 1623200
2017-02-16 11:41:43,702 INFO     [task] make[cloth] 0.0473353336163 0.797579298831
2017-02-16 11:41:43,702 INFO     [task] make[bed] 0.0770495030457 0.653071760454
2017-02-16 11:41:43,702 INFO     [task] make[stick] 0.0805708277173 0.645137342242
2017-02-16 11:41:43,702 INFO     [task] make[bridge] 0.070844545324 0.702558335676
2017-02-16 11:41:43,702 INFO     [task] make[plank] 0.0455339929425 0.795927209705
2017-02-16 11:41:43,702 INFO     [task] make[axe] 0.114914411355 0.512332628612
2017-02-16 11:41:43,702 INFO     [task] get[gold] 0.226618633895 0.0
2017-02-16 11:41:43,702 INFO     [task] make[shears] 0.065899236248 0.74194519723
2017-02-16 11:41:43,702 INFO     [task] get[gem] 0.226618409547 0.000263597223443
2017-02-16 11:41:43,702 INFO     [task] make[rope] 0.044615106309 0.825425246195
2017-02-16 11:41:43,702 INFO     
2017-02-16 11:41:43,702 INFO     [rollout0] [1, 4, 1, 2, 1, 1, 2, 1, 3, 1, 4, 5, 2, 0, 2, 4, 5, 0, 0, 4, 5, 2, 1, 2, 4, 1, 4, 5]
2017-02-16 11:41:43,702 INFO     [rollout1] [5, 3, 0, 2, 1, 4, 2, 4, 4, 2, 1, 2, 0, 4, 5, 3, 0, 3, 3, 3, 0, 4, 4, 4, 4, 4, 4, 4, 4, 6]
2017-02-16 11:41:43,702 INFO     [rollout2] [1, 3, 4, 3, 3, 4, 5, 3, 3, 3, 3, 4, 3, 4, 5, 5, 1, 4, 2, 1, 2, 1, 2, 2, 1, 2, 4, 5]
2017-02-16 11:41:43,702 INFO     [reward] 0.37206
2017-02-16 11:41:43,702 INFO     [error] [ -7.07140075e-05   7.74668369e-05]
2017-02-16 11:41:43,703 INFO     
2017-02-16 11:41:43,703 INFO     [min reward] 0.0
2017-02-16 11:41:43,703 INFO     
2017-02-16 11:41:43,703 INFO     [max steps] 100
2017-02-16 11:50:49,872 INFO     [step] 1673200
2017-02-16 11:50:49,872 INFO     [task] make[cloth] 0.047996441457 0.794925124792
2017-02-16 11:50:49,872 INFO     [task] make[bed] 0.0806479088876 0.665758851201
2017-02-16 11:50:49,872 INFO     [task] make[stick] 0.0824406900861 0.66874400767
2017-02-16 11:50:49,872 INFO     [task] make[bridge] 0.0694664209372 0.712885154062
2017-02-16 11:50:49,872 INFO     [task] make[plank] 0.0483697308708 0.812630698453
2017-02-16 11:50:49,872 INFO     [task] make[axe] 0.112447905145 0.531922398589
2017-02-16 11:50:49,872 INFO     [task] get[gold] 0.228209424057 0.0
2017-02-16 11:50:49,872 INFO     [task] make[shears] 0.0605669625307 0.764725910793
2017-02-16 11:50:49,872 INFO     [task] get[gem] 0.228149864284 8.78580214374e-05
2017-02-16 11:50:49,873 INFO     [task] make[rope] 0.0417046517439 0.8065
2017-02-16 11:50:49,873 INFO     
2017-02-16 11:50:49,873 INFO     [rollout0] [4, 1, 1, 4, 5, 1, 5, 0, 4, 4, 4, 2, 1, 4, 2, 1, 4, 2, 4, 3, 2, 6, 5, 5]
2017-02-16 11:50:49,873 INFO     [rollout1] [0, 0, 0, 3, 4, 5, 1, 1, 2, 4, 5]
2017-02-16 11:50:49,873 INFO     [rollout2] [3, 4, 3, 4, 4, 4, 4, 4, 3, 4, 5, 2, 0, 2, 0, 4, 5]
2017-02-16 11:50:49,873 INFO     [reward] 0.37508
2017-02-16 11:50:49,873 INFO     [error] [ -4.84024156e-05   7.95377734e-05]
2017-02-16 11:50:49,873 INFO     
2017-02-16 11:50:49,873 INFO     [min reward] 0.0
2017-02-16 11:50:49,873 INFO     
2017-02-16 11:50:49,873 INFO     [max steps] 100
2017-02-16 12:00:01,386 INFO     [step] 1723200
2017-02-16 12:00:01,387 INFO     [task] make[cloth] 0.0495356498854 0.802100161551
2017-02-16 12:00:01,387 INFO     [task] make[bed] 0.0792849885723 0.665433012583
2017-02-16 12:00:01,387 INFO     [task] make[stick] 0.0785974528219 0.681204569055
2017-02-16 12:00:01,387 INFO     [task] make[bridge] 0.0684309451298 0.732848837209
2017-02-16 12:00:01,387 INFO     [task] make[plank] 0.0454577347081 0.80796460177
2017-02-16 12:00:01,387 INFO     [task] make[axe] 0.110109954306 0.547027027027
2017-02-16 12:00:01,387 INFO     [task] get[gold] 0.232621343315 8.64977078107e-05
2017-02-16 12:00:01,387 INFO     [task] make[shears] 0.0564910773383 0.767563788885
2017-02-16 12:00:01,387 INFO     [task] get[gem] 0.232601108017 0.00025844245348
2017-02-16 12:00:01,387 INFO     [task] make[rope] 0.0468697459056 0.831124412142
2017-02-16 12:00:01,387 INFO     
2017-02-16 12:00:01,387 INFO     [rollout0] [0, 2, 0, 1, 2, 4, 5, 4, 3, 4, 5, 0, 3, 1, 2, 1, 3, 4, 3, 3, 1, 3, 0, 3, 0, 6, 3, 2, 0, 4, 0, 0, 3, 0, 4, 0, 3, 4, 5]
2017-02-16 12:00:01,387 INFO     [rollout1] [0, 3, 4, 5, 1, 2, 1, 4, 5, 3, 4, 5, 0, 2, 4, 5]
2017-02-16 12:00:01,387 INFO     [rollout2] [0, 0, 0, 0, 0, 0, 4, 0, 4, 5, 4, 4, 3, 4, 3, 4, 5]
2017-02-16 12:00:01,387 INFO     [reward] 0.37668
2017-02-16 12:00:01,387 INFO     [error] [ -3.80448827e-05   9.04130936e-05]
2017-02-16 12:00:01,388 INFO     
2017-02-16 12:00:01,388 INFO     [min reward] 8.64977078107e-05
2017-02-16 12:00:01,388 INFO     
2017-02-16 12:00:01,388 INFO     [max steps] 100
2017-02-16 12:09:15,334 INFO     [step] 1773200
2017-02-16 12:09:15,334 INFO     [task] make[cloth] 0.0487525541247 0.816982687552
2017-02-16 12:09:15,334 INFO     [task] make[bed] 0.0808010281726 0.693297056641
2017-02-16 12:09:15,334 INFO     [task] make[stick] 0.0771025949932 0.68304033092
2017-02-16 12:09:15,334 INFO     [task] make[bridge] 0.0649920036758 0.765525598304
2017-02-16 12:09:15,334 INFO     [task] make[plank] 0.0473773417084 0.825053078556
2017-02-16 12:09:15,334 INFO     [task] make[axe] 0.108567255711 0.578731343284
2017-02-16 12:09:15,334 INFO     [task] get[gold] 0.236824920351 0.000168378514901
2017-02-16 12:09:15,334 INFO     [task] make[shears] 0.0568513404933 0.785514345696
2017-02-16 12:09:15,334 INFO     [task] get[gem] 0.236784599274 0.000253271422541
2017-02-16 12:09:15,334 INFO     [task] make[rope] 0.0419463614964 0.819457889642
2017-02-16 12:09:15,334 INFO     
2017-02-16 12:09:15,334 INFO     [rollout0] [1, 2, 4, 5, 1, 2, 1, 4, 1, 1, 1, 2, 4, 5, 0, 4, 5, 2, 0, 3, 0, 2, 4, 5]
2017-02-16 12:09:15,334 INFO     [rollout1] [2, 0, 2, 4, 5, 3, 1, 4, 5, 2, 4, 5, 0, 4, 0, 4, 5]
2017-02-16 12:09:15,334 INFO     [rollout2] [4, 3, 4, 5, 2, 1, 4, 5, 3, 4, 1, 1, 1, 1, 1, 1, 1, 4, 5, 2, 1, 4, 5]
2017-02-16 12:09:15,334 INFO     [reward] 0.37884
2017-02-16 12:09:15,334 INFO     [error] [ -3.16082475e-05   8.12671733e-05]
2017-02-16 12:09:15,335 INFO     
2017-02-16 12:09:15,335 INFO     [min reward] 0.000168378514901
2017-02-16 12:09:15,335 INFO     
2017-02-16 12:09:15,335 INFO     [max steps] 100
2017-02-16 12:18:26,943 INFO     [step] 1823200
2017-02-16 12:18:26,943 INFO     [task] make[cloth] 0.0467130766343 0.802625820569
2017-02-16 12:18:26,943 INFO     [task] make[bed] 0.0766468493202 0.703235990529
2017-02-16 12:18:26,943 INFO     [task] make[stick] 0.0791291303578 0.716099542915
2017-02-16 12:18:26,943 INFO     [task] make[bridge] 0.0591664618925 0.75447042641
2017-02-16 12:18:26,943 INFO     [task] make[plank] 0.0447599212997 0.808014090709
2017-02-16 12:18:26,943 INFO     [task] make[axe] 0.104373465549 0.566756965944
2017-02-16 12:18:26,943 INFO     [task] get[gold] 0.244394356774 8.12611734113e-05
2017-02-16 12:18:26,943 INFO     [task] make[shears] 0.0543288860453 0.775787965616
2017-02-16 12:18:26,943 INFO     [task] get[gem] 0.244373811421 8.20008200082e-05
2017-02-16 12:18:26,943 INFO     [task] make[rope] 0.0461140407061 0.839897260274
2017-02-16 12:18:26,943 INFO     
2017-02-16 12:18:26,943 INFO     [rollout0] [3, 2, 2, 1, 0, 4, 4, 2, 1, 4, 4, 4, 4, 4, 6, 4, 5, 4, 0, 1, 3, 4, 1, 4, 2, 1, 2, 4, 5, 3, 3, 0, 0, 3, 4, 4, 4, 3, 4, 5, 1, 3, 4, 0, 0, 2, 3, 5]
2017-02-16 12:18:26,943 INFO     [rollout1] [3, 4, 0, 1, 4, 5, 2, 1, 4, 5, 3, 1, 3, 4, 5, 2, 1, 2, 1, 2, 4, 1, 2, 0, 1, 2, 2, 0, 4, 6, 1, 2, 4, 2, 4, 4, 2, 3, 0, 1, 1, 5]
2017-02-16 12:18:26,943 INFO     [rollout2] [2, 0, 0, 0, 0, 0, 0, 0, 4, 5, 2, 1, 2, 4, 5, 1, 3, 2, 1, 4, 5]
2017-02-16 12:18:26,943 INFO     [reward] 0.3683
2017-02-16 12:18:26,944 INFO     [error] [ -4.78975195e-07   7.54463425e-05]
2017-02-16 12:18:26,944 INFO     
2017-02-16 12:18:26,944 INFO     [min reward] 8.12611734113e-05
2017-02-16 12:18:26,944 INFO     
2017-02-16 12:18:26,944 INFO     [max steps] 100
2017-02-16 12:27:40,307 INFO     [step] 1873200
2017-02-16 12:27:40,307 INFO     [task] make[cloth] 0.0501758419318 0.813840550384
2017-02-16 12:27:40,307 INFO     [task] make[bed] 0.0742240065365 0.707179349287
2017-02-16 12:27:40,307 INFO     [task] make[stick] 0.0711115671142 0.70659025788
2017-02-16 12:27:40,307 INFO     [task] make[bridge] 0.061827424844 0.77557544757
2017-02-16 12:27:40,307 INFO     [task] make[plank] 0.0488721068594 0.840761750405
2017-02-16 12:27:40,307 INFO     [task] make[axe] 0.107246198515 0.594348222425
2017-02-16 12:27:40,307 INFO     [task] get[gold] 0.244357919305 0.000164271047228
2017-02-16 12:27:40,307 INFO     [task] make[shears] 0.0566694756696 0.795918367347
2017-02-16 12:27:40,307 INFO     [task] get[gem] 0.244357740341 0.000328569081649
2017-02-16 12:27:40,307 INFO     [task] make[rope] 0.0411577188832 0.827849308536
2017-02-16 12:27:40,307 INFO     
2017-02-16 12:27:40,308 INFO     [rollout0] [1, 4, 5, 4, 3, 4, 1, 3, 0, 4, 0, 3, 4, 5]
2017-02-16 12:27:40,308 INFO     [rollout1] [1, 4, 5, 1, 2, 4, 2, 4, 5]
2017-02-16 12:27:40,308 INFO     [rollout2] [2, 0, 3, 0, 0, 4, 3, 1, 3, 1, 1, 4, 5, 3, 4, 1, 1, 3, 1, 2, 4, 5, 0, 1, 3, 4, 1, 3, 4, 1, 4, 3, 4, 1, 4, 4, 6, 3, 4, 1, 4, 0, 2, 4, 1, 5]
2017-02-16 12:27:40,308 INFO     [reward] 0.37666
2017-02-16 12:27:40,308 INFO     [error] [ -4.50041022e-05   5.86023672e-05]
2017-02-16 12:27:40,308 INFO     
2017-02-16 12:27:40,308 INFO     [min reward] 0.000164271047228
2017-02-16 12:27:40,308 INFO     
2017-02-16 12:27:40,308 INFO     [max steps] 100
2017-02-16 12:36:54,335 INFO     [step] 1923200
2017-02-16 12:36:54,335 INFO     [task] make[cloth] 0.0485850588097 0.80852775543
2017-02-16 12:36:54,335 INFO     [task] make[bed] 0.075003060788 0.710933333333
2017-02-16 12:36:54,335 INFO     [task] make[stick] 0.0751489678078 0.713608844433
2017-02-16 12:36:54,335 INFO     [task] make[bridge] 0.0580626153293 0.760483059376
2017-02-16 12:36:54,335 INFO     [task] make[plank] 0.0419171766924 0.841584158416
2017-02-16 12:36:54,335 INFO     [task] make[axe] 0.102949238986 0.614235155328
2017-02-16 12:36:54,335 INFO     [task] get[gold] 0.250117587378 0.0
2017-02-16 12:36:54,335 INFO     [task] make[shears] 0.053024051265 0.801478743068
2017-02-16 12:36:54,335 INFO     [task] get[gem] 0.250076893801 0.0
2017-02-16 12:36:54,335 INFO     [task] make[rope] 0.0451153491425 0.824561403509
2017-02-16 12:36:54,335 INFO     
2017-02-16 12:36:54,335 INFO     [rollout0] [3, 1, 4, 5, 2, 1, 0, 1, 4, 5, 0, 2, 4, 5, 5]
2017-02-16 12:36:54,336 INFO     [rollout1] [2, 1, 2, 1, 4, 2, 2, 2, 4, 5, 4, 2, 1, 2, 0, 1, 1, 2, 3, 1, 3, 4, 0, 3, 6, 2, 2, 0, 4, 5, 3, 1, 5]
2017-02-16 12:36:54,336 INFO     [rollout2] [2, 0, 2, 4, 0, 2, 2, 4, 4, 4, 4, 0, 1, 2, 6, 4, 4, 4, 1, 2, 2, 4, 5, 0, 4, 4, 4, 4, 4, 0, 4, 4, 4, 4, 0, 4, 4, 6]
2017-02-16 12:36:54,336 INFO     [reward] 0.37052
2017-02-16 12:36:54,336 INFO     [error] [ -4.07273831e-05   9.20742040e-05]
2017-02-16 12:36:54,336 INFO     
2017-02-16 12:36:54,336 INFO     [min reward] 0.0
2017-02-16 12:36:54,336 INFO     
2017-02-16 12:36:54,336 INFO     [max steps] 100
2017-02-16 12:46:17,262 INFO     [step] 1973200
2017-02-16 12:46:17,262 INFO     [task] make[cloth] 0.0500603458644 0.844597329017
2017-02-16 12:46:17,262 INFO     [task] make[bed] 0.0743098921731 0.704194857916
2017-02-16 12:46:17,262 INFO     [task] make[stick] 0.0736451007956 0.713141025641
2017-02-16 12:46:17,262 INFO     [task] make[bridge] 0.0619981396114 0.768663889779
2017-02-16 12:46:17,262 INFO     [task] make[plank] 0.0418467332647 0.836826347305
2017-02-16 12:46:17,262 INFO     [task] make[axe] 0.0983367463223 0.619095276221
2017-02-16 12:46:17,262 INFO     [task] get[gold] 0.250957393318 0.0
2017-02-16 12:46:17,262 INFO     [task] make[shears] 0.0518118327632 0.820425208808
2017-02-16 12:46:17,262 INFO     [task] get[gem] 0.250957393318 0.00023818975784
2017-02-16 12:46:17,262 INFO     [task] make[rope] 0.0460764225702 0.827765726681
2017-02-16 12:46:17,262 INFO     
2017-02-16 12:46:17,262 INFO     [rollout0] [1, 4, 5, 3, 1, 4, 0, 3, 4, 0, 4, 4, 2, 4, 1, 2, 3, 6, 4, 1, 3, 5, 3, 3, 5]
2017-02-16 12:46:17,262 INFO     [rollout1] [3, 1, 3, 1, 4, 5, 0, 2, 4, 5, 0, 3, 3, 0, 4, 5]
2017-02-16 12:46:17,262 INFO     [rollout2] [0, 0, 4, 0, 2, 0, 3, 4, 5, 1, 3, 1, 1, 1, 4, 5, 4, 2, 3, 3, 2, 0, 3, 0, 3, 4, 0, 5, 2, 0, 1, 2, 0, 2, 1, 2, 1, 2, 1, 2, 4, 2, 6, 3, 0, 1, 0, 5]
2017-02-16 12:46:17,262 INFO     [reward] 0.372
2017-02-16 12:46:17,263 INFO     [error] [ -4.34462700e-05   4.59317575e-05]
2017-02-16 12:46:17,263 INFO     
2017-02-16 12:46:17,263 INFO     [min reward] 0.0
2017-02-16 12:46:17,263 INFO     
2017-02-16 12:46:17,263 INFO     [max steps] 100
2017-02-16 12:55:36,780 INFO     [step] 2023200
2017-02-16 12:55:36,780 INFO     [task] make[cloth] 0.0417151312954 0.840695488722
2017-02-16 12:55:36,780 INFO     [task] make[bed] 0.0771251248664 0.716380182002
2017-02-16 12:55:36,780 INFO     [task] make[stick] 0.0748688701215 0.725082146769
2017-02-16 12:55:36,780 INFO     [task] make[bridge] 0.0608658098708 0.780952380952
2017-02-16 12:55:36,780 INFO     [task] make[plank] 0.0436750000233 0.828146143437
2017-02-16 12:55:36,780 INFO     [task] make[axe] 0.0985875365826 0.622520661157
2017-02-16 12:55:36,780 INFO     [task] get[gold] 0.254725527453 0.0
2017-02-16 12:55:36,781 INFO     [task] make[shears] 0.0478114244338 0.822351959967
2017-02-16 12:55:36,781 INFO     [task] get[gem] 0.254665455164 7.86287152068e-05
2017-02-16 12:55:36,781 INFO     [task] make[rope] 0.0459601201892 0.831972496777
2017-02-16 12:55:36,781 INFO     
2017-02-16 12:55:36,781 INFO     [rollout0] [4, 2, 4, 0, 3, 1, 3, 4, 0, 4, 3, 1, 5, 3, 4, 2, 4, 0, 0, 4, 2, 0, 1, 3, 0, 5, 0, 3, 4, 3, 0, 5, 3, 1, 2, 3, 0, 4, 3, 0, 1, 0, 2, 1, 0, 3, 6]
2017-02-16 12:55:36,781 INFO     [rollout1] [4, 2, 0, 2, 0, 4, 5, 2, 2, 2, 1, 4, 1, 4, 5, 2, 1, 2, 0, 3, 1, 4, 5, 2, 1, 4, 5]
2017-02-16 12:55:36,781 INFO     [rollout2] [4, 3, 4, 4, 4, 1, 4, 4, 4, 4, 4, 4, 0, 3, 6, 1, 5, 1, 1, 3, 3, 1, 1, 3, 1, 1, 0, 1, 2, 1, 0, 6, 3, 1, 3, 1, 3, 1, 3, 1, 3, 1, 3, 1, 3, 1, 6]
2017-02-16 12:55:36,781 INFO     [reward] 0.3665
2017-02-16 12:55:36,781 INFO     [error] [ -3.36342825e-05   6.99183019e-05]
2017-02-16 12:55:36,781 INFO     
2017-02-16 12:55:36,781 INFO     [min reward] 0.0
2017-02-16 12:55:36,781 INFO     
2017-02-16 12:55:36,781 INFO     [max steps] 100
2017-02-16 13:04:59,752 INFO     [step] 2073200
2017-02-16 13:04:59,752 INFO     [task] make[cloth] 0.0430600879717 0.848758465011
2017-02-16 13:04:59,752 INFO     [task] make[bed] 0.0746778399334 0.710156672069
2017-02-16 13:04:59,752 INFO     [task] make[stick] 0.0724646244345 0.714285714286
2017-02-16 13:04:59,752 INFO     [task] make[bridge] 0.0582548601419 0.771039182283
2017-02-16 13:04:59,752 INFO     [task] make[plank] 0.0462518275649 0.840443686007
2017-02-16 13:04:59,752 INFO     [task] make[axe] 0.0985496150801 0.620079522863
2017-02-16 13:04:59,752 INFO     [task] get[gold] 0.256878499711 0.0
2017-02-16 13:04:59,752 INFO     [task] make[shears] 0.0477254920767 0.82387312187
2017-02-16 13:04:59,752 INFO     [task] get[gem] 0.256858501665 0.000235146574698
2017-02-16 13:04:59,752 INFO     [task] make[rope] 0.045278651421 0.834842604571
2017-02-16 13:04:59,752 INFO     
2017-02-16 13:04:59,752 INFO     [rollout0] [3, 0, 4, 3, 5, 1, 2, 1, 1, 3, 4, 1, 5, 2, 3, 2, 2, 5, 0, 0, 1, 3, 2, 2, 3, 5]
2017-02-16 13:04:59,752 INFO     [rollout1] [0, 3, 4, 5, 1, 1, 1, 4, 5, 0, 4, 5]
2017-02-16 13:04:59,752 INFO     [rollout2] [4, 4, 2, 0, 3, 4, 2, 2, 1, 4, 5, 1, 1, 1, 1, 4, 5, 1, 1, 2, 1, 4, 5]
2017-02-16 13:04:59,752 INFO     [reward] 0.36778
2017-02-16 13:04:59,752 INFO     [error] [ -9.64491281e-06   5.55116140e-05]
2017-02-16 13:04:59,753 INFO     
2017-02-16 13:04:59,753 INFO     [min reward] 0.0
2017-02-16 13:04:59,753 INFO     
2017-02-16 13:04:59,753 INFO     [max steps] 100
2017-02-16 13:14:14,434 INFO     [step] 2123200
2017-02-16 13:14:14,434 INFO     [task] make[cloth] 0.0409628618757 0.838899803536
2017-02-16 13:14:14,434 INFO     [task] make[bed] 0.0761741745218 0.719748559455
2017-02-16 13:14:14,434 INFO     [task] make[stick] 0.0751252054332 0.720770651887
2017-02-16 13:14:14,434 INFO     [task] make[bridge] 0.0607071805075 0.781930451739
2017-02-16 13:14:14,434 INFO     [task] make[plank] 0.0430752031153 0.826484018265
2017-02-16 13:14:14,434 INFO     [task] make[axe] 0.0990579669724 0.63116410671
2017-02-16 13:14:14,434 INFO     [task] get[gold] 0.256587054306 0.000155726855096
2017-02-16 13:14:14,434 INFO     [task] make[shears] 0.0472848984025 0.818711018711
2017-02-16 13:14:14,434 INFO     [task] get[gem] 0.256527316121 7.89016884961e-05
2017-02-16 13:14:14,434 INFO     [task] make[rope] 0.0444981387455 0.852702702703
2017-02-16 13:14:14,434 INFO     
2017-02-16 13:14:14,434 INFO     [rollout0] [1, 4, 0, 2, 0, 5, 0, 3, 0, 3, 0, 1, 4, 1, 3, 0, 1, 3, 1, 2, 6, 5, 1, 2, 1, 0, 0, 4, 2, 0, 0, 2, 0, 2, 2, 4, 6]
2017-02-16 13:14:14,434 INFO     [rollout1] [3, 1, 4, 2, 0, 3, 0, 2, 4, 1, 3, 3, 0, 4, 6, 1, 2, 2, 2, 0, 2, 4, 5, 1, 3, 2, 1, 1, 3, 3, 4, 3, 4, 4, 3, 0, 2, 6, 5, 5]
2017-02-16 13:14:14,435 INFO     [rollout2] [3, 4, 0, 4, 5, 2, 2, 2, 2, 2, 4, 5]
2017-02-16 13:14:14,435 INFO     [reward] 0.36782
2017-02-16 13:14:14,435 INFO     [error] [ -4.26175527e-05   5.51549135e-05]
2017-02-16 13:14:14,435 INFO     
2017-02-16 13:14:14,435 INFO     [min reward] 7.89016884961e-05
2017-02-16 13:14:14,435 INFO     
2017-02-16 13:14:14,435 INFO     [max steps] 100
2017-02-16 13:23:39,668 INFO     [step] 2173200
2017-02-16 13:23:39,668 INFO     [task] make[cloth] 0.0437668714333 0.843128590367
2017-02-16 13:23:39,668 INFO     [task] make[bed] 0.0742453705152 0.740820734341
2017-02-16 13:23:39,668 INFO     [task] make[stick] 0.0739839226093 0.729155162893
2017-02-16 13:23:39,668 INFO     [task] make[bridge] 0.0583394455583 0.800700525394
2017-02-16 13:23:39,668 INFO     [task] make[plank] 0.0469427887552 0.852713178295
2017-02-16 13:23:39,668 INFO     [task] make[axe] 0.0969049842061 0.641552042702
2017-02-16 13:23:39,668 INFO     [task] get[gold] 0.258314866867 7.7561467463e-05
2017-02-16 13:23:39,668 INFO     [task] make[shears] 0.0489310966541 0.825079872204
2017-02-16 13:23:39,668 INFO     [task] get[gem] 0.258334518494 7.75855380557e-05
2017-02-16 13:23:39,668 INFO     [task] make[rope] 0.0402361349076 0.846894559461
2017-02-16 13:23:39,668 INFO     
2017-02-16 13:23:39,668 INFO     [rollout0] [1, 4, 5, 2, 1, 2, 4, 5, 0, 2, 0, 0, 4, 5, 2, 3, 0, 3, 3, 1, 3, 4, 3, 1, 4, 5]
2017-02-16 13:23:39,668 INFO     [rollout1] [1, 3, 2, 0, 4, 0, 1, 0, 2, 3, 2, 0, 3, 4, 6, 4, 3, 0, 4, 2, 1, 2, 2, 5, 1, 2, 1, 3, 3, 3, 1, 4, 1, 3, 1, 0, 1, 0, 6, 2, 1, 1, 3, 5]
2017-02-16 13:23:39,668 INFO     [rollout2] [3, 4, 5, 3, 4, 0, 3, 3, 4, 5, 1, 3, 1, 4, 3, 5, 2, 4, 2, 2, 0, 1, 2, 2, 1, 4, 5, 5]
2017-02-16 13:23:39,668 INFO     [reward] 0.37022
2017-02-16 13:23:39,669 INFO     [error] [ -3.73614551e-05   6.86583719e-05]
2017-02-16 13:23:39,669 INFO     
2017-02-16 13:23:39,669 INFO     [min reward] 7.7561467463e-05
2017-02-16 13:23:39,669 INFO     
2017-02-16 13:23:39,669 INFO     [max steps] 100
2017-02-16 13:33:06,436 INFO     [step] 2223200
2017-02-16 13:33:06,436 INFO     [task] make[cloth] 0.0436859001647 0.850358422939
2017-02-16 13:33:06,436 INFO     [task] make[bed] 0.0704694623952 0.73020361991
2017-02-16 13:33:06,436 INFO     [task] make[stick] 0.0735234366545 0.732104121475
2017-02-16 13:33:06,436 INFO     [task] make[bridge] 0.0547933044508 0.784864864865
2017-02-16 13:33:06,436 INFO     [task] make[plank] 0.0411767144854 0.846042471042
2017-02-16 13:33:06,436 INFO     [task] make[axe] 0.0964573902372 0.630471029596
2017-02-16 13:33:06,436 INFO     [task] get[gold] 0.264391431227 0.00045513160889
2017-02-16 13:33:06,436 INFO     [task] make[shears] 0.0484109426479 0.817480719794
2017-02-16 13:33:06,437 INFO     [task] get[gem] 0.264391424926 7.52955349748e-05
2017-02-16 13:33:06,437 INFO     [task] make[rope] 0.0426999928111 0.852451213708
2017-02-16 13:33:06,437 INFO     
2017-02-16 13:33:06,437 INFO     [rollout0] [3, 0, 3, 3, 4, 5, 1, 3, 1, 3, 4, 1, 5, 0, 2, 4, 5]
2017-02-16 13:33:06,437 INFO     [rollout1] [0, 4, 0, 3, 4, 5, 1, 3, 2, 3, 3, 1, 4, 3, 1, 2, 3, 4, 3, 3, 6, 5, 0, 0, 0, 2, 0, 4, 5, 1, 1, 1, 5]
2017-02-16 13:33:06,437 INFO     [rollout2] [0, 3, 4, 4, 5, 1, 3, 1, 3, 4, 3, 3, 0, 1, 3, 4, 4, 0, 1, 6, 2, 4, 5, 3, 1, 4, 5]
2017-02-16 13:33:06,437 INFO     [reward] 0.35684
2017-02-16 13:33:06,437 INFO     [error] [ -5.06656424e-05   6.30288831e-05]
2017-02-16 13:33:06,437 INFO     
2017-02-16 13:33:06,437 INFO     [min reward] 7.52955349748e-05
2017-02-16 13:33:06,437 INFO     
2017-02-16 13:33:06,437 INFO     [max steps] 100
2017-02-16 13:42:29,286 INFO     [step] 2273200
2017-02-16 13:42:29,286 INFO     [task] make[cloth] 0.0414062669873 0.833965844402
2017-02-16 13:42:29,286 INFO     [task] make[bed] 0.0725708416905 0.723046765612
2017-02-16 13:42:29,286 INFO     [task] make[stick] 0.0720779082287 0.732017306652
2017-02-16 13:42:29,286 INFO     [task] make[bridge] 0.0583933439224 0.790378006873
2017-02-16 13:42:29,286 INFO     [task] make[plank] 0.0425256962728 0.853156450137
2017-02-16 13:42:29,286 INFO     [task] make[axe] 0.0984385030974 0.633155519081
2017-02-16 13:42:29,286 INFO     [task] get[gold] 0.26184584947 0.000227548543689
2017-02-16 13:42:29,286 INFO     [task] make[shears] 0.0499337632662 0.821356884785
2017-02-16 13:42:29,286 INFO     [task] get[gem] 0.261944367627 0.0
2017-02-16 13:42:29,286 INFO     [task] make[rope] 0.0408634594374 0.851651059635
2017-02-16 13:42:29,286 INFO     
2017-02-16 13:42:29,286 INFO     [rollout0] [1, 1, 1, 1, 1, 1, 1, 1, 1, 1, 1, 1, 1, 1, 6, 5, 3, 2, 0, 4, 4, 0, 4, 5, 1, 5, 1, 0, 0, 1, 5]
2017-02-16 13:42:29,286 INFO     [rollout1] [1, 3, 3, 1, 3, 3, 3, 0, 3, 4, 5, 0, 3, 0, 0, 0, 3, 0, 4, 0, 4, 5, 2, 4, 5, 3, 0, 4, 5]
2017-02-16 13:42:29,286 INFO     [rollout2] [3, 3, 1, 0, 1, 2, 0, 1, 2, 3, 0, 1, 3, 1, 6, 1, 1, 1, 4, 3, 4, 0, 4, 2, 0, 5, 1, 1, 1, 5, 0, 5]
2017-02-16 13:42:29,286 INFO     [reward] 0.3615
2017-02-16 13:42:29,287 INFO     [error] [ -5.51967992e-05   8.83959378e-05]
2017-02-16 13:42:29,287 INFO     
2017-02-16 13:42:29,287 INFO     [min reward] 0.0
2017-02-16 13:42:29,287 INFO     
2017-02-16 13:42:29,287 INFO     [max steps] 100
2017-02-16 13:52:02,882 INFO     [step] 2323200
2017-02-16 13:52:02,882 INFO     [task] make[cloth] 0.0455923650679 0.839982653946
2017-02-16 13:52:02,882 INFO     [task] make[bed] 0.0743201032505 0.743431635389
2017-02-16 13:52:02,882 INFO     [task] make[stick] 0.0719967576442 0.740379252649
2017-02-16 13:52:02,882 INFO     [task] make[bridge] 0.0568814958302 0.792119565217
2017-02-16 13:52:02,883 INFO     [task] make[plank] 0.0406220506447 0.856393129771
2017-02-16 13:52:02,883 INFO     [task] make[axe] 0.0976016903626 0.655432279673
2017-02-16 13:52:02,883 INFO     [task] get[gold] 0.26152830447 0.000229990800368
2017-02-16 13:52:02,883 INFO     [task] make[shears] 0.0488580511391 0.829587249694
2017-02-16 13:52:02,883 INFO     [task] get[gem] 0.261587238921 0.0
2017-02-16 13:52:02,883 INFO     [task] make[rope] 0.0410119426694 0.85952848723
2017-02-16 13:52:02,883 INFO     
2017-02-16 13:52:02,883 INFO     [rollout0] [2, 2, 4, 5, 1, 2, 4, 5, 1, 2, 4, 5, 2, 0, 4, 5]
2017-02-16 13:52:02,883 INFO     [rollout1] [3, 1, 3, 4, 5, 0, 3, 4, 5]
2017-02-16 13:52:02,883 INFO     [rollout2] [1, 3, 3, 4, 3, 3, 4, 3, 3, 3, 3, 0, 3, 1, 6, 3, 3, 3, 4, 4, 4, 4, 4, 4, 4, 4, 4, 4, 4, 6]
2017-02-16 13:52:02,883 INFO     [reward] 0.36812
2017-02-16 13:52:02,883 INFO     [error] [ -3.12643087e-05   5.78435621e-05]
2017-02-16 13:52:02,883 INFO     
2017-02-16 13:52:02,883 INFO     [min reward] 0.0
2017-02-16 13:52:02,884 INFO     
2017-02-16 13:52:02,884 INFO     [max steps] 100
2017-02-16 14:01:28,901 INFO     [step] 2373200
2017-02-16 14:01:28,901 INFO     [task] make[cloth] 0.0449434661083 0.855340243353
2017-02-16 14:01:28,901 INFO     [task] make[bed] 0.0704663761583 0.747960618847
2017-02-16 14:01:28,901 INFO     [task] make[stick] 0.0712732624166 0.747234042553
2017-02-16 14:01:28,901 INFO     [task] make[bridge] 0.0575958992632 0.794671403197
2017-02-16 14:01:28,901 INFO     [task] make[plank] 0.0406054166024 0.853789731051
2017-02-16 14:01:28,901 INFO     [task] make[axe] 0.093728685287 0.661117196057
2017-02-16 14:01:28,901 INFO     [task] get[gold] 0.26692902365 0.0
2017-02-16 14:01:28,901 INFO     [task] make[shears] 0.0476914533553 0.837561374795
2017-02-16 14:01:28,902 INFO     [task] get[gem] 0.26698982088 0.0
2017-02-16 14:01:28,902 INFO     [task] make[rope] 0.0397765962793 0.869066249348
2017-02-16 14:01:28,902 INFO     
2017-02-16 14:01:28,902 INFO     [rollout0] [1, 0, 1, 1, 2, 3, 1, 3, 3, 0, 2, 4, 3, 0, 6, 0, 2, 0, 4, 4, 0, 2, 4, 1, 3, 4, 5, 0, 0, 3, 0, 3, 0, 2, 0, 2, 0, 4, 4, 4, 0, 6, 0, 4, 1, 2, 3, 0, 1, 1, 4, 2, 5]
2017-02-16 14:01:28,902 INFO     [rollout1] [4, 4, 4, 3, 4, 1, 1, 4, 1, 2, 1, 4, 5, 3, 0, 3, 4, 5, 2, 1, 0, 1, 2, 1, 2, 1, 5, 2, 5]
2017-02-16 14:01:28,902 INFO     [rollout2] [4, 4, 2, 1, 0, 1, 1, 2, 1, 4, 4, 3, 1, 1, 6, 3, 1, 3, 2, 0, 0, 0, 2, 4, 5, 0, 4, 0, 2, 2, 0, 0, 4, 5, 2, 1, 5]
2017-02-16 14:01:28,902 INFO     [reward] 0.3581
2017-02-16 14:01:28,902 INFO     [error] [ -4.52617051e-05   5.44449977e-05]
2017-02-16 14:01:28,902 INFO     
2017-02-16 14:01:28,902 INFO     [min reward] 0.0
2017-02-16 14:01:28,902 INFO     
2017-02-16 14:01:28,902 INFO     [max steps] 100
2017-02-16 14:11:06,199 INFO     [step] 2423200
2017-02-16 14:11:06,199 INFO     [task] make[cloth] 0.0414275438201 0.849785407725
2017-02-16 14:11:06,199 INFO     [task] make[bed] 0.0701905148479 0.740730568525
2017-02-16 14:11:06,199 INFO     [task] make[stick] 0.0703851373657 0.740772532189
2017-02-16 14:11:06,199 INFO     [task] make[bridge] 0.0576784489589 0.788293024886
2017-02-16 14:11:06,199 INFO     [task] make[plank] 0.0418428678689 0.862284069098
2017-02-16 14:11:06,199 INFO     [task] make[axe] 0.0934526082399 0.667319408181
2017-02-16 14:11:06,199 INFO     [task] get[gold] 0.270541090749 7.39262216308e-05
2017-02-16 14:11:06,199 INFO     [task] make[shears] 0.0461898353961 0.83923826395
2017-02-16 14:11:06,199 INFO     [task] get[gem] 0.270541090749 0.0
2017-02-16 14:11:06,199 INFO     [task] make[rope] 0.0377508620047 0.855567226891
2017-02-16 14:11:06,199 INFO     
2017-02-16 14:11:06,199 INFO     [rollout0] [2, 4, 1, 2, 1, 2, 4, 5, 3, 4, 5]
2017-02-16 14:11:06,199 INFO     [rollout1] [3, 4, 2, 2, 4, 1, 4, 3, 4, 2, 1, 3, 2, 0, 6, 1, 5, 2, 3, 3, 2, 4, 3, 0, 4, 1, 0, 0, 3, 4, 3, 6, 5, 4, 5]
2017-02-16 14:11:06,200 INFO     [rollout2] [1, 1, 2, 2, 0, 4, 5, 2, 0, 4, 0, 0, 2, 2, 0, 4, 0, 4, 5, 5, 1, 1, 3, 1, 4, 5]
2017-02-16 14:11:06,200 INFO     [reward] 0.35412
2017-02-16 14:11:06,200 INFO     [error] [ -4.98633341e-05   7.09549750e-05]
2017-02-16 14:11:06,200 INFO     
2017-02-16 14:11:06,200 INFO     [min reward] 0.0
2017-02-16 14:11:06,200 INFO     
2017-02-16 14:11:06,200 INFO     [max steps] 100
2017-02-16 14:20:43,143 INFO     [step] 2473200
2017-02-16 14:20:43,144 INFO     [task] make[cloth] 0.0426563739418 0.849091755939
2017-02-16 14:20:43,144 INFO     [task] make[bed] 0.0716917067104 0.737094499295
2017-02-16 14:20:43,144 INFO     [task] make[stick] 0.0716805340843 0.731057452123
2017-02-16 14:20:43,144 INFO     [task] make[bridge] 0.0590284286949 0.806233062331
2017-02-16 14:20:43,144 INFO     [task] make[plank] 0.0393286647381 0.855865334035
2017-02-16 14:20:43,144 INFO     [task] make[axe] 0.0912370793427 0.656556840497
2017-02-16 14:20:43,144 INFO     [task] get[gold] 0.268888018532 0.000224567707164
2017-02-16 14:20:43,144 INFO     [task] make[shears] 0.0454645008576 0.835083114611
2017-02-16 14:20:43,144 INFO     [task] get[gem] 0.268907701037 0.0
2017-02-16 14:20:43,144 INFO     [task] make[rope] 0.041116992061 0.856936416185
2017-02-16 14:20:43,144 INFO     
2017-02-16 14:20:43,144 INFO     [rollout0] [3, 1, 3, 2, 1, 4, 2, 1, 0, 4, 5, 3, 0, 1, 2, 0, 0, 1, 1, 2, 2, 2, 0, 3, 3, 6, 0, 1, 0, 5, 2, 2, 0, 5]
2017-02-16 14:20:43,144 INFO     [rollout1] [3, 1, 1, 4, 5, 1, 4, 1, 1, 1, 1, 4, 5]
2017-02-16 14:20:43,144 INFO     [rollout2] [2, 4, 5, 1, 3, 2, 0, 3, 3, 3, 0, 3, 2, 1, 3, 3, 1, 6, 4, 4, 1, 3, 4, 5]
2017-02-16 14:20:43,144 INFO     [reward] 0.35554
2017-02-16 14:20:43,144 INFO     [error] [ -2.85870084e-05   5.40626860e-05]
2017-02-16 14:20:43,145 INFO     
2017-02-16 14:20:43,145 INFO     [min reward] 0.0
2017-02-16 14:20:43,145 INFO     
2017-02-16 14:20:43,145 INFO     [max steps] 100
2017-02-16 14:30:14,851 INFO     [step] 2523200
2017-02-16 14:30:14,852 INFO     [task] make[cloth] 0.0426602190603 0.853156450137
2017-02-16 14:30:14,852 INFO     [task] make[bed] 0.0723530886235 0.744311717861
2017-02-16 14:30:14,852 INFO     [task] make[stick] 0.0739536390261 0.740909090909
2017-02-16 14:30:14,852 INFO     [task] make[bridge] 0.0540229759446 0.811115147112
2017-02-16 14:30:14,852 INFO     [task] make[plank] 0.0408643985472 0.85400390625
2017-02-16 14:30:14,852 INFO     [task] make[axe] 0.0937053455382 0.651172893136
2017-02-16 14:30:14,852 INFO     [task] get[gold] 0.267713077068 0.0
2017-02-16 14:30:14,852 INFO     [task] make[shears] 0.0463742096719 0.848331220955
2017-02-16 14:30:14,852 INFO     [task] get[gem] 0.267772614773 0.0
2017-02-16 14:30:14,852 INFO     [task] make[rope] 0.0405804317472 0.881800197824
2017-02-16 14:30:14,852 INFO     
2017-02-16 14:30:14,852 INFO     [rollout0] [1, 1, 3, 3, 4, 1, 3, 4, 4, 1, 3, 0, 1, 0, 6, 3, 4, 3, 3, 4, 1, 4, 5, 2, 4, 4, 4, 4, 2, 4, 3, 2, 2, 4, 3, 2, 1, 6, 1, 5]
2017-02-16 14:30:14,852 INFO     [rollout1] [4, 0, 0, 4, 2, 5, 2, 0, 2, 0, 3, 0, 2, 4, 3, 2, 3, 0, 2, 3, 6, 0, 2, 2, 1, 1, 3, 0, 3, 1, 3, 0, 1, 3, 2, 6, 1, 5, 5]
2017-02-16 14:30:14,852 INFO     [rollout2] [4, 3, 4, 4, 4, 1, 4, 3, 1, 4, 5, 3, 1, 3, 1, 2, 1, 3, 3, 4, 3, 3, 1, 1, 3, 6, 5, 1, 2, 0, 0, 0, 0, 0, 0, 4, 5]
2017-02-16 14:30:14,852 INFO     [reward] 0.36048
2017-02-16 14:30:14,852 INFO     [error] [ -2.68712214e-05   5.77657488e-05]
2017-02-16 14:30:14,853 INFO     
2017-02-16 14:30:14,853 INFO     [min reward] 0.0
2017-02-16 14:30:14,853 INFO     
2017-02-16 14:30:14,853 INFO     [max steps] 100
2017-02-16 14:39:44,260 INFO     [step] 2573200
2017-02-16 14:39:44,260 INFO     [task] make[cloth] 0.0422167248638 0.854900095147
2017-02-16 14:39:44,260 INFO     [task] make[bed] 0.0715138691798 0.738280126546
2017-02-16 14:39:44,260 INFO     [task] make[stick] 0.0724297357613 0.740447598253
2017-02-16 14:39:44,260 INFO     [task] make[bridge] 0.0535327536343 0.789667896679
2017-02-16 14:39:44,260 INFO     [task] make[plank] 0.0419886197132 0.864244741874
2017-02-16 14:39:44,260 INFO     [task] make[axe] 0.0965835398228 0.659525790349
2017-02-16 14:39:44,261 INFO     [task] get[gold] 0.271856204158 0.0
2017-02-16 14:39:44,261 INFO     [task] make[shears] 0.0435155055467 0.849162011173
2017-02-16 14:39:44,261 INFO     [task] get[gem] 0.271856204158 0.0
2017-02-16 14:39:44,261 INFO     [task] make[rope] 0.0345068431618 0.85534591195
2017-02-16 14:39:44,261 INFO     
2017-02-16 14:39:44,261 INFO     [rollout0] [4, 3, 4, 0, 3, 0, 4, 5, 1, 2, 1, 2, 1, 2, 1, 2, 1, 1, 1, 3, 4, 5, 3, 1, 1, 2, 1, 2, 3, 0, 3, 4, 3, 0, 3, 4, 6, 3, 3, 5, 3, 4, 2, 0, 5]
2017-02-16 14:39:44,261 INFO     [rollout1] [2, 2, 2, 1, 3, 0, 3, 0, 4, 0, 3, 4, 0, 1, 6, 3, 1, 3, 1, 3, 3, 0, 2, 3, 1, 2, 1, 3, 2, 6, 5, 1, 5]
2017-02-16 14:39:44,261 INFO     [rollout2] [2, 2, 4, 5, 0, 4, 2, 4, 0, 2, 2, 2, 4, 5]
2017-02-16 14:39:44,261 INFO     [reward] 0.35032
2017-02-16 14:39:44,261 INFO     [error] [ -2.16635580e-05   3.92637012e-05]
2017-02-16 14:39:44,261 INFO     
2017-02-16 14:39:44,261 INFO     [min reward] 0.0
2017-02-16 14:39:44,261 INFO     
2017-02-16 14:39:44,261 INFO     [max steps] 100
2017-02-16 14:49:17,348 INFO     [step] 2623200
2017-02-16 14:49:17,349 INFO     [task] make[cloth] 0.0413773439754 0.847457627119
2017-02-16 14:49:17,349 INFO     [task] make[bed] 0.0724890623211 0.74518559866
2017-02-16 14:49:17,349 INFO     [task] make[stick] 0.0719108271347 0.75117370892
2017-02-16 14:49:17,349 INFO     [task] make[bridge] 0.0587799021321 0.800616649538
2017-02-16 14:49:17,349 INFO     [task] make[plank] 0.0388843916922 0.860143442623
2017-02-16 14:49:17,349 INFO     [task] make[axe] 0.0934990381909 0.646670921081
2017-02-16 14:49:17,349 INFO     [task] get[gold] 0.269446441343 7.31903681476e-05
2017-02-16 14:49:17,349 INFO     [task] make[shears] 0.0429081422991 0.843276515152
2017-02-16 14:49:17,349 INFO     [task] get[gem] 0.269446441343 0.000149142431022
2017-02-16 14:49:17,349 INFO     [task] make[rope] 0.0412584095686 0.870634530251
2017-02-16 14:49:17,349 INFO     
2017-02-16 14:49:17,349 INFO     [rollout0] [1, 3, 4, 4, 0, 4, 4, 0, 0, 0, 0, 4, 5, 3, 5, 2, 0, 2, 5, 2, 4, 3, 2, 3, 2, 2, 1, 2, 4, 0, 2, 3, 5]
2017-02-16 14:49:17,349 INFO     [rollout1] [1, 3, 1, 3, 1, 2, 4, 1, 2, 1, 2, 1, 2, 4, 6, 0, 2, 0, 3, 2, 3, 1, 2, 0, 3, 1, 2, 0, 3, 6, 1, 3, 1, 1, 2, 3, 1, 1, 4, 0, 1, 1, 4, 1, 6, 4, 4, 4, 4, 2, 3, 4, 1, 2, 3, 1, 2, 1, 2, 6, 0, 0, 3, 1, 3, 5]
2017-02-16 14:49:17,349 INFO     [rollout2] [3, 4, 5, 1, 3, 1, 3, 1, 1, 3, 4, 5, 1, 4, 5, 2, 1, 4, 5]
2017-02-16 14:49:17,349 INFO     [reward] 0.354
2017-02-16 14:49:17,349 INFO     [error] [ -5.62034744e-05   5.30389477e-05]
2017-02-16 14:49:17,350 INFO     
2017-02-16 14:49:17,350 INFO     [min reward] 7.31903681476e-05
2017-02-16 14:49:17,350 INFO     
2017-02-16 14:49:17,350 INFO     [max steps] 100
2017-02-16 14:58:53,633 INFO     [step] 2673200
2017-02-16 14:58:53,633 INFO     [task] make[cloth] 0.0435231511102 0.863886342805
2017-02-16 14:58:53,633 INFO     [task] make[bed] 0.0709080161767 0.761443661972
2017-02-16 14:58:53,633 INFO     [task] make[stick] 0.0693046101043 0.753348864298
2017-02-16 14:58:53,634 INFO     [task] make[bridge] 0.05606552335 0.817196531792
2017-02-16 14:58:53,634 INFO     [task] make[plank] 0.0401263342965 0.866172839506
2017-02-16 14:58:53,634 INFO     [task] make[axe] 0.0972867943554 0.658107561666
2017-02-16 14:58:53,634 INFO     [task] get[gold] 0.270423006424 0.0
2017-02-16 14:58:53,634 INFO     [task] make[shears] 0.0446427063667 0.853582554517
2017-02-16 14:58:53,634 INFO     [task] get[gem] 0.270402669123 7.34591934181e-05
2017-02-16 14:58:53,634 INFO     [task] make[rope] 0.0373171886931 0.857066093498
2017-02-16 14:58:53,634 INFO     
2017-02-16 14:58:53,634 INFO     [rollout0] [2, 1, 4, 5, 1, 1, 1, 3, 4, 5, 2, 4, 5]
2017-02-16 14:58:53,634 INFO     [rollout1] [0, 4, 5, 3, 4, 3, 3, 3, 4, 3, 3, 3, 3, 4, 3, 0, 3, 6]
2017-02-16 14:58:53,634 INFO     [rollout2] [1, 2, 4, 5, 0, 2, 0, 4, 5]
2017-02-16 14:58:53,634 INFO     [reward] 0.35704
2017-02-16 14:58:53,634 INFO     [error] [ -4.18699996e-05   5.72207699e-05]
2017-02-16 14:58:53,634 INFO     
2017-02-16 14:58:53,634 INFO     [min reward] 0.0
2017-02-16 14:58:53,635 INFO     
2017-02-16 14:58:53,635 INFO     [max steps] 100
2017-02-16 15:08:28,738 INFO     [step] 2723200
2017-02-16 15:08:28,738 INFO     [task] make[cloth] 0.0398225116475 0.849612403101
2017-02-16 15:08:28,738 INFO     [task] make[bed] 0.0677427275191 0.749926101094
2017-02-16 15:08:28,738 INFO     [task] make[stick] 0.0699489222091 0.754963131027
2017-02-16 15:08:28,738 INFO     [task] make[bridge] 0.0525475749891 0.81381152232
2017-02-16 15:08:28,738 INFO     [task] make[plank] 0.0391993389526 0.868583162218
2017-02-16 15:08:28,738 INFO     [task] make[axe] 0.0959064401866 0.670862567066
2017-02-16 15:08:28,738 INFO     [task] get[gold] 0.275270207701 7.29181857955e-05
2017-02-16 15:08:28,738 INFO     [task] make[shears] 0.0426307551545 0.841792409694
2017-02-16 15:08:28,738 INFO     [task] get[gem] 0.275250186782 0.0
2017-02-16 15:08:28,738 INFO     [task] make[rope] 0.0416813348586 0.844884488449
2017-02-16 15:08:28,738 INFO     
2017-02-16 15:08:28,739 INFO     [rollout0] [3, 1, 3, 4, 5, 1, 2, 1, 4, 5, 2, 2, 1, 4, 5, 0, 0, 4, 0, 4, 5]
2017-02-16 15:08:28,739 INFO     [rollout1] [2, 1, 2, 4, 5, 1, 4, 3, 0, 0, 3, 0, 4, 0, 3, 3, 3, 4, 3, 6]
2017-02-16 15:08:28,739 INFO     [rollout2] [1, 4, 3, 0, 3, 0, 2, 1, 4, 0, 3, 3, 4, 3, 6, 1, 1, 2, 2, 2, 2, 3, 0, 2, 0, 4, 2, 0, 1, 6, 5, 1, 4, 1, 1, 3, 4, 5]
2017-02-16 15:08:28,739 INFO     [reward] 0.35106
2017-02-16 15:08:28,739 INFO     [error] [ -2.96791453e-05   5.54244874e-05]
2017-02-16 15:08:28,739 INFO     
2017-02-16 15:08:28,739 INFO     [min reward] 0.0
2017-02-16 15:08:28,739 INFO     
2017-02-16 15:08:28,739 INFO     [max steps] 100
2017-02-16 15:18:00,916 INFO     [step] 2773200
2017-02-16 15:18:00,916 INFO     [task] make[cloth] 0.0432837602495 0.870982552801
2017-02-16 15:18:00,916 INFO     [task] make[bed] 0.070186077384 0.758561643836
2017-02-16 15:18:00,916 INFO     [task] make[stick] 0.0688267353887 0.7460496614
2017-02-16 15:18:00,916 INFO     [task] make[bridge] 0.0529453348999 0.806971514243
2017-02-16 15:18:00,916 INFO     [task] make[plank] 0.03816412628 0.846778559827
2017-02-16 15:18:00,916 INFO     [task] make[axe] 0.0915229333349 0.668545659526
2017-02-16 15:18:00,916 INFO     [task] get[gold] 0.272548766387 0.000146295077171
2017-02-16 15:18:00,917 INFO     [task] make[shears] 0.0453941398943 0.850544662309
2017-02-16 15:18:00,917 INFO     [task] get[gem] 0.2725684448 0.0
2017-02-16 15:18:00,917 INFO     [task] make[rope] 0.044559681382 0.861346411057
2017-02-16 15:18:00,917 INFO     
2017-02-16 15:18:00,917 INFO     [rollout0] [2, 4, 5, 0, 1, 2, 1, 1, 2, 1, 1, 3, 4, 5, 4, 4, 4, 1, 3, 0, 4, 5]
2017-02-16 15:18:00,917 INFO     [rollout1] [0, 2, 1, 3, 1, 4, 1, 1, 4, 5, 1, 3, 4, 5, 2, 0, 0, 0, 2, 4, 5, 0, 2, 0, 2, 2, 2, 2, 0, 4, 5]
2017-02-16 15:18:00,917 INFO     [rollout2] [3, 2, 4, 3, 2, 0, 3, 0, 2, 3, 4, 0, 1, 0, 6, 2, 4, 0, 5, 3, 1, 4, 1, 3, 3, 1, 1, 3, 3, 1, 3, 5, 0, 1, 5]
2017-02-16 15:18:00,917 INFO     [reward] 0.35534
2017-02-16 15:18:00,917 INFO     [error] [ -4.48384948e-05   6.62381370e-05]
2017-02-16 15:18:00,917 INFO     
2017-02-16 15:18:00,917 INFO     [min reward] 0.0
2017-02-16 15:18:00,917 INFO     
2017-02-16 15:18:00,917 INFO     [max steps] 100
2017-02-16 15:27:39,083 INFO     [step] 2823200
2017-02-16 15:27:39,083 INFO     [task] make[cloth] 0.0376733592249 0.864250946458
2017-02-16 15:27:39,083 INFO     [task] make[bed] 0.0681391271782 0.774
2017-02-16 15:27:39,083 INFO     [task] make[stick] 0.0715298412104 0.755523255814
2017-02-16 15:27:39,083 INFO     [task] make[bridge] 0.0550201807825 0.812863372093
2017-02-16 15:27:39,083 INFO     [task] make[plank] 0.0442325770811 0.874832364774
2017-02-16 15:27:39,083 INFO     [task] make[axe] 0.0925332200147 0.682706766917
2017-02-16 15:27:39,083 INFO     [task] get[gold] 0.273667673782 0.0
2017-02-16 15:27:39,084 INFO     [task] make[shears] 0.0432119733039 0.84663162924
2017-02-16 15:27:39,084 INFO     [task] get[gem] 0.27370731936 0.0
2017-02-16 15:27:39,084 INFO     [task] make[rope] 0.0402847280623 0.878878878879
2017-02-16 15:27:39,084 INFO     
2017-02-16 15:27:39,084 INFO     [rollout0] [0, 4, 4, 2, 0, 1, 4, 2, 5, 1, 4, 1, 1, 1, 1, 3, 1, 5, 3, 4, 4, 1, 3, 4, 1, 5, 4, 2, 4, 2, 0, 4, 5, 0, 3, 1, 1, 5]
2017-02-16 15:27:39,084 INFO     [rollout1] [0, 0, 3, 4, 5, 2, 2, 2, 0, 4, 0, 2, 4, 5]
2017-02-16 15:27:39,084 INFO     [rollout2] [0, 3, 0, 0, 0, 3, 0, 4, 5, 2, 2, 0, 4, 5, 3, 1, 3, 1, 3, 3, 4, 3, 4, 5, 0, 2, 0, 1, 2, 0, 2, 0, 4, 5]
2017-02-16 15:27:39,084 INFO     [reward] 0.35612
2017-02-16 15:27:39,084 INFO     [error] [ -3.37315441e-05   5.25969631e-05]
2017-02-16 15:27:39,084 INFO     
2017-02-16 15:27:39,084 INFO     [min reward] 0.0
2017-02-16 15:27:39,084 INFO     
2017-02-16 15:27:39,084 INFO     [max steps] 100
2017-02-16 15:37:19,413 INFO     [step] 2873200
2017-02-16 15:37:19,413 INFO     [task] make[cloth] 0.0403702011955 0.861280487805
2017-02-16 15:37:19,413 INFO     [task] make[bed] 0.0653682974302 0.743644716692
2017-02-16 15:37:19,413 INFO     [task] make[stick] 0.0704860656908 0.760622049431
2017-02-16 15:37:19,413 INFO     [task] make[bridge] 0.0546037530823 0.808254200146
2017-02-16 15:37:19,413 INFO     [task] make[plank] 0.0374393143321 0.861380798274
2017-02-16 15:37:19,413 INFO     [task] make[axe] 0.0906550907079 0.668242372153
2017-02-16 15:37:19,413 INFO     [task] get[gold] 0.279754154257 0.0
2017-02-16 15:37:19,413 INFO     [task] make[shears] 0.0452504756378 0.847435335379
2017-02-16 15:37:19,413 INFO     [task] get[gem] 0.279754154257 7.13877784123e-05
2017-02-16 15:37:19,414 INFO     [task] make[rope] 0.0363184934103 0.863122171946
2017-02-16 15:37:19,414 INFO     
2017-02-16 15:37:19,414 INFO     [rollout0] [3, 1, 3, 1, 3, 4, 5, 0, 3, 0, 0, 3, 0, 4, 5]
2017-02-16 15:37:19,414 INFO     [rollout1] [3, 0, 4, 5, 0, 0, 2, 0, 4, 0, 4, 5, 2, 0, 4, 5, 1, 4, 5]
2017-02-16 15:37:19,414 INFO     [rollout2] [1, 1, 2, 1, 3, 2, 2, 2, 4, 2, 2, 2, 3, 2, 6, 1, 4, 5, 2, 4, 2, 4, 0, 0, 0, 3, 1, 4, 0, 2, 3, 2, 6, 4, 3, 1, 3, 1, 3, 1, 3, 0, 3, 0, 4, 5, 0, 4, 3, 2, 3, 4, 3, 1, 2, 2, 4, 3, 2, 5]
2017-02-16 15:37:19,414 INFO     [reward] 0.34484
2017-02-16 15:37:19,414 INFO     [error] [ -2.67573993e-05   4.44449993e-05]
2017-02-16 15:37:19,414 INFO     
2017-02-16 15:37:19,414 INFO     [min reward] 0.0
2017-02-16 15:37:19,414 INFO     
2017-02-16 15:37:19,414 INFO     [max steps] 100
2017-02-16 15:46:53,982 INFO     [step] 2923200
2017-02-16 15:46:53,982 INFO     [task] make[cloth] 0.040347713399 0.870902672718
2017-02-16 15:46:53,982 INFO     [task] make[bed] 0.0722623849056 0.757243319269
2017-02-16 15:46:53,982 INFO     [task] make[stick] 0.067656422006 0.750216575224
2017-02-16 15:46:53,982 INFO     [task] make[bridge] 0.0547337843691 0.810098792536
2017-02-16 15:46:53,982 INFO     [task] make[plank] 0.0403204990947 0.862204724409
2017-02-16 15:46:53,982 INFO     [task] make[axe] 0.0927190966187 0.690267379679
2017-02-16 15:46:53,982 INFO     [task] get[gold] 0.274013745281 0.0
2017-02-16 15:46:53,982 INFO     [task] make[shears] 0.0441039134685 0.83448593822
2017-02-16 15:46:53,982 INFO     [task] get[gem] 0.273994377724 0.0
2017-02-16 15:46:53,982 INFO     [task] make[rope] 0.0398480631326 0.865729520116
2017-02-16 15:46:53,982 INFO     
2017-02-16 15:46:53,982 INFO     [rollout0] [2, 0, 4, 0, 2, 2, 0, 0, 1, 3, 0, 4, 0, 1, 6, 1, 1, 4, 3, 3, 4, 1, 3, 1, 1, 1, 3, 3, 1, 6, 5, 1, 1, 4, 1, 2, 1, 0, 3, 4, 1, 4, 0, 3, 1, 6]
2017-02-16 15:46:53,982 INFO     [rollout1] [1, 2, 4, 5, 0, 2, 4, 2, 0, 0, 2, 3, 2, 4, 2, 4, 5, 5, 5]
2017-02-16 15:46:53,982 INFO     [rollout2] [2, 4, 5, 2, 4, 5, 0, 2, 0, 2, 2, 5, 5]
2017-02-16 15:46:53,982 INFO     [reward] 0.35612
2017-02-16 15:46:53,983 INFO     [error] [ -1.70240261e-05   5.07809760e-05]
2017-02-16 15:46:53,983 INFO     
2017-02-16 15:46:53,983 INFO     [min reward] 0.0
2017-02-16 15:46:53,983 INFO     
2017-02-16 15:46:53,983 INFO     [max steps] 100
2017-02-16 15:56:39,887 INFO     [step] 2973200
2017-02-16 15:56:39,887 INFO     [task] make[cloth] 0.0380166681625 0.853403141361
2017-02-16 15:56:39,887 INFO     [task] make[bed] 0.0690808877855 0.748858447489
2017-02-16 15:56:39,887 INFO     [task] make[stick] 0.071001366071 0.755199550309
2017-02-16 15:56:39,887 INFO     [task] make[bridge] 0.0546349668823 0.808163265306
2017-02-16 15:56:39,887 INFO     [task] make[plank] 0.0403939030168 0.870769230769
2017-02-16 15:56:39,887 INFO     [task] make[axe] 0.0873860710698 0.667729446595
2017-02-16 15:56:39,887 INFO     [task] get[gold] 0.276042937664 0.0
2017-02-16 15:56:39,887 INFO     [task] make[shears] 0.0479697200149 0.853214718965
2017-02-16 15:56:39,887 INFO     [task] get[gem] 0.276042937664 0.0
2017-02-16 15:56:39,887 INFO     [task] make[rope] 0.0394305416686 0.870588235294
2017-02-16 15:56:39,887 INFO     
2017-02-16 15:56:39,887 INFO     [rollout0] [1, 4, 5, 1, 1, 4, 1, 1, 2, 2, 1, 4, 5, 5, 0, 2, 2, 2, 4, 2, 2, 2, 4, 4, 2, 4, 4, 2, 6]
2017-02-16 15:56:39,887 INFO     [rollout1] [3, 4, 5, 2, 2, 0, 2, 4, 5]
2017-02-16 15:56:39,887 INFO     [rollout2] [1, 1, 1, 0, 1, 3, 1, 1, 1, 1, 4, 5, 2, 0, 2, 4, 5, 2, 2, 4, 2, 1, 4, 5]
2017-02-16 15:56:39,887 INFO     [reward] 0.35122
2017-02-16 15:56:39,887 INFO     [error] [ -3.55725235e-05   6.54830694e-05]
2017-02-16 15:56:39,888 INFO     
2017-02-16 15:56:39,888 INFO     [min reward] 0.0
2017-02-16 15:56:39,888 INFO     
2017-02-16 15:56:39,888 INFO     [max steps] 100
2017-02-16 16:06:14,473 INFO     [step] 3023200
2017-02-16 16:06:14,473 INFO     [task] make[cloth] 0.0426453443416 0.854958294717
2017-02-16 16:06:14,473 INFO     [task] make[bed] 0.0711155480739 0.766207687894
2017-02-16 16:06:14,473 INFO     [task] make[stick] 0.0693887030041 0.75354659249
2017-02-16 16:06:14,473 INFO     [task] make[bridge] 0.0549653238681 0.809104258443
2017-02-16 16:06:14,473 INFO     [task] make[plank] 0.0379161124201 0.863849765258
2017-02-16 16:06:14,473 INFO     [task] make[axe] 0.0932090575431 0.664542171234
2017-02-16 16:06:14,473 INFO     [task] get[gold] 0.275048926009 0.0
2017-02-16 16:06:14,473 INFO     [task] make[shears] 0.0426966565968 0.847744360902
2017-02-16 16:06:14,473 INFO     [task] get[gem] 0.275048926009 0.0
2017-02-16 16:06:14,473 INFO     [task] make[rope] 0.0379654021341 0.865631691649
2017-02-16 16:06:14,473 INFO     
2017-02-16 16:06:14,474 INFO     [rollout0] [0, 3, 1, 4, 5, 2, 4, 5, 1, 1, 1, 1, 4, 5, 1, 1, 2, 1, 4, 1, 5, 5]
2017-02-16 16:06:14,474 INFO     [rollout1] [0, 1, 0, 2, 1, 1, 3, 0, 3, 0, 1, 3, 4, 3, 6, 1, 2, 1, 2, 4, 5, 0, 0, 0, 2, 4, 2, 0, 4, 5]
2017-02-16 16:06:14,474 INFO     [rollout2] [0, 1, 4, 3, 0, 1, 3, 0, 3, 1, 3, 3, 1, 4, 6, 2, 4, 5, 2, 2, 4, 2, 1, 1, 2, 4, 5]
2017-02-16 16:06:14,474 INFO     [reward] 0.35268
2017-02-16 16:06:14,474 INFO     [error] [ -4.43867466e-05   5.51553983e-05]
2017-02-16 16:06:14,474 INFO     
2017-02-16 16:06:14,474 INFO     [min reward] 0.0
2017-02-16 16:06:14,474 INFO     
