2017-02-16 06:38:12,242 INFO     BEGIN
2017-02-16 06:38:12,242 INFO     struct {
    trainer:
        improvement_threshold: 0.8
        name: 'CurriculumTrainer'
        max_timesteps: 100
        hints: 'resources/craft/hints.yaml'
    name: 'craft_modular_common-baseline_unordered'
    recipes: 'resources/craft/recipes.yaml'
    world:
        name: 'CraftWorld'
    model:
        use_args: False
        name: 'ModularACModel'
        max_subtask_timesteps: 15
        baseline: 'common'
    experiment_dir: 'experiments/craft_modular_common-baseline_unordered'
}
2017-02-16 06:39:11,359 INFO     [max steps] 100
2017-02-16 06:52:31,363 INFO     [step] 50000
2017-02-16 06:52:31,363 INFO     [task] make[cloth] 0.1 0.01092469762
2017-02-16 06:52:31,363 INFO     [task] make[bed] 0.1 0.0
2017-02-16 06:52:31,363 INFO     [task] make[stick] 0.1 0.00969305331179
2017-02-16 06:52:31,363 INFO     [task] make[bridge] 0.1 0.00389025389025
2017-02-16 06:52:31,363 INFO     [task] make[plank] 0.1 0.00927753651796
2017-02-16 06:52:31,363 INFO     [task] make[axe] 0.1 0.000584112149533
2017-02-16 06:52:31,363 INFO     [task] get[gold] 0.1 0.000204039991838
2017-02-16 06:52:31,363 INFO     [task] make[shears] 0.1 0.0111426256078
2017-02-16 06:52:31,363 INFO     [task] get[gem] 0.1 0.0
2017-02-16 06:52:31,363 INFO     [task] make[rope] 0.1 0.0112246943275
2017-02-16 06:52:31,363 INFO     
2017-02-16 06:52:31,363 INFO     [rollout0] [2, 2, 4, 4, 1, 4, 0, 0, 0, 0, 5, 2, 3, 5, 4, 2, 2, 5, 0, 4, 2, 0, 3, 2, 4, 1, 5]
2017-02-16 06:52:31,363 INFO     [rollout1] [4, 0, 0, 3, 2, 3, 3, 4, 4, 3, 5, 3, 4, 2, 0, 2, 3, 2, 2, 4, 2, 4, 0, 2, 3, 6, 5, 2, 3, 0, 0, 1, 4, 0, 0, 0, 3, 4, 1, 4, 3, 6, 0, 4, 1, 0, 2, 4, 1, 0, 1, 5]
2017-02-16 06:52:31,363 INFO     [rollout2] [4, 4, 2, 1, 1, 5, 4, 0, 2, 1, 4, 4, 2, 0, 2, 2, 0, 0, 0, 0, 6, 5, 4, 1, 4, 4, 0, 1, 4, 5]
2017-02-16 06:52:31,364 INFO     [reward] 0.0057
2017-02-16 06:52:31,364 INFO     [error] [  3.49351195e-05   3.30507758e-07]
2017-02-16 06:52:31,364 INFO     
2017-02-16 06:52:31,364 INFO     [min reward] 0.0
2017-02-16 06:52:31,364 INFO     
2017-02-16 06:52:31,364 INFO     [max steps] 100
2017-02-16 07:01:43,872 INFO     [step] 101900
2017-02-16 07:01:43,873 INFO     [task] make[cloth] 0.0994791829576 0.00566185083952
2017-02-16 07:01:43,873 INFO     [task] make[bed] 0.100566968824 0.0
2017-02-16 07:01:43,873 INFO     [task] make[stick] 0.0996018193286 0.00252770756368
2017-02-16 07:01:43,873 INFO     [task] make[bridge] 0.100179611357 0.00134796841903
2017-02-16 07:01:43,873 INFO     [task] make[plank] 0.0996431928578 0.00521134916039
2017-02-16 07:01:43,873 INFO     [task] make[axe] 0.100508808043 0.0
2017-02-16 07:01:43,873 INFO     [task] get[gold] 0.100546652306 0.0
2017-02-16 07:01:43,873 INFO     [task] make[shears] 0.0994574835941 0.00210204471622
2017-02-16 07:01:43,873 INFO     [task] get[gem] 0.100566968824 0.0
2017-02-16 07:01:43,873 INFO     [task] make[rope] 0.0994493119085 0.00518234165067
2017-02-16 07:01:43,873 INFO     
2017-02-16 07:01:43,873 INFO     [rollout0] [3, 4, 4, 0, 4, 5, 5]
2017-02-16 07:01:43,873 INFO     [rollout1] [4, 0, 5, 4, 4, 0, 3, 2, 0, 4, 4, 2, 5]
2017-02-16 07:01:43,873 INFO     [rollout2] [5, 3, 4, 3, 4, 1, 4, 4, 1, 1, 0, 3, 4, 5, 4, 0, 0, 1, 1, 0, 1, 3, 2, 1, 0, 4, 3, 1, 6, 1, 5]
2017-02-16 07:01:43,873 INFO     [reward] 0.00219653179191
2017-02-16 07:01:43,874 INFO     [error] [ -7.56544953e-05   9.04643367e-07]
2017-02-16 07:01:43,874 INFO     
2017-02-16 07:01:43,874 INFO     [min reward] 0.0
2017-02-16 07:01:43,874 INFO     
2017-02-16 07:01:43,874 INFO     [max steps] 100
2017-02-16 07:11:46,719 INFO     [step] 166400
2017-02-16 07:11:46,719 INFO     [task] make[cloth] 0.0996568231773 0.00435458786936
2017-02-16 07:11:46,720 INFO     [task] make[bed] 0.100218628052 0.0
2017-02-16 07:11:46,720 INFO     [task] make[stick] 0.0999678128201 0.002027448534
2017-02-16 07:11:46,720 INFO     [task] make[bridge] 0.100084874046 0.00078480615288
2017-02-16 07:11:46,720 INFO     [task] make[plank] 0.0997015248211 0.00542215336948
2017-02-16 07:11:46,720 INFO     [task] make[axe] 0.100218628052 0.0
2017-02-16 07:11:46,720 INFO     [task] get[gold] 0.100218628052 0.0
2017-02-16 07:11:46,720 INFO     [task] make[shears] 0.100010049797 0.00307266861269
2017-02-16 07:11:46,720 INFO     [task] get[gem] 0.100218628052 0.0
2017-02-16 07:11:46,720 INFO     [task] make[rope] 0.0997044031308 0.00511390051139
2017-02-16 07:11:46,720 INFO     
2017-02-16 07:11:46,720 INFO     [rollout0] [3, 0, 4, 4, 3, 2, 1, 1, 4, 5, 4, 1, 0, 2, 3, 1, 1, 4, 2, 4, 3, 2, 4, 4, 6]
2017-02-16 07:11:46,720 INFO     [rollout1] [2, 1, 2, 5, 4, 5]
2017-02-16 07:11:46,720 INFO     [rollout2] [1, 3, 2, 5, 0, 5, 0, 0, 0, 2, 1, 2, 3, 3, 4, 5, 1, 4, 4, 3, 3, 2, 2, 2, 3, 2, 5]
2017-02-16 07:11:46,720 INFO     [reward] 0.00207751937984
2017-02-16 07:11:46,720 INFO     [error] [  3.73473313e-05   3.37914817e-07]
2017-02-16 07:11:46,721 INFO     
2017-02-16 07:11:46,721 INFO     [min reward] 0.0
2017-02-16 07:11:46,721 INFO     
2017-02-16 07:11:46,721 INFO     [max steps] 100
2017-02-16 07:22:14,390 INFO     [step] 234600
2017-02-16 07:22:14,390 INFO     [task] make[cloth] 0.0997740866493 0.0039352864014
2017-02-16 07:22:14,390 INFO     [task] make[bed] 0.100206122655 0.000148126203525
2017-02-16 07:22:14,390 INFO     [task] make[stick] 0.100004971411 0.00672416313404
2017-02-16 07:22:14,391 INFO     [task] make[bridge] 0.100128258911 0.00118395737753
2017-02-16 07:22:14,391 INFO     [task] make[plank] 0.0996681692241 0.0040352712599
2017-02-16 07:22:14,391 INFO     [task] make[axe] 0.100206122655 0.0
2017-02-16 07:22:14,391 INFO     [task] get[gold] 0.100206122655 0.0
2017-02-16 07:22:14,391 INFO     [task] make[shears] 0.0999012709644 0.0040810377496
2017-02-16 07:22:14,391 INFO     [task] get[gem] 0.100206122655 0.0
2017-02-16 07:22:14,391 INFO     [task] make[rope] 0.0996987522179 0.00293298137557
2017-02-16 07:22:14,391 INFO     
2017-02-16 07:22:14,391 INFO     [rollout0] [1, 0, 1, 1, 1, 5, 4, 4, 1, 3, 4, 5]
2017-02-16 07:22:14,391 INFO     [rollout1] [4, 0, 3, 5, 3, 2, 1, 3, 4, 0, 2, 3, 0, 1, 0, 1, 3, 5]
2017-02-16 07:22:14,391 INFO     [rollout2] [4, 4, 2, 4, 2, 4, 3, 1, 4, 4, 4, 5, 0, 3, 1, 4, 5, 4, 0, 1, 5, 5]
2017-02-16 07:22:14,391 INFO     [reward] 0.00230205278592
2017-02-16 07:22:14,391 INFO     [error] [  5.60521142e-05   6.22965085e-07]
2017-02-16 07:22:14,391 INFO     
2017-02-16 07:22:14,391 INFO     [min reward] 0.0
2017-02-16 07:22:14,392 INFO     
2017-02-16 07:22:14,392 INFO     [max steps] 100
2017-02-16 07:34:40,472 INFO     [step] 322700
2017-02-16 07:34:40,472 INFO     [task] make[cloth] 0.0998381253687 0.00627169895845
2017-02-16 07:34:40,472 INFO     [task] make[bed] 0.10021394908 0.0
2017-02-16 07:34:40,472 INFO     [task] make[stick] 0.0995613676004 0.00476622787108
2017-02-16 07:34:40,472 INFO     [task] make[bridge] 0.100111157042 0.000912408759124
2017-02-16 07:34:40,472 INFO     [task] make[plank] 0.0998282032427 0.00432506259959
2017-02-16 07:34:40,472 INFO     [task] make[axe] 0.100228648574 0.0
2017-02-16 07:34:40,472 INFO     [task] get[gold] 0.100228648574 0.0
2017-02-16 07:34:40,472 INFO     [task] make[shears] 0.0998236615463 0.00367816091954
2017-02-16 07:34:40,472 INFO     [task] get[gem] 0.100228648574 0.0
2017-02-16 07:34:40,472 INFO     [task] make[rope] 0.0999375903966 0.00440273432974
2017-02-16 07:34:40,472 INFO     
2017-02-16 07:34:40,472 INFO     [rollout0] [5, 1, 5, 4, 2, 4, 4, 3, 3, 4, 0, 5]
2017-02-16 07:34:40,472 INFO     [rollout1] [1, 2, 0, 2, 2, 4, 4, 3, 4, 0, 5, 3, 4, 2, 1, 1, 1, 4, 4, 4, 4, 1, 3, 1, 5, 4, 2, 0, 3, 0, 5, 0, 0, 4, 2, 4, 1, 5, 2, 3, 5]
2017-02-16 07:34:40,472 INFO     [rollout2] [4, 3, 2, 0, 5, 1, 0, 2, 1, 3, 4, 0, 4, 5]
2017-02-16 07:34:40,472 INFO     [reward] 0.00242905788876
2017-02-16 07:34:40,473 INFO     [error] [ -5.77296581e-05   5.34751579e-07]
2017-02-16 07:34:40,473 INFO     
2017-02-16 07:34:40,473 INFO     [min reward] 0.0
2017-02-16 07:34:40,473 INFO     
2017-02-16 07:34:40,473 INFO     [max steps] 100
2017-02-16 07:46:38,158 INFO     [step] 406100
2017-02-16 07:46:38,158 INFO     [task] make[cloth] 0.0996192729987 0.00517525288167
2017-02-16 07:46:38,158 INFO     [task] make[bed] 0.100241734366 0.0
2017-02-16 07:46:38,159 INFO     [task] make[stick] 0.0997686898629 0.00414330977334
2017-02-16 07:46:38,159 INFO     [task] make[bridge] 0.100151178488 0.000839529863277
2017-02-16 07:46:38,159 INFO     [task] make[plank] 0.0998124751816 0.00465227245616
2017-02-16 07:46:38,159 INFO     [task] make[axe] 0.100241734366 0.0
2017-02-16 07:46:38,159 INFO     [task] get[gold] 0.100241734366 0.0
2017-02-16 07:46:38,159 INFO     [task] make[shears] 0.099876679683 0.00229357798165
2017-02-16 07:46:38,159 INFO     [task] get[gem] 0.100241734366 0.0
2017-02-16 07:46:38,159 INFO     [task] make[rope] 0.0998047663213 0.00542364710136
2017-02-16 07:46:38,159 INFO     
2017-02-16 07:46:38,159 INFO     [rollout0] [0, 4, 4, 5, 2, 0, 3, 3, 4, 5]
2017-02-16 07:46:38,159 INFO     [rollout1] [5, 3, 0, 0, 3, 2, 3, 2, 0, 5, 4, 3, 4, 1, 2, 4, 0, 5, 4, 3, 4, 4, 1, 2, 0, 0, 0, 0, 4, 0, 3, 3, 6]
2017-02-16 07:46:38,159 INFO     [rollout2] [4, 2, 5, 5, 4, 4, 4, 4, 5, 2, 2, 5]
2017-02-16 07:46:38,159 INFO     [reward] 0.00225419664269
2017-02-16 07:46:38,159 INFO     [error] [ -1.61292756e-05   1.13651476e-07]
2017-02-16 07:46:38,159 INFO     
2017-02-16 07:46:38,160 INFO     [min reward] 0.0
2017-02-16 07:46:38,160 INFO     
2017-02-16 07:46:38,160 INFO     [max steps] 100
2017-02-16 07:57:51,068 INFO     [step] 482400
2017-02-16 07:57:51,069 INFO     [task] make[cloth] 0.099709997333 0.00824029771398
2017-02-16 07:57:51,069 INFO     [task] make[bed] 0.100223544051 0.0
2017-02-16 07:57:51,069 INFO     [task] make[stick] 0.0998123983187 0.00408109531332
2017-02-16 07:57:51,069 INFO     [task] make[bridge] 0.100140236469 0.00171007629571
2017-02-16 07:57:51,069 INFO     [task] make[plank] 0.0997618933248 0.00459317585302
2017-02-16 07:57:51,069 INFO     [task] make[axe] 0.100223544051 0.0
2017-02-16 07:57:51,069 INFO     [task] get[gold] 0.100223544051 0.0
2017-02-16 07:57:51,069 INFO     [task] make[shears] 0.0999959494827 0.00287882753206
2017-02-16 07:57:51,069 INFO     [task] get[gem] 0.100223544051 0.0
2017-02-16 07:57:51,069 INFO     [task] make[rope] 0.0996853488686 0.0065133590323
2017-02-16 07:57:51,069 INFO     
2017-02-16 07:57:51,069 INFO     [rollout0] [1, 2, 3, 0, 1, 5, 4, 4, 5, 0, 5, 3, 2, 0, 5]
2017-02-16 07:57:51,069 INFO     [rollout1] [0, 2, 4, 1, 5, 1, 4, 1, 1, 5]
2017-02-16 07:57:51,069 INFO     [rollout2] [3, 5, 5]
2017-02-16 07:57:51,069 INFO     [reward] 0.00277850589777
2017-02-16 07:57:51,069 INFO     [error] [ -1.38136860e-05   6.97995303e-08]
2017-02-16 07:57:51,070 INFO     
2017-02-16 07:57:51,070 INFO     [min reward] 0.0
2017-02-16 07:57:51,070 INFO     
2017-02-16 07:57:51,070 INFO     [max steps] 100
2017-02-16 08:08:45,938 INFO     [step] 555400
2017-02-16 08:08:45,938 INFO     [task] make[cloth] 0.0994600254539 0.00813905366257
2017-02-16 08:08:45,938 INFO     [task] make[bed] 0.10027816599 0.0
2017-02-16 08:08:45,938 INFO     [task] make[stick] 0.0998729731655 0.00384140485663
2017-02-16 08:08:45,938 INFO     [task] make[bridge] 0.10010838053 0.000952640174197
2017-02-16 08:08:45,938 INFO     [task] make[plank] 0.0998221310889 0.00691276095673
2017-02-16 08:08:45,938 INFO     [task] make[axe] 0.10027816599 0.0
2017-02-16 08:08:45,938 INFO     [task] get[gold] 0.10027816599 0.0
2017-02-16 08:08:45,939 INFO     [task] make[shears] 0.0999923406983 0.00302613480055
2017-02-16 08:08:45,939 INFO     [task] get[gem] 0.10027816599 0.0
2017-02-16 08:08:45,939 INFO     [task] make[rope] 0.0996314851012 0.00853524229075
2017-02-16 08:08:45,939 INFO     
2017-02-16 08:08:45,939 INFO     [rollout0] [5, 4, 3, 1, 3, 1, 4, 5]
2017-02-16 08:08:45,939 INFO     [rollout1] [5, 2, 2, 1, 3, 5]
2017-02-16 08:08:45,939 INFO     [rollout2] [4, 4, 1, 5, 3, 0, 1, 4, 0, 4, 4, 4, 2, 3, 3, 0, 2, 0, 6, 1, 2, 2, 5, 4, 2, 5]
2017-02-16 08:08:45,939 INFO     [reward] 0.00312328767123
2017-02-16 08:08:45,939 INFO     [error] [ -6.88874696e-05   5.66591710e-06]
2017-02-16 08:08:45,939 INFO     
2017-02-16 08:08:45,939 INFO     [min reward] 0.0
2017-02-16 08:08:45,939 INFO     
2017-02-16 08:08:45,939 INFO     [max steps] 100
2017-02-16 08:21:04,762 INFO     [step] 642200
2017-02-16 08:21:04,762 INFO     [task] make[cloth] 0.099503572137 0.0113106343284
2017-02-16 08:21:04,762 INFO     [task] make[bed] 0.100311932735 0.0
2017-02-16 08:21:04,762 INFO     [task] make[stick] 0.0999304092241 0.00468143411738
2017-02-16 08:21:04,762 INFO     [task] make[bridge] 0.100217317708 0.00104094378904
2017-02-16 08:21:04,762 INFO     [task] make[plank] 0.0996253659899 0.00876987839102
2017-02-16 08:21:04,763 INFO     [task] make[axe] 0.100311932735 0.000112714156898
2017-02-16 08:21:04,763 INFO     [task] get[gold] 0.100311932735 0.0
2017-02-16 08:21:04,763 INFO     [task] make[shears] 0.100011380823 0.00311059907834
2017-02-16 08:21:04,763 INFO     [task] get[gem] 0.100311932735 0.0
2017-02-16 08:21:04,763 INFO     [task] make[rope] 0.0994642231796 0.0122090369694
2017-02-16 08:21:04,763 INFO     
2017-02-16 08:21:04,763 INFO     [rollout0] [1, 4, 5, 2, 3, 4, 3, 1, 4, 3, 5]
2017-02-16 08:21:04,763 INFO     [rollout1] [0, 0, 0, 0, 5, 0, 1, 3, 1, 5]
2017-02-16 08:21:04,763 INFO     [rollout2] [0, 5, 3, 0, 0, 1, 2, 4, 1, 0, 3, 2, 3, 2, 1, 3, 6]
2017-02-16 08:21:04,763 INFO     [reward] 0.00411290322581
2017-02-16 08:21:04,763 INFO     [error] [ -8.87066466e-06   9.16214253e-06]
2017-02-16 08:21:04,763 INFO     
2017-02-16 08:21:04,763 INFO     [min reward] 0.0
2017-02-16 08:21:04,763 INFO     
2017-02-16 08:21:04,763 INFO     [max steps] 100
2017-02-16 08:32:48,338 INFO     [step] 723200
2017-02-16 08:32:48,338 INFO     [task] make[cloth] 0.0992854877893 0.00640140579892
2017-02-16 08:32:48,339 INFO     [task] make[bed] 0.100409943386 0.000126358352287
2017-02-16 08:32:48,339 INFO     [task] make[stick] 0.0999445349357 0.00552418364842
2017-02-16 08:32:48,339 INFO     [task] make[bridge] 0.100306457141 0.00061207002081
2017-02-16 08:32:48,339 INFO     [task] make[plank] 0.0995380790366 0.00970993117011
2017-02-16 08:32:48,339 INFO     [task] make[axe] 0.100398737819 0.000122759636631
2017-02-16 08:32:48,339 INFO     [task] get[gold] 0.100409943386 0.0
2017-02-16 08:32:48,339 INFO     [task] make[shears] 0.100100700735 0.00350495528161
2017-02-16 08:32:48,339 INFO     [task] get[gem] 0.100409943386 0.0
2017-02-16 08:32:48,339 INFO     [task] make[rope] 0.099196172385 0.012877662209
2017-02-16 08:32:48,339 INFO     
2017-02-16 08:32:48,339 INFO     [rollout0] [3, 2, 4, 3, 2, 5, 3, 4, 2, 0, 4, 1, 5, 2, 5, 5]
2017-02-16 08:32:48,339 INFO     [rollout1] [2, 5, 0, 5, 5, 5]
2017-02-16 08:32:48,339 INFO     [rollout2] [1, 4, 0, 0, 4, 5, 1, 1, 0, 4, 0, 3, 1, 2, 2, 4, 1, 4, 2, 4, 6]
2017-02-16 08:32:48,339 INFO     [reward] 0.00388888888889
2017-02-16 08:32:48,339 INFO     [error] [ -8.22210879e-05   1.13688752e-06]
2017-02-16 08:32:48,340 INFO     
2017-02-16 08:32:48,340 INFO     [min reward] 0.0
2017-02-16 08:32:48,340 INFO     
2017-02-16 08:32:48,340 INFO     [max steps] 100
2017-02-16 08:42:12,297 INFO     [step] 782500
2017-02-16 08:42:12,297 INFO     [task] make[cloth] 0.0997501796004 0.014966933519
2017-02-16 08:42:12,297 INFO     [task] make[bed] 0.100373872293 0.000164365548981
2017-02-16 08:42:12,297 INFO     [task] make[stick] 0.0998373689085 0.00601102020371
2017-02-16 08:42:12,297 INFO     [task] make[bridge] 0.100325596193 0.00203389830508
2017-02-16 08:42:12,298 INFO     [task] make[plank] 0.0994213369716 0.0102581637887
2017-02-16 08:42:12,298 INFO     [task] make[axe] 0.100374229979 0.000169376693767
2017-02-16 08:42:12,298 INFO     [task] get[gold] 0.100386431367 0.0
2017-02-16 08:42:12,298 INFO     [task] make[shears] 0.100038065077 0.00491858887381
2017-02-16 08:42:12,298 INFO     [task] get[gem] 0.100386431367 0.0
2017-02-16 08:42:12,298 INFO     [task] make[rope] 0.0991064882443 0.0157094594595
2017-02-16 08:42:12,298 INFO     
2017-02-16 08:42:12,298 INFO     [rollout0] [4, 5, 2, 2, 4, 3, 5]
2017-02-16 08:42:12,298 INFO     [rollout1] [0, 1, 5, 4, 5]
2017-02-16 08:42:12,298 INFO     [rollout2] [0, 4, 3, 0, 3, 1, 5, 0, 3, 0, 0, 2, 1, 5, 1, 3, 2, 5, 4, 0, 3, 4, 4, 0, 3, 4, 1, 3, 0, 2, 4, 5, 1, 0, 5]
2017-02-16 08:42:12,298 INFO     [reward] 0.00536256323777
2017-02-16 08:42:12,298 INFO     [error] [ -4.90793694e-05   4.32356727e-07]
2017-02-16 08:42:12,298 INFO     
2017-02-16 08:42:12,298 INFO     [min reward] 0.0
2017-02-16 08:42:12,299 INFO     
2017-02-16 08:42:12,299 INFO     [max steps] 100
2017-02-16 08:52:12,950 INFO     [step] 847300
2017-02-16 08:52:12,950 INFO     [task] make[cloth] 0.0990499728148 0.0201108471892
2017-02-16 08:52:12,950 INFO     [task] make[bed] 0.10052348561 0.0
2017-02-16 08:52:12,950 INFO     [task] make[stick] 0.0999414838614 0.00653892944039
2017-02-16 08:52:12,950 INFO     [task] make[bridge] 0.100337384087 0.00204885736801
2017-02-16 08:52:12,950 INFO     [task] make[plank] 0.0995187044877 0.0175034546292
2017-02-16 08:52:12,950 INFO     [task] make[axe] 0.100522986779 0.000152671755725
2017-02-16 08:52:12,950 INFO     [task] get[gold] 0.10053984728 0.0
2017-02-16 08:52:12,951 INFO     [task] make[shears] 0.100050229286 0.00388259046436
2017-02-16 08:52:12,951 INFO     [task] get[gem] 0.10053984728 0.0
2017-02-16 08:52:12,951 INFO     [task] make[rope] 0.0989760585132 0.0263650546022
2017-02-16 08:52:12,951 INFO     
2017-02-16 08:52:12,951 INFO     [rollout0] [2, 0, 2, 3, 0, 4, 1, 2, 4, 0, 0, 0, 0, 5, 4, 1, 0, 3, 0, 4, 3, 1, 4, 4, 3, 3, 4, 1, 6, 1, 3, 0, 2, 5, 1, 1, 4, 4, 0, 0, 3, 4, 1, 0, 2, 3, 3, 5]
2017-02-16 08:52:12,951 INFO     [rollout1] [4, 1, 1, 3, 1, 4, 1, 3, 1, 5, 1, 1, 4, 2, 1, 0, 0, 4, 5, 0, 4, 4, 3, 1, 5, 1, 3, 0, 4, 2, 2, 0, 4, 4, 1, 1, 1, 3, 0, 6, 4, 1, 5]
2017-02-16 08:52:12,951 INFO     [rollout2] [4, 3, 2, 5, 1, 3, 1, 0, 4, 4, 4, 1, 5]
2017-02-16 08:52:12,951 INFO     [reward] 0.00759259259259
2017-02-16 08:52:12,951 INFO     [error] [  3.17238945e-05   1.39339754e-05]
2017-02-16 08:52:12,951 INFO     
2017-02-16 08:52:12,951 INFO     [min reward] 0.0
2017-02-16 08:52:12,951 INFO     
2017-02-16 08:52:12,951 INFO     [max steps] 100
2017-02-16 09:01:30,316 INFO     [step] 905200
2017-02-16 09:01:30,316 INFO     [task] make[cloth] 0.0987578456779 0.0307505211953
2017-02-16 09:01:30,316 INFO     [task] make[bed] 0.100764235926 0.0
2017-02-16 09:01:30,316 INFO     [task] make[stick] 0.100111869363 0.00921418636996
2017-02-16 09:01:30,316 INFO     [task] make[bridge] 0.100559828454 0.00225655268183
2017-02-16 09:01:30,316 INFO     [task] make[plank] 0.0990179762908 0.0285564120533
2017-02-16 09:01:30,316 INFO     [task] make[axe] 0.100749004389 0.000169836956522
2017-02-16 09:01:30,316 INFO     [task] get[gold] 0.100764235926 0.0
2017-02-16 09:01:30,316 INFO     [task] make[shears] 0.100376883192 0.00584092080399
2017-02-16 09:01:30,316 INFO     [task] get[gem] 0.100764235926 0.0
2017-02-16 09:01:30,316 INFO     [task] make[rope] 0.0981338848548 0.0530396475771
2017-02-16 09:01:30,316 INFO     
2017-02-16 09:01:30,316 INFO     [rollout0] [0, 1, 4, 2, 2, 1, 0, 2, 5, 1, 2, 1, 2, 4, 5, 0, 5, 4, 3, 4, 3, 1, 5]
2017-02-16 09:01:30,316 INFO     [rollout1] [3, 0, 0, 2, 0, 4, 2, 3, 3, 3, 0, 0, 0, 2, 6, 0, 3, 0, 3, 2, 4, 3, 2, 0, 2, 0, 3, 0, 3, 6]
2017-02-16 09:01:30,317 INFO     [rollout2] [0, 1, 2, 5, 0, 1, 5, 0, 5, 0, 3, 1, 2, 2, 2, 3, 5, 4, 2, 0, 1, 4, 5]
2017-02-16 09:01:30,317 INFO     [reward] 0.0128151986183
2017-02-16 09:01:30,317 INFO     [error] [  1.95884790e-05   3.45628862e-07]
2017-02-16 09:01:30,317 INFO     
2017-02-16 09:01:30,317 INFO     [min reward] 0.0
2017-02-16 09:01:30,317 INFO     
2017-02-16 09:01:30,317 INFO     [max steps] 100
2017-02-16 09:11:05,719 INFO     [step] 966400
2017-02-16 09:11:05,719 INFO     [task] make[cloth] 0.098217913034 0.0321070234114
2017-02-16 09:11:05,720 INFO     [task] make[bed] 0.101302164884 0.000160978750805
2017-02-16 09:11:05,720 INFO     [task] make[stick] 0.10037798961 0.00751879699248
2017-02-16 09:11:05,720 INFO     [task] make[bridge] 0.101075834516 0.00339092523817
2017-02-16 09:11:05,720 INFO     [task] make[plank] 0.0984379803668 0.0453106779943
2017-02-16 09:11:05,720 INFO     [task] make[axe] 0.101285130378 0.000161838485192
2017-02-16 09:11:05,720 INFO     [task] get[gold] 0.101302164884 0.0
2017-02-16 09:11:05,720 INFO     [task] make[shears] 0.100716325357 0.00689315608075
2017-02-16 09:11:05,720 INFO     [task] get[gem] 0.101302164884 0.0
2017-02-16 09:11:05,720 INFO     [task] make[rope] 0.0959823320876 0.0830896266988
2017-02-16 09:11:05,720 INFO     
2017-02-16 09:11:05,720 INFO     [rollout0] [0, 0, 5, 0, 5, 0, 5, 1, 4, 5, 5]
2017-02-16 09:11:05,720 INFO     [rollout1] [2, 4, 0, 1, 1, 4, 5, 5, 1, 5, 0, 2, 1, 0, 4, 3, 4, 3, 1, 2, 3, 1, 4, 0, 6]
2017-02-16 09:11:05,720 INFO     [rollout2] [4, 3, 4, 4, 0, 0, 0, 4, 0, 3, 0, 4, 3, 4, 6, 4, 3, 4, 3, 3, 4, 1, 1, 1, 2, 4, 1, 2, 1, 6]
2017-02-16 09:11:05,720 INFO     [reward] 0.0173039215686
2017-02-16 09:11:05,720 INFO     [error] [  3.08021876e-05   1.00390556e-05]
2017-02-16 09:11:05,721 INFO     
2017-02-16 09:11:05,721 INFO     [min reward] 0.0
2017-02-16 09:11:05,721 INFO     
2017-02-16 09:11:05,721 INFO     [max steps] 100
2017-02-16 09:20:06,722 INFO     [step] 1020500
2017-02-16 09:20:06,723 INFO     [task] make[cloth] 0.0985643388577 0.0552309142319
2017-02-16 09:20:06,723 INFO     [task] make[bed] 0.101784262557 0.000918948722661
2017-02-16 09:20:06,723 INFO     [task] make[stick] 0.101042649203 0.0145998558039
2017-02-16 09:20:06,723 INFO     [task] make[bridge] 0.101458707975 0.00545058139535
2017-02-16 09:20:06,723 INFO     [task] make[plank] 0.0972335086793 0.0780169100692
2017-02-16 09:20:06,723 INFO     [task] make[axe] 0.101784175903 0.000728332119446
2017-02-16 09:20:06,723 INFO     [task] get[gold] 0.101800488018 0.0
2017-02-16 09:20:06,723 INFO     [task] make[shears] 0.101105709154 0.0083987584444
2017-02-16 09:20:06,723 INFO     [task] get[gem] 0.101800488018 0.0
2017-02-16 09:20:06,723 INFO     [task] make[rope] 0.0934256716349 0.12587685113
2017-02-16 09:20:06,723 INFO     
2017-02-16 09:20:06,724 INFO     [rollout0] [4, 4, 1, 1, 2, 4, 4, 4, 3, 2, 2, 4, 1, 5, 3, 0, 2, 3, 2, 2, 2, 5, 4, 2, 4, 3, 0, 1, 5, 1, 2, 5]
2017-02-16 09:20:06,724 INFO     [rollout1] [0, 4, 0, 4, 4, 1, 4, 4, 4, 2, 4, 5, 1, 2, 4, 0, 1, 2, 2, 1, 1, 3, 4, 4, 3, 4, 6]
2017-02-16 09:20:06,724 INFO     [rollout2] [4, 4, 0, 4, 4, 3, 4, 1, 0, 0, 4, 0, 3, 1, 6, 1, 2, 2, 5, 5, 2, 4, 1, 3, 0, 0, 0, 2, 4, 5, 0, 0, 0, 3, 3, 3, 3, 0, 2, 3, 0, 0, 0, 0, 6]
2017-02-16 09:20:06,724 INFO     [reward] 0.0279297597043
2017-02-16 09:20:06,724 INFO     [error] [  4.15286280e-05   2.28739495e-05]
2017-02-16 09:20:06,724 INFO     
2017-02-16 09:20:06,724 INFO     [min reward] 0.0
2017-02-16 09:20:06,724 INFO     
2017-02-16 09:20:06,724 INFO     [max steps] 100
2017-02-16 09:29:02,711 INFO     [step] 1074200
2017-02-16 09:29:02,711 INFO     [task] make[cloth] 0.0973183781382 0.108097636575
2017-02-16 09:29:02,711 INFO     [task] make[bed] 0.102854326543 0.00215439856373
2017-02-16 09:29:02,711 INFO     [task] make[stick] 0.101459849377 0.0174429059522
2017-02-16 09:29:02,711 INFO     [task] make[bridge] 0.102392423085 0.00799256505576
2017-02-16 09:29:02,712 INFO     [task] make[plank] 0.094995831051 0.118402846412
2017-02-16 09:29:02,712 INFO     [task] make[axe] 0.102873755846 0.00181356546971
2017-02-16 09:29:02,712 INFO     [task] get[gold] 0.102947993797 0.0
2017-02-16 09:29:02,712 INFO     [task] make[shears] 0.102091919211 0.0137855976782
2017-02-16 09:29:02,712 INFO     [task] get[gem] 0.102947993797 0.0
2017-02-16 09:29:02,712 INFO     [task] make[rope] 0.0901175291544 0.236352484155
2017-02-16 09:29:02,712 INFO     
2017-02-16 09:29:02,712 INFO     [rollout0] [4, 0, 1, 4, 0, 4, 4, 0, 4, 3, 5, 3, 3, 4, 3, 3, 3, 3, 4, 4, 3, 3, 4, 5]
2017-02-16 09:29:02,712 INFO     [rollout1] [1, 3, 2, 3, 0, 0, 5, 1, 3, 0, 0, 4, 1, 0, 0, 0, 4, 2, 2, 5, 0, 5, 2, 5]
2017-02-16 09:29:02,712 INFO     [rollout2] [2, 4, 5, 3, 4, 0, 3, 1, 0, 4, 4, 3, 3, 0, 4, 4, 4, 6, 4, 4, 2, 2, 4, 4, 3, 4, 5, 4, 1, 5]
2017-02-16 09:29:02,712 INFO     [reward] 0.0475046554935
2017-02-16 09:29:02,712 INFO     [error] [  1.77318561e-06   3.25019708e-05]
2017-02-16 09:29:02,712 INFO     
2017-02-16 09:29:02,712 INFO     [min reward] 0.0
2017-02-16 09:29:02,713 INFO     
2017-02-16 09:29:02,713 INFO     [max steps] 100
2017-02-16 09:38:26,959 INFO     [step] 1124200
2017-02-16 09:38:26,959 INFO     [task] make[cloth] 0.0940073287179 0.204540632294
2017-02-16 09:38:26,959 INFO     [task] make[bed] 0.105050032679 0.0096190116937
2017-02-16 09:38:26,959 INFO     [task] make[stick] 0.103456476882 0.0297688993341
2017-02-16 09:38:26,960 INFO     [task] make[bridge] 0.104441507346 0.019481747683
2017-02-16 09:38:26,960 INFO     [task] make[plank] 0.0929331933259 0.208214364156
2017-02-16 09:38:26,960 INFO     [task] make[axe] 0.105085558485 0.0028549676437
2017-02-16 09:38:26,960 INFO     [task] get[gold] 0.105274590527 0.0
2017-02-16 09:38:26,960 INFO     [task] make[shears] 0.103837686418 0.0206483983018
2017-02-16 09:38:26,960 INFO     [task] get[gem] 0.105274590527 0.0
2017-02-16 09:38:26,960 INFO     [task] make[rope] 0.0806390350921 0.39782285997
2017-02-16 09:38:26,960 INFO     
2017-02-16 09:38:26,960 INFO     [rollout0] [4, 2, 0, 0, 4, 4, 2, 5, 3, 4, 2, 2, 4, 2, 1, 2, 0, 2, 2, 1, 1, 1, 6]
2017-02-16 09:38:26,960 INFO     [rollout1] [3, 5, 3, 0, 0, 2, 0, 4, 2, 1, 4, 5, 4, 3, 1, 2, 1, 3, 0, 0, 3, 3, 0, 2, 2, 0, 6]
2017-02-16 09:38:26,960 INFO     [rollout2] [3, 4, 4, 3, 4, 3, 0, 3, 3, 0, 3, 1, 4, 3, 6, 2, 3, 2, 1, 2, 4, 4, 4, 2, 4, 4, 3, 2, 5]
2017-02-16 09:38:26,960 INFO     [reward] 0.07896
2017-02-16 09:38:26,960 INFO     [error] [ -8.77222420e-05   2.30792300e-05]
2017-02-16 09:38:26,960 INFO     
2017-02-16 09:38:26,960 INFO     [min reward] 0.0
2017-02-16 09:38:26,961 INFO     
2017-02-16 09:38:26,961 INFO     [max steps] 100
2017-02-16 09:47:50,988 INFO     [step] 1174200
2017-02-16 09:47:50,988 INFO     [task] make[cloth] 0.0874829011231 0.335060838215
2017-02-16 09:47:50,988 INFO     [task] make[bed] 0.108653812463 0.0259183292933
2017-02-16 09:47:50,988 INFO     [task] make[stick] 0.106465284154 0.0466253055086
2017-02-16 09:47:50,988 INFO     [task] make[bridge] 0.107582596717 0.0265651123909
2017-02-16 09:47:50,988 INFO     [task] make[plank] 0.0870838881696 0.255974264706
2017-02-16 09:47:50,988 INFO     [task] make[axe] 0.10938847174 0.00452079566004
2017-02-16 09:47:50,988 INFO     [task] get[gold] 0.10969855672 0.0
2017-02-16 09:47:50,988 INFO     [task] make[shears] 0.107455883956 0.0346033498988
2017-02-16 09:47:50,988 INFO     [task] get[gem] 0.10969855672 0.0
2017-02-16 09:47:50,988 INFO     [task] make[rope] 0.0664900482361 0.503669724771
2017-02-16 09:47:50,988 INFO     
2017-02-16 09:47:50,989 INFO     [rollout0] [0, 1, 0, 2, 3, 0, 5, 4, 0, 1, 3, 4, 0, 5, 2, 2, 2, 1, 4, 4, 4, 4, 4, 4, 4, 4, 4, 4, 6]
2017-02-16 09:47:50,989 INFO     [rollout1] [2, 0, 4, 1, 4, 3, 3, 5, 2, 4, 2, 4, 2, 1, 4, 5]
2017-02-16 09:47:50,989 INFO     [rollout2] [1, 4, 2, 4, 4, 2, 4, 4, 2, 0, 5, 0, 4, 1, 4, 5, 3, 0, 2, 1, 3, 3, 3, 2, 4, 4, 4, 4, 4, 4, 6, 3, 4, 4, 5]
2017-02-16 09:47:50,989 INFO     [reward] 0.09982
2017-02-16 09:47:50,989 INFO     [error] [ -3.34371771e-05   4.58054265e-05]
2017-02-16 09:47:50,989 INFO     
2017-02-16 09:47:50,989 INFO     [min reward] 0.0
2017-02-16 09:47:50,989 INFO     
2017-02-16 09:47:50,989 INFO     [max steps] 100
2017-02-16 09:57:31,860 INFO     [step] 1224200
2017-02-16 09:57:31,860 INFO     [task] make[cloth] 0.076117561883 0.489763360808
2017-02-16 09:57:31,860 INFO     [task] make[bed] 0.11098170281 0.0674339147635
2017-02-16 09:57:31,860 INFO     [task] make[stick] 0.108646433748 0.0963609357594
2017-02-16 09:57:31,860 INFO     [task] make[bridge] 0.110908760602 0.0684062059238
2017-02-16 09:57:31,860 INFO     [task] make[plank] 0.0850367022946 0.352477999074
2017-02-16 09:57:31,860 INFO     [task] make[axe] 0.113394850813 0.0112030334367
2017-02-16 09:57:31,860 INFO     [task] get[gold] 0.113904692237 0.0
2017-02-16 09:57:31,860 INFO     [task] make[shears] 0.11000223291 0.0580003682563
2017-02-16 09:57:31,860 INFO     [task] get[gem] 0.113904692237 0.0
2017-02-16 09:57:31,860 INFO     [task] make[rope] 0.0571023704657 0.580985915493
2017-02-16 09:57:31,860 INFO     
2017-02-16 09:57:31,860 INFO     [rollout0] [2, 4, 1, 1, 4, 2, 0, 4, 4, 0, 1, 4, 5, 2, 1, 4, 5, 3, 0, 3, 1, 5, 1, 3, 5]
2017-02-16 09:57:31,860 INFO     [rollout1] [5, 4, 4, 4, 0, 3, 0, 3, 3, 0, 3, 3, 3, 4, 3, 6, 5, 4, 1, 3, 0, 4, 3, 0, 1, 2, 1, 4, 4, 2, 3, 6]
2017-02-16 09:57:31,860 INFO     [rollout2] [4, 4, 4, 4, 4, 4, 4, 2, 4, 4, 4, 4, 4, 4, 6, 2, 4, 0, 4, 2, 1, 3, 4, 2, 1, 1, 4, 1, 4, 6]
2017-02-16 09:57:31,860 INFO     [reward] 0.13352
2017-02-16 09:57:31,860 INFO     [error] [ -8.23141654e-05   5.48099471e-05]
2017-02-16 09:57:31,861 INFO     
2017-02-16 09:57:31,861 INFO     [min reward] 0.0
2017-02-16 09:57:31,861 INFO     
2017-02-16 09:57:31,861 INFO     [max steps] 100
2017-02-16 10:07:08,018 INFO     [step] 1274200
2017-02-16 10:07:08,018 INFO     [task] make[cloth] 0.0621150763332 0.555483870968
2017-02-16 10:07:08,018 INFO     [task] make[bed] 0.112540255574 0.160509325681
2017-02-16 10:07:08,018 INFO     [task] make[stick] 0.10908643479 0.212515825647
2017-02-16 10:07:08,018 INFO     [task] make[bridge] 0.112424166212 0.0992740471869
2017-02-16 10:07:08,018 INFO     [task] make[plank] 0.0785066375597 0.468457055992
2017-02-16 10:07:08,018 INFO     [task] make[axe] 0.119254095436 0.0235753052917
2017-02-16 10:07:08,018 INFO     [task] get[gold] 0.120591712252 0.0
2017-02-16 10:07:08,018 INFO     [task] make[shears] 0.113666599659 0.111757658737
2017-02-16 10:07:08,018 INFO     [task] get[gem] 0.120591712252 0.0
2017-02-16 10:07:08,019 INFO     [task] make[rope] 0.0512233099318 0.638248847926
2017-02-16 10:07:08,019 INFO     
2017-02-16 10:07:08,019 INFO     [rollout0] [2, 1, 2, 1, 2, 5, 3, 5]
2017-02-16 10:07:08,019 INFO     [rollout1] [4, 3, 3, 3, 0, 4, 2, 4, 0, 5, 3, 0, 4, 0, 4, 4, 4, 4, 4, 4, 4, 4, 4, 4, 6, 2, 0, 0, 2, 2, 4, 5, 1, 1, 4, 4, 4, 4, 1, 4, 1, 1, 4, 4, 2, 2, 6]
2017-02-16 10:07:08,019 INFO     [rollout2] [4, 3, 5, 3, 3, 3, 3, 3, 3, 2, 3, 3, 3, 3, 2, 3, 3, 6, 0, 1, 1, 3, 3, 4, 2, 2, 4, 2, 4, 3, 4, 2, 6, 1, 4, 5, 5]
2017-02-16 10:07:08,019 INFO     [reward] 0.17284
2017-02-16 10:07:08,019 INFO     [error] [ -2.64459494e-05   5.38428018e-05]
2017-02-16 10:07:08,019 INFO     
2017-02-16 10:07:08,019 INFO     [min reward] 0.0
2017-02-16 10:07:08,019 INFO     
2017-02-16 10:07:08,019 INFO     [max steps] 100
2017-02-16 10:17:07,061 INFO     [step] 1324200
2017-02-16 10:17:07,061 INFO     [task] make[cloth] 0.058046716869 0.65011820331
2017-02-16 10:17:07,061 INFO     [task] make[bed] 0.108489317552 0.300537634409
2017-02-16 10:17:07,061 INFO     [task] make[stick] 0.101847514575 0.328919182084
2017-02-16 10:17:07,061 INFO     [task] make[bridge] 0.116309737216 0.144310344828
2017-02-16 10:17:07,061 INFO     [task] make[plank] 0.0691609998752 0.550367107195
2017-02-16 10:17:07,061 INFO     [task] make[axe] 0.125977300494 0.0390275111964
2017-02-16 10:17:07,061 INFO     [task] get[gold] 0.128988126698 0.0
2017-02-16 10:17:07,061 INFO     [task] make[shears] 0.114715442495 0.154623019328
2017-02-16 10:17:07,061 INFO     [task] get[gem] 0.128988126698 0.0
2017-02-16 10:17:07,061 INFO     [task] make[rope] 0.0474767175284 0.695524884985
2017-02-16 10:17:07,061 INFO     
2017-02-16 10:17:07,062 INFO     [rollout0] [0, 5, 1, 4, 5, 1, 2, 4, 3, 4, 2, 5, 1, 3, 4, 2, 2, 4, 1, 4, 0, 4, 5]
2017-02-16 10:17:07,062 INFO     [rollout1] [2, 0, 3, 0, 1, 0, 0, 4, 4, 2, 3, 4, 0, 3, 6, 3, 3, 1, 3, 3, 3, 3, 0, 3, 1, 3, 3, 3, 3, 6, 5, 3, 3, 4, 3, 3, 4, 3, 3, 3, 3, 3, 3, 0, 4, 6]
2017-02-16 10:17:07,062 INFO     [rollout2] [0, 2, 4, 5, 0, 2, 0, 3, 4, 2, 3, 2, 0, 2, 2, 4, 5, 4, 3, 5, 0, 4, 4, 4, 4, 4, 4, 4, 4, 4, 4, 4, 4, 4, 6, 4, 4, 4, 3, 4, 0, 2, 4, 4, 0, 4, 2, 0, 3, 6]
2017-02-16 10:17:07,062 INFO     [reward] 0.21594
2017-02-16 10:17:07,062 INFO     [error] [ -6.23912149e-05   7.00481881e-05]
2017-02-16 10:17:07,062 INFO     
2017-02-16 10:17:07,062 INFO     [min reward] 0.0
2017-02-16 10:17:07,062 INFO     
2017-02-16 10:17:07,062 INFO     [max steps] 100
2017-02-16 10:26:45,815 INFO     [step] 1374200
2017-02-16 10:26:45,815 INFO     [task] make[cloth] 0.0497309763639 0.698575949367
2017-02-16 10:26:45,815 INFO     [task] make[bed] 0.0980384572344 0.387709723064
2017-02-16 10:26:45,815 INFO     [task] make[stick] 0.0941164970531 0.410956006768
2017-02-16 10:26:45,815 INFO     [task] make[bridge] 0.119627033586 0.171003717472
2017-02-16 10:26:45,815 INFO     [task] make[plank] 0.0635152784563 0.637594458438
2017-02-16 10:26:45,815 INFO     [task] make[axe] 0.134175749745 0.051980935359
2017-02-16 10:26:45,815 INFO     [task] get[gold] 0.139568843408 0.0
2017-02-16 10:26:45,815 INFO     [task] make[shears] 0.118201956307 0.175632105888
2017-02-16 10:26:45,815 INFO     [task] get[gem] 0.139568843408 0.0
2017-02-16 10:26:45,815 INFO     [task] make[rope] 0.0434563644387 0.72100043122
2017-02-16 10:26:45,815 INFO     
2017-02-16 10:26:45,815 INFO     [rollout0] [4, 5, 2, 0, 4, 2, 4, 5, 0, 1, 4, 0, 2, 0, 1, 3, 0, 1, 0, 1, 0, 1, 6, 2, 4, 1, 1, 1, 3, 2, 1, 1, 1, 1, 1, 1, 1, 6]
2017-02-16 10:26:45,816 INFO     [rollout1] [3, 5, 4, 3, 1, 1, 1, 1, 4, 1, 4, 5, 3, 3, 3, 3, 4, 3, 1, 3, 0, 3, 1, 4, 5]
2017-02-16 10:26:45,816 INFO     [rollout2] [0, 3, 4, 3, 5, 0, 4, 5, 2, 2, 3, 2, 2, 2, 0, 4, 4, 4, 4, 5, 3, 1, 1, 4, 3, 1, 1, 1, 3, 2, 0, 0, 4, 2, 6]
2017-02-16 10:26:45,816 INFO     [reward] 0.2344
2017-02-16 10:26:45,816 INFO     [error] [ -5.48788354e-05   5.37509860e-05]
2017-02-16 10:26:45,816 INFO     
2017-02-16 10:26:45,816 INFO     [min reward] 0.0
2017-02-16 10:26:45,816 INFO     
2017-02-16 10:26:45,816 INFO     [max steps] 100
2017-02-16 10:36:23,294 INFO     [step] 1424200
2017-02-16 10:36:23,294 INFO     [task] make[cloth] 0.0454929409637 0.697180043384
2017-02-16 10:36:23,294 INFO     [task] make[bed] 0.0909043947421 0.483654470665
2017-02-16 10:36:23,294 INFO     [task] make[stick] 0.0875085689862 0.466863368134
2017-02-16 10:36:23,294 INFO     [task] make[bridge] 0.122560888513 0.184773594294
2017-02-16 10:36:23,294 INFO     [task] make[plank] 0.0544011398041 0.687704026115
2017-02-16 10:36:23,295 INFO     [task] make[axe] 0.139947780723 0.0731850117096
2017-02-16 10:36:23,295 INFO     [task] get[gold] 0.147541175063 0.0
2017-02-16 10:36:23,295 INFO     [task] make[shears] 0.121884771814 0.198950303428
2017-02-16 10:36:23,295 INFO     [task] get[gem] 0.147541175063 0.000403280010754
2017-02-16 10:36:23,295 INFO     [task] make[rope] 0.0422171643273 0.767249310028
2017-02-16 10:36:23,295 INFO     
2017-02-16 10:36:23,295 INFO     [rollout0] [3, 4, 5, 1, 5, 2, 3, 1, 2, 3, 2, 4, 2, 1, 4, 4, 4, 4, 5, 3, 4, 0, 0, 2, 3, 1, 2, 2, 3, 1, 0, 0, 4, 6]
2017-02-16 10:36:23,295 INFO     [rollout1] [5, 0, 0, 4, 5, 0, 2, 4, 4, 4, 4, 5, 0, 2, 2, 1, 5]
2017-02-16 10:36:23,295 INFO     [rollout2] [2, 4, 0, 0, 2, 4, 5, 0, 4, 4, 4, 4, 0, 3, 4, 3, 4, 5]
2017-02-16 10:36:23,295 INFO     [reward] 0.24584
2017-02-16 10:36:23,295 INFO     [error] [ -9.20806999e-05   7.37821182e-05]
2017-02-16 10:36:23,295 INFO     
2017-02-16 10:36:23,295 INFO     [min reward] 0.0
2017-02-16 10:36:23,295 INFO     
2017-02-16 10:36:23,295 INFO     [max steps] 100
2017-02-16 10:46:20,962 INFO     [step] 1474200
2017-02-16 10:46:20,962 INFO     [task] make[cloth] 0.0478315300235 0.73257287706
2017-02-16 10:46:20,963 INFO     [task] make[bed] 0.0804805174883 0.531125498008
2017-02-16 10:46:20,963 INFO     [task] make[stick] 0.0830479499932 0.510368382532
2017-02-16 10:46:20,963 INFO     [task] make[bridge] 0.126180701601 0.232643118149
2017-02-16 10:46:20,963 INFO     [task] make[plank] 0.0492804542206 0.708180708181
2017-02-16 10:46:20,963 INFO     [task] make[axe] 0.143243080536 0.0849241998877
2017-02-16 10:46:20,963 INFO     [task] get[gold] 0.154433386688 0.00013044612575
2017-02-16 10:46:20,963 INFO     [task] make[shears] 0.124013021202 0.233640329617
2017-02-16 10:46:20,963 INFO     [task] get[gem] 0.154371723423 0.000390879478827
2017-02-16 10:46:20,963 INFO     [task] make[rope] 0.037117634825 0.765089722675
2017-02-16 10:46:20,963 INFO     
2017-02-16 10:46:20,963 INFO     [rollout0] [2, 0, 1, 4, 2, 3, 0, 0, 0, 5, 2, 2, 0, 4, 2, 2, 0, 4, 5, 3, 1, 0, 1, 2, 1, 4, 5, 0, 0, 0, 0, 4, 0, 0, 0, 0, 0, 0, 0, 0, 0, 6]
2017-02-16 10:46:20,963 INFO     [rollout1] [0, 3, 4, 5, 0, 2, 2, 2, 4, 0, 2, 2, 4, 4, 4, 4, 4, 4, 6]
2017-02-16 10:46:20,963 INFO     [rollout2] [0, 2, 0, 4, 5, 4, 2, 2, 2, 1, 4, 5, 4, 4, 5, 4, 0, 2, 2, 0, 4, 4, 4, 4, 4, 4, 4, 4, 4, 6]
2017-02-16 10:46:20,963 INFO     [reward] 0.25378
2017-02-16 10:46:20,963 INFO     [error] [ -2.62488109e-05   7.15533281e-05]
2017-02-16 10:46:20,964 INFO     
2017-02-16 10:46:20,964 INFO     [min reward] 0.00013044612575
2017-02-16 10:46:20,964 INFO     
2017-02-16 10:46:20,964 INFO     [max steps] 100
2017-02-16 10:56:01,996 INFO     [step] 1524200
2017-02-16 10:56:01,996 INFO     [task] make[cloth] 0.0440295248388 0.762505633168
2017-02-16 10:56:01,996 INFO     [task] make[bed] 0.0760005602792 0.567783094099
2017-02-16 10:56:01,996 INFO     [task] make[stick] 0.0792948522062 0.534356909137
2017-02-16 10:56:01,996 INFO     [task] make[bridge] 0.12337169407 0.257733637252
2017-02-16 10:56:01,996 INFO     [task] make[plank] 0.0479007238555 0.768412090251
2017-02-16 10:56:01,996 INFO     [task] make[axe] 0.146815666353 0.100702576112
2017-02-16 10:56:01,996 INFO     [task] get[gold] 0.160272997589 0.000124161907127
2017-02-16 10:56:01,996 INFO     [task] make[shears] 0.123213429994 0.232649071359
2017-02-16 10:56:01,996 INFO     [task] get[gem] 0.160231665089 0.000245098039216
2017-02-16 10:56:01,996 INFO     [task] make[rope] 0.0388688857256 0.774176954733
2017-02-16 10:56:01,996 INFO     
2017-02-16 10:56:01,996 INFO     [rollout0] [4, 4, 0, 0, 4, 5, 0, 4, 0, 4, 5]
2017-02-16 10:56:01,996 INFO     [rollout1] [2, 3, 3, 2, 2, 3, 3, 0, 1, 4, 5, 4, 2, 2, 4, 5, 1, 2, 1, 1, 4, 1, 4, 5, 2, 1, 3, 1, 0, 2, 3, 2, 3, 4, 3, 3, 2, 1, 6]
2017-02-16 10:56:01,996 INFO     [rollout2] [0, 3, 4, 5, 0, 4, 0, 3, 4, 5, 0, 0, 1, 5, 5]
2017-02-16 10:56:01,996 INFO     [reward] 0.26012
2017-02-16 10:56:01,996 INFO     [error] [ -4.76995235e-05   5.79330831e-05]
2017-02-16 10:56:01,997 INFO     
2017-02-16 10:56:01,997 INFO     [min reward] 0.000124161907127
2017-02-16 10:56:01,997 INFO     
2017-02-16 10:56:01,997 INFO     [max steps] 100
2017-02-16 11:05:20,454 INFO     [step] 1574200
2017-02-16 11:05:20,454 INFO     [task] make[cloth] 0.0405641305617 0.771266540643
2017-02-16 11:05:20,454 INFO     [task] make[bed] 0.0724790003797 0.6032239819
2017-02-16 11:05:20,454 INFO     [task] make[stick] 0.0779575256017 0.559899117276
2017-02-16 11:05:20,454 INFO     [task] make[bridge] 0.123295860614 0.263421733506
2017-02-16 11:05:20,454 INFO     [task] make[plank] 0.0395960669272 0.767921609077
2017-02-16 11:05:20,454 INFO     [task] make[axe] 0.149033127073 0.104069287875
2017-02-16 11:05:20,454 INFO     [task] get[gold] 0.165517849444 0.0
2017-02-16 11:05:20,455 INFO     [task] make[shears] 0.127407201082 0.237897008942
2017-02-16 11:05:20,455 INFO     [task] get[gem] 0.165498028108 0.000121138703816
2017-02-16 11:05:20,455 INFO     [task] make[rope] 0.0386512102079 0.800836382645
2017-02-16 11:05:20,455 INFO     
2017-02-16 11:05:20,455 INFO     [rollout0] [2, 0, 2, 0, 1, 2, 1, 2, 4, 5, 1, 3, 4, 3, 4, 5, 5, 5]
2017-02-16 11:05:20,455 INFO     [rollout1] [0, 4, 3, 4, 5, 4, 3, 3, 1, 4, 5, 2, 0, 2, 0, 2, 1, 2, 1, 2, 0, 2, 4, 1, 2, 6, 0, 3, 3, 3, 0, 0, 3, 4, 4, 4, 4, 4, 4, 2, 6]
2017-02-16 11:05:20,455 INFO     [rollout2] [1, 2, 0, 1, 2, 2, 4, 5, 3, 3, 1, 3, 4, 5, 5, 1, 3, 3, 5, 0, 0, 3, 4, 4, 0, 4, 4, 2, 4, 5]
2017-02-16 11:05:20,455 INFO     [reward] 0.25872
2017-02-16 11:05:20,455 INFO     [error] [ -4.65348446e-05   8.11415508e-05]
2017-02-16 11:05:20,455 INFO     
2017-02-16 11:05:20,455 INFO     [min reward] 0.0
2017-02-16 11:05:20,455 INFO     
2017-02-16 11:05:20,455 INFO     [max steps] 100
2017-02-16 11:14:47,434 INFO     [step] 1624200
2017-02-16 11:14:47,435 INFO     [task] make[cloth] 0.039846400283 0.778280542986
2017-02-16 11:14:47,435 INFO     [task] make[bed] 0.0678939604291 0.597045191194
2017-02-16 11:14:47,435 INFO     [task] make[stick] 0.0751252044394 0.559615897573
2017-02-16 11:14:47,435 INFO     [task] make[bridge] 0.124609497677 0.309038828771
2017-02-16 11:14:47,435 INFO     [task] make[plank] 0.0404046943841 0.771442986882
2017-02-16 11:14:47,435 INFO     [task] make[axe] 0.151206612936 0.127226801383
2017-02-16 11:14:47,435 INFO     [task] get[gold] 0.168576555604 0.0
2017-02-16 11:14:47,435 INFO     [task] make[shears] 0.128869765152 0.248817407758
2017-02-16 11:14:47,435 INFO     [task] get[gem] 0.168556336648 0.0
2017-02-16 11:14:47,435 INFO     [task] make[rope] 0.0349109724468 0.797266514806
2017-02-16 11:14:47,435 INFO     
2017-02-16 11:14:47,435 INFO     [rollout0] [4, 5, 2, 1, 2, 2, 1, 3, 2, 1, 1, 4, 1, 1, 1, 4, 6, 0, 2, 2, 4, 4, 4, 1, 4, 0, 3, 0, 0, 2, 4, 6, 5, 1, 2, 3, 0, 2, 3, 5]
2017-02-16 11:14:47,435 INFO     [rollout1] [4, 0, 4, 3, 4, 3, 2, 5, 0, 4, 5, 3, 5, 2, 0, 3, 3, 2, 2, 5]
2017-02-16 11:14:47,435 INFO     [rollout2] [3, 1, 2, 1, 1, 4, 5, 3, 2, 2, 2, 2, 4, 5, 1, 4, 5, 5]
2017-02-16 11:14:47,435 INFO     [reward] 0.26226
2017-02-16 11:14:47,435 INFO     [error] [ -1.69287247e-05   6.11164538e-05]
2017-02-16 11:14:47,436 INFO     
2017-02-16 11:14:47,436 INFO     [min reward] 0.0
2017-02-16 11:14:47,436 INFO     
2017-02-16 11:14:47,436 INFO     [max steps] 100
2017-02-16 11:24:19,642 INFO     [step] 1674200
2017-02-16 11:24:19,642 INFO     [task] make[cloth] 0.0391996340091 0.782786885246
2017-02-16 11:24:19,642 INFO     [task] make[bed] 0.0698589474365 0.623126943738
2017-02-16 11:24:19,642 INFO     [task] make[stick] 0.0761908050632 0.544397463002
2017-02-16 11:24:19,642 INFO     [task] make[bridge] 0.118580553057 0.362749958685
2017-02-16 11:24:19,642 INFO     [task] make[plank] 0.0403563331498 0.784722222222
2017-02-16 11:24:19,642 INFO     [task] make[axe] 0.149337421833 0.167263088138
2017-02-16 11:24:19,642 INFO     [task] get[gold] 0.170860189556 0.000234769339124
2017-02-16 11:24:19,642 INFO     [task] make[shears] 0.12876812079 0.256346363495
2017-02-16 11:24:19,642 INFO     [task] get[gem] 0.170860189556 0.000236770451048
2017-02-16 11:24:19,643 INFO     [task] make[rope] 0.0359878055496 0.809606481481
2017-02-16 11:24:19,643 INFO     
2017-02-16 11:24:19,643 INFO     [rollout0] [0, 2, 4, 5, 0, 3, 0, 0, 3, 3, 0, 4, 5, 1, 2, 3, 0, 4, 3, 0, 5, 5]
2017-02-16 11:24:19,643 INFO     [rollout1] [4, 1, 1, 0, 2, 1, 4, 1, 3, 1, 2, 4, 4, 1, 6, 2, 4, 2, 4, 2, 1, 4, 5, 5, 3, 3, 3, 4, 5]
2017-02-16 11:24:19,643 INFO     [rollout2] [3, 1, 4, 3, 1, 3, 4, 5, 1, 4, 1, 1, 4, 5, 5, 3, 0, 4, 5]
2017-02-16 11:24:19,643 INFO     [reward] 0.2776
2017-02-16 11:24:19,643 INFO     [error] [ -2.11206059e-05   7.78050523e-05]
2017-02-16 11:24:19,643 INFO     
2017-02-16 11:24:19,643 INFO     [min reward] 0.000234769339124
2017-02-16 11:24:19,643 INFO     
2017-02-16 11:24:19,643 INFO     [max steps] 100
2017-02-16 11:33:45,221 INFO     [step] 1724200
2017-02-16 11:33:45,222 INFO     [task] make[cloth] 0.039388397392 0.795501022495
2017-02-16 11:33:45,222 INFO     [task] make[bed] 0.0670661537156 0.661369546374
2017-02-16 11:33:45,222 INFO     [task] make[stick] 0.0807142570702 0.578960645812
2017-02-16 11:33:45,222 INFO     [task] make[bridge] 0.11220365456 0.415788533667
2017-02-16 11:33:45,222 INFO     [task] make[plank] 0.0390528981758 0.803359683794
2017-02-16 11:33:45,222 INFO     [task] make[axe] 0.146092167335 0.212283594394
2017-02-16 11:33:45,222 INFO     [task] get[gold] 0.175047264419 0.00045992871105
2017-02-16 11:33:45,222 INFO     [task] make[shears] 0.130649187934 0.262194183721
2017-02-16 11:33:45,222 INFO     [task] get[gem] 0.175046917518 0.00045428733674
2017-02-16 11:33:45,222 INFO     [task] make[rope] 0.0347391018812 0.821199767036
2017-02-16 11:33:45,222 INFO     
2017-02-16 11:33:45,222 INFO     [rollout0] [2, 0, 1, 4, 5, 0, 0, 2, 0, 4, 4, 4, 4, 4, 4, 4, 4, 2, 4, 6]
2017-02-16 11:33:45,222 INFO     [rollout1] [0, 2, 4, 5, 4, 3, 0, 3, 0, 3, 4, 3, 0, 4, 5, 4, 4, 0, 3, 2, 3, 0, 3, 2, 0, 4, 2, 0, 2, 6, 5]
2017-02-16 11:33:45,222 INFO     [rollout2] [1, 3, 4, 5, 2, 0, 3, 4, 5, 2, 3, 0, 0, 2, 3, 0, 3, 4, 3, 4, 4, 0, 4, 6, 1, 1, 1, 1, 1, 1, 1, 1, 1, 1, 1, 1, 1, 1, 6, 4, 5]
2017-02-16 11:33:45,222 INFO     [reward] 0.29522
2017-02-16 11:33:45,222 INFO     [error] [ -2.49580408e-05   9.64514750e-05]
2017-02-16 11:33:45,223 INFO     
2017-02-16 11:33:45,223 INFO     [min reward] 0.00045428733674
2017-02-16 11:33:45,223 INFO     
2017-02-16 11:33:45,223 INFO     [max steps] 100
2017-02-16 11:43:25,705 INFO     [step] 1774200
2017-02-16 11:43:25,705 INFO     [task] make[cloth] 0.0386594088128 0.820824524313
2017-02-16 11:43:25,705 INFO     [task] make[bed] 0.0628340861484 0.658790170132
2017-02-16 11:43:25,705 INFO     [task] make[stick] 0.0776867414556 0.593341869398
2017-02-16 11:43:25,705 INFO     [task] make[bridge] 0.107095447565 0.47743023038
2017-02-16 11:43:25,705 INFO     [task] make[plank] 0.0372430328308 0.817302525524
2017-02-16 11:43:25,705 INFO     [task] make[axe] 0.143773387639 0.296014645825
2017-02-16 11:43:25,705 INFO     [task] get[gold] 0.181950621783 0.000657534246575
2017-02-16 11:43:25,705 INFO     [task] make[shears] 0.134777942069 0.266951022209
2017-02-16 11:43:25,705 INFO     [task] get[gem] 0.181951638534 0.000109541023113
2017-02-16 11:43:25,705 INFO     [task] make[rope] 0.034027693162 0.837014925373
2017-02-16 11:43:25,706 INFO     
2017-02-16 11:43:25,706 INFO     [rollout0] [4, 4, 1, 2, 1, 3, 1, 3, 3, 2, 2, 3, 4, 0, 6, 3, 4, 5, 2, 4, 1, 4, 3, 2, 1, 5, 1, 4, 1, 4, 1, 0, 1, 2, 2, 3, 4, 1, 1, 4, 6]
2017-02-16 11:43:25,706 INFO     [rollout1] [0, 3, 4, 5, 0, 3, 4, 5, 4, 0, 4, 5, 5]
2017-02-16 11:43:25,706 INFO     [rollout2] [2, 4, 5, 0, 2, 0, 4, 0, 0, 3, 3, 0, 4, 5]
2017-02-16 11:43:25,706 INFO     [reward] 0.30714
2017-02-16 11:43:25,706 INFO     [error] [ -4.71545957e-05   8.50079772e-05]
2017-02-16 11:43:25,706 INFO     
2017-02-16 11:43:25,706 INFO     [min reward] 0.000109541023113
2017-02-16 11:43:25,706 INFO     
2017-02-16 11:43:25,706 INFO     [max steps] 100
2017-02-16 11:53:18,389 INFO     [step] 1824200
2017-02-16 11:53:18,389 INFO     [task] make[cloth] 0.0354821794803 0.814606741573
2017-02-16 11:53:18,389 INFO     [task] make[bed] 0.0658737089115 0.672509225092
2017-02-16 11:53:18,389 INFO     [task] make[stick] 0.0781493400148 0.602647287828
2017-02-16 11:53:18,389 INFO     [task] make[bridge] 0.0998899888201 0.587308003234
2017-02-16 11:53:18,389 INFO     [task] make[plank] 0.0361427735277 0.818970189702
2017-02-16 11:53:18,389 INFO     [task] make[axe] 0.133916705594 0.357602996255
2017-02-16 11:53:18,389 INFO     [task] get[gold] 0.189314552517 0.000105385182843
2017-02-16 11:53:18,389 INFO     [task] make[shears] 0.13936794448 0.28189533239
2017-02-16 11:53:18,389 INFO     [task] get[gem] 0.189417335364 0.000211819529761
2017-02-16 11:53:18,389 INFO     [task] make[rope] 0.0324454712907 0.835965978129
2017-02-16 11:53:18,389 INFO     
2017-02-16 11:53:18,389 INFO     [rollout0] [0, 3, 0, 0, 0, 0, 3, 0, 0, 3, 4, 5, 1, 2, 1, 2, 1, 4, 5, 2, 1, 4, 5, 2, 0, 4, 5]
2017-02-16 11:53:18,389 INFO     [rollout1] [2, 4, 4, 4, 4, 4, 4, 4, 4, 4, 4, 4, 4, 4, 6, 2, 5, 4, 1, 1, 4, 1, 3, 0, 5, 3, 0, 3, 1, 0, 2, 4, 1, 0, 2, 1, 3, 0, 3, 6, 5]
2017-02-16 11:53:18,389 INFO     [rollout2] [3, 4, 5, 0, 3, 4, 5, 0, 4, 1, 3, 4, 1, 0, 3, 0, 3, 4, 5, 2, 0, 2, 4, 5]
2017-02-16 11:53:18,389 INFO     [reward] 0.3227
2017-02-16 11:53:18,389 INFO     [error] [ -3.27491608e-05   5.75424436e-05]
2017-02-16 11:53:18,390 INFO     
2017-02-16 11:53:18,390 INFO     [min reward] 0.000105385182843
2017-02-16 11:53:18,390 INFO     
2017-02-16 11:53:18,390 INFO     [max steps] 100
2017-02-16 12:03:11,654 INFO     [step] 1874200
2017-02-16 12:03:11,655 INFO     [task] make[cloth] 0.0381018940769 0.833421470122
2017-02-16 12:03:11,655 INFO     [task] make[bed] 0.0658110615534 0.688335358445
2017-02-16 12:03:11,655 INFO     [task] make[stick] 0.0794342139339 0.634320735444
2017-02-16 12:03:11,655 INFO     [task] make[bridge] 0.0824253908124 0.640280803679
2017-02-16 12:03:11,655 INFO     [task] make[plank] 0.0372510170315 0.837780149413
2017-02-16 12:03:11,655 INFO     [task] make[axe] 0.127218112502 0.398506766216
2017-02-16 12:03:11,655 INFO     [task] get[gold] 0.196930528476 0.000101947191355
2017-02-16 12:03:11,655 INFO     [task] make[shears] 0.141981187813 0.388773676206
2017-02-16 12:03:11,655 INFO     [task] get[gem] 0.196909773664 0.000412754101744
2017-02-16 12:03:11,655 INFO     [task] make[rope] 0.0339368201365 0.834486735871
2017-02-16 12:03:11,655 INFO     
2017-02-16 12:03:11,655 INFO     [rollout0] [2, 0, 2, 0, 4, 5, 2, 2, 2, 4, 2, 2, 1, 2, 2, 2, 0, 4, 4, 4, 6, 1, 4, 4, 0, 2, 0, 0, 0, 0, 1, 2, 0, 0, 0, 6, 4, 4, 4, 4, 4, 4, 4, 4, 4, 4, 4, 4, 4, 4, 6]
2017-02-16 12:03:11,655 INFO     [rollout1] [3, 4, 5, 0, 4, 3, 0, 0, 3, 0, 4, 0, 4, 4, 5, 3, 4, 4, 0, 4, 5, 2, 5]
2017-02-16 12:03:11,655 INFO     [rollout2] [2, 0, 0, 0, 0, 4, 5, 0, 0, 2, 0, 0, 0, 0, 0, 0, 0, 0, 0, 0, 0, 6, 2, 0, 2, 2, 1, 3, 3, 2, 4, 1, 1, 3, 0, 3, 6, 0, 1, 0, 1, 2, 0, 2, 0, 2, 0, 2, 0, 4, 0, 6, 5]
2017-02-16 12:03:11,655 INFO     [reward] 0.34734
2017-02-16 12:03:11,655 INFO     [error] [ -3.30614172e-05   7.22659758e-05]
2017-02-16 12:03:11,656 INFO     
2017-02-16 12:03:11,656 INFO     [min reward] 0.000101947191355
2017-02-16 12:03:11,656 INFO     
2017-02-16 12:03:11,656 INFO     [max steps] 100
2017-02-16 12:13:10,144 INFO     [step] 1924200
2017-02-16 12:13:10,144 INFO     [task] make[cloth] 0.0364562047783 0.832069339112
2017-02-16 12:13:10,144 INFO     [task] make[bed] 0.0664105202969 0.714328627215
2017-02-16 12:13:10,144 INFO     [task] make[stick] 0.0775623186411 0.636224879166
2017-02-16 12:13:10,144 INFO     [task] make[bridge] 0.0763318096533 0.696683673469
2017-02-16 12:13:10,144 INFO     [task] make[plank] 0.0355563167516 0.840882002384
2017-02-16 12:13:10,144 INFO     [task] make[axe] 0.126248205638 0.460850111857
2017-02-16 12:13:10,144 INFO     [task] get[gold] 0.208502416708 9.61630926051e-05
2017-02-16 12:13:10,144 INFO     [task] make[shears] 0.12825768846 0.654285279342
2017-02-16 12:13:10,144 INFO     [task] get[gem] 0.208438247863 0.000488472059398
2017-02-16 12:13:10,144 INFO     [task] make[rope] 0.0362362712093 0.854961832061
2017-02-16 12:13:10,144 INFO     
2017-02-16 12:13:10,144 INFO     [rollout0] [1, 1, 4, 2, 0, 3, 5, 2, 4, 5, 3, 1, 3, 1, 3, 0, 3, 1, 3, 1, 5, 0, 4, 0, 2, 3, 2, 3, 4, 1, 1, 2, 1, 2, 1, 6]
2017-02-16 12:13:10,145 INFO     [rollout1] [1, 2, 4, 2, 4, 5, 0, 4, 5, 5, 1, 3, 1, 4, 4, 4, 4, 4, 4, 4, 4, 4, 4, 4, 6]
2017-02-16 12:13:10,145 INFO     [rollout2] [1, 4, 5, 2, 4, 5, 3, 3, 0, 3, 5, 1, 2, 0, 0, 2, 1, 2, 3, 3, 4, 1, 5]
2017-02-16 12:13:10,145 INFO     [reward] 0.38626
2017-02-16 12:13:10,145 INFO     [error] [ -1.32797968e-05   8.06520133e-05]
2017-02-16 12:13:10,145 INFO     
2017-02-16 12:13:10,145 INFO     [min reward] 9.61630926051e-05
2017-02-16 12:13:10,145 INFO     
2017-02-16 12:13:10,145 INFO     [max steps] 100
2017-02-16 12:23:04,510 INFO     [step] 1974200
2017-02-16 12:23:04,510 INFO     [task] make[cloth] 0.0403550533129 0.856290402785
2017-02-16 12:23:04,510 INFO     [task] make[bed] 0.067058897844 0.725894481504
2017-02-16 12:23:04,510 INFO     [task] make[stick] 0.0847729944519 0.628916221861
2017-02-16 12:23:04,510 INFO     [task] make[bridge] 0.0710608109801 0.724340998317
2017-02-16 12:23:04,510 INFO     [task] make[plank] 0.0383563224905 0.863661352391
2017-02-16 12:23:04,511 INFO     [task] make[axe] 0.124548365651 0.495873015873
2017-02-16 12:23:04,511 INFO     [task] get[gold] 0.229048343753 8.79739597079e-05
2017-02-16 12:23:04,511 INFO     [task] make[shears] 0.0806768571794 0.701448563712
2017-02-16 12:23:04,511 INFO     [task] get[gem] 0.228959367242 0.000347493701677
2017-02-16 12:23:04,511 INFO     [task] make[rope] 0.0351629870955 0.873424971363
2017-02-16 12:23:04,511 INFO     
2017-02-16 12:23:04,511 INFO     [rollout0] [1, 4, 5, 1, 1, 1, 1, 3, 1, 4, 1, 4, 5, 4, 3, 3, 4, 5, 1, 4, 4, 2, 1, 2, 4, 2, 0, 4, 5]
2017-02-16 12:23:04,511 INFO     [rollout1] [0, 1, 3, 4, 1, 3, 1, 4, 5, 2, 4, 5]
2017-02-16 12:23:04,511 INFO     [rollout2] [4, 5, 1, 2, 4, 5, 3, 3, 3, 1, 3, 4, 5]
2017-02-16 12:23:04,511 INFO     [reward] 0.36982
2017-02-16 12:23:04,511 INFO     [error] [  1.76485973e-05   7.64766712e-05]
2017-02-16 12:23:04,511 INFO     
2017-02-16 12:23:04,511 INFO     [min reward] 8.79739597079e-05
2017-02-16 12:23:04,511 INFO     
2017-02-16 12:23:04,511 INFO     [max steps] 100
2017-02-16 12:32:51,472 INFO     [step] 2024200
2017-02-16 12:32:51,472 INFO     [task] make[cloth] 0.0363404187975 0.8368
2017-02-16 12:32:51,472 INFO     [task] make[bed] 0.0671689582945 0.741729541497
2017-02-16 12:32:51,472 INFO     [task] make[stick] 0.0900968081719 0.677808094588
2017-02-16 12:32:51,472 INFO     [task] make[bridge] 0.0675362367899 0.745360511104
2017-02-16 12:32:51,472 INFO     [task] make[plank] 0.0345977599102 0.870151770658
2017-02-16 12:32:51,472 INFO     [task] make[axe] 0.121551225537 0.531596638655
2017-02-16 12:32:51,472 INFO     [task] get[gold] 0.238766001862 0.000499001996008
2017-02-16 12:32:51,472 INFO     [task] make[shears] 0.0729485251305 0.735532720389
2017-02-16 12:32:51,472 INFO     [task] get[gem] 0.238704645536 0.00175908862456
2017-02-16 12:32:51,472 INFO     [task] make[rope] 0.0322894199703 0.867912772586
2017-02-16 12:32:51,472 INFO     
2017-02-16 12:32:51,472 INFO     [rollout0] [2, 0, 2, 2, 4, 5, 3, 3, 1, 2, 0, 2, 4, 0, 2, 0, 2, 1, 2, 1, 6, 2, 2, 2, 2, 2, 2, 2, 2, 2, 2, 2, 2, 2, 2, 6, 5]
2017-02-16 12:32:51,472 INFO     [rollout1] [4, 5, 3, 4, 3, 3, 3, 3, 1, 3, 4, 5]
2017-02-16 12:32:51,473 INFO     [rollout2] [1, 3, 4, 5, 1, 3, 4, 3, 3, 3, 3, 3, 4, 3, 3, 3, 3, 3, 6]
2017-02-16 12:32:51,473 INFO     [reward] 0.36814
2017-02-16 12:32:51,473 INFO     [error] [ -2.24020417e-05   8.66499072e-05]
2017-02-16 12:32:51,473 INFO     
2017-02-16 12:32:51,473 INFO     [min reward] 0.000499001996008
2017-02-16 12:32:51,473 INFO     
2017-02-16 12:32:51,473 INFO     [max steps] 100
2017-02-16 12:42:46,069 INFO     [step] 2074200
2017-02-16 12:42:46,069 INFO     [task] make[cloth] 0.0423383907822 0.847426470588
2017-02-16 12:42:46,069 INFO     [task] make[bed] 0.0655781726756 0.733230293663
2017-02-16 12:42:46,069 INFO     [task] make[stick] 0.0812036414897 0.680913064594
2017-02-16 12:42:46,069 INFO     [task] make[bridge] 0.0646905894762 0.772685609533
2017-02-16 12:42:46,069 INFO     [task] make[plank] 0.0341856176911 0.84251036116
2017-02-16 12:42:46,069 INFO     [task] make[axe] 0.116944737091 0.565398732065
2017-02-16 12:42:46,069 INFO     [task] get[gold] 0.246770483537 0.000164921250103
2017-02-16 12:42:46,069 INFO     [task] make[shears] 0.067092973101 0.767441860465
2017-02-16 12:42:46,069 INFO     [task] get[gem] 0.246462457901 0.000819202097157
2017-02-16 12:42:46,069 INFO     [task] make[rope] 0.0347329362554 0.852764094143
2017-02-16 12:42:46,069 INFO     
2017-02-16 12:42:46,069 INFO     [rollout0] [3, 1, 3, 0, 0, 0, 4, 5, 3, 4, 5, 1, 4, 5, 2, 4, 2, 4, 0, 4, 0, 4, 5]
2017-02-16 12:42:46,070 INFO     [rollout1] [1, 4, 5, 2, 0, 4, 5, 3, 0, 3, 0, 4, 4, 4, 3, 4, 4, 1, 3, 0, 4, 6, 2, 1, 2, 4, 5]
2017-02-16 12:42:46,070 INFO     [rollout2] [1, 3, 1, 3, 0, 4, 5, 2, 1, 2, 1, 2, 1, 2, 1, 1, 2, 4, 5, 0, 0, 3, 0, 2, 0, 3, 0, 0, 2, 0, 0, 4, 0, 6, 2, 4, 5]
2017-02-16 12:42:46,070 INFO     [reward] 0.3701
2017-02-16 12:42:46,070 INFO     [error] [ -4.98759150e-05   8.00881710e-05]
2017-02-16 12:42:46,070 INFO     
2017-02-16 12:42:46,070 INFO     [min reward] 0.000164921250103
2017-02-16 12:42:46,070 INFO     
2017-02-16 12:42:46,070 INFO     [max steps] 100
2017-02-16 12:52:31,429 INFO     [step] 2124200
2017-02-16 12:52:31,430 INFO     [task] make[cloth] 0.0402744144424 0.85327991988
2017-02-16 12:52:31,430 INFO     [task] make[bed] 0.0685642853327 0.733831560793
2017-02-16 12:52:31,430 INFO     [task] make[stick] 0.0815248563039 0.677562054559
2017-02-16 12:52:31,430 INFO     [task] make[bridge] 0.0587900019728 0.772463272976
2017-02-16 12:52:31,430 INFO     [task] make[plank] 0.0414922844687 0.861418047882
2017-02-16 12:52:31,430 INFO     [task] make[axe] 0.110141274482 0.568566745584
2017-02-16 12:52:31,430 INFO     [task] get[gold] 0.250166903722 0.000558837617755
2017-02-16 12:52:31,430 INFO     [task] make[shears] 0.0600890383162 0.795439524124
2017-02-16 12:52:31,430 INFO     [task] get[gem] 0.25000481843 0.00105008077544
2017-02-16 12:52:31,430 INFO     [task] make[rope] 0.0389521225295 0.871702017589
2017-02-16 12:52:31,430 INFO     
2017-02-16 12:52:31,430 INFO     [rollout0] [4, 5, 2, 2, 2, 0, 4, 0, 4, 5]
2017-02-16 12:52:31,430 INFO     [rollout1] [0, 2, 4, 5, 1, 3, 1, 1, 1, 1, 4, 5, 0, 2, 4, 0, 2, 2, 4, 5, 2, 2, 2, 4, 5]
2017-02-16 12:52:31,430 INFO     [rollout2] [2, 0, 4, 5, 1, 3, 1, 0, 1, 4, 5, 0, 4, 0, 2, 0, 3, 3, 3, 3, 3, 3, 3, 3, 3, 6, 3, 3, 4, 1, 4, 0, 4, 2, 0, 3, 5]
2017-02-16 12:52:31,430 INFO     [reward] 0.3676
2017-02-16 12:52:31,430 INFO     [error] [ -4.47975730e-05   5.38582261e-05]
2017-02-16 12:52:31,431 INFO     
2017-02-16 12:52:31,431 INFO     [min reward] 0.000558837617755
2017-02-16 12:52:31,431 INFO     
2017-02-16 12:52:31,431 INFO     [max steps] 100
2017-02-16 13:02:23,826 INFO     [step] 2174200
2017-02-16 13:02:23,827 INFO     [task] make[cloth] 0.0395345666342 0.858463035019
2017-02-16 13:02:23,827 INFO     [task] make[bed] 0.0696668834888 0.763892887993
2017-02-16 13:02:23,827 INFO     [task] make[stick] 0.0838615581087 0.70358700921
2017-02-16 13:02:23,827 INFO     [task] make[bridge] 0.0599215592247 0.784979423868
2017-02-16 13:02:23,827 INFO     [task] make[plank] 0.0374816238107 0.862479696806
2017-02-16 13:02:23,827 INFO     [task] make[axe] 0.111356964582 0.587256130302
2017-02-16 13:02:23,827 INFO     [task] get[gold] 0.254643941395 0.000943470398616
2017-02-16 13:02:23,827 INFO     [task] make[shears] 0.0541255174454 0.803694313654
2017-02-16 13:02:23,827 INFO     [task] get[gem] 0.25452001927 0.00534381139489
2017-02-16 13:02:23,827 INFO     [task] make[rope] 0.0348873660402 0.868715083799
2017-02-16 13:02:23,827 INFO     
2017-02-16 13:02:23,827 INFO     [rollout0] [3, 4, 5, 1, 1, 1, 3, 3, 1, 4, 5]
2017-02-16 13:02:23,827 INFO     [rollout1] [2, 0, 0, 2, 0, 0, 2, 0, 2, 0, 0, 2, 4, 0, 6, 0, 0, 3, 0, 0, 2, 0, 3, 0, 2, 4, 4, 4, 4, 6, 0, 5, 4, 4, 3, 2, 4, 4, 4, 4, 4, 4, 4, 4, 4, 4, 6]
2017-02-16 13:02:23,827 INFO     [rollout2] [2, 2, 4, 5, 0, 3, 0, 0, 3, 4, 5, 1, 2, 4, 1, 2, 0, 0, 2, 0, 2, 2, 4, 5, 5, 3, 4, 0, 0, 2, 4, 1, 2, 5]
2017-02-16 13:02:23,827 INFO     [reward] 0.36676
2017-02-16 13:02:23,827 INFO     [error] [ -4.32436480e-05   5.74759292e-05]
2017-02-16 13:02:23,828 INFO     
2017-02-16 13:02:23,828 INFO     [min reward] 0.000943470398616
2017-02-16 13:02:23,828 INFO     
2017-02-16 13:02:23,828 INFO     [max steps] 100
2017-02-16 13:12:13,895 INFO     [step] 2224200
2017-02-16 13:12:13,896 INFO     [task] make[cloth] 0.0392517207827 0.854072963518
2017-02-16 13:12:13,896 INFO     [task] make[bed] 0.0637476647654 0.752718235477
2017-02-16 13:12:13,896 INFO     [task] make[stick] 0.0793683386773 0.714970966928
2017-02-16 13:12:13,896 INFO     [task] make[bridge] 0.0582857445101 0.795531482735
2017-02-16 13:12:13,896 INFO     [task] make[plank] 0.0382113087161 0.867738589212
2017-02-16 13:12:13,896 INFO     [task] make[axe] 0.109500835906 0.598466873517
2017-02-16 13:12:13,896 INFO     [task] get[gold] 0.261369924883 0.00437989857077
2017-02-16 13:12:13,896 INFO     [task] make[shears] 0.0534381376674 0.826510721248
2017-02-16 13:12:13,896 INFO     [task] get[gem] 0.260230130667 0.0144528561597
2017-02-16 13:12:13,896 INFO     [task] make[rope] 0.0365961934255 0.860155382908
2017-02-16 13:12:13,896 INFO     
2017-02-16 13:12:13,896 INFO     [rollout0] [4, 5, 3, 3, 4, 5, 1, 3, 3, 1, 1, 1, 1, 1, 1, 4, 5, 0, 4, 0, 0, 4, 2, 2, 5]
2017-02-16 13:12:13,896 INFO     [rollout1] [4, 4, 0, 4, 5, 2, 2, 1, 4, 1, 4, 5, 5, 3, 4, 3, 3, 4, 3, 0, 0, 3, 4, 5]
2017-02-16 13:12:13,896 INFO     [rollout2] [3, 0, 2, 1, 2, 3, 0, 3, 5, 1, 3, 1, 4, 1, 1, 4, 1, 2, 1, 4, 4, 4, 4, 6]
2017-02-16 13:12:13,896 INFO     [reward] 0.36364
2017-02-16 13:12:13,896 INFO     [error] [ -4.31743459e-05   7.50705135e-05]
2017-02-16 13:12:13,897 INFO     
2017-02-16 13:12:13,897 INFO     [min reward] 0.00437989857077
2017-02-16 13:12:13,897 INFO     
2017-02-16 13:12:13,897 INFO     [max steps] 100
2017-02-16 13:22:17,410 INFO     [step] 2274200
2017-02-16 13:22:17,410 INFO     [task] make[cloth] 0.0409149707257 0.851994233542
2017-02-16 13:22:17,410 INFO     [task] make[bed] 0.0675102669892 0.75374475734
2017-02-16 13:22:17,410 INFO     [task] make[stick] 0.0774150815904 0.713996456593
2017-02-16 13:22:17,410 INFO     [task] make[bridge] 0.0562761487902 0.796302879488
2017-02-16 13:22:17,410 INFO     [task] make[plank] 0.0373291354029 0.86215932914
2017-02-16 13:22:17,411 INFO     [task] make[axe] 0.107985543768 0.606241823958
2017-02-16 13:22:17,411 INFO     [task] get[gold] 0.26387288529 0.0238900157764
2017-02-16 13:22:17,411 INFO     [task] make[shears] 0.048147252959 0.809844341607
2017-02-16 13:22:17,411 INFO     [task] get[gem] 0.261229759542 0.0269956683168
2017-02-16 13:22:17,411 INFO     [task] make[rope] 0.0393189549424 0.88877445932
2017-02-16 13:22:17,411 INFO     
2017-02-16 13:22:17,411 INFO     [rollout0] [2, 0, 0, 4, 5, 2, 0, 5, 1, 2, 1, 2, 4, 5, 3, 1, 2, 0, 3, 1, 2, 0, 3, 1, 2, 1, 4, 1, 6, 5]
2017-02-16 13:22:17,411 INFO     [rollout1] [4, 5, 3, 0, 3, 4, 5, 2, 0, 2, 0, 3, 2, 4, 5, 2, 2, 2, 1, 2, 4, 5]
2017-02-16 13:22:17,411 INFO     [rollout2] [3, 4, 5, 0, 0, 0, 3, 0, 3, 0, 3, 4, 5, 0, 2, 4, 5, 4, 4, 4, 4, 1, 0, 3, 4, 3, 1, 1, 1, 1, 1, 6, 3, 4, 2, 2, 2, 2, 2, 3, 2, 2, 2, 2, 4, 2, 6]
2017-02-16 13:22:17,411 INFO     [reward] 0.37114
2017-02-16 13:22:17,411 INFO     [error] [ -9.94622076e-06   5.26974850e-05]
2017-02-16 13:22:17,411 INFO     
2017-02-16 13:22:17,411 INFO     [min reward] 0.0238900157764
2017-02-16 13:22:17,411 INFO     
2017-02-16 13:22:17,411 INFO     [max steps] 100
2017-02-16 13:32:22,470 INFO     [step] 2324200
2017-02-16 13:32:22,470 INFO     [task] make[cloth] 0.0419552351302 0.873417721519
2017-02-16 13:32:22,470 INFO     [task] make[bed] 0.0680433961376 0.74623338257
2017-02-16 13:32:22,470 INFO     [task] make[stick] 0.0785977533691 0.717754172989
2017-02-16 13:32:22,470 INFO     [task] make[bridge] 0.0567429476701 0.796639231824
2017-02-16 13:32:22,470 INFO     [task] make[plank] 0.0392560996142 0.85931372549
2017-02-16 13:32:22,470 INFO     [task] make[axe] 0.107209816396 0.619702176403
2017-02-16 13:32:22,470 INFO     [task] get[gold] 0.261841559202 0.0956282061098
2017-02-16 13:32:22,470 INFO     [task] make[shears] 0.0531472863221 0.825217063043
2017-02-16 13:32:22,470 INFO     [task] get[gem] 0.261016915991 0.0470389948671
2017-02-16 13:32:22,470 INFO     [task] make[rope] 0.0321889901679 0.872056015277
2017-02-16 13:32:22,470 INFO     
2017-02-16 13:32:22,471 INFO     [rollout0] [2, 0, 4, 5, 2, 4, 2, 4, 5]
2017-02-16 13:32:22,471 INFO     [rollout1] [1, 2, 4, 5, 0, 0, 0, 0, 4, 5, 2, 3, 2, 0, 2, 1, 2, 1, 2, 2, 1, 1, 2, 4, 6, 0, 3, 4, 0, 0, 4, 0, 4, 0, 4, 4, 3, 4, 4, 6]
2017-02-16 13:32:22,471 INFO     [rollout2] [0, 0, 2, 3, 0, 2, 4, 2, 0, 2, 3, 4, 5, 2, 1, 1, 4, 1, 1, 1, 1, 1, 1, 1, 2, 1, 1, 6, 2, 2, 3, 3, 2, 1, 3, 3, 2, 0, 2, 3, 2, 0, 6, 5, 2, 4, 4, 2, 2, 2, 4, 4, 5]
2017-02-16 13:32:22,471 INFO     [reward] 0.39936
2017-02-16 13:32:22,471 INFO     [error] [ -1.47213705e-06   5.43155835e-05]
2017-02-16 13:32:22,471 INFO     
2017-02-16 13:32:22,471 INFO     [min reward] 0.0470389948671
2017-02-16 13:32:22,471 INFO     
2017-02-16 13:32:22,471 INFO     [max steps] 100
2017-02-16 13:42:17,948 INFO     [step] 2374200
2017-02-16 13:42:17,949 INFO     [task] make[cloth] 0.0374505907117 0.882702702703
2017-02-16 13:42:17,949 INFO     [task] make[bed] 0.072324284985 0.753428414701
2017-02-16 13:42:17,949 INFO     [task] make[stick] 0.0801332279435 0.721336370539
2017-02-16 13:42:17,949 INFO     [task] make[bridge] 0.058503100781 0.802709274053
2017-02-16 13:42:17,949 INFO     [task] make[plank] 0.0413178785366 0.851299326275
2017-02-16 13:42:17,949 INFO     [task] make[axe] 0.107018891541 0.634957463264
2017-02-16 13:42:17,949 INFO     [task] get[gold] 0.250718938006 0.18223522898
2017-02-16 13:42:17,949 INFO     [task] make[shears] 0.0506671159645 0.818891491023
2017-02-16 13:42:17,949 INFO     [task] get[gem] 0.26404200366 0.0740629909479
2017-02-16 13:42:17,949 INFO     [task] make[rope] 0.0378239678709 0.887688984881
2017-02-16 13:42:17,949 INFO     
2017-02-16 13:42:17,949 INFO     [rollout0] [3, 0, 4, 3, 4, 3, 0, 3, 4, 0, 4, 5, 2, 4, 1, 1, 2, 4, 5, 0, 0, 2, 4, 5, 0, 4, 0, 4, 0, 5]
2017-02-16 13:42:17,949 INFO     [rollout1] [2, 0, 4, 5, 2, 0, 4, 5, 4, 4, 4, 2, 4, 0, 4, 4, 4, 3, 0, 3, 4, 5, 1, 2, 0, 3, 1, 2, 0, 3, 4, 1, 2, 0, 3, 1, 6, 0, 5]
2017-02-16 13:42:17,949 INFO     [rollout2] [3, 3, 1, 4, 5, 2, 1, 2, 1, 3, 4, 5, 3, 0, 3, 1, 4, 3, 0, 3, 4, 5, 1, 4, 1, 1, 4, 5, 2, 0, 0, 0, 2, 0, 0, 4, 4, 4, 4, 4, 0, 4, 6]
2017-02-16 13:42:17,949 INFO     [reward] 0.4326
2017-02-16 13:42:17,949 INFO     [error] [ -4.39191080e-05   7.32517909e-05]
2017-02-16 13:42:17,950 INFO     
2017-02-16 13:42:17,950 INFO     [min reward] 0.0740629909479
2017-02-16 13:42:17,950 INFO     
2017-02-16 13:42:17,950 INFO     [max steps] 100
2017-02-16 13:52:06,372 INFO     [step] 2424200
2017-02-16 13:52:06,372 INFO     [task] make[cloth] 0.0364676838257 0.880213903743
2017-02-16 13:52:06,372 INFO     [task] make[bed] 0.0735017290233 0.774569536424
2017-02-16 13:52:06,372 INFO     [task] make[stick] 0.082695345421 0.718682375571
2017-02-16 13:52:06,372 INFO     [task] make[bridge] 0.0593839210597 0.821745057941
2017-02-16 13:52:06,372 INFO     [task] make[plank] 0.0454640131032 0.877341659233
2017-02-16 13:52:06,372 INFO     [task] make[axe] 0.107440872204 0.640432391428
2017-02-16 13:52:06,372 INFO     [task] get[gold] 0.237135152061 0.316037339164
2017-02-16 13:52:06,372 INFO     [task] make[shears] 0.0547480962264 0.815731166913
2017-02-16 13:52:06,372 INFO     [task] get[gem] 0.268123955901 0.126613444751
2017-02-16 13:52:06,372 INFO     [task] make[rope] 0.0350392311734 0.89340974212
2017-02-16 13:52:06,372 INFO     
2017-02-16 13:52:06,372 INFO     [rollout0] [2, 2, 2, 2, 2, 2, 2, 2, 4, 4, 4, 2, 4, 4, 6, 4, 4, 4, 4, 4, 4, 4, 4, 4, 4, 4, 4, 4, 4, 6, 1, 4, 2, 1, 2, 2, 1, 2, 0, 4, 4, 2, 1, 2, 6, 1, 2, 2, 1, 4, 5, 0, 3, 2, 2, 4, 0, 0, 2, 3, 3, 3, 3, 3, 0, 6]
2017-02-16 13:52:06,372 INFO     [rollout1] [0, 0, 2, 0, 4, 5, 3, 0, 4, 5]
2017-02-16 13:52:06,372 INFO     [rollout2] [2, 4, 5, 0, 2, 2, 2, 2, 0, 4, 5, 3, 0, 4, 5, 3, 4, 4, 0, 4, 5]
2017-02-16 13:52:06,372 INFO     [reward] 0.49074
2017-02-16 13:52:06,372 INFO     [error] [ -7.57224825e-05   9.09096369e-05]
2017-02-16 13:52:06,373 INFO     
2017-02-16 13:52:06,373 INFO     [min reward] 0.126613444751
2017-02-16 13:52:06,373 INFO     
2017-02-16 13:52:06,373 INFO     [max steps] 100
2017-02-16 14:01:52,807 INFO     [step] 2474200
2017-02-16 14:01:52,807 INFO     [task] make[cloth] 0.0401165795692 0.887136520453
2017-02-16 14:01:52,807 INFO     [task] make[bed] 0.0727710070452 0.774702463327
2017-02-16 14:01:52,807 INFO     [task] make[stick] 0.0900455980832 0.726423487544
2017-02-16 14:01:52,808 INFO     [task] make[bridge] 0.058189163402 0.834984625897
2017-02-16 14:01:52,808 INFO     [task] make[plank] 0.0410043836466 0.884171907757
2017-02-16 14:01:52,808 INFO     [task] make[axe] 0.114232485629 0.651824690065
2017-02-16 14:01:52,808 INFO     [task] get[gold] 0.214502239488 0.459530270422
2017-02-16 14:01:52,808 INFO     [task] make[shears] 0.0600480430889 0.840984697272
2017-02-16 14:01:52,808 INFO     [task] get[gem] 0.273052723336 0.229303976244
2017-02-16 14:01:52,808 INFO     [task] make[rope] 0.036037776712 0.890555555556
2017-02-16 14:01:52,808 INFO     
2017-02-16 14:01:52,808 INFO     [rollout0] [3, 3, 1, 1, 1, 4, 5, 1, 3, 4, 5, 0, 2, 4, 0, 2, 0, 3, 2, 4, 5, 3, 0, 3, 4, 3, 0, 3, 0, 2, 3, 1, 3, 4, 3, 6, 0, 2, 2, 2, 2, 2, 0, 2, 2, 2, 4, 2, 0, 2, 6]
2017-02-16 14:01:52,808 INFO     [rollout1] [1, 3, 0, 3, 3, 1, 1, 4, 5, 2, 1, 4, 5]
2017-02-16 14:01:52,808 INFO     [rollout2] [1, 4, 5, 2, 4, 2, 2, 4, 2, 2, 0, 4, 5]
2017-02-16 14:01:52,808 INFO     [reward] 0.55874
2017-02-16 14:01:52,808 INFO     [error] [ -4.13785767e-05   7.62303622e-05]
2017-02-16 14:01:52,808 INFO     
2017-02-16 14:01:52,808 INFO     [min reward] 0.229303976244
2017-02-16 14:01:52,809 INFO     
2017-02-16 14:01:52,809 INFO     [max steps] 100
2017-02-16 14:11:22,236 INFO     [step] 2524200
2017-02-16 14:11:22,236 INFO     [task] make[cloth] 0.0420710330809 0.896807033781
2017-02-16 14:11:22,236 INFO     [task] make[bed] 0.0805708131152 0.785953177258
2017-02-16 14:11:22,237 INFO     [task] make[stick] 0.0971025473193 0.749595796281
2017-02-16 14:11:22,237 INFO     [task] make[bridge] 0.0599289359274 0.818606202067
2017-02-16 14:11:22,237 INFO     [task] make[plank] 0.043086178666 0.884912959381
2017-02-16 14:11:22,237 INFO     [task] make[axe] 0.122646740664 0.665748541802
2017-02-16 14:11:22,237 INFO     [task] get[gold] 0.1884923843 0.517555956296
2017-02-16 14:11:22,237 INFO     [task] make[shears] 0.0578743856066 0.856264936839
2017-02-16 14:11:22,237 INFO     [task] get[gem] 0.26732669759 0.300867095231
2017-02-16 14:11:22,237 INFO     [task] make[rope] 0.0409002837304 0.892171344165
2017-02-16 14:11:22,237 INFO     
2017-02-16 14:11:22,237 INFO     [rollout0] [0, 4, 4, 0, 3, 4, 5, 0, 2, 0, 4, 5, 3, 3, 4, 5, 0, 0, 4, 0, 4, 5]
2017-02-16 14:11:22,237 INFO     [rollout1] [0, 3, 4, 5, 0, 3, 4, 3, 3, 3, 0, 4, 0, 4, 4, 5]
2017-02-16 14:11:22,237 INFO     [rollout2] [1, 3, 3, 4, 5, 2, 2, 0, 1, 2, 2, 4, 2, 2, 4, 5]
2017-02-16 14:11:22,237 INFO     [reward] 0.6064
2017-02-16 14:11:22,237 INFO     [error] [ -3.54492421e-05   7.98912594e-05]
2017-02-16 14:11:22,237 INFO     
2017-02-16 14:11:22,238 INFO     [min reward] 0.300867095231
2017-02-16 14:11:22,238 INFO     
2017-02-16 14:11:22,238 INFO     [max steps] 100
2017-02-16 14:20:45,926 INFO     [step] 2574200
2017-02-16 14:20:45,927 INFO     [task] make[cloth] 0.041439598584 0.896601941748
2017-02-16 14:20:45,927 INFO     [task] make[bed] 0.0820228562655 0.79984951091
2017-02-16 14:20:45,927 INFO     [task] make[stick] 0.0953331821942 0.757494314658
2017-02-16 14:20:45,927 INFO     [task] make[bridge] 0.0700686837946 0.847409103922
2017-02-16 14:20:45,927 INFO     [task] make[plank] 0.0457939828281 0.893899204244
2017-02-16 14:20:45,927 INFO     [task] make[axe] 0.126029405503 0.68436716792
2017-02-16 14:20:45,927 INFO     [task] get[gold] 0.180282257615 0.530193905817
2017-02-16 14:20:45,927 INFO     [task] make[shears] 0.0562819362234 0.852264557872
2017-02-16 14:20:45,927 INFO     [task] get[gem] 0.259611386624 0.359300354446
2017-02-16 14:20:45,927 INFO     [task] make[rope] 0.0431367103678 0.89552919708
2017-02-16 14:20:45,927 INFO     
2017-02-16 14:20:45,927 INFO     [rollout0] [0, 3, 1, 4, 5, 3, 4, 5]
2017-02-16 14:20:45,927 INFO     [rollout1] [3, 1, 1, 4, 5, 1, 2, 1, 2, 1, 4, 5, 3, 0, 0, 4, 5, 1, 2, 1, 2, 1, 4, 5]
2017-02-16 14:20:45,927 INFO     [rollout2] [2, 4, 5, 3, 3, 4, 3, 3, 4, 5]
2017-02-16 14:20:45,927 INFO     [reward] 0.63666
2017-02-16 14:20:45,927 INFO     [error] [ -3.75808255e-05   8.68518135e-05]
2017-02-16 14:20:45,928 INFO     
2017-02-16 14:20:45,928 INFO     [min reward] 0.359300354446
2017-02-16 14:20:45,928 INFO     
2017-02-16 14:20:45,928 INFO     [max steps] 100
2017-02-16 14:30:04,819 INFO     [step] 2624200
2017-02-16 14:30:04,819 INFO     [task] make[cloth] 0.043900145061 0.890661661192
2017-02-16 14:30:04,819 INFO     [task] make[bed] 0.0813562163043 0.799307958478
2017-02-16 14:30:04,819 INFO     [task] make[stick] 0.0977533159393 0.768541157294
2017-02-16 14:30:04,819 INFO     [task] make[bridge] 0.0629443222699 0.831629392971
2017-02-16 14:30:04,819 INFO     [task] make[plank] 0.0449464642864 0.895888013998
2017-02-16 14:30:04,819 INFO     [task] make[axe] 0.126063257037 0.684481146775
2017-02-16 14:30:04,819 INFO     [task] get[gold] 0.185748834331 0.558211835334
2017-02-16 14:30:04,819 INFO     [task] make[shears] 0.0610646151918 0.864552362075
2017-02-16 14:30:04,819 INFO     [task] get[gem] 0.25190738952 0.402775562291
2017-02-16 14:30:04,819 INFO     [task] make[rope] 0.0443154400602 0.902650822669
2017-02-16 14:30:04,820 INFO     
2017-02-16 14:30:04,820 INFO     [rollout0] [3, 4, 5, 2, 4, 5]
2017-02-16 14:30:04,820 INFO     [rollout1] [0, 0, 2, 4, 5, 3, 0, 4, 5, 3, 3, 3, 4, 1, 3, 0, 3, 4, 5, 0, 4, 5, 3, 3, 3, 0, 4, 0, 4, 5]
2017-02-16 14:30:04,820 INFO     [rollout2] [0, 0, 2, 4, 5, 1, 3, 4, 5, 1, 3, 4, 3, 4, 1, 4, 5, 2, 2, 2, 2, 4, 5, 0, 4, 0, 4, 0, 3, 0, 4, 0, 4, 5]
2017-02-16 14:30:04,820 INFO     [reward] 0.65594
2017-02-16 14:30:04,820 INFO     [error] [  5.01940499e-06   8.13575023e-05]
2017-02-16 14:30:04,820 INFO     
2017-02-16 14:30:04,820 INFO     [min reward] 0.402775562291
2017-02-16 14:30:04,820 INFO     
2017-02-16 14:30:04,820 INFO     [max steps] 100
2017-02-16 14:39:17,649 INFO     [step] 2674200
2017-02-16 14:39:17,649 INFO     [task] make[cloth] 0.0477105243917 0.896421052632
2017-02-16 14:39:17,649 INFO     [task] make[bed] 0.0842330125138 0.798969072165
2017-02-16 14:39:17,650 INFO     [task] make[stick] 0.096533336391 0.766166040884
2017-02-16 14:39:17,650 INFO     [task] make[bridge] 0.0713111585296 0.858372674257
2017-02-16 14:39:17,650 INFO     [task] make[plank] 0.0456210698582 0.899293286219
2017-02-16 14:39:17,650 INFO     [task] make[axe] 0.130139864036 0.694834963325
2017-02-16 14:39:17,650 INFO     [task] get[gold] 0.180621336491 0.619805481874
2017-02-16 14:39:17,650 INFO     [task] make[shears] 0.0581488157641 0.871032408954
2017-02-16 14:39:17,650 INFO     [task] get[gem] 0.242763529608 0.421308503626
2017-02-16 14:39:17,650 INFO     [task] make[rope] 0.0429173524169 0.912022109627
2017-02-16 14:39:17,650 INFO     
2017-02-16 14:39:17,650 INFO     [rollout0] [0, 0, 4, 4, 0, 3, 3, 4, 5, 1, 2, 1, 1, 1, 3, 4, 5]
2017-02-16 14:39:17,650 INFO     [rollout1] [2, 1, 2, 4, 5, 3, 0, 4, 5, 2, 0, 0, 0, 4, 2, 0, 2, 0, 4, 5, 3, 3, 3, 0, 4, 0, 4, 5]
2017-02-16 14:39:17,650 INFO     [rollout2] [3, 1, 3, 1, 3, 4, 5, 3, 3, 1, 1, 3, 4, 5]
2017-02-16 14:39:17,650 INFO     [reward] 0.68078
2017-02-16 14:39:17,650 INFO     [error] [ -1.82174908e-06   7.79252404e-05]
2017-02-16 14:39:17,650 INFO     
2017-02-16 14:39:17,651 INFO     [min reward] 0.421308503626
2017-02-16 14:39:17,651 INFO     
2017-02-16 14:39:17,651 INFO     [max steps] 100
2017-02-16 14:48:24,414 INFO     [step] 2724200
2017-02-16 14:48:24,414 INFO     [task] make[cloth] 0.0480905149361 0.898728813559
2017-02-16 14:48:24,414 INFO     [task] make[bed] 0.0893527033149 0.80725319006
2017-02-16 14:48:24,414 INFO     [task] make[stick] 0.103241850048 0.786238886741
2017-02-16 14:48:24,414 INFO     [task] make[bridge] 0.0642005965217 0.867037724181
2017-02-16 14:48:24,414 INFO     [task] make[plank] 0.0468743811768 0.897335080821
2017-02-16 14:48:24,414 INFO     [task] make[axe] 0.133444174776 0.699403874814
2017-02-16 14:48:24,414 INFO     [task] get[gold] 0.165212442417 0.649758454106
2017-02-16 14:48:24,414 INFO     [task] make[shears] 0.058840332365 0.884371876041
2017-02-16 14:48:24,414 INFO     [task] get[gem] 0.249258140308 0.443313953488
2017-02-16 14:48:24,414 INFO     [task] make[rope] 0.0414848641369 0.908138981437
2017-02-16 14:48:24,415 INFO     
2017-02-16 14:48:24,415 INFO     [rollout0] [1, 2, 2, 1, 2, 4, 2, 4, 5, 3, 3, 3, 0, 3, 4, 5, 5, 5]
2017-02-16 14:48:24,415 INFO     [rollout1] [2, 4, 5, 0, 2, 4, 2, 2, 2, 2, 0, 4, 5, 3, 4, 5, 0, 4, 0, 4, 2, 0, 3, 0, 0, 2, 0, 4, 4, 0, 6]
2017-02-16 14:48:24,415 INFO     [rollout2] [4, 1, 2, 4, 1, 2, 1, 4, 5, 2, 4, 5, 0, 2, 4, 5, 0, 3, 0, 4, 0, 4, 0, 4, 5]
2017-02-16 14:48:24,415 INFO     [reward] 0.69556
2017-02-16 14:48:24,415 INFO     [error] [ -4.65123748e-05   9.53180701e-05]
2017-02-16 14:48:24,415 INFO     
2017-02-16 14:48:24,415 INFO     [min reward] 0.443313953488
2017-02-16 14:48:24,415 INFO     
2017-02-16 14:48:24,415 INFO     [max steps] 100
2017-02-16 14:57:28,349 INFO     [step] 2774200
2017-02-16 14:57:28,349 INFO     [task] make[cloth] 0.0492695015068 0.917302288238
2017-02-16 14:57:28,349 INFO     [task] make[bed] 0.0897737732234 0.817124039517
2017-02-16 14:57:28,349 INFO     [task] make[stick] 0.0990786461394 0.778672032193
2017-02-16 14:57:28,349 INFO     [task] make[bridge] 0.0633019228896 0.877741935484
2017-02-16 14:57:28,349 INFO     [task] make[plank] 0.0498866290798 0.904583333333
2017-02-16 14:57:28,349 INFO     [task] make[axe] 0.137528112599 0.707207857865
2017-02-16 14:57:28,349 INFO     [task] get[gold] 0.159510489247 0.670174120005
2017-02-16 14:57:28,349 INFO     [task] make[shears] 0.0556265754026 0.888485288776
2017-02-16 14:57:28,350 INFO     [task] get[gem] 0.250921554048 0.476793248945
2017-02-16 14:57:28,350 INFO     [task] make[rope] 0.0451027958638 0.918286219081
2017-02-16 14:57:28,350 INFO     
2017-02-16 14:57:28,350 INFO     [rollout0] [0, 0, 0, 0, 0, 0, 0, 0, 0, 0, 0, 0, 0, 2, 6, 1, 5, 3, 4, 5, 2, 4, 2, 1, 4, 4, 4, 4, 4, 4, 4, 4, 4, 4, 6, 3, 0, 4, 4, 0, 4, 4, 4, 4, 0, 0, 0, 4, 4, 6]
2017-02-16 14:57:28,350 INFO     [rollout1] [1, 2, 4, 1, 2, 2, 0, 4, 5, 2, 1, 2, 4, 2, 1, 4, 1, 4, 5, 2, 4, 5, 3, 3, 3, 3, 1, 3, 4, 5, 0, 0, 0, 0, 4, 0, 4, 5]
2017-02-16 14:57:28,350 INFO     [rollout2] [3, 4, 3, 4, 5, 5, 2, 0, 2, 4, 2, 4, 5, 0, 0, 0, 4, 0, 4, 5]
2017-02-16 14:57:28,350 INFO     [reward] 0.71058
2017-02-16 14:57:28,350 INFO     [error] [ -3.60048415e-05   8.46703810e-05]
2017-02-16 14:57:28,350 INFO     
2017-02-16 14:57:28,350 INFO     [min reward] 0.476793248945
2017-02-16 14:57:28,350 INFO     
2017-02-16 14:57:28,350 INFO     [max steps] 100
2017-02-16 15:06:28,660 INFO     [step] 2824200
2017-02-16 15:06:28,661 INFO     [task] make[cloth] 0.0432433430576 0.907764705882
2017-02-16 15:06:28,661 INFO     [task] make[bed] 0.0899763453505 0.810424455685
2017-02-16 15:06:28,661 INFO     [task] make[stick] 0.10791414891 0.796390298928
2017-02-16 15:06:28,661 INFO     [task] make[bridge] 0.061698188092 0.864961139896
2017-02-16 15:06:28,661 INFO     [task] make[plank] 0.0491767163826 0.910923014913
2017-02-16 15:06:28,661 INFO     [task] make[axe] 0.141252078704 0.723767201835
2017-02-16 15:06:28,661 INFO     [task] get[gold] 0.158528261692 0.664786660128
2017-02-16 15:06:28,661 INFO     [task] make[shears] 0.0566864299464 0.889165186501
2017-02-16 15:06:28,661 INFO     [task] get[gem] 0.248740147067 0.502101179893
2017-02-16 15:06:28,661 INFO     [task] make[rope] 0.0427843407996 0.914110429448
2017-02-16 15:06:28,661 INFO     
2017-02-16 15:06:28,661 INFO     [rollout0] [1, 4, 5, 3, 1, 4, 5, 2, 0, 4, 0, 0, 0, 2, 4, 5, 2, 2, 2, 2, 4, 2, 2, 2, 2, 2, 3, 2, 2, 2, 6]
2017-02-16 15:06:28,661 INFO     [rollout1] [4, 4, 2, 4, 5, 1, 2, 1, 4, 5, 1, 1, 2, 1, 2, 2, 4, 5, 3, 4, 5]
2017-02-16 15:06:28,661 INFO     [rollout2] [1, 3, 4, 5, 3, 3, 2, 3, 2, 3, 0, 3, 3, 3, 3, 2, 3, 2, 6, 0, 3, 1, 3, 4, 5, 3, 0, 4, 0, 0, 4, 5, 3, 3, 2, 3, 3, 3, 3, 3, 3, 3, 3, 3, 3, 3, 6]
2017-02-16 15:06:28,661 INFO     [reward] 0.7181
2017-02-16 15:06:28,661 INFO     [error] [ -1.55045558e-05   9.87481109e-05]
2017-02-16 15:06:28,662 INFO     
2017-02-16 15:06:28,662 INFO     [min reward] 0.502101179893
2017-02-16 15:06:28,662 INFO     
2017-02-16 15:06:28,662 INFO     [max steps] 100
2017-02-16 15:15:26,093 INFO     [step] 2874200
2017-02-16 15:15:26,093 INFO     [task] make[cloth] 0.0483243606397 0.908896492729
2017-02-16 15:15:26,093 INFO     [task] make[bed] 0.0943349423658 0.816317903192
2017-02-16 15:15:26,093 INFO     [task] make[stick] 0.100968577631 0.797741872688
2017-02-16 15:15:26,093 INFO     [task] make[bridge] 0.0685566588614 0.879384088965
2017-02-16 15:15:26,094 INFO     [task] make[plank] 0.0468314978672 0.900628930818
2017-02-16 15:15:26,094 INFO     [task] make[axe] 0.135295908178 0.720877458396
2017-02-16 15:15:26,094 INFO     [task] get[gold] 0.163174704759 0.687515240185
2017-02-16 15:15:26,094 INFO     [task] make[shears] 0.0571159417671 0.898585719214
2017-02-16 15:15:26,094 INFO     [task] get[gem] 0.240072530364 0.518933377915
2017-02-16 15:15:26,094 INFO     [task] make[rope] 0.0453248775674 0.91157989228
2017-02-16 15:15:26,094 INFO     
2017-02-16 15:15:26,094 INFO     [rollout0] [1, 3, 3, 3, 3, 3, 3, 3, 3, 3, 3, 3, 3, 3, 6, 2, 2, 0, 1, 2, 2, 4, 2, 4, 0, 1, 2, 3, 4, 6, 5, 3, 3, 4, 4, 4, 4, 4, 4, 4, 4, 4, 4, 4, 4, 6, 0, 0, 0, 2, 0, 4, 4, 4, 4, 4, 4, 4, 4, 4, 6]
2017-02-16 15:15:26,094 INFO     [rollout1] [2, 3, 2, 1, 1, 4, 5, 3, 0, 0, 4, 5, 3, 3, 4, 5, 0, 2, 0, 2, 2, 0, 4, 0, 1, 0, 4, 5]
2017-02-16 15:15:26,094 INFO     [rollout2] [1, 3, 1, 3, 3, 1, 4, 5, 2, 1, 2, 2, 1, 4, 5, 3, 4, 1, 3, 4, 4, 2, 3, 4, 2, 1, 4, 3, 4, 6, 2, 0, 2, 4, 5, 3, 3, 4, 3, 4, 3, 3, 4, 4, 4, 3, 4, 4, 4, 6]
2017-02-16 15:15:26,094 INFO     [reward] 0.7313
2017-02-16 15:15:26,094 INFO     [error] [ -2.13636712e-05   8.58912552e-05]
2017-02-16 15:15:26,094 INFO     
2017-02-16 15:15:26,094 INFO     [min reward] 0.518933377915
2017-02-16 15:15:26,095 INFO     
2017-02-16 15:15:26,095 INFO     [max steps] 100
2017-02-16 15:24:15,105 INFO     [step] 2924200
2017-02-16 15:24:15,105 INFO     [task] make[cloth] 0.0490903576537 0.915330867242
2017-02-16 15:24:15,105 INFO     [task] make[bed] 0.0940414794705 0.826658053402
2017-02-16 15:24:15,105 INFO     [task] make[stick] 0.103060988346 0.801566080978
2017-02-16 15:24:15,105 INFO     [task] make[bridge] 0.0634199738569 0.892649903288
2017-02-16 15:24:15,106 INFO     [task] make[plank] 0.0531046355171 0.909421607857
2017-02-16 15:24:15,106 INFO     [task] make[axe] 0.140382162362 0.730758466275
2017-02-16 15:24:15,106 INFO     [task] get[gold] 0.156581038823 0.710815648172
2017-02-16 15:24:15,106 INFO     [task] make[shears] 0.0540967078112 0.895721925134
2017-02-16 15:24:15,106 INFO     [task] get[gem] 0.238435211207 0.5468472281
2017-02-16 15:24:15,106 INFO     [task] make[rope] 0.0477874449531 0.916221765914
2017-02-16 15:24:15,106 INFO     
2017-02-16 15:24:15,106 INFO     [rollout0] [2, 1, 2, 2, 1, 2, 2, 0, 4, 5, 0, 2, 4, 5, 3, 0, 3, 3, 3, 3, 4, 3, 3, 3, 1, 0, 3, 3, 6]
2017-02-16 15:24:15,106 INFO     [rollout1] [2, 0, 2, 4, 5, 1, 2, 1, 4, 5, 0, 2, 4, 0, 4, 5, 0, 4, 0, 0, 4, 5]
2017-02-16 15:24:15,106 INFO     [rollout2] [4, 1, 4, 5, 3, 3, 3, 4, 5, 1, 3, 4, 5, 0, 3, 0, 2, 0, 4, 2, 4, 2, 0, 4, 5]
2017-02-16 15:24:15,106 INFO     [reward] 0.74702
2017-02-16 15:24:15,106 INFO     [error] [ -3.58087147e-05   7.70633338e-05]
2017-02-16 15:24:15,106 INFO     
2017-02-16 15:24:15,106 INFO     [min reward] 0.5468472281
2017-02-16 15:24:15,106 INFO     
2017-02-16 15:24:15,107 INFO     [max steps] 100
2017-02-16 15:33:03,244 INFO     [step] 2974200
2017-02-16 15:33:03,244 INFO     [task] make[cloth] 0.0484486812642 0.915772089182
2017-02-16 15:33:03,244 INFO     [task] make[bed] 0.0938286353144 0.821906177032
2017-02-16 15:33:03,244 INFO     [task] make[stick] 0.106669916721 0.803807010931
2017-02-16 15:33:03,244 INFO     [task] make[bridge] 0.0600560844521 0.884589726484
2017-02-16 15:33:03,244 INFO     [task] make[plank] 0.0514728541503 0.909832879907
2017-02-16 15:33:03,245 INFO     [task] make[axe] 0.142907024381 0.734621896163
2017-02-16 15:33:03,245 INFO     [task] get[gold] 0.15311313074 0.713779992133
2017-02-16 15:33:03,245 INFO     [task] make[shears] 0.0584839204014 0.895602551192
2017-02-16 15:33:03,245 INFO     [task] get[gem] 0.237027005199 0.553168275283
2017-02-16 15:33:03,245 INFO     [task] make[rope] 0.0479927473761 0.92482150357
2017-02-16 15:33:03,245 INFO     
2017-02-16 15:33:03,245 INFO     [rollout0] [2, 0, 0, 4, 5, 3, 4, 5, 2, 2, 0, 2, 2, 1, 1, 2, 4, 5, 0, 3, 0, 0, 3, 0, 0, 0, 0, 3, 4, 3, 4, 5]
2017-02-16 15:33:03,245 INFO     [rollout1] [1, 4, 5, 2, 1, 4, 5, 4, 4, 2, 4, 1, 5, 2, 1, 2, 1, 4, 5, 4, 3, 0, 3, 3, 3, 3, 3, 3, 3, 3, 3, 3, 3, 6]
2017-02-16 15:33:03,245 INFO     [rollout2] [0, 3, 1, 0, 0, 0, 4, 0, 4, 5, 3, 4, 3, 0, 0, 3, 4, 3, 4, 5, 1, 1, 1, 4, 5, 2, 1, 1, 2, 2, 1, 4, 5]
2017-02-16 15:33:03,245 INFO     [reward] 0.7492
2017-02-16 15:33:03,245 INFO     [error] [ -4.84417088e-05   9.54208012e-05]
2017-02-16 15:33:03,245 INFO     
2017-02-16 15:33:03,245 INFO     [min reward] 0.553168275283
2017-02-16 15:33:03,245 INFO     
2017-02-16 15:33:03,245 INFO     [max steps] 100
2017-02-16 15:41:48,082 INFO     [step] 3024200
2017-02-16 15:41:48,082 INFO     [task] make[cloth] 0.0485186204612 0.915662650602
2017-02-16 15:41:48,082 INFO     [task] make[bed] 0.0968508452377 0.826292042658
2017-02-16 15:41:48,083 INFO     [task] make[stick] 0.106170234399 0.811423220974
2017-02-16 15:41:48,083 INFO     [task] make[bridge] 0.0645746404632 0.879241822073
2017-02-16 15:41:48,083 INFO     [task] make[plank] 0.051576761496 0.914448669202
2017-02-16 15:41:48,083 INFO     [task] make[axe] 0.141794141327 0.75256019928
2017-02-16 15:41:48,083 INFO     [task] get[gold] 0.152525785725 0.70812646982
2017-02-16 15:41:48,083 INFO     [task] make[shears] 0.0589040588113 0.905396174863
2017-02-16 15:41:48,083 INFO     [task] get[gem] 0.235225899353 0.562586926287
2017-02-16 15:41:48,083 INFO     [task] make[rope] 0.0438590127266 0.91820702403
2017-02-16 15:41:48,083 INFO     
2017-02-16 15:41:48,083 INFO     [rollout0] [1, 2, 4, 5, 0, 3, 4, 5, 0, 4, 5, 0, 3, 4, 3, 0, 4, 5, 2, 0, 4, 0, 0, 2, 4, 2, 4, 5]
2017-02-16 15:41:48,083 INFO     [rollout1] [2, 2, 4, 5, 1, 0, 2, 0, 0, 4, 0, 2, 2, 0, 4, 5]
2017-02-16 15:41:48,083 INFO     [rollout2] [1, 4, 5, 3, 1, 3, 1, 4, 5, 2, 2, 1, 4, 5, 2, 2, 1, 4, 5, 0, 0, 0, 4, 2, 2, 0, 4, 0, 4, 5]
2017-02-16 15:41:48,083 INFO     [reward] 0.7563
2017-02-16 15:41:48,083 INFO     [error] [ -4.73330933e-05   8.44793866e-05]
2017-02-16 15:41:48,083 INFO     
2017-02-16 15:41:48,084 INFO     [min reward] 0.562586926287
2017-02-16 15:41:48,084 INFO     
