2016-10-25 19:32:53,125 INFO     BEGIN
2016-10-25 19:32:53,125 INFO     struct {
    trainer:
        improvement_threshold: 0.8
        use_curriculum: False
        name: 'CurriculumTrainer'
        max_timesteps: 100
        hints: 'resources/light/hints.yaml'
    name: 'light_modular'
    recipes: 'resources/light/recipes.yaml'
    world:
        name: 'LightWorld'
    model:
        use_args: False
        name: 'ModularACModel'
        max_subtask_timesteps: 10
        baseline: 'state'
    experiment_dir: 'experiments/light_modular'
}
2016-10-25 19:33:43,412 INFO     [max steps] 100
2016-10-25 19:33:43,415 ERROR    Uncaught exception: global name 'selv' is not defined
None
2016-10-25 19:33:43,416 ERROR    Traceback (most recent call last):

  File "main.py", line 50, in <module>
    main()

  File "main.py", line 22, in main
    trainer.train(model, world)

  File "/home/ubuntu/craft/trainers/curriculum.py", line 150, in train
    possible_tasks, task_probs)

  File "/home/ubuntu/craft/trainers/curriculum.py", line 66, in do_rollout
    scenario = world.sample_scenario_with_goal(goal_arg)

  File "/home/ubuntu/craft/worlds/light.py", line 76, in sample_scenario_with_goal
    ky = cy + selv.random.randint(3) - 1

NameError: global name 'selv' is not defined
None
