2017-08-17 23:15:42,660 INFO     BEGIN
2017-08-17 23:15:42,660 INFO     struct {
    trainer:
        improvement_threshold: 0.8
        use_curriculum: True
        name: 'CurriculumTrainer'
        max_timesteps: 100
        hints: 'resources/light/hints.indep.yaml'
    name: 'light_indep__3'
    recipes: 'resources/light/recipes.yaml'
    world:
        name: 'LightWorld'
    model:
        use_args: False
        seed: 3
        name: 'ModularACModel'
        max_subtask_timesteps: 100
        baseline: 'state'
    experiment_dir: 'experiments/light_indep__3'
}
2017-08-17 23:16:37,053 INFO     [max steps] 1
2017-08-17 23:25:25,833 INFO     [step] 50000
2017-08-17 23:25:25,833 INFO     [task] go[LL] 0.1 0.00214592274678
2017-08-17 23:25:25,833 INFO     [task] go[URU] 0.1 0.0
2017-08-17 23:25:25,833 INFO     [task] go[LLD] 0.1 0.00181744749596
2017-08-17 23:25:25,833 INFO     [task] go[LD] 0.1 0.0
2017-08-17 23:25:25,833 INFO     [task] go[UL] 0.1 0.0
2017-08-17 23:25:25,833 INFO     [task] go[DRU] 0.1 0.0700934579439
2017-08-17 23:25:25,833 INFO     [task] go[RD] 0.1 0.0116302795348
2017-08-17 23:25:25,833 INFO     [task] go[LUR] 0.1 0.000810372771475
2017-08-17 23:25:25,833 INFO     [task] go[RDD] 0.1 0.0
2017-08-17 23:25:25,833 INFO     [task] go[UR] 0.1 0.000200440970134
2017-08-17 23:25:25,833 INFO     
2017-08-17 23:25:25,834 INFO     [rollout0] [2, 2, 2, 2, 2, 2, 2, 2, 1, 1, 3, 2, 2, 4, 3, 2, 2, 4, 2, 2, 2, 2, 2, 2, 2, 2, 4, 2, 2, 2, 2, 2, 2, 2, 2, 2, 2, 2, 2, 4, 2, 2, 2, 4, 2, 2, 2, 1, 2, 2, 1, 2, 2, 2, 2, 0, 2, 1, 2, 2, 2, 2, 2, 2, 2, 2, 2, 2, 2, 2, 2, 2, 1, 2, 2, 2, 2, 2, 3, 2, 2, 2, 2, 2, 2, 2, 2, 1, 1, 2, 4, 2, 2, 2, 2, 2, 2, 3, 2, 6]
2017-08-17 23:25:25,834 INFO     [rollout1] [3, 0, 0, 2, 2, 2, 2, 2, 3, 2, 4, 2, 4, 2, 0, 0, 2, 1, 2, 3, 2, 4, 0, 2, 2, 4, 2, 2, 0, 0, 1, 3, 0, 0, 0, 2, 3, 0, 3, 2, 0, 3, 0, 0, 0, 2, 0, 0, 0, 5]
2017-08-17 23:25:25,834 INFO     [rollout2] [3, 4, 2, 1, 0, 5]
2017-08-17 23:25:25,834 INFO     [reward] 0.00884
2017-08-17 23:25:25,834 INFO     [error] [  4.16989186e-05   1.01916660e-04]
2017-08-17 23:25:25,834 INFO     
2017-08-17 23:25:25,834 INFO     [min reward] 0.0
2017-08-17 23:25:25,834 INFO     
2017-08-17 23:25:25,834 INFO     [max steps] 1
2017-08-17 23:33:50,422 INFO     [step] 100000
2017-08-17 23:33:50,423 INFO     [task] go[LL] 0.100651520283 0.000800961153384
2017-08-17 23:33:50,423 INFO     [task] go[URU] 0.100865827484 0.0
2017-08-17 23:33:50,423 INFO     [task] go[LLD] 0.100684324172 0.0
2017-08-17 23:33:50,423 INFO     [task] go[LD] 0.100865827484 0.0
2017-08-17 23:33:50,423 INFO     [task] go[UL] 0.100865827484 0.0
2017-08-17 23:33:50,423 INFO     [task] go[DRU] 0.0938657931903 0.0873744926298
2017-08-17 23:33:50,423 INFO     [task] go[RD] 0.0997043445444 0.0155102040816
2017-08-17 23:33:50,423 INFO     [task] go[LUR] 0.10078489786 0.0
2017-08-17 23:33:50,423 INFO     [task] go[RDD] 0.100865827484 0.0
2017-08-17 23:33:50,423 INFO     [task] go[UR] 0.100845810014 0.0
2017-08-17 23:33:50,423 INFO     
2017-08-17 23:33:50,423 INFO     [rollout0] [2, 4, 5]
2017-08-17 23:33:50,423 INFO     [rollout1] [2, 2, 2, 2, 1, 1, 2, 0, 1, 2, 2, 2, 2, 3, 0, 0, 1, 2, 2, 1, 0, 2, 0, 2, 1, 3, 2, 1, 0, 2, 1, 3, 4, 3, 1, 3, 0, 2, 2, 2, 2, 2, 2, 2, 2, 0, 2, 2, 2, 2, 1, 1, 0, 2, 3, 1, 0, 0, 2, 2, 2, 2, 2, 2, 2, 2, 1, 2, 2, 2, 2, 2, 2, 1, 0, 1, 1, 2, 1, 0, 1, 3, 3, 2, 0, 2, 2, 1, 2, 0, 2, 2, 0, 2, 2, 2, 2, 2, 2, 6]
2017-08-17 23:33:50,423 INFO     [rollout2] [2, 5]
2017-08-17 23:33:50,423 INFO     [reward] 0.00978
2017-08-17 23:33:50,423 INFO     [error] [  3.66444004e-06   2.27018863e-05]
2017-08-17 23:33:50,424 INFO     
2017-08-17 23:33:50,424 INFO     [min reward] 0.0
2017-08-17 23:33:50,424 INFO     
2017-08-17 23:33:50,424 INFO     [max steps] 1
2017-08-17 23:42:00,257 INFO     [step] 150000
2017-08-17 23:42:00,257 INFO     [task] go[LL] 0.100957113222 0.000197316495659
2017-08-17 23:42:00,257 INFO     [task] go[URU] 0.101037238869 0.0
2017-08-17 23:42:00,257 INFO     [task] go[LLD] 0.101037238869 0.000596777402029
2017-08-17 23:42:00,257 INFO     [task] go[LD] 0.101037238869 0.0
2017-08-17 23:42:00,257 INFO     [task] go[UL] 0.101037238869 0.0
2017-08-17 23:42:00,257 INFO     [task] go[DRU] 0.0922965680942 0.157698220953
2017-08-17 23:42:00,257 INFO     [task] go[RD] 0.0994856465974 0.0151873767258
2017-08-17 23:42:00,257 INFO     [task] go[LUR] 0.101037238869 0.0
2017-08-17 23:42:00,257 INFO     [task] go[RDD] 0.101037238869 0.0
2017-08-17 23:42:00,257 INFO     [task] go[UR] 0.101037238869 0.000388198757764
2017-08-17 23:42:00,257 INFO     
2017-08-17 23:42:00,257 INFO     [rollout0] [1, 3, 0, 4, 2, 2, 4, 0, 3, 3, 2, 2, 2, 4, 2, 4, 2, 3, 4, 3, 4, 3, 0, 0, 2, 3, 1, 3, 0, 1, 3, 3, 4, 4, 0, 2, 4, 0, 2, 3, 2, 3, 1, 2, 4, 3, 4, 2, 2, 1, 4, 3, 4, 0, 4, 2, 4, 4, 4, 3, 4, 3, 2, 4, 3, 2, 4, 0, 4, 3, 3, 3, 3, 2, 3, 3, 0, 2, 3, 3, 3, 0, 3, 3, 2, 2, 0, 0, 0, 4, 2, 2, 3, 1, 2, 4, 4, 2, 5]
2017-08-17 23:42:00,257 INFO     [rollout1] [1, 1, 2, 4, 4, 4, 3, 1, 2, 2, 1, 2, 1, 3, 1, 4, 1, 0, 1, 4, 4, 4, 1, 1, 1, 0, 2, 1, 1, 1, 1, 1, 4, 2, 1, 4, 2, 1, 4, 4, 4, 3, 4, 4, 4, 1, 4, 4, 1, 4, 1, 1, 4, 4, 4, 2, 1, 2, 1, 1, 1, 1, 2, 0, 4, 1, 0, 4, 2, 4, 1, 1, 4, 1, 4, 4, 1, 4, 4, 4, 4, 4, 1, 2, 4, 1, 4, 2, 5]
2017-08-17 23:42:00,257 INFO     [rollout2] [0, 1, 1, 1, 1, 1, 1, 0, 1, 1, 3, 0, 0, 3, 4, 1, 1, 1, 3, 1, 1, 0, 1, 1, 1, 0, 1, 0, 4, 0, 0, 0, 4, 2, 0, 3, 1, 1, 1, 1, 1, 0, 1, 5]
2017-08-17 23:42:00,257 INFO     [reward] 0.01602
2017-08-17 23:42:00,258 INFO     [error] [  2.03477187e-05   2.61465530e-05]
2017-08-17 23:42:00,258 INFO     
2017-08-17 23:42:00,258 INFO     [min reward] 0.0
2017-08-17 23:42:00,258 INFO     
2017-08-17 23:42:00,258 INFO     [max steps] 1
2017-08-17 23:49:20,450 INFO     [step] 200000
2017-08-17 23:49:20,450 INFO     [task] go[LL] 0.101733789064 0.0
2017-08-17 23:49:20,450 INFO     [task] go[URU] 0.101753667952 0.0
2017-08-17 23:49:20,450 INFO     [task] go[LLD] 0.101693544893 0.0
2017-08-17 23:49:20,450 INFO     [task] go[LD] 0.101753667952 0.000796971508269
2017-08-17 23:49:20,450 INFO     [task] go[UL] 0.101753667952 0.0
2017-08-17 23:49:20,450 INFO     [task] go[DRU] 0.0858661705148 0.160997732426
2017-08-17 23:49:20,450 INFO     [task] go[RD] 0.100223597369 0.0211546065639
2017-08-17 23:49:20,450 INFO     [task] go[LUR] 0.101753667952 0.0
2017-08-17 23:49:20,450 INFO     [task] go[RDD] 0.101753667952 0.0
2017-08-17 23:49:20,451 INFO     [task] go[UR] 0.1017145584 0.0
2017-08-17 23:49:20,451 INFO     
2017-08-17 23:49:20,451 INFO     [rollout0] [2, 0, 4, 1, 2, 2, 0, 0, 0, 5]
2017-08-17 23:49:20,451 INFO     [rollout1] [0, 4, 1, 0, 2, 0, 2, 0, 0, 1, 1, 1, 0, 4, 2, 0, 1, 3, 0, 0, 2, 0, 3, 4, 0, 0, 0, 3, 4, 2, 4, 0, 2, 2, 1, 1, 0, 3, 2, 4, 1, 1, 3, 1, 3, 0, 3, 4, 4, 3, 3, 4, 0, 1, 0, 1, 0, 1, 2, 3, 4, 3, 1, 0, 1, 4, 0, 0, 1, 0, 4, 0, 2, 2, 5]
2017-08-17 23:49:20,451 INFO     [rollout2] [5]
2017-08-17 23:49:20,451 INFO     [reward] 0.01642
2017-08-17 23:49:20,451 INFO     [error] [ -1.16262430e-05   8.72143387e-06]
2017-08-17 23:49:20,451 INFO     
2017-08-17 23:49:20,451 INFO     [min reward] 0.0
2017-08-17 23:49:20,451 INFO     
2017-08-17 23:49:20,451 INFO     [max steps] 1
2017-08-17 23:55:47,579 INFO     [step] 253300
2017-08-17 23:55:47,579 INFO     [task] go[LL] 0.101844795557 0.0
2017-08-17 23:55:47,579 INFO     [task] go[URU] 0.101844795557 0.0
2017-08-17 23:55:47,579 INFO     [task] go[LLD] 0.101844795557 0.0
2017-08-17 23:55:47,579 INFO     [task] go[LD] 0.101764431794 0.00127830533236
2017-08-17 23:55:47,579 INFO     [task] go[UL] 0.101844795557 0.0
2017-08-17 23:55:47,579 INFO     [task] go[DRU] 0.0856103587806 0.190166774962
2017-08-17 23:55:47,579 INFO     [task] go[RD] 0.0997116405266 0.103985171455
2017-08-17 23:55:47,579 INFO     [task] go[LUR] 0.101844795557 0.00969787392764
2017-08-17 23:55:47,579 INFO     [task] go[RDD] 0.101844795557 0.0
2017-08-17 23:55:47,579 INFO     [task] go[UR] 0.101844795557 0.00390697674419
2017-08-17 23:55:47,579 INFO     
2017-08-17 23:55:47,579 INFO     [rollout0] [0, 4, 3, 3, 3, 3, 4, 3, 3, 3, 3, 3, 3, 3, 3, 3, 3, 3, 3, 3, 0, 3, 4, 3, 3, 3, 3, 3, 3, 4, 3, 3, 3, 3, 3, 3, 3, 3, 1, 2, 3, 3, 3, 3, 3, 3, 3, 3, 3, 3, 3, 3, 3, 3, 4, 3, 3, 3, 3, 3, 3, 3, 3, 1, 1, 0, 3, 5]
2017-08-17 23:55:47,580 INFO     [rollout1] [5]
2017-08-17 23:55:47,580 INFO     [rollout2] [0, 4, 5]
2017-08-17 23:55:47,580 INFO     [reward] 0.0284990619137
2017-08-17 23:55:47,580 INFO     [error] [ -6.79039187e-06   1.39709354e-05]
2017-08-17 23:55:47,580 INFO     
2017-08-17 23:55:47,580 INFO     [min reward] 0.0
2017-08-17 23:55:47,580 INFO     
2017-08-17 23:55:47,580 INFO     [max steps] 1
2017-08-18 00:06:05,263 INFO     [step] 377400
2017-08-18 00:06:05,263 INFO     [task] go[LL] 0.103156329388 0.0
2017-08-18 00:06:05,263 INFO     [task] go[URU] 0.103156329388 0.0
2017-08-18 00:06:05,263 INFO     [task] go[LLD] 0.103156329388 0.0
2017-08-18 00:06:05,263 INFO     [task] go[LD] 0.103025769699 7.85175879397e-05
2017-08-18 00:06:05,263 INFO     [task] go[UL] 0.103156329388 0.0
2017-08-18 00:06:05,263 INFO     [task] go[DRU] 0.0837336497081 0.243524801682
2017-08-18 00:06:05,263 INFO     [task] go[RD] 0.0925358060235 0.188809357542
2017-08-18 00:06:05,263 INFO     [task] go[LUR] 0.102165837232 0.0357171141205
2017-08-18 00:06:05,263 INFO     [task] go[RDD] 0.103156329388 0.0
2017-08-18 00:06:05,263 INFO     [task] go[UR] 0.102757290398 0.000318015582764
2017-08-18 00:06:05,263 INFO     
2017-08-18 00:06:05,263 INFO     [rollout0] [5]
2017-08-18 00:06:05,263 INFO     [rollout1] [5]
2017-08-18 00:06:05,264 INFO     [rollout2] [1, 1, 1, 1, 2, 3, 4, 1, 0, 2, 5]
2017-08-18 00:06:05,264 INFO     [reward] 0.0416357775987
2017-08-18 00:06:05,264 INFO     [error] [ -3.57730719e-05   1.99812289e-05]
2017-08-18 00:06:05,264 INFO     
2017-08-18 00:06:05,264 INFO     [min reward] 0.0
2017-08-18 00:06:05,264 INFO     
2017-08-18 00:06:05,264 INFO     [max steps] 1
2017-08-18 00:17:29,561 INFO     [step] 526700
2017-08-18 00:17:29,562 INFO     [task] go[LL] 0.104863679261 0.0
2017-08-18 00:17:29,562 INFO     [task] go[URU] 0.104863679261 0.0
2017-08-18 00:17:29,562 INFO     [task] go[LLD] 0.104863679261 0.0
2017-08-18 00:17:29,562 INFO     [task] go[LD] 0.104855527139 0.0
2017-08-18 00:17:29,562 INFO     [task] go[UL] 0.104863679261 0.0
2017-08-18 00:17:29,562 INFO     [task] go[DRU] 0.0795796132254 0.289057350033
2017-08-18 00:17:29,562 INFO     [task] go[RD] 0.0852604674679 0.212718952186
2017-08-18 00:17:29,562 INFO     [task] go[LUR] 0.101155334707 0.0643982189141
2017-08-18 00:17:29,562 INFO     [task] go[RDD] 0.104863679261 0.0
2017-08-18 00:17:29,562 INFO     [task] go[UR] 0.104830661158 0.0
2017-08-18 00:17:29,562 INFO     
2017-08-18 00:17:29,562 INFO     [rollout0] [3, 0, 5]
2017-08-18 00:17:29,562 INFO     [rollout1] [2, 0, 1, 1, 4, 1, 5]
2017-08-18 00:17:29,562 INFO     [rollout2] [0, 0, 3, 4, 3, 0, 0, 0, 1, 0, 0, 5]
2017-08-18 00:17:29,562 INFO     [reward] 0.048044206296
2017-08-18 00:17:29,562 INFO     [error] [ -3.27147125e-05   1.90618986e-05]
2017-08-18 00:17:29,563 INFO     
2017-08-18 00:17:29,563 INFO     [min reward] 0.0
2017-08-18 00:17:29,563 INFO     
2017-08-18 00:17:29,563 INFO     [max steps] 1
2017-08-18 00:28:47,486 INFO     [step] 677300
2017-08-18 00:28:47,486 INFO     [task] go[LL] 0.105938587007 0.0
2017-08-18 00:28:47,486 INFO     [task] go[URU] 0.105938587007 0.0
2017-08-18 00:28:47,486 INFO     [task] go[LLD] 0.105938587007 0.0
2017-08-18 00:28:47,486 INFO     [task] go[LD] 0.105938587007 6.31113916062e-05
2017-08-18 00:28:47,487 INFO     [task] go[UL] 0.105938587007 0.0
2017-08-18 00:28:47,487 INFO     [task] go[DRU] 0.075619451139 0.299118226179
2017-08-18 00:28:47,487 INFO     [task] go[RD] 0.0836265620324 0.222790474668
2017-08-18 00:28:47,487 INFO     [task] go[LUR] 0.0991838777815 0.0695140699151
2017-08-18 00:28:47,487 INFO     [task] go[RDD] 0.105938587007 0.0
2017-08-18 00:28:47,487 INFO     [task] go[UR] 0.105938587007 0.0
2017-08-18 00:28:47,487 INFO     
2017-08-18 00:28:47,487 INFO     [rollout0] [2, 5]
2017-08-18 00:28:47,487 INFO     [rollout1] [1, 2, 2, 4, 3, 2, 2, 0, 1, 3, 5]
2017-08-18 00:28:47,487 INFO     [rollout2] [1, 1, 5]
2017-08-18 00:28:47,487 INFO     [reward] 0.048625498008
2017-08-18 00:28:47,487 INFO     [error] [ -1.32281241e-05   2.90889074e-05]
2017-08-18 00:28:47,487 INFO     
2017-08-18 00:28:47,487 INFO     [min reward] 0.0
2017-08-18 00:28:47,488 INFO     
2017-08-18 00:28:47,488 INFO     [max steps] 1
2017-08-18 00:40:12,894 INFO     [step] 824200
2017-08-18 00:40:12,894 INFO     [task] go[LL] 0.106220592143 0.0
2017-08-18 00:40:12,894 INFO     [task] go[URU] 0.106220592143 0.0
2017-08-18 00:40:12,894 INFO     [task] go[LLD] 0.106220592143 0.0
2017-08-18 00:40:12,894 INFO     [task] go[LD] 0.106213954787 0.0
2017-08-18 00:40:12,894 INFO     [task] go[UL] 0.106220592143 0.0
2017-08-18 00:40:12,894 INFO     [task] go[DRU] 0.0747626563951 0.29254583986
2017-08-18 00:40:12,894 INFO     [task] go[RD] 0.0827899622985 0.535001662787
2017-08-18 00:40:12,894 INFO     [task] go[LUR] 0.0989098736594 0.0658430533508
2017-08-18 00:40:12,894 INFO     [task] go[RDD] 0.106220592143 0.0
2017-08-18 00:40:12,894 INFO     [task] go[UR] 0.106220592143 6.36537237428e-05
2017-08-18 00:40:12,894 INFO     
2017-08-18 00:40:12,894 INFO     [rollout0] [3, 1, 0, 3, 1, 0, 3, 4, 3, 0, 1, 1, 1, 1, 4, 3, 2, 1, 0, 1, 4, 1, 0, 1, 1, 4, 0, 4, 1, 4, 1, 4, 0, 1, 0, 1, 3, 1, 4, 2, 4, 4, 3, 0, 1, 0, 0, 0, 3, 1, 5]
2017-08-18 00:40:12,895 INFO     [rollout1] [4, 0, 4, 0, 3, 5]
2017-08-18 00:40:12,895 INFO     [rollout2] [5]
2017-08-18 00:40:12,895 INFO     [reward] 0.0719196732471
2017-08-18 00:40:12,895 INFO     [error] [  7.83635333e-07   2.54587445e-05]
2017-08-18 00:40:12,895 INFO     
2017-08-18 00:40:12,895 INFO     [min reward] 0.0
2017-08-18 00:40:12,895 INFO     
2017-08-18 00:40:12,895 INFO     [max steps] 1
2017-08-18 00:51:35,705 INFO     [step] 972400
2017-08-18 00:51:35,705 INFO     [task] go[LL] 0.109704554021 0.0
2017-08-18 00:51:35,705 INFO     [task] go[URU] 0.109704554021 0.0
2017-08-18 00:51:35,705 INFO     [task] go[LLD] 0.109704554021 0.0
2017-08-18 00:51:35,705 INFO     [task] go[LD] 0.109704554021 6.18850176372e-05
2017-08-18 00:51:35,705 INFO     [task] go[UL] 0.109704554021 0.0
2017-08-18 00:51:35,705 INFO     [task] go[DRU] 0.0779287016524 0.299338431137
2017-08-18 00:51:35,705 INFO     [task] go[RD] 0.051593545292 0.670536063649
2017-08-18 00:51:35,706 INFO     [task] go[LUR] 0.10255278887 0.0680483136427
2017-08-18 00:51:35,706 INFO     [task] go[RDD] 0.109704554021 0.0
2017-08-18 00:51:35,706 INFO     [task] go[UR] 0.109697640058 6.16142945163e-05
2017-08-18 00:51:35,706 INFO     
2017-08-18 00:51:35,706 INFO     [rollout0] [5]
2017-08-18 00:51:35,706 INFO     [rollout1] [1, 1, 1, 5]
2017-08-18 00:51:35,706 INFO     [rollout2] [3, 3, 3, 5]
2017-08-18 00:51:35,706 INFO     [reward] 0.0651686909582
2017-08-18 00:51:35,706 INFO     [error] [  2.95589444e-06   1.87107461e-05]
2017-08-18 00:51:35,706 INFO     
2017-08-18 00:51:35,706 INFO     [min reward] 0.0
2017-08-18 00:51:35,706 INFO     
2017-08-18 00:51:35,706 INFO     [max steps] 1
2017-08-18 01:02:58,694 INFO     [step] 1122200
2017-08-18 01:02:58,694 INFO     [task] go[LL] 0.111454994618 0.0
2017-08-18 01:02:58,694 INFO     [task] go[URU] 0.111454994618 0.0
2017-08-18 01:02:58,694 INFO     [task] go[LLD] 0.111454994618 0.0
2017-08-18 01:02:58,694 INFO     [task] go[LD] 0.111448165515 0.0
2017-08-18 01:02:58,694 INFO     [task] go[UL] 0.111454994618 0.0
2017-08-18 01:02:58,694 INFO     [task] go[DRU] 0.0784225557752 0.303282200703
2017-08-18 01:02:58,694 INFO     [task] go[RD] 0.0374603477218 0.724205292133
2017-08-18 01:02:58,694 INFO     [task] go[LUR] 0.103945762508 0.0666709445585
2017-08-18 01:02:58,694 INFO     [task] go[RDD] 0.111454994618 0.0
2017-08-18 01:02:58,695 INFO     [task] go[UR] 0.111448195389 5.92452159488e-05
2017-08-18 01:02:58,695 INFO     
2017-08-18 01:02:58,695 INFO     [rollout0] [1, 4, 4, 1, 5]
2017-08-18 01:02:58,695 INFO     [rollout1] [1, 1, 1, 1, 5]
2017-08-18 01:02:58,695 INFO     [rollout2] [0, 5]
2017-08-18 01:02:58,695 INFO     [reward] 0.0577903871829
2017-08-18 01:02:58,695 INFO     [error] [ -3.18905019e-05   3.10703469e-05]
2017-08-18 01:02:58,695 INFO     
2017-08-18 01:02:58,695 INFO     [min reward] 0.0
2017-08-18 01:02:58,695 INFO     
2017-08-18 01:02:58,695 INFO     [max steps] 1
2017-08-18 01:14:26,284 INFO     [step] 1277300
2017-08-18 01:14:26,284 INFO     [task] go[LL] 0.112150168015 0.0
2017-08-18 01:14:26,285 INFO     [task] go[URU] 0.112150168015 0.0
2017-08-18 01:14:26,285 INFO     [task] go[LLD] 0.112150168015 0.0
2017-08-18 01:14:26,285 INFO     [task] go[LD] 0.112150168015 0.0
2017-08-18 01:14:26,285 INFO     [task] go[UL] 0.112150168015 0.0
2017-08-18 01:14:26,285 INFO     [task] go[DRU] 0.0784737821091 0.303619798079
2017-08-18 01:14:26,285 INFO     [task] go[RD] 0.0317345787179 0.711170541041
2017-08-18 01:14:26,285 INFO     [task] go[LUR] 0.104747041645 0.0683081810961
2017-08-18 01:14:26,285 INFO     [task] go[RDD] 0.112150168015 0.0
2017-08-18 01:14:26,285 INFO     [task] go[UR] 0.11214358944 0.0
2017-08-18 01:14:26,285 INFO     
2017-08-18 01:14:26,285 INFO     [rollout0] [2, 1, 0, 0, 3, 0, 0, 3, 0, 3, 4, 2, 3, 1, 0, 1, 1, 0, 0, 2, 3, 5]
2017-08-18 01:14:26,285 INFO     [rollout1] [0, 4, 2, 1, 1, 1, 2, 2, 4, 2, 2, 3, 1, 5]
2017-08-18 01:14:26,285 INFO     [rollout2] [5]
2017-08-18 01:14:26,285 INFO     [reward] 0.0533462282398
2017-08-18 01:14:26,285 INFO     [error] [ -2.07730716e-05   3.13889716e-05]
2017-08-18 01:14:26,286 INFO     
2017-08-18 01:14:26,286 INFO     [min reward] 0.0
2017-08-18 01:14:26,286 INFO     
2017-08-18 01:14:26,286 INFO     [max steps] 1
2017-08-18 01:25:54,843 INFO     [step] 1431400
2017-08-18 01:25:54,844 INFO     [task] go[LL] 0.112011870404 0.0
2017-08-18 01:25:54,844 INFO     [task] go[URU] 0.112011870404 0.0
2017-08-18 01:25:54,844 INFO     [task] go[LLD] 0.112011870404 0.0
2017-08-18 01:25:54,844 INFO     [task] go[LD] 0.112011870404 0.0
2017-08-18 01:25:54,844 INFO     [task] go[UL] 0.112011870404 0.0
2017-08-18 01:25:54,844 INFO     [task] go[DRU] 0.0783395719144 0.305800386133
2017-08-18 01:25:54,844 INFO     [task] go[RD] 0.0331410362672 0.72126996494
2017-08-18 01:25:54,844 INFO     [task] go[LUR] 0.10443629899 0.0657084188912
2017-08-18 01:25:54,844 INFO     [task] go[RDD] 0.112011870404 0.0
2017-08-18 01:25:54,844 INFO     [task] go[UR] 0.112011870404 0.0
2017-08-18 01:25:54,844 INFO     
2017-08-18 01:25:54,844 INFO     [rollout0] [3, 3, 4, 0, 1, 1, 1, 2, 5]
2017-08-18 01:25:54,844 INFO     [rollout1] [3, 3, 3, 5]
2017-08-18 01:25:54,844 INFO     [rollout2] [1, 5]
2017-08-18 01:25:54,844 INFO     [reward] 0.054523036989
2017-08-18 01:25:54,844 INFO     [error] [ -1.08214640e-05   2.75643025e-05]
2017-08-18 01:25:54,845 INFO     
2017-08-18 01:25:54,845 INFO     [min reward] 0.0
2017-08-18 01:25:54,845 INFO     
2017-08-18 01:25:54,845 INFO     [max steps] 1
2017-08-18 01:37:23,721 INFO     [step] 1582400
2017-08-18 01:37:23,721 INFO     [task] go[LL] 0.112132251913 0.0
2017-08-18 01:37:23,721 INFO     [task] go[URU] 0.112132251913 0.0
2017-08-18 01:37:23,721 INFO     [task] go[LLD] 0.112132251913 0.0
2017-08-18 01:37:23,721 INFO     [task] go[LD] 0.112132251913 0.0
2017-08-18 01:37:23,721 INFO     [task] go[UL] 0.112132251913 6.01684717208e-05
2017-08-18 01:37:23,721 INFO     [task] go[DRU] 0.0781816717812 0.3201854193
2017-08-18 01:37:23,721 INFO     [task] go[RD] 0.0320553950754 0.744365482234
2017-08-18 01:37:23,721 INFO     [task] go[LUR] 0.104837169754 0.0699309558497
2017-08-18 01:37:23,721 INFO     [task] go[RDD] 0.112132251913 0.0
2017-08-18 01:37:23,721 INFO     [task] go[UR] 0.112132251913 0.0
2017-08-18 01:37:23,721 INFO     
2017-08-18 01:37:23,721 INFO     [rollout0] [3, 0, 1, 1, 2, 0, 5]
2017-08-18 01:37:23,721 INFO     [rollout1] [4, 1, 3, 0, 4, 4, 4, 1, 4, 1, 0, 5]
2017-08-18 01:37:23,721 INFO     [rollout2] [5]
2017-08-18 01:37:23,721 INFO     [reward] 0.0567549668874
2017-08-18 01:37:23,722 INFO     [error] [ -1.81004997e-05   2.09557066e-05]
2017-08-18 01:37:23,722 INFO     
2017-08-18 01:37:23,722 INFO     [min reward] 0.0
2017-08-18 01:37:23,722 INFO     
2017-08-18 01:37:23,722 INFO     [max steps] 1
2017-08-18 01:48:51,420 INFO     [step] 1734300
2017-08-18 01:48:51,420 INFO     [task] go[LL] 0.112654590866 0.0
2017-08-18 01:48:51,420 INFO     [task] go[URU] 0.112654590866 0.0
2017-08-18 01:48:51,420 INFO     [task] go[LLD] 0.112654590866 0.0
2017-08-18 01:48:51,420 INFO     [task] go[LD] 0.112654590866 5.8544581699e-05
2017-08-18 01:48:51,420 INFO     [task] go[UL] 0.112647879722 0.0
2017-08-18 01:48:51,420 INFO     [task] go[DRU] 0.0769413657048 0.308053166536
2017-08-18 01:48:51,420 INFO     [task] go[RD] 0.0296286613057 0.742371403662
2017-08-18 01:48:51,420 INFO     [task] go[LUR] 0.104854548073 0.0677880994225
2017-08-18 01:48:51,420 INFO     [task] go[RDD] 0.112654590866 0.0
2017-08-18 01:48:51,421 INFO     [task] go[UR] 0.112654590866 0.0
2017-08-18 01:48:51,421 INFO     
2017-08-18 01:48:51,421 INFO     [rollout0] [5]
2017-08-18 01:48:51,421 INFO     [rollout1] [2, 4, 5]
2017-08-18 01:48:51,421 INFO     [rollout2] [3, 0, 5]
2017-08-18 01:48:51,421 INFO     [reward] 0.052883475971
2017-08-18 01:48:51,421 INFO     [error] [  8.80379477e-06   2.75094837e-05]
2017-08-18 01:48:51,421 INFO     
2017-08-18 01:48:51,421 INFO     [min reward] 0.0
2017-08-18 01:48:51,421 INFO     
2017-08-18 01:48:51,421 INFO     [max steps] 1
2017-08-18 02:00:26,172 INFO     [step] 1882500
2017-08-18 02:00:26,172 INFO     [task] go[LL] 0.112450511932 0.0
2017-08-18 02:00:26,172 INFO     [task] go[URU] 0.112450511932 0.0
2017-08-18 02:00:26,172 INFO     [task] go[LLD] 0.112450511932 0.0
2017-08-18 02:00:26,172 INFO     [task] go[LD] 0.112443993746 0.0
2017-08-18 02:00:26,172 INFO     [task] go[UL] 0.112450511932 0.0
2017-08-18 02:00:26,172 INFO     [task] go[DRU] 0.0781527532398 0.3152588325
2017-08-18 02:00:26,172 INFO     [task] go[RD] 0.0297970026396 0.763123070137
2017-08-18 02:00:26,172 INFO     [task] go[LUR] 0.104903178781 0.0690445859873
2017-08-18 02:00:26,173 INFO     [task] go[RDD] 0.112450511932 0.0
2017-08-18 02:00:26,173 INFO     [task] go[UR] 0.112450511932 0.000179008294051
2017-08-18 02:00:26,173 INFO     
2017-08-18 02:00:26,173 INFO     [rollout0] [2, 2, 2, 5]
2017-08-18 02:00:26,173 INFO     [rollout1] [3, 3, 4, 5]
2017-08-18 02:00:26,173 INFO     [rollout2] [3, 2, 0, 5]
2017-08-18 02:00:26,173 INFO     [reward] 0.0557894736842
2017-08-18 02:00:26,173 INFO     [error] [ -3.32906120e-06   2.58351672e-05]
2017-08-18 02:00:26,173 INFO     
2017-08-18 02:00:26,173 INFO     [min reward] 0.0
2017-08-18 02:00:26,173 INFO     
2017-08-18 02:00:26,173 INFO     [max steps] 1
2017-08-18 02:12:02,708 INFO     [step] 2033800
2017-08-18 02:12:02,708 INFO     [task] go[LL] 0.112818978169 0.0
2017-08-18 02:12:02,708 INFO     [task] go[URU] 0.112818978169 0.0
2017-08-18 02:12:02,708 INFO     [task] go[LLD] 0.112818978169 0.0
2017-08-18 02:12:02,708 INFO     [task] go[LD] 0.112818978169 0.0
2017-08-18 02:12:02,708 INFO     [task] go[UL] 0.112818978169 5.87785810851e-05
2017-08-18 02:12:02,709 INFO     [task] go[DRU] 0.0776039491178 0.31104675922
2017-08-18 02:12:02,709 INFO     [task] go[RD] 0.0275766365946 0.779745042493
2017-08-18 02:12:02,709 INFO     [task] go[LUR] 0.105106562684 0.0664441560047
2017-08-18 02:12:02,709 INFO     [task] go[RDD] 0.112818978169 0.0
2017-08-18 02:12:02,709 INFO     [task] go[UR] 0.112798982592 5.92979127135e-05
2017-08-18 02:12:02,709 INFO     
2017-08-18 02:12:02,709 INFO     [rollout0] [1, 2, 1, 3, 3, 3, 3, 3, 4, 4, 3, 3, 3, 0, 2, 1, 3, 1, 5]
2017-08-18 02:12:02,709 INFO     [rollout1] [3, 2, 0, 4, 5]
2017-08-18 02:12:02,709 INFO     [rollout2] [3, 1, 1, 1, 1, 1, 2, 5]
2017-08-18 02:12:02,709 INFO     [reward] 0.0530865829478
2017-08-18 02:12:02,709 INFO     [error] [  1.15862525e-05   1.66964035e-05]
2017-08-18 02:12:02,709 INFO     
2017-08-18 02:12:02,709 INFO     [min reward] 0.0
2017-08-18 02:12:02,709 INFO     
2017-08-18 02:12:02,710 INFO     [max steps] 1
2017-08-18 02:23:32,960 INFO     [step] 2185200
2017-08-18 02:23:32,961 INFO     [task] go[LL] 0.112941964142 0.0
2017-08-18 02:23:32,961 INFO     [task] go[URU] 0.112941964142 0.0
2017-08-18 02:23:32,961 INFO     [task] go[LLD] 0.112941964142 0.0
2017-08-18 02:23:32,961 INFO     [task] go[LD] 0.112941964142 0.000117048048224
2017-08-18 02:23:32,961 INFO     [task] go[UL] 0.112935391302 5.91226203145e-05
2017-08-18 02:23:32,961 INFO     [task] go[DRU] 0.078159556294 0.314183429935
2017-08-18 02:23:32,961 INFO     [task] go[RD] 0.0257479674794 0.780663409617
2017-08-18 02:23:32,961 INFO     [task] go[LUR] 0.105511930988 0.0660944743766
2017-08-18 02:23:32,961 INFO     [task] go[RDD] 0.112941964142 0.0
2017-08-18 02:23:32,961 INFO     [task] go[UR] 0.112935333228 0.0
2017-08-18 02:23:32,961 INFO     
2017-08-18 02:23:32,961 INFO     [rollout0] [3, 5]
2017-08-18 02:23:32,961 INFO     [rollout1] [1, 4, 0, 2, 0, 5]
2017-08-18 02:23:32,961 INFO     [rollout2] [5]
2017-08-18 02:23:32,961 INFO     [reward] 0.0513870541612
2017-08-18 02:23:32,961 INFO     [error] [ -2.35837346e-05   2.41722780e-05]
2017-08-18 02:23:32,962 INFO     
2017-08-18 02:23:32,962 INFO     [min reward] 0.0
2017-08-18 02:23:32,962 INFO     
2017-08-18 02:23:32,962 INFO     [max steps] 1
2017-08-18 02:35:09,476 INFO     [step] 2336100
2017-08-18 02:35:09,476 INFO     [task] go[LL] 0.112989514994 0.0
2017-08-18 02:35:09,476 INFO     [task] go[URU] 0.112989514994 0.0
2017-08-18 02:35:09,476 INFO     [task] go[LLD] 0.112989514994 0.0
2017-08-18 02:35:09,476 INFO     [task] go[LD] 0.112976420734 0.0
2017-08-18 02:35:09,476 INFO     [task] go[UL] 0.112982900898 0.0
2017-08-18 02:35:09,476 INFO     [task] go[DRU] 0.0778415611645 0.309387055294
2017-08-18 02:35:09,476 INFO     [task] go[RD] 0.0256560694234 0.782134510517
2017-08-18 02:35:09,476 INFO     [task] go[LUR] 0.105595472812 0.065869770368
2017-08-18 02:35:09,476 INFO     [task] go[RDD] 0.112989514994 0.0
2017-08-18 02:35:09,476 INFO     [task] go[UR] 0.112989514994 0.0
2017-08-18 02:35:09,476 INFO     
2017-08-18 02:35:09,476 INFO     [rollout0] [0, 5]
2017-08-18 02:35:09,476 INFO     [rollout1] [0, 4, 1, 4, 0, 0, 0, 5]
2017-08-18 02:35:09,476 INFO     [rollout2] [1, 5]
2017-08-18 02:35:09,476 INFO     [reward] 0.0508151093439
2017-08-18 02:35:09,477 INFO     [error] [ -2.40218702e-06   2.37423190e-05]
2017-08-18 02:35:09,477 INFO     
2017-08-18 02:35:09,477 INFO     [min reward] 0.0
2017-08-18 02:35:09,477 INFO     
2017-08-18 02:35:09,477 INFO     [max steps] 1
2017-08-18 02:46:52,356 INFO     [step] 2490200
2017-08-18 02:46:52,356 INFO     [task] go[LL] 0.112942435252 0.0
2017-08-18 02:46:52,356 INFO     [task] go[URU] 0.112942435252 0.0
2017-08-18 02:46:52,356 INFO     [task] go[LLD] 0.112942435252 0.0
2017-08-18 02:46:52,356 INFO     [task] go[LD] 0.112942435252 0.0
2017-08-18 02:46:52,356 INFO     [task] go[UL] 0.112942435252 0.0
2017-08-18 02:46:52,356 INFO     [task] go[DRU] 0.0783454773707 0.313256048387
2017-08-18 02:46:52,356 INFO     [task] go[RD] 0.0254808745467 0.783722682743
2017-08-18 02:46:52,357 INFO     [task] go[LUR] 0.105576601317 0.0657239471257
2017-08-18 02:46:52,357 INFO     [task] go[RDD] 0.112942435252 0.0
2017-08-18 02:46:52,357 INFO     [task] go[UR] 0.112942435252 0.0
2017-08-18 02:46:52,357 INFO     
2017-08-18 02:46:52,357 INFO     [rollout0] [0, 3, 4, 0, 3, 5]
2017-08-18 02:46:52,357 INFO     [rollout1] [3, 4, 5]
2017-08-18 02:46:52,357 INFO     [rollout2] [1, 1, 2, 0, 1, 2, 3, 3, 1, 2, 5]
2017-08-18 02:46:52,357 INFO     [reward] 0.0513822193381
2017-08-18 02:46:52,357 INFO     [error] [ -2.31830552e-05   2.87503441e-05]
2017-08-18 02:46:52,357 INFO     
2017-08-18 02:46:52,357 INFO     [min reward] 0.0
2017-08-18 02:46:52,357 INFO     
2017-08-18 02:46:52,357 INFO     [max steps] 1
2017-08-18 02:58:18,700 INFO     [step] 2633200
2017-08-18 02:58:18,700 INFO     [task] go[LL] 0.113009555757 0.0
2017-08-18 02:58:18,700 INFO     [task] go[URU] 0.113009555757 0.0
2017-08-18 02:58:18,701 INFO     [task] go[LLD] 0.113009555757 0.0
2017-08-18 02:58:18,701 INFO     [task] go[LD] 0.113009555757 0.0
2017-08-18 02:58:18,701 INFO     [task] go[UL] 0.113009555757 0.000184558597355
2017-08-18 02:58:18,701 INFO     [task] go[DRU] 0.0779591331171 0.317312846168
2017-08-18 02:58:18,701 INFO     [task] go[RD] 0.0253183159417 0.798036465638
2017-08-18 02:58:18,701 INFO     [task] go[LUR] 0.105655660641 0.0684994725738
2017-08-18 02:58:18,701 INFO     [task] go[RDD] 0.113009555757 0.0
2017-08-18 02:58:18,701 INFO     [task] go[UR] 0.113009555757 6.24453603097e-05
2017-08-18 02:58:18,701 INFO     
2017-08-18 02:58:18,701 INFO     [rollout0] [0, 0, 2, 1, 0, 0, 4, 3, 1, 4, 1, 4, 1, 0, 2, 0, 1, 0, 0, 1, 4, 1, 1, 1, 3, 0, 0, 5]
2017-08-18 02:58:18,701 INFO     [rollout1] [3, 0, 3, 4, 4, 4, 1, 0, 1, 2, 3, 4, 1, 0, 0, 4, 4, 4, 4, 4, 4, 4, 4, 1, 4, 4, 0, 4, 4, 4, 4, 4, 4, 4, 4, 4, 4, 4, 4, 3, 4, 4, 4, 4, 2, 4, 4, 3, 4, 2, 3, 4, 4, 2, 4, 3, 4, 4, 4, 4, 4, 2, 4, 3, 4, 4, 4, 4, 4, 2, 3, 1, 2, 0, 3, 4, 4, 1, 0, 4, 4, 4, 0, 1, 4, 4, 4, 4, 4, 4, 4, 4, 4, 4, 4, 0, 1, 2, 3, 6]
2017-08-18 02:58:18,701 INFO     [rollout2] [4, 0, 4, 4, 5]
2017-08-18 02:58:18,701 INFO     [reward] 0.052027972028
2017-08-18 02:58:18,701 INFO     [error] [ -2.79951335e-05   2.45493915e-05]
2017-08-18 02:58:18,701 INFO     
2017-08-18 02:58:18,702 INFO     [min reward] 0.0
2017-08-18 02:58:18,702 INFO     
2017-08-18 02:58:18,702 INFO     [max steps] 1
2017-08-18 03:09:53,070 INFO     [step] 2780100
2017-08-18 03:09:53,070 INFO     [task] go[LL] 0.113280714555 0.0
2017-08-18 03:09:53,070 INFO     [task] go[URU] 0.113280714555 0.0
2017-08-18 03:09:53,070 INFO     [task] go[LLD] 0.113280714555 0.0
2017-08-18 03:09:53,070 INFO     [task] go[LD] 0.113280714555 0.0
2017-08-18 03:09:53,070 INFO     [task] go[UL] 0.113260014624 0.0
2017-08-18 03:09:53,070 INFO     [task] go[DRU] 0.07769118391 0.320038654133
2017-08-18 03:09:53,070 INFO     [task] go[RD] 0.0237736441902 0.807692307692
2017-08-18 03:09:53,070 INFO     [task] go[LUR] 0.105597873763 0.0679611650485
2017-08-18 03:09:53,070 INFO     [task] go[RDD] 0.113280714555 0.0
2017-08-18 03:09:53,070 INFO     [task] go[UR] 0.113273710738 5.99053495477e-05
2017-08-18 03:09:53,071 INFO     
2017-08-18 03:09:53,071 INFO     [rollout0] [3, 3, 3, 1, 1, 1, 1, 1, 1, 1, 3, 3, 1, 1, 3, 1, 1, 5]
2017-08-18 03:09:53,071 INFO     [rollout1] [1, 0, 3, 2, 2, 2, 2, 4, 0, 1, 1, 5]
2017-08-18 03:09:53,071 INFO     [rollout2] [4, 1, 3, 4, 0, 3, 2, 1, 2, 0, 4, 5]
2017-08-18 03:09:53,071 INFO     [reward] 0.0514908100749
2017-08-18 03:09:53,071 INFO     [error] [ -1.34425279e-05   2.12814068e-05]
2017-08-18 03:09:53,071 INFO     
2017-08-18 03:09:53,071 INFO     [min reward] 0.0
2017-08-18 03:09:53,071 INFO     
2017-08-18 03:09:53,071 INFO     [max steps] 1
2017-08-18 03:21:25,762 INFO     [step] 2930300
2017-08-18 03:21:25,762 INFO     [task] go[LL] 0.113429006431 0.0
2017-08-18 03:21:25,762 INFO     [task] go[URU] 0.113429006431 0.0
2017-08-18 03:21:25,762 INFO     [task] go[LLD] 0.113429006431 0.0
2017-08-18 03:21:25,762 INFO     [task] go[LD] 0.113429006431 0.0
2017-08-18 03:21:25,762 INFO     [task] go[UL] 0.113429006431 5.85754451734e-05
2017-08-18 03:21:25,762 INFO     [task] go[DRU] 0.0774867623143 0.308549553382
2017-08-18 03:21:25,763 INFO     [task] go[RD] 0.0227203569622 0.806860766792
2017-08-18 03:21:25,763 INFO     [task] go[LUR] 0.105796563434 0.0693446617105
2017-08-18 03:21:25,763 INFO     [task] go[RDD] 0.113429006431 0.0
2017-08-18 03:21:25,763 INFO     [task] go[UR] 0.113422278704 0.0
2017-08-18 03:21:25,763 INFO     
2017-08-18 03:21:25,763 INFO     [rollout0] [3, 5]
2017-08-18 03:21:25,763 INFO     [rollout1] [0, 5]
2017-08-18 03:21:25,763 INFO     [rollout2] [3, 0, 0, 4, 5]
2017-08-18 03:21:25,763 INFO     [reward] 0.0501797603196
2017-08-18 03:21:25,763 INFO     [error] [ -8.35509671e-06   2.34029338e-05]
2017-08-18 03:21:25,763 INFO     
2017-08-18 03:21:25,763 INFO     [min reward] 0.0
2017-08-18 03:21:25,763 INFO     
2017-08-18 03:21:25,763 INFO     [max steps] 1
2017-08-18 03:33:09,774 INFO     [step] 3080300
2017-08-18 03:33:09,774 INFO     [task] go[LL] 0.113289834878 0.0
2017-08-18 03:33:09,774 INFO     [task] go[URU] 0.113289834878 0.0
2017-08-18 03:33:09,774 INFO     [task] go[LLD] 0.113289834878 0.0
2017-08-18 03:33:09,774 INFO     [task] go[LD] 0.113289834878 0.000174418604651
2017-08-18 03:33:09,774 INFO     [task] go[UL] 0.113283264579 0.0
2017-08-18 03:33:09,775 INFO     [task] go[DRU] 0.0786804012602 0.324696016771
2017-08-18 03:33:09,775 INFO     [task] go[RD] 0.0227857526609 0.812463428906
2017-08-18 03:33:09,775 INFO     [task] go[LUR] 0.10551157223 0.0671820010055
2017-08-18 03:33:09,775 INFO     [task] go[RDD] 0.113289834878 0.0
2017-08-18 03:33:09,775 INFO     [task] go[UR] 0.113289834878 0.0
2017-08-18 03:33:09,775 INFO     
2017-08-18 03:33:09,775 INFO     [rollout0] [0, 0, 0, 5]
2017-08-18 03:33:09,775 INFO     [rollout1] [5]
2017-08-18 03:33:09,775 INFO     [rollout2] [5]
2017-08-18 03:33:09,775 INFO     [reward] 0.0514733333333
2017-08-18 03:33:09,775 INFO     [error] [ -4.52072301e-05   3.42127138e-05]
2017-08-18 03:33:09,775 INFO     
2017-08-18 03:33:09,775 INFO     [min reward] 0.0
2017-08-18 03:33:09,775 INFO     
