2017-08-18 16:30:01,141 INFO     BEGIN
2017-08-18 16:30:01,141 INFO     struct {
    trainer:
        improvement_threshold: 0.8
        use_curriculum: True
        name: 'CurriculumTrainer'
        max_timesteps: 100
        hints: 'resources/light/hints.yaml'
    name: 'light_modular__2'
    recipes: 'resources/light/recipes.yaml'
    world:
        name: 'LightWorld'
    model:
        use_args: False
        seed: 2
        name: 'ModularACModel'
        max_subtask_timesteps: 15
        baseline: 'state'
    experiment_dir: 'experiments/light_modular__2'
}
2017-08-18 16:30:29,591 INFO     [max steps] 1
2017-08-18 16:30:29,592 INFO     [min reward] inf
2017-08-18 16:30:29,592 INFO     
2017-08-18 16:30:46,168 INFO     [max steps] 2
2017-08-18 16:34:53,513 INFO     [step] 50000
2017-08-18 16:34:53,513 INFO     [task] go[LL] 0.2 0.0
2017-08-18 16:34:53,513 INFO     [task] go[LD] 0.2 0.0
2017-08-18 16:34:53,513 INFO     [task] go[UL] 0.2 0.000294059988238
2017-08-18 16:34:53,513 INFO     [task] go[RD] 0.2 0.0
2017-08-18 16:34:53,513 INFO     [task] go[UR] 0.2 0.0
2017-08-18 16:34:53,513 INFO     
2017-08-18 16:34:53,513 INFO     [rollout0] [1, 0, 2, 3, 0, 4, 0, 0, 0, 0, 4, 2, 3, 4, 6, 4, 2, 2, 5]
2017-08-18 16:34:53,513 INFO     [rollout1] [3, 0, 0, 2, 2, 2, 2, 2, 2, 2, 3, 2, 3, 2, 6, 0, 0, 2, 1, 1, 2, 1, 3, 0, 2, 2, 4, 1, 2, 6]
2017-08-18 16:34:53,513 INFO     [rollout2] [2, 3, 2, 2, 2, 3, 3, 1, 2, 2, 3, 3, 2, 0, 6, 1, 1, 0, 0, 0, 0, 4, 3, 0, 4, 4, 0, 0, 4, 6]
2017-08-18 16:34:53,514 INFO     [reward] 6e-05
2017-08-18 16:34:53,514 INFO     [error] [ -9.15905380e-06   4.82350647e-05]
2017-08-18 16:34:53,514 INFO     
2017-08-18 16:34:53,514 INFO     [min reward] 0.0
2017-08-18 16:34:53,514 INFO     
2017-08-18 16:34:53,514 INFO     [max steps] 2
2017-08-18 16:38:58,007 INFO     [step] 100000
2017-08-18 16:38:58,007 INFO     [task] go[LL] 0.200011646618 0.0
2017-08-18 16:38:58,007 INFO     [task] go[LD] 0.200011646618 0.0
2017-08-18 16:38:58,007 INFO     [task] go[UL] 0.199953413527 0.000100290843446
2017-08-18 16:38:58,007 INFO     [task] go[RD] 0.200011646618 0.0
2017-08-18 16:38:58,007 INFO     [task] go[UR] 0.200011646618 0.00396353547364
2017-08-18 16:38:58,007 INFO     
2017-08-18 16:38:58,007 INFO     [rollout0] [3, 4, 4, 1, 4, 0, 1, 1, 1, 0, 1, 4, 1, 3, 6, 3, 4, 4, 0, 1, 1, 4, 1, 3, 3, 1, 5]
2017-08-18 16:38:58,007 INFO     [rollout1] [4, 1, 1, 4, 1, 1, 3, 0, 1, 3, 2, 4, 3, 4, 6, 2, 0, 1, 4, 3, 1, 0, 2, 0, 3, 0, 4, 2, 1, 6]
2017-08-18 16:38:58,007 INFO     [rollout2] [3, 4, 4, 3, 4, 3, 0, 4, 2, 4, 0, 2, 3, 4, 6, 2, 3, 4, 3, 4, 1, 0, 5]
2017-08-18 16:38:58,007 INFO     [reward] 0.00082
2017-08-18 16:38:58,008 INFO     [error] [ -3.01730680e-06   1.44892116e-05]
2017-08-18 16:38:58,008 INFO     
2017-08-18 16:38:58,008 INFO     [min reward] 0.0
2017-08-18 16:38:58,008 INFO     
2017-08-18 16:38:58,008 INFO     [max steps] 2
2017-08-18 16:43:55,792 INFO     [step] 165900
2017-08-18 16:43:55,793 INFO     [task] go[LL] 0.200161073235 0.0
2017-08-18 16:43:55,793 INFO     [task] go[LD] 0.200161073235 0.00590038314176
2017-08-18 16:43:55,793 INFO     [task] go[UL] 0.200141197668 7.60167236792e-05
2017-08-18 16:43:55,793 INFO     [task] go[RD] 0.200161073235 0.0368409277351
2017-08-18 16:43:55,793 INFO     [task] go[UR] 0.199375582627 0.0568526379624
2017-08-18 16:43:55,793 INFO     
2017-08-18 16:43:55,793 INFO     [rollout0] [0, 5, 0, 0, 0, 3, 3, 3, 1, 5]
2017-08-18 16:43:55,793 INFO     [rollout1] [5, 3, 4, 5]
2017-08-18 16:43:55,793 INFO     [rollout2] [4, 2, 3, 2, 2, 3, 2, 3, 2, 4, 2, 4, 3, 5, 2, 2, 1, 3, 2, 2, 2, 2, 4, 2, 4, 2, 2, 2, 6]
2017-08-18 16:43:55,793 INFO     [reward] 0.0200606980273
2017-08-18 16:43:55,793 INFO     [error] [  1.78115965e-05   3.16952302e-05]
2017-08-18 16:43:55,794 INFO     
2017-08-18 16:43:55,794 INFO     [min reward] 0.0
2017-08-18 16:43:55,794 INFO     
2017-08-18 16:43:55,794 INFO     [max steps] 2
2017-08-18 16:50:54,171 INFO     [step] 265800
2017-08-18 16:50:54,172 INFO     [task] go[LL] 0.204026800834 0.200684429235
2017-08-18 16:50:54,172 INFO     [task] go[LD] 0.202834883709 0.188765157139
2017-08-18 16:50:54,172 INFO     [task] go[UL] 0.204011444944 0.00151878888834
2017-08-18 16:50:54,172 INFO     [task] go[RD] 0.196584685363 0.245814036338
2017-08-18 16:50:54,172 INFO     [task] go[UR] 0.192542185149 0.246663190824
2017-08-18 16:50:54,172 INFO     
2017-08-18 16:50:54,172 INFO     [rollout0] [2, 2, 2, 2, 2, 2, 2, 4, 2, 2, 2, 5, 5]
2017-08-18 16:50:54,172 INFO     [rollout1] [2, 2, 2, 2, 2, 2, 5, 2, 4, 5]
2017-08-18 16:50:54,172 INFO     [rollout2] [4, 4, 4, 5, 2, 4, 1, 1, 4, 3, 1, 4, 3, 4, 3, 4, 2, 1, 6]
2017-08-18 16:50:54,172 INFO     [reward] 0.175285285285
2017-08-18 16:50:54,172 INFO     [error] [  7.73727264e-06   6.07662067e-05]
2017-08-18 16:50:54,173 INFO     
2017-08-18 16:50:54,173 INFO     [min reward] 0.00151878888834
2017-08-18 16:50:54,173 INFO     
2017-08-18 16:50:54,173 INFO     [max steps] 2
2017-08-18 16:57:42,693 INFO     [step] 365800
2017-08-18 16:57:42,694 INFO     [task] go[LL] 0.194240970725 0.475617800781
2017-08-18 16:57:42,694 INFO     [task] go[LD] 0.197101673109 0.341436240251
2017-08-18 16:57:42,694 INFO     [task] go[UL] 0.242042012388 0.0
2017-08-18 16:57:42,694 INFO     [task] go[RD] 0.183409573173 0.404583901774
2017-08-18 16:57:42,694 INFO     [task] go[UR] 0.183205770605 0.395424297421
2017-08-18 16:57:42,694 INFO     
2017-08-18 16:57:42,694 INFO     [rollout0] [3, 1, 4, 1, 4, 2, 0, 2, 0, 2, 2, 2, 2, 2, 6, 2, 2, 2, 2, 5]
2017-08-18 16:57:42,694 INFO     [rollout1] [0, 1, 4, 3, 0, 5, 1, 3, 4, 0, 1, 2, 0, 2, 0, 0, 2, 2, 2, 2, 6]
2017-08-18 16:57:42,694 INFO     [rollout2] [5, 3, 2, 4, 0, 0, 0, 0, 0, 0, 3, 3, 3, 0, 3, 6]
2017-08-18 16:57:42,694 INFO     [reward] 0.30719
2017-08-18 16:57:42,694 INFO     [error] [ -1.63753670e-05   1.00538092e-04]
2017-08-18 16:57:42,695 INFO     
2017-08-18 16:57:42,695 INFO     [min reward] 0.0
2017-08-18 16:57:42,695 INFO     
2017-08-18 16:57:42,695 INFO     [max steps] 2
2017-08-18 17:04:26,307 INFO     [step] 465800
2017-08-18 17:04:26,308 INFO     [task] go[LL] 0.155663235576 0.87375223957
2017-08-18 17:04:26,308 INFO     [task] go[LD] 0.194749746874 0.696716200769
2017-08-18 17:04:26,308 INFO     [task] go[UL] 0.294208654708 0.00047258979206
2017-08-18 17:04:26,308 INFO     [task] go[RD] 0.17635510475 0.54425483504
2017-08-18 17:04:26,308 INFO     [task] go[UR] 0.179023258091 0.48359558085
2017-08-18 17:04:26,308 INFO     
2017-08-18 17:04:26,308 INFO     [rollout0] [4, 5, 1, 0, 0, 0, 0, 2, 2, 2, 2, 2, 2, 2, 2, 2, 6]
2017-08-18 17:04:26,308 INFO     [rollout1] [2, 0, 4, 5, 3, 0, 0, 3, 0, 3, 4, 3, 3, 0, 0, 3, 0, 0, 6]
2017-08-18 17:04:26,308 INFO     [rollout2] [4, 2, 2, 2, 2, 2, 2, 1, 1, 4, 5, 1, 5]
2017-08-18 17:04:26,308 INFO     [reward] 0.45313
2017-08-18 17:04:26,308 INFO     [error] [ -1.32815023e-05   8.44303384e-05]
2017-08-18 17:04:26,309 INFO     
2017-08-18 17:04:26,309 INFO     [min reward] 0.00047258979206
2017-08-18 17:04:26,309 INFO     
2017-08-18 17:04:26,309 INFO     [max steps] 2
2017-08-18 17:11:24,642 INFO     [step] 565800
2017-08-18 17:11:24,642 INFO     [task] go[LL] 0.0555839119478 0.892953200646
2017-08-18 17:11:24,642 INFO     [task] go[LD] 0.127807892447 0.771218587008
2017-08-18 17:11:24,642 INFO     [task] go[UL] 0.411848844346 0.48779896182
2017-08-18 17:11:24,643 INFO     [task] go[RD] 0.190006339609 0.637663506858
2017-08-18 17:11:24,643 INFO     [task] go[UR] 0.21475301165 0.67433056325
2017-08-18 17:11:24,643 INFO     
2017-08-18 17:11:24,643 INFO     [rollout0] [3, 3, 3, 0, 3, 3, 3, 3, 3, 3, 3, 5, 2, 5]
2017-08-18 17:11:24,643 INFO     [rollout1] [3, 3, 3, 3, 5, 1, 1, 3, 3, 3, 4, 1, 2, 1, 5]
2017-08-18 17:11:24,643 INFO     [rollout2] [3, 1, 1, 4, 3, 0, 0, 3, 3, 3, 3, 3, 1, 4, 6, 2, 1, 1, 5]
2017-08-18 17:11:24,643 INFO     [reward] 0.61496
2017-08-18 17:11:24,643 INFO     [error] [ -5.50838486e-05   1.17934403e-04]
2017-08-18 17:11:24,643 INFO     
2017-08-18 17:11:24,643 INFO     [min reward] 0.48779896182
2017-08-18 17:11:24,643 INFO     
2017-08-18 17:11:24,643 INFO     [max steps] 2
2017-08-18 17:18:18,526 INFO     [step] 665800
2017-08-18 17:18:18,527 INFO     [task] go[LL] 0.0737983626086 0.89769157219
2017-08-18 17:18:18,527 INFO     [task] go[LD] 0.150552406365 0.820030775406
2017-08-18 17:18:18,527 INFO     [task] go[UL] 0.329249341141 0.778777686877
2017-08-18 17:18:18,527 INFO     [task] go[RD] 0.234759290172 0.737776459622
2017-08-18 17:18:18,527 INFO     [task] go[UR] 0.211640599713 0.724570454868
2017-08-18 17:18:18,527 INFO     
2017-08-18 17:18:18,527 INFO     [rollout0] [0, 0, 0, 0, 0, 0, 5, 2, 2, 2, 2, 2, 2, 2, 2, 2, 0, 2, 2, 2, 0, 6]
2017-08-18 17:18:18,527 INFO     [rollout1] [3, 3, 3, 3, 3, 3, 5, 1, 4, 1, 1, 5]
2017-08-18 17:18:18,527 INFO     [rollout2] [0, 3, 3, 4, 2, 1, 2, 2, 2, 2, 2, 2, 2, 5, 1, 1, 1, 5]
2017-08-18 17:18:18,527 INFO     [reward] 0.77252
2017-08-18 17:18:18,527 INFO     [error] [ -4.62608068e-05   1.14250919e-04]
2017-08-18 17:18:18,528 INFO     
2017-08-18 17:18:18,528 INFO     [min reward] 0.724570454868
2017-08-18 17:18:18,528 INFO     
2017-08-18 17:18:18,528 INFO     [max steps] 2
2017-08-18 17:25:06,400 INFO     [step] 765800
2017-08-18 17:25:06,401 INFO     [task] go[LL] 0.102926374722 0.905010850266
2017-08-18 17:25:06,401 INFO     [task] go[LD] 0.174099521981 0.834850230415
2017-08-18 17:25:06,401 INFO     [task] go[UL] 0.211906398377 0.826947487189
2017-08-18 17:25:06,401 INFO     [task] go[RD] 0.249482453556 0.765574302401
2017-08-18 17:25:06,401 INFO     [task] go[UR] 0.261585251364 0.755710253998
2017-08-18 17:25:06,401 INFO     
2017-08-18 17:25:06,401 INFO     [rollout0] [3, 3, 3, 0, 3, 3, 3, 2, 3, 3, 4, 4, 4, 4, 6, 2, 3, 4, 4, 4, 0, 1, 4, 0, 1, 4, 2, 2, 4, 6]
2017-08-18 17:25:06,401 INFO     [rollout1] [3, 1, 1, 4, 0, 0, 2, 2, 2, 2, 2, 2, 2, 2, 6, 2, 2, 2, 5]
2017-08-18 17:25:06,401 INFO     [rollout2] [1, 3, 0, 3, 1, 4, 2, 2, 0, 2, 2, 2, 2, 2, 6, 2, 2, 0, 4, 1, 3, 1, 1, 1, 5]
2017-08-18 17:25:06,402 INFO     [reward] 0.80217
2017-08-18 17:25:06,402 INFO     [error] [ -3.38241117e-05   1.05203360e-04]
2017-08-18 17:25:06,402 INFO     
2017-08-18 17:25:06,402 INFO     [min reward] 0.755710253998
2017-08-18 17:25:06,402 INFO     
2017-08-18 17:25:06,402 INFO     [max steps] 2
2017-08-18 17:31:53,836 INFO     [step] 865800
2017-08-18 17:31:53,836 INFO     [task] go[LL] 0.109146896007 0.90903195924
2017-08-18 17:31:53,836 INFO     [task] go[LD] 0.182085993982 0.84585973345
2017-08-18 17:31:53,836 INFO     [task] go[UL] 0.190301699083 0.843184814131
2017-08-18 17:31:53,836 INFO     [task] go[RD] 0.254105364839 0.783052577846
2017-08-18 17:31:53,836 INFO     [task] go[UR] 0.264360046089 0.766672964292
2017-08-18 17:31:53,837 INFO     
2017-08-18 17:31:53,837 INFO     [rollout0] [0, 0, 0, 0, 0, 0, 5, 3, 3, 3, 3, 5]
2017-08-18 17:31:53,837 INFO     [rollout1] [2, 0, 4, 0, 1, 1, 2, 2, 2, 2, 2, 5, 1, 1, 1, 5]
2017-08-18 17:31:53,837 INFO     [rollout2] [0, 0, 0, 0, 0, 0, 5, 2, 2, 2, 2, 2, 2, 4, 5]
2017-08-18 17:31:53,837 INFO     [reward] 0.81522
2017-08-18 17:31:53,837 INFO     [error] [ -1.87382384e-05   1.09609749e-04]
2017-08-18 17:31:53,837 INFO     
2017-08-18 17:31:53,837 INFO     [min reward] 0.766672964292
2017-08-18 17:31:53,837 INFO     
2017-08-18 17:31:53,837 INFO     [max steps] 2
2017-08-18 17:38:42,725 INFO     [step] 965800
2017-08-18 17:38:42,726 INFO     [task] go[LL] 0.111913400649 0.921812170494
2017-08-18 17:38:42,726 INFO     [task] go[LD] 0.181933761167 0.852699498153
2017-08-18 17:38:42,726 INFO     [task] go[UL] 0.18489865298 0.85634459936
2017-08-18 17:38:42,726 INFO     [task] go[RD] 0.251549476357 0.783052598125
2017-08-18 17:38:42,726 INFO     [task] go[UR] 0.269704708847 0.779838203243
2017-08-18 17:38:42,726 INFO     
2017-08-18 17:38:42,726 INFO     [rollout0] [5, 1, 3, 3, 2, 3, 4, 5]
2017-08-18 17:38:42,726 INFO     [rollout1] [3, 4, 2, 2, 2, 2, 2, 2, 2, 2, 2, 2, 2, 2, 6, 2, 2, 0, 1, 4, 5]
2017-08-18 17:38:42,726 INFO     [rollout2] [3, 4, 1, 4, 2, 0, 0, 0, 0, 0, 0, 0, 5, 2, 2, 2, 2, 5]
2017-08-18 17:38:42,726 INFO     [reward] 0.82385
2017-08-18 17:38:42,726 INFO     [error] [ -4.24725324e-05   1.22095250e-04]
2017-08-18 17:38:42,727 INFO     
2017-08-18 17:38:42,727 INFO     [min reward] 0.779838203243
2017-08-18 17:38:42,727 INFO     
2017-08-18 17:38:42,727 INFO     [max steps] 2
2017-08-18 17:45:30,462 INFO     [step] 1065800
2017-08-18 17:45:30,462 INFO     [task] go[LL] 0.102992733048 0.918578541443
2017-08-18 17:45:30,462 INFO     [task] go[LD] 0.183707986532 0.860368164591
2017-08-18 17:45:30,462 INFO     [task] go[UL] 0.179450948598 0.860077021823
2017-08-18 17:45:30,462 INFO     [task] go[RD] 0.265047153426 0.798086087918
2017-08-18 17:45:30,462 INFO     [task] go[UR] 0.268801178396 0.792785822188
2017-08-18 17:45:30,462 INFO     
2017-08-18 17:45:30,462 INFO     [rollout0] [0, 0, 0, 0, 0, 0, 5, 3, 3, 3, 3, 5]
2017-08-18 17:45:30,463 INFO     [rollout1] [0, 0, 0, 0, 4, 0, 0, 5, 2, 2, 2, 2, 5]
2017-08-18 17:45:30,463 INFO     [rollout2] [0, 3, 4, 1, 2, 2, 2, 2, 2, 2, 2, 5, 1, 1, 1, 5]
2017-08-18 17:45:30,463 INFO     [reward] 0.8316
2017-08-18 17:45:30,463 INFO     [error] [ -3.48475544e-05   1.29069505e-04]
2017-08-18 17:45:30,463 INFO     
2017-08-18 17:45:30,463 INFO     [min reward] 0.792785822188
2017-08-18 17:45:30,463 INFO     
2017-08-18 17:45:30,463 INFO     [max steps] 2
2017-08-18 17:52:17,531 INFO     [step] 1165800
2017-08-18 17:52:17,531 INFO     [task] go[LL] 0.111475396046 0.923241699393
2017-08-18 17:52:17,531 INFO     [task] go[LD] 0.182454626917 0.863023498982
2017-08-18 17:52:17,531 INFO     [task] go[UL] 0.182809633892 0.863599148518
2017-08-18 17:52:17,531 INFO     [task] go[RD] 0.258398713495 0.808959359606
2017-08-18 17:52:17,532 INFO     [task] go[UR] 0.26486162965 0.801405775076
2017-08-18 17:52:17,532 INFO     
2017-08-18 17:52:17,532 INFO     [rollout0] [0, 0, 0, 0, 3, 4, 0, 4, 0, 4, 0, 4, 5, 1, 2, 2, 2, 2, 0, 2, 5]
2017-08-18 17:52:17,532 INFO     [rollout1] [0, 0, 0, 0, 0, 0, 5, 2, 2, 2, 2, 5]
2017-08-18 17:52:17,532 INFO     [rollout2] [2, 0, 4, 1, 3, 3, 3, 3, 0, 3, 3, 3, 5, 1, 1, 1, 5]
2017-08-18 17:52:17,532 INFO     [reward] 0.83961
2017-08-18 17:52:17,532 INFO     [error] [ -2.19074501e-05   1.13142492e-04]
2017-08-18 17:52:17,532 INFO     
2017-08-18 17:52:17,532 INFO     [min reward] 0.801405775076
2017-08-18 17:52:17,533 INFO     
2017-08-18 17:52:33,964 INFO     [max steps] 3
2017-08-18 18:00:22,129 INFO     [step] 1249100
2017-08-18 18:00:22,130 INFO     [task] go[LL] 0.1 0.931820909855
2017-08-18 18:00:22,130 INFO     [task] go[URU] 0.1 0.642107801761
2017-08-18 18:00:22,130 INFO     [task] go[LLD] 0.1 0.862348668281
2017-08-18 18:00:22,130 INFO     [task] go[LD] 0.1 0.850891795482
2017-08-18 18:00:22,130 INFO     [task] go[UL] 0.1 0.863652630323
2017-08-18 18:00:22,130 INFO     [task] go[DRU] 0.1 0.205638474295
2017-08-18 18:00:22,130 INFO     [task] go[RD] 0.1 0.794410692588
2017-08-18 18:00:22,131 INFO     [task] go[LUR] 0.1 0.744301994302
2017-08-18 18:00:22,131 INFO     [task] go[RDD] 0.1 0.136407185629
2017-08-18 18:00:22,131 INFO     [task] go[UR] 0.1 0.803350862174
2017-08-18 18:00:22,131 INFO     
2017-08-18 18:00:22,131 INFO     [rollout0] [2, 2, 2, 2, 2, 2, 5, 0, 0, 0, 0, 0, 0, 5, 3, 3, 3, 3, 5]
2017-08-18 18:00:22,131 INFO     [rollout1] [1, 1, 1, 1, 1, 1, 5, 3, 3, 3, 3, 5, 3, 1, 4, 0, 0, 0, 0, 0, 0, 0, 0, 0, 0, 0, 6]
2017-08-18 18:00:22,131 INFO     [rollout2] [1, 1, 3, 4, 2, 1, 1, 1, 1, 1, 3, 4, 5, 0, 3, 3, 3, 5, 3, 3, 1, 1, 4, 0, 0, 0, 0, 0, 0, 5]
2017-08-18 18:00:22,131 INFO     [reward] 0.682581032413
2017-08-18 18:00:22,131 INFO     [error] [  5.22301265e-06   1.99747787e-04]
2017-08-18 18:00:22,131 INFO     
2017-08-18 18:00:22,131 INFO     [min reward] 0.136407185629
2017-08-18 18:00:22,131 INFO     
2017-08-18 18:00:22,132 INFO     [max steps] 3
2017-08-18 18:05:34,766 INFO     [step] 1299100
2017-08-18 18:05:34,766 INFO     [task] go[LL] 0.0239440852542 0.928276999176
2017-08-18 18:05:34,766 INFO     [task] go[URU] 0.112675168548 0.68563876652
2017-08-18 18:05:34,766 INFO     [task] go[LLD] 0.0452215044715 0.800771208226
2017-08-18 18:05:34,767 INFO     [task] go[LD] 0.0487304265957 0.786324786325
2017-08-18 18:05:34,767 INFO     [task] go[UL] 0.0448221370927 0.840190558683
2017-08-18 18:05:34,767 INFO     [task] go[DRU] 0.246353608246 0.55826446281
2017-08-18 18:05:34,767 INFO     [task] go[RD] 0.0660290206369 0.800799262219
2017-08-18 18:05:34,767 INFO     [task] go[LUR] 0.081375924029 0.735531135531
2017-08-18 18:05:34,767 INFO     [task] go[RDD] 0.267557230276 0.745891181989
2017-08-18 18:05:34,767 INFO     [task] go[UR] 0.0632908948495 0.789441185551
2017-08-18 18:05:34,767 INFO     
2017-08-18 18:05:34,767 INFO     [rollout0] [1, 2, 1, 4, 0, 3, 0, 0, 0, 0, 0, 0, 0, 5, 3, 3, 3, 3, 5]
2017-08-18 18:05:34,767 INFO     [rollout1] [2, 2, 2, 2, 2, 2, 5, 0, 0, 0, 0, 5, 0, 0, 3, 3, 3, 3, 3, 4, 3, 5]
2017-08-18 18:05:34,767 INFO     [rollout2] [2, 2, 2, 2, 2, 2, 5, 0, 0, 0, 0, 0, 0, 5, 3, 3, 3, 3, 5]
2017-08-18 18:05:34,767 INFO     [reward] 0.71252
2017-08-18 18:05:34,768 INFO     [error] [ -2.19197943e-05   1.35811723e-04]
2017-08-18 18:05:34,768 INFO     
2017-08-18 18:05:34,768 INFO     [min reward] 0.55826446281
2017-08-18 18:05:34,768 INFO     
2017-08-18 18:05:34,768 INFO     [max steps] 3
2017-08-18 18:11:17,562 INFO     [step] 1357100
2017-08-18 18:11:17,562 INFO     [task] go[LL] 0.0336465045818 0.926485397784
2017-08-18 18:11:17,563 INFO     [task] go[URU] 0.133544064931 0.709238083001
2017-08-18 18:11:17,563 INFO     [task] go[LLD] 0.0861424253887 0.857513470365
2017-08-18 18:11:17,563 INFO     [task] go[LD] 0.0920902197158 0.837706146927
2017-08-18 18:11:17,563 INFO     [task] go[UL] 0.0699129264424 0.848860257681
2017-08-18 18:11:17,563 INFO     [task] go[DRU] 0.185985850599 0.402844923763
2017-08-18 18:11:17,563 INFO     [task] go[RD] 0.0861308751666 0.797300020149
2017-08-18 18:11:17,563 INFO     [task] go[LUR] 0.113002677493 0.749468569693
2017-08-18 18:11:17,563 INFO     [task] go[RDD] 0.108737301196 0.423101265823
2017-08-18 18:11:17,563 INFO     [task] go[UR] 0.0908071544858 0.794945433659
2017-08-18 18:11:17,563 INFO     
2017-08-18 18:11:17,563 INFO     [rollout0] [1, 3, 3, 4, 5, 3, 0, 3, 3, 5, 0, 5]
2017-08-18 18:11:17,563 INFO     [rollout1] [2, 2, 2, 2, 2, 2, 2, 2, 2, 2, 5, 5]
2017-08-18 18:11:17,563 INFO     [rollout2] [1, 4, 0, 3, 3, 3, 3, 5, 1, 3, 1, 3, 3, 3, 4, 2, 2, 1, 5, 1, 1, 1, 1, 1, 1, 1, 5]
2017-08-18 18:11:17,563 INFO     [reward] 0.682844827586
2017-08-18 18:11:17,563 INFO     [error] [ -2.98084888e-05   1.19342763e-04]
2017-08-18 18:11:17,564 INFO     
2017-08-18 18:11:17,564 INFO     [min reward] 0.402844923763
2017-08-18 18:11:17,564 INFO     
2017-08-18 18:11:17,564 INFO     [max steps] 3
2017-08-18 18:16:27,157 INFO     [step] 1407800
2017-08-18 18:16:27,157 INFO     [task] go[LL] 0.0303409616201 0.918247220405
2017-08-18 18:16:27,157 INFO     [task] go[URU] 0.109267188472 0.719866853539
2017-08-18 18:16:27,157 INFO     [task] go[LLD] 0.055398550918 0.819373634377
2017-08-18 18:16:27,157 INFO     [task] go[LD] 0.0625945768141 0.794182045668
2017-08-18 18:16:27,157 INFO     [task] go[UL] 0.058542274135 0.85471826205
2017-08-18 18:16:27,157 INFO     [task] go[DRU] 0.22058021444 0.608790016278
2017-08-18 18:16:27,157 INFO     [task] go[RD] 0.0772741742647 0.815283267457
2017-08-18 18:16:27,158 INFO     [task] go[LUR] 0.0946514012886 0.744960921432
2017-08-18 18:16:27,158 INFO     [task] go[RDD] 0.213221059505 0.71715396003
2017-08-18 18:16:27,158 INFO     [task] go[UR] 0.0781295985431 0.782769686497
2017-08-18 18:16:27,158 INFO     
2017-08-18 18:16:27,158 INFO     [rollout0] [1, 3, 3, 4, 3, 3, 3, 3, 0, 3, 3, 3, 3, 5, 1, 1, 1, 1, 1, 4, 1, 1, 1, 1, 1, 1, 3, 4, 6, 2, 1, 3, 5]
2017-08-18 18:16:27,158 INFO     [rollout1] [3, 3, 3, 3, 5, 3, 3, 3, 3, 0, 4, 1, 2, 2, 1, 1, 1, 1, 5]
2017-08-18 18:16:27,158 INFO     [rollout2] [3, 3, 3, 3, 5, 3, 3, 3, 3, 0, 4, 2, 2, 1, 1, 1, 1, 1, 1, 6, 1, 3, 3, 4, 2, 2, 1, 1, 1, 1, 5]
2017-08-18 18:16:27,158 INFO     [reward] 0.733530571992
2017-08-18 18:16:27,158 INFO     [error] [ -1.93197010e-05   1.20873609e-04]
2017-08-18 18:16:27,158 INFO     
2017-08-18 18:16:27,158 INFO     [min reward] 0.608790016278
2017-08-18 18:16:27,158 INFO     
2017-08-18 18:16:27,158 INFO     [max steps] 3
2017-08-18 18:22:18,923 INFO     [step] 1467600
2017-08-18 18:22:18,923 INFO     [task] go[LL] 0.0394694326012 0.932334047109
2017-08-18 18:22:18,924 INFO     [task] go[URU] 0.124807016422 0.733635515265
2017-08-18 18:22:18,924 INFO     [task] go[LLD] 0.0820020333248 0.854251012146
2017-08-18 18:22:18,924 INFO     [task] go[LD] 0.0928387373143 0.832007073386
2017-08-18 18:22:18,924 INFO     [task] go[UL] 0.0667977811384 0.864111498258
2017-08-18 18:22:18,924 INFO     [task] go[DRU] 0.172589108269 0.456214411938
2017-08-18 18:22:18,924 INFO     [task] go[RD] 0.0837615926774 0.802719747734
2017-08-18 18:22:18,924 INFO     [task] go[LUR] 0.11401226311 0.749812284127
2017-08-18 18:22:18,924 INFO     [task] go[RDD] 0.125974025945 0.475577731092
2017-08-18 18:22:18,924 INFO     [task] go[UR] 0.0977480091979 0.807943603851
2017-08-18 18:22:18,924 INFO     
2017-08-18 18:22:18,924 INFO     [rollout0] [2, 2, 2, 2, 1, 1, 4, 0, 0, 2, 2, 5, 1, 1, 1, 5]
2017-08-18 18:22:18,924 INFO     [rollout1] [3, 1, 4, 3, 4, 2, 0, 0, 4, 1, 2, 1, 1, 1, 6, 3, 3, 3, 3, 3, 3, 0, 0, 0, 3, 3, 3, 3, 5, 0, 5]
2017-08-18 18:22:18,924 INFO     [rollout2] [3, 1, 1, 4, 0, 0, 2, 2, 2, 2, 2, 2, 2, 2, 6, 1, 1, 4, 5]
2017-08-18 18:22:18,924 INFO     [reward] 0.704197324415
2017-08-18 18:22:18,924 INFO     [error] [ -1.99307879e-05   1.22303638e-04]
2017-08-18 18:22:18,925 INFO     
2017-08-18 18:22:18,925 INFO     [min reward] 0.456214411938
2017-08-18 18:22:18,925 INFO     
2017-08-18 18:22:18,925 INFO     [max steps] 3
2017-08-18 18:27:29,592 INFO     [step] 1518500
2017-08-18 18:27:29,593 INFO     [task] go[LL] 0.0299707341342 0.932301740812
2017-08-18 18:27:29,593 INFO     [task] go[URU] 0.106647072338 0.730187983782
2017-08-18 18:27:29,593 INFO     [task] go[LLD] 0.0601024172485 0.830441898527
2017-08-18 18:27:29,593 INFO     [task] go[LD] 0.0686861936633 0.792932242991
2017-08-18 18:27:29,593 INFO     [task] go[UL] 0.0562973263857 0.86235375086
2017-08-18 18:27:29,593 INFO     [task] go[DRU] 0.213701886211 0.622428174235
2017-08-18 18:27:29,593 INFO     [task] go[RD] 0.0799879625591 0.801003764115
2017-08-18 18:27:29,593 INFO     [task] go[LUR] 0.100404573268 0.757817051855
2017-08-18 18:27:29,593 INFO     [task] go[RDD] 0.20622972024 0.701188455008
2017-08-18 18:27:29,593 INFO     [task] go[UR] 0.0779721139531 0.794366899302
2017-08-18 18:27:29,593 INFO     
2017-08-18 18:27:29,593 INFO     [rollout0] [3, 3, 4, 2, 2, 1, 1, 1, 1, 1, 1, 1, 1, 1, 6, 3, 0, 0, 0, 0, 0, 0, 0, 1, 3, 3, 3, 0, 0, 6, 5]
2017-08-18 18:27:29,593 INFO     [rollout1] [0, 0, 0, 0, 5, 0, 4, 0, 3, 3, 3, 3, 3, 3, 5, 0, 0, 0, 0, 5]
2017-08-18 18:27:29,593 INFO     [rollout2] [1, 1, 1, 1, 1, 1, 1, 1, 1, 1, 5, 0, 3, 0, 0, 0, 0, 0, 0, 3, 3, 0, 0, 0, 0, 6, 0, 5]
2017-08-18 18:27:29,594 INFO     [reward] 0.738644400786
2017-08-18 18:27:29,594 INFO     [error] [ -1.82005583e-05   1.22579162e-04]
2017-08-18 18:27:29,594 INFO     
2017-08-18 18:27:29,594 INFO     [min reward] 0.622428174235
2017-08-18 18:27:29,594 INFO     
2017-08-18 18:27:29,594 INFO     [max steps] 3
2017-08-18 18:32:58,820 INFO     [step] 1573800
2017-08-18 18:32:58,820 INFO     [task] go[LL] 0.0341534106582 0.936170212766
2017-08-18 18:32:58,820 INFO     [task] go[URU] 0.122995480168 0.73808122425
2017-08-18 18:32:58,820 INFO     [task] go[LLD] 0.078927399928 0.840862656073
2017-08-18 18:32:58,820 INFO     [task] go[LD] 0.0954153197678 0.803784295175
2017-08-18 18:32:58,820 INFO     [task] go[UL] 0.0649000766778 0.867534673082
2017-08-18 18:32:58,820 INFO     [task] go[DRU] 0.170362886676 0.566738894908
2017-08-18 18:32:58,821 INFO     [task] go[RD] 0.0918673641444 0.802345702749
2017-08-18 18:32:58,821 INFO     [task] go[LUR] 0.110850717623 0.743767090236
2017-08-18 18:32:58,821 INFO     [task] go[RDD] 0.135742648836 0.625966408958
2017-08-18 18:32:58,821 INFO     [task] go[UR] 0.0947846955213 0.811491160646
2017-08-18 18:32:58,821 INFO     
2017-08-18 18:32:58,821 INFO     [rollout0] [0, 4, 1, 2, 2, 2, 2, 2, 2, 5, 1, 1, 1, 5]
2017-08-18 18:32:58,821 INFO     [rollout1] [0, 0, 0, 0, 5, 0, 4, 0, 2, 2, 2, 2, 5]
2017-08-18 18:32:58,821 INFO     [rollout2] [1, 4, 0, 0, 4, 1, 1, 1, 1, 5, 3, 0, 0, 0, 3, 3, 3, 3, 3, 3, 5, 5]
2017-08-18 18:32:58,821 INFO     [reward] 0.737504520796
2017-08-18 18:32:58,821 INFO     [error] [ -2.41004396e-05   1.30534620e-04]
2017-08-18 18:32:58,821 INFO     
2017-08-18 18:32:58,822 INFO     [min reward] 0.566738894908
2017-08-18 18:32:58,822 INFO     
2017-08-18 18:32:58,822 INFO     [max steps] 3
2017-08-18 18:38:25,550 INFO     [step] 1628300
2017-08-18 18:38:25,551 INFO     [task] go[LL] 0.0312406843412 0.935579196217
2017-08-18 18:38:25,551 INFO     [task] go[URU] 0.115060993102 0.743083003953
2017-08-18 18:38:25,551 INFO     [task] go[LLD] 0.0715695733376 0.842875481386
2017-08-18 18:38:25,551 INFO     [task] go[LD] 0.0872590858243 0.814330218069
2017-08-18 18:38:25,551 INFO     [task] go[UL] 0.0602834502786 0.878586529749
2017-08-18 18:38:25,551 INFO     [task] go[DRU] 0.187563594366 0.545614894659
2017-08-18 18:38:25,551 INFO     [task] go[RD] 0.0878678186074 0.817083692839
2017-08-18 18:38:25,551 INFO     [task] go[LUR] 0.112655048955 0.712351117637
2017-08-18 18:38:25,551 INFO     [task] go[RDD] 0.162501784763 0.589504438701
2017-08-18 18:38:25,551 INFO     [task] go[UR] 0.0839979664245 0.810581319399
2017-08-18 18:38:25,551 INFO     
2017-08-18 18:38:25,552 INFO     [rollout0] [2, 2, 2, 2, 1, 1, 2, 4, 0, 0, 2, 5, 0, 0, 0, 0, 5, 0, 3, 4, 0, 3, 3, 3, 3, 4, 3, 5]
2017-08-18 18:38:25,552 INFO     [rollout1] [1, 1, 1, 1, 1, 1, 5, 3, 3, 3, 3, 3, 3, 5, 0, 0, 0, 0, 5]
2017-08-18 18:38:25,552 INFO     [rollout2] [3, 3, 3, 3, 5, 3, 0, 4, 1, 2, 2, 5, 1, 1, 1, 1, 1, 1, 1, 1, 1, 1, 5]
2017-08-18 18:38:25,552 INFO     [reward] 0.71719266055
2017-08-18 18:38:25,552 INFO     [error] [ -1.67669967e-05   1.27473616e-04]
2017-08-18 18:38:25,552 INFO     
2017-08-18 18:38:25,552 INFO     [min reward] 0.545614894659
2017-08-18 18:38:25,552 INFO     
2017-08-18 18:38:25,552 INFO     [max steps] 3
2017-08-18 18:43:43,704 INFO     [step] 1681100
2017-08-18 18:43:43,704 INFO     [task] go[LL] 0.0308747476433 0.935687263556
2017-08-18 18:43:43,704 INFO     [task] go[URU] 0.110735096583 0.751217055565
2017-08-18 18:43:43,704 INFO     [task] go[LLD] 0.0693344747026 0.835780315389
2017-08-18 18:43:43,704 INFO     [task] go[LD] 0.0811769670777 0.816012846983
2017-08-18 18:43:43,705 INFO     [task] go[UL] 0.0545191334237 0.859125607217
2017-08-18 18:43:43,705 INFO     [task] go[DRU] 0.19265813063 0.581063933626
2017-08-18 18:43:43,705 INFO     [task] go[RD] 0.0800346408148 0.807417974322
2017-08-18 18:43:43,705 INFO     [task] go[LUR] 0.123484747035 0.713108381278
2017-08-18 18:43:43,705 INFO     [task] go[RDD] 0.174449800061 0.629725923519
2017-08-18 18:43:43,705 INFO     [task] go[UR] 0.0827322620286 0.803550295858
2017-08-18 18:43:43,705 INFO     
2017-08-18 18:43:43,705 INFO     [rollout0] [4, 1, 1, 1, 1, 1, 1, 5, 3, 3, 3, 3, 3, 3, 5, 0, 0, 0, 0, 5]
2017-08-18 18:43:43,705 INFO     [rollout1] [3, 3, 3, 3, 3, 4, 3, 5, 1, 1, 1, 1, 1, 1, 1, 4, 1, 1, 1, 5, 5]
2017-08-18 18:43:43,705 INFO     [rollout2] [1, 3, 3, 4, 0, 2, 2, 2, 2, 2, 2, 5, 2, 2, 1, 4, 1, 1, 1, 5]
2017-08-18 18:43:43,705 INFO     [reward] 0.72365530303
2017-08-18 18:43:43,705 INFO     [error] [ -1.76561608e-05   1.25626518e-04]
2017-08-18 18:43:43,706 INFO     
2017-08-18 18:43:43,706 INFO     [min reward] 0.581063933626
2017-08-18 18:43:43,706 INFO     
2017-08-18 18:43:43,706 INFO     [max steps] 3
2017-08-18 18:48:59,329 INFO     [step] 1733700
2017-08-18 18:48:59,329 INFO     [task] go[LL] 0.0313912093486 0.939161252215
2017-08-18 18:48:59,329 INFO     [task] go[URU] 0.109315172248 0.742569094386
2017-08-18 18:48:59,329 INFO     [task] go[LLD] 0.0735939336107 0.842186694172
2017-08-18 18:48:59,329 INFO     [task] go[LD] 0.0819441137912 0.82318637742
2017-08-18 18:48:59,329 INFO     [task] go[UL] 0.063732408142 0.866390777416
2017-08-18 18:48:59,329 INFO     [task] go[DRU] 0.181191307184 0.599572877736
2017-08-18 18:48:59,329 INFO     [task] go[RD] 0.0855747625861 0.81463305822
2017-08-18 18:48:59,329 INFO     [task] go[LUR] 0.125413050348 0.720100651273
2017-08-18 18:48:59,329 INFO     [task] go[RDD] 0.160635494209 0.65503737985
2017-08-18 18:48:59,329 INFO     [task] go[UR] 0.0872085485316 0.804808743169
2017-08-18 18:48:59,329 INFO     
2017-08-18 18:48:59,329 INFO     [rollout0] [1, 1, 3, 3, 4, 0, 0, 3, 0, 3, 3, 3, 5, 1, 1, 1, 5]
2017-08-18 18:48:59,330 INFO     [rollout1] [0, 0, 0, 0, 5, 0, 0, 3, 3, 3, 3, 5]
2017-08-18 18:48:59,330 INFO     [rollout2] [3, 3, 3, 3, 5, 1, 3, 1, 3, 3, 4, 2, 1, 5, 5]
2017-08-18 18:48:59,330 INFO     [reward] 0.739961977186
2017-08-18 18:48:59,330 INFO     [error] [ -3.75080279e-06   1.11451878e-04]
2017-08-18 18:48:59,330 INFO     
2017-08-18 18:48:59,330 INFO     [min reward] 0.599572877736
2017-08-18 18:48:59,330 INFO     
2017-08-18 18:48:59,330 INFO     [max steps] 3
2017-08-18 18:54:24,922 INFO     [step] 1788400
2017-08-18 18:54:24,922 INFO     [task] go[LL] 0.0309021973823 0.936686390533
2017-08-18 18:54:24,922 INFO     [task] go[URU] 0.116662178396 0.760089328442
2017-08-18 18:54:24,922 INFO     [task] go[LLD] 0.0732056969132 0.83848627257
2017-08-18 18:54:24,923 INFO     [task] go[LD] 0.081494261533 0.803838428922
2017-08-18 18:54:24,923 INFO     [task] go[UL] 0.0626470777781 0.855152394775
2017-08-18 18:54:24,923 INFO     [task] go[DRU] 0.179041842774 0.564476131432
2017-08-18 18:54:24,923 INFO     [task] go[RD] 0.0852255013764 0.809868141217
2017-08-18 18:54:24,923 INFO     [task] go[LUR] 0.12646365408 0.70643776824
2017-08-18 18:54:24,923 INFO     [task] go[RDD] 0.154846398252 0.589934872706
2017-08-18 18:54:24,923 INFO     [task] go[UR] 0.0895111915154 0.797256405084
2017-08-18 18:54:24,923 INFO     
2017-08-18 18:54:24,923 INFO     [rollout0] [0, 4, 1, 2, 2, 2, 2, 5, 2, 2, 0, 4, 1, 1, 1, 1, 3, 1, 5]
2017-08-18 18:54:24,923 INFO     [rollout1] [1, 3, 3, 4, 0, 3, 3, 5, 3, 3, 1, 1, 3, 3, 4, 2, 2, 1, 5, 5]
2017-08-18 18:54:24,923 INFO     [rollout2] [2, 0, 4, 2, 2, 2, 1, 2, 2, 2, 2, 4, 2, 2, 6, 2, 2, 5, 2, 1, 4, 2, 1, 1, 1, 5]
2017-08-18 18:54:24,923 INFO     [reward] 0.720822669104
2017-08-18 18:54:24,923 INFO     [error] [  2.11832345e-06   1.24075028e-04]
2017-08-18 18:54:24,923 INFO     
2017-08-18 18:54:24,924 INFO     [min reward] 0.564476131432
2017-08-18 18:54:24,924 INFO     
2017-08-18 18:54:24,924 INFO     [max steps] 3
2017-08-18 18:59:49,995 INFO     [step] 1842800
2017-08-18 18:59:49,995 INFO     [task] go[LL] 0.0300739992694 0.93734939759
2017-08-18 18:59:49,996 INFO     [task] go[URU] 0.102515936788 0.775371397888
2017-08-18 18:59:49,996 INFO     [task] go[LLD] 0.0703567011759 0.838254855015
2017-08-18 18:59:49,996 INFO     [task] go[LD] 0.0845696042387 0.801837270341
2017-08-18 18:59:49,996 INFO     [task] go[UL] 0.0635200858371 0.861763022324
2017-08-18 18:59:49,996 INFO     [task] go[DRU] 0.182758489115 0.602932193036
2017-08-18 18:59:49,996 INFO     [task] go[RD] 0.0820961540232 0.819456617003
2017-08-18 18:59:49,996 INFO     [task] go[LUR] 0.124524360517 0.709800469484
2017-08-18 18:59:49,996 INFO     [task] go[RDD] 0.172315050686 0.65382568905
2017-08-18 18:59:49,996 INFO     [task] go[UR] 0.0872696183499 0.804609854092
2017-08-18 18:59:49,996 INFO     
2017-08-18 18:59:49,996 INFO     [rollout0] [3, 4, 2, 2, 2, 2, 2, 2, 2, 5, 1, 1, 1, 1, 1, 1, 1, 1, 1, 1, 5]
2017-08-18 18:59:49,996 INFO     [rollout1] [0, 0, 0, 0, 4, 0, 0, 0, 5, 0, 0, 3, 0, 0, 2, 3, 2, 1, 3, 0, 0, 0, 0, 6, 3, 2, 5]
2017-08-18 18:59:49,996 INFO     [rollout2] [0, 0, 0, 0, 5, 0, 0, 3, 3, 4, 2, 2, 2, 2, 2, 2, 5]
2017-08-18 18:59:49,996 INFO     [reward] 0.738327205882
2017-08-18 18:59:49,996 INFO     [error] [ -3.22654178e-05   1.30684661e-04]
2017-08-18 18:59:49,997 INFO     
2017-08-18 18:59:49,997 INFO     [min reward] 0.602932193036
2017-08-18 18:59:49,997 INFO     
2017-08-18 18:59:49,997 INFO     [max steps] 3
2017-08-18 19:05:16,081 INFO     [step] 1897500
2017-08-18 19:05:16,082 INFO     [task] go[LL] 0.0316588054099 0.928488372093
2017-08-18 19:05:16,082 INFO     [task] go[URU] 0.102243629254 0.787562904385
2017-08-18 19:05:16,082 INFO     [task] go[LLD] 0.0748410329006 0.830379123584
2017-08-18 19:05:16,082 INFO     [task] go[LD] 0.0907106497852 0.799395770393
2017-08-18 19:05:16,082 INFO     [task] go[UL] 0.0645969265931 0.861293078895
2017-08-18 19:05:16,082 INFO     [task] go[DRU] 0.177387111213 0.591436865022
2017-08-18 19:05:16,082 INFO     [task] go[RD] 0.0830327028872 0.816525699414
2017-08-18 19:05:16,082 INFO     [task] go[LUR] 0.130817339506 0.695448460509
2017-08-18 19:05:16,082 INFO     [task] go[RDD] 0.155209355854 0.650399612497
2017-08-18 19:05:16,082 INFO     [task] go[UR] 0.0895024465972 0.832209278561
2017-08-18 19:05:16,082 INFO     
2017-08-18 19:05:16,082 INFO     [rollout0] [2, 2, 2, 2, 1, 4, 2, 2, 5, 0, 5, 3, 3, 3, 0, 3, 3, 3, 5]
2017-08-18 19:05:16,082 INFO     [rollout1] [1, 3, 4, 0, 3, 3, 3, 3, 4, 3, 5, 1, 1, 1, 5]
2017-08-18 19:05:16,082 INFO     [rollout2] [2, 2, 2, 2, 2, 2, 2, 0, 4, 5, 3, 0, 0, 0, 5, 3, 0, 0, 0, 4, 1, 3, 3, 3, 5]
2017-08-18 19:05:16,082 INFO     [reward] 0.739542961609
2017-08-18 19:05:16,082 INFO     [error] [ -2.51836135e-05   1.25667475e-04]
2017-08-18 19:05:16,083 INFO     
2017-08-18 19:05:16,083 INFO     [min reward] 0.591436865022
2017-08-18 19:05:16,083 INFO     
2017-08-18 19:05:16,083 INFO     [max steps] 3
2017-08-18 19:10:59,935 INFO     [step] 1955800
2017-08-18 19:10:59,935 INFO     [task] go[LL] 0.0353344366001 0.936385542169
2017-08-18 19:10:59,935 INFO     [task] go[URU] 0.0964241502018 0.795442501325
2017-08-18 19:10:59,935 INFO     [task] go[LLD] 0.0778637678172 0.833730244642
2017-08-18 19:10:59,935 INFO     [task] go[LD] 0.0912947267751 0.812746756909
2017-08-18 19:10:59,935 INFO     [task] go[UL] 0.0644628921137 0.862133834991
2017-08-18 19:10:59,935 INFO     [task] go[DRU] 0.181442733212 0.547257544126
2017-08-18 19:10:59,935 INFO     [task] go[RD] 0.0838690820355 0.813139582481
2017-08-18 19:10:59,935 INFO     [task] go[LUR] 0.136354796426 0.713693987699
2017-08-18 19:10:59,935 INFO     [task] go[RDD] 0.155883000007 0.583657155546
2017-08-18 19:10:59,935 INFO     [task] go[UR] 0.0770704148116 0.84180164189
2017-08-18 19:10:59,936 INFO     
2017-08-18 19:10:59,936 INFO     [rollout0] [4, 2, 2, 2, 2, 2, 1, 1, 4, 2, 5, 1, 5]
2017-08-18 19:10:59,936 INFO     [rollout1] [3, 3, 3, 3, 5, 3, 3, 3, 4, 2, 1, 1, 1, 5, 1, 1, 1, 1, 1, 3, 3, 4, 2, 2, 1, 5]
2017-08-18 19:10:59,936 INFO     [rollout2] [0, 4, 1, 2, 2, 2, 2, 2, 2, 5, 0, 0, 0, 0, 5, 3, 4, 0, 0, 3, 3, 0, 3, 5]
2017-08-18 19:10:59,936 INFO     [reward] 0.7256432247
2017-08-18 19:10:59,936 INFO     [error] [ -3.89543678e-06   1.29742198e-04]
2017-08-18 19:10:59,936 INFO     
2017-08-18 19:10:59,936 INFO     [min reward] 0.547257544126
2017-08-18 19:10:59,936 INFO     
2017-08-18 19:10:59,936 INFO     [max steps] 3
2017-08-18 19:16:25,348 INFO     [step] 2010100
2017-08-18 19:16:25,349 INFO     [task] go[LL] 0.0311924187372 0.927058823529
2017-08-18 19:16:25,349 INFO     [task] go[URU] 0.090913762582 0.797865791094
2017-08-18 19:16:25,349 INFO     [task] go[LLD] 0.0746902195821 0.847569955817
2017-08-18 19:16:25,349 INFO     [task] go[LD] 0.0835814857165 0.802214839424
2017-08-18 19:16:25,349 INFO     [task] go[UL] 0.0626548571016 0.869399707174
2017-08-18 19:16:25,349 INFO     [task] go[DRU] 0.196076380596 0.607510769807
2017-08-18 19:16:25,349 INFO     [task] go[RD] 0.0834150349937 0.826311071268
2017-08-18 19:16:25,349 INFO     [task] go[LUR] 0.125552798761 0.708110452508
2017-08-18 19:16:25,349 INFO     [task] go[RDD] 0.180652889685 0.646371463715
2017-08-18 19:16:25,349 INFO     [task] go[UR] 0.0712701522448 0.845524296675
2017-08-18 19:16:25,349 INFO     
2017-08-18 19:16:25,349 INFO     [rollout0] [2, 2, 2, 2, 2, 2, 0, 4, 1, 2, 2, 2, 2, 1, 6, 4, 2, 2, 5, 1, 1, 3, 1, 5]
2017-08-18 19:16:25,349 INFO     [rollout1] [0, 0, 0, 0, 5, 0, 4, 0, 2, 2, 2, 2, 2, 2, 2, 2, 2, 2, 5]
2017-08-18 19:16:25,349 INFO     [rollout2] [1, 1, 4, 0, 0, 2, 2, 2, 2, 2, 0, 4, 1, 2, 6, 1, 1, 1, 5]
2017-08-18 19:16:25,350 INFO     [reward] 0.740184162063
2017-08-18 19:16:25,350 INFO     [error] [ -2.85965712e-05   1.14593865e-04]
2017-08-18 19:16:25,350 INFO     
2017-08-18 19:16:25,350 INFO     [min reward] 0.607510769807
2017-08-18 19:16:25,350 INFO     
2017-08-18 19:16:25,350 INFO     [max steps] 3
2017-08-18 19:22:02,351 INFO     [step] 2067100
2017-08-18 19:22:02,352 INFO     [task] go[LL] 0.0373262067069 0.941360787825
2017-08-18 19:22:02,352 INFO     [task] go[URU] 0.0954672415824 0.799601377061
2017-08-18 19:22:02,352 INFO     [task] go[LLD] 0.0730987630339 0.845360824742
2017-08-18 19:22:02,352 INFO     [task] go[LD] 0.0935100294489 0.81217326363
2017-08-18 19:22:02,352 INFO     [task] go[UL] 0.0632746702711 0.866756756757
2017-08-18 19:22:02,352 INFO     [task] go[DRU] 0.181133145716 0.58047962104
2017-08-18 19:22:02,352 INFO     [task] go[RD] 0.0826659473059 0.813740132281
2017-08-18 19:22:02,352 INFO     [task] go[LUR] 0.135860041198 0.720836054866
2017-08-18 19:22:02,352 INFO     [task] go[RDD] 0.163644579056 0.618565400844
2017-08-18 19:22:02,352 INFO     [task] go[UR] 0.0740193756806 0.826285439692
2017-08-18 19:22:02,352 INFO     
2017-08-18 19:22:02,352 INFO     [rollout0] [3, 1, 1, 4, 1, 2, 1, 1, 1, 1, 3, 3, 4, 5, 3, 0, 3, 3, 3, 5, 0, 0, 0, 0, 0, 0, 5]
2017-08-18 19:22:02,352 INFO     [rollout1] [3, 1, 1, 3, 4, 0, 0, 2, 2, 2, 2, 2, 2, 1, 6, 1, 4, 0, 0, 3, 0, 0, 0, 0, 0, 0, 0, 0, 0, 6, 3, 3, 3, 5]
2017-08-18 19:22:02,352 INFO     [rollout2] [3, 4, 2, 0, 0, 0, 0, 5, 0, 0, 3, 3, 3, 3, 3, 3, 5, 0, 0, 0, 0, 5]
2017-08-18 19:22:02,352 INFO     [reward] 0.737438596491
2017-08-18 19:22:02,352 INFO     [error] [ -4.06260057e-05   1.21124139e-04]
2017-08-18 19:22:02,353 INFO     
2017-08-18 19:22:02,353 INFO     [min reward] 0.58047962104
2017-08-18 19:22:02,353 INFO     
2017-08-18 19:22:02,353 INFO     [max steps] 3
2017-08-18 19:27:39,153 INFO     [step] 2124000
2017-08-18 19:27:39,153 INFO     [task] go[LL] 0.03017319982 0.932897862233
2017-08-18 19:27:39,153 INFO     [task] go[URU] 0.0924894020572 0.80181200453
2017-08-18 19:27:39,153 INFO     [task] go[LLD] 0.0723739474245 0.848107331097
2017-08-18 19:27:39,153 INFO     [task] go[LD] 0.0869629102237 0.823083067093
2017-08-18 19:27:39,153 INFO     [task] go[UL] 0.062968482071 0.86211622807
2017-08-18 19:27:39,153 INFO     [task] go[DRU] 0.188813417438 0.57322761194
2017-08-18 19:27:39,153 INFO     [task] go[RD] 0.0862741284122 0.824723247232
2017-08-18 19:27:39,153 INFO     [task] go[LUR] 0.127113951643 0.709775265407
2017-08-18 19:27:39,153 INFO     [task] go[RDD] 0.172071240366 0.628530199959
2017-08-18 19:27:39,153 INFO     [task] go[UR] 0.0807593205445 0.834178610805
2017-08-18 19:27:39,153 INFO     
2017-08-18 19:27:39,153 INFO     [rollout0] [0, 0, 0, 0, 5, 0, 0, 3, 3, 3, 3, 3, 3, 3, 3, 3, 3, 5]
2017-08-18 19:27:39,153 INFO     [rollout1] [2, 1, 1, 4, 3, 0, 0, 3, 3, 3, 3, 3, 3, 4, 6, 1, 1, 1, 5, 1, 1, 1, 1, 1, 1, 1, 5]
2017-08-18 19:27:39,154 INFO     [rollout2] [1, 3, 4, 0, 3, 3, 3, 3, 3, 5, 1, 1, 1, 1, 5]
2017-08-18 19:27:39,154 INFO     [reward] 0.735026362039
2017-08-18 19:27:39,154 INFO     [error] [ -1.53701171e-06   1.25810620e-04]
2017-08-18 19:27:39,154 INFO     
2017-08-18 19:27:39,154 INFO     [min reward] 0.57322761194
2017-08-18 19:27:39,154 INFO     
2017-08-18 19:27:39,154 INFO     [max steps] 3
2017-08-18 19:33:03,389 INFO     [step] 2178300
2017-08-18 19:33:03,389 INFO     [task] go[LL] 0.0340926295965 0.939646201873
2017-08-18 19:33:03,390 INFO     [task] go[URU] 0.0920555048347 0.809419713831
2017-08-18 19:33:03,390 INFO     [task] go[LLD] 0.0715848737159 0.83184679958
2017-08-18 19:33:03,390 INFO     [task] go[LD] 0.0826499750003 0.806392694064
2017-08-18 19:33:03,390 INFO     [task] go[UL] 0.0653904911815 0.874757011941
2017-08-18 19:33:03,390 INFO     [task] go[DRU] 0.193129784404 0.609763060234
2017-08-18 19:33:03,390 INFO     [task] go[RD] 0.0819247285207 0.81175663312
2017-08-18 19:33:03,390 INFO     [task] go[LUR] 0.132751840203 0.714990408331
2017-08-18 19:33:03,390 INFO     [task] go[RDD] 0.168676368408 0.667615502518
2017-08-18 19:33:03,390 INFO     [task] go[UR] 0.0777438041351 0.836320754717
2017-08-18 19:33:03,390 INFO     
2017-08-18 19:33:03,390 INFO     [rollout0] [3, 3, 0, 4, 1, 3, 3, 3, 3, 5, 1, 1, 1, 1, 1, 1, 3, 4, 2, 1, 1, 1, 1, 5, 5]
2017-08-18 19:33:03,390 INFO     [rollout1] [1, 3, 4, 0, 3, 3, 3, 3, 3, 4, 5, 1, 1, 1, 1, 1, 1, 1, 1, 1, 1, 5, 5]
2017-08-18 19:33:03,390 INFO     [rollout2] [2, 1, 4, 3, 1, 1, 1, 1, 1, 3, 5, 3, 3, 3, 3, 1, 3, 3, 4, 5, 2, 0, 0, 0, 0, 0, 0, 0, 5]
2017-08-18 19:33:03,390 INFO     [reward] 0.74679558011
2017-08-18 19:33:03,390 INFO     [error] [ -1.03168514e-05   1.27838713e-04]
2017-08-18 19:33:03,391 INFO     
2017-08-18 19:33:03,391 INFO     [min reward] 0.609763060234
2017-08-18 19:33:03,391 INFO     
2017-08-18 19:33:03,391 INFO     [max steps] 3
2017-08-18 19:38:55,617 INFO     [step] 2238300
2017-08-18 19:38:55,618 INFO     [task] go[LL] 0.0320155081819 0.940876656473
2017-08-18 19:38:55,618 INFO     [task] go[URU] 0.0912769454377 0.809112621716
2017-08-18 19:38:55,618 INFO     [task] go[LLD] 0.0810711773569 0.84101100693
2017-08-18 19:38:55,618 INFO     [task] go[LD] 0.0926544343397 0.827641408751
2017-08-18 19:38:55,618 INFO     [task] go[UL] 0.0615442677727 0.866648486501
2017-08-18 19:38:55,618 INFO     [task] go[DRU] 0.182133578583 0.546607482562
2017-08-18 19:38:55,618 INFO     [task] go[RD] 0.0902134966888 0.822733172631
2017-08-18 19:38:55,618 INFO     [task] go[LUR] 0.13424835968 0.716197272843
2017-08-18 19:38:55,618 INFO     [task] go[RDD] 0.155806992264 0.589680851064
2017-08-18 19:38:55,618 INFO     [task] go[UR] 0.0790352396947 0.831179834781
2017-08-18 19:38:55,618 INFO     
2017-08-18 19:38:55,618 INFO     [rollout0] [0, 0, 0, 2, 2, 2, 2, 2, 2, 2, 2, 2, 2, 2, 6, 0, 5, 2, 3, 0, 0, 5]
2017-08-18 19:38:55,618 INFO     [rollout1] [3, 3, 3, 3, 3, 3, 5, 1, 1, 1, 1, 1, 1, 1, 4, 1, 1, 1, 5, 1, 5]
2017-08-18 19:38:55,618 INFO     [rollout2] [3, 3, 3, 3, 3, 3, 5, 1, 1, 1, 1, 5]
2017-08-18 19:38:55,618 INFO     [reward] 0.729416666667
2017-08-18 19:38:55,618 INFO     [error] [ -1.04842651e-05   1.19479852e-04]
2017-08-18 19:38:55,619 INFO     
2017-08-18 19:38:55,619 INFO     [min reward] 0.546607482562
2017-08-18 19:38:55,619 INFO     
2017-08-18 19:38:55,619 INFO     [max steps] 3
2017-08-18 19:44:22,031 INFO     [step] 2293200
2017-08-18 19:44:22,032 INFO     [task] go[LL] 0.0299454178253 0.94362745098
2017-08-18 19:44:22,032 INFO     [task] go[URU] 0.0870278573287 0.813029989659
2017-08-18 19:44:22,032 INFO     [task] go[LLD] 0.0732089298224 0.861064290874
2017-08-18 19:44:22,032 INFO     [task] go[LD] 0.0790008690313 0.809828571429
2017-08-18 19:44:22,032 INFO     [task] go[UL] 0.0621023340102 0.874470659407
2017-08-18 19:44:22,032 INFO     [task] go[DRU] 0.200749585361 0.597679093567
2017-08-18 19:44:22,032 INFO     [task] go[RD] 0.0811272010908 0.830578512397
2017-08-18 19:44:22,032 INFO     [task] go[LUR] 0.127280379883 0.728534258456
2017-08-18 19:44:22,032 INFO     [task] go[RDD] 0.182089463453 0.655296588977
2017-08-18 19:44:22,032 INFO     [task] go[UR] 0.0774679621942 0.843553838725
2017-08-18 19:44:22,032 INFO     
2017-08-18 19:44:22,032 INFO     [rollout0] [1, 1, 3, 4, 0, 0, 3, 3, 3, 5, 3, 1, 3, 3, 3, 4, 2, 2, 1, 1, 1, 5]
2017-08-18 19:44:22,032 INFO     [rollout1] [5, 2, 3, 2, 3, 0, 4, 2, 4, 3, 0, 0, 3, 0, 0, 6]
2017-08-18 19:44:22,032 INFO     [rollout2] [0, 0, 0, 0, 0, 0, 5, 2, 2, 2, 2, 5]
2017-08-18 19:44:22,033 INFO     [reward] 0.745464480874
2017-08-18 19:44:22,033 INFO     [error] [ -1.79491702e-05   1.00626551e-04]
2017-08-18 19:44:22,033 INFO     
2017-08-18 19:44:22,033 INFO     [min reward] 0.597679093567
2017-08-18 19:44:22,033 INFO     
2017-08-18 19:44:22,033 INFO     [max steps] 3
2017-08-18 19:50:04,434 INFO     [step] 2351300
2017-08-18 19:50:04,435 INFO     [task] go[LL] 0.0309813801019 0.929623567921
2017-08-18 19:50:04,435 INFO     [task] go[URU] 0.0919416663848 0.822025934975
2017-08-18 19:50:04,435 INFO     [task] go[LLD] 0.0695202140545 0.83405008854
2017-08-18 19:50:04,435 INFO     [task] go[LD] 0.0934360244668 0.81399132321
2017-08-18 19:50:04,435 INFO     [task] go[UL] 0.0632623890132 0.86653930131
2017-08-18 19:50:04,435 INFO     [task] go[DRU] 0.192463163083 0.566329725378
2017-08-18 19:50:04,435 INFO     [task] go[RD] 0.0837503664995 0.816179497736
2017-08-18 19:50:04,435 INFO     [task] go[LUR] 0.131382585922 0.725966562173
2017-08-18 19:50:04,435 INFO     [task] go[RDD] 0.165568467125 0.634677503386
2017-08-18 19:50:04,435 INFO     [task] go[UR] 0.0776937433492 0.842689150211
2017-08-18 19:50:04,435 INFO     
2017-08-18 19:50:04,435 INFO     [rollout0] [3, 0, 4, 0, 4, 0, 0, 0, 0, 0, 0, 0, 0, 0, 6, 0, 0, 0, 0, 0, 0, 0, 0, 0, 0, 0, 0, 0, 0, 6]
2017-08-18 19:50:04,435 INFO     [rollout1] [1, 1, 1, 5, 3, 3, 0, 0, 0, 0, 0, 0, 3, 3, 3, 3, 3, 3, 6, 0, 5]
2017-08-18 19:50:04,435 INFO     [rollout2] [2, 2, 2, 0, 2, 2, 2, 5, 2, 0, 4, 3, 1, 1, 1, 1, 1, 5]
2017-08-18 19:50:04,435 INFO     [reward] 0.736592082616
2017-08-18 19:50:04,435 INFO     [error] [ -2.56471812e-05   1.37646130e-04]
2017-08-18 19:50:04,436 INFO     
2017-08-18 19:50:04,436 INFO     [min reward] 0.566329725378
2017-08-18 19:50:04,436 INFO     
2017-08-18 19:50:04,436 INFO     [max steps] 3
2017-08-18 19:55:36,148 INFO     [step] 2407300
2017-08-18 19:55:36,149 INFO     [task] go[LL] 0.0357557962234 0.934523809524
2017-08-18 19:55:36,149 INFO     [task] go[URU] 0.0836210589413 0.820901812052
2017-08-18 19:55:36,149 INFO     [task] go[LLD] 0.0782720633025 0.838245373544
2017-08-18 19:55:36,149 INFO     [task] go[LD] 0.0871952900131 0.814006179197
2017-08-18 19:55:36,149 INFO     [task] go[UL] 0.0638190994024 0.866724486846
2017-08-18 19:55:36,149 INFO     [task] go[DRU] 0.197368600715 0.590620464441
2017-08-18 19:55:36,149 INFO     [task] go[RD] 0.0862218713081 0.823057432432
2017-08-18 19:55:36,149 INFO     [task] go[LUR] 0.126353477766 0.728228859907
2017-08-18 19:55:36,149 INFO     [task] go[RDD] 0.166963802198 0.6529776284
2017-08-18 19:55:36,149 INFO     [task] go[UR] 0.0744289401299 0.838935912938
2017-08-18 19:55:36,149 INFO     
2017-08-18 19:55:36,149 INFO     [rollout0] [2, 2, 2, 2, 2, 2, 1, 5, 4, 1, 1, 1, 5]
2017-08-18 19:55:36,149 INFO     [rollout1] [1, 1, 1, 1, 1, 4, 1, 5, 3, 3, 3, 3, 3, 3, 0, 0, 5, 0, 0, 5]
2017-08-18 19:55:36,149 INFO     [rollout2] [2, 2, 2, 2, 1, 1, 2, 4, 2, 5, 1, 5]
2017-08-18 19:55:36,149 INFO     [reward] 0.744410714286
2017-08-18 19:55:36,149 INFO     [error] [ -1.44387289e-05   1.17040898e-04]
2017-08-18 19:55:36,150 INFO     
2017-08-18 19:55:36,150 INFO     [min reward] 0.590620464441
2017-08-18 19:55:36,150 INFO     
2017-08-18 19:55:36,150 INFO     [max steps] 3
2017-08-18 20:01:11,891 INFO     [step] 2464200
2017-08-18 20:01:11,891 INFO     [task] go[LL] 0.0344360556014 0.939257028112
2017-08-18 20:01:11,891 INFO     [task] go[URU] 0.0862761577289 0.828042328042
2017-08-18 20:01:11,891 INFO     [task] go[LLD] 0.0783631477575 0.840990187333
2017-08-18 20:01:11,892 INFO     [task] go[LD] 0.0894222942115 0.80810488677
2017-08-18 20:01:11,892 INFO     [task] go[UL] 0.0653695358254 0.868200270636
2017-08-18 20:01:11,892 INFO     [task] go[DRU] 0.191342155897 0.567233809001
2017-08-18 20:01:11,892 INFO     [task] go[RD] 0.0852926546825 0.821644120708
2017-08-18 20:01:11,892 INFO     [task] go[LUR] 0.128558245798 0.720831623581
2017-08-18 20:01:11,892 INFO     [task] go[RDD] 0.162891663739 0.62783171521
2017-08-18 20:01:11,892 INFO     [task] go[UR] 0.0780480887589 0.846515796549
2017-08-18 20:01:11,892 INFO     
2017-08-18 20:01:11,892 INFO     [rollout0] [0, 0, 0, 0, 4, 5, 0, 0, 3, 3, 3, 3, 5]
2017-08-18 20:01:11,892 INFO     [rollout1] [1, 1, 1, 1, 1, 1, 5, 3, 3, 3, 3, 3, 3, 5, 0, 0, 0, 0, 5]
2017-08-18 20:01:11,892 INFO     [rollout2] [0, 0, 0, 0, 5, 0, 0, 3, 3, 3, 3, 3, 3, 5, 0, 0, 0, 0, 5]
2017-08-18 20:01:11,892 INFO     [reward] 0.738207381371
2017-08-18 20:01:11,892 INFO     [error] [ -3.77736425e-05   1.22242990e-04]
2017-08-18 20:01:11,892 INFO     
2017-08-18 20:01:11,893 INFO     [min reward] 0.567233809001
2017-08-18 20:01:11,893 INFO     
2017-08-18 20:01:11,893 INFO     [max steps] 3
2017-08-18 20:06:39,116 INFO     [step] 2519200
2017-08-18 20:06:39,117 INFO     [task] go[LL] 0.0317041377979 0.933635847986
2017-08-18 20:06:39,117 INFO     [task] go[URU] 0.0815460667145 0.825605066727
2017-08-18 20:06:39,117 INFO     [task] go[LLD] 0.0757433600402 0.839618138425
2017-08-18 20:06:39,117 INFO     [task] go[LD] 0.0904812212404 0.814755412991
2017-08-18 20:06:39,117 INFO     [task] go[UL] 0.0635489016012 0.875110717449
2017-08-18 20:06:39,117 INFO     [task] go[DRU] 0.198429892852 0.634312126156
2017-08-18 20:06:39,117 INFO     [task] go[RD] 0.0844134843757 0.81390233172
2017-08-18 20:06:39,117 INFO     [task] go[LUR] 0.129593566798 0.731066460587
2017-08-18 20:06:39,117 INFO     [task] go[RDD] 0.17127236303 0.680126182965
2017-08-18 20:06:39,117 INFO     [task] go[UR] 0.0732670055509 0.845944609298
2017-08-18 20:06:39,117 INFO     
2017-08-18 20:06:39,117 INFO     [rollout0] [1, 3, 3, 4, 3, 3, 3, 0, 3, 3, 5, 3, 1, 3, 3, 1, 3, 4, 2, 2, 1, 5, 1, 1, 1, 1, 1, 1, 5]
2017-08-18 20:06:39,117 INFO     [rollout1] [1, 1, 4, 0, 0, 2, 2, 2, 2, 2, 2, 2, 4, 5, 3, 0, 0, 0, 0, 5, 0, 0, 3, 3, 3, 3, 3, 3, 5]
2017-08-18 20:06:39,117 INFO     [rollout2] [0, 2, 4, 3, 0, 0, 0, 5, 0, 0, 3, 3, 3, 3, 3, 3, 3, 3, 3, 0, 3, 5]
2017-08-18 20:06:39,117 INFO     [reward] 0.756963636364
2017-08-18 20:06:39,117 INFO     [error] [ -1.79049506e-05   1.27308011e-04]
2017-08-18 20:06:39,118 INFO     
2017-08-18 20:06:39,118 INFO     [min reward] 0.634312126156
2017-08-18 20:06:39,118 INFO     
2017-08-18 20:06:39,118 INFO     [max steps] 3
2017-08-18 20:12:32,929 INFO     [step] 2579700
2017-08-18 20:12:32,929 INFO     [task] go[LL] 0.0362616050924 0.940801457195
2017-08-18 20:12:32,929 INFO     [task] go[URU] 0.0875601453701 0.828448612739
2017-08-18 20:12:32,930 INFO     [task] go[LLD] 0.0809060222163 0.835999190119
2017-08-18 20:12:32,930 INFO     [task] go[LD] 0.0927121158796 0.812477781728
2017-08-18 20:12:32,930 INFO     [task] go[UL] 0.0640523303943 0.857883817427
2017-08-18 20:12:32,930 INFO     [task] go[DRU] 0.178395817411 0.557537504574
2017-08-18 20:12:32,930 INFO     [task] go[RD] 0.0931172024987 0.820119802678
2017-08-18 20:12:32,930 INFO     [task] go[LUR] 0.132451910831 0.733615748816
2017-08-18 20:12:32,930 INFO     [task] go[RDD] 0.156640960034 0.593991325505
2017-08-18 20:12:32,930 INFO     [task] go[UR] 0.0779018902725 0.84373663959
2017-08-18 20:12:32,930 INFO     
2017-08-18 20:12:32,930 INFO     [rollout0] [2, 2, 2, 2, 2, 2, 5, 0, 4, 1, 1, 1, 1, 5]
2017-08-18 20:12:32,930 INFO     [rollout1] [4, 3, 3, 3, 3, 5, 1, 3, 1, 3, 4, 1, 2, 1, 1, 1, 1, 1, 1, 1, 6, 5]
2017-08-18 20:12:32,930 INFO     [rollout2] [0, 3, 3, 4, 0, 2, 2, 0, 3, 0, 5, 3, 4, 0, 3, 0, 3, 3, 3, 3, 0, 5, 0, 0, 0, 5]
2017-08-18 20:12:32,930 INFO     [reward] 0.735768595041
2017-08-18 20:12:32,930 INFO     [error] [ -2.36601948e-05   1.26606532e-04]
2017-08-18 20:12:32,930 INFO     
2017-08-18 20:12:32,931 INFO     [min reward] 0.557537504574
2017-08-18 20:12:32,931 INFO     
2017-08-18 20:12:32,931 INFO     [max steps] 3
2017-08-18 20:17:56,177 INFO     [step] 2633900
2017-08-18 20:17:56,177 INFO     [task] go[LL] 0.0304117535853 0.93560371517
2017-08-18 20:17:56,177 INFO     [task] go[URU] 0.079789195388 0.82173609495
2017-08-18 20:17:56,177 INFO     [task] go[LLD] 0.0764708263964 0.818181818182
2017-08-18 20:17:56,178 INFO     [task] go[LD] 0.0868081434408 0.797557840617
2017-08-18 20:17:56,178 INFO     [task] go[UL] 0.0668528508435 0.861563967947
2017-08-18 20:17:56,178 INFO     [task] go[DRU] 0.198850689042 0.60722514054
2017-08-18 20:17:56,178 INFO     [task] go[RD] 0.0834495863295 0.821059431525
2017-08-18 20:17:56,178 INFO     [task] go[LUR] 0.121466860444 0.70867705469
2017-08-18 20:17:56,178 INFO     [task] go[RDD] 0.182829764692 0.684558300295
2017-08-18 20:17:56,178 INFO     [task] go[UR] 0.0730703298379 0.829890334098
2017-08-18 20:17:56,178 INFO     
2017-08-18 20:17:56,178 INFO     [rollout0] [1, 1, 1, 5, 0, 0, 0, 3, 3, 3, 0, 3, 5, 0, 5]
2017-08-18 20:17:56,178 INFO     [rollout1] [3, 0, 4, 1, 2, 2, 2, 2, 2, 2, 4, 2, 5, 1, 1, 1, 1, 5]
2017-08-18 20:17:56,178 INFO     [rollout2] [1, 1, 1, 1, 1, 1, 1, 1, 1, 5, 3, 3, 3, 3, 3, 3, 3, 3, 3, 3, 3, 0, 0, 0, 6, 0, 5]
2017-08-18 20:17:56,178 INFO     [reward] 0.744464944649
2017-08-18 20:17:56,178 INFO     [error] [ -4.00123863e-07   1.25081221e-04]
2017-08-18 20:17:56,178 INFO     
2017-08-18 20:17:56,179 INFO     [min reward] 0.60722514054
2017-08-18 20:17:56,179 INFO     
2017-08-18 20:17:56,179 INFO     [max steps] 3
2017-08-18 20:23:43,148 INFO     [step] 2693300
2017-08-18 20:23:43,149 INFO     [task] go[LL] 0.0336034730214 0.944873776404
2017-08-18 20:23:43,149 INFO     [task] go[URU] 0.0850354432179 0.842170414689
2017-08-18 20:23:43,149 INFO     [task] go[LLD] 0.086640846549 0.844971795371
2017-08-18 20:23:43,149 INFO     [task] go[LD] 0.095956328838 0.8073957238
2017-08-18 20:23:43,149 INFO     [task] go[UL] 0.0670459043744 0.876976284585
2017-08-18 20:23:43,149 INFO     [task] go[DRU] 0.181926209818 0.565907204132
2017-08-18 20:23:43,149 INFO     [task] go[RD] 0.0853410800009 0.81493956806
2017-08-18 20:23:43,149 INFO     [task] go[LUR] 0.136102192289 0.739334214638
2017-08-18 20:23:43,149 INFO     [task] go[RDD] 0.14699620285 0.604594781806
2017-08-18 20:23:43,149 INFO     [task] go[UR] 0.0813523190422 0.847296739579
2017-08-18 20:23:43,149 INFO     
2017-08-18 20:23:43,149 INFO     [rollout0] [4, 2, 2, 2, 2, 2, 2, 5, 0, 0, 0, 0, 5, 0, 0, 4, 3, 3, 3, 3, 5]
2017-08-18 20:23:43,149 INFO     [rollout1] [1, 4, 2, 0, 2, 2, 2, 2, 2, 5, 0, 5, 0, 0, 3, 3, 0, 0, 0, 3, 3, 3, 3, 5]
2017-08-18 20:23:43,149 INFO     [rollout2] [0, 3, 4, 1, 2, 2, 2, 2, 2, 2, 2, 5, 0, 5, 0, 0, 3, 3, 3, 3, 3, 0, 3, 3, 4, 0, 0, 3, 6]
2017-08-18 20:23:43,149 INFO     [reward] 0.743434343434
2017-08-18 20:23:43,149 INFO     [error] [  3.20767332e-06   1.21799829e-04]
2017-08-18 20:23:43,150 INFO     
2017-08-18 20:23:43,150 INFO     [min reward] 0.565907204132
2017-08-18 20:23:43,150 INFO     
2017-08-18 20:23:43,150 INFO     [max steps] 3
2017-08-18 20:29:13,980 INFO     [step] 2749200
2017-08-18 20:29:13,980 INFO     [task] go[LL] 0.029448365578 0.935889754344
2017-08-18 20:29:13,980 INFO     [task] go[URU] 0.075888124785 0.83235363273
2017-08-18 20:29:13,980 INFO     [task] go[LLD] 0.0746214141136 0.839593668793
2017-08-18 20:29:13,980 INFO     [task] go[LD] 0.0916123254779 0.805984744768
2017-08-18 20:29:13,980 INFO     [task] go[UL] 0.0601498257658 0.866462480858
2017-08-18 20:29:13,980 INFO     [task] go[DRU] 0.200807083248 0.618266143418
2017-08-18 20:29:13,980 INFO     [task] go[RD] 0.0882011974961 0.813801551654
2017-08-18 20:29:13,980 INFO     [task] go[LUR] 0.122387949995 0.720479838127
2017-08-18 20:29:13,981 INFO     [task] go[RDD] 0.183313578055 0.677352738716
2017-08-18 20:29:13,981 INFO     [task] go[UR] 0.0735701354854 0.850803550012
2017-08-18 20:29:13,981 INFO     
2017-08-18 20:29:13,981 INFO     [rollout0] [3, 3, 3, 3, 3, 3, 5, 1, 1, 1, 1, 1, 3, 1, 4, 2, 1, 1, 1, 1, 5, 5]
2017-08-18 20:29:13,981 INFO     [rollout1] [0, 4, 2, 1, 2, 2, 2, 2, 2, 2, 5, 3, 0, 0, 0, 0, 5, 3, 3, 4, 0, 0, 3, 3, 5]
2017-08-18 20:29:13,981 INFO     [rollout2] [0, 4, 1, 3, 3, 3, 3, 3, 3, 5, 1, 1, 1, 5]
2017-08-18 20:29:13,981 INFO     [reward] 0.750339892665
2017-08-18 20:29:13,981 INFO     [error] [ -9.82766829e-06   1.15945751e-04]
2017-08-18 20:29:13,981 INFO     
2017-08-18 20:29:13,981 INFO     [min reward] 0.618266143418
2017-08-18 20:29:13,981 INFO     
2017-08-18 20:29:13,981 INFO     [max steps] 3
2017-08-18 20:35:09,992 INFO     [step] 2810200
2017-08-18 20:35:09,992 INFO     [task] go[LL] 0.0346469534716 0.938283510125
2017-08-18 20:35:09,992 INFO     [task] go[URU] 0.0830506681866 0.841992605565
2017-08-18 20:35:09,992 INFO     [task] go[LLD] 0.0796659109187 0.842462932455
2017-08-18 20:35:09,992 INFO     [task] go[LD] 0.0953782704798 0.802552164166
2017-08-18 20:35:09,992 INFO     [task] go[UL] 0.0671045913171 0.867077681874
2017-08-18 20:35:09,992 INFO     [task] go[DRU] 0.183137764315 0.556915979061
2017-08-18 20:35:09,992 INFO     [task] go[RD] 0.0917238696334 0.82982893799
2017-08-18 20:35:09,992 INFO     [task] go[LUR] 0.135352291558 0.731944951894
2017-08-18 20:35:09,992 INFO     [task] go[RDD] 0.155514451236 0.622191751925
2017-08-18 20:35:09,992 INFO     [task] go[UR] 0.0744252288837 0.851843625056
2017-08-18 20:35:09,992 INFO     
2017-08-18 20:35:09,992 INFO     [rollout0] [0, 0, 0, 0, 5, 0, 3, 0, 3, 3, 3, 3, 3, 5, 0, 0, 0, 0, 0, 0, 5]
2017-08-18 20:35:09,992 INFO     [rollout1] [3, 1, 4, 5, 0, 3, 3, 3, 5, 0, 5]
2017-08-18 20:35:09,992 INFO     [rollout2] [3, 3, 3, 3, 3, 3, 5, 1, 1, 1, 5]
2017-08-18 20:35:09,992 INFO     [reward] 0.741180327869
2017-08-18 20:35:09,992 INFO     [error] [ -1.78560203e-05   1.10980918e-04]
2017-08-18 20:35:09,993 INFO     
2017-08-18 20:35:09,993 INFO     [min reward] 0.556915979061
2017-08-18 20:35:09,993 INFO     
2017-08-18 20:35:09,993 INFO     [max steps] 3
2017-08-18 20:40:52,222 INFO     [step] 2868500
2017-08-18 20:40:52,222 INFO     [task] go[LL] 0.0323790239456 0.93213897937
2017-08-18 20:40:52,222 INFO     [task] go[URU] 0.0758530633185 0.834351663272
2017-08-18 20:40:52,222 INFO     [task] go[LLD] 0.0756407170974 0.841734786558
2017-08-18 20:40:52,222 INFO     [task] go[LD] 0.0936598884813 0.792353687262
2017-08-18 20:40:52,223 INFO     [task] go[UL] 0.064527491084 0.865879265092
2017-08-18 20:40:52,223 INFO     [task] go[DRU] 0.204561299486 0.603503723764
2017-08-18 20:40:52,223 INFO     [task] go[RD] 0.0813447945002 0.835148722245
2017-08-18 20:40:52,223 INFO     [task] go[LUR] 0.125538088612 0.739905469278
2017-08-18 20:40:52,223 INFO     [task] go[RDD] 0.175090172047 0.655501920993
2017-08-18 20:40:52,223 INFO     [task] go[UR] 0.0714054614278 0.858173076923
2017-08-18 20:40:52,223 INFO     
2017-08-18 20:40:52,223 INFO     [rollout0] [0, 4, 1, 3, 3, 3, 3, 3, 3, 5, 1, 1, 1, 1, 1, 1, 1, 1, 4, 1, 5, 1, 5]
2017-08-18 20:40:52,223 INFO     [rollout1] [2, 2, 2, 2, 2, 2, 2, 2, 2, 2, 2, 2, 5, 5, 1, 1, 1, 5]
2017-08-18 20:40:52,223 INFO     [rollout2] [1, 1, 3, 2, 1, 1, 3, 1, 1, 4, 5, 3, 3, 3, 3, 3, 0, 4, 5, 0, 0, 3, 0, 5]
2017-08-18 20:40:52,223 INFO     [reward] 0.747924528302
2017-08-18 20:40:52,223 INFO     [error] [ -1.62444380e-05   1.28693159e-04]
2017-08-18 20:40:52,223 INFO     
2017-08-18 20:40:52,223 INFO     [min reward] 0.603503723764
2017-08-18 20:40:52,224 INFO     
2017-08-18 20:40:52,224 INFO     [max steps] 3
2017-08-18 20:46:59,911 INFO     [step] 2931900
2017-08-18 20:46:59,912 INFO     [task] go[LL] 0.0363614178746 0.93430335097
2017-08-18 20:46:59,912 INFO     [task] go[URU] 0.0820284979451 0.845192307692
2017-08-18 20:46:59,912 INFO     [task] go[LLD] 0.0785805489094 0.846533675686
2017-08-18 20:46:59,912 INFO     [task] go[LD] 0.101641726018 0.805628984606
2017-08-18 20:46:59,912 INFO     [task] go[UL] 0.0673049778181 0.866187384045
2017-08-18 20:46:59,912 INFO     [task] go[DRU] 0.189835438132 0.557009961307
2017-08-18 20:46:59,912 INFO     [task] go[RD] 0.0816562681161 0.818549162979
2017-08-18 20:46:59,912 INFO     [task] go[LUR] 0.126135260209 0.749591040644
2017-08-18 20:46:59,912 INFO     [task] go[RDD] 0.165552065491 0.599012775842
2017-08-18 20:46:59,912 INFO     [task] go[UR] 0.0709037994873 0.843437708195
2017-08-18 20:46:59,912 INFO     
2017-08-18 20:46:59,912 INFO     [rollout0] [2, 2, 2, 2, 2, 2, 2, 2, 2, 2, 2, 2, 2, 2, 6, 2, 2, 5, 3, 1, 5]
2017-08-18 20:46:59,912 INFO     [rollout1] [3, 3, 3, 3, 3, 3, 3, 3, 3, 3, 5, 2, 1, 1, 1, 5, 1, 1, 1, 1, 5]
2017-08-18 20:46:59,912 INFO     [rollout2] [2, 2, 2, 2, 4, 2, 2, 5, 5, 3, 3, 3, 3, 5]
2017-08-18 20:46:59,912 INFO     [reward] 0.736277602524
2017-08-18 20:46:59,912 INFO     [error] [  1.67791058e-06   1.14655813e-04]
2017-08-18 20:46:59,913 INFO     
2017-08-18 20:46:59,913 INFO     [min reward] 0.557009961307
2017-08-18 20:46:59,913 INFO     
2017-08-18 20:46:59,913 INFO     [max steps] 3
2017-08-18 20:52:42,278 INFO     [step] 2990300
2017-08-18 20:52:42,278 INFO     [task] go[LL] 0.0338755120498 0.941737820191
2017-08-18 20:52:42,278 INFO     [task] go[URU] 0.0737541890984 0.838986988848
2017-08-18 20:52:42,278 INFO     [task] go[LLD] 0.073153904565 0.833527086724
2017-08-18 20:52:42,278 INFO     [task] go[LD] 0.0914594355674 0.797634941827
2017-08-18 20:52:42,278 INFO     [task] go[UL] 0.0643585425134 0.874200426439
2017-08-18 20:52:42,278 INFO     [task] go[DRU] 0.202720592138 0.612774620409
2017-08-18 20:52:42,278 INFO     [task] go[RD] 0.0856774404095 0.833432954772
2017-08-18 20:52:42,278 INFO     [task] go[LUR] 0.116537349454 0.733352592807
2017-08-18 20:52:42,278 INFO     [task] go[RDD] 0.183923632587 0.665980731456
2017-08-18 20:52:42,278 INFO     [task] go[UR] 0.074539401617 0.845224527012
2017-08-18 20:52:42,278 INFO     
2017-08-18 20:52:42,278 INFO     [rollout0] [3, 3, 3, 3, 3, 3, 5, 1, 1, 1, 1, 5]
2017-08-18 20:52:42,278 INFO     [rollout1] [1, 1, 1, 1, 1, 1, 2, 4, 3, 3, 5, 3, 3, 3, 3, 3, 5, 0, 0, 0, 0, 5]
2017-08-18 20:52:42,278 INFO     [rollout2] [5, 1, 1, 3, 4, 5]
2017-08-18 20:52:42,279 INFO     [reward] 0.750770547945
2017-08-18 20:52:42,279 INFO     [error] [ -1.31119672e-05   1.13472732e-04]
2017-08-18 20:52:42,279 INFO     
2017-08-18 20:52:42,279 INFO     [min reward] 0.612774620409
2017-08-18 20:52:42,279 INFO     
2017-08-18 20:52:42,279 INFO     [max steps] 3
2017-08-18 20:58:39,168 INFO     [step] 3051800
2017-08-18 20:58:39,168 INFO     [task] go[LL] 0.0321514100803 0.93893129771
2017-08-18 20:58:39,168 INFO     [task] go[URU] 0.080546936327 0.83312983313
2017-08-18 20:58:39,168 INFO     [task] go[LLD] 0.0831185440996 0.848508330105
2017-08-18 20:58:39,168 INFO     [task] go[LD] 0.100023704065 0.812398042414
2017-08-18 20:58:39,168 INFO     [task] go[UL] 0.0639614467409 0.869952935348
2017-08-18 20:58:39,168 INFO     [task] go[DRU] 0.187092707986 0.567189777892
2017-08-18 20:58:39,168 INFO     [task] go[RD] 0.0831628801434 0.836059264961
2017-08-18 20:58:39,168 INFO     [task] go[LUR] 0.13030061831 0.737563451777
2017-08-18 20:58:39,168 INFO     [task] go[RDD] 0.162032689395 0.625768127816
2017-08-18 20:58:39,168 INFO     [task] go[UR] 0.0776090628521 0.84739039666
2017-08-18 20:58:39,168 INFO     
2017-08-18 20:58:39,168 INFO     [rollout0] [2, 1, 1, 4, 3, 0, 0, 0, 0, 0, 0, 5, 0, 0, 3, 3, 4, 2, 2, 2, 2, 2, 2, 2, 2, 5]
2017-08-18 20:58:39,168 INFO     [rollout1] [1, 2, 4, 0, 3, 3, 3, 3, 3, 3, 3, 5, 1, 1, 1, 1, 5]
2017-08-18 20:58:39,168 INFO     [rollout2] [3, 3, 2, 1, 4, 4, 3, 2, 4, 4, 4, 4, 4, 4, 6, 3, 4, 0, 2, 3, 2, 3, 2, 3, 2, 3, 2, 3, 2, 6, 3, 3, 3, 5]
2017-08-18 20:58:39,168 INFO     [reward] 0.743918699187
2017-08-18 20:58:39,168 INFO     [error] [ -1.67660549e-05   1.21345986e-04]
2017-08-18 20:58:39,169 INFO     
2017-08-18 20:58:39,169 INFO     [min reward] 0.567189777892
2017-08-18 20:58:39,169 INFO     
