2016-10-25 00:43:15,105 INFO     BEGIN
2016-10-25 00:43:15,105 INFO     struct {
    trainer:
        improvement_threshold: 0.8
        name: 'CurriculumTrainer'
        max_timesteps: 100
        hints: 'resources/craft/hints.yaml'
    name: 'craft_modular_common-nostate-baseline'
    recipes: 'resources/craft/recipes.yaml'
    world:
        name: 'CraftWorld'
    model:
        use_args: False
        name: 'ModularACModel'
        max_subtask_timesteps: 15
        baseline: 'common'
    experiment_dir: 'experiments/craft_modular_common-nostate-baseline'
}
2016-10-25 00:44:04,510 INFO     [max steps] 1
2016-10-25 00:44:04,510 INFO     [min reward] inf
2016-10-25 00:44:04,510 INFO     
2016-10-25 00:44:26,980 INFO     [max steps] 2
2016-10-25 00:52:56,991 INFO     [step] 60800
2016-10-25 00:52:56,991 INFO     [task] make[cloth] 0.25 0.0108343064746
2016-10-25 00:52:56,991 INFO     [task] make[stick] 0.25 0.0110335659688
2016-10-25 00:52:56,991 INFO     [task] make[plank] 0.25 0.0100519019775
2016-10-25 00:52:56,991 INFO     [task] make[rope] 0.25 0.0107142857143
2016-10-25 00:52:56,991 INFO     
2016-10-25 00:52:56,992 INFO     [rollout0] [3, 4, 1, 0, 2, 4, 0, 0, 1, 4, 1, 3, 0, 0, 6, 4, 0, 3, 3, 1, 1, 0, 1, 2, 3, 4, 4, 1, 4, 6]
2016-10-25 00:52:56,992 INFO     [rollout1] [3, 1, 1, 4, 4, 2, 1, 0, 0, 0, 2, 1, 5, 4, 3, 1, 1, 4, 4, 3, 4, 3, 2, 2, 1, 4, 1, 6]
2016-10-25 00:52:56,992 INFO     [rollout2] [4, 4, 1, 4, 4, 3, 1, 1, 0, 1, 2, 2, 1, 3, 6, 1, 0, 3, 3, 4, 2, 4, 1, 0, 0, 3, 0, 3, 3, 6]
2016-10-25 00:52:56,992 INFO     [reward] 0.0106578947368
2016-10-25 00:52:56,992 INFO     [error] [ -1.86565826e-05   4.42922849e-08]
2016-10-25 00:52:56,992 INFO     
2016-10-25 00:52:56,992 INFO     [min reward] 0.0100519019775
2016-10-25 00:52:56,992 INFO     
2016-10-25 00:52:56,992 INFO     [max steps] 2
2016-10-25 01:03:55,432 INFO     [step] 160300
2016-10-25 01:03:55,432 INFO     [task] make[cloth] 0.24995602318 0.0129917288683
2016-10-25 01:03:55,432 INFO     [task] make[stick] 0.249906175481 0.0119811206584
2016-10-25 01:03:55,433 INFO     [task] make[plank] 0.250151753196 0.0174577634755
2016-10-25 01:03:55,433 INFO     [task] make[rope] 0.249986048142 0.0151200829809
2016-10-25 01:03:55,433 INFO     
2016-10-25 01:03:55,433 INFO     [rollout0] [4, 1, 4, 2, 0, 0, 4, 3, 1, 4, 5, 4, 1, 1, 2, 1, 1, 2, 4, 1, 1, 2, 4, 0, 0, 6]
2016-10-25 01:03:55,433 INFO     [rollout1] [2, 3, 0, 0, 1, 2, 4, 5, 1, 2, 2, 4, 3, 0, 0, 4, 3, 4, 1, 2, 0, 5]
2016-10-25 01:03:55,433 INFO     [rollout2] [2, 2, 4, 2, 5, 2, 0, 4, 0, 1, 2, 0, 5]
2016-10-25 01:03:55,433 INFO     [reward] 0.014391959799
2016-10-25 01:03:55,433 INFO     [error] [ -3.78699088e-05   2.35532588e-07]
2016-10-25 01:03:55,433 INFO     
2016-10-25 01:03:55,433 INFO     [min reward] 0.0119811206584
2016-10-25 01:03:55,433 INFO     
2016-10-25 01:03:55,433 INFO     [max steps] 2
2016-10-25 01:14:15,183 INFO     [step] 260300
2016-10-25 01:14:15,184 INFO     [task] make[cloth] 0.250350524268 0.0210392094358
2016-10-25 01:14:15,184 INFO     [task] make[stick] 0.250604289761 0.0103578913429
2016-10-25 01:14:15,184 INFO     [task] make[plank] 0.249229095151 0.0345984818218
2016-10-25 01:14:15,184 INFO     [task] make[rope] 0.24981609082 0.0326390551432
2016-10-25 01:14:15,184 INFO     
2016-10-25 01:14:15,184 INFO     [rollout0] [0, 4, 4, 5, 0, 4, 4, 4, 4, 4, 4, 0, 0, 4, 4, 0, 3, 4, 6]
2016-10-25 01:14:15,184 INFO     [rollout1] [1, 5, 3, 3, 3, 1, 3, 1, 0, 0, 1, 1, 4, 0, 1, 1, 6]
2016-10-25 01:14:15,184 INFO     [rollout2] [1, 4, 3, 5, 4, 0, 4, 4, 4, 1, 4, 4, 4, 4, 4, 4, 3, 4, 6]
2016-10-25 01:14:15,184 INFO     [reward] 0.02469
2016-10-25 01:14:15,184 INFO     [error] [  2.52007134e-05   3.34013409e-05]
2016-10-25 01:14:15,185 INFO     
2016-10-25 01:14:15,185 INFO     [min reward] 0.0103578913429
2016-10-25 01:14:15,185 INFO     
2016-10-25 01:14:15,185 INFO     [max steps] 2
2016-10-25 01:25:03,224 INFO     [step] 359000
2016-10-25 01:25:03,225 INFO     [task] make[cloth] 0.250918323897 0.0496453900709
2016-10-25 01:25:03,225 INFO     [task] make[stick] 0.253628379198 0.0201280512205
2016-10-25 01:25:03,225 INFO     [task] make[plank] 0.247478076384 0.121286823616
2016-10-25 01:25:03,225 INFO     [task] make[rope] 0.24797522052 0.119927491451
2016-10-25 01:25:03,225 INFO     
2016-10-25 01:25:03,225 INFO     [rollout0] [0, 4, 4, 4, 4, 5, 0, 0, 0, 0, 4, 4, 4, 2, 4, 4, 3, 4, 1, 1, 6]
2016-10-25 01:25:03,225 INFO     [rollout1] [2, 4, 2, 5, 4, 4, 1, 1, 4, 4, 4, 4, 3, 4, 4, 2, 3, 4, 6]
2016-10-25 01:25:03,225 INFO     [rollout2] [2, 3, 1, 0, 1, 1, 4, 4, 0, 4, 4, 4, 0, 4, 6, 1, 1, 3, 1, 4, 3, 4, 1, 1, 1, 5]
2016-10-25 01:25:03,225 INFO     [reward] 0.0771225937183
2016-10-25 01:25:03,225 INFO     [error] [ -3.71509261e-05   5.25408885e-05]
2016-10-25 01:25:03,226 INFO     
2016-10-25 01:25:03,226 INFO     [min reward] 0.0201280512205
2016-10-25 01:25:03,226 INFO     
2016-10-25 01:25:03,226 INFO     [max steps] 2
2016-10-25 01:33:56,704 INFO     [step] 432600
2016-10-25 01:33:56,704 INFO     [task] make[cloth] 0.257535922969 0.131591423906
2016-10-25 01:33:56,704 INFO     [task] make[stick] 0.265451514799 0.0708375893769
2016-10-25 01:33:56,704 INFO     [task] make[plank] 0.238324016742 0.294986596703
2016-10-25 01:33:56,705 INFO     [task] make[rope] 0.23868854549 0.272737659963
2016-10-25 01:33:56,705 INFO     
2016-10-25 01:33:56,705 INFO     [rollout0] [3, 2, 3, 5, 3, 4, 3, 4, 0, 3, 4, 3, 4, 4, 4, 4, 4, 4, 6]
2016-10-25 01:33:56,705 INFO     [rollout1] [5, 4, 4, 4, 2, 4, 4, 4, 4, 4, 4, 2, 4, 2, 2, 6]
2016-10-25 01:33:56,705 INFO     [rollout2] [1, 1, 0, 5, 4, 4, 4, 3, 4, 4, 1, 4, 0, 4, 2, 4, 4, 4, 6]
2016-10-25 01:33:56,705 INFO     [reward] 0.187921195652
2016-10-25 01:33:56,705 INFO     [error] [ -1.27325793e-04   8.05305734e-05]
2016-10-25 01:33:56,705 INFO     
2016-10-25 01:33:56,705 INFO     [min reward] 0.0708375893769
2016-10-25 01:33:56,705 INFO     
2016-10-25 01:33:56,705 INFO     [max steps] 2
2016-10-25 01:40:55,937 INFO     [step] 485400
2016-10-25 01:40:55,937 INFO     [task] make[cloth] 0.268639067398 0.347158766419
2016-10-25 01:40:55,937 INFO     [task] make[stick] 0.287219092562 0.235511551155
2016-10-25 01:40:55,937 INFO     [task] make[plank] 0.218668782462 0.486247965042
2016-10-25 01:40:55,937 INFO     [task] make[rope] 0.225473057578 0.50463620416
2016-10-25 01:40:55,937 INFO     
2016-10-25 01:40:55,938 INFO     [rollout0] [3, 4, 3, 5, 3, 3, 3, 4, 1, 1, 3, 4, 3, 4, 4, 4, 4, 4, 6]
2016-10-25 01:40:55,938 INFO     [rollout1] [4, 5, 0, 2, 0, 2, 0, 2, 2, 0, 4, 0, 2, 2, 4, 4, 6]
2016-10-25 01:40:55,938 INFO     [rollout2] [1, 4, 5, 2, 1, 4, 5]
2016-10-25 01:40:55,938 INFO     [reward] 0.381571969697
2016-10-25 01:40:55,938 INFO     [error] [ -7.44142905e-05   1.39932537e-04]
2016-10-25 01:40:55,938 INFO     
2016-10-25 01:40:55,938 INFO     [min reward] 0.235511551155
2016-10-25 01:40:55,938 INFO     
2016-10-25 01:40:55,938 INFO     [max steps] 2
2016-10-25 01:48:04,043 INFO     [step] 540400
2016-10-25 01:48:04,043 INFO     [task] make[cloth] 0.268743513703 0.487700682147
2016-10-25 01:48:04,043 INFO     [task] make[stick] 0.314009956714 0.453521609879
2016-10-25 01:48:04,043 INFO     [task] make[plank] 0.212350944771 0.625515818432
2016-10-25 01:48:04,043 INFO     [task] make[rope] 0.204895584812 0.628619202675
2016-10-25 01:48:04,044 INFO     
2016-10-25 01:48:04,044 INFO     [rollout0] [1, 4, 3, 2, 1, 2, 2, 4, 5, 0, 0, 2, 4, 4, 2, 2, 2, 2, 2, 2, 2, 2, 2, 6]
2016-10-25 01:48:04,044 INFO     [rollout1] [0, 3, 4, 1, 4, 5, 3, 4, 4, 4, 0, 4, 5]
2016-10-25 01:48:04,044 INFO     [rollout2] [2, 4, 3, 2, 3, 3, 4, 3, 4, 2, 4, 4, 4, 4, 6, 1, 2, 0, 2, 0, 2, 0, 2, 2, 1, 2, 4, 4, 4, 6]
2016-10-25 01:48:04,044 INFO     [reward] 0.535090909091
2016-10-25 01:48:04,044 INFO     [error] [-0.00013115  0.00014763]
2016-10-25 01:48:04,044 INFO     
2016-10-25 01:48:04,044 INFO     [min reward] 0.453521609879
2016-10-25 01:48:04,044 INFO     
2016-10-25 01:48:04,044 INFO     [max steps] 2
2016-10-25 01:56:13,188 INFO     [step] 603500
2016-10-25 01:56:13,188 INFO     [task] make[cloth] 0.283143896415 0.582820043283
2016-10-25 01:56:13,188 INFO     [task] make[stick] 0.301672727235 0.576590357633
2016-10-25 01:56:13,188 INFO     [task] make[plank] 0.208432876625 0.695578493298
2016-10-25 01:56:13,188 INFO     [task] make[rope] 0.206750499725 0.683841997108
2016-10-25 01:56:13,188 INFO     
2016-10-25 01:56:13,188 INFO     [rollout0] [2, 0, 2, 2, 0, 4, 5, 2, 4, 0, 2, 1, 1, 2, 4, 4, 4, 4, 4, 4, 4, 6]
2016-10-25 01:56:13,188 INFO     [rollout1] [3, 1, 1, 3, 3, 3, 3, 4, 3, 1, 3, 4, 5, 3, 0, 4, 4, 4, 4, 4, 4, 0, 4, 4, 0, 0, 4, 6]
2016-10-25 01:56:13,188 INFO     [rollout2] [3, 1, 3, 1, 1, 4, 5, 2, 2, 2, 4, 2, 1, 2, 2, 2, 2, 4, 2, 4, 4, 6]
2016-10-25 01:56:13,188 INFO     [reward] 0.625182250396
2016-10-25 01:56:13,189 INFO     [error] [ -4.36164477e-05   1.61716279e-04]
2016-10-25 01:56:13,189 INFO     
2016-10-25 01:56:13,189 INFO     [min reward] 0.576590357633
2016-10-25 01:56:13,189 INFO     
2016-10-25 01:56:13,189 INFO     [max steps] 2
2016-10-25 02:05:24,872 INFO     [step] 677000
2016-10-25 02:05:24,872 INFO     [task] make[cloth] 0.284564846324 0.619123390713
2016-10-25 02:05:24,872 INFO     [task] make[stick] 0.288714735643 0.642323417454
2016-10-25 02:05:24,872 INFO     [task] make[plank] 0.209451090409 0.733067472824
2016-10-25 02:05:24,873 INFO     [task] make[rope] 0.217269327624 0.697709444619
2016-10-25 02:05:24,873 INFO     
2016-10-25 02:05:24,873 INFO     [rollout0] [1, 4, 5, 0, 0, 4, 0, 3, 2, 0, 2, 4, 4, 4, 4, 4, 4, 6]
2016-10-25 02:05:24,873 INFO     [rollout1] [4, 0, 2, 2, 2, 2, 4, 5, 0, 2, 2, 1, 3, 2, 1, 3, 2, 1, 2, 4, 4, 5]
2016-10-25 02:05:24,873 INFO     [rollout2] [0, 4, 5, 3, 4, 5]
2016-10-25 02:05:24,873 INFO     [reward] 0.666979591837
2016-10-25 02:05:24,873 INFO     [error] [ -6.85676848e-05   1.55237763e-04]
2016-10-25 02:05:24,873 INFO     
2016-10-25 02:05:24,873 INFO     [min reward] 0.619123390713
2016-10-25 02:05:24,873 INFO     
2016-10-25 02:05:24,873 INFO     [max steps] 2
2016-10-25 02:15:10,401 INFO     [step] 754800
2016-10-25 02:15:10,401 INFO     [task] make[cloth] 0.29001594457 0.655805026113
2016-10-25 02:15:10,401 INFO     [task] make[stick] 0.272802385331 0.691356868621
2016-10-25 02:15:10,401 INFO     [task] make[plank] 0.205473662386 0.754502068088
2016-10-25 02:15:10,401 INFO     [task] make[rope] 0.231708007713 0.717146911155
2016-10-25 02:15:10,401 INFO     
2016-10-25 02:15:10,402 INFO     [rollout0] [4, 4, 4, 1, 2, 4, 0, 5, 0, 0, 4, 4, 0, 4, 0, 4, 4, 0, 0, 0, 0, 0, 6]
2016-10-25 02:15:10,402 INFO     [rollout1] [2, 0, 2, 4, 5, 0, 2, 1, 3, 1, 2, 2, 1, 2, 4, 1, 4, 5]
2016-10-25 02:15:10,402 INFO     [rollout2] [0, 0, 4, 5, 0, 0, 2, 4, 4, 4, 4, 4, 4, 4, 4, 4, 4, 4, 6]
2016-10-25 02:15:10,402 INFO     [reward] 0.699948586118
2016-10-25 02:15:10,402 INFO     [error] [ -7.58350753e-05   1.63642174e-04]
2016-10-25 02:15:10,402 INFO     
2016-10-25 02:15:10,402 INFO     [min reward] 0.655805026113
2016-10-25 02:15:10,402 INFO     
2016-10-25 02:15:10,402 INFO     [max steps] 2
2016-10-25 02:25:22,931 INFO     [step] 840900
2016-10-25 02:25:22,931 INFO     [task] make[cloth] 0.290041047975 0.685851318945
2016-10-25 02:25:22,931 INFO     [task] make[stick] 0.260928569203 0.714650308946
2016-10-25 02:25:22,931 INFO     [task] make[plank] 0.209220608395 0.773683916709
2016-10-25 02:25:22,931 INFO     [task] make[rope] 0.239809774428 0.723659578553
2016-10-25 02:25:22,931 INFO     
2016-10-25 02:25:22,931 INFO     [rollout0] [0, 0, 0, 0, 2, 5, 3, 0, 0, 4, 0, 0, 4, 0, 4, 4, 4, 4, 4, 4, 6]
2016-10-25 02:25:22,932 INFO     [rollout1] [0, 0, 3, 4, 5, 3, 0, 3, 3, 3, 3, 1, 3, 0, 3, 4, 0, 3, 0, 6]
2016-10-25 02:25:22,932 INFO     [rollout2] [3, 4, 1, 2, 1, 3, 1, 4, 4, 2, 1, 3, 4, 1, 6, 1, 4, 4, 1, 1, 1, 4, 0, 1, 1, 0, 1, 0, 1, 6]
2016-10-25 02:25:22,932 INFO     [reward] 0.720743321719
2016-10-25 02:25:22,932 INFO     [error] [-0.00011508  0.00016338]
2016-10-25 02:25:22,932 INFO     
2016-10-25 02:25:22,932 INFO     [min reward] 0.685851318945
2016-10-25 02:25:22,932 INFO     
2016-10-25 02:25:22,932 INFO     [max steps] 2
2016-10-25 02:35:54,578 INFO     [step] 929900
2016-10-25 02:35:54,578 INFO     [task] make[cloth] 0.283804488888 0.703952067296
2016-10-25 02:35:54,578 INFO     [task] make[stick] 0.258589878694 0.738948469788
2016-10-25 02:35:54,578 INFO     [task] make[plank] 0.206903711644 0.783171521036
2016-10-25 02:35:54,579 INFO     [task] make[rope] 0.250701920774 0.74811827957
2016-10-25 02:35:54,579 INFO     
2016-10-25 02:35:54,579 INFO     [rollout0] [3, 0, 3, 0, 3, 4, 5, 2, 0, 4, 0, 0, 4, 4, 4, 4, 4, 4, 0, 4, 4, 6]
2016-10-25 02:35:54,579 INFO     [rollout1] [2, 0, 2, 0, 3, 3, 0, 3, 3, 4, 5, 3, 0, 3, 4, 5]
2016-10-25 02:35:54,579 INFO     [rollout2] [3, 4, 5, 0, 4, 0, 4, 0, 4, 4, 4, 4, 4, 4, 4, 4, 4, 6]
2016-10-25 02:35:54,579 INFO     [reward] 0.740550561798
2016-10-25 02:35:54,579 INFO     [error] [ -6.85386899e-05   1.60287816e-04]
2016-10-25 02:35:54,579 INFO     
2016-10-25 02:35:54,579 INFO     [min reward] 0.703952067296
2016-10-25 02:35:54,579 INFO     
2016-10-25 02:35:54,579 INFO     [max steps] 2
2016-10-25 02:46:11,223 INFO     [step] 1020500
2016-10-25 02:46:11,224 INFO     [task] make[cloth] 0.287150645679 0.73527941233
2016-10-25 02:46:11,224 INFO     [task] make[stick] 0.25431513693 0.750228131925
2016-10-25 02:46:11,224 INFO     [task] make[plank] 0.212822689628 0.794168364947
2016-10-25 02:46:11,224 INFO     [task] make[rope] 0.245711527762 0.773352933316
2016-10-25 02:46:11,224 INFO     
2016-10-25 02:46:11,224 INFO     [rollout0] [3, 4, 5, 2, 4, 4, 4, 4, 4, 4, 4, 4, 0, 4, 4, 0, 2, 6]
2016-10-25 02:46:11,224 INFO     [rollout1] [2, 1, 2, 1, 4, 5, 2, 0, 4, 4, 4, 4, 4, 4, 4, 4, 4, 4, 4, 4, 6]
2016-10-25 02:46:11,224 INFO     [rollout2] [2, 1, 0, 2, 0, 4, 5, 3, 4, 3, 4, 3, 4, 4, 4, 4, 4, 4, 4, 4, 4, 6]
2016-10-25 02:46:11,224 INFO     [reward] 0.760949227373
2016-10-25 02:46:11,224 INFO     [error] [ -6.22421799e-05   1.58780855e-04]
2016-10-25 02:46:11,225 INFO     
2016-10-25 02:46:11,225 INFO     [min reward] 0.73527941233
2016-10-25 02:46:11,225 INFO     
2016-10-25 02:46:11,225 INFO     [max steps] 2
2016-10-25 02:57:18,918 INFO     [step] 1118200
2016-10-25 02:57:18,918 INFO     [task] make[cloth] 0.278347128573 0.738069872525
2016-10-25 02:57:18,918 INFO     [task] make[stick] 0.263201073411 0.763220917907
2016-10-25 02:57:18,918 INFO     [task] make[plank] 0.218680792662 0.806957168767
2016-10-25 02:57:18,919 INFO     [task] make[rope] 0.239771005354 0.775834928739
2016-10-25 02:57:18,919 INFO     
2016-10-25 02:57:18,919 INFO     [rollout0] [2, 0, 2, 4, 5, 0, 2, 4, 2, 0, 2, 0, 2, 2, 0, 4, 4, 4, 4, 6]
2016-10-25 02:57:18,919 INFO     [rollout1] [3, 0, 0, 0, 0, 3, 0, 3, 1, 3, 0, 3, 1, 2, 6, 2, 2, 1, 4, 5]
2016-10-25 02:57:18,919 INFO     [rollout2] [0, 0, 0, 0, 2, 4, 5, 2, 2, 2, 2, 1, 1, 1, 1, 1, 1, 1, 1, 1, 1, 6]
2016-10-25 02:57:18,919 INFO     [reward] 0.768874104401
2016-10-25 02:57:18,919 INFO     [error] [ -6.89088540e-05   1.64271800e-04]
2016-10-25 02:57:18,919 INFO     
2016-10-25 02:57:18,919 INFO     [min reward] 0.738069872525
2016-10-25 02:57:18,919 INFO     
2016-10-25 02:57:18,919 INFO     [max steps] 2
2016-10-25 03:08:04,180 INFO     [step] 1214500
2016-10-25 03:08:04,180 INFO     [task] make[cloth] 0.284470404435 0.752885070443
2016-10-25 03:08:04,180 INFO     [task] make[stick] 0.258159498328 0.781994492997
2016-10-25 03:08:04,180 INFO     [task] make[plank] 0.212406315015 0.816799882313
2016-10-25 03:08:04,180 INFO     [task] make[rope] 0.244963782222 0.780315667907
2016-10-25 03:08:04,180 INFO     
2016-10-25 03:08:04,180 INFO     [rollout0] [3, 0, 3, 4, 5, 0, 0, 0, 0, 3, 0, 4, 4, 0, 4, 4, 4, 4, 4, 6]
2016-10-25 03:08:04,181 INFO     [rollout1] [2, 1, 2, 1, 4, 5, 1, 1, 1, 3, 4, 4, 4, 4, 4, 4, 4, 1, 3, 0, 6]
2016-10-25 03:08:04,181 INFO     [rollout2] [1, 4, 5, 2, 1, 2, 4, 2, 1, 2, 2, 1, 1, 4, 1, 1, 1, 6]
2016-10-25 03:08:04,181 INFO     [reward] 0.780654205607
2016-10-25 03:08:04,181 INFO     [error] [ -2.69156808e-05   1.54981081e-04]
2016-10-25 03:08:04,181 INFO     
2016-10-25 03:08:04,181 INFO     [min reward] 0.752885070443
2016-10-25 03:08:04,181 INFO     
2016-10-25 03:08:04,181 INFO     [max steps] 2
2016-10-25 03:18:56,594 INFO     [step] 1312200
2016-10-25 03:18:56,594 INFO     [task] make[cloth] 0.283164698147 0.746960568563
2016-10-25 03:18:56,594 INFO     [task] make[stick] 0.251106035258 0.785465140137
2016-10-25 03:18:56,594 INFO     [task] make[plank] 0.212774314978 0.824149889221
2016-10-25 03:18:56,594 INFO     [task] make[rope] 0.252954951618 0.79199195171
2016-10-25 03:18:56,594 INFO     
2016-10-25 03:18:56,594 INFO     [rollout0] [0, 0, 3, 3, 4, 5, 0, 0, 0, 3, 4, 5]
2016-10-25 03:18:56,595 INFO     [rollout1] [2, 4, 5, 2, 2, 0, 2, 4, 4, 4, 4, 4, 4, 4, 4, 4, 4, 6]
2016-10-25 03:18:56,595 INFO     [rollout2] [4, 3, 3, 3, 4, 5, 2, 1, 4, 1, 4, 4, 4, 1, 1, 4, 4, 4, 1, 1, 6]
2016-10-25 03:18:56,595 INFO     [reward] 0.784421699079
2016-10-25 03:18:56,595 INFO     [error] [ -3.41227078e-05   1.66137911e-04]
2016-10-25 03:18:56,595 INFO     
2016-10-25 03:18:56,595 INFO     [min reward] 0.746960568563
2016-10-25 03:18:56,595 INFO     
2016-10-25 03:18:56,595 INFO     [max steps] 2
2016-10-25 03:29:47,792 INFO     [step] 1410200
2016-10-25 03:29:47,793 INFO     [task] make[cloth] 0.295075001284 0.761352723282
2016-10-25 03:29:47,793 INFO     [task] make[stick] 0.251880958305 0.793718859757
2016-10-25 03:29:47,793 INFO     [task] make[plank] 0.208484793999 0.832086245939
2016-10-25 03:29:47,793 INFO     [task] make[rope] 0.244559246412 0.800906671103
2016-10-25 03:29:47,793 INFO     
2016-10-25 03:29:47,793 INFO     [rollout0] [1, 3, 0, 3, 1, 3, 1, 4, 5, 2, 0, 2, 0, 4, 2, 0, 2, 0, 4, 4, 4, 4, 4, 6]
2016-10-25 03:29:47,793 INFO     [rollout1] [0, 0, 0, 1, 0, 0, 3, 0, 2, 0, 0, 2, 4, 5, 1, 2, 4, 2, 1, 4, 5]
2016-10-25 03:29:47,793 INFO     [rollout2] [2, 1, 1, 3, 1, 2, 1, 2, 2, 4, 5, 2, 2, 1, 2, 2, 1, 2, 1, 2, 4, 5]
2016-10-25 03:29:47,793 INFO     [reward] 0.793806122449
2016-10-25 03:29:47,793 INFO     [error] [ -5.88224104e-05   1.56983990e-04]
2016-10-25 03:29:47,794 INFO     
2016-10-25 03:29:47,794 INFO     [min reward] 0.761352723282
2016-10-25 03:29:47,794 INFO     
2016-10-25 03:29:47,794 INFO     [max steps] 2
2016-10-25 03:40:44,850 INFO     [step] 1509400
2016-10-25 03:40:44,851 INFO     [task] make[cloth] 0.29186162185 0.769331812368
2016-10-25 03:40:44,851 INFO     [task] make[stick] 0.253870322652 0.808656217678
2016-10-25 03:40:44,851 INFO     [task] make[plank] 0.20883476986 0.82994347553
2016-10-25 03:40:44,851 INFO     [task] make[rope] 0.245433285638 0.789596463944
2016-10-25 03:40:44,851 INFO     
2016-10-25 03:40:44,851 INFO     [rollout0] [3, 4, 3, 4, 4, 0, 4, 5, 2, 2, 2, 2, 4, 4, 4, 4, 4, 4, 4, 4, 4, 4, 6]
2016-10-25 03:40:44,851 INFO     [rollout1] [3, 2, 1, 2, 1, 2, 0, 2, 4, 5, 1, 1, 1, 1, 2, 4, 2, 1, 4, 1, 4, 4, 4, 4, 6]
2016-10-25 03:40:44,851 INFO     [rollout2] [2, 1, 4, 5, 3, 3, 3, 4, 5]
2016-10-25 03:40:44,851 INFO     [reward] 0.796935483871
2016-10-25 03:40:44,851 INFO     [error] [ -4.06805514e-05   1.49094151e-04]
2016-10-25 03:40:44,852 INFO     
2016-10-25 03:40:44,852 INFO     [min reward] 0.769331812368
2016-10-25 03:40:44,852 INFO     
2016-10-25 03:40:44,852 INFO     [max steps] 2
2016-10-25 03:51:36,414 INFO     [step] 1607500
2016-10-25 03:51:36,414 INFO     [task] make[cloth] 0.2856690536 0.766772823779
2016-10-25 03:51:36,415 INFO     [task] make[stick] 0.238991651992 0.821700727399
2016-10-25 03:51:36,415 INFO     [task] make[plank] 0.213724038254 0.847120170657
2016-10-25 03:51:36,415 INFO     [task] make[rope] 0.261615256154 0.796639245195
2016-10-25 03:51:36,415 INFO     
2016-10-25 03:51:36,415 INFO     [rollout0] [3, 4, 5, 3, 4, 3, 0, 0, 3, 4, 4, 4, 4, 0, 1, 3, 4, 6]
2016-10-25 03:51:36,415 INFO     [rollout1] [2, 4, 5, 1, 2, 1, 4, 4, 4, 3, 2, 1, 4, 3, 2, 4, 2, 6]
2016-10-25 03:51:36,415 INFO     [rollout2] [0, 4, 5, 0, 0, 2, 0, 2, 0, 2, 4, 5]
2016-10-25 03:51:36,415 INFO     [reward] 0.804791029562
2016-10-25 03:51:36,415 INFO     [error] [ -3.80664805e-05   1.66102201e-04]
2016-10-25 03:51:36,415 INFO     
2016-10-25 03:51:36,415 INFO     [min reward] 0.766772823779
2016-10-25 03:51:36,416 INFO     
2016-10-25 03:51:36,416 INFO     [max steps] 2
2016-10-25 04:02:29,085 INFO     [step] 1705800
2016-10-25 04:02:29,085 INFO     [task] make[cloth] 0.301110550806 0.797046228546
2016-10-25 04:02:29,085 INFO     [task] make[stick] 0.233110866024 0.828201113431
2016-10-25 04:02:29,086 INFO     [task] make[plank] 0.201642085769 0.843876518219
2016-10-25 04:02:29,086 INFO     [task] make[rope] 0.264136497401 0.81812212738
2016-10-25 04:02:29,086 INFO     
2016-10-25 04:02:29,086 INFO     [rollout0] [2, 1, 4, 5, 0, 3, 0, 0, 4, 0, 0, 4, 0, 2, 4, 4, 4, 4, 6]
2016-10-25 04:02:29,086 INFO     [rollout1] [3, 0, 3, 4, 5, 0, 3, 4, 3, 0, 4, 4, 4, 4, 4, 4, 4, 4, 4, 6]
2016-10-25 04:02:29,086 INFO     [rollout2] [2, 1, 2, 4, 5, 1, 2, 4, 4, 4, 4, 4, 4, 4, 1, 2, 4, 4, 0, 6]
2016-10-25 04:02:29,086 INFO     [reward] 0.819298067141
2016-10-25 04:02:29,086 INFO     [error] [ -6.29720860e-05   1.60279663e-04]
2016-10-25 04:02:29,086 INFO     
2016-10-25 04:02:29,086 INFO     [min reward] 0.797046228546
2016-10-25 04:02:29,086 INFO     
2016-10-25 04:02:29,086 INFO     [max steps] 2
2016-10-25 04:13:32,212 INFO     [step] 1804900
2016-10-25 04:13:32,212 INFO     [task] make[cloth] 0.282899550104 0.786941458013
2016-10-25 04:13:32,213 INFO     [task] make[stick] 0.241511680534 0.830284895482
2016-10-25 04:13:32,213 INFO     [task] make[plank] 0.220687607159 0.846725520223
2016-10-25 04:13:32,213 INFO     [task] make[rope] 0.254901162203 0.811424939419
2016-10-25 04:13:32,213 INFO     
2016-10-25 04:13:32,213 INFO     [rollout0] [3, 3, 3, 3, 3, 2, 4, 0, 3, 3, 4, 3, 1, 4, 6, 1, 2, 2, 1, 4, 4, 4, 4, 1, 1, 1, 1, 1, 4, 6]
2016-10-25 04:13:32,213 INFO     [rollout1] [4, 5, 3, 0, 0, 3, 3, 0, 3, 0, 4, 0, 3, 4, 5]
2016-10-25 04:13:32,213 INFO     [rollout2] [3, 4, 5, 1, 4, 4, 4, 4, 4, 4, 4, 4, 4, 4, 4, 4, 4, 6]
2016-10-25 04:13:32,213 INFO     [reward] 0.816932391524
2016-10-25 04:13:32,213 INFO     [error] [ -8.40051931e-05   1.62639912e-04]
2016-10-25 04:13:32,213 INFO     
2016-10-25 04:13:32,213 INFO     [min reward] 0.786941458013
2016-10-25 04:13:32,214 INFO     
2016-10-25 04:13:32,214 INFO     [max steps] 2
2016-10-25 04:24:24,702 INFO     [step] 1903900
2016-10-25 04:24:24,702 INFO     [task] make[cloth] 0.291723486574 0.784669376976
2016-10-25 04:24:24,703 INFO     [task] make[stick] 0.235037476767 0.834594594595
2016-10-25 04:24:24,703 INFO     [task] make[plank] 0.213535873071 0.853143921751
2016-10-25 04:24:24,703 INFO     [task] make[rope] 0.259703163588 0.82076797003
2016-10-25 04:24:24,703 INFO     
2016-10-25 04:24:24,703 INFO     [rollout0] [2, 1, 2, 1, 4, 2, 4, 5, 4, 4, 4, 4, 4, 4, 4, 4, 4, 3, 4, 4, 4, 4, 6]
2016-10-25 04:24:24,703 INFO     [rollout1] [2, 1, 2, 2, 4, 2, 4, 5, 1, 2, 4, 4, 4, 4, 4, 4, 4, 4, 4, 4, 4, 4, 6]
2016-10-25 04:24:24,703 INFO     [rollout2] [0, 2, 4, 5, 1, 4, 2, 4, 4, 4, 4, 4, 0, 1, 4, 4, 4, 4, 6]
2016-10-25 04:24:24,703 INFO     [reward] 0.820525252525
2016-10-25 04:24:24,703 INFO     [error] [ -7.60399325e-05   1.56471220e-04]
2016-10-25 04:24:24,703 INFO     
2016-10-25 04:24:24,703 INFO     [min reward] 0.784669376976
2016-10-25 04:24:24,703 INFO     
2016-10-25 04:24:24,703 INFO     [max steps] 2
2016-10-25 04:35:21,259 INFO     [step] 2003700
2016-10-25 04:35:21,259 INFO     [task] make[cloth] 0.301718452801 0.802998142743
2016-10-25 04:35:21,260 INFO     [task] make[stick] 0.234868420553 0.846035805627
2016-10-25 04:35:21,260 INFO     [task] make[plank] 0.210030809868 0.862649450024
2016-10-25 04:35:21,260 INFO     [task] make[rope] 0.253382316778 0.826410317272
2016-10-25 04:35:21,260 INFO     
2016-10-25 04:35:21,260 INFO     [rollout0] [2, 1, 2, 4, 5, 3, 3, 3, 0, 1, 0, 4, 0, 3, 4, 3, 4, 1, 1, 6]
2016-10-25 04:35:21,260 INFO     [rollout1] [2, 1, 3, 1, 3, 4, 5, 0, 3, 0, 2, 4, 2, 0, 4, 4, 4, 4, 4, 4, 4, 6]
2016-10-25 04:35:21,260 INFO     [rollout2] [4, 4, 4, 4, 4, 3, 1, 2, 4, 5, 1, 1, 1, 3, 2, 3, 4, 1, 0, 3, 1, 1, 0, 3, 6]
2016-10-25 04:35:21,260 INFO     [reward] 0.831543086172
2016-10-25 04:35:21,260 INFO     [error] [ -6.81585903e-05   1.45897737e-04]
2016-10-25 04:35:21,260 INFO     
2016-10-25 04:35:21,260 INFO     [min reward] 0.802998142743
2016-10-25 04:35:21,260 INFO     
2016-10-25 04:35:44,662 INFO     [max steps] 3
2016-10-25 04:42:36,986 INFO     [step] 2054900
2016-10-25 04:42:36,986 INFO     [task] make[cloth] 0.2 0.806039941549
2016-10-25 04:42:36,986 INFO     [task] make[stick] 0.2 0.850150822224
2016-10-25 04:42:36,986 INFO     [task] make[bridge] 0.2 0.274195136359
2016-10-25 04:42:36,986 INFO     [task] make[plank] 0.2 0.868758500097
2016-10-25 04:42:36,986 INFO     [task] make[rope] 0.2 0.840011756638
2016-10-25 04:42:36,986 INFO     
2016-10-25 04:42:36,986 INFO     [rollout0] [2, 2, 2, 3, 2, 3, 2, 2, 2, 4, 1, 1, 4, 4, 6, 1, 2, 1, 3, 1, 3, 1, 1, 2, 4, 5, 0, 4, 0, 0, 0, 2, 2, 0, 4, 0, 4, 4, 1, 0, 6]
2016-10-25 04:42:36,986 INFO     [rollout1] [2, 3, 1, 2, 1, 3, 2, 4, 2, 4, 1, 4, 3, 4, 6, 5, 3, 1, 3, 0, 3, 4, 1, 3, 0, 4, 3, 4, 4, 4, 6]
2016-10-25 04:42:36,986 INFO     [rollout2] [3, 0, 1, 3, 3, 3, 3, 3, 4, 0, 4, 5, 1, 2, 1, 2, 1, 4, 4, 4, 4, 4, 4, 4, 4, 4, 6]
2016-10-25 04:42:36,986 INFO     [reward] 0.72876953125
2016-10-25 04:42:36,986 INFO     [error] [-0.00012779  0.00015772]
2016-10-25 04:42:36,987 INFO     
2016-10-25 04:42:36,987 INFO     [min reward] 0.274195136359
2016-10-25 04:42:36,987 INFO     
2016-10-25 04:42:36,987 INFO     [max steps] 3
2016-10-25 04:49:36,920 INFO     [step] 2105100
2016-10-25 04:49:36,920 INFO     [task] make[cloth] 0.144566005263 0.799945077578
2016-10-25 04:49:36,920 INFO     [task] make[stick] 0.113300404261 0.833276098901
2016-10-25 04:49:36,920 INFO     [task] make[bridge] 0.521535297632 0.246408375363
2016-10-25 04:49:36,920 INFO     [task] make[plank] 0.100111362849 0.868763774795
2016-10-25 04:49:36,920 INFO     [task] make[rope] 0.120486929996 0.842664418212
2016-10-25 04:49:36,920 INFO     
2016-10-25 04:49:36,920 INFO     [rollout0] [1, 4, 2, 4, 5, 0, 2, 4, 5, 3, 0, 3, 4, 4, 4, 4, 4, 4, 4, 4, 4, 4, 4, 6]
2016-10-25 04:49:36,920 INFO     [rollout1] [5, 4, 5, 0, 4, 4, 4, 4, 4, 4, 4, 4, 4, 4, 4, 4, 4, 6]
2016-10-25 04:49:36,920 INFO     [rollout2] [4, 5, 3, 4, 3, 3, 3, 1, 3, 1, 3, 4, 5]
2016-10-25 04:49:36,920 INFO     [reward] 0.527111553785
2016-10-25 04:49:36,920 INFO     [error] [-0.00012611  0.00013462]
2016-10-25 04:49:36,921 INFO     
2016-10-25 04:49:36,921 INFO     [min reward] 0.246408375363
2016-10-25 04:49:36,921 INFO     
2016-10-25 04:49:36,921 INFO     [max steps] 3
2016-10-25 04:56:16,802 INFO     [step] 2155300
2016-10-25 04:56:16,803 INFO     [task] make[cloth] 0.143977543786 0.796614872364
2016-10-25 04:56:16,803 INFO     [task] make[stick] 0.12113152558 0.832282680823
2016-10-25 04:56:16,803 INFO     [task] make[bridge] 0.523387147052 0.260652198614
2016-10-25 04:56:16,803 INFO     [task] make[plank] 0.0968072757552 0.863192858626
2016-10-25 04:56:16,803 INFO     [task] make[rope] 0.114696507827 0.836873259053
2016-10-25 04:56:16,803 INFO     
2016-10-25 04:56:16,803 INFO     [rollout0] [2, 0, 1, 2, 0, 0, 2, 4, 5, 0, 3, 0, 4, 0, 0, 3, 0, 3, 4, 5]
2016-10-25 04:56:16,803 INFO     [rollout1] [2, 4, 5, 0, 4, 2, 4, 2, 0, 4, 4, 4, 1, 4, 0, 4, 4, 6]
2016-10-25 04:56:16,803 INFO     [rollout2] [4, 1, 1, 5, 1, 3, 4, 1, 2, 1, 2, 2, 2, 4, 5, 0, 3, 0, 0, 0, 0, 3, 0, 4, 4, 4, 4, 4, 4, 6]
2016-10-25 04:56:16,803 INFO     [reward] 0.53
2016-10-25 04:56:16,803 INFO     [error] [ -8.03710258e-05   1.45043138e-04]
2016-10-25 04:56:16,803 INFO     
2016-10-25 04:56:16,804 INFO     [min reward] 0.260652198614
2016-10-25 04:56:16,804 INFO     
2016-10-25 04:56:16,804 INFO     [max steps] 3
2016-10-25 05:03:13,277 INFO     [step] 2209100
2016-10-25 05:03:13,277 INFO     [task] make[cloth] 0.146115753504 0.798997493734
2016-10-25 05:03:13,277 INFO     [task] make[stick] 0.12169217363 0.84913136239
2016-10-25 05:03:13,278 INFO     [task] make[bridge] 0.513116916108 0.287004534152
2016-10-25 05:03:13,278 INFO     [task] make[plank] 0.100526387754 0.880624092888
2016-10-25 05:03:13,278 INFO     [task] make[rope] 0.118548769005 0.853860581432
2016-10-25 05:03:13,278 INFO     
2016-10-25 05:03:13,278 INFO     [rollout0] [1, 0, 0, 2, 4, 4, 4, 5, 5, 2, 0, 4, 0, 4, 4, 4, 4, 4, 4, 4, 4, 1, 4, 6]
2016-10-25 05:03:13,278 INFO     [rollout1] [1, 4, 5, 2, 2, 1, 3, 2, 1, 1, 1, 3, 2, 1, 1, 1, 3, 6]
2016-10-25 05:03:13,278 INFO     [rollout2] [0, 3, 4, 5, 0, 3, 0, 3, 3, 3, 1, 3, 3, 0, 3, 0, 0, 3, 6]
2016-10-25 05:03:13,278 INFO     [reward] 0.559739776952
2016-10-25 05:03:13,278 INFO     [error] [ -9.66557133e-05   1.38650834e-04]
2016-10-25 05:03:13,278 INFO     
2016-10-25 05:03:13,278 INFO     [min reward] 0.287004534152
2016-10-25 05:03:13,278 INFO     
2016-10-25 05:03:13,278 INFO     [max steps] 3
2016-10-25 05:10:01,192 INFO     [step] 2261300
2016-10-25 05:10:01,192 INFO     [task] make[cloth] 0.152858061131 0.805523881921
2016-10-25 05:10:01,193 INFO     [task] make[stick] 0.116539222576 0.836492129778
2016-10-25 05:10:01,193 INFO     [task] make[bridge] 0.523764798209 0.341328952172
2016-10-25 05:10:01,193 INFO     [task] make[plank] 0.093724717626 0.87752602572
2016-10-25 05:10:01,193 INFO     [task] make[rope] 0.113113200458 0.856871546961
2016-10-25 05:10:01,193 INFO     
2016-10-25 05:10:01,193 INFO     [rollout0] [1, 2, 0, 0, 0, 4, 0, 2, 0, 0, 0, 0, 0, 0, 6, 1, 4, 1, 1, 3, 1, 4, 4, 4, 4, 4, 4, 4, 4, 6]
2016-10-25 05:10:01,193 INFO     [rollout1] [5, 0, 0, 4, 0, 4, 5, 1, 1, 2, 1, 1, 1, 4, 4, 1, 1, 4, 4, 4, 4, 6]
2016-10-25 05:10:01,193 INFO     [rollout2] [0, 4, 0, 0, 0, 0, 0, 0, 4, 0, 0, 0, 0, 0, 6, 2, 4, 2, 0, 2, 0, 0, 4, 0, 0, 2, 1, 2, 0, 6]
2016-10-25 05:10:01,193 INFO     [reward] 0.578103448276
2016-10-25 05:10:01,193 INFO     [error] [ -4.98624427e-05   1.56145435e-04]
2016-10-25 05:10:01,193 INFO     
2016-10-25 05:10:01,193 INFO     [min reward] 0.341328952172
2016-10-25 05:10:01,194 INFO     
2016-10-25 05:10:01,194 INFO     [max steps] 3
2016-10-25 05:18:47,850 INFO     [step] 2335200
2016-10-25 05:18:47,850 INFO     [task] make[cloth] 0.153480932695 0.809382110975
2016-10-25 05:18:47,850 INFO     [task] make[stick] 0.130235990401 0.846533635055
2016-10-25 05:18:47,850 INFO     [task] make[bridge] 0.501908276871 0.320336742128
2016-10-25 05:18:47,850 INFO     [task] make[plank] 0.0994357156293 0.874323010693
2016-10-25 05:18:47,850 INFO     [task] make[rope] 0.114939084404 0.86148409894
2016-10-25 05:18:47,850 INFO     
2016-10-25 05:18:47,850 INFO     [rollout0] [4, 5, 1, 2, 4, 2, 4, 4, 4, 4, 4, 4, 1, 1, 2, 4, 6]
2016-10-25 05:18:47,850 INFO     [rollout1] [5, 2, 1, 2, 4, 5, 1, 2, 0, 4, 4, 4, 4, 4, 4, 4, 4, 4, 4, 4, 6]
2016-10-25 05:18:47,850 INFO     [rollout2] [5, 2, 4, 5, 0, 4, 0, 0, 2, 0, 3, 4, 4, 3, 3, 4, 4, 0, 6]
2016-10-25 05:18:47,850 INFO     [reward] 0.581326116373
2016-10-25 05:18:47,850 INFO     [error] [ -5.86738344e-05   1.44304091e-04]
2016-10-25 05:18:47,851 INFO     
2016-10-25 05:18:47,851 INFO     [min reward] 0.320336742128
2016-10-25 05:18:47,851 INFO     
2016-10-25 05:18:47,851 INFO     [max steps] 3
2016-10-25 05:27:26,385 INFO     [step] 2407100
2016-10-25 05:27:26,385 INFO     [task] make[cloth] 0.149945310489 0.800661096318
2016-10-25 05:27:26,386 INFO     [task] make[stick] 0.1221776132 0.85180087176
2016-10-25 05:27:26,386 INFO     [task] make[bridge] 0.515466351665 0.366659451269
2016-10-25 05:27:26,386 INFO     [task] make[plank] 0.101407348999 0.870337956106
2016-10-25 05:27:26,386 INFO     [task] make[rope] 0.111003375647 0.85087275487
2016-10-25 05:27:26,386 INFO     
2016-10-25 05:27:26,386 INFO     [rollout0] [4, 5, 3, 1, 3, 1, 3, 4, 4, 4, 4, 4, 4, 4, 4, 4, 6]
2016-10-25 05:27:26,386 INFO     [rollout1] [5, 4, 0, 2, 4, 5, 4, 1, 4, 3, 1, 4, 4, 3, 4, 4, 4, 4, 4, 4, 6]
2016-10-25 05:27:26,386 INFO     [rollout2] [1, 4, 4, 4, 2, 4, 4, 4, 1, 2, 2, 4, 4, 1, 6, 3, 1, 3, 1, 3, 4, 4, 4, 4, 4, 4, 4, 4, 4, 6]
2016-10-25 05:27:26,386 INFO     [reward] 0.596495132128
2016-10-25 05:27:26,386 INFO     [error] [ -7.79839268e-05   1.50192007e-04]
2016-10-25 05:27:26,386 INFO     
2016-10-25 05:27:26,386 INFO     [min reward] 0.366659451269
2016-10-25 05:27:26,386 INFO     
2016-10-25 05:27:26,387 INFO     [max steps] 3
2016-10-25 05:36:45,700 INFO     [step] 2483500
2016-10-25 05:36:45,700 INFO     [task] make[cloth] 0.159841215112 0.811184803079
2016-10-25 05:36:45,701 INFO     [task] make[stick] 0.120793318599 0.850497620078
2016-10-25 05:36:45,701 INFO     [task] make[bridge] 0.491224197849 0.390153336539
2016-10-25 05:36:45,701 INFO     [task] make[plank] 0.106639283995 0.880458648451
2016-10-25 05:36:45,701 INFO     [task] make[rope] 0.121501984445 0.858124798625
2016-10-25 05:36:45,701 INFO     
2016-10-25 05:36:45,701 INFO     [rollout0] [4, 5, 0, 4, 3, 0, 3, 4, 5, 3, 1, 1, 4, 1, 4, 1, 1, 4, 4, 1, 4, 4, 1, 6]
2016-10-25 05:36:45,701 INFO     [rollout1] [5, 0, 3, 4, 5, 3, 1, 0, 4, 3, 4, 4, 4, 1, 0, 3, 4, 4, 4, 6]
2016-10-25 05:36:45,701 INFO     [rollout2] [2, 4, 5, 0, 3, 0, 2, 4, 4, 3, 0, 2, 0, 2, 0, 2, 4, 6]
2016-10-25 05:36:45,701 INFO     [reward] 0.62280104712
2016-10-25 05:36:45,701 INFO     [error] [ -9.54551966e-05   1.46894981e-04]
2016-10-25 05:36:45,701 INFO     
2016-10-25 05:36:45,701 INFO     [min reward] 0.390153336539
2016-10-25 05:36:45,701 INFO     
2016-10-25 05:36:45,702 INFO     [max steps] 3
2016-10-25 05:44:58,321 INFO     [step] 2550200
2016-10-25 05:44:58,321 INFO     [task] make[cloth] 0.157842353575 0.814655993901
2016-10-25 05:44:58,321 INFO     [task] make[stick] 0.126631321134 0.852847541563
2016-10-25 05:44:58,321 INFO     [task] make[bridge] 0.492105521768 0.442559941431
2016-10-25 05:44:58,321 INFO     [task] make[plank] 0.102844813326 0.892005204568
2016-10-25 05:44:58,321 INFO     [task] make[rope] 0.120575990195 0.86581111388
2016-10-25 05:44:58,321 INFO     
2016-10-25 05:44:58,322 INFO     [rollout0] [1, 2, 1, 2, 0, 2, 0, 2, 4, 5, 4, 3, 4, 4, 4, 4, 4, 4, 4, 4, 4, 4, 4, 4, 6]
2016-10-25 05:44:58,322 INFO     [rollout1] [2, 0, 2, 4, 2, 1, 2, 1, 0, 2, 0, 1, 2, 0, 6, 3, 4, 3, 1, 3, 3, 0, 4, 3, 1, 0, 3, 3, 0, 6]
2016-10-25 05:44:58,322 INFO     [rollout2] [2, 4, 5, 2, 2, 1, 2, 1, 3, 1, 2, 4, 5, 3, 3, 4, 4, 4, 4, 4, 4, 4, 4, 4, 4, 4, 4, 6]
2016-10-25 05:44:58,322 INFO     [reward] 0.650809595202
2016-10-25 05:44:58,322 INFO     [error] [ -7.95855078e-05   1.49467035e-04]
2016-10-25 05:44:58,322 INFO     
2016-10-25 05:44:58,322 INFO     [min reward] 0.442559941431
2016-10-25 05:44:58,322 INFO     
2016-10-25 05:44:58,322 INFO     [max steps] 3
2016-10-25 05:54:03,527 INFO     [step] 2624700
2016-10-25 05:54:03,528 INFO     [task] make[cloth] 0.165248851453 0.797083539298
2016-10-25 05:54:03,528 INFO     [task] make[stick] 0.132941182984 0.857471724552
2016-10-25 05:54:03,528 INFO     [task] make[bridge] 0.480018915449 0.466711107408
2016-10-25 05:54:03,528 INFO     [task] make[plank] 0.099816241163 0.882864519636
2016-10-25 05:54:03,528 INFO     [task] make[rope] 0.121974808951 0.847485847486
2016-10-25 05:54:03,528 INFO     
2016-10-25 05:54:03,528 INFO     [rollout0] [0, 2, 0, 0, 0, 4, 0, 4, 5, 2, 2, 2, 2, 0, 3, 3, 0, 2, 2, 0, 3, 0, 1, 6, 2, 2, 4, 4, 2, 4, 4, 4, 4, 4, 4, 2, 2, 4, 6]
2016-10-25 05:54:03,528 INFO     [rollout1] [2, 1, 4, 1, 4, 5, 1, 3, 4, 5]
2016-10-25 05:54:03,528 INFO     [rollout2] [1, 3, 1, 3, 3, 3, 3, 3, 3, 3, 3, 1, 1, 2, 6, 1, 3, 4, 4, 4, 4, 4, 4, 4, 4, 4, 4, 4, 4, 6]
2016-10-25 05:54:03,528 INFO     [reward] 0.660093959732
2016-10-25 05:54:03,528 INFO     [error] [ -4.93549074e-05   1.51642198e-04]
2016-10-25 05:54:03,528 INFO     
2016-10-25 05:54:03,528 INFO     [min reward] 0.466711107408
2016-10-25 05:54:03,529 INFO     
2016-10-25 05:54:03,529 INFO     [max steps] 3
2016-10-25 06:03:35,239 INFO     [step] 2704300
2016-10-25 06:03:35,239 INFO     [task] make[cloth] 0.177669755178 0.813100186327
2016-10-25 06:03:35,239 INFO     [task] make[stick] 0.127278376069 0.850457182185
2016-10-25 06:03:35,239 INFO     [task] make[bridge] 0.453351536184 0.491469455146
2016-10-25 06:03:35,239 INFO     [task] make[plank] 0.106089165658 0.894159713945
2016-10-25 06:03:35,239 INFO     [task] make[rope] 0.13561116691 0.862540716612
2016-10-25 06:03:35,239 INFO     
2016-10-25 06:03:35,239 INFO     [rollout0] [2, 2, 4, 5, 0, 3, 4, 2, 0, 4, 4, 4, 4, 4, 4, 4, 4, 4, 6]
2016-10-25 06:03:35,239 INFO     [rollout1] [1, 3, 4, 4, 4, 4, 4, 4, 3, 4, 4, 3, 4, 3, 6, 1, 3, 1, 4, 4, 4, 4, 4, 4, 4, 4, 4, 4, 4, 6]
2016-10-25 06:03:35,240 INFO     [rollout2] [0, 4, 5, 2, 0, 3, 0, 3, 2, 0, 2, 3, 0, 2, 3, 0, 3, 6]
2016-10-25 06:03:35,240 INFO     [reward] 0.686256281407
2016-10-25 06:03:35,240 INFO     [error] [ -8.11237085e-05   1.47868116e-04]
2016-10-25 06:03:35,240 INFO     
2016-10-25 06:03:35,240 INFO     [min reward] 0.491469455146
2016-10-25 06:03:35,240 INFO     
2016-10-25 06:03:35,240 INFO     [max steps] 3
2016-10-25 06:12:28,075 INFO     [step] 2777600
2016-10-25 06:12:28,076 INFO     [task] make[cloth] 0.172981224757 0.813207399891
2016-10-25 06:12:28,077 INFO     [task] make[stick] 0.14016220489 0.863215902381
2016-10-25 06:12:28,077 INFO     [task] make[bridge] 0.455541562226 0.517327252543
2016-10-25 06:12:28,077 INFO     [task] make[plank] 0.101768479026 0.899517037832
2016-10-25 06:12:28,077 INFO     [task] make[rope] 0.129546529102 0.867455993294
2016-10-25 06:12:28,077 INFO     
2016-10-25 06:12:28,077 INFO     [rollout0] [5, 3, 1, 3, 1, 3, 4, 5, 2, 0, 2, 2, 4, 2, 1, 4, 2, 0, 3, 0, 4, 4, 6]
2016-10-25 06:12:28,077 INFO     [rollout1] [4, 5, 2, 4, 2, 0, 2, 1, 2, 4, 2, 0, 4, 5]
2016-10-25 06:12:28,077 INFO     [rollout2] [0, 2, 4, 0, 2, 1, 1, 2, 1, 2, 1, 2, 1, 1, 6, 4, 4, 4, 4, 4, 4, 4, 4, 4, 4, 4, 4, 4, 4, 6]
2016-10-25 06:12:28,077 INFO     [reward] 0.701446111869
2016-10-25 06:12:28,077 INFO     [error] [ -7.63342894e-05   1.56039964e-04]
2016-10-25 06:12:28,078 INFO     
2016-10-25 06:12:28,078 INFO     [min reward] 0.517327252543
2016-10-25 06:12:28,078 INFO     
2016-10-25 06:12:28,078 INFO     [max steps] 3
2016-10-25 06:22:23,570 INFO     [step] 2860500
2016-10-25 06:22:23,570 INFO     [task] make[cloth] 0.180663601607 0.807491638796
2016-10-25 06:22:23,571 INFO     [task] make[stick] 0.134753764723 0.8623885918
2016-10-25 06:22:23,571 INFO     [task] make[bridge] 0.452293597014 0.539004270444
2016-10-25 06:22:23,571 INFO     [task] make[plank] 0.101427847645 0.898932981657
2016-10-25 06:22:23,571 INFO     [task] make[rope] 0.130861189011 0.853293413174
2016-10-25 06:22:23,571 INFO     
2016-10-25 06:22:23,571 INFO     [rollout0] [5, 4, 5, 3, 1, 1, 4, 3, 3, 3, 3, 1, 4, 4, 3, 4, 4, 6]
2016-10-25 06:22:23,571 INFO     [rollout1] [4, 1, 5, 2, 1, 4, 5, 1, 1, 4, 1, 4, 4, 4, 4, 4, 4, 4, 4, 4, 4, 6]
2016-10-25 06:22:23,571 INFO     [rollout2] [3, 0, 3, 1, 3, 0, 3, 3, 1, 4, 5, 0, 3, 4, 5]
2016-10-25 06:22:23,571 INFO     [reward] 0.707925211098
2016-10-25 06:22:23,571 INFO     [error] [ -6.49083898e-05   1.56632878e-04]
2016-10-25 06:22:23,572 INFO     
2016-10-25 06:22:23,572 INFO     [min reward] 0.539004270444
2016-10-25 06:22:23,572 INFO     
2016-10-25 06:22:23,572 INFO     [max steps] 3
2016-10-25 06:33:04,616 INFO     [step] 2951500
2016-10-25 06:33:04,617 INFO     [task] make[cloth] 0.18597702965 0.815889403109
2016-10-25 06:33:04,618 INFO     [task] make[stick] 0.13556147053 0.873329553738
2016-10-25 06:33:04,618 INFO     [task] make[bridge] 0.432547013071 0.557673806269
2016-10-25 06:33:04,618 INFO     [task] make[plank] 0.102000302806 0.89772972973
2016-10-25 06:33:04,618 INFO     [task] make[rope] 0.143914183944 0.864224963604
2016-10-25 06:33:04,618 INFO     
2016-10-25 06:33:04,618 INFO     [rollout0] [5, 2, 2, 2, 2, 4, 5, 1, 1, 2, 3, 0, 0, 4, 0, 3, 4, 4, 4, 4, 4, 6]
2016-10-25 06:33:04,618 INFO     [rollout1] [1, 2, 4, 5, 1, 4, 1, 4, 4, 4, 1, 3, 1, 3, 1, 2, 1, 3, 6]
2016-10-25 06:33:04,619 INFO     [rollout2] [3, 4, 3, 4, 5, 1, 3, 2, 4, 1, 1, 1, 4, 4, 4, 4, 4, 4, 4, 6]
2016-10-25 06:33:04,619 INFO     [reward] 0.726857142857
2016-10-25 06:33:04,619 INFO     [error] [ -7.82070260e-05   1.51213089e-04]
2016-10-25 06:33:04,619 INFO     
2016-10-25 06:33:04,619 INFO     [min reward] 0.557673806269
2016-10-25 06:33:04,619 INFO     
2016-10-25 06:33:04,619 INFO     [max steps] 3
2016-10-25 06:43:16,246 INFO     [step] 3038100
2016-10-25 06:43:16,247 INFO     [task] make[cloth] 0.186438191112 0.838378245355
2016-10-25 06:43:16,247 INFO     [task] make[stick] 0.131268417014 0.866578366446
2016-10-25 06:43:16,247 INFO     [task] make[bridge] 0.43444757114 0.57855969477
2016-10-25 06:43:16,247 INFO     [task] make[plank] 0.107832681163 0.899377815919
2016-10-25 06:43:16,247 INFO     [task] make[rope] 0.140013139572 0.869030693318
2016-10-25 06:43:16,247 INFO     
2016-10-25 06:43:16,247 INFO     [rollout0] [2, 2, 4, 5, 1, 2, 4, 5]
2016-10-25 06:43:16,247 INFO     [rollout1] [1, 3, 1, 3, 1, 3, 0, 1, 1, 3, 0, 3, 4, 1, 6, 1, 1, 4, 4, 4, 1, 1, 1, 1, 1, 1, 4, 4, 1, 6]
2016-10-25 06:43:16,248 INFO     [rollout2] [5, 1, 3, 1, 3, 1, 1, 1, 4, 1, 5, 2, 1, 4, 0, 0, 2, 0, 2, 0, 4, 0, 3, 4, 2, 6]
2016-10-25 06:43:16,248 INFO     [reward] 0.739630484988
2016-10-25 06:43:16,248 INFO     [error] [ -9.41642504e-05   1.53655930e-04]
2016-10-25 06:43:16,248 INFO     
2016-10-25 06:43:16,248 INFO     [min reward] 0.57855969477
2016-10-25 06:43:16,248 INFO     
