2017-08-17 17:12:59,485 INFO     BEGIN
2017-08-17 17:12:59,486 INFO     struct {
    trainer:
        improvement_threshold: 0.8
        use_curriculum: True
        name: 'CurriculumTrainer'
        max_timesteps: 100
        hints: 'resources/light/hints.yaml'
    name: 'light_joint-feat-plan__3'
    recipes: 'resources/light/recipes.yaml'
    world:
        name: 'LightWorld'
    model:
        seed: 3
        baseline: 'state'
        featurize_plan: True
        use_args: False
        max_subtask_timesteps: 15
        name: 'ModularACModel'
    experiment_dir: 'experiments/light_joint-feat-plan__3'
}
2017-08-17 17:13:29,192 INFO     [max steps] 1
2017-08-17 17:13:29,192 INFO     [min reward] inf
2017-08-17 17:13:29,192 INFO     
2017-08-17 17:13:43,665 INFO     [max steps] 2
2017-08-17 17:17:57,460 INFO     [step] 50000
2017-08-17 17:17:57,461 INFO     [task] go[LL] 0.2 0.0
2017-08-17 17:17:57,461 INFO     [task] go[LD] 0.2 0.0
2017-08-17 17:17:57,461 INFO     [task] go[UL] 0.2 9.80199960792e-05
2017-08-17 17:17:57,461 INFO     [task] go[RD] 0.2 0.0
2017-08-17 17:17:57,461 INFO     [task] go[UR] 0.2 0.000100512614333
2017-08-17 17:17:57,461 INFO     
2017-08-17 17:17:57,461 INFO     [rollout0] [2, 1, 4, 4, 1, 4, 0, 0, 0, 0, 4, 1, 3, 5, 4, 2, 2, 5]
2017-08-17 17:17:57,461 INFO     [rollout1] [4, 0, 0, 2, 2, 3, 3, 3, 4, 3, 4, 3, 4, 2, 6, 0, 1, 2, 1, 1, 4, 1, 4, 0, 2, 2, 4, 1, 2, 6]
2017-08-17 17:17:57,461 INFO     [rollout2] [4, 4, 2, 1, 1, 4, 4, 0, 2, 1, 4, 4, 2, 0, 6, 1, 1, 0, 0, 1, 0, 5]
2017-08-17 17:17:57,461 INFO     [reward] 4e-05
2017-08-17 17:17:57,461 INFO     [error] [ -1.48999863e-05   8.79397297e-06]
2017-08-17 17:17:57,462 INFO     
2017-08-17 17:17:57,462 INFO     [min reward] 0.0
2017-08-17 17:17:57,462 INFO     
2017-08-17 17:17:57,462 INFO     [max steps] 2
2017-08-17 17:24:43,925 INFO     [step] 150200
2017-08-17 17:24:43,926 INFO     [task] go[LL] 0.200007862987 0.0
2017-08-17 17:24:43,926 INFO     [task] go[LD] 0.200007862987 0.0
2017-08-17 17:24:43,926 INFO     [task] go[UL] 0.199988452323 0.0
2017-08-17 17:24:43,926 INFO     [task] go[RD] 0.200007862987 0.0
2017-08-17 17:24:43,926 INFO     [task] go[UR] 0.199987958716 0.0
2017-08-17 17:24:43,926 INFO     
2017-08-17 17:24:43,926 INFO     [rollout0] [1, 4, 0, 3, 4, 5, 2, 0, 2, 1, 0, 3, 0, 3, 1, 2, 0, 4, 0, 0, 6]
2017-08-17 17:24:43,926 INFO     [rollout1] [4, 1, 4, 1, 1, 2, 3, 3, 3, 3, 0, 4, 1, 3, 6, 4, 3, 2, 4, 3, 3, 0, 5]
2017-08-17 17:24:43,926 INFO     [rollout2] [5, 4, 2, 2, 4, 0, 4, 5]
2017-08-17 17:24:43,926 INFO     [reward] 0.0
2017-08-17 17:24:43,926 INFO     [error] [ -3.02730891e-06   1.03090509e-07]
2017-08-17 17:24:43,926 INFO     
2017-08-17 17:24:43,926 INFO     [min reward] 0.0
2017-08-17 17:24:43,926 INFO     
2017-08-17 17:24:43,927 INFO     [max steps] 2
2017-08-17 17:31:16,520 INFO     [step] 251300
2017-08-17 17:31:16,520 INFO     [task] go[LL] 0.2 0.0
2017-08-17 17:31:16,520 INFO     [task] go[LD] 0.2 0.0
2017-08-17 17:31:16,520 INFO     [task] go[UL] 0.2 0.0
2017-08-17 17:31:16,521 INFO     [task] go[RD] 0.2 0.0
2017-08-17 17:31:16,521 INFO     [task] go[UR] 0.2 0.0
2017-08-17 17:31:16,521 INFO     
2017-08-17 17:31:16,521 INFO     [rollout0] [3, 0, 5, 4, 5]
2017-08-17 17:31:16,521 INFO     [rollout1] [2, 3, 3, 4, 2, 2, 3, 4, 4, 3, 3, 0, 5, 5]
2017-08-17 17:31:16,521 INFO     [rollout2] [5, 4, 0, 0, 5]
2017-08-17 17:31:16,521 INFO     [reward] 0.0
2017-08-17 17:31:16,521 INFO     [error] [  5.90370238e-07   1.86132387e-08]
2017-08-17 17:31:16,521 INFO     
2017-08-17 17:31:16,521 INFO     [min reward] 0.0
2017-08-17 17:31:16,521 INFO     
2017-08-17 17:31:16,521 INFO     [max steps] 2
2017-08-17 17:37:47,219 INFO     [step] 352500
2017-08-17 17:37:47,220 INFO     [task] go[LL] 0.2 0.0
2017-08-17 17:37:47,220 INFO     [task] go[LD] 0.2 0.0
2017-08-17 17:37:47,220 INFO     [task] go[UL] 0.2 0.0
2017-08-17 17:37:47,220 INFO     [task] go[RD] 0.2 0.0
2017-08-17 17:37:47,220 INFO     [task] go[UR] 0.2 0.0
2017-08-17 17:37:47,220 INFO     
2017-08-17 17:37:47,220 INFO     [rollout0] [0, 4, 3, 1, 4, 0, 5, 4, 1, 4, 4, 2, 0, 4, 1, 0, 5]
2017-08-17 17:37:47,220 INFO     [rollout1] [4, 2, 2, 1, 4, 3, 2, 4, 3, 5, 5]
2017-08-17 17:37:47,220 INFO     [rollout2] [0, 1, 1, 1, 4, 1, 1, 0, 5, 1, 5]
2017-08-17 17:37:47,220 INFO     [reward] 0.0
2017-08-17 17:37:47,220 INFO     [error] [ -9.91216403e-06   2.88601785e-08]
2017-08-17 17:37:47,221 INFO     
2017-08-17 17:37:47,221 INFO     [min reward] 0.0
2017-08-17 17:37:47,221 INFO     
2017-08-17 17:37:47,221 INFO     [max steps] 2
2017-08-17 17:44:17,356 INFO     [step] 453200
2017-08-17 17:44:17,356 INFO     [task] go[LL] 0.2 0.0
2017-08-17 17:44:17,356 INFO     [task] go[LD] 0.2 0.0001001001001
2017-08-17 17:44:17,356 INFO     [task] go[UL] 0.2 4.90918016691e-05
2017-08-17 17:44:17,356 INFO     [task] go[RD] 0.2 9.99250562078e-05
2017-08-17 17:44:17,356 INFO     [task] go[UR] 0.2 0.0
2017-08-17 17:44:17,356 INFO     
2017-08-17 17:44:17,357 INFO     [rollout0] [2, 5, 1, 4, 0, 4, 2, 0, 1, 3, 4, 0, 3, 0, 5]
2017-08-17 17:44:17,357 INFO     [rollout1] [5, 2, 4, 3, 4, 1, 3, 5]
2017-08-17 17:44:17,357 INFO     [rollout2] [2, 5, 2, 1, 2, 0, 0, 3, 1, 3, 0, 2, 0, 0, 0, 1, 6]
2017-08-17 17:44:17,357 INFO     [reward] 4.96524329692e-05
2017-08-17 17:44:17,357 INFO     [error] [ -1.16493877e-05   2.30424356e-08]
2017-08-17 17:44:17,357 INFO     
2017-08-17 17:44:17,357 INFO     [min reward] 0.0
2017-08-17 17:44:17,357 INFO     
2017-08-17 17:44:17,357 INFO     [max steps] 2
2017-08-17 17:50:47,365 INFO     [step] 553600
2017-08-17 17:50:47,365 INFO     [task] go[LL] 0.200009866505 0.0
2017-08-17 17:50:47,365 INFO     [task] go[LD] 0.199990043725 4.96696965182e-05
2017-08-17 17:50:47,365 INFO     [task] go[UL] 0.200000144876 0.0
2017-08-17 17:50:47,365 INFO     [task] go[RD] 0.199990078389 9.95520159283e-05
2017-08-17 17:50:47,365 INFO     [task] go[UR] 0.200009866505 4.96277915633e-05
2017-08-17 17:50:47,365 INFO     
2017-08-17 17:50:47,365 INFO     [rollout0] [3, 0, 3, 2, 5, 2, 2, 3, 4, 4, 4, 4, 5]
2017-08-17 17:50:47,366 INFO     [rollout1] [0, 0, 1, 4, 1, 1, 1, 3, 4, 4, 1, 5, 4, 2, 2, 5]
2017-08-17 17:50:47,366 INFO     [rollout2] [3, 4, 3, 5, 3, 5]
2017-08-17 17:50:47,366 INFO     [reward] 3.98406374502e-05
2017-08-17 17:50:47,366 INFO     [error] [  3.81719965e-06   2.14128281e-08]
2017-08-17 17:50:47,366 INFO     
2017-08-17 17:50:47,366 INFO     [min reward] 0.0
2017-08-17 17:50:47,366 INFO     
2017-08-17 17:50:47,366 INFO     [max steps] 2
2017-08-17 17:57:19,737 INFO     [step] 655100
2017-08-17 17:57:19,738 INFO     [task] go[LL] 0.200007875538 0.0
2017-08-17 17:57:19,738 INFO     [task] go[LD] 0.199998039567 4.92999408401e-05
2017-08-17 17:57:19,738 INFO     [task] go[UL] 0.200007875538 4.90003920031e-05
2017-08-17 17:57:19,738 INFO     [task] go[RD] 0.199988161491 0.0
2017-08-17 17:57:19,738 INFO     [task] go[UR] 0.199998047866 0.0
2017-08-17 17:57:19,738 INFO     
2017-08-17 17:57:19,738 INFO     [rollout0] [3, 3, 1, 3, 3, 2, 1, 3, 3, 0, 4, 3, 1, 3, 6, 0, 0, 1, 0, 3, 2, 0, 4, 0, 5]
2017-08-17 17:57:19,738 INFO     [rollout1] [3, 0, 0, 3, 2, 4, 3, 5, 0, 3, 0, 2, 4, 3, 5]
2017-08-17 17:57:19,738 INFO     [rollout2] [3, 4, 2, 5, 2, 5]
2017-08-17 17:57:19,738 INFO     [reward] 1.97044334975e-05
2017-08-17 17:57:19,738 INFO     [error] [ -7.80487716e-07   8.10223695e-09]
2017-08-17 17:57:19,738 INFO     
2017-08-17 17:57:19,739 INFO     [min reward] 0.0
2017-08-17 17:57:19,739 INFO     
2017-08-17 17:57:19,739 INFO     [max steps] 2
2017-08-17 18:03:54,117 INFO     [step] 757200
2017-08-17 18:03:54,118 INFO     [task] go[LL] 0.200003893158 0.0
2017-08-17 18:03:54,118 INFO     [task] go[LD] 0.199994130604 0.0
2017-08-17 18:03:54,118 INFO     [task] go[UL] 0.199994189921 4.89308606938e-05
2017-08-17 18:03:54,118 INFO     [task] go[RD] 0.200003893158 0.0
2017-08-17 18:03:54,118 INFO     [task] go[UR] 0.200003893158 0.0
2017-08-17 18:03:54,118 INFO     
2017-08-17 18:03:54,118 INFO     [rollout0] [5, 1, 2, 5]
2017-08-17 18:03:54,118 INFO     [rollout1] [0, 3, 0, 1, 0, 2, 0, 0, 0, 4, 3, 2, 5, 3, 2, 3, 3, 5]
2017-08-17 18:03:54,118 INFO     [rollout2] [3, 2, 3, 5, 4, 1, 0, 2, 0, 2, 2, 0, 2, 2, 0, 1, 2, 5]
2017-08-17 18:03:54,118 INFO     [reward] 9.79431929481e-06
2017-08-17 18:03:54,118 INFO     [error] [ -1.31701835e-05   2.79156304e-08]
2017-08-17 18:03:54,118 INFO     
2017-08-17 18:03:54,119 INFO     [min reward] 0.0
2017-08-17 18:03:54,119 INFO     
2017-08-17 18:03:54,119 INFO     [max steps] 2
2017-08-17 18:10:28,063 INFO     [step] 859300
2017-08-17 18:10:28,063 INFO     [task] go[LL] 0.200001937875 0.0
2017-08-17 18:10:28,063 INFO     [task] go[LD] 0.200001937875 0.0
2017-08-17 18:10:28,063 INFO     [task] go[UL] 0.199992248501 0.0
2017-08-17 18:10:28,063 INFO     [task] go[RD] 0.200001937875 0.0
2017-08-17 18:10:28,063 INFO     [task] go[UR] 0.200001937875 0.0
2017-08-17 18:10:28,063 INFO     
2017-08-17 18:10:28,063 INFO     [rollout0] [1, 3, 4, 3, 3, 4, 0, 5, 2, 1, 4, 0, 2, 4, 1, 4, 2, 1, 3, 5]
2017-08-17 18:10:28,063 INFO     [rollout1] [0, 2, 0, 1, 2, 1, 0, 5, 1, 5]
2017-08-17 18:10:28,063 INFO     [rollout2] [3, 4, 5, 5]
2017-08-17 18:10:28,064 INFO     [reward] 0.0
2017-08-17 18:10:28,064 INFO     [error] [ -3.65802348e-07   8.09977476e-09]
2017-08-17 18:10:28,064 INFO     
2017-08-17 18:10:28,064 INFO     [min reward] 0.0
2017-08-17 18:10:28,064 INFO     
2017-08-17 18:10:28,064 INFO     [max steps] 2
2017-08-17 18:16:59,870 INFO     [step] 960300
2017-08-17 18:16:59,870 INFO     [task] go[LL] 0.2 0.0
2017-08-17 18:16:59,870 INFO     [task] go[LD] 0.2 0.0
2017-08-17 18:16:59,870 INFO     [task] go[UL] 0.2 4.98206456756e-05
2017-08-17 18:16:59,870 INFO     [task] go[RD] 0.2 0.0
2017-08-17 18:16:59,870 INFO     [task] go[UR] 0.2 4.89883897516e-05
2017-08-17 18:16:59,870 INFO     
2017-08-17 18:16:59,870 INFO     [rollout0] [5, 3, 0, 3, 0, 0, 2, 1, 2, 1, 5]
2017-08-17 18:16:59,870 INFO     [rollout1] [1, 4, 5, 2, 3, 0, 5]
2017-08-17 18:16:59,871 INFO     [rollout2] [5, 1, 4, 0, 2, 1, 0, 3, 2, 2, 3, 4, 2, 2, 5]
2017-08-17 18:16:59,871 INFO     [reward] 1.9801980198e-05
2017-08-17 18:16:59,871 INFO     [error] [ -5.52212170e-06   1.74794492e-08]
2017-08-17 18:16:59,871 INFO     
2017-08-17 18:16:59,871 INFO     [min reward] 0.0
2017-08-17 18:16:59,871 INFO     
2017-08-17 18:16:59,871 INFO     [max steps] 2
2017-08-17 18:23:30,129 INFO     [step] 1061000
2017-08-17 18:23:30,130 INFO     [task] go[LL] 0.200003913306 4.99925011248e-05
2017-08-17 18:23:30,130 INFO     [task] go[LD] 0.200003913306 0.0
2017-08-17 18:23:30,130 INFO     [task] go[UL] 0.199994047638 9.98203234178e-05
2017-08-17 18:23:30,130 INFO     [task] go[RD] 0.200003913306 9.99100809272e-05
2017-08-17 18:23:30,130 INFO     [task] go[UR] 0.199994212445 0.0
2017-08-17 18:23:30,130 INFO     
2017-08-17 18:23:30,130 INFO     [rollout0] [1, 4, 0, 1, 3, 2, 0, 5, 3, 3, 1, 2, 2, 3, 5]
2017-08-17 18:23:30,130 INFO     [rollout1] [2, 0, 1, 2, 0, 2, 5, 0, 4, 3, 2, 2, 0, 4, 4, 3, 1, 2, 2, 0, 1, 6]
2017-08-17 18:23:30,130 INFO     [rollout2] [0, 0, 0, 1, 3, 5, 4, 0, 2, 1, 4, 1, 1, 2, 4, 3, 0, 3, 3, 1, 6]
2017-08-17 18:23:30,130 INFO     [reward] 4.96524329692e-05
2017-08-17 18:23:30,130 INFO     [error] [ -8.70948756e-06   2.37931747e-08]
2017-08-17 18:23:30,131 INFO     
2017-08-17 18:23:30,131 INFO     [min reward] 0.0
2017-08-17 18:23:30,131 INFO     
2017-08-17 18:23:30,131 INFO     [max steps] 2
2017-08-17 18:30:02,472 INFO     [step] 1162700
2017-08-17 18:30:02,472 INFO     [task] go[LL] 0.19999999051 0.0
2017-08-17 18:30:02,472 INFO     [task] go[LD] 0.200009890505 4.90677134446e-05
2017-08-17 18:30:02,472 INFO     [task] go[UL] 0.199990123127 0.0
2017-08-17 18:30:02,472 INFO     [task] go[RD] 0.199990105352 0.0
2017-08-17 18:30:02,472 INFO     [task] go[UR] 0.200009890505 0.0
2017-08-17 18:30:02,472 INFO     
2017-08-17 18:30:02,473 INFO     [rollout0] [5, 0, 0, 0, 0, 5]
2017-08-17 18:30:02,473 INFO     [rollout1] [0, 5, 0, 0, 0, 1, 5]
2017-08-17 18:30:02,473 INFO     [rollout2] [2, 2, 4, 3, 1, 3, 5, 3, 1, 4, 2, 2, 1, 0, 1, 0, 2, 1, 0, 4, 4, 6]
2017-08-17 18:30:02,473 INFO     [reward] 9.83284169125e-06
2017-08-17 18:30:02,473 INFO     [error] [ -1.99059412e-06   1.63735773e-08]
2017-08-17 18:30:02,473 INFO     
2017-08-17 18:30:02,473 INFO     [min reward] 0.0
2017-08-17 18:30:02,473 INFO     
2017-08-17 18:30:02,473 INFO     [max steps] 2
2017-08-17 18:36:34,832 INFO     [step] 1264200
2017-08-17 18:36:34,832 INFO     [task] go[LL] 0.200001943295 0.0
2017-08-17 18:36:34,832 INFO     [task] go[LD] 0.199992226821 0.0
2017-08-17 18:36:34,832 INFO     [task] go[UL] 0.200001943295 0.0
2017-08-17 18:36:34,832 INFO     [task] go[RD] 0.200001943295 0.0
2017-08-17 18:36:34,832 INFO     [task] go[UR] 0.200001943295 0.0
2017-08-17 18:36:34,832 INFO     
2017-08-17 18:36:34,833 INFO     [rollout0] [2, 1, 4, 1, 1, 3, 0, 3, 1, 5, 3, 2, 0, 5]
2017-08-17 18:36:34,833 INFO     [rollout1] [4, 5, 0, 3, 4, 3, 2, 4, 4, 3, 5]
2017-08-17 18:36:34,833 INFO     [rollout2] [3, 4, 3, 5, 1, 1, 2, 2, 4, 5]
2017-08-17 18:36:34,833 INFO     [reward] 0.0
2017-08-17 18:36:34,833 INFO     [error] [  9.02465311e-06   5.96067219e-08]
2017-08-17 18:36:34,833 INFO     
2017-08-17 18:36:34,833 INFO     [min reward] 0.0
2017-08-17 18:36:34,833 INFO     
2017-08-17 18:36:34,833 INFO     [max steps] 2
2017-08-17 18:43:08,466 INFO     [step] 1365500
2017-08-17 18:43:08,466 INFO     [task] go[LL] 0.2 0.0
2017-08-17 18:43:08,466 INFO     [task] go[LD] 0.2 4.92707922743e-05
2017-08-17 18:43:08,466 INFO     [task] go[UL] 0.2 9.9755598783e-05
2017-08-17 18:43:08,466 INFO     [task] go[RD] 0.2 0.0
2017-08-17 18:43:08,466 INFO     [task] go[UR] 0.2 0.0
2017-08-17 18:43:08,466 INFO     
2017-08-17 18:43:08,466 INFO     [rollout0] [3, 0, 1, 1, 3, 0, 2, 2, 2, 1, 5, 2, 4, 5]
2017-08-17 18:43:08,466 INFO     [rollout1] [5, 1, 3, 3, 5]
2017-08-17 18:43:08,466 INFO     [rollout2] [5, 2, 0, 0, 2, 0, 2, 3, 0, 2, 5]
2017-08-17 18:43:08,466 INFO     [reward] 2.96150049358e-05
2017-08-17 18:43:08,466 INFO     [error] [  1.22622073e-07   3.82256391e-08]
2017-08-17 18:43:08,467 INFO     
2017-08-17 18:43:08,467 INFO     [min reward] 0.0
2017-08-17 18:43:08,467 INFO     
2017-08-17 18:43:08,467 INFO     [max steps] 2
2017-08-17 18:49:42,334 INFO     [step] 1467100
2017-08-17 18:49:42,334 INFO     [task] go[LL] 0.200005902209 0.0
2017-08-17 18:49:42,335 INFO     [task] go[LD] 0.199996145329 4.87305686857e-05
2017-08-17 18:49:42,335 INFO     [task] go[UL] 0.199986148043 0.0
2017-08-17 18:49:42,335 INFO     [task] go[RD] 0.200005902209 0.0
2017-08-17 18:49:42,335 INFO     [task] go[UR] 0.200005902209 0.0
2017-08-17 18:49:42,335 INFO     
2017-08-17 18:49:42,335 INFO     [rollout0] [5, 3, 0, 5]
2017-08-17 18:49:42,335 INFO     [rollout1] [0, 1, 4, 1, 3, 3, 3, 4, 4, 1, 1, 0, 1, 4, 6, 5]
2017-08-17 18:49:42,335 INFO     [rollout2] [4, 1, 4, 4, 0, 1, 3, 3, 0, 5, 0, 5]
2017-08-17 18:49:42,335 INFO     [reward] 9.84251968504e-06
2017-08-17 18:49:42,335 INFO     [error] [ -3.60505386e-06   2.35544782e-08]
2017-08-17 18:49:42,335 INFO     
2017-08-17 18:49:42,335 INFO     [min reward] 0.0
2017-08-17 18:49:42,335 INFO     
2017-08-17 18:49:42,335 INFO     [max steps] 2
2017-08-17 18:56:13,748 INFO     [step] 1567800
2017-08-17 18:56:13,749 INFO     [task] go[LL] 0.200001929942 0.0
2017-08-17 18:56:13,749 INFO     [task] go[LD] 0.199992280231 0.0
2017-08-17 18:56:13,749 INFO     [task] go[UL] 0.200001929942 0.0
2017-08-17 18:56:13,749 INFO     [task] go[RD] 0.200001929942 0.0
2017-08-17 18:56:13,749 INFO     [task] go[UR] 0.200001929942 9.87361769352e-05
2017-08-17 18:56:13,749 INFO     
2017-08-17 18:56:13,749 INFO     [rollout0] [2, 0, 1, 1, 0, 3, 4, 2, 0, 3, 0, 2, 4, 0, 6, 0, 0, 4, 5]
2017-08-17 18:56:13,749 INFO     [rollout1] [1, 0, 3, 1, 5, 0, 0, 4, 0, 0, 1, 2, 2, 3, 3, 3, 3, 4, 5]
2017-08-17 18:56:13,749 INFO     [rollout2] [4, 2, 1, 0, 5, 4, 1, 0, 2, 4, 3, 1, 0, 2, 4, 1, 5]
2017-08-17 18:56:13,749 INFO     [reward] 1.98609731877e-05
2017-08-17 18:56:13,749 INFO     [error] [  4.60441557e-06   2.52339131e-08]
2017-08-17 18:56:13,750 INFO     
2017-08-17 18:56:13,750 INFO     [min reward] 0.0
2017-08-17 18:56:13,750 INFO     
2017-08-17 18:56:13,750 INFO     [max steps] 2
2017-08-17 19:02:47,301 INFO     [step] 1669300
2017-08-17 19:02:47,301 INFO     [task] go[LL] 0.20000391042 0.0
2017-08-17 19:02:47,301 INFO     [task] go[LD] 0.20000391042 0.0
2017-08-17 19:02:47,301 INFO     [task] go[UL] 0.20000391042 0.0
2017-08-17 19:02:47,301 INFO     [task] go[RD] 0.20000391042 4.95147553971e-05
2017-08-17 19:02:47,301 INFO     [task] go[UR] 0.19998435832 9.88875154512e-05
2017-08-17 19:02:47,301 INFO     
2017-08-17 19:02:47,302 INFO     [rollout0] [3, 3, 0, 0, 4, 0, 3, 3, 3, 3, 0, 1, 4, 0, 6, 0, 2, 0, 2, 3, 5]
2017-08-17 19:02:47,302 INFO     [rollout1] [4, 1, 5, 3, 2, 3, 5]
2017-08-17 19:02:47,302 INFO     [rollout2] [0, 2, 1, 1, 2, 4, 4, 3, 3, 5, 3, 4, 5]
2017-08-17 19:02:47,302 INFO     [reward] 2.95566502463e-05
2017-08-17 19:02:47,302 INFO     [error] [ -8.78530884e-06   1.45717667e-08]
2017-08-17 19:02:47,302 INFO     
2017-08-17 19:02:47,302 INFO     [min reward] 0.0
2017-08-17 19:02:47,302 INFO     
2017-08-17 19:02:47,302 INFO     [max steps] 2
2017-08-17 19:09:17,035 INFO     [step] 1769600
2017-08-17 19:09:17,036 INFO     [task] go[LL] 0.20000587749 0.0
2017-08-17 19:09:17,036 INFO     [task] go[LD] 0.20000587749 0.0
2017-08-17 19:09:17,036 INFO     [task] go[UL] 0.20000587749 0.0
2017-08-17 19:09:17,036 INFO     [task] go[RD] 0.1999960723 0.0
2017-08-17 19:09:17,036 INFO     [task] go[UR] 0.199986295229 9.99500249875e-05
2017-08-17 19:09:17,036 INFO     
2017-08-17 19:09:17,036 INFO     [rollout0] [0, 2, 0, 1, 5, 2, 5]
2017-08-17 19:09:17,036 INFO     [rollout1] [1, 1, 1, 1, 1, 5, 1, 2, 5]
2017-08-17 19:09:17,036 INFO     [rollout2] [1, 5, 4, 2, 5]
2017-08-17 19:09:17,036 INFO     [reward] 1.99401794616e-05
2017-08-17 19:09:17,036 INFO     [error] [ -4.08472624e-06   1.73512024e-09]
2017-08-17 19:09:17,036 INFO     
2017-08-17 19:09:17,036 INFO     [min reward] 0.0
2017-08-17 19:09:17,037 INFO     
2017-08-17 19:09:17,037 INFO     [max steps] 2
2017-08-17 19:15:49,742 INFO     [step] 1870700
2017-08-17 19:15:49,742 INFO     [task] go[LL] 0.200003958495 0.0
2017-08-17 19:15:49,742 INFO     [task] go[LD] 0.200003958495 0.0
2017-08-17 19:15:49,742 INFO     [task] go[UL] 0.200003958495 0.0
2017-08-17 19:15:49,742 INFO     [task] go[RD] 0.200003958495 0.000195379280027
2017-08-17 19:15:49,742 INFO     [task] go[UR] 0.199984166019 0.0
2017-08-17 19:15:49,742 INFO     
2017-08-17 19:15:49,742 INFO     [rollout0] [3, 4, 1, 1, 1, 4, 0, 5, 2, 5]
2017-08-17 19:15:49,742 INFO     [rollout1] [5, 5]
2017-08-17 19:15:49,742 INFO     [rollout2] [2, 2, 4, 2, 3, 4, 2, 3, 5, 1, 2, 0, 3, 2, 2, 0, 3, 2, 2, 3, 2, 2, 1, 6]
2017-08-17 19:15:49,742 INFO     [reward] 3.95647873393e-05
2017-08-17 19:15:49,743 INFO     [error] [  9.86966252e-07   1.65511826e-08]
2017-08-17 19:15:49,743 INFO     
2017-08-17 19:15:49,743 INFO     [min reward] 0.0
2017-08-17 19:15:49,743 INFO     
2017-08-17 19:15:49,743 INFO     [max steps] 2
2017-08-17 19:22:20,092 INFO     [step] 1971100
2017-08-17 19:22:20,093 INFO     [task] go[LL] 0.200007738093 0.0
2017-08-17 19:22:20,093 INFO     [task] go[LD] 0.200007738093 0.0
2017-08-17 19:22:20,093 INFO     [task] go[UL] 0.200007738093 0.0
2017-08-17 19:22:20,093 INFO     [task] go[RD] 0.199969047629 4.91545418797e-05
2017-08-17 19:22:20,093 INFO     [task] go[UR] 0.200007738093 0.0
2017-08-17 19:22:20,093 INFO     
2017-08-17 19:22:20,093 INFO     [rollout0] [3, 1, 2, 2, 1, 1, 0, 0, 2, 5, 0, 3, 5]
2017-08-17 19:22:20,093 INFO     [rollout1] [1, 1, 1, 5, 2, 3, 3, 1, 3, 5]
2017-08-17 19:22:20,093 INFO     [rollout2] [4, 5, 2, 2, 2, 2, 3, 0, 1, 0, 4, 5]
2017-08-17 19:22:20,093 INFO     [reward] 9.96015936255e-06
2017-08-17 19:22:20,093 INFO     [error] [ -8.84167810e-06   1.06853953e-08]
2017-08-17 19:22:20,093 INFO     
2017-08-17 19:22:20,093 INFO     [min reward] 0.0
2017-08-17 19:22:20,094 INFO     
2017-08-17 19:22:20,094 INFO     [max steps] 2
2017-08-17 19:28:51,754 INFO     [step] 2072000
2017-08-17 19:28:51,754 INFO     [task] go[LL] 0.200001946733 0.0
2017-08-17 19:28:51,754 INFO     [task] go[LD] 0.200001946733 0.0
2017-08-17 19:28:51,754 INFO     [task] go[UL] 0.200001946733 0.0
2017-08-17 19:28:51,754 INFO     [task] go[RD] 0.199992213066 0.0
2017-08-17 19:28:51,754 INFO     [task] go[UR] 0.200001946733 4.97561946462e-05
2017-08-17 19:28:51,754 INFO     
2017-08-17 19:28:51,754 INFO     [rollout0] [3, 3, 1, 2, 3, 5, 3, 4, 3, 1, 2, 5]
2017-08-17 19:28:51,754 INFO     [rollout1] [4, 1, 0, 4, 4, 2, 2, 0, 2, 1, 0, 0, 0, 5, 2, 4, 1, 5]
2017-08-17 19:28:51,754 INFO     [rollout2] [5, 3, 5]
2017-08-17 19:28:51,754 INFO     [reward] 9.91080277502e-06
2017-08-17 19:28:51,754 INFO     [error] [  4.93819603e-06   2.19611121e-08]
2017-08-17 19:28:51,755 INFO     
2017-08-17 19:28:51,755 INFO     [min reward] 0.0
2017-08-17 19:28:51,755 INFO     
2017-08-17 19:28:51,755 INFO     [max steps] 2
2017-08-17 19:35:25,192 INFO     [step] 2173400
2017-08-17 19:35:25,192 INFO     [task] go[LL] 0.200001970562 0.0
2017-08-17 19:35:25,192 INFO     [task] go[LD] 0.200001970562 4.92562309132e-05
2017-08-17 19:35:25,193 INFO     [task] go[UL] 0.200001970562 0.0
2017-08-17 19:35:25,193 INFO     [task] go[RD] 0.200001970562 4.89835904972e-05
2017-08-17 19:35:25,193 INFO     [task] go[UR] 0.199992117753 0.0
2017-08-17 19:35:25,193 INFO     
2017-08-17 19:35:25,193 INFO     [rollout0] [2, 2, 5, 2, 0, 5]
2017-08-17 19:35:25,193 INFO     [rollout1] [4, 0, 5, 0, 2, 1, 1, 0, 3, 4, 3, 3, 2, 5]
2017-08-17 19:35:25,193 INFO     [rollout2] [2, 5, 2, 5]
2017-08-17 19:35:25,193 INFO     [reward] 1.97238658777e-05
2017-08-17 19:35:25,193 INFO     [error] [ -1.21225241e-06   3.51370933e-08]
2017-08-17 19:35:25,193 INFO     
2017-08-17 19:35:25,193 INFO     [min reward] 0.0
2017-08-17 19:35:25,193 INFO     
2017-08-17 19:35:25,193 INFO     [max steps] 2
2017-08-17 19:41:56,172 INFO     [step] 2274500
2017-08-17 19:41:56,172 INFO     [task] go[LL] 0.200003890762 0.0
2017-08-17 19:41:56,172 INFO     [task] go[LD] 0.199994136863 4.94364247578e-05
2017-08-17 19:41:56,172 INFO     [task] go[UL] 0.200003890762 4.90532718532e-05
2017-08-17 19:41:56,172 INFO     [task] go[RD] 0.199994190852 4.99101617089e-05
2017-08-17 19:41:56,172 INFO     [task] go[UR] 0.200003890762 4.97760079642e-05
2017-08-17 19:41:56,172 INFO     
2017-08-17 19:41:56,172 INFO     [rollout0] [3, 2, 2, 5, 2, 0, 4, 0, 2, 3, 5]
2017-08-17 19:41:56,172 INFO     [rollout1] [0, 1, 5, 0, 0, 3, 0, 5]
2017-08-17 19:41:56,173 INFO     [rollout2] [3, 0, 2, 5, 5]
2017-08-17 19:41:56,173 INFO     [reward] 3.95647873393e-05
2017-08-17 19:41:56,173 INFO     [error] [ -1.92044722e-05   5.87577342e-08]
2017-08-17 19:41:56,173 INFO     
2017-08-17 19:41:56,173 INFO     [min reward] 0.0
2017-08-17 19:41:56,173 INFO     
2017-08-17 19:41:56,173 INFO     [max steps] 2
2017-08-17 19:48:26,981 INFO     [step] 2375600
2017-08-17 19:48:26,981 INFO     [task] go[LL] 0.200007848857 0.0
2017-08-17 19:48:26,981 INFO     [task] go[LD] 0.199998059082 9.96115150911e-05
2017-08-17 19:48:26,981 INFO     [task] go[UL] 0.199998134957 0.0
2017-08-17 19:48:26,981 INFO     [task] go[RD] 0.199997965269 0.0
2017-08-17 19:48:26,981 INFO     [task] go[UR] 0.199997991835 0.0
2017-08-17 19:48:26,981 INFO     
2017-08-17 19:48:26,981 INFO     [rollout0] [2, 4, 0, 4, 3, 2, 2, 1, 1, 5, 2, 3, 5]
2017-08-17 19:48:26,981 INFO     [rollout1] [4, 0, 5, 3, 3, 4, 0, 3, 0, 0, 4, 1, 1, 3, 3, 3, 5]
2017-08-17 19:48:26,981 INFO     [rollout2] [0, 0, 2, 3, 1, 2, 3, 2, 4, 5, 1, 3, 2, 0, 4, 1, 5]
2017-08-17 19:48:26,981 INFO     [reward] 1.97823936696e-05
2017-08-17 19:48:26,981 INFO     [error] [ -2.36055323e-06   3.68827478e-08]
2017-08-17 19:48:26,982 INFO     
2017-08-17 19:48:26,982 INFO     [min reward] 0.0
2017-08-17 19:48:26,982 INFO     
2017-08-17 19:48:26,982 INFO     [max steps] 2
2017-08-17 19:55:02,597 INFO     [step] 2478200
2017-08-17 19:55:02,597 INFO     [task] go[LL] 0.200003945088 0.0
2017-08-17 19:55:02,597 INFO     [task] go[LD] 0.199984219647 0.0
2017-08-17 19:55:02,597 INFO     [task] go[UL] 0.200003945088 0.0
2017-08-17 19:55:02,597 INFO     [task] go[RD] 0.200003945088 9.67866821525e-05
2017-08-17 19:55:02,597 INFO     [task] go[UR] 0.200003945088 0.0
2017-08-17 19:55:02,597 INFO     
2017-08-17 19:55:02,597 INFO     [rollout0] [3, 1, 3, 5, 5]
2017-08-17 19:55:02,597 INFO     [rollout1] [4, 3, 3, 1, 0, 0, 5, 2, 4, 3, 1, 5]
2017-08-17 19:55:02,597 INFO     [rollout2] [3, 3, 3, 2, 5, 5]
2017-08-17 19:55:02,597 INFO     [reward] 1.94931773879e-05
2017-08-17 19:55:02,597 INFO     [error] [ -8.59851593e-06   7.74646107e-09]
2017-08-17 19:55:02,598 INFO     
2017-08-17 19:55:02,598 INFO     [min reward] 0.0
2017-08-17 19:55:02,598 INFO     
2017-08-17 19:55:02,598 INFO     [max steps] 2
2017-08-17 20:01:33,400 INFO     [step] 2578900
2017-08-17 20:01:33,400 INFO     [task] go[LL] 0.200003833209 0.0
2017-08-17 20:01:33,400 INFO     [task] go[LD] 0.200003833209 0.0
2017-08-17 20:01:33,400 INFO     [task] go[UL] 0.200003833209 4.92271339963e-05
2017-08-17 20:01:33,400 INFO     [task] go[RD] 0.199984667162 4.94510928692e-05
2017-08-17 20:01:33,400 INFO     [task] go[UR] 0.200003833209 0.0
2017-08-17 20:01:33,401 INFO     
2017-08-17 20:01:33,401 INFO     [rollout0] [5, 2, 4, 4, 1, 0, 3, 3, 0, 5]
2017-08-17 20:01:33,401 INFO     [rollout1] [2, 1, 0, 1, 2, 4, 3, 1, 4, 1, 2, 2, 2, 3, 6, 2, 2, 2, 1, 0, 0, 2, 1, 3, 5]
2017-08-17 20:01:33,401 INFO     [rollout2] [2, 0, 2, 4, 3, 5, 5]
2017-08-17 20:01:33,401 INFO     [reward] 1.98609731877e-05
2017-08-17 20:01:33,401 INFO     [error] [ -1.14411613e-06   5.27231108e-09]
2017-08-17 20:01:33,401 INFO     
2017-08-17 20:01:33,401 INFO     [min reward] 0.0
2017-08-17 20:01:33,401 INFO     
2017-08-17 20:01:33,401 INFO     [max steps] 2
2017-08-17 20:08:05,237 INFO     [step] 2680000
2017-08-17 20:08:05,238 INFO     [task] go[LL] 0.200003908125 0.0
2017-08-17 20:08:05,238 INFO     [task] go[LD] 0.200003908125 0.00014827995255
2017-08-17 20:08:05,238 INFO     [task] go[UL] 0.199994159987 0.0
2017-08-17 20:08:05,238 INFO     [task] go[RD] 0.199994115638 0.0
2017-08-17 20:08:05,238 INFO     [task] go[UR] 0.200003908125 0.0
2017-08-17 20:08:05,238 INFO     
2017-08-17 20:08:05,238 INFO     [rollout0] [2, 4, 2, 5, 0, 0, 5]
2017-08-17 20:08:05,238 INFO     [rollout1] [2, 4, 3, 1, 2, 0, 0, 3, 5, 2, 4, 0, 2, 5]
2017-08-17 20:08:05,238 INFO     [rollout2] [3, 4, 1, 2, 2, 5, 4, 2, 5]
2017-08-17 20:08:05,238 INFO     [reward] 2.96735905045e-05
2017-08-17 20:08:05,238 INFO     [error] [  4.06520063e-06   2.97268143e-08]
2017-08-17 20:08:05,239 INFO     
2017-08-17 20:08:05,239 INFO     [min reward] 0.0
2017-08-17 20:08:05,239 INFO     
2017-08-17 20:08:05,239 INFO     [max steps] 2
2017-08-17 20:14:35,526 INFO     [step] 2780700
2017-08-17 20:14:35,526 INFO     [task] go[LL] 0.200005872646 0.0
2017-08-17 20:14:35,527 INFO     [task] go[LD] 0.199976509417 4.99750124938e-05
2017-08-17 20:14:35,527 INFO     [task] go[UL] 0.200005872646 0.0
2017-08-17 20:14:35,527 INFO     [task] go[RD] 0.200005872646 0.0
2017-08-17 20:14:35,527 INFO     [task] go[UR] 0.200005872646 0.0
2017-08-17 20:14:35,527 INFO     
2017-08-17 20:14:35,527 INFO     [rollout0] [1, 0, 3, 3, 1, 3, 2, 3, 3, 3, 5, 4, 2, 2, 5]
2017-08-17 20:14:35,527 INFO     [rollout1] [5, 5]
2017-08-17 20:14:35,527 INFO     [rollout2] [5, 1, 3, 4, 0, 0, 4, 0, 2, 5]
2017-08-17 20:14:35,527 INFO     [reward] 9.93048659384e-06
2017-08-17 20:14:35,527 INFO     [error] [ -3.02147445e-06   1.66209393e-08]
2017-08-17 20:14:35,527 INFO     
2017-08-17 20:14:35,527 INFO     [min reward] 0.0
2017-08-17 20:14:35,528 INFO     
2017-08-17 20:14:35,528 INFO     [max steps] 2
2017-08-17 20:21:06,081 INFO     [step] 2881700
2017-08-17 20:21:06,082 INFO     [task] go[LL] 0.200001979228 0.0
2017-08-17 20:21:06,082 INFO     [task] go[LD] 0.199992083088 9.87995850417e-05
2017-08-17 20:21:06,082 INFO     [task] go[UL] 0.200001979228 0.0
2017-08-17 20:21:06,082 INFO     [task] go[RD] 0.200001979228 0.0
2017-08-17 20:21:06,082 INFO     [task] go[UR] 0.200001979228 0.0
2017-08-17 20:21:06,082 INFO     
2017-08-17 20:21:06,082 INFO     [rollout0] [3, 4, 1, 4, 1, 2, 4, 4, 0, 2, 4, 3, 2, 3, 6, 3, 5]
2017-08-17 20:21:06,082 INFO     [rollout1] [4, 3, 5, 4, 4, 3, 2, 3, 2, 0, 5]
2017-08-17 20:21:06,082 INFO     [rollout2] [3, 5, 0, 3, 4, 5]
2017-08-17 20:21:06,082 INFO     [reward] 1.9801980198e-05
2017-08-17 20:21:06,082 INFO     [error] [ -9.14070526e-06   2.85773853e-08]
2017-08-17 20:21:06,082 INFO     
2017-08-17 20:21:06,083 INFO     [min reward] 0.0
2017-08-17 20:21:06,083 INFO     
2017-08-17 20:21:06,083 INFO     [max steps] 2
2017-08-17 20:27:37,426 INFO     [step] 2982800
2017-08-17 20:27:37,427 INFO     [task] go[LL] 0.200003912931 4.91835530199e-05
2017-08-17 20:27:37,427 INFO     [task] go[LD] 0.199984348274 4.96795667942e-05
2017-08-17 20:27:37,427 INFO     [task] go[UL] 0.200003912931 0.0
2017-08-17 20:27:37,427 INFO     [task] go[RD] 0.200003912931 0.0
2017-08-17 20:27:37,427 INFO     [task] go[UR] 0.200003912931 0.0
2017-08-17 20:27:37,427 INFO     
2017-08-17 20:27:37,427 INFO     [rollout0] [3, 5, 5]
2017-08-17 20:27:37,427 INFO     [rollout1] [4, 5, 5]
2017-08-17 20:27:37,427 INFO     [rollout2] [5, 0, 1, 0, 0, 2, 1, 2, 5]
2017-08-17 20:27:37,427 INFO     [reward] 1.97823936696e-05
2017-08-17 20:27:37,427 INFO     [error] [ -2.53775918e-06   5.46858469e-09]
2017-08-17 20:27:37,427 INFO     
2017-08-17 20:27:37,427 INFO     [min reward] 0.0
2017-08-17 20:27:37,427 INFO     
2017-08-17 20:27:37,428 INFO     [max steps] 2
2017-08-17 20:34:07,706 INFO     [step] 3083300
2017-08-17 20:34:07,706 INFO     [task] go[LL] 0.19999417594 4.9867850197e-05
2017-08-17 20:34:07,707 INFO     [task] go[LD] 0.199994077717 0.000149224035018
2017-08-17 20:34:07,707 INFO     [task] go[UL] 0.200003915448 0.0
2017-08-17 20:34:07,707 INFO     [task] go[RD] 0.200003915448 0.0
2017-08-17 20:34:07,707 INFO     [task] go[UR] 0.200003915448 0.0
2017-08-17 20:34:07,707 INFO     
2017-08-17 20:34:07,707 INFO     [rollout0] [4, 2, 4, 1, 1, 1, 0, 0, 5, 2, 5]
2017-08-17 20:34:07,707 INFO     [rollout1] [4, 1, 4, 3, 1, 4, 1, 5, 3, 3, 5]
2017-08-17 20:34:07,707 INFO     [rollout2] [2, 3, 1, 3, 4, 0, 5, 0, 5]
2017-08-17 20:34:07,707 INFO     [reward] 3.98009950249e-05
2017-08-17 20:34:07,707 INFO     [error] [ -1.23271351e-05   2.92924901e-08]
2017-08-17 20:34:07,707 INFO     
2017-08-17 20:34:07,707 INFO     [min reward] 0.0
2017-08-17 20:34:07,707 INFO     
