2016-11-03 05:16:20,377 INFO     BEGIN
2016-11-03 05:16:20,377 INFO     struct {
    trainer:
        improvement_threshold: 0.8
        use_curriculum: True
        name: 'CurriculumTrainer'
        max_timesteps: 100
        hints: 'resources/craft/hints.indep.yaml'
    name: 'craft_indep_transfer'
    recipes: 'resources/craft/recipes.yaml'
    world:
        name: 'CraftWorld'
    model:
        use_args: False
        name: 'ModularACModel'
        max_subtask_timesteps: 100
        baseline: 'state'
    experiment_dir: 'experiments/craft_indep_transfer'
}
2016-11-03 05:16:28,658 INFO     [max steps] 1
2016-11-03 05:29:14,361 INFO     [step] 90600
2016-11-03 05:29:14,361 INFO     [task] make[axe] 0.5 4.405868617e-05
2016-11-03 05:29:14,361 INFO     [task] make[bed] 0.5 0.000199088616555
2016-11-03 05:29:14,361 INFO     
2016-11-03 05:29:14,361 INFO     [rollout0] [3, 0, 5]
2016-11-03 05:29:14,361 INFO     [rollout1] [2, 0, 2, 3, 1, 4, 2, 3, 3, 0, 5]
2016-11-03 05:29:14,361 INFO     [rollout2] [0, 5]
2016-11-03 05:29:14,361 INFO     [reward] 0.000121412803532
2016-11-03 05:29:14,361 INFO     [error] [ -1.36668968e-06   3.51637766e-07]
2016-11-03 05:29:14,362 INFO     
2016-11-03 05:29:14,362 INFO     [min reward] 4.405868617e-05
2016-11-03 05:29:14,362 INFO     
2016-11-03 05:29:14,362 INFO     [max steps] 1
2016-11-03 05:37:03,811 INFO     [step] 270900
2016-11-03 05:37:03,811 INFO     [task] make[axe] 0.500038378365 1.11344935476e-05
2016-11-03 05:37:03,811 INFO     [task] make[bed] 0.499961621635 0.0
2016-11-03 05:37:03,811 INFO     
2016-11-03 05:37:03,811 INFO     [rollout0] [5]
2016-11-03 05:37:03,811 INFO     [rollout1] [3, 2, 4, 0, 1, 3, 2, 5]
2016-11-03 05:37:03,811 INFO     [rollout2] [2, 3, 2, 5]
2016-11-03 05:37:03,811 INFO     [reward] 5.54631170272e-06
2016-11-03 05:37:03,811 INFO     [error] [  1.26761732e-05   3.20610985e-07]
2016-11-03 05:37:03,812 INFO     
2016-11-03 05:37:03,812 INFO     [min reward] 0.0
2016-11-03 05:37:03,812 INFO     
2016-11-03 05:37:03,812 INFO     [max steps] 1
2016-11-03 05:44:42,583 INFO     [step] 450800
2016-11-03 05:44:42,584 INFO     [task] make[axe] 0.499997243922 0.0
2016-11-03 05:44:42,584 INFO     [task] make[bed] 0.500002756078 1.11475263639e-05
2016-11-03 05:44:42,584 INFO     
2016-11-03 05:44:42,584 INFO     [rollout0] [3, 1, 4, 0, 4, 4, 3, 2, 5]
2016-11-03 05:44:42,584 INFO     [rollout1] [2, 5]
2016-11-03 05:44:42,584 INFO     [rollout2] [0, 0, 2, 4, 4, 1, 0, 1, 4, 0, 2, 1, 2, 1, 0, 0, 0, 2, 4, 5]
2016-11-03 05:44:42,584 INFO     [reward] 5.55864369094e-06
2016-11-03 05:44:42,584 INFO     [error] [  1.22545271e-05   3.70211512e-07]
2016-11-03 05:44:42,584 INFO     
2016-11-03 05:44:42,585 INFO     [min reward] 0.0
2016-11-03 05:44:42,585 INFO     
2016-11-03 05:44:42,585 INFO     [max steps] 1
2016-11-03 05:52:36,018 INFO     [step] 636600
2016-11-03 05:52:36,018 INFO     [task] make[axe] 0.500002759304 0.0
2016-11-03 05:52:36,018 INFO     [task] make[bed] 0.499997240696 0.0
2016-11-03 05:52:36,018 INFO     
2016-11-03 05:52:36,018 INFO     [rollout0] [0, 3, 2, 1, 0, 3, 1, 4, 0, 5]
2016-11-03 05:52:36,018 INFO     [rollout1] [0, 1, 0, 1, 1, 1, 0, 5]
2016-11-03 05:52:36,018 INFO     [rollout2] [4, 2, 5]
2016-11-03 05:52:36,018 INFO     [reward] 0.0
2016-11-03 05:52:36,018 INFO     [error] [ -2.40438662e-05   2.18895597e-07]
2016-11-03 05:52:36,019 INFO     
2016-11-03 05:52:36,019 INFO     [min reward] 0.0
2016-11-03 05:52:36,019 INFO     
2016-11-03 05:52:36,019 INFO     [max steps] 1
2016-11-03 06:00:23,815 INFO     [step] 823500
2016-11-03 06:00:23,816 INFO     [task] make[axe] 0.5 0.0
2016-11-03 06:00:23,816 INFO     [task] make[bed] 0.5 1.06860440265e-05
2016-11-03 06:00:23,816 INFO     
2016-11-03 06:00:23,816 INFO     [rollout0] [0, 5]
2016-11-03 06:00:23,816 INFO     [rollout1] [4, 5]
2016-11-03 06:00:23,816 INFO     [rollout2] [3, 4, 2, 5]
2016-11-03 06:00:23,816 INFO     [reward] 5.35045478866e-06
2016-11-03 06:00:23,816 INFO     [error] [ -9.23158646e-06   4.18811485e-07]
2016-11-03 06:00:23,816 INFO     
2016-11-03 06:00:23,817 INFO     [min reward] 0.0
2016-11-03 06:00:23,817 INFO     
2016-11-03 06:00:23,817 INFO     [max steps] 1
2016-11-03 06:08:17,642 INFO     [step] 1007700
2016-11-03 06:08:17,642 INFO     [task] make[axe] 0.500002645074 0.0
2016-11-03 06:08:17,642 INFO     [task] make[bed] 0.499997354926 2.16572096851e-05
2016-11-03 06:08:17,642 INFO     
2016-11-03 06:08:17,642 INFO     [rollout0] [1, 3, 0, 2, 2, 1, 0, 0, 3, 1, 2, 1, 3, 2, 5]
2016-11-03 06:08:17,642 INFO     [rollout1] [2, 4, 3, 2, 2, 4, 1, 3, 1, 1, 5]
2016-11-03 06:08:17,642 INFO     [rollout2] [3, 5]
2016-11-03 06:08:17,642 INFO     [reward] 1.08577633008e-05
2016-11-03 06:08:17,642 INFO     [error] [  1.50416594e-05   2.91802615e-07]
2016-11-03 06:08:17,643 INFO     
2016-11-03 06:08:17,643 INFO     [min reward] 0.0
2016-11-03 06:08:17,643 INFO     
2016-11-03 06:08:17,643 INFO     [max steps] 1
2016-11-03 06:16:05,044 INFO     [step] 1193900
2016-11-03 06:16:05,044 INFO     [task] make[axe] 0.500005360753 0.0
2016-11-03 06:16:05,044 INFO     [task] make[bed] 0.499994639247 1.07315712093e-05
2016-11-03 06:16:05,044 INFO     
2016-11-03 06:16:05,044 INFO     [rollout0] [3, 3, 0, 0, 4, 1, 4, 1, 1, 0, 0, 2, 0, 4, 0, 5]
2016-11-03 06:16:05,044 INFO     [rollout1] [4, 1, 3, 4, 1, 0, 4, 4, 1, 0, 5]
2016-11-03 06:16:05,044 INFO     [rollout2] [4, 0, 4, 3, 5]
2016-11-03 06:16:05,044 INFO     [reward] 5.37056928034e-06
2016-11-03 06:16:05,044 INFO     [error] [ -2.17484312e-05   2.65550330e-07]
2016-11-03 06:16:05,045 INFO     
2016-11-03 06:16:05,045 INFO     [min reward] 0.0
2016-11-03 06:16:05,045 INFO     
2016-11-03 06:16:05,045 INFO     [max steps] 1
2016-11-03 06:23:56,925 INFO     [step] 1372600
2016-11-03 06:23:56,925 INFO     [task] make[axe] 0.500002656344 0.0
2016-11-03 06:23:56,925 INFO     [task] make[bed] 0.499997343656 0.0
2016-11-03 06:23:56,925 INFO     
2016-11-03 06:23:56,925 INFO     [rollout0] [0, 3, 5]
2016-11-03 06:23:56,926 INFO     [rollout1] [2, 3, 2, 4, 0, 3, 3, 5]
2016-11-03 06:23:56,926 INFO     [rollout2] [3, 2, 4, 3, 4, 5]
2016-11-03 06:23:56,926 INFO     [reward] 0.0
2016-11-03 06:23:56,926 INFO     [error] [  3.99615765e-06   1.59515031e-07]
2016-11-03 06:23:56,926 INFO     
2016-11-03 06:23:56,926 INFO     [min reward] 0.0
2016-11-03 06:23:56,926 INFO     
2016-11-03 06:23:56,926 INFO     [max steps] 1
2016-11-03 06:31:39,462 INFO     [step] 1568900
2016-11-03 06:31:39,462 INFO     [task] make[axe] 0.5 0.0
2016-11-03 06:31:39,462 INFO     [task] make[bed] 0.5 0.0
2016-11-03 06:31:39,462 INFO     
2016-11-03 06:31:39,462 INFO     [rollout0] [1, 4, 3, 3, 0, 0, 4, 0, 5]
2016-11-03 06:31:39,462 INFO     [rollout1] [2, 5]
2016-11-03 06:31:39,463 INFO     [rollout2] [5]
2016-11-03 06:31:39,463 INFO     [reward] 0.0
2016-11-03 06:31:39,463 INFO     [error] [  2.25645256e-06   3.49622548e-07]
2016-11-03 06:31:39,463 INFO     
2016-11-03 06:31:39,463 INFO     [min reward] 0.0
2016-11-03 06:31:39,463 INFO     
2016-11-03 06:31:39,463 INFO     [max steps] 1
2016-11-03 06:39:17,526 INFO     [step] 1755800
2016-11-03 06:39:17,526 INFO     [task] make[axe] 0.5 0.0
2016-11-03 06:39:17,526 INFO     [task] make[bed] 0.5 0.0
2016-11-03 06:39:17,526 INFO     
2016-11-03 06:39:17,526 INFO     [rollout0] [3, 1, 3, 3, 4, 5]
2016-11-03 06:39:17,526 INFO     [rollout1] [4, 5]
2016-11-03 06:39:17,526 INFO     [rollout2] [4, 2, 0, 4, 2, 0, 3, 5]
2016-11-03 06:39:17,526 INFO     [reward] 0.0
2016-11-03 06:39:17,526 INFO     [error] [ -1.84225597e-05   4.25969779e-07]
2016-11-03 06:39:17,527 INFO     
2016-11-03 06:39:17,527 INFO     [min reward] 0.0
2016-11-03 06:39:17,527 INFO     
2016-11-03 06:39:17,527 INFO     [max steps] 1
2016-11-03 06:47:10,821 INFO     [step] 1946500
2016-11-03 06:47:10,822 INFO     [task] make[axe] 0.5 0.0
2016-11-03 06:47:10,822 INFO     [task] make[bed] 0.5 0.0
2016-11-03 06:47:10,822 INFO     
2016-11-03 06:47:10,822 INFO     [rollout0] [3, 3, 5]
2016-11-03 06:47:10,822 INFO     [rollout1] [3, 3, 0, 3, 0, 1, 1, 0, 5]
2016-11-03 06:47:10,822 INFO     [rollout2] [4, 1, 4, 2, 1, 0, 4, 0, 3, 5]
2016-11-03 06:47:10,822 INFO     [reward] 0.0
2016-11-03 06:47:10,822 INFO     [error] [ -9.73517609e-06   3.73633489e-07]
2016-11-03 06:47:10,822 INFO     
2016-11-03 06:47:10,822 INFO     [min reward] 0.0
2016-11-03 06:47:10,823 INFO     
2016-11-03 06:47:10,823 INFO     [max steps] 1
2016-11-03 06:54:49,584 INFO     [step] 2144500
2016-11-03 06:54:49,584 INFO     [task] make[axe] 0.5 0.0
2016-11-03 06:54:49,584 INFO     [task] make[bed] 0.5 0.0
2016-11-03 06:54:49,584 INFO     
2016-11-03 06:54:49,584 INFO     [rollout0] [5]
2016-11-03 06:54:49,584 INFO     [rollout1] [1, 2, 3, 5]
2016-11-03 06:54:49,584 INFO     [rollout2] [2, 1, 2, 3, 5]
2016-11-03 06:54:49,584 INFO     [reward] 0.0
2016-11-03 06:54:49,585 INFO     [error] [  3.09330750e-06   2.68391483e-07]
2016-11-03 06:54:49,585 INFO     
2016-11-03 06:54:49,585 INFO     [min reward] 0.0
2016-11-03 06:54:49,585 INFO     
2016-11-03 06:54:49,585 INFO     [max steps] 1
2016-11-03 07:02:22,792 INFO     [step] 2330100
2016-11-03 07:02:22,792 INFO     [task] make[axe] 0.5 0.0
2016-11-03 07:02:22,792 INFO     [task] make[bed] 0.5 0.0
2016-11-03 07:02:22,792 INFO     
2016-11-03 07:02:22,792 INFO     [rollout0] [4, 5]
2016-11-03 07:02:22,793 INFO     [rollout1] [1, 4, 2, 2, 3, 3, 4, 1, 5]
2016-11-03 07:02:22,793 INFO     [rollout2] [2, 3, 0, 2, 2, 4, 1, 1, 4, 0, 0, 1, 3, 0, 1, 3, 5]
2016-11-03 07:02:22,793 INFO     [reward] 0.0
2016-11-03 07:02:22,793 INFO     [error] [ -9.28815460e-06   2.45705031e-07]
2016-11-03 07:02:22,793 INFO     
2016-11-03 07:02:22,793 INFO     [min reward] 0.0
2016-11-03 07:02:22,793 INFO     
2016-11-03 07:02:22,793 INFO     [max steps] 1
2016-11-03 07:10:04,660 INFO     [step] 2524500
2016-11-03 07:10:04,660 INFO     [task] make[axe] 0.5 0.0
2016-11-03 07:10:04,660 INFO     [task] make[bed] 0.5 0.0
2016-11-03 07:10:04,660 INFO     
2016-11-03 07:10:04,660 INFO     [rollout0] [2, 2, 5]
2016-11-03 07:10:04,660 INFO     [rollout1] [0, 3, 1, 1, 4, 0, 3, 2, 1, 4, 2, 3, 2, 2, 3, 3, 4, 0, 0, 0, 2, 2, 3, 4, 3, 2, 3, 4, 0, 5]
2016-11-03 07:10:04,660 INFO     [rollout2] [3, 1, 3, 4, 4, 4, 2, 0, 0, 0, 3, 1, 3, 1, 0, 0, 2, 1, 0, 2, 3, 4, 4, 1, 3, 4, 1, 1, 0, 5]
2016-11-03 07:10:04,660 INFO     [reward] 0.0
2016-11-03 07:10:04,660 INFO     [error] [  1.13141079e-05   2.97680371e-07]
2016-11-03 07:10:04,661 INFO     
2016-11-03 07:10:04,661 INFO     [min reward] 0.0
2016-11-03 07:10:04,661 INFO     
2016-11-03 07:10:04,661 INFO     [max steps] 1
2016-11-03 07:17:42,377 INFO     [step] 2708600
2016-11-03 07:17:42,377 INFO     [task] make[axe] 0.5 0.0
2016-11-03 07:17:42,377 INFO     [task] make[bed] 0.5 0.0
2016-11-03 07:17:42,377 INFO     
2016-11-03 07:17:42,377 INFO     [rollout0] [4, 3, 0, 2, 4, 1, 5]
2016-11-03 07:17:42,377 INFO     [rollout1] [3, 5]
2016-11-03 07:17:42,377 INFO     [rollout2] [3, 3, 0, 4, 2, 3, 4, 1, 3, 5]
2016-11-03 07:17:42,377 INFO     [reward] 0.0
2016-11-03 07:17:42,377 INFO     [error] [  1.23270779e-05   4.28852379e-07]
2016-11-03 07:17:42,378 INFO     
2016-11-03 07:17:42,378 INFO     [min reward] 0.0
2016-11-03 07:17:42,378 INFO     
2016-11-03 07:17:42,378 INFO     [max steps] 1
2016-11-03 07:25:22,398 INFO     [step] 2900200
2016-11-03 07:25:22,398 INFO     [task] make[axe] 0.5 0.0
2016-11-03 07:25:22,398 INFO     [task] make[bed] 0.5 0.0
2016-11-03 07:25:22,398 INFO     
2016-11-03 07:25:22,398 INFO     [rollout0] [2, 1, 2, 5]
2016-11-03 07:25:22,398 INFO     [rollout1] [2, 2, 0, 4, 3, 3, 0, 4, 1, 4, 1, 2, 2, 4, 2, 3, 1, 0, 4, 3, 2, 5]
2016-11-03 07:25:22,398 INFO     [rollout2] [3, 5]
2016-11-03 07:25:22,398 INFO     [reward] 0.0
2016-11-03 07:25:22,399 INFO     [error] [ -8.55721092e-06   3.87916058e-07]
2016-11-03 07:25:22,399 INFO     
2016-11-03 07:25:22,399 INFO     [min reward] 0.0
2016-11-03 07:25:22,399 INFO     
2016-11-03 07:25:22,399 INFO     [max steps] 1
2016-11-03 07:33:09,907 INFO     [step] 3086000
2016-11-03 07:33:09,907 INFO     [task] make[axe] 0.5 0.0
2016-11-03 07:33:09,907 INFO     [task] make[bed] 0.5 0.0
2016-11-03 07:33:09,907 INFO     
2016-11-03 07:33:09,908 INFO     [rollout0] [5]
2016-11-03 07:33:09,908 INFO     [rollout1] [0, 0, 1, 4, 1, 3, 3, 3, 0, 2, 0, 1, 1, 3, 0, 2, 3, 2, 1, 1, 2, 4, 4, 4, 2, 2, 3, 4, 1, 3, 0, 3, 5]
2016-11-03 07:33:09,908 INFO     [rollout2] [4, 3, 1, 3, 0, 0, 2, 5]
2016-11-03 07:33:09,908 INFO     [reward] 0.0
2016-11-03 07:33:09,908 INFO     [error] [  4.82964706e-06   2.81697296e-07]
2016-11-03 07:33:09,908 INFO     
2016-11-03 07:33:09,908 INFO     [min reward] 0.0
2016-11-03 07:33:09,908 INFO     
