2017-08-17 06:00:01,166 INFO     BEGIN
2017-08-17 06:00:01,166 INFO     struct {
    trainer:
        improvement_threshold: 0.8
        use_curriculum: True
        name: 'CurriculumTrainer'
        max_timesteps: 100
        hints: 'resources/light/hints.yaml'
    name: 'light_joint-feat-plan__2'
    recipes: 'resources/light/recipes.yaml'
    world:
        name: 'LightWorld'
    model:
        seed: 2
        baseline: 'state'
        featurize_plan: True
        use_args: False
        max_subtask_timesteps: 15
        name: 'ModularACModel'
    experiment_dir: 'experiments/light_joint-feat-plan__2'
}
2017-08-17 06:00:28,787 INFO     [max steps] 1
2017-08-17 06:00:28,787 INFO     [min reward] inf
2017-08-17 06:00:28,787 INFO     
2017-08-17 06:00:43,459 INFO     [max steps] 2
2017-08-17 06:04:49,396 INFO     [step] 50000
2017-08-17 06:04:49,396 INFO     [task] go[LL] 0.2 0.0
2017-08-17 06:04:49,396 INFO     [task] go[LD] 0.2 0.00183001220008
2017-08-17 06:04:49,396 INFO     [task] go[UL] 0.2 0.0
2017-08-17 06:04:49,396 INFO     [task] go[RD] 0.2 0.000203314018502
2017-08-17 06:04:49,396 INFO     [task] go[UR] 0.2 0.0
2017-08-17 06:04:49,396 INFO     
2017-08-17 06:04:49,396 INFO     [rollout0] [2, 2, 4, 4, 2, 4, 1, 1, 0, 0, 4, 2, 4, 4, 6, 4, 3, 3, 4, 1, 4, 2, 1, 3, 2, 4, 1, 4, 2, 6]
2017-08-17 06:04:49,396 INFO     [rollout1] [4, 0, 0, 3, 3, 4, 3, 4, 4, 4, 4, 3, 4, 3, 6, 0, 2, 3, 2, 3, 4, 3, 4, 1, 3, 3, 4, 3, 3, 6]
2017-08-17 06:04:49,397 INFO     [rollout2] [4, 4, 2, 1, 1, 4, 4, 0, 2, 1, 4, 4, 2, 0, 6, 1, 2, 0, 0, 0, 0, 4, 4, 1, 4, 4, 0, 1, 4, 6]
2017-08-17 06:04:49,397 INFO     [reward] 0.0004
2017-08-17 06:04:49,397 INFO     [error] [ -1.08994491e-05   5.00910096e-06]
2017-08-17 06:04:49,397 INFO     
2017-08-17 06:04:49,397 INFO     [min reward] 0.0
2017-08-17 06:04:49,397 INFO     
2017-08-17 06:04:49,397 INFO     [max steps] 2
2017-08-17 06:10:35,325 INFO     [step] 132800
2017-08-17 06:10:35,326 INFO     [task] go[LL] 0.200080560208 0.0
2017-08-17 06:10:35,326 INFO     [task] go[LD] 0.199718035588 0.000488668987844
2017-08-17 06:10:35,326 INFO     [task] go[UL] 0.200080560208 0.0
2017-08-17 06:10:35,326 INFO     [task] go[RD] 0.200040283789 0.0
2017-08-17 06:10:35,326 INFO     [task] go[UR] 0.200080560208 0.0
2017-08-17 06:10:35,326 INFO     
2017-08-17 06:10:35,326 INFO     [rollout0] [3, 4, 5, 1, 5]
2017-08-17 06:10:35,326 INFO     [rollout1] [0, 0, 5, 3, 2, 4, 5]
2017-08-17 06:10:35,326 INFO     [rollout2] [3, 0, 3, 4, 1, 1, 0, 1, 3, 1, 3, 0, 4, 3, 6, 2, 3, 4, 2, 5]
2017-08-17 06:10:35,326 INFO     [reward] 9.66183574879e-05
2017-08-17 06:10:35,326 INFO     [error] [ -9.96979971e-06   2.23740937e-07]
2017-08-17 06:10:35,326 INFO     
2017-08-17 06:10:35,327 INFO     [min reward] 0.0
2017-08-17 06:10:35,327 INFO     
2017-08-17 06:10:35,327 INFO     [max steps] 2
2017-08-17 06:16:59,898 INFO     [step] 233300
2017-08-17 06:16:59,898 INFO     [task] go[LL] 0.2000193551 0.0
2017-08-17 06:16:59,898 INFO     [task] go[LD] 0.199922579599 9.9860195726e-05
2017-08-17 06:16:59,898 INFO     [task] go[UL] 0.2000193551 0.0
2017-08-17 06:16:59,898 INFO     [task] go[RD] 0.2000193551 4.92975104757e-05
2017-08-17 06:16:59,898 INFO     [task] go[UR] 0.2000193551 0.0
2017-08-17 06:16:59,899 INFO     
2017-08-17 06:16:59,899 INFO     [rollout0] [5, 4, 5]
2017-08-17 06:16:59,899 INFO     [rollout1] [5, 3, 0, 3, 5]
2017-08-17 06:16:59,899 INFO     [rollout2] [4, 5, 3, 3, 5]
2017-08-17 06:16:59,899 INFO     [reward] 2.98507462687e-05
2017-08-17 06:16:59,899 INFO     [error] [ -4.90002084e-06   1.97258758e-08]
2017-08-17 06:16:59,899 INFO     
2017-08-17 06:16:59,899 INFO     [min reward] 0.0
2017-08-17 06:16:59,899 INFO     
2017-08-17 06:16:59,899 INFO     [max steps] 2
2017-08-17 06:23:23,545 INFO     [step] 334900
2017-08-17 06:23:23,546 INFO     [task] go[LL] 0.20000590741 0.0
2017-08-17 06:23:23,546 INFO     [task] go[LD] 0.19998613253 0.0
2017-08-17 06:23:23,546 INFO     [task] go[UL] 0.20000590741 0.0
2017-08-17 06:23:23,546 INFO     [task] go[RD] 0.199996145239 4.94755590738e-05
2017-08-17 06:23:23,546 INFO     [task] go[UR] 0.20000590741 5.0002500125e-05
2017-08-17 06:23:23,546 INFO     
2017-08-17 06:23:23,546 INFO     [rollout0] [3, 0, 2, 0, 0, 5, 2, 0, 2, 2, 5]
2017-08-17 06:23:23,546 INFO     [rollout1] [2, 2, 4, 4, 5, 2, 3, 5]
2017-08-17 06:23:23,546 INFO     [rollout2] [0, 1, 4, 3, 1, 1, 3, 3, 0, 1, 5, 2, 2, 1, 2, 5]
2017-08-17 06:23:23,546 INFO     [reward] 1.96850393701e-05
2017-08-17 06:23:23,546 INFO     [error] [ -5.24087332e-06   9.70392681e-09]
2017-08-17 06:23:23,547 INFO     
2017-08-17 06:23:23,547 INFO     [min reward] 0.0
2017-08-17 06:23:23,547 INFO     
2017-08-17 06:23:23,547 INFO     [max steps] 2
2017-08-17 06:29:44,033 INFO     [step] 435000
2017-08-17 06:29:44,033 INFO     [task] go[LL] 0.200003939803 0.0
2017-08-17 06:29:44,033 INFO     [task] go[LD] 0.200003939803 5.02487312195e-05
2017-08-17 06:29:44,034 INFO     [task] go[UL] 0.200003939803 4.96401092082e-05
2017-08-17 06:29:44,034 INFO     [task] go[RD] 0.199994142469 0.0
2017-08-17 06:29:44,034 INFO     [task] go[UR] 0.199994038123 0.0
2017-08-17 06:29:44,034 INFO     
2017-08-17 06:29:44,034 INFO     [rollout0] [5, 2, 2, 5]
2017-08-17 06:29:44,034 INFO     [rollout1] [5, 5]
2017-08-17 06:29:44,034 INFO     [rollout2] [2, 0, 2, 0, 1, 4, 4, 1, 0, 2, 4, 2, 2, 3, 6, 3, 1, 0, 2, 0, 2, 4, 3, 5]
2017-08-17 06:29:44,034 INFO     [reward] 1.998001998e-05
2017-08-17 06:29:44,034 INFO     [error] [ -1.57220356e-05   3.45732540e-08]
2017-08-17 06:29:44,034 INFO     
2017-08-17 06:29:44,034 INFO     [min reward] 0.0
2017-08-17 06:29:44,034 INFO     
2017-08-17 06:29:44,034 INFO     [max steps] 2
2017-08-17 06:36:08,251 INFO     [step] 535600
2017-08-17 06:36:08,251 INFO     [task] go[LL] 0.200003956072 0.0
2017-08-17 06:36:08,251 INFO     [task] go[LD] 0.199994005631 4.96450379785e-05
2017-08-17 06:36:08,251 INFO     [task] go[UL] 0.199994126153 0.0
2017-08-17 06:36:08,251 INFO     [task] go[RD] 0.200003956072 4.96376451901e-05
2017-08-17 06:36:08,252 INFO     [task] go[UR] 0.200003956072 4.93559054341e-05
2017-08-17 06:36:08,252 INFO     
2017-08-17 06:36:08,252 INFO     [rollout0] [2, 1, 0, 4, 0, 3, 0, 3, 0, 4, 1, 5, 2, 3, 0, 1, 4, 1, 1, 4, 0, 3, 1, 3, 5]
2017-08-17 06:36:08,252 INFO     [rollout1] [0, 3, 1, 0, 1, 5, 5]
2017-08-17 06:36:08,252 INFO     [rollout2] [3, 1, 2, 5, 3, 1, 0, 0, 2, 3, 4, 2, 0, 0, 0, 3, 1, 2, 6]
2017-08-17 06:36:08,252 INFO     [reward] 2.98210735586e-05
2017-08-17 06:36:08,252 INFO     [error] [ -9.11515988e-06   1.28518919e-08]
2017-08-17 06:36:08,252 INFO     
2017-08-17 06:36:08,252 INFO     [min reward] 0.0
2017-08-17 06:36:08,252 INFO     
2017-08-17 06:36:08,252 INFO     [max steps] 2
2017-08-17 06:42:39,286 INFO     [step] 636900
2017-08-17 06:42:39,286 INFO     [task] go[LL] 0.20000588685 0.0
2017-08-17 06:42:39,287 INFO     [task] go[LD] 0.19999605586 0.0
2017-08-17 06:42:39,287 INFO     [task] go[UL] 0.20000588685 4.92465281198e-05
2017-08-17 06:42:39,287 INFO     [task] go[RD] 0.199996057324 9.9285146942e-05
2017-08-17 06:42:39,287 INFO     [task] go[UR] 0.199996113116 0.000147275405007
2017-08-17 06:42:39,287 INFO     
2017-08-17 06:42:39,287 INFO     [rollout0] [0, 5, 3, 1, 2, 2, 1, 2, 1, 0, 1, 1, 0, 5]
2017-08-17 06:42:39,287 INFO     [rollout1] [2, 2, 3, 2, 4, 5, 3, 5]
2017-08-17 06:42:39,287 INFO     [rollout2] [4, 0, 0, 0, 1, 3, 3, 3, 1, 3, 3, 2, 4, 2, 6, 0, 2, 1, 1, 3, 4, 0, 1, 5]
2017-08-17 06:42:39,287 INFO     [reward] 5.92300098717e-05
2017-08-17 06:42:39,287 INFO     [error] [ -7.72823751e-07   1.92029558e-08]
2017-08-17 06:42:39,287 INFO     
2017-08-17 06:42:39,287 INFO     [min reward] 0.0
2017-08-17 06:42:39,288 INFO     
2017-08-17 06:42:39,288 INFO     [max steps] 2
2017-08-17 06:49:12,422 INFO     [step] 738000
2017-08-17 06:49:12,423 INFO     [task] go[LL] 0.200011715818 0.0
2017-08-17 06:49:12,423 INFO     [task] go[LD] 0.200011715818 4.92999408401e-05
2017-08-17 06:49:12,423 INFO     [task] go[UL] 0.200001963459 0.0
2017-08-17 06:49:12,423 INFO     [task] go[RD] 0.199992054241 4.94071146245e-05
2017-08-17 06:49:12,423 INFO     [task] go[UR] 0.199982550663 0.0
2017-08-17 06:49:12,423 INFO     
2017-08-17 06:49:12,423 INFO     [rollout0] [1, 5, 5]
2017-08-17 06:49:12,423 INFO     [rollout1] [1, 3, 2, 2, 1, 5, 1, 3, 3, 4, 3, 3, 1, 2, 5]
2017-08-17 06:49:12,423 INFO     [rollout2] [4, 1, 5, 1, 4, 4, 0, 3, 0, 0, 4, 2, 0, 4, 5]
2017-08-17 06:49:12,423 INFO     [reward] 1.97823936696e-05
2017-08-17 06:49:12,423 INFO     [error] [  3.78044942e-06   1.85058054e-08]
2017-08-17 06:49:12,424 INFO     
2017-08-17 06:49:12,424 INFO     [min reward] 0.0
2017-08-17 06:49:12,424 INFO     
2017-08-17 06:49:12,424 INFO     [max steps] 2
2017-08-17 06:55:44,896 INFO     [step] 839100
2017-08-17 06:55:44,896 INFO     [task] go[LL] 0.200003909267 0.0
2017-08-17 06:55:44,896 INFO     [task] go[LD] 0.199994146711 0.0
2017-08-17 06:55:44,896 INFO     [task] go[UL] 0.200003909267 0.0
2017-08-17 06:55:44,896 INFO     [task] go[RD] 0.199994125488 4.97462939011e-05
2017-08-17 06:55:44,896 INFO     [task] go[UR] 0.200003909267 4.90003920031e-05
2017-08-17 06:55:44,896 INFO     
2017-08-17 06:55:44,896 INFO     [rollout0] [3, 0, 3, 0, 1, 0, 0, 0, 2, 0, 2, 0, 4, 3, 6, 1, 5]
2017-08-17 06:55:44,896 INFO     [rollout1] [0, 5, 1, 2, 5]
2017-08-17 06:55:44,896 INFO     [rollout2] [2, 2, 4, 4, 0, 1, 4, 2, 3, 1, 5, 3, 3, 3, 4, 5]
2017-08-17 06:55:44,896 INFO     [reward] 1.97823936696e-05
2017-08-17 06:55:44,896 INFO     [error] [ -7.82989335e-06   1.10299915e-08]
2017-08-17 06:55:44,897 INFO     
2017-08-17 06:55:44,897 INFO     [min reward] 0.0
2017-08-17 06:55:44,897 INFO     
2017-08-17 06:55:44,897 INFO     [max steps] 2
2017-08-17 07:02:16,619 INFO     [step] 939500
2017-08-17 07:02:16,619 INFO     [task] go[LL] 0.200003910836 0.0
2017-08-17 07:02:16,619 INFO     [task] go[LD] 0.200003910836 0.0
2017-08-17 07:02:16,619 INFO     [task] go[UL] 0.200003910836 0.0
2017-08-17 07:02:16,619 INFO     [task] go[RD] 0.199994059892 0.0
2017-08-17 07:02:16,620 INFO     [task] go[UR] 0.199994207599 0.000197638223232
2017-08-17 07:02:16,620 INFO     
2017-08-17 07:02:16,620 INFO     [rollout0] [0, 4, 4, 1, 1, 4, 4, 5, 0, 1, 4, 4, 0, 3, 3, 3, 4, 2, 4, 3, 3, 0, 6]
2017-08-17 07:02:16,620 INFO     [rollout1] [0, 5, 1, 5]
2017-08-17 07:02:16,620 INFO     [rollout2] [3, 0, 2, 4, 5, 0, 3, 4, 5]
2017-08-17 07:02:16,620 INFO     [reward] 3.98406374502e-05
2017-08-17 07:02:16,620 INFO     [error] [ -4.68898362e-06   1.43343418e-08]
2017-08-17 07:02:16,620 INFO     
2017-08-17 07:02:16,620 INFO     [min reward] 0.0
2017-08-17 07:02:16,620 INFO     
2017-08-17 07:02:16,620 INFO     [max steps] 2
2017-08-17 07:08:46,677 INFO     [step] 1040100
2017-08-17 07:08:46,677 INFO     [task] go[LL] 0.200007827563 0.0
2017-08-17 07:08:46,677 INFO     [task] go[LD] 0.200007827563 0.0
2017-08-17 07:08:46,677 INFO     [task] go[UL] 0.200007827563 0.0
2017-08-17 07:08:46,678 INFO     [task] go[RD] 0.200007827563 4.99950005e-05
2017-08-17 07:08:46,678 INFO     [task] go[UR] 0.199968689749 9.87313027595e-05
2017-08-17 07:08:46,678 INFO     
2017-08-17 07:08:46,678 INFO     [rollout0] [2, 4, 4, 0, 5, 4, 5]
2017-08-17 07:08:46,678 INFO     [rollout1] [5, 2, 5]
2017-08-17 07:08:46,678 INFO     [rollout2] [2, 1, 5, 1, 1, 1, 5]
2017-08-17 07:08:46,678 INFO     [reward] 2.98210735586e-05
2017-08-17 07:08:46,678 INFO     [error] [ -3.68296340e-06   1.51075256e-08]
2017-08-17 07:08:46,678 INFO     
2017-08-17 07:08:46,678 INFO     [min reward] 0.0
2017-08-17 07:08:46,678 INFO     
2017-08-17 07:08:46,678 INFO     [max steps] 2
2017-08-17 07:15:16,659 INFO     [step] 1140900
2017-08-17 07:15:16,659 INFO     [task] go[LL] 0.200005890324 0.0
2017-08-17 07:15:16,659 INFO     [task] go[LD] 0.200005890324 0.0
2017-08-17 07:15:16,659 INFO     [task] go[UL] 0.200005890324 0.0
2017-08-17 07:15:16,659 INFO     [task] go[RD] 0.199995990032 0.0
2017-08-17 07:15:16,659 INFO     [task] go[UR] 0.199986338995 0.0
2017-08-17 07:15:16,659 INFO     
2017-08-17 07:15:16,659 INFO     [rollout0] [3, 5, 4, 2, 0, 3, 0, 4, 1, 0, 2, 0, 5]
2017-08-17 07:15:16,659 INFO     [rollout1] [3, 3, 3, 4, 4, 4, 5, 2, 5]
2017-08-17 07:15:16,660 INFO     [rollout2] [3, 5, 2, 4, 4, 3, 4, 0, 1, 0, 3, 4, 3, 0, 3, 0, 6]
2017-08-17 07:15:16,660 INFO     [reward] 0.0
2017-08-17 07:15:16,660 INFO     [error] [ -9.71057767e-06   4.12776533e-08]
2017-08-17 07:15:16,660 INFO     
2017-08-17 07:15:16,660 INFO     [min reward] 0.0
2017-08-17 07:15:16,660 INFO     
2017-08-17 07:15:16,660 INFO     [max steps] 2
2017-08-17 07:21:47,125 INFO     [step] 1241600
2017-08-17 07:21:47,125 INFO     [task] go[LL] 0.2 0.0
2017-08-17 07:21:47,126 INFO     [task] go[LD] 0.2 0.0
2017-08-17 07:21:47,126 INFO     [task] go[UL] 0.2 0.0
2017-08-17 07:21:47,126 INFO     [task] go[RD] 0.2 4.98355427091e-05
2017-08-17 07:21:47,126 INFO     [task] go[UR] 0.2 0.00010013016922
2017-08-17 07:21:47,126 INFO     
2017-08-17 07:21:47,126 INFO     [rollout0] [3, 0, 1, 0, 0, 1, 5, 3, 1, 0, 0, 0, 2, 1, 2, 5]
2017-08-17 07:21:47,126 INFO     [rollout1] [1, 2, 0, 5, 3, 3, 2, 4, 2, 1, 4, 3, 4, 2, 1, 1, 2, 4, 6]
2017-08-17 07:21:47,126 INFO     [rollout2] [0, 5, 2, 2, 4, 1, 4, 5]
2017-08-17 07:21:47,126 INFO     [reward] 2.97914597815e-05
2017-08-17 07:21:47,126 INFO     [error] [  6.47759318e-07   1.41062214e-08]
2017-08-17 07:21:47,126 INFO     
2017-08-17 07:21:47,126 INFO     [min reward] 0.0
2017-08-17 07:21:47,126 INFO     
2017-08-17 07:21:47,127 INFO     [max steps] 2
2017-08-17 07:28:17,267 INFO     [step] 1342200
2017-08-17 07:28:17,268 INFO     [task] go[LL] 0.200005939412 0.0
2017-08-17 07:28:17,268 INFO     [task] go[LD] 0.200005939412 0.0
2017-08-17 07:28:17,268 INFO     [task] go[UL] 0.200005939412 0.0
2017-08-17 07:28:17,268 INFO     [task] go[RD] 0.199996070695 9.90638466492e-05
2017-08-17 07:28:17,268 INFO     [task] go[UR] 0.199986111067 0.0
2017-08-17 07:28:17,268 INFO     
2017-08-17 07:28:17,268 INFO     [rollout0] [1, 0, 0, 5, 2, 3, 4, 4, 2, 4, 4, 0, 0, 0, 4, 1, 0, 4, 6]
2017-08-17 07:28:17,268 INFO     [rollout1] [0, 2, 0, 3, 2, 4, 1, 3, 4, 3, 3, 5, 4, 3, 0, 5]
2017-08-17 07:28:17,268 INFO     [rollout2] [4, 2, 1, 0, 2, 5, 5]
2017-08-17 07:28:17,268 INFO     [reward] 1.98807157058e-05
2017-08-17 07:28:17,268 INFO     [error] [ -1.59084718e-05   4.79705234e-08]
2017-08-17 07:28:17,269 INFO     
2017-08-17 07:28:17,269 INFO     [min reward] 0.0
2017-08-17 07:28:17,269 INFO     
2017-08-17 07:28:17,269 INFO     [max steps] 2
2017-08-17 07:34:51,022 INFO     [step] 1443400
2017-08-17 07:34:51,022 INFO     [task] go[LL] 0.200003923398 0.0
2017-08-17 07:34:51,022 INFO     [task] go[LD] 0.200003923398 0.000147311563958
2017-08-17 07:34:51,022 INFO     [task] go[UL] 0.200003923398 0.0
2017-08-17 07:34:51,022 INFO     [task] go[RD] 0.19998430641 0.000147980072017
2017-08-17 07:34:51,022 INFO     [task] go[UR] 0.200003923398 0.000147623265427
2017-08-17 07:34:51,022 INFO     
2017-08-17 07:34:51,022 INFO     [rollout0] [4, 1, 2, 2, 3, 0, 4, 5, 3, 2, 0, 5]
2017-08-17 07:34:51,022 INFO     [rollout1] [5, 0, 0, 5]
2017-08-17 07:34:51,023 INFO     [rollout2] [5, 3, 1, 2, 3, 4, 3, 5]
2017-08-17 07:34:51,023 INFO     [reward] 8.89328063241e-05
2017-08-17 07:34:51,023 INFO     [error] [  3.45433106e-06   1.72175664e-08]
2017-08-17 07:34:51,023 INFO     
2017-08-17 07:34:51,023 INFO     [min reward] 0.0
2017-08-17 07:34:51,023 INFO     
2017-08-17 07:34:51,023 INFO     [max steps] 2
2017-08-17 07:41:21,583 INFO     [step] 1544400
2017-08-17 07:41:21,583 INFO     [task] go[LL] 0.200017542723 0.0
2017-08-17 07:41:21,583 INFO     [task] go[LD] 0.199988369557 0.0
2017-08-17 07:41:21,583 INFO     [task] go[UL] 0.200017542723 0.0
2017-08-17 07:41:21,583 INFO     [task] go[RD] 0.199988237168 4.93218249075e-05
2017-08-17 07:41:21,583 INFO     [task] go[UR] 0.199988307829 4.91932310114e-05
2017-08-17 07:41:21,584 INFO     
2017-08-17 07:41:21,584 INFO     [rollout0] [1, 2, 4, 5, 4, 5]
2017-08-17 07:41:21,584 INFO     [rollout1] [1, 3, 2, 1, 5, 2, 0, 1, 2, 4, 0, 3, 4, 0, 0, 0, 4, 5]
2017-08-17 07:41:21,584 INFO     [rollout2] [4, 1, 1, 2, 2, 2, 1, 1, 0, 5, 5]
2017-08-17 07:41:21,584 INFO     [reward] 1.9801980198e-05
2017-08-17 07:41:21,584 INFO     [error] [ -6.25064717e-06   3.91778223e-09]
2017-08-17 07:41:21,584 INFO     
2017-08-17 07:41:21,584 INFO     [min reward] 0.0
2017-08-17 07:41:21,584 INFO     
2017-08-17 07:41:21,584 INFO     [max steps] 2
2017-08-17 07:47:49,110 INFO     [step] 1645100
2017-08-17 07:47:49,111 INFO     [task] go[LL] 0.200003901662 0.0
2017-08-17 07:47:49,111 INFO     [task] go[LD] 0.200003901662 0.0
2017-08-17 07:47:49,111 INFO     [task] go[UL] 0.200003901662 0.0
2017-08-17 07:47:49,111 INFO     [task] go[RD] 0.199994134774 0.0
2017-08-17 07:47:49,111 INFO     [task] go[UR] 0.199994160239 0.0
2017-08-17 07:47:49,111 INFO     
2017-08-17 07:47:49,111 INFO     [rollout0] [2, 3, 5, 2, 5]
2017-08-17 07:47:49,111 INFO     [rollout1] [3, 2, 2, 5, 1, 2, 3, 3, 5]
2017-08-17 07:47:49,111 INFO     [rollout2] [0, 0, 4, 5, 3, 1, 3, 2, 0, 3, 4, 3, 2, 5]
2017-08-17 07:47:49,111 INFO     [reward] 0.0
2017-08-17 07:47:49,111 INFO     [error] [ -7.31272066e-06   4.93940257e-09]
2017-08-17 07:47:49,111 INFO     
2017-08-17 07:47:49,112 INFO     [min reward] 0.0
2017-08-17 07:47:49,112 INFO     
2017-08-17 07:47:49,112 INFO     [max steps] 2
2017-08-17 07:54:20,123 INFO     [step] 1745400
2017-08-17 07:54:20,124 INFO     [task] go[LL] 0.2 0.0
2017-08-17 07:54:20,124 INFO     [task] go[LD] 0.2 0.0
2017-08-17 07:54:20,124 INFO     [task] go[UL] 0.2 0.0
2017-08-17 07:54:20,124 INFO     [task] go[RD] 0.2 4.94584301894e-05
2017-08-17 07:54:20,124 INFO     [task] go[UR] 0.2 0.000150700758527
2017-08-17 07:54:20,124 INFO     
2017-08-17 07:54:20,124 INFO     [rollout0] [0, 1, 2, 4, 5, 4, 2, 1, 1, 3, 0, 3, 4, 1, 0, 4, 2, 4, 2, 6]
2017-08-17 07:54:20,124 INFO     [rollout1] [1, 5, 1, 0, 5]
2017-08-17 07:54:20,124 INFO     [rollout2] [0, 5, 5]
2017-08-17 07:54:20,124 INFO     [reward] 3.98803589232e-05
2017-08-17 07:54:20,124 INFO     [error] [ -3.31473881e-06   2.74281714e-09]
2017-08-17 07:54:20,125 INFO     
2017-08-17 07:54:20,125 INFO     [min reward] 0.0
2017-08-17 07:54:20,125 INFO     
2017-08-17 07:54:20,125 INFO     [max steps] 2
2017-08-17 08:00:52,287 INFO     [step] 1846200
2017-08-17 08:00:52,287 INFO     [task] go[LL] 0.200007927411 0.0
2017-08-17 08:00:52,287 INFO     [task] go[LD] 0.200007927411 4.97586704483e-05
2017-08-17 08:00:52,288 INFO     [task] go[UL] 0.200007927411 0.0
2017-08-17 08:00:52,288 INFO     [task] go[RD] 0.199998133274 0.000147412903543
2017-08-17 08:00:52,288 INFO     [task] go[UR] 0.199978084494 0.0
2017-08-17 08:00:52,288 INFO     
2017-08-17 08:00:52,288 INFO     [rollout0] [0, 3, 3, 0, 5, 5]
2017-08-17 08:00:52,288 INFO     [rollout1] [0, 1, 0, 1, 4, 3, 0, 3, 2, 3, 2, 5, 5]
2017-08-17 08:00:52,288 INFO     [rollout2] [3, 4, 0, 2, 2, 3, 5, 4, 3, 3, 0, 4, 1, 3, 0, 3, 3, 0, 3, 5]
2017-08-17 08:00:52,288 INFO     [reward] 3.96825396825e-05
2017-08-17 08:00:52,288 INFO     [error] [ -2.85084194e-06   2.97799351e-09]
2017-08-17 08:00:52,288 INFO     
2017-08-17 08:00:52,288 INFO     [min reward] 0.0
2017-08-17 08:00:52,288 INFO     
2017-08-17 08:00:52,288 INFO     [max steps] 2
2017-08-17 08:07:24,321 INFO     [step] 1947400
2017-08-17 08:07:24,321 INFO     [task] go[LL] 0.20000780908 0.0
2017-08-17 08:07:24,321 INFO     [task] go[LD] 0.199997955493 4.93266906723e-05
2017-08-17 08:07:24,322 INFO     [task] go[UL] 0.20000780908 4.95294700347e-05
2017-08-17 08:07:24,322 INFO     [task] go[RD] 0.199978617266 0.0
2017-08-17 08:07:24,322 INFO     [task] go[UR] 0.20000780908 0.000100125156446
2017-08-17 08:07:24,322 INFO     
2017-08-17 08:07:24,322 INFO     [rollout0] [3, 5, 3, 4, 4, 5]
2017-08-17 08:07:24,322 INFO     [rollout1] [3, 2, 3, 1, 2, 4, 4, 2, 1, 3, 2, 5, 5]
2017-08-17 08:07:24,322 INFO     [rollout2] [4, 0, 4, 4, 4, 1, 2, 0, 1, 3, 0, 0, 0, 3, 6, 0, 4, 5]
2017-08-17 08:07:24,322 INFO     [reward] 3.95256916996e-05
2017-08-17 08:07:24,322 INFO     [error] [  1.70673206e-07   1.35129913e-08]
2017-08-17 08:07:24,322 INFO     
2017-08-17 08:07:24,322 INFO     [min reward] 0.0
2017-08-17 08:07:24,322 INFO     
2017-08-17 08:07:24,322 INFO     [max steps] 2
2017-08-17 08:13:47,616 INFO     [step] 2048000
2017-08-17 08:13:47,617 INFO     [task] go[LL] 0.200007880759 0.0
2017-08-17 08:13:47,617 INFO     [task] go[LD] 0.199998112712 5.00250125063e-05
2017-08-17 08:13:47,617 INFO     [task] go[UL] 0.199998072556 0.0
2017-08-17 08:13:47,617 INFO     [task] go[RD] 0.200007880759 4.93242576699e-05
2017-08-17 08:13:47,617 INFO     [task] go[UR] 0.199988053214 4.96993191193e-05
2017-08-17 08:13:47,617 INFO     
2017-08-17 08:13:47,617 INFO     [rollout0] [2, 3, 0, 2, 3, 4, 5, 1, 0, 1, 2, 0, 0, 0, 1, 3, 0, 2, 1, 4, 5]
2017-08-17 08:13:47,617 INFO     [rollout1] [3, 0, 0, 2, 0, 0, 5, 4, 2, 0, 2, 2, 3, 2, 2, 3, 5]
2017-08-17 08:13:47,617 INFO     [rollout2] [3, 0, 5, 1, 0, 2, 2, 0, 0, 3, 0, 4, 3, 2, 3, 4, 4, 6]
2017-08-17 08:13:47,617 INFO     [reward] 2.98210735586e-05
2017-08-17 08:13:47,617 INFO     [error] [ -4.74305321e-06   9.57084224e-09]
2017-08-17 08:13:47,618 INFO     
2017-08-17 08:13:47,618 INFO     [min reward] 0.0
2017-08-17 08:13:47,618 INFO     
2017-08-17 08:13:47,618 INFO     [max steps] 2
2017-08-17 08:20:10,382 INFO     [step] 2148600
2017-08-17 08:20:10,382 INFO     [task] go[LL] 0.200005903089 0.0
2017-08-17 08:20:10,383 INFO     [task] go[LD] 0.199995996853 4.93096646943e-05
2017-08-17 08:20:10,383 INFO     [task] go[UL] 0.200005903089 0.0
2017-08-17 08:20:10,383 INFO     [task] go[RD] 0.199996135621 4.95785820526e-05
2017-08-17 08:20:10,383 INFO     [task] go[UR] 0.199996061349 0.0
2017-08-17 08:20:10,383 INFO     
2017-08-17 08:20:10,383 INFO     [rollout0] [3, 2, 2, 2, 0, 2, 4, 1, 4, 0, 0, 1, 4, 0, 6, 5]
2017-08-17 08:20:10,383 INFO     [rollout1] [3, 0, 2, 1, 2, 0, 3, 2, 5, 3, 4, 3, 3, 1, 1, 1, 2, 4, 2, 4, 1, 0, 4, 6]
2017-08-17 08:20:10,383 INFO     [rollout2] [5, 4, 5]
2017-08-17 08:20:10,383 INFO     [reward] 1.98807157058e-05
2017-08-17 08:20:10,383 INFO     [error] [ -1.36854182e-05   3.39743935e-08]
2017-08-17 08:20:10,383 INFO     
2017-08-17 08:20:10,383 INFO     [min reward] 0.0
2017-08-17 08:20:10,383 INFO     
2017-08-17 08:20:10,383 INFO     [max steps] 2
2017-08-17 08:26:33,285 INFO     [step] 2249400
2017-08-17 08:26:33,285 INFO     [task] go[LL] 0.200003916443 0.0
2017-08-17 08:26:33,285 INFO     [task] go[LD] 0.199994151962 0.0
2017-08-17 08:26:33,285 INFO     [task] go[UL] 0.200003916443 4.94608764467e-05
2017-08-17 08:26:33,285 INFO     [task] go[RD] 0.19999409871 0.000100155240623
2017-08-17 08:26:33,285 INFO     [task] go[UR] 0.200003916443 0.000199322304166
2017-08-17 08:26:33,285 INFO     
2017-08-17 08:26:33,285 INFO     [rollout0] [3, 2, 4, 1, 0, 0, 0, 4, 2, 0, 4, 2, 5, 4, 5]
2017-08-17 08:26:33,285 INFO     [rollout1] [5, 2, 3, 3, 4, 4, 3, 5]
2017-08-17 08:26:33,285 INFO     [rollout2] [4, 0, 0, 3, 0, 5, 0, 1, 1, 3, 4, 0, 4, 2, 5]
2017-08-17 08:26:33,285 INFO     [reward] 6.94444444444e-05
2017-08-17 08:26:33,285 INFO     [error] [ -1.16962314e-06   2.07087375e-08]
2017-08-17 08:26:33,286 INFO     
2017-08-17 08:26:33,286 INFO     [min reward] 0.0
2017-08-17 08:26:33,286 INFO     
2017-08-17 08:26:33,286 INFO     [max steps] 2
2017-08-17 08:32:57,989 INFO     [step] 2350500
2017-08-17 08:32:57,989 INFO     [task] go[LL] 0.200013820298 0.0
2017-08-17 08:32:57,989 INFO     [task] go[LD] 0.200013820298 0.0
2017-08-17 08:32:57,989 INFO     [task] go[UL] 0.200004025389 0.0
2017-08-17 08:32:57,989 INFO     [task] go[RD] 0.199993986207 0.000148177417762
2017-08-17 08:32:57,989 INFO     [task] go[UR] 0.199974347808 0.000149566257852
2017-08-17 08:32:57,989 INFO     
2017-08-17 08:32:57,989 INFO     [rollout0] [1, 2, 1, 1, 0, 2, 1, 2, 5, 4, 2, 2, 5]
2017-08-17 08:32:57,989 INFO     [rollout1] [5, 2, 5]
2017-08-17 08:32:57,990 INFO     [rollout2] [2, 1, 1, 5, 4, 3, 1, 2, 2, 1, 2, 2, 0, 0, 5]
2017-08-17 08:32:57,990 INFO     [reward] 5.93471810089e-05
2017-08-17 08:32:57,990 INFO     [error] [ -3.44138250e-06   1.26812176e-08]
2017-08-17 08:32:57,990 INFO     
2017-08-17 08:32:57,990 INFO     [min reward] 0.0
2017-08-17 08:32:57,990 INFO     
2017-08-17 08:32:57,990 INFO     [max steps] 2
2017-08-17 08:39:21,847 INFO     [step] 2451500
2017-08-17 08:39:21,847 INFO     [task] go[LL] 0.200011792524 0.0
2017-08-17 08:39:21,847 INFO     [task] go[LD] 0.200011792524 5.05024998737e-05
2017-08-17 08:39:21,847 INFO     [task] go[UL] 0.200011792524 0.0
2017-08-17 08:39:21,847 INFO     [task] go[RD] 0.199982448731 0.000147181474758
2017-08-17 08:39:21,847 INFO     [task] go[UR] 0.199982173697 0.0
2017-08-17 08:39:21,847 INFO     
2017-08-17 08:39:21,847 INFO     [rollout0] [5, 0, 1, 4, 3, 1, 5]
2017-08-17 08:39:21,847 INFO     [rollout1] [5, 0, 5]
2017-08-17 08:39:21,848 INFO     [rollout2] [5, 2, 4, 2, 5]
2017-08-17 08:39:21,848 INFO     [reward] 3.9603960396e-05
2017-08-17 08:39:21,848 INFO     [error] [ -2.47099274e-06   1.87365316e-08]
2017-08-17 08:39:21,848 INFO     
2017-08-17 08:39:21,848 INFO     [min reward] 0.0
2017-08-17 08:39:21,848 INFO     
2017-08-17 08:39:21,848 INFO     [max steps] 2
2017-08-17 08:45:55,367 INFO     [step] 2551800
2017-08-17 08:45:55,367 INFO     [task] go[LL] 0.200007829375 0.0
2017-08-17 08:45:55,367 INFO     [task] go[LD] 0.199997828488 0.0
2017-08-17 08:45:55,367 INFO     [task] go[UL] 0.200007829375 0.0
2017-08-17 08:45:55,367 INFO     [task] go[RD] 0.199978683387 9.89853996536e-05
2017-08-17 08:45:55,367 INFO     [task] go[UR] 0.200007829375 0.0
2017-08-17 08:45:55,367 INFO     
2017-08-17 08:45:55,367 INFO     [rollout0] [3, 1, 1, 3, 4, 4, 0, 1, 3, 1, 5, 3, 2, 3, 1, 2, 1, 4, 3, 1, 2, 1, 0, 5]
2017-08-17 08:45:55,368 INFO     [rollout1] [1, 3, 5, 0, 2, 5]
2017-08-17 08:45:55,368 INFO     [rollout2] [5, 0, 0, 2, 1, 0, 3, 0, 5]
2017-08-17 08:45:55,368 INFO     [reward] 1.99401794616e-05
2017-08-17 08:45:55,368 INFO     [error] [ -7.01040316e-06   2.68054315e-08]
2017-08-17 08:45:55,368 INFO     
2017-08-17 08:45:55,368 INFO     [min reward] 0.0
2017-08-17 08:45:55,368 INFO     
2017-08-17 08:45:55,368 INFO     [max steps] 2
2017-08-17 08:52:33,312 INFO     [step] 2652500
2017-08-17 08:52:33,312 INFO     [task] go[LL] 0.200003920291 0.0
2017-08-17 08:52:33,312 INFO     [task] go[LD] 0.200003920291 4.92392535329e-05
2017-08-17 08:52:33,313 INFO     [task] go[UL] 0.200003920291 0.0
2017-08-17 08:52:33,313 INFO     [task] go[RD] 0.199984318837 4.9504950495e-05
2017-08-17 08:52:33,313 INFO     [task] go[UR] 0.200003920291 5.00425361557e-05
2017-08-17 08:52:33,313 INFO     
2017-08-17 08:52:33,313 INFO     [rollout0] [0, 5, 0, 1, 5]
2017-08-17 08:52:33,313 INFO     [rollout1] [3, 5, 0, 5]
2017-08-17 08:52:33,313 INFO     [rollout2] [1, 3, 0, 1, 0, 1, 4, 1, 2, 2, 2, 2, 0, 5, 5]
2017-08-17 08:52:33,313 INFO     [reward] 2.97914597815e-05
2017-08-17 08:52:33,313 INFO     [error] [ -4.57706535e-06   1.55324639e-08]
2017-08-17 08:52:33,313 INFO     
2017-08-17 08:52:33,313 INFO     [min reward] 0.0
2017-08-17 08:52:33,313 INFO     
2017-08-17 08:52:33,313 INFO     [max steps] 2
2017-08-17 08:59:14,220 INFO     [step] 2753900
2017-08-17 08:59:14,220 INFO     [task] go[LL] 0.200005892718 0.0
2017-08-17 08:59:14,220 INFO     [task] go[LD] 0.199996142083 4.96204039101e-05
2017-08-17 08:59:14,220 INFO     [task] go[UL] 0.200005892718 0.0
2017-08-17 08:59:14,220 INFO     [task] go[RD] 0.199996089468 0.0
2017-08-17 08:59:14,221 INFO     [task] go[UR] 0.199995983013 0.0
2017-08-17 08:59:14,221 INFO     
2017-08-17 08:59:14,221 INFO     [rollout0] [0, 1, 3, 5, 1, 3, 2, 5]
2017-08-17 08:59:14,221 INFO     [rollout1] [4, 4, 4, 4, 0, 5, 2, 0, 4, 4, 5]
2017-08-17 08:59:14,221 INFO     [rollout2] [1, 3, 4, 3, 3, 5, 4, 0, 2, 3, 0, 4, 3, 0, 4, 2, 4, 3, 0, 5]
2017-08-17 08:59:14,221 INFO     [reward] 9.86193293886e-06
2017-08-17 08:59:14,221 INFO     [error] [ -8.62289965e-08   9.95755849e-09]
2017-08-17 08:59:14,221 INFO     
2017-08-17 08:59:14,221 INFO     [min reward] 0.0
2017-08-17 08:59:14,221 INFO     
2017-08-17 08:59:14,221 INFO     [max steps] 2
2017-08-17 09:05:50,205 INFO     [step] 2854200
2017-08-17 09:05:50,205 INFO     [task] go[LL] 0.200001965184 0.0
2017-08-17 09:05:50,205 INFO     [task] go[LD] 0.199992139265 4.99176359008e-05
2017-08-17 09:05:50,206 INFO     [task] go[UL] 0.200001965184 0.0
2017-08-17 09:05:50,206 INFO     [task] go[RD] 0.200001965184 9.98402555911e-05
2017-08-17 09:05:50,206 INFO     [task] go[UR] 0.200001965184 0.0
2017-08-17 09:05:50,206 INFO     
2017-08-17 09:05:50,206 INFO     [rollout0] [0, 4, 2, 4, 1, 0, 3, 1, 5, 4, 1, 2, 2, 4, 4, 1, 2, 0, 0, 0, 2, 2, 0, 6]
2017-08-17 09:05:50,206 INFO     [rollout1] [2, 1, 0, 1, 4, 5, 0, 1, 1, 1, 1, 3, 0, 2, 4, 3, 4, 3, 5]
2017-08-17 09:05:50,206 INFO     [rollout2] [2, 3, 2, 3, 3, 3, 4, 3, 0, 3, 1, 0, 0, 5, 0, 0, 3, 0, 4, 1, 3, 4, 5]
2017-08-17 09:05:50,206 INFO     [reward] 2.99102691924e-05
2017-08-17 09:05:50,206 INFO     [error] [  5.99044353e-06   4.91649717e-08]
2017-08-17 09:05:50,206 INFO     
2017-08-17 09:05:50,206 INFO     [min reward] 0.0
2017-08-17 09:05:50,206 INFO     
2017-08-17 09:05:50,206 INFO     [max steps] 2
2017-08-17 09:12:27,056 INFO     [step] 2954900
2017-08-17 09:12:27,056 INFO     [task] go[LL] 0.200005931181 0.0
2017-08-17 09:12:27,057 INFO     [task] go[LD] 0.199996046208 0.0
2017-08-17 09:12:27,057 INFO     [task] go[UL] 0.200005931181 0.0
2017-08-17 09:12:27,057 INFO     [task] go[RD] 0.199986160248 4.92829333202e-05
2017-08-17 09:12:27,057 INFO     [task] go[UR] 0.200005931181 0.0
2017-08-17 09:12:27,057 INFO     
2017-08-17 09:12:27,057 INFO     [rollout0] [0, 2, 0, 5, 3, 0, 0, 3, 0, 0, 5]
2017-08-17 09:12:27,057 INFO     [rollout1] [0, 3, 4, 3, 2, 3, 0, 2, 5, 1, 3, 3, 3, 4, 4, 2, 5]
2017-08-17 09:12:27,057 INFO     [rollout2] [0, 2, 3, 5, 4, 5]
2017-08-17 09:12:27,057 INFO     [reward] 9.93048659384e-06
2017-08-17 09:12:27,057 INFO     [error] [ -7.00186077e-06   1.33672640e-08]
2017-08-17 09:12:27,057 INFO     
2017-08-17 09:12:27,057 INFO     [min reward] 0.0
2017-08-17 09:12:27,057 INFO     
2017-08-17 09:12:27,058 INFO     [max steps] 2
2017-08-17 09:19:05,328 INFO     [step] 3055600
2017-08-17 09:19:05,329 INFO     [task] go[LL] 0.200001951818 0.0
2017-08-17 09:19:05,329 INFO     [task] go[LD] 0.200001951818 4.95957942766e-05
2017-08-17 09:19:05,329 INFO     [task] go[UL] 0.200001951818 0.0
2017-08-17 09:19:05,329 INFO     [task] go[RD] 0.199992192726 9.9735700394e-05
2017-08-17 09:19:05,329 INFO     [task] go[UR] 0.200001951818 0.0
2017-08-17 09:19:05,329 INFO     
2017-08-17 09:19:05,329 INFO     [rollout0] [2, 4, 4, 2, 3, 5, 3, 4, 3, 3, 4, 3, 4, 5]
2017-08-17 09:19:05,329 INFO     [rollout1] [0, 4, 1, 5, 3, 1, 5]
2017-08-17 09:19:05,329 INFO     [rollout2] [1, 5, 4, 0, 1, 0, 2, 2, 5]
2017-08-17 09:19:05,329 INFO     [reward] 2.97914597815e-05
2017-08-17 09:19:05,329 INFO     [error] [  4.62530950e-06   2.70827571e-08]
2017-08-17 09:19:05,329 INFO     
2017-08-17 09:19:05,330 INFO     [min reward] 0.0
2017-08-17 09:19:05,330 INFO     
