2017-08-17 06:07:02,448 INFO     BEGIN
2017-08-17 06:07:02,448 INFO     struct {
    trainer:
        improvement_threshold: 0.8
        use_curriculum: True
        name: 'CurriculumTrainer'
        max_timesteps: 100
        hints: 'resources/light/hints.indep.yaml'
    name: 'light_indep__1'
    recipes: 'resources/light/recipes.yaml'
    world:
        name: 'LightWorld'
    model:
        use_args: False
        seed: 1
        name: 'ModularACModel'
        max_subtask_timesteps: 100
        baseline: 'state'
    experiment_dir: 'experiments/light_indep__1'
}
2017-08-17 06:07:56,052 INFO     [max steps] 1
2017-08-17 06:16:09,283 INFO     [step] 50000
2017-08-17 06:16:09,284 INFO     [task] go[LL] 0.1 0.0
2017-08-17 06:16:09,284 INFO     [task] go[URU] 0.1 0.0
2017-08-17 06:16:09,284 INFO     [task] go[LLD] 0.1 0.0
2017-08-17 06:16:09,284 INFO     [task] go[LD] 0.1 0.00348075348075
2017-08-17 06:16:09,284 INFO     [task] go[UL] 0.1 0.000197394393999
2017-08-17 06:16:09,284 INFO     [task] go[DRU] 0.1 0.00233644859813
2017-08-17 06:16:09,284 INFO     [task] go[RD] 0.1 0.00285655988574
2017-08-17 06:16:09,284 INFO     [task] go[LUR] 0.1 0.000607779578606
2017-08-17 06:16:09,284 INFO     [task] go[RDD] 0.1 0.0
2017-08-17 06:16:09,284 INFO     [task] go[UR] 0.1 0.0140308679094
2017-08-17 06:16:09,284 INFO     
2017-08-17 06:16:09,284 INFO     [rollout0] [3, 3, 3, 3, 3, 3, 0, 0, 0, 0, 4, 3, 3, 4, 4, 3, 3, 4, 2, 3, 3, 1, 3, 3, 4, 2, 4, 3, 3, 3, 3, 4, 3, 3, 3, 3, 1, 2, 3, 4, 3, 3, 3, 4, 3, 3, 3, 0, 3, 3, 1, 3, 3, 3, 3, 0, 3, 0, 4, 3, 3, 2, 3, 3, 3, 3, 3, 3, 4, 3, 3, 1, 0, 3, 1, 3, 3, 3, 4, 3, 3, 3, 3, 3, 3, 3, 3, 0, 0, 3, 4, 3, 3, 3, 3, 3, 3, 4, 3, 6]
2017-08-17 06:16:09,284 INFO     [rollout1] [3, 0, 0, 2, 1, 3, 2, 3, 3, 2, 3, 2, 4, 1, 0, 1, 3, 1, 3, 4, 3, 4, 1, 3, 3, 4, 3, 3, 1, 0, 3, 4, 0, 0, 0, 1, 3, 1, 3, 3, 0, 3, 1, 1, 3, 4, 2, 0, 1, 5]
2017-08-17 06:16:09,284 INFO     [rollout2] [4, 4, 1, 0, 0, 5]
2017-08-17 06:16:09,284 INFO     [reward] 0.00234
2017-08-17 06:16:09,284 INFO     [error] [  1.03866589e-05   1.81469967e-04]
2017-08-17 06:16:09,285 INFO     
2017-08-17 06:16:09,285 INFO     [min reward] 0.0
2017-08-17 06:16:09,285 INFO     
2017-08-17 06:16:09,285 INFO     [max steps] 1
2017-08-17 06:23:41,704 INFO     [step] 100000
2017-08-17 06:23:41,704 INFO     [task] go[LL] 0.10023331342 0.00301386377336
2017-08-17 06:23:41,704 INFO     [task] go[URU] 0.10023331342 0.0
2017-08-17 06:23:41,704 INFO     [task] go[LLD] 0.10023331342 0.0
2017-08-17 06:23:41,704 INFO     [task] go[LD] 0.0998878802962 0.00864147909968
2017-08-17 06:23:41,704 INFO     [task] go[UL] 0.100213723821 0.0
2017-08-17 06:23:41,704 INFO     [task] go[DRU] 0.100001442148 0.00221372509559
2017-08-17 06:23:41,704 INFO     [task] go[RD] 0.0999498258331 0.00366002440016
2017-08-17 06:23:41,704 INFO     [task] go[LUR] 0.100172996825 0.000592885375494
2017-08-17 06:23:41,704 INFO     [task] go[RDD] 0.10023331342 0.0
2017-08-17 06:23:41,704 INFO     [task] go[UR] 0.098840877399 0.0243069505826
2017-08-17 06:23:41,704 INFO     
2017-08-17 06:23:41,704 INFO     [rollout0] [3, 4, 4, 2, 3, 0, 1, 2, 1, 0, 2, 4, 1, 3, 3, 3, 3, 0, 1, 1, 3, 1, 3, 3, 2, 5]
2017-08-17 06:23:41,705 INFO     [rollout1] [3, 2, 3, 3, 2, 2, 3, 1, 2, 3, 3, 3, 3, 3, 2, 1, 2, 3, 3, 2, 0, 3, 0, 3, 1, 4, 3, 2, 2, 3, 2, 3, 4, 4, 2, 3, 2, 3, 3, 3, 3, 3, 2, 3, 3, 0, 3, 3, 3, 3, 1, 2, 0, 3, 3, 2, 2, 2, 3, 3, 3, 3, 3, 3, 3, 3, 2, 3, 3, 3, 3, 3, 3, 2, 2, 2, 3, 3, 2, 2, 3, 3, 3, 2, 2, 3, 3, 2, 3, 2, 2, 3, 0, 2, 3, 3, 3, 3, 2, 6]
2017-08-17 06:23:41,705 INFO     [rollout2] [2, 4, 5]
2017-08-17 06:23:41,705 INFO     [reward] 0.00422
2017-08-17 06:23:41,705 INFO     [error] [  5.55463845e-06   1.78160697e-05]
2017-08-17 06:23:41,705 INFO     
2017-08-17 06:23:41,705 INFO     [min reward] 0.0
2017-08-17 06:23:41,705 INFO     
2017-08-17 06:23:41,705 INFO     [max steps] 1
2017-08-17 06:30:06,993 INFO     [step] 150000
2017-08-17 06:30:06,993 INFO     [task] go[LL] 0.100122199391 0.0
2017-08-17 06:30:06,993 INFO     [task] go[URU] 0.100421860587 0.0
2017-08-17 06:30:06,993 INFO     [task] go[LLD] 0.100421860587 0.0
2017-08-17 06:30:06,993 INFO     [task] go[LD] 0.0995626591912 0.0137182637183
2017-08-17 06:30:06,993 INFO     [task] go[UL] 0.100421860587 0.0
2017-08-17 06:30:06,993 INFO     [task] go[DRU] 0.100201755247 0.000606673407482
2017-08-17 06:30:06,993 INFO     [task] go[RD] 0.1000579532 0.00899843505477
2017-08-17 06:30:06,993 INFO     [task] go[LUR] 0.100362911426 0.00098833761613
2017-08-17 06:30:06,993 INFO     [task] go[RDD] 0.100421860587 0.0
2017-08-17 06:30:06,993 INFO     [task] go[UR] 0.0980050791979 0.00139944022391
2017-08-17 06:30:06,993 INFO     
2017-08-17 06:30:06,993 INFO     [rollout0] [3, 3, 2, 4, 3, 3, 4, 1, 3, 3, 3, 3, 2, 3, 3, 4, 3, 3, 3, 3, 3, 3, 0, 1, 3, 3, 1, 3, 0, 2, 3, 3, 3, 3, 0, 2, 3, 0, 1, 3, 3, 3, 1, 2, 3, 3, 3, 3, 2, 1, 3, 3, 4, 0, 3, 2, 3, 3, 4, 3, 5]
2017-08-17 06:30:06,993 INFO     [rollout1] [3, 3, 5]
2017-08-17 06:30:06,993 INFO     [rollout2] [2, 2, 2, 4, 4, 2, 3, 0, 2, 2, 4, 1, 1, 3, 4, 2, 1, 1, 4, 4, 2, 0, 1, 2, 4, 1, 3, 0, 4, 1, 1, 1, 4, 3, 1, 4, 2, 3, 3, 2, 3, 1, 3, 4, 1, 1, 1, 4, 3, 1, 1, 0, 1, 3, 0, 3, 1, 1, 1, 1, 1, 0, 3, 1, 3, 4, 4, 3, 1, 4, 0, 2, 1, 1, 1, 1, 2, 3, 1, 4, 1, 1, 1, 3, 1, 2, 4, 4, 1, 2, 2, 4, 4, 1, 1, 2, 1, 2, 2, 6]
2017-08-17 06:30:06,993 INFO     [reward] 0.00256
2017-08-17 06:30:06,993 INFO     [error] [ -1.99535874e-05   3.08494788e-06]
2017-08-17 06:30:06,994 INFO     
2017-08-17 06:30:06,994 INFO     [min reward] 0.0
2017-08-17 06:30:06,994 INFO     
2017-08-17 06:30:06,994 INFO     [max steps] 1
2017-08-17 06:38:35,808 INFO     [step] 243600
2017-08-17 06:38:35,808 INFO     [task] go[LL] 0.100255215533 0.0
2017-08-17 06:38:35,808 INFO     [task] go[URU] 0.100255215533 0.0
2017-08-17 06:38:35,808 INFO     [task] go[LLD] 0.100255215533 0.0
2017-08-17 06:38:35,808 INFO     [task] go[LD] 0.0988935051514 0.045479273202
2017-08-17 06:38:35,808 INFO     [task] go[UL] 0.100255215533 0.0
2017-08-17 06:38:35,808 INFO     [task] go[DRU] 0.10019499556 0.081352350766
2017-08-17 06:38:35,808 INFO     [task] go[RD] 0.0993620075671 0.000106609808102
2017-08-17 06:38:35,808 INFO     [task] go[LUR] 0.100157110582 0.0002116626098
2017-08-17 06:38:35,808 INFO     [task] go[RDD] 0.100255215533 0.0
2017-08-17 06:38:35,808 INFO     [task] go[UR] 0.100116303473 0.000858000858001
2017-08-17 06:38:35,808 INFO     
2017-08-17 06:38:35,808 INFO     [rollout0] [3, 0, 2, 1, 2, 3, 2, 3, 2, 0, 0, 5]
2017-08-17 06:38:35,808 INFO     [rollout1] [0, 4, 5]
2017-08-17 06:38:35,809 INFO     [rollout2] [2, 2, 2, 1, 1, 5]
2017-08-17 06:38:35,809 INFO     [reward] 0.0128098290598
2017-08-17 06:38:35,809 INFO     [error] [  1.57521050e-05   2.38921993e-05]
2017-08-17 06:38:35,809 INFO     
2017-08-17 06:38:35,809 INFO     [min reward] 0.0
2017-08-17 06:38:35,809 INFO     
2017-08-17 06:38:35,809 INFO     [max steps] 1
2017-08-17 06:49:10,507 INFO     [step] 380400
2017-08-17 06:49:10,508 INFO     [task] go[LL] 0.101283674274 0.0
2017-08-17 06:49:10,508 INFO     [task] go[URU] 0.101283674274 0.0
2017-08-17 06:49:10,508 INFO     [task] go[LLD] 0.101283674274 0.0
2017-08-17 06:49:10,508 INFO     [task] go[LD] 0.0967229733898 0.195330857273
2017-08-17 06:49:10,508 INFO     [task] go[UL] 0.101283674274 0.0
2017-08-17 06:49:10,508 INFO     [task] go[DRU] 0.0931255901193 0.181202304937
2017-08-17 06:49:10,508 INFO     [task] go[RD] 0.10127298335 0.0
2017-08-17 06:49:10,508 INFO     [task] go[LUR] 0.101262448564 7.28226041363e-05
2017-08-17 06:49:10,508 INFO     [task] go[RDD] 0.101283674274 0.0
2017-08-17 06:49:10,508 INFO     [task] go[UR] 0.101197633205 0.0513608428446
2017-08-17 06:49:10,508 INFO     
2017-08-17 06:49:10,508 INFO     [rollout0] [0, 3, 1, 1, 5]
2017-08-17 06:49:10,508 INFO     [rollout1] [0, 4, 5]
2017-08-17 06:49:10,508 INFO     [rollout2] [5]
2017-08-17 06:49:10,508 INFO     [reward] 0.0409868421053
2017-08-17 06:49:10,508 INFO     [error] [ -2.18879775e-05   2.46095765e-05]
2017-08-17 06:49:10,509 INFO     
2017-08-17 06:49:10,509 INFO     [min reward] 0.0
2017-08-17 06:49:10,509 INFO     
2017-08-17 06:49:10,509 INFO     [max steps] 1
2017-08-17 06:58:27,190 INFO     [step] 496900
2017-08-17 06:58:27,190 INFO     [task] go[LL] 0.104424786599 0.0
2017-08-17 06:58:27,190 INFO     [task] go[URU] 0.104424786599 0.0
2017-08-17 06:58:27,190 INFO     [task] go[LLD] 0.104424786599 0.0
2017-08-17 06:58:27,190 INFO     [task] go[LD] 0.0842293578001 0.39142886366
2017-08-17 06:58:27,190 INFO     [task] go[UL] 0.104424786599 0.0
2017-08-17 06:58:27,190 INFO     [task] go[DRU] 0.0856901212284 0.221079691517
2017-08-17 06:58:27,190 INFO     [task] go[RD] 0.104424786599 0.0
2017-08-17 06:58:27,190 INFO     [task] go[LUR] 0.104417257406 8.27540549487e-05
2017-08-17 06:58:27,190 INFO     [task] go[RDD] 0.104424786599 0.0
2017-08-17 06:58:27,190 INFO     [task] go[UR] 0.0991145439717 0.298285514346
2017-08-17 06:58:27,190 INFO     
2017-08-17 06:58:27,190 INFO     [rollout0] [0, 3, 1, 0, 1, 1, 4, 2, 4, 3, 5]
2017-08-17 06:58:27,190 INFO     [rollout1] [2, 4, 3, 2, 0, 0, 2, 3, 0, 2, 2, 3, 0, 1, 2, 1, 0, 2, 0, 3, 4, 3, 4, 4, 5]
2017-08-17 06:58:27,191 INFO     [rollout2] [4, 0, 2, 2, 3, 3, 3, 3, 2, 1, 3, 0, 3, 3, 1, 0, 4, 1, 3, 0, 1, 2, 1, 2, 1, 5]
2017-08-17 06:58:27,191 INFO     [reward] 0.081321888412
2017-08-17 06:58:27,191 INFO     [error] [ -3.67619573e-05   5.09654157e-05]
2017-08-17 06:58:27,191 INFO     
2017-08-17 06:58:27,191 INFO     [min reward] 0.0
2017-08-17 06:58:27,191 INFO     
2017-08-17 06:58:27,191 INFO     [max steps] 1
2017-08-17 07:08:44,044 INFO     [step] 634400
2017-08-17 07:08:44,044 INFO     [task] go[LL] 0.109912554289 0.0
2017-08-17 07:08:44,044 INFO     [task] go[URU] 0.109912554289 0.0
2017-08-17 07:08:44,044 INFO     [task] go[LLD] 0.109912554289 0.0
2017-08-17 07:08:44,044 INFO     [task] go[LD] 0.0673155778266 0.681935762018
2017-08-17 07:08:44,044 INFO     [task] go[UL] 0.109912554289 0.0
2017-08-17 07:08:44,044 INFO     [task] go[DRU] 0.0858537091447 0.275343035343
2017-08-17 07:08:44,045 INFO     [task] go[RD] 0.109912554289 0.0
2017-08-17 07:08:44,045 INFO     [task] go[LUR] 0.109903548636 0.0180126287803
2017-08-17 07:08:44,045 INFO     [task] go[RDD] 0.109912554289 0.0
2017-08-17 07:08:44,045 INFO     [task] go[UR] 0.0774518386564 0.60771524413
2017-08-17 07:08:44,045 INFO     
2017-08-17 07:08:44,045 INFO     [rollout0] [3, 4, 2, 2, 2, 2, 1, 2, 2, 2, 0, 4, 1, 1, 1, 1, 1, 1, 1, 2, 3, 1, 5]
2017-08-17 07:08:44,045 INFO     [rollout1] [0, 2, 0, 1, 4, 4, 0, 1, 5]
2017-08-17 07:08:44,045 INFO     [rollout2] [4, 5]
2017-08-17 07:08:44,045 INFO     [reward] 0.119498181818
2017-08-17 07:08:44,045 INFO     [error] [ -3.85340698e-05   5.93279484e-05]
2017-08-17 07:08:44,045 INFO     
2017-08-17 07:08:44,045 INFO     [min reward] 0.0
2017-08-17 07:08:44,045 INFO     
2017-08-17 07:08:44,046 INFO     [max steps] 1
2017-08-17 07:19:40,281 INFO     [step] 783700
2017-08-17 07:19:40,281 INFO     [task] go[LL] 0.118586449572 0.0
2017-08-17 07:19:40,281 INFO     [task] go[URU] 0.118586449572 0.0
2017-08-17 07:19:40,282 INFO     [task] go[LLD] 0.118586449572 0.0
2017-08-17 07:19:40,282 INFO     [task] go[LD] 0.0385187853602 0.772687836196
2017-08-17 07:19:40,282 INFO     [task] go[UL] 0.118586449572 0.0
2017-08-17 07:19:40,282 INFO     [task] go[DRU] 0.0862577832593 0.292795254079
2017-08-17 07:19:40,282 INFO     [task] go[RD] 0.118586449572 0.000170774748107
2017-08-17 07:19:40,282 INFO     [task] go[LUR] 0.116471544924 0.0649755986835
2017-08-17 07:19:40,282 INFO     [task] go[RDD] 0.118586449572 0.0
2017-08-17 07:19:40,282 INFO     [task] go[UR] 0.0472331890253 0.756170212766
2017-08-17 07:19:40,282 INFO     
2017-08-17 07:19:40,282 INFO     [rollout0] [5]
2017-08-17 07:19:40,282 INFO     [rollout1] [2, 0, 0, 0, 3, 0, 3, 3, 0, 0, 0, 3, 3, 3, 0, 3, 5]
2017-08-17 07:19:40,282 INFO     [rollout2] [3, 5]
2017-08-17 07:19:40,282 INFO     [reward] 0.09834561286
2017-08-17 07:19:40,282 INFO     [error] [ -8.23106168e-05   6.55130129e-05]
2017-08-17 07:19:40,282 INFO     
2017-08-17 07:19:40,283 INFO     [min reward] 0.0
2017-08-17 07:19:40,283 INFO     
2017-08-17 07:19:40,283 INFO     [max steps] 1
2017-08-17 07:30:33,350 INFO     [step] 934200
2017-08-17 07:30:33,350 INFO     [task] go[LL] 0.122972770688 0.0
2017-08-17 07:30:33,350 INFO     [task] go[URU] 0.122972770688 0.0
2017-08-17 07:30:33,350 INFO     [task] go[LLD] 0.122972770688 0.0
2017-08-17 07:30:33,351 INFO     [task] go[LD] 0.0288939943573 0.793691588785
2017-08-17 07:30:33,351 INFO     [task] go[UL] 0.122972770688 0.0
2017-08-17 07:30:33,351 INFO     [task] go[DRU] 0.0873234205511 0.309696645526
2017-08-17 07:30:33,351 INFO     [task] go[RD] 0.122951977971 0.0
2017-08-17 07:30:33,351 INFO     [task] go[LUR] 0.115061652473 0.0678688713487
2017-08-17 07:30:33,351 INFO     [task] go[RDD] 0.122972770688 0.0
2017-08-17 07:30:33,351 INFO     [task] go[UR] 0.0309051012073 0.785529715762
2017-08-17 07:30:33,351 INFO     
2017-08-17 07:30:33,351 INFO     [rollout0] [5]
2017-08-17 07:30:33,351 INFO     [rollout1] [1, 1, 2, 4, 0, 2, 0, 1, 2, 3, 0, 0, 1, 2, 1, 5]
2017-08-17 07:30:33,351 INFO     [rollout2] [4, 0, 1, 3, 4, 3, 1, 0, 5]
2017-08-17 07:30:33,351 INFO     [reward] 0.0815681063123
2017-08-17 07:30:33,351 INFO     [error] [ -9.99575116e-06   3.81643695e-05]
2017-08-17 07:30:33,351 INFO     
2017-08-17 07:30:33,352 INFO     [min reward] 0.0
2017-08-17 07:30:33,352 INFO     
2017-08-17 07:30:33,352 INFO     [max steps] 1
2017-08-17 07:41:33,584 INFO     [step] 1084300
2017-08-17 07:41:33,585 INFO     [task] go[LL] 0.124029664685 0.0
2017-08-17 07:41:33,585 INFO     [task] go[URU] 0.124029664685 0.0
2017-08-17 07:41:33,585 INFO     [task] go[LLD] 0.124029664685 0.0
2017-08-17 07:41:33,585 INFO     [task] go[LD] 0.0265630294174 0.820230345518
2017-08-17 07:41:33,585 INFO     [task] go[UL] 0.124029664685 0.0
2017-08-17 07:41:33,585 INFO     [task] go[DRU] 0.0859984061717 0.3103153643
2017-08-17 07:41:33,585 INFO     [task] go[RD] 0.124029664685 0.000162232316677
2017-08-17 07:41:33,585 INFO     [task] go[LUR] 0.115695255422 0.0645068642656
2017-08-17 07:41:33,585 INFO     [task] go[RDD] 0.124029664685 0.0
2017-08-17 07:41:33,585 INFO     [task] go[UR] 0.0275653208771 0.809104258443
2017-08-17 07:41:33,585 INFO     
2017-08-17 07:41:33,585 INFO     [rollout0] [3, 5]
2017-08-17 07:41:33,585 INFO     [rollout1] [1, 2, 5]
2017-08-17 07:41:33,585 INFO     [rollout2] [1, 3, 1, 4, 0, 2, 0, 2, 2, 2, 1, 1, 1, 1, 1, 2, 2, 0, 4, 1, 2, 1, 1, 1, 1, 5]
2017-08-17 07:41:33,585 INFO     [reward] 0.0779680213191
2017-08-17 07:41:33,585 INFO     [error] [ -1.30683747e-05   3.01367402e-05]
2017-08-17 07:41:33,586 INFO     
2017-08-17 07:41:33,586 INFO     [min reward] 0.0
2017-08-17 07:41:33,586 INFO     
2017-08-17 07:41:33,586 INFO     [max steps] 1
2017-08-17 07:52:30,348 INFO     [step] 1234600
2017-08-17 07:52:30,348 INFO     [task] go[LL] 0.124757881158 0.0
2017-08-17 07:52:30,348 INFO     [task] go[URU] 0.124757881158 0.0
2017-08-17 07:52:30,348 INFO     [task] go[LLD] 0.124757881158 0.0
2017-08-17 07:52:30,348 INFO     [task] go[LD] 0.0234408514863 0.829704075935
2017-08-17 07:52:30,349 INFO     [task] go[UL] 0.124757881158 0.0
2017-08-17 07:52:30,349 INFO     [task] go[DRU] 0.0864269035927 0.310699432892
2017-08-17 07:52:30,349 INFO     [task] go[RD] 0.124737841791 5.31971486328e-05
2017-08-17 07:52:30,349 INFO     [task] go[LUR] 0.116789822043 0.0643191416505
2017-08-17 07:52:30,349 INFO     [task] go[RDD] 0.124757881158 0.0
2017-08-17 07:52:30,349 INFO     [task] go[UR] 0.0248151752973 0.837979574938
2017-08-17 07:52:30,349 INFO     
2017-08-17 07:52:30,349 INFO     [rollout0] [0, 1, 3, 0, 1, 0, 0, 5]
2017-08-17 07:52:30,349 INFO     [rollout1] [4, 2, 3, 0, 4, 2, 5]
2017-08-17 07:52:30,349 INFO     [rollout2] [0, 1, 2, 2, 0, 1, 0, 2, 1, 2, 2, 3, 3, 2, 0, 3, 5]
2017-08-17 07:52:30,349 INFO     [reward] 0.0748170326015
2017-08-17 07:52:30,349 INFO     [error] [ -8.52331005e-06   2.29183312e-05]
2017-08-17 07:52:30,349 INFO     
2017-08-17 07:52:30,349 INFO     [min reward] 0.0
2017-08-17 07:52:30,349 INFO     
2017-08-17 07:52:30,350 INFO     [max steps] 1
2017-08-17 08:03:23,756 INFO     [step] 1386000
2017-08-17 08:03:23,757 INFO     [task] go[LL] 0.125353027365 0.0
2017-08-17 08:03:23,757 INFO     [task] go[URU] 0.125353027365 0.0
2017-08-17 08:03:23,757 INFO     [task] go[LLD] 0.125353027365 0.0
2017-08-17 08:03:23,757 INFO     [task] go[LD] 0.0223768711911 0.850863898151
2017-08-17 08:03:23,757 INFO     [task] go[UL] 0.125353027365 0.000158587513876
2017-08-17 08:03:23,757 INFO     [task] go[DRU] 0.0867915278464 0.312178788351
2017-08-17 08:03:23,757 INFO     [task] go[RD] 0.125346424965 0.000529604914734
2017-08-17 08:03:23,757 INFO     [task] go[LUR] 0.117370255955 0.0694452204034
2017-08-17 08:03:23,757 INFO     [task] go[RDD] 0.125353027365 0.0
2017-08-17 08:03:23,757 INFO     [task] go[UR] 0.0213497832179 0.834988317757
2017-08-17 08:03:23,757 INFO     
2017-08-17 08:03:23,757 INFO     [rollout0] [4, 2, 5]
2017-08-17 08:03:23,757 INFO     [rollout1] [5]
2017-08-17 08:03:23,757 INFO     [rollout2] [2, 1, 4, 2, 5]
2017-08-17 08:03:23,757 INFO     [reward] 0.0721994715984
2017-08-17 08:03:23,757 INFO     [error] [ -3.07962298e-08   2.38208911e-05]
2017-08-17 08:03:23,758 INFO     
2017-08-17 08:03:23,758 INFO     [min reward] 0.0
2017-08-17 08:03:23,758 INFO     
2017-08-17 08:03:23,758 INFO     [max steps] 1
2017-08-17 08:14:21,473 INFO     [step] 1536100
2017-08-17 08:14:21,473 INFO     [task] go[LL] 0.125749586078 0.0
2017-08-17 08:14:21,473 INFO     [task] go[URU] 0.125749586078 0.0
2017-08-17 08:14:21,473 INFO     [task] go[LLD] 0.125749586078 0.0
2017-08-17 08:14:21,473 INFO     [task] go[LD] 0.019813167265 0.838782777598
2017-08-17 08:14:21,473 INFO     [task] go[UL] 0.125729841213 0.0001080205239
2017-08-17 08:14:21,473 INFO     [task] go[DRU] 0.0868819094273 0.308293362216
2017-08-17 08:14:21,473 INFO     [task] go[RD] 0.125683647862 0.0
2017-08-17 08:14:21,473 INFO     [task] go[LUR] 0.11710334081 0.0685201894879
2017-08-17 08:14:21,473 INFO     [task] go[RDD] 0.125749586078 0.0
2017-08-17 08:14:21,473 INFO     [task] go[UR] 0.0217897491098 0.850890431633
2017-08-17 08:14:21,473 INFO     
2017-08-17 08:14:21,473 INFO     [rollout0] [5]
2017-08-17 08:14:21,474 INFO     [rollout1] [3, 4, 0, 1, 0, 5]
2017-08-17 08:14:21,474 INFO     [rollout2] [3, 3, 3, 0, 0, 3, 3, 3, 5]
2017-08-17 08:14:21,474 INFO     [reward] 0.0706995336442
2017-08-17 08:14:21,474 INFO     [error] [  3.68355565e-06   2.46593602e-05]
2017-08-17 08:14:21,474 INFO     
2017-08-17 08:14:21,474 INFO     [min reward] 0.0
2017-08-17 08:14:21,474 INFO     
2017-08-17 08:14:21,474 INFO     [max steps] 1
2017-08-17 08:25:09,576 INFO     [step] 1687000
2017-08-17 08:25:09,576 INFO     [task] go[LL] 0.125725016045 0.0
2017-08-17 08:25:09,576 INFO     [task] go[URU] 0.125725016045 0.0
2017-08-17 08:25:09,576 INFO     [task] go[LLD] 0.125725016045 0.0
2017-08-17 08:25:09,576 INFO     [task] go[LD] 0.0213131564691 0.863000931966
2017-08-17 08:25:09,576 INFO     [task] go[UL] 0.125711569627 0.000211517106446
2017-08-17 08:25:09,576 INFO     [task] go[DRU] 0.0873485923709 0.310237298448
2017-08-17 08:25:09,577 INFO     [task] go[RD] 0.125725016045 0.000263629653063
2017-08-17 08:25:09,577 INFO     [task] go[LUR] 0.117195608201 0.0690240452617
2017-08-17 08:25:09,577 INFO     [task] go[RDD] 0.125725016045 0.0
2017-08-17 08:25:09,577 INFO     [task] go[UR] 0.0198059931049 0.855889301384
2017-08-17 08:25:09,577 INFO     
2017-08-17 08:25:09,577 INFO     [rollout0] [1, 1, 3, 1, 1, 1, 0, 1, 4, 4, 4, 5]
2017-08-17 08:25:09,577 INFO     [rollout1] [4, 2, 1, 0, 4, 5]
2017-08-17 08:25:09,577 INFO     [rollout2] [5]
2017-08-17 08:25:09,577 INFO     [reward] 0.0703909874089
2017-08-17 08:25:09,577 INFO     [error] [ -2.08423308e-05   2.47802693e-05]
2017-08-17 08:25:09,577 INFO     
2017-08-17 08:25:09,577 INFO     [min reward] 0.0
2017-08-17 08:25:09,577 INFO     
2017-08-17 08:25:09,577 INFO     [max steps] 1
2017-08-17 08:36:11,060 INFO     [step] 1833800
2017-08-17 08:36:11,060 INFO     [task] go[LL] 0.126228331705 0.0
2017-08-17 08:36:11,060 INFO     [task] go[URU] 0.126228331705 0.0
2017-08-17 08:36:11,060 INFO     [task] go[LLD] 0.126228331705 0.0
2017-08-17 08:36:11,061 INFO     [task] go[LD] 0.0183717298218 0.852325581395
2017-08-17 08:36:11,061 INFO     [task] go[UL] 0.126201896604 0.000109194147194
2017-08-17 08:36:11,061 INFO     [task] go[DRU] 0.0874553251546 0.316705157814
2017-08-17 08:36:11,061 INFO     [task] go[RD] 0.126195383654 0.0
2017-08-17 08:36:11,061 INFO     [task] go[LUR] 0.117601806872 0.0714285714286
2017-08-17 08:36:11,061 INFO     [task] go[RDD] 0.126228331705 0.0
2017-08-17 08:36:11,061 INFO     [task] go[UR] 0.0192605310735 0.861371841155
2017-08-17 08:36:11,061 INFO     
2017-08-17 08:36:11,061 INFO     [rollout0] [3, 1, 0, 1, 1, 3, 0, 0, 0, 4, 1, 3, 0, 2, 5]
2017-08-17 08:36:11,061 INFO     [rollout1] [0, 5]
2017-08-17 08:36:11,061 INFO     [rollout2] [3, 5]
2017-08-17 08:36:11,061 INFO     [reward] 0.0675953678474
2017-08-17 08:36:11,061 INFO     [error] [ -4.05218781e-05   3.69592130e-05]
2017-08-17 08:36:11,061 INFO     
2017-08-17 08:36:11,061 INFO     [min reward] 0.0
2017-08-17 08:36:11,062 INFO     
2017-08-17 08:36:11,062 INFO     [max steps] 1
2017-08-17 08:47:09,198 INFO     [step] 1979000
2017-08-17 08:47:09,198 INFO     [task] go[LL] 0.126280628513 0.0
2017-08-17 08:47:09,198 INFO     [task] go[URU] 0.126280628513 0.0
2017-08-17 08:47:09,198 INFO     [task] go[LLD] 0.126280628513 0.0
2017-08-17 08:47:09,198 INFO     [task] go[LD] 0.0197140838434 0.863793103448
2017-08-17 08:47:09,198 INFO     [task] go[UL] 0.126266975933 0.000110699064593
2017-08-17 08:47:09,198 INFO     [task] go[DRU] 0.08668287962 0.310969793323
2017-08-17 08:47:09,198 INFO     [task] go[RD] 0.126280628513 0.000107555794568
2017-08-17 08:47:09,199 INFO     [task] go[LUR] 0.117349890994 0.0680152447962
2017-08-17 08:47:09,199 INFO     [task] go[RDD] 0.126280628513 0.0
2017-08-17 08:47:09,199 INFO     [task] go[UR] 0.0185830270432 0.858711566618
2017-08-17 08:47:09,199 INFO     
2017-08-17 08:47:09,199 INFO     [rollout0] [4, 0, 0, 0, 0, 1, 1, 2, 2, 1, 1, 1, 4, 3, 1, 1, 3, 2, 4, 3, 1, 5]
2017-08-17 08:47:09,199 INFO     [rollout1] [1, 2, 2, 4, 3, 3, 1, 2, 4, 4, 0, 5]
2017-08-17 08:47:09,199 INFO     [rollout2] [2, 2, 3, 4, 4, 1, 5]
2017-08-17 08:47:09,199 INFO     [reward] 0.068367768595
2017-08-17 08:47:09,199 INFO     [error] [ -2.23102273e-05   3.37109698e-05]
2017-08-17 08:47:09,199 INFO     
2017-08-17 08:47:09,199 INFO     [min reward] 0.0
2017-08-17 08:47:09,199 INFO     
2017-08-17 08:47:09,199 INFO     [max steps] 1
2017-08-17 08:58:10,126 INFO     [step] 2129100
2017-08-17 08:58:10,126 INFO     [task] go[LL] 0.126276959548 0.0
2017-08-17 08:58:10,126 INFO     [task] go[URU] 0.126276959548 0.0
2017-08-17 08:58:10,126 INFO     [task] go[LLD] 0.126276959548 0.0
2017-08-17 08:58:10,126 INFO     [task] go[LD] 0.0182797647143 0.851570964247
2017-08-17 08:58:10,126 INFO     [task] go[UL] 0.12626311921 5.29492745949e-05
2017-08-17 08:58:10,126 INFO     [task] go[DRU] 0.0873974347833 0.31563103049
2017-08-17 08:58:10,126 INFO     [task] go[RD] 0.126263512202 5.2642661613e-05
2017-08-17 08:58:10,126 INFO     [task] go[LUR] 0.117773238443 0.0680743243243
2017-08-17 08:58:10,127 INFO     [task] go[RDD] 0.126276959548 0.0
2017-08-17 08:58:10,127 INFO     [task] go[UR] 0.0189150924576 0.855322080606
2017-08-17 08:58:10,127 INFO     
2017-08-17 08:58:10,127 INFO     [rollout0] [4, 1, 5]
2017-08-17 08:58:10,127 INFO     [rollout1] [5]
2017-08-17 08:58:10,127 INFO     [rollout2] [2, 4, 5]
2017-08-17 08:58:10,127 INFO     [reward] 0.0675616255829
2017-08-17 08:58:10,127 INFO     [error] [ -2.65134879e-05   4.11722352e-05]
2017-08-17 08:58:10,127 INFO     
2017-08-17 08:58:10,127 INFO     [min reward] 0.0
2017-08-17 08:58:10,127 INFO     
2017-08-17 08:58:10,127 INFO     [max steps] 1
2017-08-17 09:09:13,767 INFO     [step] 2282300
2017-08-17 09:09:13,767 INFO     [task] go[LL] 0.126103467638 0.0
2017-08-17 09:09:13,767 INFO     [task] go[URU] 0.126103467638 0.0
2017-08-17 09:09:13,767 INFO     [task] go[LLD] 0.126103467638 0.0
2017-08-17 09:09:13,767 INFO     [task] go[LD] 0.0197806443396 0.852570650323
2017-08-17 09:09:13,767 INFO     [task] go[UL] 0.126096856661 0.000103140632252
2017-08-17 09:09:13,767 INFO     [task] go[DRU] 0.0866953810649 0.310306114812
2017-08-17 09:09:13,767 INFO     [task] go[RD] 0.126096894943 0.000156977656847
2017-08-17 09:09:13,767 INFO     [task] go[LUR] 0.117604053426 0.0663001649258
2017-08-17 09:09:13,768 INFO     [task] go[RDD] 0.126103467638 0.0
2017-08-17 09:09:13,768 INFO     [task] go[UR] 0.0193122990125 0.870813397129
2017-08-17 09:09:13,768 INFO     
2017-08-17 09:09:13,768 INFO     [rollout0] [5]
2017-08-17 09:09:13,768 INFO     [rollout1] [3, 2, 0, 5]
2017-08-17 09:09:13,768 INFO     [rollout2] [2, 1, 1, 4, 1, 3, 5]
2017-08-17 09:09:13,768 INFO     [reward] 0.0679438642298
2017-08-17 09:09:13,768 INFO     [error] [ -2.22918928e-05   3.57347014e-05]
2017-08-17 09:09:13,768 INFO     
2017-08-17 09:09:13,768 INFO     [min reward] 0.0
2017-08-17 09:09:13,768 INFO     
2017-08-17 09:09:13,768 INFO     [max steps] 1
2017-08-17 09:20:16,587 INFO     [step] 2437000
2017-08-17 09:20:16,587 INFO     [task] go[LL] 0.126253952466 0.0
2017-08-17 09:20:16,587 INFO     [task] go[URU] 0.126253952466 0.0
2017-08-17 09:20:16,587 INFO     [task] go[LLD] 0.126253952466 0.0
2017-08-17 09:20:16,587 INFO     [task] go[LD] 0.0196792847831 0.875688705234
2017-08-17 09:20:16,587 INFO     [task] go[UL] 0.126241059484 0.000152377082487
2017-08-17 09:20:16,587 INFO     [task] go[DRU] 0.0874644737838 0.316543574594
2017-08-17 09:20:16,587 INFO     [task] go[RD] 0.126234329645 0.0
2017-08-17 09:20:16,587 INFO     [task] go[LUR] 0.117966172396 0.0713509991312
2017-08-17 09:20:16,587 INFO     [task] go[RDD] 0.126253952466 0.0
2017-08-17 09:20:16,587 INFO     [task] go[UR] 0.0173988700424 0.871871497945
2017-08-17 09:20:16,587 INFO     
2017-08-17 09:20:16,587 INFO     [rollout0] [5]
2017-08-17 09:20:16,587 INFO     [rollout1] [1, 3, 4, 2, 5]
2017-08-17 09:20:16,587 INFO     [rollout2] [3, 2, 1, 0, 2, 5]
2017-08-17 09:20:16,588 INFO     [reward] 0.0677440206852
2017-08-17 09:20:16,588 INFO     [error] [ -4.04014818e-05   5.35967060e-05]
2017-08-17 09:20:16,588 INFO     
2017-08-17 09:20:16,588 INFO     [min reward] 0.0
2017-08-17 09:20:16,588 INFO     
2017-08-17 09:20:16,588 INFO     [max steps] 1
2017-08-17 09:31:33,117 INFO     [step] 2597200
2017-08-17 09:31:33,117 INFO     [task] go[LL] 0.126814437651 0.0
2017-08-17 09:31:33,117 INFO     [task] go[URU] 0.126814437651 0.0
2017-08-17 09:31:33,118 INFO     [task] go[LLD] 0.126814437651 0.0
2017-08-17 09:31:33,118 INFO     [task] go[LD] 0.0168639715999 0.868724432875
2017-08-17 09:31:33,118 INFO     [task] go[UL] 0.12679530536 0.000536454523287
2017-08-17 09:31:33,118 INFO     [task] go[DRU] 0.0870695907163 0.316604262673
2017-08-17 09:31:33,118 INFO     [task] go[RD] 0.126814437651 4.93802775172e-05
2017-08-17 09:31:33,118 INFO     [task] go[LUR] 0.117855688314 0.0715144544932
2017-08-17 09:31:33,118 INFO     [task] go[RDD] 0.126814437651 0.0
2017-08-17 09:31:33,118 INFO     [task] go[UR] 0.0173432557541 0.870050395968
2017-08-17 09:31:33,118 INFO     
2017-08-17 09:31:33,118 INFO     [rollout0] [0, 4, 2, 4, 4, 5]
2017-08-17 09:31:33,118 INFO     [rollout1] [0, 4, 1, 1, 3, 5]
2017-08-17 09:31:33,118 INFO     [rollout2] [1, 3, 1, 5]
2017-08-17 09:31:33,118 INFO     [reward] 0.0657303370787
2017-08-17 09:31:33,118 INFO     [error] [  5.48353288e-06   2.30385731e-05]
2017-08-17 09:31:33,118 INFO     
2017-08-17 09:31:33,119 INFO     [min reward] 0.0
2017-08-17 09:31:33,119 INFO     
2017-08-17 09:31:33,119 INFO     [max steps] 1
2017-08-17 09:42:42,231 INFO     [step] 2753000
2017-08-17 09:42:42,231 INFO     [task] go[LL] 0.126685153698 0.0
2017-08-17 09:42:42,231 INFO     [task] go[URU] 0.126685153698 0.0
2017-08-17 09:42:42,231 INFO     [task] go[LLD] 0.126685153698 0.0
2017-08-17 09:42:42,231 INFO     [task] go[LD] 0.017720313797 0.873103958565
2017-08-17 09:42:42,231 INFO     [task] go[UL] 0.126617865753 0.00890553053686
2017-08-17 09:42:42,231 INFO     [task] go[DRU] 0.0869732134224 0.317202714665
2017-08-17 09:42:42,231 INFO     [task] go[RD] 0.126678959888 9.98402555911e-05
2017-08-17 09:42:42,231 INFO     [task] go[LUR] 0.117715035223 0.0689881375389
2017-08-17 09:42:42,231 INFO     [task] go[RDD] 0.126685153698 0.0
2017-08-17 09:42:42,231 INFO     [task] go[UR] 0.0175539971254 0.869420877905
2017-08-17 09:42:42,231 INFO     
2017-08-17 09:42:42,232 INFO     [rollout0] [0, 1, 0, 5]
2017-08-17 09:42:42,232 INFO     [rollout1] [2, 5]
2017-08-17 09:42:42,232 INFO     [rollout2] [3, 3, 3, 5]
2017-08-17 09:42:42,232 INFO     [reward] 0.0671181001284
2017-08-17 09:42:42,232 INFO     [error] [ -2.98900504e-05   5.06081936e-05]
2017-08-17 09:42:42,232 INFO     
2017-08-17 09:42:42,232 INFO     [min reward] 0.0
2017-08-17 09:42:42,232 INFO     
2017-08-17 09:42:42,232 INFO     [max steps] 1
2017-08-17 09:53:30,362 INFO     [step] 2897300
2017-08-17 09:53:30,363 INFO     [task] go[LL] 0.126848105617 0.0
2017-08-17 09:53:30,363 INFO     [task] go[URU] 0.126848105617 0.0
2017-08-17 09:53:30,363 INFO     [task] go[LLD] 0.126848105617 0.0
2017-08-17 09:53:30,363 INFO     [task] go[LD] 0.0171930727946 0.879296235679
2017-08-17 09:53:30,363 INFO     [task] go[UL] 0.125729640589 0.184822454451
2017-08-17 09:53:30,363 INFO     [task] go[DRU] 0.0870099239814 0.324537841681
2017-08-17 09:53:30,363 INFO     [task] go[RD] 0.126835566461 5.45048236769e-05
2017-08-17 09:53:30,363 INFO     [task] go[LUR] 0.118183734769 0.066419578774
2017-08-17 09:53:30,363 INFO     [task] go[RDD] 0.126848105617 0.0
2017-08-17 09:53:30,363 INFO     [task] go[UR] 0.0176556389377 0.887567152724
2017-08-17 09:53:30,363 INFO     
2017-08-17 09:53:30,363 INFO     [rollout0] [5]
2017-08-17 09:53:30,363 INFO     [rollout1] [5]
2017-08-17 09:53:30,363 INFO     [rollout2] [1, 4, 0, 0, 1, 5]
2017-08-17 09:53:30,363 INFO     [reward] 0.0906306306306
2017-08-17 09:53:30,363 INFO     [error] [  1.28765192e-05   3.71055372e-05]
2017-08-17 09:53:30,364 INFO     
2017-08-17 09:53:30,364 INFO     [min reward] 0.0
2017-08-17 09:53:30,364 INFO     
2017-08-17 09:53:30,364 INFO     [max steps] 1
2017-08-17 10:03:35,144 INFO     [step] 3026800
2017-08-17 10:03:35,144 INFO     [task] go[LL] 0.130199903241 0.0
2017-08-17 10:03:35,144 INFO     [task] go[URU] 0.130199903241 0.0
2017-08-17 10:03:35,144 INFO     [task] go[LLD] 0.130199903241 0.0
2017-08-17 10:03:35,144 INFO     [task] go[LD] 0.0168491262057 0.876384581303
2017-08-17 10:03:35,144 INFO     [task] go[UL] 0.106374293651 0.543888609775
2017-08-17 10:03:35,144 INFO     [task] go[DRU] 0.0883634719688 0.3179658631
2017-08-17 10:03:35,144 INFO     [task] go[RD] 0.130192876981 5.90493061707e-05
2017-08-17 10:03:35,144 INFO     [task] go[LUR] 0.121637702519 0.068530207394
2017-08-17 10:03:35,144 INFO     [task] go[RDD] 0.130199903241 0.0
2017-08-17 10:03:35,144 INFO     [task] go[UR] 0.0157829157117 0.888077858881
2017-08-17 10:03:35,144 INFO     
2017-08-17 10:03:35,144 INFO     [rollout0] [5]
2017-08-17 10:03:35,145 INFO     [rollout1] [4, 1, 4, 1, 1, 1, 3, 3, 3, 0, 1, 2, 0, 2, 4, 1, 2, 4, 5]
2017-08-17 10:03:35,145 INFO     [rollout2] [3, 3, 3, 5]
2017-08-17 10:03:35,145 INFO     [reward] 0.124015444015
2017-08-17 10:03:35,145 INFO     [error] [ -8.60806927e-06   2.96630723e-05]
2017-08-17 10:03:35,145 INFO     
2017-08-17 10:03:35,145 INFO     [min reward] 0.0
2017-08-17 10:03:35,145 INFO     
