2016-11-02 18:58:07,524 INFO     BEGIN
2016-11-02 18:58:07,524 INFO     struct {
    trainer:
        improvement_threshold: 0.8
        use_curriculum: True
        name: 'CurriculumTrainer'
        max_timesteps: 100
        hints: 'resources/craft/hints.yaml'
    name: 'craft_joint-feat-plan'
    recipes: 'resources/craft/recipes.yaml'
    world:
        name: 'CraftWorld'
    model:
        baseline: 'state'
        use_args: False
        name: 'ModularACModel'
        max_subtask_timesteps: 15
        featurize_plan: True
    experiment_dir: 'experiments/craft_joint-feat-plan'
}
2016-11-02 18:59:04,568 INFO     [max steps] 1
2016-11-02 18:59:04,568 INFO     [min reward] inf
2016-11-02 18:59:04,568 INFO     
2016-11-02 18:59:29,826 INFO     [max steps] 2
2016-11-02 19:08:15,378 INFO     [step] 64500
2016-11-02 19:08:15,379 INFO     [task] make[cloth] 0.25 0.0118129514016
2016-11-02 19:08:15,379 INFO     [task] make[stick] 0.25 0.00943455170259
2016-11-02 19:08:15,379 INFO     [task] make[plank] 0.25 0.0122284295469
2016-11-02 19:08:15,379 INFO     [task] make[rope] 0.25 0.0127126565713
2016-11-02 19:08:15,379 INFO     
2016-11-02 19:08:15,379 INFO     [rollout0] [4, 3, 4, 5, 0, 2, 3, 4, 2, 1, 2, 4, 4, 2, 4, 3, 1, 3, 6]
2016-11-02 19:08:15,379 INFO     [rollout1] [4, 1, 5, 2, 2, 3, 4, 0, 3, 1, 0, 2, 3, 2, 3, 0, 1, 6]
2016-11-02 19:08:15,379 INFO     [rollout2] [4, 1, 1, 4, 0, 4, 0, 4, 5, 3, 4, 4, 3, 0, 0, 4, 3, 4, 3, 4, 0, 4, 4, 6]
2016-11-02 19:08:15,380 INFO     [reward] 0.0115503875969
2016-11-02 19:08:15,380 INFO     [error] [  1.68419594e-05   4.32401054e-06]
2016-11-02 19:08:15,380 INFO     
2016-11-02 19:08:15,380 INFO     [min reward] 0.00943455170259
2016-11-02 19:08:15,380 INFO     
2016-11-02 19:08:15,380 INFO     [max steps] 2
2016-11-02 19:17:42,255 INFO     [step] 165000
2016-11-02 19:17:42,255 INFO     [task] make[cloth] 0.249933446007 0.0128466802737
2016-11-02 19:17:42,256 INFO     [task] make[stick] 0.250528967291 0.00910034325856
2016-11-02 19:17:42,256 INFO     [task] make[plank] 0.24982941552 0.0201855317116
2016-11-02 19:17:42,256 INFO     [task] make[rope] 0.249708171181 0.0194933312288
2016-11-02 19:17:42,256 INFO     
2016-11-02 19:17:42,256 INFO     [rollout0] [1, 1, 3, 4, 5, 4, 0, 1, 4, 0, 1, 5]
2016-11-02 19:17:42,256 INFO     [rollout1] [3, 4, 4, 4, 4, 0, 4, 2, 1, 2, 4, 1, 4, 4, 6, 4, 4, 1, 0, 3, 4, 4, 4, 4, 4, 4, 0, 4, 4, 6]
2016-11-02 19:17:42,256 INFO     [rollout2] [0, 3, 4, 4, 1, 0, 4, 1, 3, 1, 3, 2, 1, 1, 6, 0, 4, 4, 4, 2, 0, 3, 0, 0, 4, 4, 5]
2016-11-02 19:17:42,256 INFO     [reward] 0.0154228855721
2016-11-02 19:17:42,257 INFO     [error] [  8.74406576e-07   8.12932651e-06]
2016-11-02 19:17:42,257 INFO     
2016-11-02 19:17:42,257 INFO     [min reward] 0.00910034325856
2016-11-02 19:17:42,257 INFO     
2016-11-02 19:17:42,257 INFO     [max steps] 2
2016-11-02 19:27:48,730 INFO     [step] 252300
2016-11-02 19:27:48,730 INFO     [task] make[cloth] 0.250643426503 0.0377556132441
2016-11-02 19:27:48,730 INFO     [task] make[stick] 0.251585101898 0.0210531165062
2016-11-02 19:27:48,730 INFO     [task] make[plank] 0.248798740401 0.117094408799
2016-11-02 19:27:48,730 INFO     [task] make[rope] 0.248972731198 0.123166483315
2016-11-02 19:27:48,730 INFO     
2016-11-02 19:27:48,730 INFO     [rollout0] [5, 2, 4, 1, 2, 2, 4, 1, 2, 3, 4, 3, 1, 4, 1, 6]
2016-11-02 19:27:48,730 INFO     [rollout1] [1, 4, 3, 1, 1, 4, 3, 4, 1, 3, 3, 4, 0, 3, 6, 4, 4, 0, 4, 4, 4, 3, 1, 0, 3, 0, 3, 0, 4, 6]
2016-11-02 19:27:48,730 INFO     [rollout2] [0, 2, 1, 4, 1, 0, 0, 0, 4, 0, 4, 0, 4, 3, 6, 4, 0, 4, 4, 0, 4, 5]
2016-11-02 19:27:48,731 INFO     [reward] 0.0747766323024
2016-11-02 19:27:48,731 INFO     [error] [  1.32547907e-05   3.38341432e-05]
2016-11-02 19:27:48,731 INFO     
2016-11-02 19:27:48,731 INFO     [min reward] 0.0210531165062
2016-11-02 19:27:48,731 INFO     
2016-11-02 19:27:48,731 INFO     [max steps] 2
2016-11-02 19:37:50,695 INFO     [step] 333000
2016-11-02 19:37:50,695 INFO     [task] make[cloth] 0.259893739921 0.0481661095155
2016-11-02 19:37:50,696 INFO     [task] make[stick] 0.264358537457 0.0233712706665
2016-11-02 19:37:50,696 INFO     [task] make[plank] 0.238685434089 0.303055497818
2016-11-02 19:37:50,696 INFO     [task] make[rope] 0.237062288533 0.323757023216
2016-11-02 19:37:50,696 INFO     
2016-11-02 19:37:50,696 INFO     [rollout0] [2, 4, 0, 3, 3, 3, 4, 4, 4, 4, 3, 3, 0, 0, 6, 3, 3, 4, 5]
2016-11-02 19:37:50,696 INFO     [rollout1] [4, 0, 1, 3, 3, 0, 0, 4, 0, 2, 1, 4, 3, 0, 6, 4, 5]
2016-11-02 19:37:50,697 INFO     [rollout2] [4, 3, 1, 3, 1, 4, 4, 3, 4, 4, 3, 4, 4, 4, 6, 3, 4, 4, 4, 4, 4, 3, 4, 4, 3, 4, 4, 4, 4, 6]
2016-11-02 19:37:50,697 INFO     [reward] 0.166815365551
2016-11-02 19:37:50,697 INFO     [error] [ -1.43104830e-05   5.90792290e-05]
2016-11-02 19:37:50,697 INFO     
2016-11-02 19:37:50,697 INFO     [min reward] 0.0233712706665
2016-11-02 19:37:50,697 INFO     
2016-11-02 19:37:50,697 INFO     [max steps] 2
2016-11-02 19:48:51,794 INFO     [step] 426200
2016-11-02 19:48:51,795 INFO     [task] make[cloth] 0.287832017731 0.0502452802141
2016-11-02 19:48:51,795 INFO     [task] make[stick] 0.295251956419 0.026070560934
2016-11-02 19:48:51,795 INFO     [task] make[plank] 0.211555513379 0.373137364593
2016-11-02 19:48:51,795 INFO     [task] make[rope] 0.205360512471 0.408661417323
2016-11-02 19:48:51,795 INFO     
2016-11-02 19:48:51,795 INFO     [rollout0] [0, 4, 3, 0, 2, 0, 2, 0, 0, 0, 2, 5, 5]
2016-11-02 19:48:51,796 INFO     [rollout1] [4, 3, 1, 4, 4, 1, 1, 3, 4, 3, 3, 3, 4, 5, 5]
2016-11-02 19:48:51,796 INFO     [rollout2] [3, 0, 3, 3, 4, 0, 0, 4, 3, 0, 4, 4, 4, 4, 6, 4, 3, 0, 3, 4, 5]
2016-11-02 19:48:51,796 INFO     [reward] 0.184474248927
2016-11-02 19:48:51,796 INFO     [error] [  2.97524053e-05   4.60904862e-05]
2016-11-02 19:48:51,796 INFO     
2016-11-02 19:48:51,796 INFO     [min reward] 0.026070560934
2016-11-02 19:48:51,796 INFO     
2016-11-02 19:48:51,796 INFO     [max steps] 2
2016-11-02 20:00:08,955 INFO     [step] 525100
2016-11-02 20:00:08,956 INFO     [task] make[cloth] 0.301630827667 0.0604756742106
2016-11-02 20:00:08,956 INFO     [task] make[stick] 0.309228436134 0.0292977024605
2016-11-02 20:00:08,956 INFO     [task] make[plank] 0.200152601355 0.451829422155
2016-11-02 20:00:08,957 INFO     [task] make[rope] 0.188988134845 0.47309891972
2016-11-02 20:00:08,957 INFO     
2016-11-02 20:00:08,957 INFO     [rollout0] [3, 4, 0, 4, 2, 0, 0, 2, 2, 4, 4, 0, 4, 2, 6, 4, 5]
2016-11-02 20:00:08,957 INFO     [rollout1] [0, 3, 4, 0, 2, 1, 0, 3, 2, 0, 4, 2, 2, 0, 6, 4, 3, 0, 2, 4, 5]
2016-11-02 20:00:08,957 INFO     [rollout2] [2, 2, 4, 4, 5, 4, 4, 4, 5]
2016-11-02 20:00:08,957 INFO     [reward] 0.207997977755
2016-11-02 20:00:08,957 INFO     [error] [ -5.42859454e-05   3.41038020e-05]
2016-11-02 20:00:08,957 INFO     
2016-11-02 20:00:08,958 INFO     [min reward] 0.0292977024605
2016-11-02 20:00:08,958 INFO     
2016-11-02 20:00:08,958 INFO     [max steps] 2
2016-11-02 20:11:03,531 INFO     [step] 625000
2016-11-02 20:11:03,531 INFO     [task] make[cloth] 0.313861390664 0.085633426609
2016-11-02 20:11:03,531 INFO     [task] make[stick] 0.324167141981 0.0391533738546
2016-11-02 20:11:03,531 INFO     [task] make[plank] 0.184501006485 0.52607101822
2016-11-02 20:11:03,531 INFO     [task] make[rope] 0.17747046087 0.52538842603
2016-11-02 20:11:03,532 INFO     
2016-11-02 20:11:03,532 INFO     [rollout0] [1, 4, 2, 4, 4, 4, 1, 2, 2, 4, 4, 2, 4, 3, 6, 0, 4, 4, 5]
2016-11-02 20:11:03,532 INFO     [rollout1] [2, 4, 4, 4, 4, 4, 2, 5, 1, 3, 0, 4, 2, 1, 3, 4, 4, 3, 4, 4, 4, 4, 6]
2016-11-02 20:11:03,532 INFO     [rollout2] [3, 0, 3, 4, 3, 0, 2, 1, 2, 4, 1, 5, 4, 2, 4, 4, 1, 3, 3, 4, 5]
2016-11-02 20:11:03,532 INFO     [reward] 0.229329329329
2016-11-02 20:11:03,532 INFO     [error] [ -1.20697565e-05   3.70112765e-05]
2016-11-02 20:11:03,532 INFO     
2016-11-02 20:11:03,532 INFO     [min reward] 0.0391533738546
2016-11-02 20:11:03,532 INFO     
2016-11-02 20:11:03,532 INFO     [max steps] 2
2016-11-02 20:22:00,666 INFO     [step] 724800
2016-11-02 20:22:00,666 INFO     [task] make[cloth] 0.322781444349 0.152366632209
2016-11-02 20:22:00,666 INFO     [task] make[stick] 0.339011908532 0.0648145411556
2016-11-02 20:22:00,666 INFO     [task] make[plank] 0.168984145682 0.557025279248
2016-11-02 20:22:00,666 INFO     [task] make[rope] 0.169222501437 0.580554250822
2016-11-02 20:22:00,666 INFO     
2016-11-02 20:22:00,667 INFO     [rollout0] [2, 0, 3, 4, 0, 4, 5, 5]
2016-11-02 20:22:00,667 INFO     [rollout1] [2, 4, 1, 2, 4, 0, 3, 1, 4, 3, 4, 3, 0, 2, 6, 4, 1, 4, 3, 0, 2, 4, 1, 2, 0, 2, 4, 5]
2016-11-02 20:22:00,667 INFO     [rollout2] [1, 3, 3, 3, 4, 0, 3, 0, 3, 4, 4, 4, 4, 4, 6, 4, 4, 4, 4, 4, 4, 4, 0, 4, 3, 4, 5]
2016-11-02 20:22:00,667 INFO     [reward] 0.264729458918
2016-11-02 20:22:00,667 INFO     [error] [ -1.29665260e-05   5.55269744e-05]
2016-11-02 20:22:00,667 INFO     
2016-11-02 20:22:00,667 INFO     [min reward] 0.0648145411556
2016-11-02 20:22:00,667 INFO     
2016-11-02 20:22:00,667 INFO     [max steps] 2
2016-11-02 20:33:06,462 INFO     [step] 824600
2016-11-02 20:33:06,463 INFO     [task] make[cloth] 0.319388059339 0.254236757197
2016-11-02 20:33:06,463 INFO     [task] make[stick] 0.351993008613 0.114791107047
2016-11-02 20:33:06,463 INFO     [task] make[plank] 0.168690634511 0.573654475171
2016-11-02 20:33:06,463 INFO     [task] make[rope] 0.159928297537 0.588685586258
2016-11-02 20:33:06,464 INFO     
2016-11-02 20:33:06,464 INFO     [rollout0] [2, 4, 0, 2, 0, 2, 0, 4, 2, 4, 0, 2, 4, 5, 5]
2016-11-02 20:33:06,464 INFO     [rollout1] [2, 0, 2, 0, 4, 0, 4, 2, 0, 2, 0, 4, 2, 0, 6, 4, 2, 4, 4, 2, 2, 4, 5]
2016-11-02 20:33:06,464 INFO     [rollout2] [2, 4, 0, 3, 4, 0, 1, 3, 4, 5, 5]
2016-11-02 20:33:06,464 INFO     [reward] 0.313006012024
2016-11-02 20:33:06,464 INFO     [error] [ -1.13145429e-06   6.19300017e-05]
2016-11-02 20:33:06,464 INFO     
2016-11-02 20:33:06,464 INFO     [min reward] 0.114791107047
2016-11-02 20:33:06,465 INFO     
2016-11-02 20:33:06,465 INFO     [max steps] 2
2016-11-02 20:44:10,474 INFO     [step] 924500
2016-11-02 20:44:10,474 INFO     [task] make[cloth] 0.301265080096 0.375887470418
2016-11-02 20:44:10,475 INFO     [task] make[stick] 0.356851410023 0.189284108788
2016-11-02 20:44:10,475 INFO     [task] make[plank] 0.173937632901 0.601365305186
2016-11-02 20:44:10,475 INFO     [task] make[rope] 0.167945876979 0.59762962963
2016-11-02 20:44:10,475 INFO     
2016-11-02 20:44:10,475 INFO     [rollout0] [4, 2, 4, 0, 2, 0, 3, 0, 0, 0, 2, 1, 2, 1, 6, 4, 2, 3, 0, 2, 1, 4, 4, 4, 4, 2, 4, 0, 4, 6]
2016-11-02 20:44:10,475 INFO     [rollout1] [0, 0, 4, 3, 0, 3, 4, 0, 0, 4, 2, 0, 4, 3, 6, 1, 1, 4, 4, 4, 1, 1, 4, 5]
2016-11-02 20:44:10,475 INFO     [rollout2] [3, 0, 4, 0, 4, 1, 3, 1, 0, 3, 3, 1, 3, 0, 6, 4, 0, 2, 3, 0, 3, 0, 0, 4, 0, 3, 0, 4, 5]
2016-11-02 20:44:10,475 INFO     [reward] 0.386206206206
2016-11-02 20:44:10,475 INFO     [error] [ -1.90910033e-05   7.63287580e-05]
2016-11-02 20:44:10,476 INFO     
2016-11-02 20:44:10,476 INFO     [min reward] 0.189284108788
2016-11-02 20:44:10,476 INFO     
2016-11-02 20:44:10,476 INFO     [max steps] 2
2016-11-02 20:55:16,958 INFO     [step] 1024500
2016-11-02 20:55:16,959 INFO     [task] make[cloth] 0.278628701743 0.524613726195
2016-11-02 20:55:16,959 INFO     [task] make[stick] 0.360622117685 0.348839146856
2016-11-02 20:55:16,959 INFO     [task] make[plank] 0.179553863379 0.630041336164
2016-11-02 20:55:16,959 INFO     [task] make[rope] 0.181195317193 0.629518072289
2016-11-02 20:55:16,959 INFO     
2016-11-02 20:55:16,959 INFO     [rollout0] [2, 4, 3, 2, 2, 1, 4, 3, 3, 2, 2, 0, 2, 4, 6, 0, 3, 4, 2, 4, 0, 3, 2, 3, 4, 5]
2016-11-02 20:55:16,959 INFO     [rollout1] [2, 2, 4, 2, 1, 2, 3, 0, 2, 1, 3, 0, 2, 1, 6, 3, 0, 2, 1, 3, 5]
2016-11-02 20:55:16,959 INFO     [rollout2] [2, 3, 1, 2, 2, 4, 4, 4, 4, 2, 4, 4, 2, 3, 6, 1, 2, 1, 2, 0, 3, 0, 2, 1, 2, 0, 3, 1, 3, 6]
2016-11-02 20:55:16,959 INFO     [reward] 0.49935
2016-11-02 20:55:16,960 INFO     [error] [ -4.77854581e-05   8.67246876e-05]
2016-11-02 20:55:16,960 INFO     
2016-11-02 20:55:16,960 INFO     [min reward] 0.348839146856
2016-11-02 20:55:16,960 INFO     
2016-11-02 20:55:16,960 INFO     [max steps] 2
2016-11-02 21:06:08,216 INFO     [step] 1124500
2016-11-02 21:06:08,217 INFO     [task] make[cloth] 0.254530361731 0.663710215455
2016-11-02 21:06:08,217 INFO     [task] make[stick] 0.346704305817 0.574107840583
2016-11-02 21:06:08,217 INFO     [task] make[plank] 0.19924546978 0.656094994739
2016-11-02 21:06:08,217 INFO     [task] make[rope] 0.199519862672 0.666000299865
2016-11-02 21:06:08,217 INFO     
2016-11-02 21:06:08,217 INFO     [rollout0] [3, 3, 3, 3, 3, 4, 1, 3, 1, 4, 5, 5]
2016-11-02 21:06:08,217 INFO     [rollout1] [1, 2, 1, 1, 1, 1, 1, 1, 1, 2, 1, 3, 3, 3, 6, 3, 3, 3, 4, 3, 4, 0, 3, 1, 1, 1, 1, 3, 1, 6]
2016-11-02 21:06:08,218 INFO     [rollout2] [1, 4, 3, 1, 3, 0, 3, 1, 1, 4, 2, 4, 1, 4, 6, 5]
2016-11-02 21:06:08,218 INFO     [reward] 0.63169
2016-11-02 21:06:08,218 INFO     [error] [ -2.39348349e-05   1.00186409e-04]
2016-11-02 21:06:08,218 INFO     
2016-11-02 21:06:08,218 INFO     [min reward] 0.574107840583
2016-11-02 21:06:08,218 INFO     
2016-11-02 21:06:08,218 INFO     [max steps] 2
2016-11-02 21:16:28,315 INFO     [step] 1224500
2016-11-02 21:16:28,315 INFO     [task] make[cloth] 0.233965886184 0.724534454647
2016-11-02 21:16:28,316 INFO     [task] make[stick] 0.294504487022 0.706049053676
2016-11-02 21:16:28,316 INFO     [task] make[plank] 0.239111004355 0.68327016784
2016-11-02 21:16:28,316 INFO     [task] make[rope] 0.23241862244 0.692995399705
2016-11-02 21:16:28,316 INFO     
2016-11-02 21:16:28,316 INFO     [rollout0] [1, 4, 0, 0, 2, 1, 3, 4, 5, 5]
2016-11-02 21:16:28,316 INFO     [rollout1] [2, 0, 2, 4, 0, 2, 4, 5, 5]
2016-11-02 21:16:28,316 INFO     [rollout2] [3, 0, 2, 0, 0, 3, 4, 1, 0, 0, 5, 2, 2, 0, 2, 2, 4, 2, 0, 0, 4, 0, 1, 2, 0, 6]
2016-11-02 21:16:28,316 INFO     [reward] 0.70188
2016-11-02 21:16:28,316 INFO     [error] [ -4.22165546e-05   8.95460651e-05]
2016-11-02 21:16:28,317 INFO     
2016-11-02 21:16:28,317 INFO     [min reward] 0.68327016784
2016-11-02 21:16:28,317 INFO     
2016-11-02 21:16:28,317 INFO     [max steps] 2
2016-11-02 21:26:24,724 INFO     [step] 1324500
2016-11-02 21:26:24,724 INFO     [task] make[cloth] 0.23149278792 0.768327691846
2016-11-02 21:26:24,725 INFO     [task] make[stick] 0.246483167937 0.752208426623
2016-11-02 21:26:24,725 INFO     [task] make[plank] 0.264955266842 0.71634304822
2016-11-02 21:26:24,725 INFO     [task] make[rope] 0.257068777302 0.725900927111
2016-11-02 21:26:24,725 INFO     
2016-11-02 21:26:24,725 INFO     [rollout0] [3, 1, 3, 3, 4, 1, 2, 3, 1, 3, 2, 3, 4, 5, 5]
2016-11-02 21:26:24,725 INFO     [rollout1] [2, 1, 4, 2, 2, 4, 2, 1, 4, 1, 2, 4, 2, 4, 6, 0, 1, 2, 0, 0, 2, 1, 4, 5]
2016-11-02 21:26:24,725 INFO     [rollout2] [3, 0, 3, 3, 3, 1, 4, 3, 3, 4, 5, 5]
2016-11-02 21:26:24,725 INFO     [reward] 0.73975
2016-11-02 21:26:24,725 INFO     [error] [ -3.17954938e-05   8.92013121e-05]
2016-11-02 21:26:24,725 INFO     
2016-11-02 21:26:24,725 INFO     [min reward] 0.71634304822
2016-11-02 21:26:24,725 INFO     
2016-11-02 21:26:24,726 INFO     [max steps] 2
2016-11-02 21:36:03,963 INFO     [step] 1424500
2016-11-02 21:36:03,963 INFO     [task] make[cloth] 0.224348163976 0.794290252835
2016-11-02 21:36:03,963 INFO     [task] make[stick] 0.239311928691 0.786486600194
2016-11-02 21:36:03,963 INFO     [task] make[plank] 0.272606317513 0.74218027022
2016-11-02 21:36:03,964 INFO     [task] make[rope] 0.263733589821 0.756035099612
2016-11-02 21:36:03,964 INFO     
2016-11-02 21:36:03,964 INFO     [rollout0] [0, 0, 0, 3, 4, 0, 0, 3, 0, 3, 0, 4, 2, 2, 6, 0, 4, 4, 1, 3, 0, 3, 2, 1, 3, 0, 2, 2, 3, 6]
2016-11-02 21:36:03,964 INFO     [rollout1] [3, 3, 3, 3, 0, 3, 4, 0, 1, 4, 5, 5]
2016-11-02 21:36:03,964 INFO     [rollout2] [2, 4, 2, 1, 1, 1, 2, 1, 4, 2, 4, 2, 1, 4, 6, 4, 5]
2016-11-02 21:36:03,964 INFO     [reward] 0.7682
2016-11-02 21:36:03,964 INFO     [error] [ -4.79490734e-05   1.04578349e-04]
2016-11-02 21:36:03,964 INFO     
2016-11-02 21:36:03,964 INFO     [min reward] 0.74218027022
2016-11-02 21:36:03,965 INFO     
2016-11-02 21:36:03,965 INFO     [max steps] 2
2016-11-02 21:45:32,131 INFO     [step] 1524500
2016-11-02 21:45:32,132 INFO     [task] make[cloth] 0.224462020284 0.8256141764
2016-11-02 21:45:32,132 INFO     [task] make[stick] 0.232582300709 0.814095710559
2016-11-02 21:45:32,132 INFO     [task] make[plank] 0.278686329238 0.776209895702
2016-11-02 21:45:32,132 INFO     [task] make[rope] 0.264269349769 0.782425360491
2016-11-02 21:45:32,132 INFO     
2016-11-02 21:45:32,132 INFO     [rollout0] [1, 2, 1, 2, 4, 2, 1, 1, 2, 4, 5, 5]
2016-11-02 21:45:32,132 INFO     [rollout1] [2, 1, 2, 4, 3, 1, 3, 3, 1, 2, 4, 4, 3, 4, 6, 5]
2016-11-02 21:45:32,132 INFO     [rollout2] [2, 0, 4, 3, 4, 1, 2, 4, 5, 5]
2016-11-02 21:45:32,133 INFO     [reward] 0.79776
2016-11-02 21:45:32,133 INFO     [error] [ -6.27962341e-05   8.79546132e-05]
2016-11-02 21:45:32,133 INFO     
2016-11-02 21:45:32,133 INFO     [min reward] 0.776209895702
2016-11-02 21:45:32,133 INFO     
2016-11-02 21:45:32,133 INFO     [max steps] 2
2016-11-02 21:54:53,106 INFO     [step] 1624500
2016-11-02 21:54:53,106 INFO     [task] make[cloth] 0.219075339612 0.836577822251
2016-11-02 21:54:53,106 INFO     [task] make[stick] 0.232760837589 0.830556035227
2016-11-02 21:54:53,106 INFO     [task] make[plank] 0.27777431853 0.805624483044
2016-11-02 21:54:53,106 INFO     [task] make[rope] 0.270389504269 0.806456384277
2016-11-02 21:54:53,106 INFO     
2016-11-02 21:54:53,107 INFO     [rollout0] [3, 0, 4, 3, 0, 3, 4, 0, 3, 4, 5, 5]
2016-11-02 21:54:53,107 INFO     [rollout1] [1, 4, 1, 2, 4, 2, 0, 0, 4, 0, 2, 0, 2, 4, 6, 5]
2016-11-02 21:54:53,107 INFO     [rollout2] [3, 3, 4, 1, 3, 0, 4, 5, 5]
2016-11-02 21:54:53,107 INFO     [reward] 0.81843
2016-11-02 21:54:53,107 INFO     [error] [ -5.78667259e-05   7.62348135e-05]
2016-11-02 21:54:53,107 INFO     
2016-11-02 21:54:53,107 INFO     [min reward] 0.805624483044
2016-11-02 21:54:53,107 INFO     
2016-11-02 21:55:19,475 INFO     [max steps] 3
2016-11-02 22:05:43,875 INFO     [step] 1724500
2016-11-02 22:05:43,876 INFO     [task] make[cloth] 0.2 0.840667829554
2016-11-02 22:05:43,876 INFO     [task] make[stick] 0.2 0.846367882341
2016-11-02 22:05:43,876 INFO     [task] make[bridge] 0.2 0.116549648947
2016-11-02 22:05:43,876 INFO     [task] make[plank] 0.2 0.831729570723
2016-11-02 22:05:43,876 INFO     [task] make[rope] 0.2 0.834847567131
2016-11-02 22:05:43,876 INFO     
2016-11-02 22:05:43,877 INFO     [rollout0] [2, 1, 3, 1, 3, 1, 4, 2, 4, 5, 5, 5]
2016-11-02 22:05:43,877 INFO     [rollout1] [2, 1, 2, 1, 3, 2, 4, 1, 1, 3, 4, 3, 1, 4, 6, 1, 4, 5, 5]
2016-11-02 22:05:43,877 INFO     [rollout2] [3, 4, 2, 2, 2, 4, 0, 4, 5, 5, 5]
2016-11-02 22:05:43,877 INFO     [reward] 0.69448
2016-11-02 22:05:43,877 INFO     [error] [ -3.40959472e-05   7.03747525e-05]
2016-11-02 22:05:43,877 INFO     
2016-11-02 22:05:43,877 INFO     [min reward] 0.116549648947
2016-11-02 22:05:43,877 INFO     
2016-11-02 22:05:43,878 INFO     [max steps] 3
2016-11-02 22:16:37,425 INFO     [step] 1824400
2016-11-02 22:16:37,425 INFO     [task] make[cloth] 0.107183283285 0.840934579439
2016-11-02 22:16:37,425 INFO     [task] make[stick] 0.103575283865 0.838109161793
2016-11-02 22:16:37,425 INFO     [task] make[bridge] 0.565533069266 0.36580843399
2016-11-02 22:16:37,426 INFO     [task] make[plank] 0.112840991007 0.865136553687
2016-11-02 22:16:37,426 INFO     [task] make[rope] 0.110867372578 0.811218498781
2016-11-02 22:16:37,426 INFO     
2016-11-02 22:16:37,426 INFO     [rollout0] [3, 0, 3, 4, 1, 1, 1, 2, 2, 1, 1, 4, 3, 4, 6, 0, 3, 0, 3, 0, 0, 2, 0, 0, 3, 4, 5, 5]
2016-11-02 22:16:37,426 INFO     [rollout1] [3, 1, 2, 4, 1, 0, 3, 1, 1, 4, 3, 0, 4, 5, 5, 5]
2016-11-02 22:16:37,426 INFO     [rollout2] [1, 3, 1, 2, 1, 1, 2, 0, 1, 2, 1, 2, 0, 1, 6, 2, 0, 1, 2, 0, 0, 2, 1, 1, 2, 0, 0, 2, 1, 6]
2016-11-02 22:16:37,426 INFO     [reward] 0.570750750751
2016-11-02 22:16:37,426 INFO     [error] [ -2.85240110e-05   7.22630507e-05]
2016-11-02 22:16:37,426 INFO     
2016-11-02 22:16:37,426 INFO     [min reward] 0.36580843399
2016-11-02 22:16:37,427 INFO     
2016-11-02 22:16:37,427 INFO     [max steps] 3
2016-11-02 22:27:34,967 INFO     [step] 1924400
2016-11-02 22:27:34,968 INFO     [task] make[cloth] 0.127232345091 0.826435246996
2016-11-02 22:27:34,968 INFO     [task] make[stick] 0.129358649286 0.8272692455
2016-11-02 22:27:34,968 INFO     [task] make[bridge] 0.48479460412 0.622391752577
2016-11-02 22:27:34,968 INFO     [task] make[plank] 0.109018839755 0.867821919071
2016-11-02 22:27:34,968 INFO     [task] make[rope] 0.149595561747 0.795196124605
2016-11-02 22:27:34,968 INFO     
2016-11-02 22:27:34,968 INFO     [rollout0] [2, 1, 2, 4, 1, 4, 2, 4, 2, 4, 2, 1, 2, 2, 6, 0, 4, 5, 5]
2016-11-02 22:27:34,968 INFO     [rollout1] [0, 3, 4, 0, 2, 4, 2, 4, 0, 2, 4, 5, 5, 5]
2016-11-02 22:27:34,968 INFO     [rollout2] [2, 1, 4, 2, 4, 1, 4, 1, 4, 2, 0, 4, 3, 1, 6, 1, 4, 1, 1, 3, 4, 5, 5]
2016-11-02 22:27:34,968 INFO     [reward] 0.72743
2016-11-02 22:27:34,969 INFO     [error] [ -5.41874458e-05   8.39713881e-05]
2016-11-02 22:27:34,969 INFO     
2016-11-02 22:27:34,969 INFO     [min reward] 0.622391752577
2016-11-02 22:27:34,969 INFO     
2016-11-02 22:27:34,969 INFO     [max steps] 3
2016-11-02 22:38:15,334 INFO     [step] 2024400
2016-11-02 22:38:15,334 INFO     [task] make[cloth] 0.165241798634 0.840110850051
2016-11-02 22:38:15,335 INFO     [task] make[stick] 0.164491047683 0.841275682306
2016-11-02 22:38:15,335 INFO     [task] make[bridge] 0.348918204183 0.698381263992
2016-11-02 22:38:15,335 INFO     [task] make[plank] 0.127986236108 0.870244201179
2016-11-02 22:38:15,335 INFO     [task] make[rope] 0.193362713391 0.838674378615
2016-11-02 22:38:15,335 INFO     
2016-11-02 22:38:15,335 INFO     [rollout0] [3, 4, 0, 0, 4, 3, 0, 3, 4, 1, 4, 0, 0, 3, 6, 4, 0, 4, 5, 5]
2016-11-02 22:38:15,335 INFO     [rollout1] [4, 4, 4, 2, 1, 1, 3, 4, 0, 0, 4, 5, 5]
2016-11-02 22:38:15,335 INFO     [rollout2] [2, 0, 1, 1, 2, 0, 3, 1, 3, 1, 2, 0, 1, 2, 6, 4, 4, 0, 2, 0, 1, 4, 2, 0, 3, 1, 4, 4, 3, 6]
2016-11-02 22:38:15,335 INFO     [reward] 0.79458
2016-11-02 22:38:15,335 INFO     [error] [ -4.63055028e-05   8.10950464e-05]
2016-11-02 22:38:15,336 INFO     
2016-11-02 22:38:15,336 INFO     [min reward] 0.698381263992
2016-11-02 22:38:15,336 INFO     
2016-11-02 22:38:15,336 INFO     [max steps] 3
2016-11-02 22:48:43,007 INFO     [step] 2124400
2016-11-02 22:48:43,008 INFO     [task] make[cloth] 0.176726040007 0.855781161873
2016-11-02 22:48:43,008 INFO     [task] make[stick] 0.175514331126 0.867567870765
2016-11-02 22:48:43,008 INFO     [task] make[bridge] 0.324159283999 0.741719181697
2016-11-02 22:48:43,008 INFO     [task] make[plank] 0.145380025158 0.887077836867
2016-11-02 22:48:43,008 INFO     [task] make[rope] 0.17822031971 0.856563380282
2016-11-02 22:48:43,008 INFO     
2016-11-02 22:48:43,008 INFO     [rollout0] [0, 3, 0, 4, 0, 4, 0, 0, 0, 0, 3, 4, 5, 5]
2016-11-02 22:48:43,008 INFO     [rollout1] [2, 4, 1, 2, 4, 1, 3, 4, 3, 3, 3, 3, 1, 3, 6, 4, 5, 5]
2016-11-02 22:48:43,008 INFO     [rollout2] [4, 2, 4, 1, 3, 4, 4, 0, 4, 0, 4, 3, 1, 4, 6, 5, 5]
2016-11-02 22:48:43,008 INFO     [reward] 0.82581
2016-11-02 22:48:43,008 INFO     [error] [ -6.21958516e-05   7.11543020e-05]
2016-11-02 22:48:43,009 INFO     
2016-11-02 22:48:43,009 INFO     [min reward] 0.741719181697
2016-11-02 22:48:43,009 INFO     
2016-11-02 22:48:43,009 INFO     [max steps] 3
2016-11-02 22:59:05,930 INFO     [step] 2224400
2016-11-02 22:59:05,931 INFO     [task] make[cloth] 0.183312215659 0.87153967477
2016-11-02 22:59:05,931 INFO     [task] make[stick] 0.169301944614 0.872234709571
2016-11-02 22:59:05,931 INFO     [task] make[bridge] 0.318891983748 0.767377492609
2016-11-02 22:59:05,931 INFO     [task] make[plank] 0.146111424201 0.898598067238
2016-11-02 22:59:05,931 INFO     [task] make[rope] 0.182382431778 0.874361929853
2016-11-02 22:59:05,931 INFO     
2016-11-02 22:59:05,931 INFO     [rollout0] [3, 0, 2, 0, 0, 4, 2, 1, 3, 1, 3, 4, 1, 2, 6, 4, 2, 0, 0, 3, 4, 5, 5]
2016-11-02 22:59:05,931 INFO     [rollout1] [2, 1, 4, 2, 4, 2, 2, 1, 1, 2, 1, 2, 1, 1, 6, 4, 0, 0, 4, 5, 5]
2016-11-02 22:59:05,931 INFO     [rollout2] [1, 1, 2, 1, 3, 1, 0, 3, 1, 4, 2, 0, 0, 2, 6, 1, 2, 0, 4, 5]
2016-11-02 22:59:05,931 INFO     [reward] 0.84303
2016-11-02 22:59:05,931 INFO     [error] [ -5.29937403e-05   8.78447933e-05]
2016-11-02 22:59:05,932 INFO     
2016-11-02 22:59:05,932 INFO     [min reward] 0.767377492609
2016-11-02 22:59:05,932 INFO     
2016-11-02 22:59:05,932 INFO     [max steps] 3
2016-11-02 23:09:23,463 INFO     [step] 2324400
2016-11-02 23:09:23,463 INFO     [task] make[cloth] 0.180784008182 0.880837004405
2016-11-02 23:09:23,463 INFO     [task] make[stick] 0.179876519507 0.885774546262
2016-11-02 23:09:23,463 INFO     [task] make[bridge] 0.316785832249 0.820186598813
2016-11-02 23:09:23,464 INFO     [task] make[plank] 0.145454576179 0.909862068966
2016-11-02 23:09:23,464 INFO     [task] make[rope] 0.177099063883 0.884905660377
2016-11-02 23:09:23,464 INFO     
2016-11-02 23:09:23,464 INFO     [rollout0] [4, 0, 2, 4, 2, 0, 4, 0, 4, 0, 2, 0, 4, 3, 6, 3, 3, 4, 3, 4, 0, 0, 3, 4, 5, 5]
2016-11-02 23:09:23,464 INFO     [rollout1] [3, 4, 3, 1, 1, 4, 1, 2, 4, 2, 1, 3, 2, 4, 6, 3, 2, 3, 0, 0, 0, 3, 3, 1, 0, 4, 5, 5]
2016-11-02 23:09:23,464 INFO     [rollout2] [3, 3, 3, 4, 3, 1, 4, 3, 4, 5, 5]
2016-11-02 23:09:23,464 INFO     [reward] 0.86734
2016-11-02 23:09:23,464 INFO     [error] [ -2.41674742e-05   7.41941845e-05]
2016-11-02 23:09:23,464 INFO     
2016-11-02 23:09:23,464 INFO     [min reward] 0.820186598813
2016-11-02 23:09:23,464 INFO     
2016-11-02 23:09:49,109 INFO     [max steps] 4
2016-11-02 23:21:52,774 INFO     [step] 2424400
2016-11-02 23:21:52,774 INFO     [task] make[cloth] 0.111111111111 0.888002128226
2016-11-02 23:21:52,774 INFO     [task] make[bed] 0.111111111111 0.0
2016-11-02 23:21:52,774 INFO     [task] make[stick] 0.111111111111 0.851861968497
2016-11-02 23:21:52,774 INFO     [task] make[bridge] 0.111111111111 0.819300164024
2016-11-02 23:21:52,774 INFO     [task] make[plank] 0.111111111111 0.915956691516
2016-11-02 23:21:52,774 INFO     [task] make[axe] 0.111111111111 0.0
2016-11-02 23:21:52,774 INFO     [task] get[gold] 0.111111111111 0.0
2016-11-02 23:21:52,774 INFO     [task] make[shears] 0.111111111111 0.185937222912
2016-11-02 23:21:52,775 INFO     [task] make[rope] 0.111111111111 0.890651917672
2016-11-02 23:21:52,775 INFO     
2016-11-02 23:21:52,775 INFO     [rollout0] [2, 4, 2, 2, 4, 2, 4, 1, 4, 5, 5, 5, 5]
2016-11-02 23:21:52,775 INFO     [rollout1] [3, 1, 1, 1, 1, 1, 2, 4, 1, 4, 3, 4, 0, 3, 6, 4, 5, 5]
2016-11-02 23:21:52,775 INFO     [rollout2] [4, 0, 4, 5, 5, 5, 5]
2016-11-02 23:21:52,775 INFO     [reward] 0.50602
2016-11-02 23:21:52,775 INFO     [error] [ -2.60762657e-05   2.99020089e-05]
2016-11-02 23:21:52,775 INFO     
2016-11-02 23:21:52,775 INFO     [min reward] 0.0
2016-11-02 23:21:52,775 INFO     
2016-11-02 23:21:52,775 INFO     [max steps] 4
2016-11-02 23:33:53,784 INFO     [step] 2517300
2016-11-02 23:33:53,784 INFO     [task] make[cloth] 0.0268819035959 0.887256847956
2016-11-02 23:33:53,784 INFO     [task] make[bed] 0.2225507891 0.0
2016-11-02 23:33:53,784 INFO     [task] make[stick] 0.0348452907898 0.79099270536
2016-11-02 23:33:53,785 INFO     [task] make[bridge] 0.0420201970075 0.833822352627
2016-11-02 23:33:53,785 INFO     [task] make[plank] 0.0207221906066 0.911307053942
2016-11-02 23:33:53,785 INFO     [task] make[axe] 0.2225507891 0.0
2016-11-02 23:33:53,785 INFO     [task] get[gold] 0.2225507891 0.0
2016-11-02 23:33:53,785 INFO     [task] make[shears] 0.181580021098 0.313697657913
2016-11-02 23:33:53,785 INFO     [task] make[rope] 0.0262980296037 0.878652597403
2016-11-02 23:33:53,785 INFO     
2016-11-02 23:33:53,785 INFO     [rollout0] [0, 0, 3, 3, 3, 2, 2, 2, 0, 4, 0, 0, 4, 1, 6, 1, 3, 3, 3, 1, 3, 4, 3, 1, 1, 4, 2, 4, 2, 6, 0, 3, 4, 5, 5]
2016-11-02 23:33:53,785 INFO     [rollout1] [3, 3, 1, 3, 4, 3, 1, 3, 3, 1, 2, 0, 3, 4, 6, 2, 0, 0, 4, 2, 2, 4, 2, 1, 2, 2, 1, 3, 3, 6, 3, 3, 3, 4, 5, 5]
2016-11-02 23:33:53,785 INFO     [rollout2] [3, 4, 1, 4, 1, 1, 1, 3, 1, 3, 3, 1, 2, 4, 6, 3, 3, 3, 4, 0, 3, 3, 3, 3, 0, 4, 3, 3, 3, 6, 3, 3, 3, 3, 3, 3, 3, 3, 3, 3, 3, 3, 3, 3, 6, 3, 3, 3, 3, 3, 3, 3, 3, 3, 3, 3, 3, 3, 3, 6]
2016-11-02 23:33:53,785 INFO     [reward] 0.183864370291
2016-11-02 23:33:53,785 INFO     [error] [  3.81310950e-06   1.16209441e-05]
2016-11-02 23:33:53,785 INFO     
2016-11-02 23:33:53,785 INFO     [min reward] 0.0
2016-11-02 23:33:53,785 INFO     
2016-11-02 23:33:53,786 INFO     [max steps] 4
2016-11-02 23:43:07,940 INFO     [step] 2579600
2016-11-02 23:43:07,940 INFO     [task] make[cloth] 0.0274331076388 0.886966551326
2016-11-02 23:43:07,940 INFO     [task] make[bed] 0.225735108262 0.0
2016-11-02 23:43:07,940 INFO     [task] make[stick] 0.0489481538275 0.780980781975
2016-11-02 23:43:07,940 INFO     [task] make[bridge] 0.0393757230723 0.826388888889
2016-11-02 23:43:07,940 INFO     [task] make[plank] 0.0220578840229 0.885401459854
2016-11-02 23:43:07,940 INFO     [task] make[axe] 0.225735108262 0.0
2016-11-02 23:43:07,940 INFO     [task] get[gold] 0.225735108262 0.0
2016-11-02 23:43:07,940 INFO     [task] make[shears] 0.155623648093 0.412982710426
2016-11-02 23:43:07,940 INFO     [task] make[rope] 0.0293561585597 0.892054794521
2016-11-02 23:43:07,940 INFO     
2016-11-02 23:43:07,941 INFO     [rollout0] [2, 4, 2, 2, 1, 4, 1, 2, 4, 2, 4, 5, 5, 5, 5]
2016-11-02 23:43:07,941 INFO     [rollout1] [3, 1, 3, 3, 3, 4, 3, 0, 3, 0, 4, 2, 1, 3, 6, 4, 5]
2016-11-02 23:43:07,941 INFO     [rollout2] [3, 1, 3, 1, 4, 1, 1, 4, 3, 3, 1, 4, 5, 5, 5, 5]
2016-11-02 23:43:07,941 INFO     [reward] 0.204622792937
2016-11-02 23:43:07,941 INFO     [error] [  9.92927529e-07   1.93525627e-05]
2016-11-02 23:43:07,941 INFO     
2016-11-02 23:43:07,941 INFO     [min reward] 0.0
2016-11-02 23:43:07,941 INFO     
2016-11-02 23:43:07,941 INFO     [max steps] 4
2016-11-02 23:52:45,050 INFO     [step] 2643500
2016-11-02 23:52:45,050 INFO     [task] make[cloth] 0.0279289829455 0.869013271783
2016-11-02 23:52:45,051 INFO     [task] make[bed] 0.229273202361 0.0
2016-11-02 23:52:45,051 INFO     [task] make[stick] 0.0519880886326 0.796187683284
2016-11-02 23:52:45,051 INFO     [task] make[bridge] 0.0416803043897 0.801388353259
2016-11-02 23:52:45,051 INFO     [task] make[plank] 0.0282842636721 0.897382198953
2016-11-02 23:52:45,051 INFO     [task] make[axe] 0.229273202361 0.0
2016-11-02 23:52:45,051 INFO     [task] get[gold] 0.229273202361 0.0
2016-11-02 23:52:45,051 INFO     [task] make[shears] 0.135524817669 0.459010682768
2016-11-02 23:52:45,051 INFO     [task] make[rope] 0.0267739356074 0.878313253012
2016-11-02 23:52:45,051 INFO     
2016-11-02 23:52:45,051 INFO     [rollout0] [0, 2, 0, 0, 0, 0, 2, 4, 3, 0, 4, 5, 5, 5, 5]
2016-11-02 23:52:45,051 INFO     [rollout1] [2, 4, 3, 4, 5, 5]
2016-11-02 23:52:45,051 INFO     [rollout2] [0, 4, 0, 1, 1, 1, 1, 4, 1, 3, 3, 1, 4, 5, 5, 5, 5]
2016-11-02 23:52:45,051 INFO     [reward] 0.210078247261
2016-11-02 23:52:45,051 INFO     [error] [  9.41008912e-06   1.57089929e-05]
2016-11-02 23:52:45,052 INFO     
2016-11-02 23:52:45,052 INFO     [min reward] 0.0
2016-11-02 23:52:45,052 INFO     
2016-11-02 23:52:45,052 INFO     [max steps] 4
2016-11-03 00:04:27,801 INFO     [step] 2727800
2016-11-03 00:04:27,801 INFO     [task] make[cloth] 0.0321249075639 0.869860430026
2016-11-03 00:04:27,801 INFO     [task] make[bed] 0.230136247928 0.0
2016-11-03 00:04:27,801 INFO     [task] make[stick] 0.0487187765641 0.820902845927
2016-11-03 00:04:27,801 INFO     [task] make[bridge] 0.047533764015 0.840976331361
2016-11-03 00:04:27,801 INFO     [task] make[plank] 0.0256608298841 0.91820702403
2016-11-03 00:04:27,801 INFO     [task] make[axe] 0.230136247928 0.0
2016-11-03 00:04:27,801 INFO     [task] get[gold] 0.230136247928 0.0
2016-11-03 00:04:27,801 INFO     [task] make[shears] 0.125547142689 0.509144881739
2016-11-03 00:04:27,801 INFO     [task] make[rope] 0.0300058354987 0.885747482572
2016-11-03 00:04:27,801 INFO     
2016-11-03 00:04:27,801 INFO     [rollout0] [1, 1, 1, 1, 1, 2, 4, 2, 2, 2, 2, 0, 3, 3, 6, 0, 0, 2, 4, 1, 3, 3, 3, 3, 1, 4, 1, 4, 5]
2016-11-03 00:04:27,801 INFO     [rollout1] [3, 1, 3, 4, 3, 3, 2, 2, 1, 1, 3, 4, 1, 1, 6, 3, 4, 2, 2, 3, 1, 1, 2, 4, 5, 5, 5]
2016-11-03 00:04:27,801 INFO     [rollout2] [3, 2, 1, 4, 2, 0, 3, 3, 1, 1, 3, 1, 3, 4, 6, 0, 0, 4, 5]
2016-11-03 00:04:27,801 INFO     [reward] 0.22128113879
2016-11-03 00:04:27,801 INFO     [error] [ -5.72879217e-07   1.78716085e-05]
2016-11-03 00:04:27,802 INFO     
2016-11-03 00:04:27,802 INFO     [min reward] 0.0
2016-11-03 00:04:27,802 INFO     
2016-11-03 00:04:27,802 INFO     [max steps] 4
2016-11-03 00:14:41,967 INFO     [step] 2797600
2016-11-03 00:14:41,967 INFO     [task] make[cloth] 0.0330116030535 0.885552654482
2016-11-03 00:14:41,967 INFO     [task] make[bed] 0.237917949158 0.0
2016-11-03 00:14:41,967 INFO     [task] make[stick] 0.0445441654343 0.827708132433
2016-11-03 00:14:41,967 INFO     [task] make[bridge] 0.0398156085166 0.818047882136
2016-11-03 00:14:41,967 INFO     [task] make[plank] 0.0216229669208 0.909567496723
2016-11-03 00:14:41,967 INFO     [task] make[axe] 0.237917949158 0.0
2016-11-03 00:14:41,967 INFO     [task] get[gold] 0.237917949158 0.0
2016-11-03 00:14:41,967 INFO     [task] make[shears] 0.117982596596 0.545773795108
2016-11-03 00:14:41,967 INFO     [task] make[rope] 0.0292692120042 0.887372013652
2016-11-03 00:14:41,967 INFO     
2016-11-03 00:14:41,967 INFO     [rollout0] [2, 1, 5, 4, 3, 2, 1, 2, 2, 2, 2, 0, 3, 0, 3, 0, 3, 6, 5, 0, 4, 2, 4, 0, 2, 0, 4, 2, 4, 0, 0, 0, 2, 6]
2016-11-03 00:14:41,967 INFO     [rollout1] [2, 0, 2, 2, 0, 4, 0, 2, 1, 2, 0, 4, 3, 3, 6, 2, 2, 3, 3, 0, 3, 2, 2, 1, 2, 3, 3, 0, 3, 6, 1, 2, 2, 3, 2, 2, 3, 3, 3, 2, 2, 2, 3, 3, 6, 0, 5]
2016-11-03 00:14:41,968 INFO     [rollout2] [4, 0, 0, 2, 0, 4, 5, 5, 5, 5]
2016-11-03 00:14:41,968 INFO     [reward] 0.208395415473
2016-11-03 00:14:41,968 INFO     [error] [ -2.79172780e-05   1.08662910e-05]
2016-11-03 00:14:41,968 INFO     
2016-11-03 00:14:41,968 INFO     [min reward] 0.0
2016-11-03 00:14:41,968 INFO     
2016-11-03 00:14:41,968 INFO     [max steps] 4
2016-11-03 00:23:44,335 INFO     [step] 2854400
2016-11-03 00:23:44,335 INFO     [task] make[cloth] 0.0295180251809 0.87851037851
2016-11-03 00:23:44,335 INFO     [task] make[bed] 0.239564816016 0.0
2016-11-03 00:23:44,335 INFO     [task] make[stick] 0.0432383343712 0.826210826211
2016-11-03 00:23:44,335 INFO     [task] make[bridge] 0.0455296770297 0.856341189675
2016-11-03 00:23:44,335 INFO     [task] make[plank] 0.0238218754154 0.913416536661
2016-11-03 00:23:44,335 INFO     [task] make[axe] 0.239564816016 0.0
2016-11-03 00:23:44,335 INFO     [task] get[gold] 0.239564816016 0.0
2016-11-03 00:23:44,335 INFO     [task] make[shears] 0.110111153827 0.562630648014
2016-11-03 00:23:44,335 INFO     [task] make[rope] 0.0290864861267 0.873996294009
2016-11-03 00:23:44,335 INFO     
2016-11-03 00:23:44,335 INFO     [rollout0] [0, 2, 2, 0, 4, 0, 1, 2, 0, 1, 3, 1, 2, 2, 6, 0, 4, 3, 2, 1, 1, 3, 4, 5, 5, 5]
2016-11-03 00:23:44,335 INFO     [rollout1] [2, 1, 1, 1, 1, 4, 1, 4, 3, 3, 1, 4, 0, 3, 6, 4, 5, 5, 5]
2016-11-03 00:23:44,335 INFO     [rollout2] [3, 4, 1, 3, 1, 2, 5, 5, 5, 2, 1, 2, 1, 4, 2, 2, 1, 2, 1, 2, 2, 1, 3, 6]
2016-11-03 00:23:44,335 INFO     [reward] 0.208503521127
2016-11-03 00:23:44,336 INFO     [error] [ -1.40755612e-05   8.16120122e-06]
2016-11-03 00:23:44,336 INFO     
2016-11-03 00:23:44,336 INFO     [min reward] 0.0
2016-11-03 00:23:44,336 INFO     
2016-11-03 00:23:44,336 INFO     [max steps] 4
2016-11-03 00:32:42,015 INFO     [step] 2907400
2016-11-03 00:32:42,015 INFO     [task] make[cloth] 0.0314651717646 0.864491844417
2016-11-03 00:32:42,015 INFO     [task] make[bed] 0.24169073667 0.0
2016-11-03 00:32:42,015 INFO     [task] make[stick] 0.0439803374307 0.849088596863
2016-11-03 00:32:42,015 INFO     [task] make[bridge] 0.0367702089736 0.823708206687
2016-11-03 00:32:42,015 INFO     [task] make[plank] 0.023112206341 0.900489396411
2016-11-03 00:32:42,015 INFO     [task] make[axe] 0.24169073667 0.0
2016-11-03 00:32:42,015 INFO     [task] get[gold] 0.24169073667 0.0
2016-11-03 00:32:42,015 INFO     [task] make[shears] 0.107054483411 0.576916236884
2016-11-03 00:32:42,015 INFO     [task] make[rope] 0.0325453820702 0.888951521984
2016-11-03 00:32:42,015 INFO     
2016-11-03 00:32:42,015 INFO     [rollout0] [3, 4, 4, 1, 3, 1, 1, 3, 4, 0, 0, 4, 5, 5]
2016-11-03 00:32:42,015 INFO     [rollout1] [4, 0, 4, 0, 3, 3, 3, 3, 0, 0, 4, 3, 4, 5, 5, 5, 5]
2016-11-03 00:32:42,015 INFO     [rollout2] [4, 1, 4, 2, 1, 2, 1, 2, 0, 1, 1, 2, 1, 4, 6, 5, 5, 5]
2016-11-03 00:32:42,015 INFO     [reward] 0.206264150943
2016-11-03 00:32:42,015 INFO     [error] [ -1.69614047e-05   2.49514124e-05]
2016-11-03 00:32:42,016 INFO     
2016-11-03 00:32:42,016 INFO     [min reward] 0.0
2016-11-03 00:32:42,016 INFO     
2016-11-03 00:32:42,016 INFO     [max steps] 4
2016-11-03 00:41:57,799 INFO     [step] 2958600
2016-11-03 00:41:57,799 INFO     [task] make[cloth] 0.0347577268298 0.874930206588
2016-11-03 00:41:57,799 INFO     [task] make[bed] 0.241260044547 0.0
2016-11-03 00:41:57,799 INFO     [task] make[stick] 0.0384371210782 0.83035258048
2016-11-03 00:41:57,799 INFO     [task] make[bridge] 0.0444997686669 0.836998706339
2016-11-03 00:41:57,799 INFO     [task] make[plank] 0.0261589436636 0.9171875
2016-11-03 00:41:57,799 INFO     [task] make[axe] 0.241260044547 0.0
2016-11-03 00:41:57,799 INFO     [task] get[gold] 0.241260044547 0.0
2016-11-03 00:41:57,799 INFO     [task] make[shears] 0.103451295032 0.61063464837
2016-11-03 00:41:57,799 INFO     [task] make[rope] 0.0289150110876 0.877726371447
2016-11-03 00:41:57,799 INFO     
2016-11-03 00:41:57,799 INFO     [rollout0] [2, 2, 4, 2, 4, 1, 2, 1, 3, 2, 2, 4, 5, 1, 1, 1, 2, 0, 4, 3, 1, 0, 3, 3, 1, 0, 3, 6, 1, 2, 0, 2, 3, 3, 1, 1, 1, 3, 2, 0, 1, 3, 6, 3, 0, 4, 2, 1, 2, 2, 0, 2, 1, 1, 1, 1, 5]
2016-11-03 00:41:57,799 INFO     [rollout1] [3, 4, 0, 4, 1, 1, 1, 1, 1, 1, 1, 1, 2, 0, 6, 1, 3, 4, 0, 4, 5, 5, 5]
2016-11-03 00:41:57,800 INFO     [rollout2] [4, 0, 0, 3, 0, 0, 3, 0, 4, 1, 2, 2, 0, 1, 6, 3, 1, 3, 4, 5, 5, 5]
2016-11-03 00:41:57,800 INFO     [reward] 0.21169921875
2016-11-03 00:41:57,800 INFO     [error] [ -2.15457009e-05   2.17217848e-05]
2016-11-03 00:41:57,800 INFO     
2016-11-03 00:41:57,800 INFO     [min reward] 0.0
2016-11-03 00:41:57,800 INFO     
2016-11-03 00:41:57,800 INFO     [max steps] 4
2016-11-03 00:51:18,641 INFO     [step] 3009000
2016-11-03 00:51:18,642 INFO     [task] make[cloth] 0.0326084621932 0.878048780488
2016-11-03 00:51:18,642 INFO     [task] make[bed] 0.243833546963 0.0
2016-11-03 00:51:18,642 INFO     [task] make[stick] 0.0433703638656 0.840347666972
2016-11-03 00:51:18,642 INFO     [task] make[bridge] 0.041765860458 0.799067599068
2016-11-03 00:51:18,642 INFO     [task] make[plank] 0.0224067337401 0.901357466063
2016-11-03 00:51:18,642 INFO     [task] make[axe] 0.243833546963 0.0
2016-11-03 00:51:18,642 INFO     [task] get[gold] 0.243833546963 0.0
2016-11-03 00:51:18,642 INFO     [task] make[shears] 0.0964145249723 0.600332019091
2016-11-03 00:51:18,642 INFO     [task] make[rope] 0.0319334138809 0.890556597874
2016-11-03 00:51:18,642 INFO     
2016-11-03 00:51:18,642 INFO     [rollout0] [3, 0, 2, 0, 4, 3, 0, 4, 3, 2, 0, 3, 1, 3, 6, 2, 0, 3, 4, 5, 5, 5]
2016-11-03 00:51:18,642 INFO     [rollout1] [1, 4, 1, 0, 4, 0, 3, 3, 0, 4, 1, 3, 1, 4, 6, 2, 0, 0, 5, 4, 5, 5]
2016-11-03 00:51:18,642 INFO     [rollout2] [2, 4, 3, 3, 2, 0, 0, 3, 4, 0, 0, 3, 4, 5, 5]
2016-11-03 00:51:18,642 INFO     [reward] 0.205158730159
2016-11-03 00:51:18,642 INFO     [error] [ -1.29739370e-05   1.29351049e-05]
2016-11-03 00:51:18,643 INFO     
2016-11-03 00:51:18,643 INFO     [min reward] 0.0
2016-11-03 00:51:18,643 INFO     
