2016-12-05 04:42:12,220 INFO     BEGIN
2016-12-05 04:42:12,220 INFO     struct {
    trainer:
        improvement_threshold: 0.8
        use_curriculum: True
        name: 'CurriculumTrainer'
        max_timesteps: 100
        hints: 'resources/light/hints.args.yaml'
    name: 'rebuttal_branavan_light'
    recipes: 'resources/light/recipes.yaml'
    world:
        name: 'LightWorld'
    model:
        use_args: True
        baseline: 'state'
        indicator_args: True
        featurize_plan: False
        max_subtask_timesteps: 15
        name: 'ModularACModel'
    experiment_dir: 'experiments/rebuttal_branavan_light'
}
2016-12-05 04:42:18,754 INFO     [max steps] 1
2016-12-05 04:46:29,484 INFO     [step] 116300
2016-12-05 04:46:29,484 INFO     [task] go[L] 0.5 0.00148030845497
2016-12-05 04:46:29,484 INFO     [task] go[R] 0.5 0.36011270703
2016-12-05 04:46:29,484 INFO     
2016-12-05 04:46:29,484 INFO     [rollout0] [4, 3, 0, 4, 5]
2016-12-05 04:46:29,485 INFO     [rollout1] [5]
2016-12-05 04:46:29,485 INFO     [rollout2] [3, 2, 0, 1, 4, 2, 4, 3, 1, 0, 3, 5]
2016-12-05 04:46:29,485 INFO     [reward] 0.180963026655
2016-12-05 04:46:29,485 INFO     [error] [ -5.33792100e-05   7.24392213e-05]
2016-12-05 04:46:29,485 INFO     
2016-12-05 04:46:29,485 INFO     [min reward] 0.00148030845497
2016-12-05 04:46:29,485 INFO     
2016-12-05 04:46:29,485 INFO     [max steps] 1
2016-12-05 04:51:31,282 INFO     [step] 271100
2016-12-05 04:51:31,282 INFO     [task] go[L] 0.608125569273 7.4382624219e-05
2016-12-05 04:51:31,283 INFO     [task] go[R] 0.391874430727 0.847442826073
2016-12-05 04:51:31,283 INFO     
2016-12-05 04:51:31,283 INFO     [rollout0] [2, 2, 1, 2, 5]
2016-12-05 04:51:31,283 INFO     [rollout1] [0, 3, 1, 2, 2, 1, 4, 4, 4, 4, 4, 2, 3, 4, 6]
2016-12-05 04:51:31,283 INFO     [rollout2] [2, 3, 4, 4, 2, 2, 5]
2016-12-05 04:51:31,283 INFO     [reward] 0.332299741602
2016-12-05 04:51:31,283 INFO     [error] [ -1.34800167e-05   2.26984878e-05]
2016-12-05 04:51:31,283 INFO     
2016-12-05 04:51:31,283 INFO     [min reward] 7.4382624219e-05
2016-12-05 04:51:31,283 INFO     
2016-12-05 04:51:31,283 INFO     [max steps] 1
2016-12-05 04:55:52,325 INFO     [step] 396300
2016-12-05 04:55:52,325 INFO     [task] go[L] 0.861356452194 0.284346674814
2016-12-05 04:55:52,325 INFO     [task] go[R] 0.138643547806 0.902216275958
2016-12-05 04:55:52,325 INFO     
2016-12-05 04:55:52,325 INFO     [rollout0] [2, 2, 2, 2, 2, 2, 2, 0, 2, 2, 2, 1, 0, 0, 6]
2016-12-05 04:55:52,325 INFO     [rollout1] [2, 2, 2, 2, 2, 2, 2, 0, 2, 2, 2, 2, 2, 2, 6]
2016-12-05 04:55:52,326 INFO     [rollout2] [0, 3, 4, 2, 2, 4, 2, 1, 2, 2, 2, 2, 2, 1, 6]
2016-12-05 04:55:52,326 INFO     [reward] 0.369185303514
2016-12-05 04:55:52,326 INFO     [error] [  4.70281913e-05   7.71314573e-05]
2016-12-05 04:55:52,326 INFO     
2016-12-05 04:55:52,326 INFO     [min reward] 0.284346674814
2016-12-05 04:55:52,326 INFO     
2016-12-05 04:55:52,326 INFO     [max steps] 1
2016-12-05 04:59:37,391 INFO     [step] 496300
2016-12-05 04:59:37,391 INFO     [task] go[L] 0.870675626742 0.911209104167
2016-12-05 04:59:37,392 INFO     [task] go[R] 0.129324373258 0.909822741698
2016-12-05 04:59:37,392 INFO     
2016-12-05 04:59:37,392 INFO     [rollout0] [0, 3, 4, 2, 4, 1, 3, 3, 3, 5]
2016-12-05 04:59:37,392 INFO     [rollout1] [1, 1, 2, 4, 2, 0, 0, 2, 2, 2, 0, 1, 2, 4, 6]
2016-12-05 04:59:37,392 INFO     [rollout2] [2, 2, 2, 2, 2, 2, 0, 2, 2, 1, 0, 2, 1, 2, 6]
2016-12-05 04:59:37,392 INFO     [reward] 0.91103
2016-12-05 04:59:37,392 INFO     [error] [ -5.04054570e-06   6.41419406e-05]
2016-12-05 04:59:37,392 INFO     
2016-12-05 04:59:37,392 INFO     [min reward] 0.909822741698
2016-12-05 04:59:37,392 INFO     
2016-12-05 04:59:40,018 INFO     [max steps] 2
2016-12-05 05:04:16,862 INFO     [step] 630300
2016-12-05 05:04:16,862 INFO     [task] go[L] 0.49651611969 0.922441597589
2016-12-05 05:04:16,862 INFO     [task] go[R] 0.50348388031 0.926622320769
2016-12-05 05:04:16,862 INFO     
2016-12-05 05:04:16,862 INFO     [rollout0] [3, 3, 3, 5]
2016-12-05 05:04:16,862 INFO     [rollout1] [1, 1, 4, 3, 4, 5]
2016-12-05 05:04:16,862 INFO     [rollout2] [1, 3, 3, 4, 0, 4, 2, 2, 2, 2, 2, 2, 2, 2, 6]
2016-12-05 05:04:16,863 INFO     [reward] 0.924552238806
2016-12-05 05:04:16,863 INFO     [error] [  2.18861294e-06   6.60513783e-05]
2016-12-05 05:04:16,863 INFO     
2016-12-05 05:04:16,863 INFO     [min reward] 0.922441597589
2016-12-05 05:04:16,863 INFO     
2016-12-05 05:04:19,427 INFO     [max steps] 3
2016-12-05 05:08:38,376 INFO     [step] 754300
2016-12-05 05:08:38,376 INFO     [task] go[L] 0.512228907847 0.926850448402
2016-12-05 05:08:38,376 INFO     [task] go[R] 0.487771092153 0.943343663458
2016-12-05 05:08:38,376 INFO     
2016-12-05 05:08:38,376 INFO     [rollout0] [2, 2, 2, 2, 2, 2, 2, 2, 2, 2, 0, 1, 0, 1, 6]
2016-12-05 05:08:38,376 INFO     [rollout1] [2, 2, 2, 2, 2, 2, 0, 1, 2, 2, 2, 2, 0, 2, 6]
2016-12-05 05:08:38,376 INFO     [rollout2] [0, 4, 1, 3, 3, 3, 5]
2016-12-05 05:08:38,376 INFO     [reward] 0.934919354839
2016-12-05 05:08:38,376 INFO     [error] [ -3.75445805e-05   7.06581192e-05]
2016-12-05 05:08:38,376 INFO     
2016-12-05 05:08:38,377 INFO     [min reward] 0.926850448402
2016-12-05 05:08:38,377 INFO     
2016-12-05 05:08:40,822 INFO     [max steps] 4
2016-12-05 05:12:22,016 INFO     [step] 859300
2016-12-05 05:12:22,016 INFO     [task] go[L] 0.555048620786 0.92957456306
2016-12-05 05:12:22,017 INFO     [task] go[R] 0.444951379214 0.951512170082
2016-12-05 05:12:22,017 INFO     
2016-12-05 05:12:22,017 INFO     [rollout0] [3, 3, 3, 5]
2016-12-05 05:12:22,017 INFO     [rollout1] [2, 2, 2, 2, 2, 2, 0, 2, 0, 4, 2, 4, 2, 2, 6]
2016-12-05 05:12:22,017 INFO     [rollout2] [2, 2, 2, 2, 4, 2, 2, 2, 2, 4, 2, 1, 1, 4, 6]
2016-12-05 05:12:22,017 INFO     [reward] 0.939342857143
2016-12-05 05:12:22,017 INFO     [error] [  4.73892713e-06   4.81018877e-05]
2016-12-05 05:12:22,017 INFO     
2016-12-05 05:12:22,017 INFO     [min reward] 0.92957456306
2016-12-05 05:12:22,017 INFO     
2016-12-05 05:12:24,496 INFO     [max steps] 5
2016-12-05 05:15:59,777 INFO     [step] 960800
2016-12-05 05:15:59,777 INFO     [task] go[L] 0.578961525842 0.934949895687
2016-12-05 05:15:59,777 INFO     [task] go[R] 0.421038474158 0.957882013853
2016-12-05 05:15:59,777 INFO     
2016-12-05 05:15:59,777 INFO     [rollout0] [2, 2, 2, 2, 2, 3, 2, 2, 4, 2, 3, 0, 1, 2, 6]
2016-12-05 05:15:59,777 INFO     [rollout1] [1, 1, 4, 0, 0, 3, 3, 3, 5]
2016-12-05 05:15:59,777 INFO     [rollout2] [1, 3, 4, 2, 4, 0, 2, 2, 2, 2, 2, 4, 2, 2, 6]
2016-12-05 05:15:59,777 INFO     [reward] 0.944669950739
2016-12-05 05:15:59,778 INFO     [error] [  3.17543173e-06   6.16180029e-05]
2016-12-05 05:15:59,778 INFO     
2016-12-05 05:15:59,778 INFO     [min reward] 0.934949895687
2016-12-05 05:15:59,778 INFO     
2016-12-05 05:16:02,153 INFO     [max steps] 6
2016-12-05 05:19:36,986 INFO     [step] 1061600
2016-12-05 05:19:36,986 INFO     [task] go[L] 0.590164592718 0.937119846338
2016-12-05 05:19:36,986 INFO     [task] go[R] 0.409835407282 0.958358464619
2016-12-05 05:19:36,987 INFO     
2016-12-05 05:19:36,987 INFO     [rollout0] [2, 2, 2, 2, 0, 1, 2, 2, 0, 2, 1, 2, 0, 1, 6]
2016-12-05 05:19:36,987 INFO     [rollout1] [3, 3, 4, 2, 2, 2, 2, 2, 2, 2, 2, 4, 4, 2, 6]
2016-12-05 05:19:36,987 INFO     [rollout2] [2, 2, 2, 2, 2, 2, 2, 2, 0, 1, 2, 2, 2, 4, 6]
2016-12-05 05:19:36,987 INFO     [reward] 0.945853174603
2016-12-05 05:19:36,987 INFO     [error] [  4.28858948e-06   6.24872856e-05]
2016-12-05 05:19:36,987 INFO     
2016-12-05 05:19:36,987 INFO     [min reward] 0.937119846338
2016-12-05 05:19:36,987 INFO     
2016-12-05 05:19:39,644 INFO     [max steps] 7
2016-12-05 05:23:14,726 INFO     [step] 1162700
2016-12-05 05:23:14,726 INFO     [task] go[L] 0.58528079905 0.942176008116
2016-12-05 05:23:14,726 INFO     [task] go[R] 0.41471920095 0.960362292933
2016-12-05 05:23:14,726 INFO     
2016-12-05 05:23:14,726 INFO     [rollout0] [1, 1, 2, 1, 4, 2, 0, 0, 2, 2, 2, 4, 2, 2, 6]
2016-12-05 05:23:14,726 INFO     [rollout1] [2, 2, 2, 2, 1, 0, 4, 2, 2, 2, 1, 4, 4, 0, 6]
2016-12-05 05:23:14,726 INFO     [rollout2] [0, 2, 4, 1, 2, 2, 2, 2, 2, 2, 2, 2, 1, 0, 6]
2016-12-05 05:23:14,726 INFO     [reward] 0.949723046489
2016-12-05 05:23:14,727 INFO     [error] [ -2.12949829e-05   6.46471634e-05]
2016-12-05 05:23:14,727 INFO     
2016-12-05 05:23:14,727 INFO     [min reward] 0.942176008116
2016-12-05 05:23:14,727 INFO     
2016-12-05 05:23:17,284 INFO     [max steps] 8
2016-12-05 05:26:54,847 INFO     [step] 1264300
2016-12-05 05:26:54,847 INFO     [task] go[L] 0.577413680287 0.943570090274
2016-12-05 05:26:54,848 INFO     [task] go[R] 0.422586319713 0.964537188156
2016-12-05 05:26:54,848 INFO     
2016-12-05 05:26:54,848 INFO     [rollout0] [0, 4, 2, 4, 1, 2, 2, 2, 2, 2, 4, 1, 2, 2, 6]
2016-12-05 05:26:54,848 INFO     [rollout1] [1, 4, 0, 3, 3, 3, 5]
2016-12-05 05:26:54,848 INFO     [rollout2] [1, 1, 3, 4, 2, 2, 0, 2, 0, 2, 2, 2, 2, 2, 6]
2016-12-05 05:26:54,848 INFO     [reward] 0.952421259843
2016-12-05 05:26:54,848 INFO     [error] [  6.39394876e-06   5.36519361e-05]
2016-12-05 05:26:54,848 INFO     
2016-12-05 05:26:54,848 INFO     [min reward] 0.943570090274
2016-12-05 05:26:54,848 INFO     
2016-12-05 05:26:57,300 INFO     [max steps] 9
2016-12-05 05:30:31,232 INFO     [step] 1364900
2016-12-05 05:30:31,232 INFO     [task] go[L] 0.593692858603 0.944832425569
2016-12-05 05:30:31,232 INFO     [task] go[R] 0.406307141397 0.962867520738
2016-12-05 05:30:31,232 INFO     
2016-12-05 05:30:31,232 INFO     [rollout0] [1, 4, 2, 0, 2, 2, 2, 0, 1, 4, 4, 4, 2, 2, 6]
2016-12-05 05:30:31,232 INFO     [rollout1] [2, 2, 2, 2, 2, 1, 0, 2, 2, 1, 1, 4, 1, 1, 6]
2016-12-05 05:30:31,232 INFO     [rollout2] [2, 2, 2, 2, 2, 2, 2, 0, 0, 1, 1, 4, 4, 2, 6]
2016-12-05 05:30:31,232 INFO     [reward] 0.952137176938
2016-12-05 05:30:31,232 INFO     [error] [ -9.78598022e-06   6.19681320e-05]
2016-12-05 05:30:31,233 INFO     
2016-12-05 05:30:31,233 INFO     [min reward] 0.944832425569
2016-12-05 05:30:31,233 INFO     
2016-12-05 05:30:33,858 INFO     [max steps] 10
2016-12-05 05:34:10,005 INFO     [step] 1466800
2016-12-05 05:34:10,006 INFO     [task] go[L] 0.580298693439 0.946058232012
2016-12-05 05:34:10,006 INFO     [task] go[R] 0.419701306561 0.968366372382
2016-12-05 05:34:10,006 INFO     
2016-12-05 05:34:10,006 INFO     [rollout0] [2, 2, 2, 2, 0, 2, 0, 2, 2, 0, 2, 1, 1, 2, 6]
2016-12-05 05:34:10,006 INFO     [rollout1] [4, 2, 1, 1, 4, 2, 0, 2, 0, 2, 2, 2, 2, 0, 6]
2016-12-05 05:34:10,006 INFO     [rollout2] [2, 2, 2, 2, 4, 0, 1, 2, 4, 2, 2, 1, 0, 0, 6]
2016-12-05 05:34:10,006 INFO     [reward] 0.955456329735
2016-12-05 05:34:10,006 INFO     [error] [ -1.73001603e-05   5.75624089e-05]
2016-12-05 05:34:10,006 INFO     
2016-12-05 05:34:10,006 INFO     [min reward] 0.946058232012
2016-12-05 05:34:10,006 INFO     
2016-12-05 05:34:12,492 INFO     [max steps] 11
2016-12-05 05:37:48,041 INFO     [step] 1567400
2016-12-05 05:37:48,041 INFO     [task] go[L] 0.60565028074 0.945656302119
2016-12-05 05:37:48,041 INFO     [task] go[R] 0.39434971926 0.968482305637
2016-12-05 05:37:48,041 INFO     
2016-12-05 05:37:48,041 INFO     [rollout0] [3, 3, 3, 5]
2016-12-05 05:37:48,042 INFO     [rollout1] [2, 2, 2, 2, 2, 4, 4, 2, 1, 0, 1, 0, 1, 4, 6]
2016-12-05 05:37:48,042 INFO     [rollout2] [1, 1, 4, 0, 0, 2, 2, 2, 2, 4, 2, 2, 2, 1, 6]
2016-12-05 05:37:48,042 INFO     [reward] 0.954741550696
2016-12-05 05:37:48,042 INFO     [error] [ -1.28920064e-05   6.65839615e-05]
2016-12-05 05:37:48,042 INFO     
2016-12-05 05:37:48,042 INFO     [min reward] 0.945656302119
2016-12-05 05:37:48,042 INFO     
2016-12-05 05:37:50,449 INFO     [max steps] 12
2016-12-05 05:41:22,268 INFO     [step] 1667500
2016-12-05 05:41:22,268 INFO     [task] go[L] 0.607810803515 0.94909233766
2016-12-05 05:41:22,268 INFO     [task] go[R] 0.392189196485 0.969135327745
2016-12-05 05:41:22,268 INFO     
2016-12-05 05:41:22,268 INFO     [rollout0] [2, 2, 2, 2, 4, 2, 4, 2, 1, 0, 2, 2, 2, 2, 6]
2016-12-05 05:41:22,268 INFO     [rollout1] [2, 2, 2, 2, 4, 2, 2, 4, 4, 4, 2, 2, 2, 2, 6]
2016-12-05 05:41:22,268 INFO     [rollout2] [3, 4, 2, 2, 2, 2, 2, 0, 1, 4, 0, 1, 1, 0, 6]
2016-12-05 05:41:22,268 INFO     [reward] 0.956903096903
2016-12-05 05:41:22,268 INFO     [error] [ -1.93002272e-05   6.52367105e-05]
2016-12-05 05:41:22,269 INFO     
2016-12-05 05:41:22,269 INFO     [min reward] 0.94909233766
2016-12-05 05:41:22,269 INFO     
2016-12-05 05:41:24,864 INFO     [max steps] 13
2016-12-05 05:44:56,736 INFO     [step] 1767900
2016-12-05 05:44:56,736 INFO     [task] go[L] 0.598469737205 0.94838473201
2016-12-05 05:44:56,736 INFO     [task] go[R] 0.401530262795 0.968548007628
2016-12-05 05:44:56,736 INFO     
2016-12-05 05:44:56,736 INFO     [rollout0] [2, 2, 2, 2, 2, 2, 2, 4, 1, 2, 0, 2, 2, 1, 6]
2016-12-05 05:44:56,736 INFO     [rollout1] [1, 3, 4, 2, 0, 2, 2, 2, 2, 4, 0, 0, 0, 2, 6]
2016-12-05 05:44:56,736 INFO     [rollout2] [2, 2, 2, 2, 0, 2, 1, 2, 2, 0, 1, 4, 2, 1, 6]
2016-12-05 05:44:56,736 INFO     [reward] 0.956494023904
2016-12-05 05:44:56,736 INFO     [error] [  1.89523591e-05   4.84718523e-05]
2016-12-05 05:44:56,736 INFO     
2016-12-05 05:44:56,737 INFO     [min reward] 0.94838473201
2016-12-05 05:44:56,737 INFO     
2016-12-05 05:44:59,332 INFO     [max steps] 14
2016-12-05 05:48:33,070 INFO     [step] 1868300
2016-12-05 05:48:33,070 INFO     [task] go[L] 0.597816103516 0.952860994357
2016-12-05 05:48:33,070 INFO     [task] go[R] 0.402183896484 0.970159526092
2016-12-05 05:48:33,070 INFO     
2016-12-05 05:48:33,070 INFO     [rollout0] [3, 3, 3, 5]
2016-12-05 05:48:33,070 INFO     [rollout1] [3, 3, 3, 5]
2016-12-05 05:48:33,070 INFO     [rollout2] [3, 3, 1, 4, 0, 4, 0, 4, 2, 1, 2, 2, 2, 2, 6]
2016-12-05 05:48:33,070 INFO     [reward] 0.959870517928
2016-12-05 05:48:33,070 INFO     [error] [  9.33242597e-06   4.09700651e-05]
2016-12-05 05:48:33,071 INFO     
2016-12-05 05:48:33,071 INFO     [min reward] 0.952860994357
2016-12-05 05:48:33,071 INFO     
2016-12-05 05:48:35,722 INFO     [max steps] 15
2016-12-05 05:52:09,510 INFO     [step] 1968500
2016-12-05 05:52:09,511 INFO     [task] go[L] 0.589186556864 0.949789022386
2016-12-05 05:52:09,511 INFO     [task] go[R] 0.410813443136 0.972905387361
2016-12-05 05:52:09,511 INFO     
2016-12-05 05:52:09,511 INFO     [rollout0] [3, 3, 3, 5]
2016-12-05 05:52:09,511 INFO     [rollout1] [0, 2, 4, 1, 2, 2, 2, 2, 0, 2, 2, 2, 2, 1, 6]
2016-12-05 05:52:09,511 INFO     [rollout2] [2, 2, 2, 2, 2, 2, 2, 2, 2, 4, 0, 4, 0, 2, 6]
2016-12-05 05:52:09,511 INFO     [reward] 0.959291417166
2016-12-05 05:52:09,511 INFO     [error] [ -6.45181417e-06   7.26245461e-05]
2016-12-05 05:52:09,511 INFO     
2016-12-05 05:52:09,512 INFO     [min reward] 0.949789022386
2016-12-05 05:52:09,512 INFO     
2016-12-05 05:52:12,117 INFO     [max steps] 16
2016-12-05 05:55:44,778 INFO     [step] 2068500
2016-12-05 05:55:44,778 INFO     [task] go[L] 0.61878230693 0.94896259521
2016-12-05 05:55:44,778 INFO     [task] go[R] 0.38121769307 0.971909965149
2016-12-05 05:55:44,778 INFO     
2016-12-05 05:55:44,779 INFO     [rollout0] [2, 2, 2, 2, 4, 1, 4, 0, 4, 4, 1, 2, 2, 0, 6]
2016-12-05 05:55:44,779 INFO     [rollout1] [2, 2, 2, 2, 4, 2, 4, 4, 1, 0, 2, 2, 4, 2, 6]
2016-12-05 05:55:44,779 INFO     [rollout2] [4, 3, 3, 3, 5]
2016-12-05 05:55:44,779 INFO     [reward] 0.95772
2016-12-05 05:55:44,779 INFO     [error] [  8.95212865e-06   5.80338783e-05]
2016-12-05 05:55:44,779 INFO     
2016-12-05 05:55:44,779 INFO     [min reward] 0.94896259521
2016-12-05 05:55:44,779 INFO     
2016-12-05 05:55:47,209 INFO     [max steps] 17
2016-12-05 05:59:21,235 INFO     [step] 2168600
2016-12-05 05:59:21,236 INFO     [task] go[L] 0.615746810483 0.948948315846
2016-12-05 05:59:21,236 INFO     [task] go[R] 0.384253189517 0.973515102635
2016-12-05 05:59:21,236 INFO     
2016-12-05 05:59:21,236 INFO     [rollout0] [2, 2, 2, 2, 2, 2, 4, 2, 2, 2, 4, 0, 1, 4, 6]
2016-12-05 05:59:21,236 INFO     [rollout1] [4, 2, 2, 2, 2, 1, 2, 4, 0, 2, 2, 2, 2, 0, 6]
2016-12-05 05:59:21,236 INFO     [rollout2] [3, 3, 3, 5]
2016-12-05 05:59:21,236 INFO     [reward] 0.958381618382
2016-12-05 05:59:21,236 INFO     [error] [  2.65856254e-06   6.74200211e-05]
2016-12-05 05:59:21,236 INFO     
2016-12-05 05:59:21,236 INFO     [min reward] 0.948948315846
2016-12-05 05:59:21,236 INFO     
2016-12-05 05:59:23,890 INFO     [max steps] 18
2016-12-05 06:02:56,826 INFO     [step] 2268600
2016-12-05 06:02:56,826 INFO     [task] go[L] 0.625936271331 0.949411203055
2016-12-05 06:02:56,826 INFO     [task] go[R] 0.374063728669 0.972362755651
2016-12-05 06:02:56,826 INFO     
2016-12-05 06:02:56,826 INFO     [rollout0] [2, 4, 2, 2, 2, 2, 2, 2, 4, 3, 2, 4, 4, 4, 6]
2016-12-05 06:02:56,826 INFO     [rollout1] [2, 2, 2, 2, 1, 0, 4, 1, 4, 2, 2, 4, 2, 2, 6]
2016-12-05 06:02:56,826 INFO     [rollout2] [3, 3, 4, 2, 2, 2, 2, 2, 2, 1, 4, 0, 1, 2, 6]
2016-12-05 06:02:56,827 INFO     [reward] 0.95794
2016-12-05 06:02:56,827 INFO     [error] [ -1.53819901e-06   5.43303533e-05]
2016-12-05 06:02:56,827 INFO     
2016-12-05 06:02:56,827 INFO     [min reward] 0.949411203055
2016-12-05 06:02:56,827 INFO     
2016-12-05 06:02:59,498 INFO     [max steps] 19
2016-12-05 06:06:33,312 INFO     [step] 2368600
2016-12-05 06:06:33,312 INFO     [task] go[L] 0.616830283974 0.94842402231
2016-12-05 06:06:33,312 INFO     [task] go[R] 0.383169716026 0.974089343492
2016-12-05 06:06:33,312 INFO     
2016-12-05 06:06:33,312 INFO     [rollout0] [2, 2, 2, 2, 2, 2, 4, 1, 0, 2, 1, 0, 1, 1, 6]
2016-12-05 06:06:33,313 INFO     [rollout1] [3, 3, 3, 5]
2016-12-05 06:06:33,313 INFO     [rollout2] [2, 2, 2, 2, 4, 1, 0, 4, 1, 4, 2, 2, 2, 1, 6]
2016-12-05 06:06:33,313 INFO     [reward] 0.95826
2016-12-05 06:06:33,313 INFO     [error] [ -1.53339500e-05   5.31980143e-05]
2016-12-05 06:06:33,313 INFO     
2016-12-05 06:06:33,313 INFO     [min reward] 0.94842402231
2016-12-05 06:06:33,313 INFO     
2016-12-05 06:06:35,711 INFO     [max steps] 20
2016-12-05 06:10:08,524 INFO     [step] 2468600
2016-12-05 06:10:08,525 INFO     [task] go[L] 0.631635076918 0.95231147411
2016-12-05 06:10:08,525 INFO     [task] go[R] 0.368364923082 0.975747733117
2016-12-05 06:10:08,525 INFO     
2016-12-05 06:10:08,525 INFO     [rollout0] [2, 2, 2, 2, 2, 1, 0, 2, 2, 0, 2, 1, 1, 4, 6]
2016-12-05 06:10:08,525 INFO     [rollout1] [2, 2, 2, 2, 0, 1, 2, 0, 1, 4, 2, 1, 2, 1, 6]
2016-12-05 06:10:08,525 INFO     [rollout2] [3, 3, 3, 5]
2016-12-05 06:10:08,525 INFO     [reward] 0.96097
2016-12-05 06:10:08,525 INFO     [error] [ -7.44296692e-07   5.17133865e-05]
2016-12-05 06:10:08,525 INFO     
2016-12-05 06:10:08,526 INFO     [min reward] 0.95231147411
2016-12-05 06:10:08,526 INFO     
2016-12-05 06:10:11,189 INFO     [max steps] 21
2016-12-05 06:13:44,407 INFO     [step] 2568600
2016-12-05 06:13:44,407 INFO     [task] go[L] 0.627452996107 0.951636096376
2016-12-05 06:13:44,407 INFO     [task] go[R] 0.372547003893 0.973484443494
2016-12-05 06:13:44,407 INFO     
2016-12-05 06:13:44,407 INFO     [rollout0] [2, 4, 2, 2, 2, 2, 4, 4, 2, 4, 4, 0, 1, 4, 6]
2016-12-05 06:13:44,408 INFO     [rollout1] [2, 4, 4, 0, 4, 2, 1, 2, 2, 1, 0, 1, 2, 4, 6]
2016-12-05 06:13:44,408 INFO     [rollout2] [0, 2, 4, 1, 3, 3, 3, 3, 5]
2016-12-05 06:13:44,408 INFO     [reward] 0.95981
2016-12-05 06:13:44,408 INFO     [error] [ -1.34659226e-05   5.71076422e-05]
2016-12-05 06:13:44,408 INFO     
2016-12-05 06:13:44,408 INFO     [min reward] 0.951636096376
2016-12-05 06:13:44,408 INFO     
2016-12-05 06:13:46,984 INFO     [max steps] 22
2016-12-05 06:17:16,765 INFO     [step] 2668700
2016-12-05 06:17:16,765 INFO     [task] go[L] 0.615137391633 0.95407568198
2016-12-05 06:17:16,765 INFO     [task] go[R] 0.384862608367 0.975005212677
2016-12-05 06:17:16,765 INFO     
2016-12-05 06:17:16,766 INFO     [rollout0] [1, 1, 2, 4, 0, 0, 3, 3, 3, 3, 5]
2016-12-05 06:17:16,766 INFO     [rollout1] [2, 2, 2, 2, 1, 1, 2, 0, 2, 0, 2, 2, 2, 2, 6]
2016-12-05 06:17:16,766 INFO     [rollout2] [0, 2, 4, 1, 3, 3, 3, 3, 5]
2016-12-05 06:17:16,766 INFO     [reward] 0.962097902098
2016-12-05 06:17:16,766 INFO     [error] [  1.16146221e-05   5.42273865e-05]
2016-12-05 06:17:16,766 INFO     
2016-12-05 06:17:16,766 INFO     [min reward] 0.95407568198
2016-12-05 06:17:16,766 INFO     
2016-12-05 06:17:19,154 INFO     [max steps] 23
2016-12-05 06:20:51,491 INFO     [step] 2768900
2016-12-05 06:20:51,492 INFO     [task] go[L] 0.615099739588 0.952133025284
2016-12-05 06:20:51,492 INFO     [task] go[R] 0.384900260412 0.974985802055
2016-12-05 06:20:51,492 INFO     
2016-12-05 06:20:51,492 INFO     [rollout0] [0, 4, 1, 2, 2, 2, 2, 2, 2, 2, 4, 1, 0, 1, 6]
2016-12-05 06:20:51,492 INFO     [rollout1] [2, 2, 2, 4, 2, 2, 2, 1, 0, 1, 0, 1, 0, 1, 6]
2016-12-05 06:20:51,492 INFO     [rollout2] [0, 3, 4, 1, 3, 3, 5]
2016-12-05 06:20:51,492 INFO     [reward] 0.960968063872
2016-12-05 06:20:51,492 INFO     [error] [  9.04986858e-06   5.39011087e-05]
2016-12-05 06:20:51,492 INFO     
2016-12-05 06:20:51,493 INFO     [min reward] 0.952133025284
2016-12-05 06:20:51,493 INFO     
2016-12-05 06:20:53,897 INFO     [max steps] 24
2016-12-05 06:24:24,911 INFO     [step] 2868900
2016-12-05 06:24:24,911 INFO     [task] go[L] 0.62302157755 0.951857607459
2016-12-05 06:24:24,911 INFO     [task] go[R] 0.37697842245 0.975679199596
2016-12-05 06:24:24,911 INFO     
2016-12-05 06:24:24,911 INFO     [rollout0] [1, 1, 4, 0, 0, 2, 2, 2, 2, 0, 1, 4, 0, 1, 6]
2016-12-05 06:24:24,911 INFO     [rollout1] [2, 1, 1, 4, 0, 0, 2, 2, 2, 0, 1, 1, 0, 4, 6]
2016-12-05 06:24:24,911 INFO     [rollout2] [3, 3, 3, 5]
2016-12-05 06:24:24,911 INFO     [reward] 0.96081
2016-12-05 06:24:24,911 INFO     [error] [ -1.52561240e-05   7.23358459e-05]
2016-12-05 06:24:24,912 INFO     
2016-12-05 06:24:24,912 INFO     [min reward] 0.951857607459
2016-12-05 06:24:24,912 INFO     
2016-12-05 06:24:27,311 INFO     [max steps] 25
2016-12-05 06:28:01,126 INFO     [step] 2968900
2016-12-05 06:28:01,127 INFO     [task] go[L] 0.628816620849 0.951812407469
2016-12-05 06:28:01,127 INFO     [task] go[R] 0.371183379151 0.973482505446
2016-12-05 06:28:01,127 INFO     
2016-12-05 06:28:01,127 INFO     [rollout0] [1, 1, 4, 0, 0, 3, 3, 3, 5]
2016-12-05 06:28:01,127 INFO     [rollout1] [1, 2, 4, 2, 2, 0, 2, 2, 1, 2, 2, 2, 2, 2, 6]
2016-12-05 06:28:01,127 INFO     [rollout2] [1, 1, 3, 3, 4, 2, 0, 0, 2, 2, 2, 2, 2, 2, 6]
2016-12-05 06:28:01,127 INFO     [reward] 0.95987
2016-12-05 06:28:01,127 INFO     [error] [ -9.77584887e-06   5.79703455e-05]
2016-12-05 06:28:01,127 INFO     
2016-12-05 06:28:01,128 INFO     [min reward] 0.951812407469
2016-12-05 06:28:01,128 INFO     
2016-12-05 06:28:03,800 INFO     [max steps] 26
2016-12-05 06:31:38,235 INFO     [step] 3069000
2016-12-05 06:31:38,235 INFO     [task] go[L] 0.614408310281 0.951271152199
2016-12-05 06:31:38,235 INFO     [task] go[R] 0.385591689719 0.975880921862
2016-12-05 06:31:38,236 INFO     
2016-12-05 06:31:38,236 INFO     [rollout0] [1, 3, 4, 2, 0, 2, 2, 2, 2, 4, 0, 1, 2, 4, 6]
2016-12-05 06:31:38,236 INFO     [rollout1] [0, 3, 4, 1, 2, 2, 2, 2, 2, 0, 0, 1, 1, 4, 6]
2016-12-05 06:31:38,236 INFO     [rollout2] [2, 1, 4, 0, 2, 2, 2, 4, 4, 1, 2, 4, 4, 2, 6]
2016-12-05 06:31:38,236 INFO     [reward] 0.960669330669
2016-12-05 06:31:38,236 INFO     [error] [  1.09315884e-05   4.77955213e-05]
2016-12-05 06:31:38,236 INFO     
2016-12-05 06:31:38,236 INFO     [min reward] 0.951271152199
2016-12-05 06:31:38,236 INFO     
