2017-08-18 00:02:47,944 INFO     BEGIN
2017-08-18 00:02:47,945 INFO     struct {
    trainer:
        improvement_threshold: 0.8
        use_curriculum: True
        name: 'CurriculumTrainer'
        max_timesteps: 100
        hints: 'resources/light/hints.yaml'
    name: 'light_modular__1'
    recipes: 'resources/light/recipes.yaml'
    world:
        name: 'LightWorld'
    model:
        use_args: False
        seed: 1
        name: 'ModularACModel'
        max_subtask_timesteps: 15
        baseline: 'state'
    experiment_dir: 'experiments/light_modular__1'
}
2017-08-18 00:03:16,363 INFO     [max steps] 1
2017-08-18 00:03:16,363 INFO     [min reward] inf
2017-08-18 00:03:16,363 INFO     
2017-08-18 00:03:32,580 INFO     [max steps] 2
2017-08-18 00:07:32,775 INFO     [step] 50000
2017-08-18 00:07:32,775 INFO     [task] go[LL] 0.2 0.0
2017-08-18 00:07:32,775 INFO     [task] go[LD] 0.2 0.0
2017-08-18 00:07:32,775 INFO     [task] go[UL] 0.2 0.0
2017-08-18 00:07:32,775 INFO     [task] go[RD] 0.2 0.00152485513876
2017-08-18 00:07:32,775 INFO     [task] go[UR] 0.2 0.0
2017-08-18 00:07:32,775 INFO     
2017-08-18 00:07:32,775 INFO     [rollout0] [1, 1, 3, 3, 0, 3, 0, 0, 0, 0, 4, 1, 3, 4, 6, 4, 1, 1, 4, 0, 3, 0, 0, 1, 0, 3, 0, 4, 0, 6]
2017-08-18 00:07:32,775 INFO     [rollout1] [4, 1, 1, 3, 2, 3, 3, 4, 4, 3, 4, 3, 4, 2, 6, 0, 0, 1, 0, 1, 3, 1, 4, 0, 1, 2, 4, 1, 3, 6]
2017-08-18 00:07:32,775 INFO     [rollout2] [4, 4, 1, 1, 1, 4, 4, 1, 2, 1, 4, 4, 2, 1, 6, 1, 1, 1, 1, 1, 0, 4, 3, 1, 4, 4, 0, 1, 4, 6]
2017-08-18 00:07:32,775 INFO     [reward] 0.0003
2017-08-18 00:07:32,775 INFO     [error] [ -3.79370590e-05   6.92754657e-05]
2017-08-18 00:07:32,776 INFO     
2017-08-18 00:07:32,776 INFO     [min reward] 0.0
2017-08-18 00:07:32,776 INFO     
2017-08-18 00:07:32,776 INFO     [max steps] 2
2017-08-18 00:11:28,940 INFO     [step] 100500
2017-08-18 00:11:28,940 INFO     [task] go[LL] 0.200060408543 0.0
2017-08-18 00:11:28,940 INFO     [task] go[LD] 0.200060408543 0.000792628554444
2017-08-18 00:11:28,940 INFO     [task] go[UL] 0.200060408543 0.0
2017-08-18 00:11:28,940 INFO     [task] go[RD] 0.199758365828 0.00049691910157
2017-08-18 00:11:28,940 INFO     [task] go[UR] 0.200060408543 0.0
2017-08-18 00:11:28,940 INFO     
2017-08-18 00:11:28,940 INFO     [rollout0] [2, 5, 1, 1, 1, 3, 1, 0, 3, 2, 1, 1, 2, 1, 1, 2, 6]
2017-08-18 00:11:28,940 INFO     [rollout1] [2, 4, 2, 3, 0, 2, 1, 4, 0, 4, 2, 2, 0, 3, 6, 0, 2, 2, 0, 1, 0, 2, 3, 2, 3, 0, 3, 4, 3, 6]
2017-08-18 00:11:28,940 INFO     [rollout2] [5, 2, 1, 4, 2, 0, 0, 2, 1, 0, 2, 2, 2, 1, 2, 6]
2017-08-18 00:11:28,941 INFO     [reward] 0.000257425742574
2017-08-18 00:11:28,941 INFO     [error] [ -1.40470825e-05   6.69767606e-06]
2017-08-18 00:11:28,941 INFO     
2017-08-18 00:11:28,941 INFO     [min reward] 0.0
2017-08-18 00:11:28,941 INFO     
2017-08-18 00:11:28,941 INFO     [max steps] 2
2017-08-18 00:17:57,562 INFO     [step] 195000
2017-08-18 00:17:57,563 INFO     [task] go[LL] 0.200051084239 0.0
2017-08-18 00:17:57,563 INFO     [task] go[LD] 0.199894088 0.0
2017-08-18 00:17:57,563 INFO     [task] go[UL] 0.200051084239 0.0
2017-08-18 00:17:57,563 INFO     [task] go[RD] 0.199952659283 0.0
2017-08-18 00:17:57,563 INFO     [task] go[UR] 0.200051084239 0.0
2017-08-18 00:17:57,563 INFO     
2017-08-18 00:17:57,563 INFO     [rollout0] [2, 4, 5, 2, 3, 0, 2, 0, 4, 0, 5]
2017-08-18 00:17:57,563 INFO     [rollout1] [1, 4, 5, 4, 2, 4, 1, 0, 1, 4, 1, 2, 5]
2017-08-18 00:17:57,563 INFO     [rollout2] [5, 2, 4, 2, 1, 5]
2017-08-18 00:17:57,563 INFO     [reward] 0.0
2017-08-18 00:17:57,563 INFO     [error] [ -1.41497506e-06   1.22532605e-07]
2017-08-18 00:17:57,564 INFO     
2017-08-18 00:17:57,564 INFO     [min reward] 0.0
2017-08-18 00:17:57,564 INFO     
2017-08-18 00:17:57,564 INFO     [max steps] 2
2017-08-18 00:24:22,643 INFO     [step] 295000
2017-08-18 00:24:22,643 INFO     [task] go[LL] 0.2 0.0
2017-08-18 00:24:22,643 INFO     [task] go[LD] 0.2 4.98529338452e-05
2017-08-18 00:24:22,643 INFO     [task] go[UL] 0.2 0.0
2017-08-18 00:24:22,643 INFO     [task] go[RD] 0.2 0.0
2017-08-18 00:24:22,643 INFO     [task] go[UR] 0.2 0.0
2017-08-18 00:24:22,643 INFO     
2017-08-18 00:24:22,643 INFO     [rollout0] [2, 2, 4, 1, 2, 3, 5, 0, 3, 4, 4, 1, 2, 2, 5]
2017-08-18 00:24:22,643 INFO     [rollout1] [5, 4, 1, 3, 2, 4, 5]
2017-08-18 00:24:22,643 INFO     [rollout2] [0, 0, 4, 1, 1, 0, 1, 5, 1, 3, 1, 0, 4, 5]
2017-08-18 00:24:22,643 INFO     [reward] 1e-05
2017-08-18 00:24:22,644 INFO     [error] [ -7.17004612e-06   1.01103453e-08]
2017-08-18 00:24:22,644 INFO     
2017-08-18 00:24:22,644 INFO     [min reward] 0.0
2017-08-18 00:24:22,644 INFO     
2017-08-18 00:24:22,644 INFO     [max steps] 2
2017-08-18 00:30:41,494 INFO     [step] 395000
2017-08-18 00:30:41,494 INFO     [task] go[LL] 0.200001974393 0.0
2017-08-18 00:30:41,494 INFO     [task] go[LD] 0.199992102428 0.0
2017-08-18 00:30:41,494 INFO     [task] go[UL] 0.200001974393 0.0
2017-08-18 00:30:41,494 INFO     [task] go[RD] 0.200001974393 5.02891626854e-05
2017-08-18 00:30:41,494 INFO     [task] go[UR] 0.200001974393 0.0
2017-08-18 00:30:41,494 INFO     
2017-08-18 00:30:41,494 INFO     [rollout0] [4, 2, 1, 0, 1, 2, 0, 2, 3, 4, 2, 1, 1, 1, 6, 2, 1, 0, 1, 4, 0, 1, 0, 1, 3, 0, 0, 3, 3, 6]
2017-08-18 00:30:41,494 INFO     [rollout1] [3, 1, 0, 2, 2, 5, 0, 0, 2, 4, 2, 5]
2017-08-18 00:30:41,494 INFO     [rollout2] [2, 3, 4, 3, 1, 1, 1, 0, 0, 2, 1, 3, 4, 0, 6, 0, 5]
2017-08-18 00:30:41,494 INFO     [reward] 1e-05
2017-08-18 00:30:41,494 INFO     [error] [ -6.63200644e-06   5.75326955e-09]
2017-08-18 00:30:41,495 INFO     
2017-08-18 00:30:41,495 INFO     [min reward] 0.0
2017-08-18 00:30:41,495 INFO     
2017-08-18 00:30:41,495 INFO     [max steps] 2
2017-08-18 00:36:56,759 INFO     [step] 495100
2017-08-18 00:36:56,760 INFO     [task] go[LL] 0.20000199167 0.0
2017-08-18 00:36:56,760 INFO     [task] go[LD] 0.20000199167 5.03018108652e-05
2017-08-18 00:36:56,760 INFO     [task] go[UL] 0.20000199167 0.0
2017-08-18 00:36:56,760 INFO     [task] go[RD] 0.199992033321 4.9930097863e-05
2017-08-18 00:36:56,760 INFO     [task] go[UR] 0.20000199167 4.97166152928e-05
2017-08-18 00:36:56,760 INFO     
2017-08-18 00:36:56,760 INFO     [rollout0] [5, 0, 5]
2017-08-18 00:36:56,760 INFO     [rollout1] [2, 4, 1, 5, 2, 5]
2017-08-18 00:36:56,760 INFO     [rollout2] [5, 0, 5]
2017-08-18 00:36:56,760 INFO     [reward] 2.997002997e-05
2017-08-18 00:36:56,760 INFO     [error] [ -7.02729142e-06   5.76022747e-09]
2017-08-18 00:36:56,761 INFO     
2017-08-18 00:36:56,761 INFO     [min reward] 0.0
2017-08-18 00:36:56,761 INFO     
2017-08-18 00:36:56,761 INFO     [max steps] 2
2017-08-18 00:43:11,072 INFO     [step] 595100
2017-08-18 00:43:11,073 INFO     [task] go[LL] 0.200005938732 0.0
2017-08-18 00:43:11,073 INFO     [task] go[LD] 0.199995977681 0.000100125156446
2017-08-18 00:43:11,073 INFO     [task] go[UL] 0.200005938732 0.0
2017-08-18 00:43:11,073 INFO     [task] go[RD] 0.19999605129 0.000100578325371
2017-08-18 00:43:11,073 INFO     [task] go[UR] 0.199996093565 4.97190871576e-05
2017-08-18 00:43:11,073 INFO     
2017-08-18 00:43:11,073 INFO     [rollout0] [1, 5, 2, 1, 5]
2017-08-18 00:43:11,073 INFO     [rollout1] [4, 5, 1, 1, 3, 1, 2, 0, 0, 5]
2017-08-18 00:43:11,073 INFO     [rollout2] [1, 1, 2, 2, 4, 1, 3, 5, 4, 4, 0, 4, 1, 1, 3, 0, 5]
2017-08-18 00:43:11,073 INFO     [reward] 5e-05
2017-08-18 00:43:11,073 INFO     [error] [ -3.72275561e-06   1.61695857e-09]
2017-08-18 00:43:11,073 INFO     
2017-08-18 00:43:11,073 INFO     [min reward] 0.0
2017-08-18 00:43:11,074 INFO     
2017-08-18 00:43:11,074 INFO     [max steps] 2
2017-08-18 00:49:23,033 INFO     [step] 695100
2017-08-18 00:49:23,033 INFO     [task] go[LL] 0.200009918217 0.0
2017-08-18 00:49:23,033 INFO     [task] go[LD] 0.19999009047 0.0
2017-08-18 00:49:23,033 INFO     [task] go[UL] 0.200009918217 4.98256103637e-05
2017-08-18 00:49:23,033 INFO     [task] go[RD] 0.19999000073 0.0
2017-08-18 00:49:23,033 INFO     [task] go[UR] 0.200000072365 0.0
2017-08-18 00:49:23,033 INFO     
2017-08-18 00:49:23,033 INFO     [rollout0] [2, 2, 2, 2, 2, 3, 2, 3, 0, 1, 2, 3, 1, 2, 6, 3, 5]
2017-08-18 00:49:23,033 INFO     [rollout1] [1, 2, 0, 5, 0, 4, 4, 3, 0, 2, 4, 1, 1, 1, 5]
2017-08-18 00:49:23,033 INFO     [rollout2] [1, 5, 0, 4, 1, 3, 4, 1, 5]
2017-08-18 00:49:23,033 INFO     [reward] 1e-05
2017-08-18 00:49:23,034 INFO     [error] [ -2.98560561e-06   1.15793658e-08]
2017-08-18 00:49:23,034 INFO     
2017-08-18 00:49:23,034 INFO     [min reward] 0.0
2017-08-18 00:49:23,034 INFO     
2017-08-18 00:49:23,034 INFO     [max steps] 2
2017-08-18 00:55:34,474 INFO     [step] 795200
2017-08-18 00:55:34,474 INFO     [task] go[LL] 0.200001973311 0.0
2017-08-18 00:55:34,474 INFO     [task] go[LD] 0.200001973311 4.99800079968e-05
2017-08-18 00:55:34,474 INFO     [task] go[UL] 0.199992106756 0.0
2017-08-18 00:55:34,474 INFO     [task] go[RD] 0.200001973311 5.01781323699e-05
2017-08-18 00:55:34,474 INFO     [task] go[UR] 0.200001973311 0.0
2017-08-18 00:55:34,474 INFO     
2017-08-18 00:55:34,475 INFO     [rollout0] [4, 0, 4, 0, 3, 4, 1, 2, 3, 5, 0, 4, 4, 4, 0, 1, 5]
2017-08-18 00:55:34,475 INFO     [rollout1] [1, 5, 4, 2, 4, 1, 3, 2, 2, 0, 4, 1, 1, 3, 2, 1, 6]
2017-08-18 00:55:34,475 INFO     [rollout2] [3, 3, 2, 4, 0, 4, 5, 4, 0, 4, 2, 2, 5]
2017-08-18 00:55:34,475 INFO     [reward] 1.998001998e-05
2017-08-18 00:55:34,475 INFO     [error] [ -9.13215065e-06   1.24684299e-08]
2017-08-18 00:55:34,475 INFO     
2017-08-18 00:55:34,475 INFO     [min reward] 0.0
2017-08-18 00:55:34,475 INFO     
2017-08-18 00:55:34,475 INFO     [max steps] 2
2017-08-18 01:01:45,982 INFO     [step] 895300
2017-08-18 01:01:45,982 INFO     [task] go[LL] 0.200003966738 0.0
2017-08-18 01:01:45,982 INFO     [task] go[LD] 0.19999406951 0.000250878073256
2017-08-18 01:01:45,982 INFO     [task] go[UL] 0.200003966738 0.0
2017-08-18 01:01:45,982 INFO     [task] go[RD] 0.199994030277 0.000351105983849
2017-08-18 01:01:45,982 INFO     [task] go[UR] 0.200003966738 4.94462025316e-05
2017-08-18 01:01:45,982 INFO     
2017-08-18 01:01:45,982 INFO     [rollout0] [3, 1, 3, 1, 0, 4, 4, 1, 4, 3, 3, 5, 5]
2017-08-18 01:01:45,982 INFO     [rollout1] [2, 1, 1, 5, 2, 0, 5]
2017-08-18 01:01:45,983 INFO     [rollout2] [3, 0, 3, 3, 0, 2, 2, 5, 5]
2017-08-18 01:01:45,983 INFO     [reward] 0.00012987012987
2017-08-18 01:01:45,983 INFO     [error] [ -7.38808066e-07   5.41007264e-09]
2017-08-18 01:01:45,983 INFO     
2017-08-18 01:01:45,983 INFO     [min reward] 0.0
2017-08-18 01:01:45,983 INFO     
2017-08-18 01:01:45,983 INFO     [max steps] 2
2017-08-18 01:07:57,130 INFO     [step] 995400
2017-08-18 01:07:57,130 INFO     [task] go[LL] 0.200025802547 0.0
2017-08-18 01:07:57,130 INFO     [task] go[LD] 0.199976117311 9.93591335884e-05
2017-08-18 01:07:57,130 INFO     [task] go[UL] 0.200025802547 0.000100740442251
2017-08-18 01:07:57,131 INFO     [task] go[RD] 0.19995626764 0.000299192181111
2017-08-18 01:07:57,131 INFO     [task] go[UR] 0.200016009956 0.0
2017-08-18 01:07:57,131 INFO     
2017-08-18 01:07:57,131 INFO     [rollout0] [2, 0, 5, 3, 4, 3, 2, 1, 2, 5]
2017-08-18 01:07:57,131 INFO     [rollout1] [0, 1, 5, 3, 5]
2017-08-18 01:07:57,131 INFO     [rollout2] [1, 5, 1, 3, 3, 5]
2017-08-18 01:07:57,131 INFO     [reward] 9.99000999001e-05
2017-08-18 01:07:57,131 INFO     [error] [ -1.66883996e-06   1.27363331e-08]
2017-08-18 01:07:57,131 INFO     
2017-08-18 01:07:57,131 INFO     [min reward] 0.0
2017-08-18 01:07:57,131 INFO     
2017-08-18 01:07:57,131 INFO     [max steps] 2
2017-08-18 01:14:07,007 INFO     [step] 1095700
2017-08-18 01:14:07,007 INFO     [task] go[LL] 0.200019775886 0.0
2017-08-18 01:14:07,007 INFO     [task] go[LD] 0.200000098865 9.97108385682e-05
2017-08-18 01:14:07,007 INFO     [task] go[UL] 0.199999825311 5.00075011252e-05
2017-08-18 01:14:07,007 INFO     [task] go[RD] 0.199960524052 4.99850044987e-05
2017-08-18 01:14:07,007 INFO     [task] go[UR] 0.200019775886 4.94437577256e-05
2017-08-18 01:14:07,007 INFO     
2017-08-18 01:14:07,007 INFO     [rollout0] [1, 3, 2, 2, 5, 1, 1, 0, 5]
2017-08-18 01:14:07,008 INFO     [rollout1] [4, 2, 2, 3, 2, 3, 0, 2, 5, 2, 5]
2017-08-18 01:14:07,008 INFO     [rollout2] [2, 3, 4, 4, 4, 5, 3, 1, 4, 1, 0, 5]
2017-08-18 01:14:07,008 INFO     [reward] 4.9850448654e-05
2017-08-18 01:14:07,008 INFO     [error] [ -3.04131137e-06   3.18154909e-09]
2017-08-18 01:14:07,008 INFO     
2017-08-18 01:14:07,008 INFO     [min reward] 0.0
2017-08-18 01:14:07,008 INFO     
2017-08-18 01:14:07,008 INFO     [max steps] 2
2017-08-18 01:20:15,453 INFO     [step] 1195800
2017-08-18 01:20:15,454 INFO     [task] go[LL] 0.200009867699 0.0
2017-08-18 01:20:15,454 INFO     [task] go[LD] 0.199990122004 0.0
2017-08-18 01:20:15,454 INFO     [task] go[UL] 0.199999964735 0.0
2017-08-18 01:20:15,454 INFO     [task] go[RD] 0.19999996919 0.0
2017-08-18 01:20:15,454 INFO     [task] go[UR] 0.200000076373 5.07125107764e-05
2017-08-18 01:20:15,454 INFO     
2017-08-18 01:20:15,454 INFO     [rollout0] [2, 3, 3, 4, 3, 4, 4, 3, 1, 3, 0, 2, 4, 4, 6, 0, 4, 1, 1, 3, 3, 2, 2, 2, 0, 2, 4, 3, 3, 6]
2017-08-18 01:20:15,454 INFO     [rollout1] [0, 2, 3, 1, 3, 3, 2, 3, 5, 5]
2017-08-18 01:20:15,454 INFO     [rollout2] [2, 4, 5, 5]
2017-08-18 01:20:15,454 INFO     [reward] 9.99000999001e-06
2017-08-18 01:20:15,454 INFO     [error] [ -6.79581712e-06   6.79827156e-09]
2017-08-18 01:20:15,455 INFO     
2017-08-18 01:20:15,455 INFO     [min reward] 0.0
2017-08-18 01:20:15,455 INFO     
2017-08-18 01:20:15,455 INFO     [max steps] 2
2017-08-18 01:26:24,474 INFO     [step] 1295800
2017-08-18 01:26:24,475 INFO     [task] go[LL] 0.200002008436 5.00901622921e-05
2017-08-18 01:26:24,475 INFO     [task] go[LD] 0.200002008436 5.00275151333e-05
2017-08-18 01:26:24,475 INFO     [task] go[UL] 0.200002008436 5.01353654868e-05
2017-08-18 01:26:24,475 INFO     [task] go[RD] 0.200002008436 0.0
2017-08-18 01:26:24,475 INFO     [task] go[UR] 0.199991966254 0.0
2017-08-18 01:26:24,475 INFO     
2017-08-18 01:26:24,475 INFO     [rollout0] [0, 5, 0, 4, 4, 0, 0, 5]
2017-08-18 01:26:24,475 INFO     [rollout1] [3, 0, 1, 3, 2, 0, 5, 5]
2017-08-18 01:26:24,475 INFO     [rollout2] [5, 3, 5]
2017-08-18 01:26:24,475 INFO     [reward] 3e-05
2017-08-18 01:26:24,475 INFO     [error] [ -6.40790361e-06   3.13550775e-09]
2017-08-18 01:26:24,475 INFO     
2017-08-18 01:26:24,476 INFO     [min reward] 0.0
2017-08-18 01:26:24,476 INFO     
2017-08-18 01:26:24,476 INFO     [max steps] 2
2017-08-18 01:32:34,914 INFO     [step] 1396100
2017-08-18 01:32:34,915 INFO     [task] go[LL] 0.199996031653 0.0
2017-08-18 01:32:34,915 INFO     [task] go[LD] 0.199996044059 0.0
2017-08-18 01:32:34,915 INFO     [task] go[UL] 0.199996022702 5.05101525407e-05
2017-08-18 01:32:34,915 INFO     [task] go[RD] 0.200005950793 0.0
2017-08-18 01:32:34,915 INFO     [task] go[UR] 0.200005950793 4.99750124938e-05
2017-08-18 01:32:34,915 INFO     
2017-08-18 01:32:34,915 INFO     [rollout0] [4, 0, 5, 2, 2, 0, 2, 4, 1, 0, 5]
2017-08-18 01:32:34,915 INFO     [rollout1] [2, 3, 3, 1, 0, 5, 4, 5]
2017-08-18 01:32:34,915 INFO     [rollout2] [3, 1, 4, 4, 4, 4, 3, 1, 2, 5, 5]
2017-08-18 01:32:34,915 INFO     [reward] 1.99401794616e-05
2017-08-18 01:32:34,915 INFO     [error] [ -2.34466735e-06   6.81496895e-09]
2017-08-18 01:32:34,915 INFO     
2017-08-18 01:32:34,916 INFO     [min reward] 0.0
2017-08-18 01:32:34,916 INFO     
2017-08-18 01:32:34,916 INFO     [max steps] 2
2017-08-18 01:38:44,145 INFO     [step] 1496200
2017-08-18 01:38:44,146 INFO     [task] go[LL] 0.20000397969 0.0
2017-08-18 01:38:44,146 INFO     [task] go[LD] 0.20000397969 0.0
2017-08-18 01:38:44,146 INFO     [task] go[UL] 0.19999397748 0.0
2017-08-18 01:38:44,146 INFO     [task] go[RD] 0.20000397969 0.0
2017-08-18 01:38:44,146 INFO     [task] go[UR] 0.199994083451 4.97512437811e-05
2017-08-18 01:38:44,146 INFO     
2017-08-18 01:38:44,146 INFO     [rollout0] [5, 0, 4, 3, 2, 1, 1, 2, 4, 4, 1, 5]
2017-08-18 01:38:44,146 INFO     [rollout1] [2, 4, 0, 1, 3, 5, 3, 0, 1, 4, 3, 4, 2, 2, 1, 5]
2017-08-18 01:38:44,146 INFO     [rollout2] [2, 0, 0, 5, 3, 2, 4, 2, 5]
2017-08-18 01:38:44,146 INFO     [reward] 9.99000999001e-06
2017-08-18 01:38:44,146 INFO     [error] [ -2.45557119e-06   5.63292077e-09]
2017-08-18 01:38:44,147 INFO     
2017-08-18 01:38:44,147 INFO     [min reward] 0.0
2017-08-18 01:38:44,147 INFO     
2017-08-18 01:38:44,147 INFO     [max steps] 2
2017-08-18 01:44:53,124 INFO     [step] 1596300
2017-08-18 01:44:53,124 INFO     [task] go[LL] 0.200001970366 0.0
2017-08-18 01:44:53,124 INFO     [task] go[LD] 0.200001970366 0.0
2017-08-18 01:44:53,124 INFO     [task] go[UL] 0.200001970366 0.0
2017-08-18 01:44:53,124 INFO     [task] go[RD] 0.200001970366 0.0
2017-08-18 01:44:53,124 INFO     [task] go[UR] 0.199992118537 4.97537190905e-05
2017-08-18 01:44:53,124 INFO     
2017-08-18 01:44:53,124 INFO     [rollout0] [0, 4, 2, 3, 0, 2, 2, 1, 4, 5, 3, 0, 2, 0, 0, 2, 2, 5]
2017-08-18 01:44:53,124 INFO     [rollout1] [5, 4, 3, 4, 1, 0, 0, 0, 0, 4, 0, 1, 2, 2, 1, 6]
2017-08-18 01:44:53,124 INFO     [rollout2] [0, 2, 1, 2, 2, 1, 2, 5, 2, 3, 2, 4, 1, 4, 0, 5]
2017-08-18 01:44:53,124 INFO     [reward] 9.99000999001e-06
2017-08-18 01:44:53,124 INFO     [error] [ -4.85066757e-06   8.70399588e-10]
2017-08-18 01:44:53,125 INFO     
2017-08-18 01:44:53,125 INFO     [min reward] 0.0
2017-08-18 01:44:53,125 INFO     
2017-08-18 01:44:53,125 INFO     [max steps] 2
2017-08-18 01:51:02,649 INFO     [step] 1696300
2017-08-18 01:51:02,649 INFO     [task] go[LL] 0.200001970464 0.0
2017-08-18 01:51:02,649 INFO     [task] go[LD] 0.200001970464 0.0
2017-08-18 01:51:02,649 INFO     [task] go[UL] 0.200001970464 0.0
2017-08-18 01:51:02,649 INFO     [task] go[RD] 0.200001970464 9.98452398782e-05
2017-08-18 01:51:02,650 INFO     [task] go[UR] 0.199992118145 0.000100684655658
2017-08-18 01:51:02,650 INFO     
2017-08-18 01:51:02,650 INFO     [rollout0] [0, 1, 4, 2, 4, 1, 2, 5, 1, 4, 0, 5]
2017-08-18 01:51:02,650 INFO     [rollout1] [0, 2, 0, 0, 1, 5, 5]
2017-08-18 01:51:02,650 INFO     [rollout2] [4, 1, 3, 1, 1, 3, 3, 1, 3, 0, 2, 3, 5, 1, 5]
2017-08-18 01:51:02,650 INFO     [reward] 4e-05
2017-08-18 01:51:02,650 INFO     [error] [ -7.51151744e-06   1.45011161e-08]
2017-08-18 01:51:02,650 INFO     
2017-08-18 01:51:02,650 INFO     [min reward] 0.0
2017-08-18 01:51:02,650 INFO     
2017-08-18 01:51:02,650 INFO     [max steps] 2
2017-08-18 01:57:11,717 INFO     [step] 1796600
2017-08-18 01:57:11,717 INFO     [task] go[LL] 0.200007942093 0.0
2017-08-18 01:57:11,717 INFO     [task] go[LD] 0.200007942093 5.02285398563e-05
2017-08-18 01:57:11,717 INFO     [task] go[UL] 0.200007942093 0.0
2017-08-18 01:57:11,718 INFO     [task] go[RD] 0.199988169974 0.0
2017-08-18 01:57:11,718 INFO     [task] go[UR] 0.199988003746 0.0
2017-08-18 01:57:11,718 INFO     
2017-08-18 01:57:11,718 INFO     [rollout0] [2, 4, 4, 2, 2, 3, 3, 1, 1, 3, 3, 1, 1, 3, 6, 2, 1, 0, 0, 4, 4, 0, 0, 4, 5]
2017-08-18 01:57:11,718 INFO     [rollout1] [3, 5, 3, 1, 4, 1, 0, 2, 4, 3, 2, 3, 0, 3, 4, 3, 6]
2017-08-18 01:57:11,718 INFO     [rollout2] [3, 3, 1, 2, 0, 0, 5, 4, 3, 0, 0, 1, 5]
2017-08-18 01:57:11,718 INFO     [reward] 9.97008973081e-06
2017-08-18 01:57:11,718 INFO     [error] [ -6.35324511e-06   4.29118441e-09]
2017-08-18 01:57:11,718 INFO     
2017-08-18 01:57:11,718 INFO     [min reward] 0.0
2017-08-18 01:57:11,718 INFO     
2017-08-18 01:57:11,718 INFO     [max steps] 2
2017-08-18 02:03:22,636 INFO     [step] 1896700
2017-08-18 02:03:22,637 INFO     [task] go[LL] 0.200001989269 0.0
2017-08-18 02:03:22,637 INFO     [task] go[LD] 0.199992042924 0.0
2017-08-18 02:03:22,637 INFO     [task] go[UL] 0.200001989269 0.0
2017-08-18 02:03:22,637 INFO     [task] go[RD] 0.200001989269 0.000392503189088
2017-08-18 02:03:22,637 INFO     [task] go[UR] 0.200001989269 5.05280177859e-05
2017-08-18 02:03:22,637 INFO     
2017-08-18 02:03:22,637 INFO     [rollout0] [0, 4, 5, 2, 5]
2017-08-18 02:03:22,637 INFO     [rollout1] [1, 0, 3, 1, 5, 4, 3, 2, 3, 2, 2, 4, 3, 5]
2017-08-18 02:03:22,637 INFO     [rollout2] [2, 2, 0, 2, 3, 2, 1, 2, 2, 0, 4, 4, 1, 2, 6, 5]
2017-08-18 02:03:22,637 INFO     [reward] 8.99100899101e-05
2017-08-18 02:03:22,637 INFO     [error] [ -3.00115353e-06   4.31476296e-09]
2017-08-18 02:03:22,638 INFO     
2017-08-18 02:03:22,638 INFO     [min reward] 0.0
2017-08-18 02:03:22,638 INFO     
2017-08-18 02:03:22,638 INFO     [max steps] 2
2017-08-18 02:09:30,895 INFO     [step] 1996800
2017-08-18 02:09:30,895 INFO     [task] go[LL] 0.20001754733 0.0
2017-08-18 02:09:30,895 INFO     [task] go[LD] 0.20001754733 0.0
2017-08-18 02:09:30,895 INFO     [task] go[UL] 0.20001754733 0.0
2017-08-18 02:09:30,895 INFO     [task] go[RD] 0.199939817107 0.0
2017-08-18 02:09:30,895 INFO     [task] go[UR] 0.200007540904 0.0
2017-08-18 02:09:30,895 INFO     
2017-08-18 02:09:30,895 INFO     [rollout0] [4, 3, 5, 5]
2017-08-18 02:09:30,895 INFO     [rollout1] [0, 2, 3, 2, 1, 2, 5, 4, 2, 2, 0, 4, 5]
2017-08-18 02:09:30,895 INFO     [rollout2] [1, 0, 1, 2, 0, 1, 1, 1, 1, 4, 5, 2, 2, 4, 2, 4, 3, 3, 3, 5]
2017-08-18 02:09:30,895 INFO     [reward] 0.0
2017-08-18 02:09:30,896 INFO     [error] [ -6.08794543e-06   6.93557017e-09]
2017-08-18 02:09:30,896 INFO     
2017-08-18 02:09:30,896 INFO     [min reward] 0.0
2017-08-18 02:09:30,896 INFO     
2017-08-18 02:09:30,896 INFO     [max steps] 2
2017-08-18 02:15:38,946 INFO     [step] 2096800
2017-08-18 02:15:38,946 INFO     [task] go[LL] 0.2 0.0
2017-08-18 02:15:38,946 INFO     [task] go[LD] 0.2 0.0
2017-08-18 02:15:38,946 INFO     [task] go[UL] 0.2 0.0
2017-08-18 02:15:38,946 INFO     [task] go[RD] 0.2 0.000149469383688
2017-08-18 02:15:38,946 INFO     [task] go[UR] 0.2 0.0
2017-08-18 02:15:38,946 INFO     
2017-08-18 02:15:38,946 INFO     [rollout0] [3, 4, 0, 1, 1, 3, 5, 4, 1, 5]
2017-08-18 02:15:38,946 INFO     [rollout1] [1, 3, 1, 3, 3, 5, 2, 1, 4, 5]
2017-08-18 02:15:38,946 INFO     [rollout2] [5, 0, 4, 2, 5]
2017-08-18 02:15:38,946 INFO     [reward] 3e-05
2017-08-18 02:15:38,946 INFO     [error] [ -2.03346339e-06   1.48816748e-08]
2017-08-18 02:15:38,947 INFO     
2017-08-18 02:15:38,947 INFO     [min reward] 0.0
2017-08-18 02:15:38,947 INFO     
2017-08-18 02:15:38,947 INFO     [max steps] 2
2017-08-18 02:21:49,347 INFO     [step] 2197500
2017-08-18 02:21:49,347 INFO     [task] go[LL] 0.200005919755 0.0
2017-08-18 02:21:49,347 INFO     [task] go[LD] 0.200005919755 9.96810207337e-05
2017-08-18 02:21:49,348 INFO     [task] go[UL] 0.200005919755 0.0
2017-08-18 02:21:49,348 INFO     [task] go[RD] 0.199976320981 0.0
2017-08-18 02:21:49,348 INFO     [task] go[UR] 0.200005919755 4.96943795657e-05
2017-08-18 02:21:49,348 INFO     
2017-08-18 02:21:49,348 INFO     [rollout0] [3, 2, 1, 4, 0, 0, 5, 1, 5]
2017-08-18 02:21:49,348 INFO     [rollout1] [2, 3, 4, 5, 3, 3, 3, 5]
2017-08-18 02:21:49,348 INFO     [rollout2] [1, 5, 0, 2, 0, 2, 5]
2017-08-18 02:21:49,348 INFO     [reward] 2.97914597815e-05
2017-08-18 02:21:49,348 INFO     [error] [ -5.91653298e-06   2.47419792e-09]
2017-08-18 02:21:49,348 INFO     
2017-08-18 02:21:49,348 INFO     [min reward] 0.0
2017-08-18 02:21:49,348 INFO     
2017-08-18 02:21:49,348 INFO     [max steps] 2
2017-08-18 02:27:59,619 INFO     [step] 2298500
2017-08-18 02:27:59,619 INFO     [task] go[LL] 0.200005916032 0.0
2017-08-18 02:27:59,619 INFO     [task] go[LD] 0.199986176633 9.85561523678e-05
2017-08-18 02:27:59,619 INFO     [task] go[UL] 0.200005916032 0.0
2017-08-18 02:27:59,619 INFO     [task] go[RD] 0.200005916032 0.0
2017-08-18 02:27:59,619 INFO     [task] go[UR] 0.19999607527 0.0
2017-08-18 02:27:59,619 INFO     
2017-08-18 02:27:59,619 INFO     [rollout0] [5, 1, 2, 1, 0, 0, 4, 0, 5]
2017-08-18 02:27:59,619 INFO     [rollout1] [1, 5, 4, 2, 4, 5]
2017-08-18 02:27:59,619 INFO     [rollout2] [1, 3, 4, 3, 1, 4, 4, 5, 4, 2, 3, 5]
2017-08-18 02:27:59,619 INFO     [reward] 1.9801980198e-05
2017-08-18 02:27:59,619 INFO     [error] [ -5.61650872e-06   7.46479329e-09]
2017-08-18 02:27:59,620 INFO     
2017-08-18 02:27:59,620 INFO     [min reward] 0.0
2017-08-18 02:27:59,620 INFO     
2017-08-18 02:27:59,620 INFO     [max steps] 2
2017-08-18 02:34:07,554 INFO     [step] 2398500
2017-08-18 02:34:07,554 INFO     [task] go[LL] 0.20000390329 0.0
2017-08-18 02:34:07,554 INFO     [task] go[LD] 0.199984386839 0.0
2017-08-18 02:34:07,554 INFO     [task] go[UL] 0.20000390329 0.0
2017-08-18 02:34:07,555 INFO     [task] go[RD] 0.20000390329 4.97710531555e-05
2017-08-18 02:34:07,555 INFO     [task] go[UR] 0.20000390329 0.0
2017-08-18 02:34:07,555 INFO     
2017-08-18 02:34:07,555 INFO     [rollout0] [2, 1, 3, 1, 0, 5, 3, 4, 4, 2, 3, 1, 2, 1, 2, 2, 3, 2, 1, 2, 6]
2017-08-18 02:34:07,555 INFO     [rollout1] [3, 2, 0, 3, 0, 3, 0, 0, 1, 4, 5, 2, 5]
2017-08-18 02:34:07,555 INFO     [rollout2] [2, 4, 1, 1, 3, 4, 3, 1, 3, 2, 3, 3, 2, 0, 6, 3, 2, 2, 1, 5]
2017-08-18 02:34:07,555 INFO     [reward] 1e-05
2017-08-18 02:34:07,555 INFO     [error] [ -1.12708449e-06   4.58869346e-09]
2017-08-18 02:34:07,555 INFO     
2017-08-18 02:34:07,555 INFO     [min reward] 0.0
2017-08-18 02:34:07,555 INFO     
2017-08-18 02:34:07,555 INFO     [max steps] 2
2017-08-18 02:40:16,790 INFO     [step] 2499000
2017-08-18 02:40:16,790 INFO     [task] go[LL] 0.20000197115 4.96302546032e-05
2017-08-18 02:40:16,790 INFO     [task] go[LD] 0.20000197115 0.0
2017-08-18 02:40:16,790 INFO     [task] go[UL] 0.20000197115 0.0
2017-08-18 02:40:16,790 INFO     [task] go[RD] 0.199992115399 9.84058256249e-05
2017-08-18 02:40:16,790 INFO     [task] go[UR] 0.20000197115 0.0
2017-08-18 02:40:16,790 INFO     
2017-08-18 02:40:16,790 INFO     [rollout0] [4, 2, 0, 1, 4, 2, 0, 0, 3, 3, 4, 1, 3, 5, 2, 1, 5]
2017-08-18 02:40:16,790 INFO     [rollout1] [5, 4, 0, 4, 3, 1, 1, 2, 0, 0, 0, 4, 4, 5]
2017-08-18 02:40:16,790 INFO     [rollout2] [4, 5, 0, 5]
2017-08-18 02:40:16,790 INFO     [reward] 2.98507462687e-05
2017-08-18 02:40:16,790 INFO     [error] [ -7.45064685e-06   1.35357006e-08]
2017-08-18 02:40:16,791 INFO     
2017-08-18 02:40:16,791 INFO     [min reward] 0.0
2017-08-18 02:40:16,791 INFO     
2017-08-18 02:40:16,791 INFO     [max steps] 2
2017-08-18 02:46:24,769 INFO     [step] 2599100
2017-08-18 02:46:24,769 INFO     [task] go[LL] 0.199996034926 0.0
2017-08-18 02:46:24,769 INFO     [task] go[LD] 0.200005862987 9.98203234178e-05
2017-08-18 02:46:24,769 INFO     [task] go[UL] 0.200005862987 0.0
2017-08-18 02:46:24,769 INFO     [task] go[RD] 0.199986376114 0.000149715540473
2017-08-18 02:46:24,769 INFO     [task] go[UR] 0.200005862987 0.0
2017-08-18 02:46:24,769 INFO     
2017-08-18 02:46:24,769 INFO     [rollout0] [3, 4, 2, 2, 2, 4, 3, 2, 0, 4, 3, 2, 0, 1, 6, 1, 1, 1, 1, 2, 1, 2, 2, 2, 0, 3, 4, 5]
2017-08-18 02:46:24,769 INFO     [rollout1] [0, 4, 0, 1, 0, 2, 0, 2, 1, 0, 0, 2, 0, 5, 0, 0, 2, 5]
2017-08-18 02:46:24,769 INFO     [rollout2] [3, 3, 4, 3, 5, 1, 5]
2017-08-18 02:46:24,770 INFO     [reward] 4.995004995e-05
2017-08-18 02:46:24,770 INFO     [error] [ -4.91568680e-06   1.09245661e-08]
2017-08-18 02:46:24,770 INFO     
2017-08-18 02:46:24,770 INFO     [min reward] 0.0
2017-08-18 02:46:24,770 INFO     
2017-08-18 02:46:24,770 INFO     [max steps] 2
2017-08-18 02:52:33,221 INFO     [step] 2699400
2017-08-18 02:52:33,221 INFO     [task] go[LL] 0.200009883097 0.0
2017-08-18 02:52:33,221 INFO     [task] go[LD] 0.199990115719 4.95343768575e-05
2017-08-18 02:52:33,221 INFO     [task] go[UL] 0.200009883097 0.0
2017-08-18 02:52:33,222 INFO     [task] go[RD] 0.19998023499 4.93583415597e-05
2017-08-18 02:52:33,222 INFO     [task] go[UR] 0.200009883097 0.0
2017-08-18 02:52:33,222 INFO     
2017-08-18 02:52:33,222 INFO     [rollout0] [2, 5, 3, 1, 2, 3, 5]
2017-08-18 02:52:33,222 INFO     [rollout1] [1, 3, 0, 1, 4, 1, 2, 2, 2, 5, 3, 3, 4, 0, 1, 1, 4, 5]
2017-08-18 02:52:33,222 INFO     [rollout2] [1, 3, 0, 0, 2, 2, 5, 1, 5]
2017-08-18 02:52:33,222 INFO     [reward] 1.99401794616e-05
2017-08-18 02:52:33,222 INFO     [error] [ -1.05233914e-06   9.37405507e-09]
2017-08-18 02:52:33,222 INFO     
2017-08-18 02:52:33,222 INFO     [min reward] 0.0
2017-08-18 02:52:33,222 INFO     
2017-08-18 02:52:33,222 INFO     [max steps] 2
2017-08-18 02:58:41,628 INFO     [step] 2799500
2017-08-18 02:58:41,628 INFO     [task] go[LL] 0.20000391662 0.0
2017-08-18 02:58:41,628 INFO     [task] go[LD] 0.19999410764 5.05254648343e-05
2017-08-18 02:58:41,628 INFO     [task] go[UL] 0.20000391662 0.0
2017-08-18 02:58:41,628 INFO     [task] go[RD] 0.1999941425 0.000249301954527
2017-08-18 02:58:41,628 INFO     [task] go[UR] 0.20000391662 0.0
2017-08-18 02:58:41,628 INFO     
2017-08-18 02:58:41,628 INFO     [rollout0] [0, 4, 1, 1, 5, 4, 3, 2, 2, 2, 5]
2017-08-18 02:58:41,628 INFO     [rollout1] [3, 2, 4, 1, 4, 4, 2, 4, 4, 4, 0, 3, 1, 4, 6, 0, 5]
2017-08-18 02:58:41,628 INFO     [rollout2] [5, 0, 4, 3, 3, 2, 3, 5]
2017-08-18 02:58:41,628 INFO     [reward] 5.99400599401e-05
2017-08-18 02:58:41,628 INFO     [error] [ -6.48225802e-06   3.64286430e-09]
2017-08-18 02:58:41,629 INFO     
2017-08-18 02:58:41,629 INFO     [min reward] 0.0
2017-08-18 02:58:41,629 INFO     
2017-08-18 02:58:41,629 INFO     [max steps] 2
2017-08-18 03:04:50,208 INFO     [step] 2899800
2017-08-18 03:04:50,208 INFO     [task] go[LL] 0.200011875058 0.0
2017-08-18 03:04:50,209 INFO     [task] go[LD] 0.200001869422 0.0
2017-08-18 03:04:50,209 INFO     [task] go[UL] 0.200011875058 0.0
2017-08-18 03:04:50,209 INFO     [task] go[RD] 0.199962505403 4.93218249075e-05
2017-08-18 03:04:50,209 INFO     [task] go[UR] 0.200011875058 0.0
2017-08-18 03:04:50,209 INFO     
2017-08-18 03:04:50,209 INFO     [rollout0] [0, 0, 3, 2, 5, 4, 4, 1, 5]
2017-08-18 03:04:50,209 INFO     [rollout1] [1, 4, 1, 3, 0, 0, 1, 1, 4, 0, 5, 3, 0, 3, 3, 3, 3, 2, 3, 0, 4, 2, 0, 1, 0, 6]
2017-08-18 03:04:50,209 INFO     [rollout2] [3, 3, 4, 2, 2, 0, 1, 4, 3, 2, 2, 3, 4, 2, 6, 1, 4, 3, 3, 1, 0, 2, 4, 2, 5]
2017-08-18 03:04:50,209 INFO     [reward] 9.97008973081e-06
2017-08-18 03:04:50,209 INFO     [error] [ -2.75368962e-06   5.65973056e-09]
2017-08-18 03:04:50,209 INFO     
2017-08-18 03:04:50,209 INFO     [min reward] 0.0
2017-08-18 03:04:50,209 INFO     
2017-08-18 03:04:50,210 INFO     [max steps] 2
2017-08-18 03:10:58,166 INFO     [step] 2999900
2017-08-18 03:10:58,166 INFO     [task] go[LL] 0.200001953359 0.0
2017-08-18 03:10:58,166 INFO     [task] go[LD] 0.200001953359 0.0001500825454
2017-08-18 03:10:58,166 INFO     [task] go[UL] 0.200001953359 0.0
2017-08-18 03:10:58,166 INFO     [task] go[RD] 0.199992186565 0.00030001500075
2017-08-18 03:10:58,166 INFO     [task] go[UR] 0.200001953359 5.0220972278e-05
2017-08-18 03:10:58,166 INFO     
2017-08-18 03:10:58,166 INFO     [rollout0] [5, 5]
2017-08-18 03:10:58,166 INFO     [rollout1] [0, 1, 5, 1, 4, 0, 4, 4, 5]
2017-08-18 03:10:58,166 INFO     [rollout2] [3, 4, 5, 5]
2017-08-18 03:10:58,166 INFO     [reward] 9.99000999001e-05
2017-08-18 03:10:58,166 INFO     [error] [ -7.26069871e-06   9.40216220e-09]
2017-08-18 03:10:58,167 INFO     
2017-08-18 03:10:58,167 INFO     [min reward] 0.0
2017-08-18 03:10:58,167 INFO     
2017-08-18 03:10:58,167 INFO     [max steps] 2
2017-08-18 03:17:13,245 INFO     [step] 3099900
2017-08-18 03:17:13,246 INFO     [task] go[LL] 0.200019816558 0.0
2017-08-18 03:17:13,246 INFO     [task] go[LD] 0.199990094297 0.000100195380993
2017-08-18 03:17:13,246 INFO     [task] go[UL] 0.200019816558 0.0
2017-08-18 03:17:13,246 INFO     [task] go[RD] 0.199960401761 0.102519331504
2017-08-18 03:17:13,246 INFO     [task] go[UR] 0.200009870826 0.000151026983488
2017-08-18 03:17:13,246 INFO     
2017-08-18 03:17:13,246 INFO     [rollout0] [2, 4, 4, 2, 5, 0, 4, 0, 2, 4, 3, 5]
2017-08-18 03:17:13,246 INFO     [rollout1] [0, 4, 4, 2, 0, 4, 2, 1, 4, 5, 1, 3, 1, 3, 2, 1, 1, 2, 1, 1, 2, 5]
2017-08-18 03:17:13,246 INFO     [rollout2] [5, 3, 3, 3, 3, 2, 1, 3, 4, 3, 3, 1, 2, 3, 4, 6]
2017-08-18 03:17:13,246 INFO     [reward] 0.0206
2017-08-18 03:17:13,246 INFO     [error] [  1.64977717e-06   1.98442542e-05]
2017-08-18 03:17:13,247 INFO     
2017-08-18 03:17:13,247 INFO     [min reward] 0.0
2017-08-18 03:17:13,247 INFO     
