2016-10-28 08:17:38,194 INFO     BEGIN
2016-10-28 08:17:38,194 INFO     struct {
    trainer:
        improvement_threshold: 0.8
        use_curriculum: True
        name: 'CurriculumTrainer'
        max_timesteps: 100
        hints: 'resources/craft/hints.indep.yaml'
    name: 'craft_indep_stepped'
    recipes: 'resources/craft/recipes.yaml'
    world:
        name: 'CraftWorld'
    model:
        use_args: False
        name: 'ModularACModel'
        max_subtask_timesteps: 100
        baseline: 'state'
    experiment_dir: 'experiments/craft_indep_stepped'
}
2016-10-28 08:18:41,767 INFO     [max steps] 1
2016-10-28 08:18:41,767 INFO     [min reward] inf
2016-10-28 08:18:41,767 INFO     
2016-10-28 08:19:15,230 INFO     [max steps] 2
