2017-08-18 16:33:35,226 INFO     BEGIN
2017-08-18 16:33:35,227 INFO     struct {
    trainer:
        improvement_threshold: 0.8
        use_curriculum: True
        name: 'CurriculumTrainer'
        max_timesteps: 100
        hints: 'resources/light/hints.indep.yaml'
    name: 'light_indep__4'
    recipes: 'resources/light/recipes.yaml'
    world:
        name: 'LightWorld'
    model:
        use_args: False
        seed: 4
        name: 'ModularACModel'
        max_subtask_timesteps: 100
        baseline: 'state'
    experiment_dir: 'experiments/light_indep__4'
}
2017-08-18 16:34:27,167 INFO     [max steps] 1
2017-08-18 16:42:28,236 INFO     [step] 50000
2017-08-18 16:42:28,236 INFO     [task] go[LL] 0.1 0.0
2017-08-18 16:42:28,236 INFO     [task] go[URU] 0.1 0.0
2017-08-18 16:42:28,236 INFO     [task] go[LLD] 0.1 0.0
2017-08-18 16:42:28,237 INFO     [task] go[LD] 0.1 0.00020475020475
2017-08-18 16:42:28,237 INFO     [task] go[UL] 0.1 0.000592183181998
2017-08-18 16:42:28,237 INFO     [task] go[DRU] 0.1 0.0492601246106
2017-08-18 16:42:28,237 INFO     [task] go[RD] 0.1 0.00550907977964
2017-08-18 16:42:28,237 INFO     [task] go[LUR] 0.1 0.0228930307942
2017-08-18 16:42:28,237 INFO     [task] go[RDD] 0.1 0.000201612903226
2017-08-18 16:42:28,237 INFO     [task] go[UR] 0.1 0.010422930447
2017-08-18 16:42:28,237 INFO     
2017-08-18 16:42:28,237 INFO     [rollout0] [0, 0, 2, 2, 0, 3, 0, 0, 0, 0, 4, 1, 2, 4, 4, 1, 1, 5]
2017-08-18 16:42:28,237 INFO     [rollout1] [2, 0, 0, 3, 2, 3, 3, 3, 3, 2, 3, 2, 3, 1, 0, 0, 1, 0, 1, 3, 0, 3, 0, 1, 1, 4, 0, 1, 0, 0, 1, 3, 0, 0, 0, 1, 3, 0, 3, 2, 0, 3, 0, 0, 1, 3, 0, 0, 0, 5]
2017-08-18 16:42:28,237 INFO     [rollout2] [0, 2, 0, 0, 0, 3, 3, 0, 2, 0, 3, 4, 2, 0, 0, 1, 0, 0, 0, 0, 4, 3, 1, 4, 4, 0, 1, 4, 4, 1, 3, 3, 4, 3, 3, 2, 0, 0, 0, 2, 3, 4, 3, 2, 0, 3, 1, 3, 3, 3, 1, 0, 2, 1, 4, 3, 0, 2, 2, 1, 0, 0, 4, 2, 4, 1, 1, 4, 3, 3, 3, 3, 0, 3, 3, 4, 1, 4, 0, 4, 1, 1, 4, 5]
2017-08-18 16:42:28,237 INFO     [reward] 0.009
2017-08-18 16:42:28,237 INFO     [error] [  9.70990882e-05   1.43642428e-04]
2017-08-18 16:42:28,238 INFO     
2017-08-18 16:42:28,238 INFO     [min reward] 0.0
2017-08-18 16:42:28,238 INFO     
2017-08-18 16:42:28,238 INFO     [max steps] 1
2017-08-18 16:49:40,936 INFO     [step] 100000
2017-08-18 16:49:40,936 INFO     [task] go[LL] 0.100889865716 0.0
2017-08-18 16:49:40,936 INFO     [task] go[URU] 0.100889865716 0.0
2017-08-18 16:49:40,936 INFO     [task] go[LLD] 0.100889865716 0.0
2017-08-18 16:49:40,936 INFO     [task] go[LD] 0.100869413022 0.000595829195631
2017-08-18 16:49:40,936 INFO     [task] go[UL] 0.100830711972 0.0
2017-08-18 16:49:40,936 INFO     [task] go[DRU] 0.0959692247685 0.0737259816207
2017-08-18 16:49:40,936 INFO     [task] go[RD] 0.100339558469 0.00567721005677
2017-08-18 16:49:40,937 INFO     [task] go[LUR] 0.0986030589809 0.0252606255012
2017-08-18 16:49:40,937 INFO     [task] go[RDD] 0.10086972641 0.0
2017-08-18 16:49:40,937 INFO     [task] go[UR] 0.0998487092279 0.0684440907282
2017-08-18 16:49:40,937 INFO     
2017-08-18 16:49:40,937 INFO     [rollout0] [2, 3, 3, 1, 3, 0, 1, 1, 0, 0, 1, 4, 0, 3, 3, 3, 3, 0, 1, 0, 3, 1, 3, 3, 1, 5]
2017-08-18 16:49:40,937 INFO     [rollout1] [4, 4, 4, 4, 0, 0, 4, 0, 3, 4, 3, 4, 4, 4, 0, 0, 0, 4, 4, 0, 0, 3, 0, 4, 0, 4, 3, 0, 0, 3, 0, 4, 4, 4, 0, 4, 0, 4, 3, 3, 3, 4, 0, 4, 4, 0, 4, 3, 4, 3, 0, 0, 0, 4, 4, 0, 0, 0, 4, 4, 4, 4, 4, 4, 4, 3, 0, 4, 3, 4, 4, 3, 4, 0, 0, 0, 0, 4, 0, 0, 0, 4, 4, 2, 0, 4, 4, 0, 4, 0, 1, 4, 0, 2, 4, 4, 4, 4, 3, 6]
2017-08-18 16:49:40,937 INFO     [rollout2] [2, 3, 4, 3, 3, 2, 0, 3, 1, 4, 0, 1, 3, 4, 1, 2, 3, 3, 4, 1, 0, 5]
2017-08-18 16:49:40,937 INFO     [reward] 0.01708
2017-08-18 16:49:40,937 INFO     [error] [  4.04957867e-06   2.09303460e-05]
2017-08-18 16:49:40,937 INFO     
2017-08-18 16:49:40,937 INFO     [min reward] 0.0
2017-08-18 16:49:40,937 INFO     
2017-08-18 16:49:40,937 INFO     [max steps] 1
2017-08-18 16:56:23,559 INFO     [step] 150000
2017-08-18 16:56:23,559 INFO     [task] go[LL] 0.101749935046 0.0
2017-08-18 16:56:23,559 INFO     [task] go[URU] 0.101749935046 0.0
2017-08-18 16:56:23,560 INFO     [task] go[LLD] 0.101749935046 0.0
2017-08-18 16:56:23,560 INFO     [task] go[LD] 0.101689909718 0.00321285140562
2017-08-18 16:56:23,560 INFO     [task] go[UL] 0.101749935046 0.0
2017-08-18 16:56:23,560 INFO     [task] go[DRU] 0.0943225946095 0.127107652399
2017-08-18 16:56:23,560 INFO     [task] go[RD] 0.101177998656 0.0
2017-08-18 16:56:23,560 INFO     [task] go[LUR] 0.0992051162305 0.0288902171747
2017-08-18 16:56:23,560 INFO     [task] go[RDD] 0.101749935046 0.0
2017-08-18 16:56:23,560 INFO     [task] go[UR] 0.0948547055553 0.0421052631579
2017-08-18 16:56:23,560 INFO     
2017-08-18 16:56:23,560 INFO     [rollout0] [0, 3, 0, 4, 1, 2, 4, 0, 3, 3, 2, 2, 0, 4, 1, 4, 2, 3, 3, 3, 3, 3, 0, 0, 2, 3, 0, 3, 0, 0, 2, 3, 4, 4, 0, 2, 4, 0, 0, 3, 2, 3, 0, 0, 4, 3, 4, 2, 0, 0, 3, 3, 4, 0, 4, 1, 4, 3, 4, 2, 5]
2017-08-18 16:56:23,560 INFO     [rollout1] [0, 1, 2, 3, 4, 3, 2, 1, 2, 2, 1, 2, 1, 2, 1, 2, 0, 0, 0, 3, 3, 2, 1, 1, 0, 0, 2, 0, 1, 0, 1, 1, 4, 2, 1, 4, 2, 1, 3, 4, 3, 2, 4, 4, 3, 1, 2, 3, 1, 4, 1, 0, 4, 3, 4, 2, 1, 2, 1, 0, 1, 0, 2, 0, 4, 1, 0, 3, 2, 4, 1, 0, 3, 1, 3, 4, 1, 4, 4, 2, 3, 3, 1, 2, 4, 1, 3, 2, 5]
2017-08-18 16:56:23,560 INFO     [rollout2] [1, 3, 2, 4, 4, 2, 3, 0, 3, 2, 4, 1, 1, 4, 4, 2, 2, 2, 4, 4, 2, 0, 2, 2, 4, 1, 4, 0, 4, 0, 1, 2, 4, 3, 1, 4, 2, 3, 3, 3, 3, 0, 3, 5]
2017-08-18 16:56:23,560 INFO     [reward] 0.01906
2017-08-18 16:56:23,560 INFO     [error] [  8.87782586e-06   1.94397023e-05]
2017-08-18 16:56:23,560 INFO     
2017-08-18 16:56:23,561 INFO     [min reward] 0.0
2017-08-18 16:56:23,561 INFO     
2017-08-18 16:56:23,561 INFO     [max steps] 1
2017-08-18 17:03:07,564 INFO     [step] 217100
2017-08-18 17:03:07,565 INFO     [task] go[LL] 0.102033765133 0.0001457938475
2017-08-18 17:03:07,565 INFO     [task] go[URU] 0.102033765133 0.0
2017-08-18 17:03:07,565 INFO     [task] go[LLD] 0.102033765133 0.0
2017-08-18 17:03:07,565 INFO     [task] go[LD] 0.101709191543 0.000596391829432
2017-08-18 17:03:07,565 INFO     [task] go[UL] 0.102033765133 0.0
2017-08-18 17:03:07,565 INFO     [task] go[DRU] 0.0891929014186 0.170090386196
2017-08-18 17:03:07,565 INFO     [task] go[RD] 0.102033765133 0.0
2017-08-18 17:03:07,565 INFO     [task] go[LUR] 0.0991151734163 0.0477881343394
2017-08-18 17:03:07,565 INFO     [task] go[RDD] 0.102033765133 0.0
2017-08-18 17:03:07,565 INFO     [task] go[UR] 0.0977801428241 0.148675547389
2017-08-18 17:03:07,565 INFO     
2017-08-18 17:03:07,565 INFO     [rollout0] [5]
2017-08-18 17:03:07,565 INFO     [rollout1] [5]
2017-08-18 17:03:07,565 INFO     [rollout2] [2, 3, 1, 1, 1, 0, 1, 0, 0, 0, 1, 1, 0, 0, 1, 4, 1, 0, 0, 5]
2017-08-18 17:03:07,565 INFO     [reward] 0.03478390462
2017-08-18 17:03:07,565 INFO     [error] [ -8.58920422e-06   1.71513544e-05]
2017-08-18 17:03:07,566 INFO     
2017-08-18 17:03:07,566 INFO     [min reward] 0.0
2017-08-18 17:03:07,566 INFO     
2017-08-18 17:03:07,566 INFO     [max steps] 1
2017-08-18 17:12:24,121 INFO     [step] 335900
2017-08-18 17:12:24,122 INFO     [task] go[LL] 0.103758855963 0.0
2017-08-18 17:12:24,122 INFO     [task] go[URU] 0.103773835752 0.0
2017-08-18 17:12:24,122 INFO     [task] go[LLD] 0.103773835752 0.0
2017-08-18 17:12:24,122 INFO     [task] go[LD] 0.103712558655 0.0
2017-08-18 17:12:24,122 INFO     [task] go[UL] 0.103773835752 0.0
2017-08-18 17:12:24,122 INFO     [task] go[DRU] 0.0862976656528 0.211516203704
2017-08-18 17:12:24,122 INFO     [task] go[RD] 0.103773835752 0.0
2017-08-18 17:12:24,122 INFO     [task] go[LUR] 0.0988637783223 0.066569192397
2017-08-18 17:12:24,122 INFO     [task] go[RDD] 0.103773835752 0.0
2017-08-18 17:12:24,122 INFO     [task] go[UR] 0.0884979626478 0.441493456505
2017-08-18 17:12:24,122 INFO     
2017-08-18 17:12:24,122 INFO     [rollout0] [4, 0, 4, 4, 2, 4, 0, 0, 0, 0, 0, 0, 0, 0, 0, 0, 3, 0, 3, 0, 0, 0, 0, 0, 0, 3, 0, 3, 5]
2017-08-18 17:12:24,122 INFO     [rollout1] [3, 2, 0, 5]
2017-08-18 17:12:24,122 INFO     [rollout2] [1, 5]
2017-08-18 17:12:24,122 INFO     [reward] 0.0635942760943
2017-08-18 17:12:24,122 INFO     [error] [ -1.20909726e-05   3.24305184e-05]
2017-08-18 17:12:24,123 INFO     
2017-08-18 17:12:24,123 INFO     [min reward] 0.0
2017-08-18 17:12:24,123 INFO     
2017-08-18 17:12:24,123 INFO     [max steps] 1
2017-08-18 17:22:43,931 INFO     [step] 485200
2017-08-18 17:22:43,931 INFO     [task] go[LL] 0.10767107192 0.0
2017-08-18 17:22:43,931 INFO     [task] go[URU] 0.10767107192 0.0
2017-08-18 17:22:43,931 INFO     [task] go[LLD] 0.10767107192 0.0
2017-08-18 17:22:43,931 INFO     [task] go[LD] 0.10767107192 0.0
2017-08-18 17:22:43,931 INFO     [task] go[UL] 0.10767107192 0.0
2017-08-18 17:22:43,931 INFO     [task] go[DRU] 0.0851223824336 0.272613654117
2017-08-18 17:22:43,931 INFO     [task] go[RD] 0.10767107192 0.0
2017-08-18 17:22:43,931 INFO     [task] go[LUR] 0.10057446172 0.06515131492
2017-08-18 17:22:43,931 INFO     [task] go[RDD] 0.10767107192 0.0
2017-08-18 17:22:43,931 INFO     [task] go[UR] 0.0606056524075 0.600802407222
2017-08-18 17:22:43,931 INFO     
2017-08-18 17:22:43,931 INFO     [rollout0] [1, 0, 4, 1, 1, 0, 4, 1, 0, 3, 3, 1, 0, 1, 2, 1, 0, 1, 1, 0, 1, 1, 1, 3, 2, 1, 1, 1, 2, 1, 5]
2017-08-18 17:22:43,931 INFO     [rollout1] [0, 2, 1, 5]
2017-08-18 17:22:43,931 INFO     [rollout2] [5]
2017-08-18 17:22:43,931 INFO     [reward] 0.0660884125921
2017-08-18 17:22:43,932 INFO     [error] [ -2.35099527e-05   3.58781139e-05]
2017-08-18 17:22:43,932 INFO     
2017-08-18 17:22:43,932 INFO     [min reward] 0.0
2017-08-18 17:22:43,932 INFO     
2017-08-18 17:22:43,932 INFO     [max steps] 1
2017-08-18 17:33:03,746 INFO     [step] 635100
2017-08-18 17:33:03,747 INFO     [task] go[LL] 0.110244766455 0.0
2017-08-18 17:33:03,747 INFO     [task] go[URU] 0.110244766455 0.0
2017-08-18 17:33:03,747 INFO     [task] go[LLD] 0.110244766455 0.0
2017-08-18 17:33:03,747 INFO     [task] go[LD] 0.110244766455 0.0
2017-08-18 17:33:03,747 INFO     [task] go[UL] 0.110244766455 0.0
2017-08-18 17:33:03,747 INFO     [task] go[DRU] 0.0804881044448 0.304894990602
2017-08-18 17:33:03,747 INFO     [task] go[RD] 0.110244766455 0.0
2017-08-18 17:33:03,747 INFO     [task] go[LUR] 0.103133289725 0.0681979941766
2017-08-18 17:33:03,747 INFO     [task] go[RDD] 0.110244766455 0.0
2017-08-18 17:33:03,747 INFO     [task] go[UR] 0.0446652406435 0.724300441826
2017-08-18 17:33:03,747 INFO     
2017-08-18 17:33:03,747 INFO     [rollout0] [0, 1, 0, 1, 1, 3, 5]
2017-08-18 17:33:03,747 INFO     [rollout1] [2, 2, 4, 0, 1, 0, 1, 5]
2017-08-18 17:33:03,747 INFO     [rollout2] [5]
2017-08-18 17:33:03,747 INFO     [reward] 0.0647298198799
2017-08-18 17:33:03,747 INFO     [error] [ -2.77547835e-05   2.83793701e-05]
2017-08-18 17:33:03,748 INFO     
2017-08-18 17:33:03,748 INFO     [min reward] 0.0
2017-08-18 17:33:03,748 INFO     
2017-08-18 17:33:03,748 INFO     [max steps] 1
2017-08-18 17:43:26,565 INFO     [step] 785000
2017-08-18 17:43:26,565 INFO     [task] go[LL] 0.112189729915 0.0
2017-08-18 17:43:26,565 INFO     [task] go[URU] 0.112189729915 0.0
2017-08-18 17:43:26,565 INFO     [task] go[LLD] 0.112189729915 0.0
2017-08-18 17:43:26,565 INFO     [task] go[LD] 0.112189729915 0.00011862396204
2017-08-18 17:43:26,565 INFO     [task] go[UL] 0.112189729915 0.0
2017-08-18 17:43:26,565 INFO     [task] go[DRU] 0.0783223173921 0.30762631895
2017-08-18 17:43:26,565 INFO     [task] go[RD] 0.112189729915 5.96196267811e-05
2017-08-18 17:43:26,565 INFO     [task] go[LUR] 0.104614368977 0.0686089040232
2017-08-18 17:43:26,565 INFO     [task] go[RDD] 0.112189729915 0.0
2017-08-18 17:43:26,565 INFO     [task] go[UR] 0.0317352042261 0.793343164104
2017-08-18 17:43:26,565 INFO     
2017-08-18 17:43:26,565 INFO     [rollout0] [5]
2017-08-18 17:43:26,565 INFO     [rollout1] [0, 0, 0, 0, 0, 0, 3, 3, 3, 3, 5]
2017-08-18 17:43:26,565 INFO     [rollout2] [2, 5]
2017-08-18 17:43:26,565 INFO     [reward] 0.0563242161441
2017-08-18 17:43:26,565 INFO     [error] [ -7.75115514e-06   3.38025420e-05]
2017-08-18 17:43:26,566 INFO     
2017-08-18 17:43:26,566 INFO     [min reward] 0.0
2017-08-18 17:43:26,566 INFO     
2017-08-18 17:43:26,566 INFO     [max steps] 1
2017-08-18 17:53:42,672 INFO     [step] 936700
2017-08-18 17:53:42,672 INFO     [task] go[LL] 0.113098821413 0.0
2017-08-18 17:53:42,672 INFO     [task] go[URU] 0.113098821413 0.0
2017-08-18 17:53:42,672 INFO     [task] go[LLD] 0.113098821413 0.0
2017-08-18 17:53:42,672 INFO     [task] go[LD] 0.113085538016 0.00017548990933
2017-08-18 17:53:42,672 INFO     [task] go[UL] 0.113098821413 0.0
2017-08-18 17:53:42,672 INFO     [task] go[DRU] 0.0786511242753 0.303604358759
2017-08-18 17:53:42,672 INFO     [task] go[RD] 0.113092145265 0.0
2017-08-18 17:53:42,672 INFO     [task] go[LUR] 0.105416062815 0.0625657528312
2017-08-18 17:53:42,672 INFO     [task] go[RDD] 0.113098821413 0.0
2017-08-18 17:53:42,672 INFO     [task] go[UR] 0.0242610225652 0.807185957213
2017-08-18 17:53:42,672 INFO     
2017-08-18 17:53:42,672 INFO     [rollout0] [4, 4, 1, 5]
2017-08-18 17:53:42,673 INFO     [rollout1] [0, 0, 1, 0, 2, 3, 0, 3, 3, 0, 0, 4, 1, 0, 3, 1, 1, 0, 3, 0, 4, 1, 0, 3, 0, 0, 2, 1, 1, 1, 0, 4, 0, 1, 0, 1, 3, 3, 4, 5]
2017-08-18 17:53:42,673 INFO     [rollout2] [0, 2, 3, 2, 4, 3, 0, 3, 2, 4, 1, 4, 3, 2, 1, 2, 1, 1, 5]
2017-08-18 17:53:42,673 INFO     [reward] 0.0499604482531
2017-08-18 17:53:42,673 INFO     [error] [ -1.42565587e-05   1.94996231e-05]
2017-08-18 17:53:42,673 INFO     
2017-08-18 17:53:42,673 INFO     [min reward] 0.0
2017-08-18 17:53:42,673 INFO     
2017-08-18 17:53:42,673 INFO     [max steps] 1
2017-08-18 18:04:06,692 INFO     [step] 1090300
2017-08-18 18:04:06,692 INFO     [task] go[LL] 0.113146649948 0.0
2017-08-18 18:04:06,692 INFO     [task] go[URU] 0.113146649948 0.0
2017-08-18 18:04:06,692 INFO     [task] go[LLD] 0.113146649948 0.0
2017-08-18 18:04:06,692 INFO     [task] go[LD] 0.113126990448 0.000172107165395
2017-08-18 18:04:06,692 INFO     [task] go[UL] 0.113146649948 0.0
2017-08-18 18:04:06,693 INFO     [task] go[DRU] 0.079134950836 0.297114591921
2017-08-18 18:04:06,693 INFO     [task] go[RD] 0.113146649948 0.0
2017-08-18 18:04:06,693 INFO     [task] go[LUR] 0.106137634766 0.0642726719416
2017-08-18 18:04:06,693 INFO     [task] go[RDD] 0.113146649948 0.0
2017-08-18 18:04:06,693 INFO     [task] go[UR] 0.0227205242611 0.826441467676
2017-08-18 18:04:06,693 INFO     
2017-08-18 18:04:06,693 INFO     [rollout0] [5]
2017-08-18 18:04:06,693 INFO     [rollout1] [5]
2017-08-18 18:04:06,693 INFO     [rollout2] [2, 5]
2017-08-18 18:04:06,693 INFO     [reward] 0.0488346354167
2017-08-18 18:04:06,693 INFO     [error] [  5.22801163e-06   1.69889663e-05]
2017-08-18 18:04:06,693 INFO     
2017-08-18 18:04:06,693 INFO     [min reward] 0.0
2017-08-18 18:04:06,693 INFO     
2017-08-18 18:04:06,693 INFO     [max steps] 1
2017-08-18 18:14:31,663 INFO     [step] 1244600
2017-08-18 18:14:31,663 INFO     [task] go[LL] 0.113330351779 0.0
2017-08-18 18:14:31,663 INFO     [task] go[URU] 0.113330351779 0.0
2017-08-18 18:14:31,663 INFO     [task] go[LLD] 0.113330351779 0.0
2017-08-18 18:14:31,663 INFO     [task] go[LD] 0.113311039931 0.000113875761544
2017-08-18 18:14:31,663 INFO     [task] go[UL] 0.113330351779 0.0
2017-08-18 18:14:31,663 INFO     [task] go[DRU] 0.0799916376984 0.302176903779
2017-08-18 18:14:31,663 INFO     [task] go[RD] 0.113330351779 5.68763508133e-05
2017-08-18 18:14:31,663 INFO     [task] go[LUR] 0.10611842651 0.0664845173042
2017-08-18 18:14:31,663 INFO     [task] go[RDD] 0.113330351779 0.0
2017-08-18 18:14:31,663 INFO     [task] go[UR] 0.0205967851883 0.836195508587
2017-08-18 18:14:31,664 INFO     
2017-08-18 18:14:31,664 INFO     [rollout0] [5]
2017-08-18 18:14:31,664 INFO     [rollout1] [5]
2017-08-18 18:14:31,664 INFO     [rollout2] [3, 1, 0, 3, 3, 3, 4, 3, 3, 4, 1, 0, 1, 1, 2, 2, 0, 1, 4, 5]
2017-08-18 18:14:31,664 INFO     [reward] 0.0477252106286
2017-08-18 18:14:31,664 INFO     [error] [ -2.15583719e-05   1.91124908e-05]
2017-08-18 18:14:31,664 INFO     
2017-08-18 18:14:31,664 INFO     [min reward] 0.0
2017-08-18 18:14:31,664 INFO     
2017-08-18 18:14:31,664 INFO     [max steps] 1
2017-08-18 18:24:57,195 INFO     [step] 1400400
2017-08-18 18:24:57,195 INFO     [task] go[LL] 0.113547289847 0.0
2017-08-18 18:24:57,196 INFO     [task] go[URU] 0.113547289847 0.0
2017-08-18 18:24:57,196 INFO     [task] go[LLD] 0.113547289847 0.0
2017-08-18 18:24:57,196 INFO     [task] go[LD] 0.113534487586 0.000114155251142
2017-08-18 18:24:57,196 INFO     [task] go[UL] 0.113547289847 0.0
2017-08-18 18:24:57,196 INFO     [task] go[DRU] 0.0795756378883 0.314650614171
2017-08-18 18:24:57,196 INFO     [task] go[RD] 0.113540895634 0.0
2017-08-18 18:24:57,196 INFO     [task] go[LUR] 0.106072897019 0.0649019488798
2017-08-18 18:24:57,196 INFO     [task] go[RDD] 0.113547289847 0.0
2017-08-18 18:24:57,196 INFO     [task] go[UR] 0.0195396326369 0.850667494567
2017-08-18 18:24:57,196 INFO     
2017-08-18 18:24:57,196 INFO     [rollout0] [4, 3, 2, 3, 0, 5]
2017-08-18 18:24:57,196 INFO     [rollout1] [3, 0, 4, 2, 2, 1, 1, 4, 1, 4, 2, 3, 2, 3, 1, 4, 3, 3, 4, 2, 3, 2, 1, 4, 3, 1, 0, 5]
2017-08-18 18:24:57,196 INFO     [rollout2] [4, 0, 0, 1, 3, 2, 1, 4, 2, 4, 4, 2, 3, 2, 4, 2, 5]
2017-08-18 18:24:57,196 INFO     [reward] 0.0492875481386
2017-08-18 18:24:57,196 INFO     [error] [  8.37484860e-06   1.07214369e-05]
2017-08-18 18:24:57,196 INFO     
2017-08-18 18:24:57,197 INFO     [min reward] 0.0
2017-08-18 18:24:57,197 INFO     
2017-08-18 18:24:57,197 INFO     [max steps] 1
2017-08-18 18:35:21,890 INFO     [step] 1552700
2017-08-18 18:35:21,891 INFO     [task] go[LL] 0.113871257862 0.0
2017-08-18 18:35:21,891 INFO     [task] go[URU] 0.113871257862 0.0
2017-08-18 18:35:21,891 INFO     [task] go[LLD] 0.113871257862 0.0
2017-08-18 18:35:21,891 INFO     [task] go[LD] 0.113858387563 0.000584692743963
2017-08-18 18:35:21,891 INFO     [task] go[UL] 0.113871257862 0.0
2017-08-18 18:35:21,891 INFO     [task] go[DRU] 0.0783963457606 0.315588723051
2017-08-18 18:35:21,891 INFO     [task] go[RD] 0.113871257862 0.0
2017-08-18 18:35:21,891 INFO     [task] go[LUR] 0.106553964242 0.067891812687
2017-08-18 18:35:21,891 INFO     [task] go[RDD] 0.113871257862 0.0
2017-08-18 18:35:21,891 INFO     [task] go[UR] 0.0179637552594 0.86169442433
2017-08-18 18:35:21,891 INFO     
2017-08-18 18:35:21,891 INFO     [rollout0] [3, 1, 5]
2017-08-18 18:35:21,891 INFO     [rollout1] [3, 0, 4, 4, 4, 4, 3, 1, 0, 2, 2, 3, 3, 1, 1, 0, 1, 1, 5]
2017-08-18 18:35:21,891 INFO     [rollout2] [0, 0, 3, 0, 1, 1, 0, 5]
2017-08-18 18:35:21,891 INFO     [reward] 0.0479842416284
2017-08-18 18:35:21,891 INFO     [error] [  3.18514739e-06   1.78693612e-05]
2017-08-18 18:35:21,892 INFO     
2017-08-18 18:35:21,892 INFO     [min reward] 0.0
2017-08-18 18:35:21,892 INFO     
2017-08-18 18:35:21,892 INFO     [max steps] 1
2017-08-18 18:45:49,470 INFO     [step] 1706300
2017-08-18 18:45:49,470 INFO     [task] go[LL] 0.114069638997 0.0
2017-08-18 18:45:49,471 INFO     [task] go[URU] 0.114069638997 0.0
2017-08-18 18:45:49,471 INFO     [task] go[LLD] 0.114069638997 0.0
2017-08-18 18:45:49,471 INFO     [task] go[LD] 0.114003603661 0.000170979140545
2017-08-18 18:45:49,471 INFO     [task] go[UL] 0.114069638997 0.0
2017-08-18 18:45:49,471 INFO     [task] go[DRU] 0.0784269739379 0.315589353612
2017-08-18 18:45:49,471 INFO     [task] go[RD] 0.114069638997 0.0
2017-08-18 18:45:49,471 INFO     [task] go[LUR] 0.106401921607 0.0701191284489
2017-08-18 18:45:49,471 INFO     [task] go[RDD] 0.114069638997 0.0
2017-08-18 18:45:49,471 INFO     [task] go[UR] 0.0167496668099 0.866123399302
2017-08-18 18:45:49,471 INFO     
2017-08-18 18:45:49,471 INFO     [rollout0] [4, 1, 2, 1, 1, 2, 4, 4, 5]
2017-08-18 18:45:49,471 INFO     [rollout1] [1, 2, 0, 1, 4, 5]
2017-08-18 18:45:49,471 INFO     [rollout2] [1, 1, 4, 2, 1, 3, 1, 0, 4, 1, 5]
2017-08-18 18:45:49,471 INFO     [reward] 0.0462630208333
2017-08-18 18:45:49,471 INFO     [error] [ -2.86842219e-05   2.65247841e-05]
2017-08-18 18:45:49,472 INFO     
2017-08-18 18:45:49,472 INFO     [min reward] 0.0
2017-08-18 18:45:49,472 INFO     
2017-08-18 18:45:49,472 INFO     [max steps] 1
2017-08-18 18:56:16,776 INFO     [step] 1858700
2017-08-18 18:56:16,776 INFO     [task] go[LL] 0.11415012732 0.0
2017-08-18 18:56:16,776 INFO     [task] go[URU] 0.11415012732 0.0
2017-08-18 18:56:16,776 INFO     [task] go[LLD] 0.11415012732 0.0
2017-08-18 18:56:16,776 INFO     [task] go[LD] 0.11413080327 0.000173782077275
2017-08-18 18:56:16,777 INFO     [task] go[UL] 0.11415012732 0.0
2017-08-18 18:56:16,777 INFO     [task] go[DRU] 0.0784822412846 0.311864128651
2017-08-18 18:56:16,777 INFO     [task] go[RD] 0.11415012732 0.0
2017-08-18 18:56:16,777 INFO     [task] go[LUR] 0.106225268468 0.0655284961085
2017-08-18 18:56:16,777 INFO     [task] go[RDD] 0.11415012732 0.0
2017-08-18 18:56:16,777 INFO     [task] go[UR] 0.0162609230575 0.86612244898
2017-08-18 18:56:16,777 INFO     
2017-08-18 18:56:16,777 INFO     [rollout0] [1, 4, 2, 3, 0, 2, 0, 1, 3, 1, 1, 1, 5]
2017-08-18 18:56:16,777 INFO     [rollout1] [2, 0, 3, 1, 0, 4, 0, 0, 1, 1, 2, 0, 2, 2, 5]
2017-08-18 18:56:16,777 INFO     [rollout2] [2, 3, 2, 1, 1, 1, 1, 3, 2, 1, 3, 1, 5]
2017-08-18 18:56:16,777 INFO     [reward] 0.0457349081365
2017-08-18 18:56:16,777 INFO     [error] [  5.35230637e-07   1.00338412e-05]
2017-08-18 18:56:16,777 INFO     
2017-08-18 18:56:16,777 INFO     [min reward] 0.0
2017-08-18 18:56:16,777 INFO     
2017-08-18 18:56:16,778 INFO     [max steps] 1
2017-08-18 19:06:44,609 INFO     [step] 2010500
2017-08-18 19:06:44,609 INFO     [task] go[LL] 0.11404296705 5.78001271603e-05
2017-08-18 19:06:44,610 INFO     [task] go[URU] 0.11404296705 0.0
2017-08-18 19:06:44,610 INFO     [task] go[LLD] 0.11404296705 0.0
2017-08-18 19:06:44,610 INFO     [task] go[LD] 0.11402334465 0.000463741232392
2017-08-18 19:06:44,610 INFO     [task] go[UL] 0.11404296705 5.7823522609e-05
2017-08-18 19:06:44,610 INFO     [task] go[DRU] 0.0788291942303 0.311083437111
2017-08-18 19:06:44,610 INFO     [task] go[RD] 0.11404296705 0.0
2017-08-18 19:06:44,610 INFO     [task] go[LUR] 0.106643893661 0.0673591242692
2017-08-18 19:06:44,610 INFO     [task] go[RDD] 0.11404296705 0.0
2017-08-18 19:06:44,610 INFO     [task] go[UR] 0.0162457651587 0.861287758347
2017-08-18 19:06:44,610 INFO     
2017-08-18 19:06:44,610 INFO     [rollout0] [5]
2017-08-18 19:06:44,610 INFO     [rollout1] [4, 2, 2, 0, 4, 0, 3, 4, 2, 2, 3, 0, 0, 4, 4, 0, 0, 0, 3, 3, 2, 5]
2017-08-18 19:06:44,610 INFO     [rollout2] [2, 5]
2017-08-18 19:06:44,610 INFO     [reward] 0.0461594202899
2017-08-18 19:06:44,610 INFO     [error] [ -8.16663530e-06   2.21358952e-05]
2017-08-18 19:06:44,610 INFO     
2017-08-18 19:06:44,611 INFO     [min reward] 0.0
2017-08-18 19:06:44,611 INFO     
2017-08-18 19:06:44,611 INFO     [max steps] 1
2017-08-18 19:17:06,538 INFO     [step] 2161600
2017-08-18 19:17:06,538 INFO     [task] go[LL] 0.11399294602 0.0
2017-08-18 19:17:06,544 INFO     [task] go[URU] 0.113999469964 0.0
2017-08-18 19:17:06,544 INFO     [task] go[LLD] 0.113999469964 0.0
2017-08-18 19:17:06,544 INFO     [task] go[LD] 0.113947127138 0.000115881569036
2017-08-18 19:17:06,544 INFO     [task] go[UL] 0.113992943379 0.0
2017-08-18 19:17:06,544 INFO     [task] go[DRU] 0.0788872452658 0.315074274139
2017-08-18 19:17:06,544 INFO     [task] go[RD] 0.113999469964 0.0
2017-08-18 19:17:06,544 INFO     [task] go[LUR] 0.106396594257 0.0705597616979
2017-08-18 19:17:06,544 INFO     [task] go[RDD] 0.113999469964 0.0
2017-08-18 19:17:06,544 INFO     [task] go[UR] 0.0167852640848 0.866927592955
2017-08-18 19:17:06,544 INFO     
2017-08-18 19:17:06,544 INFO     [rollout0] [2, 5]
2017-08-18 19:17:06,544 INFO     [rollout1] [0, 4, 2, 1, 1, 1, 0, 5]
2017-08-18 19:17:06,544 INFO     [rollout2] [4, 3, 3, 3, 2, 2, 1, 2, 2, 2, 5]
2017-08-18 19:17:06,544 INFO     [reward] 0.0469027134348
2017-08-18 19:17:06,544 INFO     [error] [ -1.18335181e-05   1.30669132e-05]
2017-08-18 19:17:06,545 INFO     
2017-08-18 19:17:06,545 INFO     [min reward] 0.0
2017-08-18 19:17:06,545 INFO     
2017-08-18 19:17:06,545 INFO     [max steps] 1
2017-08-18 19:27:34,610 INFO     [step] 2315300
2017-08-18 19:27:34,610 INFO     [task] go[LL] 0.114158831803 0.0
2017-08-18 19:27:34,611 INFO     [task] go[URU] 0.114158831803 0.0
2017-08-18 19:27:34,611 INFO     [task] go[LLD] 0.114158831803 0.0
2017-08-18 19:27:34,611 INFO     [task] go[LD] 0.114145733878 0.000283366392746
2017-08-18 19:27:34,611 INFO     [task] go[UL] 0.114158831803 0.0
2017-08-18 19:27:34,611 INFO     [task] go[DRU] 0.0785464446079 0.315986990243
2017-08-18 19:27:34,611 INFO     [task] go[RD] 0.114158831803 0.0
2017-08-18 19:27:34,611 INFO     [task] go[LUR] 0.106183564508 0.0667891031527
2017-08-18 19:27:34,611 INFO     [task] go[RDD] 0.114158831803 0.0
2017-08-18 19:27:34,611 INFO     [task] go[UR] 0.0161712661896 0.868945868946
2017-08-18 19:27:34,611 INFO     
2017-08-18 19:27:34,611 INFO     [rollout0] [5]
2017-08-18 19:27:34,611 INFO     [rollout1] [1, 3, 4, 3, 1, 1, 5]
2017-08-18 19:27:34,611 INFO     [rollout2] [0, 1, 3, 5]
2017-08-18 19:27:34,611 INFO     [reward] 0.0456733897202
2017-08-18 19:27:34,611 INFO     [error] [  8.13461405e-06   2.00132374e-05]
2017-08-18 19:27:34,612 INFO     
2017-08-18 19:27:34,612 INFO     [min reward] 0.0
2017-08-18 19:27:34,612 INFO     
2017-08-18 19:27:34,612 INFO     [max steps] 1
2017-08-18 19:38:14,902 INFO     [step] 2472200
2017-08-18 19:38:14,902 INFO     [task] go[LL] 0.114150159163 0.0
2017-08-18 19:38:14,902 INFO     [task] go[URU] 0.114150159163 0.0
2017-08-18 19:38:14,902 INFO     [task] go[LLD] 0.114150159163 0.0
2017-08-18 19:38:14,902 INFO     [task] go[LD] 0.114118133105 0.000338638672536
2017-08-18 19:38:14,902 INFO     [task] go[UL] 0.114150159163 0.0
2017-08-18 19:38:14,902 INFO     [task] go[DRU] 0.0784373223021 0.320905349794
2017-08-18 19:38:14,902 INFO     [task] go[RD] 0.114150159163 0.0
2017-08-18 19:38:14,902 INFO     [task] go[LUR] 0.106601657425 0.0674157303371
2017-08-18 19:38:14,902 INFO     [task] go[RDD] 0.114150159163 0.0
2017-08-18 19:38:14,902 INFO     [task] go[UR] 0.0159419321886 0.876513317191
2017-08-18 19:38:14,902 INFO     
2017-08-18 19:38:14,902 INFO     [rollout0] [4, 0, 3, 4, 3, 4, 3, 3, 3, 3, 3, 1, 5]
2017-08-18 19:38:14,903 INFO     [rollout1] [5]
2017-08-18 19:38:14,903 INFO     [rollout2] [1, 4, 1, 2, 4, 5]
2017-08-18 19:38:14,903 INFO     [reward] 0.0460356915233
2017-08-18 19:38:14,903 INFO     [error] [ -2.20116802e-05   3.86743080e-05]
2017-08-18 19:38:14,903 INFO     
2017-08-18 19:38:14,903 INFO     [min reward] 0.0
2017-08-18 19:38:14,903 INFO     
2017-08-18 19:38:14,903 INFO     [max steps] 1
2017-08-18 19:48:55,868 INFO     [step] 2624300
2017-08-18 19:48:55,868 INFO     [task] go[LL] 0.114320292193 0.0
2017-08-18 19:48:55,868 INFO     [task] go[URU] 0.114320292193 0.0
2017-08-18 19:48:55,868 INFO     [task] go[LLD] 0.114320292193 0.0
2017-08-18 19:48:55,868 INFO     [task] go[LD] 0.114281962221 0.000113147770989
2017-08-18 19:48:55,868 INFO     [task] go[UL] 0.114320292193 0.0
2017-08-18 19:48:55,868 INFO     [task] go[DRU] 0.0779975264952 0.312216814902
2017-08-18 19:48:55,868 INFO     [task] go[RD] 0.114320292193 5.76003686424e-05
2017-08-18 19:48:55,868 INFO     [task] go[LUR] 0.106689612994 0.0677182820876
2017-08-18 19:48:55,868 INFO     [task] go[RDD] 0.114320292193 0.0
2017-08-18 19:48:55,868 INFO     [task] go[UR] 0.0151091451313 0.862829943747
2017-08-18 19:48:55,868 INFO     
2017-08-18 19:48:55,868 INFO     [rollout0] [3, 5]
2017-08-18 19:48:55,869 INFO     [rollout1] [5]
2017-08-18 19:48:55,869 INFO     [rollout2] [1, 5]
2017-08-18 19:48:55,869 INFO     [reward] 0.0448191978961
2017-08-18 19:48:55,869 INFO     [error] [ -6.42443812e-06   1.32413970e-05]
2017-08-18 19:48:55,869 INFO     
2017-08-18 19:48:55,869 INFO     [min reward] 0.0
2017-08-18 19:48:55,869 INFO     
2017-08-18 19:48:55,869 INFO     [max steps] 1
2017-08-18 19:59:31,244 INFO     [step] 2776500
2017-08-18 19:59:31,244 INFO     [task] go[LL] 0.11403327061 0.0
2017-08-18 19:59:31,244 INFO     [task] go[URU] 0.11403327061 0.0
2017-08-18 19:59:31,244 INFO     [task] go[LLD] 0.11403327061 0.0
2017-08-18 19:59:31,244 INFO     [task] go[LD] 0.114020495749 0.000114764445975
2017-08-18 19:59:31,244 INFO     [task] go[UL] 0.11403327061 0.0
2017-08-18 19:59:31,244 INFO     [task] go[DRU] 0.0787826720531 0.31429762401
2017-08-18 19:59:31,244 INFO     [task] go[RD] 0.114026767285 0.0
2017-08-18 19:59:31,244 INFO     [task] go[LUR] 0.106387590228 0.0700304480209
2017-08-18 19:59:31,245 INFO     [task] go[RDD] 0.11403327061 0.0
2017-08-18 19:59:31,245 INFO     [task] go[UR] 0.0166161216341 0.886120996441
2017-08-18 19:59:31,245 INFO     
2017-08-18 19:59:31,245 INFO     [rollout0] [4, 5]
2017-08-18 19:59:31,245 INFO     [rollout1] [5]
2017-08-18 19:59:31,245 INFO     [rollout2] [5]
2017-08-18 19:59:31,245 INFO     [reward] 0.0469119579501
2017-08-18 19:59:31,245 INFO     [error] [ -3.39146657e-06   1.41055130e-05]
2017-08-18 19:59:31,245 INFO     
2017-08-18 19:59:31,245 INFO     [min reward] 0.0
2017-08-18 19:59:31,245 INFO     
2017-08-18 19:59:31,245 INFO     [max steps] 1
2017-08-18 20:09:57,257 INFO     [step] 2922800
2017-08-18 20:09:57,258 INFO     [task] go[LL] 0.114390090249 0.0
2017-08-18 20:09:57,258 INFO     [task] go[URU] 0.114390090249 0.0
2017-08-18 20:09:57,258 INFO     [task] go[LLD] 0.114390090249 0.0
2017-08-18 20:09:57,258 INFO     [task] go[LD] 0.114377092313 0.0001800180018
2017-08-18 20:09:57,258 INFO     [task] go[UL] 0.114390090249 0.0
2017-08-18 20:09:57,258 INFO     [task] go[DRU] 0.0787935223524 0.314339655024
2017-08-18 20:09:57,258 INFO     [task] go[RD] 0.114390090249 5.93965312426e-05
2017-08-18 20:09:57,258 INFO     [task] go[LUR] 0.106458615725 0.0709352610857
2017-08-18 20:09:57,258 INFO     [task] go[RDD] 0.114390090249 0.0
2017-08-18 20:09:57,258 INFO     [task] go[UR] 0.0140302281159 0.892873997168
2017-08-18 20:09:57,258 INFO     
2017-08-18 20:09:57,258 INFO     [rollout0] [0, 3, 2, 5]
2017-08-18 20:09:57,258 INFO     [rollout1] [3, 5]
2017-08-18 20:09:57,258 INFO     [rollout2] [2, 5]
2017-08-18 20:09:57,258 INFO     [reward] 0.0455092276145
2017-08-18 20:09:57,258 INFO     [error] [ -1.30735191e-05   1.22117594e-05]
2017-08-18 20:09:57,259 INFO     
2017-08-18 20:09:57,259 INFO     [min reward] 0.0
2017-08-18 20:09:57,259 INFO     
2017-08-18 20:09:57,259 INFO     [max steps] 1
2017-08-18 20:20:32,878 INFO     [step] 3073700
2017-08-18 20:20:32,879 INFO     [task] go[LL] 0.114491550697 0.0
2017-08-18 20:20:32,879 INFO     [task] go[URU] 0.114491550697 0.0
2017-08-18 20:20:32,879 INFO     [task] go[LLD] 0.114491550697 0.0
2017-08-18 20:20:32,879 INFO     [task] go[LD] 0.114471144222 0.000229318351201
2017-08-18 20:20:32,879 INFO     [task] go[UL] 0.114491550697 0.0
2017-08-18 20:20:32,879 INFO     [task] go[DRU] 0.078858645203 0.31628409847
2017-08-18 20:20:32,879 INFO     [task] go[RD] 0.114484817627 0.0
2017-08-18 20:20:32,879 INFO     [task] go[LUR] 0.106450473429 0.0687698734335
2017-08-18 20:20:32,879 INFO     [task] go[RDD] 0.114491550697 0.0
2017-08-18 20:20:32,879 INFO     [task] go[UR] 0.0132771660309 0.882181110029
2017-08-18 20:20:32,879 INFO     
2017-08-18 20:20:32,879 INFO     [rollout0] [5]
2017-08-18 20:20:32,879 INFO     [rollout1] [3, 0, 2, 3, 0, 1, 1, 2, 2, 2, 0, 3, 2, 5]
2017-08-18 20:20:32,879 INFO     [rollout2] [1, 5]
2017-08-18 20:20:32,879 INFO     [reward] 0.0445460569914
2017-08-18 20:20:32,879 INFO     [error] [ -2.84800639e-05   2.62440025e-05]
2017-08-18 20:20:32,880 INFO     
2017-08-18 20:20:32,880 INFO     [min reward] 0.0
2017-08-18 20:20:32,880 INFO     
