2016-10-24 21:55:05,492 INFO     BEGIN
2016-10-24 21:55:05,492 INFO     struct {
    trainer:
        improvement_threshold: 0.8
        name: 'CurriculumTrainer'
        max_timesteps: 100
        hints: 'resources/craft/hints.yaml'
    name: 'craft_modular_state-baseline'
    recipes: 'resources/craft/recipes.yaml'
    world:
        name: 'CraftWorld'
    model:
        use_args: False
        name: 'ModularACModel'
        max_subtask_timesteps: 15
        baseline: 'state'
    experiment_dir: 'experiments/craft_modular_state-baseline'
}
2016-10-24 21:56:00,456 INFO     [max steps] 1
2016-10-24 21:56:00,456 INFO     [min reward] inf
2016-10-24 21:56:00,456 INFO     
2016-10-24 21:56:28,002 INFO     [max steps] 2
2016-10-24 21:56:37,923 INFO     [step] 100
2016-10-24 21:56:37,923 INFO     [task] make[cloth] 0.25 0.0
2016-10-24 21:56:37,923 INFO     [task] make[stick] 0.25 0.0
2016-10-24 21:56:37,923 INFO     [task] make[plank] 0.25 0.0
2016-10-24 21:56:37,923 INFO     [task] make[rope] 0.25 0.0
2016-10-24 21:56:37,923 INFO     
2016-10-24 21:56:37,923 INFO     [rollout0] [2, 3, 3, 2, 1, 3, 1, 4, 4, 1, 3, 2, 2, 4, 6, 0, 0, 0, 4, 3, 4, 4, 3, 2, 3, 0, 2, 0, 4, 6]
2016-10-24 21:56:37,924 INFO     [rollout1] [1, 3, 0, 1, 0, 0, 0, 1, 1, 2, 1, 3, 0, 4, 6, 0, 3, 2, 2, 0, 0, 3, 4, 1, 3, 4, 4, 0, 0, 6]
2016-10-24 21:56:37,924 INFO     [rollout2] [2, 0, 2, 2, 2, 1, 1, 2, 1, 1, 2, 2, 0, 2, 6, 0, 3, 4, 2, 4, 0, 2, 0, 2, 0, 0, 2, 1, 0, 6]
2016-10-24 21:56:37,924 INFO     [reward] 0.0
2016-10-24 21:56:37,924 INFO     [error] [-0.04268339  0.05232489]
2016-10-24 21:56:37,924 INFO     
2016-10-24 21:56:37,924 INFO     [min reward] 0.0
2016-10-24 21:56:37,924 INFO     
2016-10-24 21:56:37,924 INFO     [max steps] 2
2016-10-24 21:56:38,854 INFO     [step] 200
2016-10-24 21:56:38,854 INFO     [task] make[cloth] 0.25 0.0
2016-10-24 21:56:38,854 INFO     [task] make[stick] 0.25 0.047619047619
2016-10-24 21:56:38,854 INFO     [task] make[plank] 0.25 0.0
2016-10-24 21:56:38,854 INFO     [task] make[rope] 0.25 0.0
2016-10-24 21:56:38,854 INFO     
2016-10-24 21:56:38,854 INFO     [rollout0] [2, 0, 1, 3, 0, 0, 3, 3, 0, 2, 4, 0, 0, 0, 6, 1, 4, 4, 0, 4, 1, 2, 4, 3, 1, 0, 1, 0, 1, 6]
2016-10-24 21:56:38,854 INFO     [rollout1] [2, 2, 0, 1, 3, 3, 1, 4, 3, 0, 2, 1, 1, 3, 6, 4, 0, 0, 3, 3, 1, 3, 2, 0, 0, 0, 5]
2016-10-24 21:56:38,854 INFO     [rollout2] [3, 3, 1, 3, 2, 3, 0, 1, 1, 2, 2, 4, 0, 1, 6, 4, 1, 2, 1, 0, 0, 2, 0, 2, 3, 1, 1, 2, 4, 6]
2016-10-24 21:56:38,854 INFO     [reward] 0.01
2016-10-24 21:56:38,855 INFO     [error] [-0.08724223  0.05549024]
2016-10-24 21:56:38,855 INFO     
2016-10-24 21:56:38,855 INFO     [min reward] 0.0
2016-10-24 21:56:38,855 INFO     
